[2024-09-03T08:03:37.671+0000] {local_task_job_runner.py:123} INFO - ::group::Pre task execution logs
[2024-09-03T08:03:37.691+0000] {taskinstance.py:2603} INFO - Dependencies all met for dep_context=non-requeueable deps ti=<TaskInstance: dag_with_postgres_operator_v3.delete_data_from_table scheduled__2024-09-02T00:00:00+00:00 [queued]>
[2024-09-03T08:03:37.700+0000] {taskinstance.py:2603} INFO - Dependencies all met for dep_context=requeueable deps ti=<TaskInstance: dag_with_postgres_operator_v3.delete_data_from_table scheduled__2024-09-02T00:00:00+00:00 [queued]>
[2024-09-03T08:03:37.701+0000] {taskinstance.py:2856} INFO - Starting attempt 2 of 7
[2024-09-03T08:03:37.715+0000] {taskinstance.py:2879} INFO - Executing <Task(PostgresOperator): delete_data_from_table> on 2024-09-02 00:00:00+00:00
[2024-09-03T08:03:37.724+0000] {standard_task_runner.py:104} INFO - Running: ['***', 'tasks', 'run', 'dag_with_postgres_operator_v3', 'delete_data_from_table', 'scheduled__2024-09-02T00:00:00+00:00', '--job-id', '469', '--raw', '--subdir', 'DAGS_FOLDER/postgres_operator_dag.py', '--cfg-path', '/tmp/tmpf79greci']
[2024-09-03T08:03:37.726+0000] {logging_mixin.py:190} WARNING - /home/***/.local/lib/python3.12/site-packages/***/task/task_runner/standard_task_runner.py:70 DeprecationWarning: This process (pid=29086) is multi-threaded, use of fork() may lead to deadlocks in the child.
[2024-09-03T08:03:37.726+0000] {standard_task_runner.py:105} INFO - Job 469: Subtask delete_data_from_table
[2024-09-03T08:03:37.726+0000] {standard_task_runner.py:72} INFO - Started process 29087 to run task
[2024-09-03T08:03:37.774+0000] {task_command.py:467} INFO - Running <TaskInstance: dag_with_postgres_operator_v3.delete_data_from_table scheduled__2024-09-02T00:00:00+00:00 [running]> on host efc48c282cbe
[2024-09-03T08:03:37.858+0000] {taskinstance.py:3122} INFO - Exporting env vars: AIRFLOW_CTX_DAG_OWNER='ubeyd' AIRFLOW_CTX_DAG_ID='dag_with_postgres_operator_v3' AIRFLOW_CTX_TASK_ID='delete_data_from_table' AIRFLOW_CTX_EXECUTION_DATE='2024-09-02T00:00:00+00:00' AIRFLOW_CTX_TRY_NUMBER='2' AIRFLOW_CTX_DAG_RUN_ID='scheduled__2024-09-02T00:00:00+00:00'
[2024-09-03T08:03:37.859+0000] {taskinstance.py:731} INFO - ::endgroup::
[2024-09-03T08:03:37.872+0000] {sql.py:282} INFO - Executing: 
            delete from dag_runs where dt = '2024-09-02' and dag_id = 'dag_with_postgres_operator_v3'
        
[2024-09-03T08:03:37.882+0000] {base.py:84} INFO - Retrieving connection 'postgres_localhost'
[2024-09-03T08:03:37.890+0000] {base.py:84} INFO - Retrieving connection 'postgres_localhost'
[2024-09-03T08:03:37.900+0000] {sql.py:509} INFO - Running statement: 
            delete from dag_runs where dt = '2024-09-02' and dag_id = 'dag_with_postgres_operator_v3'
        , parameters: None
[2024-09-03T08:03:37.903+0000] {sql.py:518} INFO - Rows affected: 0
[2024-09-03T08:03:37.914+0000] {taskinstance.py:340} INFO - ::group::Post task execution logs
[2024-09-03T08:03:37.914+0000] {taskinstance.py:352} INFO - Marking task as SUCCESS. dag_id=dag_with_postgres_operator_v3, task_id=delete_data_from_table, run_id=scheduled__2024-09-02T00:00:00+00:00, execution_date=20240902T000000, start_date=20240903T080337, end_date=20240903T080337
[2024-09-03T08:03:37.942+0000] {local_task_job_runner.py:261} INFO - Task exited with return code 0
[2024-09-03T08:03:37.953+0000] {logging_mixin.py:190} WARNING - /home/***/.local/lib/python3.12/site-packages/***/models/baseoperator.py:1378 AirflowProviderDeprecationWarning: Call to deprecated class PostgresOperator. (Please use `***.providers.common.sql.operators.sql.SQLExecuteQueryOperator`.Also, you can provide `hook_params={'schema': <database>}`.)
[2024-09-03T08:03:37.964+0000] {taskinstance.py:3891} INFO - 1 downstream tasks scheduled from follow-on schedule check
[2024-09-03T08:03:37.968+0000] {local_task_job_runner.py:240} INFO - ::endgroup::
