[2024-08-29T01:49:53.565+0000] {local_task_job_runner.py:123} INFO - ::group::Pre task execution logs
[2024-08-29T01:49:53.612+0000] {taskinstance.py:2603} INFO - Dependencies all met for dep_context=non-requeueable deps ti=<TaskInstance: example_bash_operator.this_will_skip scheduled__2024-08-28T00:00:00+00:00 [queued]>
[2024-08-29T01:49:53.633+0000] {taskinstance.py:2603} INFO - Dependencies all met for dep_context=requeueable deps ti=<TaskInstance: example_bash_operator.this_will_skip scheduled__2024-08-28T00:00:00+00:00 [queued]>
[2024-08-29T01:49:53.635+0000] {taskinstance.py:2856} INFO - Starting attempt 1 of 1
[2024-08-29T01:49:53.690+0000] {taskinstance.py:2879} INFO - Executing <Task(BashOperator): this_will_skip> on 2024-08-28 00:00:00+00:00
[2024-08-29T01:49:53.708+0000] {standard_task_runner.py:104} INFO - Running: ['***', 'tasks', 'run', 'example_bash_operator', 'this_will_skip', 'scheduled__2024-08-28T00:00:00+00:00', '--job-id', '7', '--raw', '--subdir', '/home/***/.local/lib/python3.12/site-packages/***/example_dags/example_bash_operator.py', '--cfg-path', '/tmp/tmp_4_5udha']
[2024-08-29T01:49:53.709+0000] {logging_mixin.py:190} WARNING - /home/***/.local/lib/python3.12/site-packages/***/task/task_runner/standard_task_runner.py:70 DeprecationWarning: This process (pid=2355) is multi-threaded, use of fork() may lead to deadlocks in the child.
[2024-08-29T01:49:53.711+0000] {standard_task_runner.py:105} INFO - Job 7: Subtask this_will_skip
[2024-08-29T01:49:53.712+0000] {standard_task_runner.py:72} INFO - Started process 2396 to run task
[2024-08-29T01:49:53.868+0000] {task_command.py:467} INFO - Running <TaskInstance: example_bash_operator.this_will_skip scheduled__2024-08-28T00:00:00+00:00 [running]> on host 3c7bc7321ad5
[2024-08-29T01:49:54.095+0000] {taskinstance.py:3122} INFO - Exporting env vars: AIRFLOW_CTX_DAG_OWNER='***' AIRFLOW_CTX_DAG_ID='example_bash_operator' AIRFLOW_CTX_TASK_ID='this_will_skip' AIRFLOW_CTX_EXECUTION_DATE='2024-08-28T00:00:00+00:00' AIRFLOW_CTX_TRY_NUMBER='1' AIRFLOW_CTX_DAG_RUN_ID='scheduled__2024-08-28T00:00:00+00:00'
[2024-08-29T01:49:54.098+0000] {logging_mixin.py:190} INFO - Task instance is in running state
[2024-08-29T01:49:54.099+0000] {logging_mixin.py:190} INFO -  Previous state of the Task instance: queued
[2024-08-29T01:49:54.100+0000] {logging_mixin.py:190} INFO - Current task name:this_will_skip state:running start_date:2024-08-29 01:49:53.614250+00:00
[2024-08-29T01:49:54.102+0000] {logging_mixin.py:190} INFO - Dag name:example_bash_operator and current dag run status:running
[2024-08-29T01:49:54.103+0000] {taskinstance.py:731} INFO - ::endgroup::
[2024-08-29T01:49:54.104+0000] {subprocess.py:63} INFO - Tmp dir root location: /tmp
[2024-08-29T01:49:54.106+0000] {subprocess.py:75} INFO - Running command: ['/usr/bin/bash', '-c', 'echo "hello world"; exit 99;']
[2024-08-29T01:49:54.146+0000] {subprocess.py:86} INFO - Output:
[2024-08-29T01:49:54.149+0000] {subprocess.py:93} INFO - hello world
[2024-08-29T01:49:54.152+0000] {subprocess.py:97} INFO - Command exited with return code 99
[2024-08-29T01:49:54.155+0000] {taskinstance.py:301} INFO - Bash command returned exit code 99. Skipping.
[2024-08-29T01:49:54.214+0000] {taskinstance.py:340} INFO - ::group::Post task execution logs
[2024-08-29T01:49:54.216+0000] {taskinstance.py:352} INFO - Marking task as SKIPPED. dag_id=example_bash_operator, task_id=this_will_skip, run_id=scheduled__2024-08-28T00:00:00+00:00, execution_date=20240828T000000, start_date=20240829T014953, end_date=20240829T014954
[2024-08-29T01:49:54.299+0000] {local_task_job_runner.py:261} INFO - Task exited with return code 0
[2024-08-29T01:49:54.331+0000] {taskinstance.py:3891} INFO - 0 downstream tasks scheduled from follow-on schedule check
[2024-08-29T01:49:54.339+0000] {local_task_job_runner.py:240} INFO - ::endgroup::
