[2024-09-13T03:55:40.614+0000] {local_task_job_runner.py:123} INFO - ::group::Pre task execution logs
[2024-09-13T03:55:40.688+0000] {taskinstance.py:2603} INFO - Dependencies all met for dep_context=non-requeueable deps ti=<TaskInstance: dag_with_postgres_operator_v3.delete_data_from_table scheduled__2024-09-09T00:00:00+00:00 [queued]>
[2024-09-13T03:55:40.709+0000] {taskinstance.py:2603} INFO - Dependencies all met for dep_context=requeueable deps ti=<TaskInstance: dag_with_postgres_operator_v3.delete_data_from_table scheduled__2024-09-09T00:00:00+00:00 [queued]>
[2024-09-13T03:55:40.711+0000] {taskinstance.py:2856} INFO - Starting attempt 1 of 6
[2024-09-13T03:55:40.879+0000] {taskinstance.py:2879} INFO - Executing <Task(PostgresOperator): delete_data_from_table> on 2024-09-09 00:00:00+00:00
[2024-09-13T03:55:41.078+0000] {standard_task_runner.py:104} INFO - Running: ['***', 'tasks', 'run', 'dag_with_postgres_operator_v3', 'delete_data_from_table', 'scheduled__2024-09-09T00:00:00+00:00', '--job-id', '542', '--raw', '--subdir', 'DAGS_FOLDER/postgres_operator_dag.py', '--cfg-path', '/tmp/tmpyxinxi3e']
[2024-09-13T03:55:41.148+0000] {standard_task_runner.py:105} INFO - Job 542: Subtask delete_data_from_table
[2024-09-13T03:55:40.975+0000] {logging_mixin.py:190} WARNING - /home/***/.local/lib/python3.12/site-packages/***/task/task_runner/standard_task_runner.py:70 DeprecationWarning: This process (pid=358) is multi-threaded, use of fork() may lead to deadlocks in the child.
[2024-09-13T03:55:41.179+0000] {standard_task_runner.py:72} INFO - Started process 397 to run task
[2024-09-13T03:55:42.013+0000] {task_command.py:467} INFO - Running <TaskInstance: dag_with_postgres_operator_v3.delete_data_from_table scheduled__2024-09-09T00:00:00+00:00 [running]> on host 01a3c7586b71
[2024-09-13T03:55:42.405+0000] {taskinstance.py:3122} INFO - Exporting env vars: AIRFLOW_CTX_DAG_OWNER='ubeyd' AIRFLOW_CTX_DAG_ID='dag_with_postgres_operator_v3' AIRFLOW_CTX_TASK_ID='delete_data_from_table' AIRFLOW_CTX_EXECUTION_DATE='2024-09-09T00:00:00+00:00' AIRFLOW_CTX_TRY_NUMBER='1' AIRFLOW_CTX_DAG_RUN_ID='scheduled__2024-09-09T00:00:00+00:00'
[2024-09-13T03:55:42.418+0000] {taskinstance.py:731} INFO - ::endgroup::
[2024-09-13T03:55:42.466+0000] {sql.py:282} INFO - Executing: 
            delete from dag_runs where dt = '2024-09-09' and dag_id = 'dag_with_postgres_operator_v3'
        
[2024-09-13T03:55:42.494+0000] {base.py:84} INFO - Retrieving connection 'postgres_localhost'
[2024-09-13T03:55:42.530+0000] {base.py:84} INFO - Retrieving connection 'postgres_localhost'
[2024-09-13T03:55:42.582+0000] {sql.py:509} INFO - Running statement: 
            delete from dag_runs where dt = '2024-09-09' and dag_id = 'dag_with_postgres_operator_v3'
        , parameters: None
[2024-09-13T03:55:42.600+0000] {sql.py:518} INFO - Rows affected: 0
[2024-09-13T03:55:42.636+0000] {taskinstance.py:340} INFO - ::group::Post task execution logs
[2024-09-13T03:55:42.637+0000] {taskinstance.py:352} INFO - Marking task as SUCCESS. dag_id=dag_with_postgres_operator_v3, task_id=delete_data_from_table, run_id=scheduled__2024-09-09T00:00:00+00:00, execution_date=20240909T000000, start_date=20240913T035540, end_date=20240913T035542
[2024-09-13T03:55:42.717+0000] {local_task_job_runner.py:261} INFO - Task exited with return code 0
[2024-09-13T03:55:42.757+0000] {logging_mixin.py:190} WARNING - /home/***/.local/lib/python3.12/site-packages/***/models/baseoperator.py:1378 AirflowProviderDeprecationWarning: Call to deprecated class PostgresOperator. (Please use `***.providers.common.sql.operators.sql.SQLExecuteQueryOperator`.Also, you can provide `hook_params={'schema': <database>}`.)
[2024-09-13T03:55:42.781+0000] {taskinstance.py:3891} INFO - 1 downstream tasks scheduled from follow-on schedule check
[2024-09-13T03:55:42.787+0000] {local_task_job_runner.py:240} INFO - ::endgroup::
