[2024-08-30T06:13:01.050+0000] {local_task_job_runner.py:123} INFO - ::group::Pre task execution logs
[2024-08-30T06:13:01.068+0000] {taskinstance.py:2603} INFO - Dependencies all met for dep_context=non-requeueable deps ti=<TaskInstance: my_first_dag.first_task manual__2024-08-30T06:12:59.918234+00:00 [queued]>
[2024-08-30T06:13:01.076+0000] {taskinstance.py:2603} INFO - Dependencies all met for dep_context=requeueable deps ti=<TaskInstance: my_first_dag.first_task manual__2024-08-30T06:12:59.918234+00:00 [queued]>
[2024-08-30T06:13:01.077+0000] {taskinstance.py:2856} INFO - Starting attempt 1 of 6
[2024-08-30T06:13:01.092+0000] {taskinstance.py:2879} INFO - Executing <Task(BashOperator): first_task> on 2024-08-30 06:12:59.918234+00:00
[2024-08-30T06:13:01.100+0000] {logging_mixin.py:190} WARNING - /home/***/.local/lib/python3.12/site-packages/***/task/task_runner/standard_task_runner.py:70 DeprecationWarning: This process (pid=589) is multi-threaded, use of fork() may lead to deadlocks in the child.
[2024-08-30T06:13:01.102+0000] {standard_task_runner.py:72} INFO - Started process 590 to run task
[2024-08-30T06:13:01.101+0000] {standard_task_runner.py:104} INFO - Running: ['***', 'tasks', 'run', 'my_first_dag', 'first_task', 'manual__2024-08-30T06:12:59.918234+00:00', '--job-id', '3', '--raw', '--subdir', 'DAGS_FOLDER/my_first_dag.py', '--cfg-path', '/tmp/tmpivsva889']
[2024-08-30T06:13:01.102+0000] {standard_task_runner.py:105} INFO - Job 3: Subtask first_task
[2024-08-30T06:13:01.156+0000] {task_command.py:467} INFO - Running <TaskInstance: my_first_dag.first_task manual__2024-08-30T06:12:59.918234+00:00 [running]> on host efc48c282cbe
[2024-08-30T06:13:01.246+0000] {taskinstance.py:3122} INFO - Exporting env vars: AIRFLOW_CTX_DAG_OWNER='ubeyd' AIRFLOW_CTX_DAG_ID='my_first_dag' AIRFLOW_CTX_TASK_ID='first_task' AIRFLOW_CTX_EXECUTION_DATE='2024-08-30T06:12:59.918234+00:00' AIRFLOW_CTX_TRY_NUMBER='1' AIRFLOW_CTX_DAG_RUN_ID='manual__2024-08-30T06:12:59.918234+00:00'
[2024-08-30T06:13:01.247+0000] {taskinstance.py:731} INFO - ::endgroup::
[2024-08-30T06:13:01.294+0000] {subprocess.py:63} INFO - Tmp dir root location: /tmp
[2024-08-30T06:13:01.296+0000] {subprocess.py:75} INFO - Running command: ['/usr/bin/bash', '-c', 'echo hello world, this is the first task']
[2024-08-30T06:13:01.309+0000] {subprocess.py:86} INFO - Output:
[2024-08-30T06:13:01.310+0000] {subprocess.py:93} INFO - hello world, this is the first task
[2024-08-30T06:13:01.311+0000] {subprocess.py:97} INFO - Command exited with return code 0
[2024-08-30T06:13:01.345+0000] {taskinstance.py:340} INFO - ::group::Post task execution logs
[2024-08-30T06:13:01.346+0000] {taskinstance.py:352} INFO - Marking task as SUCCESS. dag_id=my_first_dag, task_id=first_task, run_id=manual__2024-08-30T06:12:59.918234+00:00, execution_date=20240830T061259, start_date=20240830T061301, end_date=20240830T061301
[2024-08-30T06:13:01.397+0000] {local_task_job_runner.py:261} INFO - Task exited with return code 0
[2024-08-30T06:13:01.417+0000] {taskinstance.py:3891} INFO - 0 downstream tasks scheduled from follow-on schedule check
[2024-08-30T06:13:01.420+0000] {local_task_job_runner.py:240} INFO - ::endgroup::
