[2024-08-29T01:49:56.201+0000] {local_task_job_runner.py:123} INFO - ::group::Pre task execution logs
[2024-08-29T01:49:56.220+0000] {taskinstance.py:2603} INFO - Dependencies all met for dep_context=non-requeueable deps ti=<TaskInstance: example_bash_operator.run_after_loop manual__2024-08-29T01:49:47+00:00 [queued]>
[2024-08-29T01:49:56.229+0000] {taskinstance.py:2603} INFO - Dependencies all met for dep_context=requeueable deps ti=<TaskInstance: example_bash_operator.run_after_loop manual__2024-08-29T01:49:47+00:00 [queued]>
[2024-08-29T01:49:56.229+0000] {taskinstance.py:2856} INFO - Starting attempt 1 of 1
[2024-08-29T01:49:56.246+0000] {taskinstance.py:2879} INFO - Executing <Task(BashOperator): run_after_loop> on 2024-08-29 01:49:47+00:00
[2024-08-29T01:49:56.255+0000] {logging_mixin.py:190} WARNING - /home/***/.local/lib/python3.12/site-packages/***/task/task_runner/standard_task_runner.py:70 DeprecationWarning: This process (pid=2502) is multi-threaded, use of fork() may lead to deadlocks in the child.
[2024-08-29T01:49:56.255+0000] {standard_task_runner.py:104} INFO - Running: ['***', 'tasks', 'run', 'example_bash_operator', 'run_after_loop', 'manual__2024-08-29T01:49:47+00:00', '--job-id', '14', '--raw', '--subdir', '/home/***/.local/lib/python3.12/site-packages/***/example_dags/example_bash_operator.py', '--cfg-path', '/tmp/tmpkz1bs9_4']
[2024-08-29T01:49:56.256+0000] {standard_task_runner.py:72} INFO - Started process 2505 to run task
[2024-08-29T01:49:56.256+0000] {standard_task_runner.py:105} INFO - Job 14: Subtask run_after_loop
[2024-08-29T01:49:56.302+0000] {task_command.py:467} INFO - Running <TaskInstance: example_bash_operator.run_after_loop manual__2024-08-29T01:49:47+00:00 [running]> on host 3c7bc7321ad5
[2024-08-29T01:49:56.378+0000] {taskinstance.py:3122} INFO - Exporting env vars: AIRFLOW_CTX_DAG_OWNER='***' AIRFLOW_CTX_DAG_ID='example_bash_operator' AIRFLOW_CTX_TASK_ID='run_after_loop' AIRFLOW_CTX_EXECUTION_DATE='2024-08-29T01:49:47+00:00' AIRFLOW_CTX_TRY_NUMBER='1' AIRFLOW_CTX_DAG_RUN_ID='manual__2024-08-29T01:49:47+00:00'
[2024-08-29T01:49:56.379+0000] {logging_mixin.py:190} INFO - Task instance is in running state
[2024-08-29T01:49:56.380+0000] {logging_mixin.py:190} INFO -  Previous state of the Task instance: queued
[2024-08-29T01:49:56.380+0000] {logging_mixin.py:190} INFO - Current task name:run_after_loop state:running start_date:2024-08-29 01:49:56.220789+00:00
[2024-08-29T01:49:56.381+0000] {logging_mixin.py:190} INFO - Dag name:example_bash_operator and current dag run status:running
[2024-08-29T01:49:56.381+0000] {taskinstance.py:731} INFO - ::endgroup::
[2024-08-29T01:49:56.382+0000] {subprocess.py:63} INFO - Tmp dir root location: /tmp
[2024-08-29T01:49:56.382+0000] {subprocess.py:75} INFO - Running command: ['/usr/bin/bash', '-c', 'echo https://***.apache.org/']
[2024-08-29T01:49:56.393+0000] {subprocess.py:86} INFO - Output:
[2024-08-29T01:49:56.395+0000] {subprocess.py:93} INFO - https://***.apache.org/
[2024-08-29T01:49:56.395+0000] {subprocess.py:97} INFO - Command exited with return code 0
[2024-08-29T01:49:56.421+0000] {taskinstance.py:340} INFO - ::group::Post task execution logs
[2024-08-29T01:49:56.421+0000] {taskinstance.py:352} INFO - Marking task as SUCCESS. dag_id=example_bash_operator, task_id=run_after_loop, run_id=manual__2024-08-29T01:49:47+00:00, execution_date=20240829T014947, start_date=20240829T014956, end_date=20240829T014956
[2024-08-29T01:49:56.431+0000] {logging_mixin.py:190} INFO - Task instance in success state
[2024-08-29T01:49:56.432+0000] {logging_mixin.py:190} INFO -  Previous state of the Task instance: running
[2024-08-29T01:49:56.432+0000] {logging_mixin.py:190} INFO - Dag name:example_bash_operator queued_at:2024-08-29 01:49:51.053934+00:00
[2024-08-29T01:49:56.433+0000] {logging_mixin.py:190} INFO - Task hostname:3c7bc7321ad5 operator:BashOperator
[2024-08-29T01:49:56.470+0000] {local_task_job_runner.py:261} INFO - Task exited with return code 0
[2024-08-29T01:49:56.488+0000] {taskinstance.py:3891} INFO - 0 downstream tasks scheduled from follow-on schedule check
[2024-08-29T01:49:56.491+0000] {local_task_job_runner.py:240} INFO - ::endgroup::
