[2024-09-14T11:52:49.587+0000] {local_task_job_runner.py:123} INFO - ::group::Pre task execution logs
[2024-09-14T11:52:49.612+0000] {taskinstance.py:2603} INFO - Dependencies all met for dep_context=non-requeueable deps ti=<TaskInstance: dag_with_minio_s3_v1.sensor_minio_s3 manual__2024-09-14T10:50:29.788388+00:00 [queued]>
[2024-09-14T11:52:49.626+0000] {taskinstance.py:2603} INFO - Dependencies all met for dep_context=requeueable deps ti=<TaskInstance: dag_with_minio_s3_v1.sensor_minio_s3 manual__2024-09-14T10:50:29.788388+00:00 [queued]>
[2024-09-14T11:52:49.628+0000] {taskinstance.py:2856} INFO - Starting attempt 7 of 12
[2024-09-14T11:52:49.876+0000] {taskinstance.py:2879} INFO - Executing <Task(S3KeySensor): sensor_minio_s3> on 2024-09-14 10:50:29.788388+00:00
[2024-09-14T11:52:49.890+0000] {logging_mixin.py:190} WARNING - /home/***/.local/lib/python3.12/site-packages/***/task/task_runner/standard_task_runner.py:70 DeprecationWarning: This process (pid=53044) is multi-threaded, use of fork() may lead to deadlocks in the child.
[2024-09-14T11:52:49.889+0000] {standard_task_runner.py:104} INFO - Running: ['***', 'tasks', 'run', 'dag_with_minio_s3_v1', 'sensor_minio_s3', 'manual__2024-09-14T10:50:29.788388+00:00', '--job-id', '716', '--raw', '--subdir', 'DAGS_FOLDER/minio_s3_dag.py', '--cfg-path', '/tmp/tmp4shunw0w']
[2024-09-14T11:52:49.892+0000] {standard_task_runner.py:72} INFO - Started process 53059 to run task
[2024-09-14T11:52:49.892+0000] {standard_task_runner.py:105} INFO - Job 716: Subtask sensor_minio_s3
[2024-09-14T11:52:49.964+0000] {task_command.py:467} INFO - Running <TaskInstance: dag_with_minio_s3_v1.sensor_minio_s3 manual__2024-09-14T10:50:29.788388+00:00 [running]> on host 01a3c7586b71
[2024-09-14T11:52:50.070+0000] {taskinstance.py:3122} INFO - Exporting env vars: AIRFLOW_CTX_DAG_OWNER='ubeyd' AIRFLOW_CTX_DAG_ID='dag_with_minio_s3_v1' AIRFLOW_CTX_TASK_ID='sensor_minio_s3' AIRFLOW_CTX_EXECUTION_DATE='2024-09-14T10:50:29.788388+00:00' AIRFLOW_CTX_TRY_NUMBER='7' AIRFLOW_CTX_DAG_RUN_ID='manual__2024-09-14T10:50:29.788388+00:00'
[2024-09-14T11:52:50.071+0000] {taskinstance.py:731} INFO - ::endgroup::
[2024-09-14T11:52:50.093+0000] {baseoperator.py:405} WARNING - S3KeySensor.execute cannot be called outside TaskInstance!
[2024-09-14T11:52:50.094+0000] {s3.py:118} INFO - Poking for key : s3://***/data.csv
[2024-09-14T11:52:50.112+0000] {base.py:84} INFO - Retrieving connection 'minio_conn'
[2024-09-14T11:52:50.113+0000] {connection_wrapper.py:388} INFO - AWS Connection (conn_id='minio_conn', conn_type='aws') credentials retrieved from login and password.
[2024-09-14T11:52:50.116+0000] {logging_mixin.py:190} WARNING - <string>:9 AirflowProviderDeprecationWarning: extra['host'] is deprecated and will be removed in a future release. Please set extra['endpoint_url'] instead
[2024-09-14T11:52:50.603+0000] {base.py:336} INFO - Success criteria met. Exiting.
[2024-09-14T11:52:50.616+0000] {taskinstance.py:340} INFO - ::group::Post task execution logs
[2024-09-14T11:52:50.617+0000] {taskinstance.py:352} INFO - Marking task as SUCCESS. dag_id=dag_with_minio_s3_v1, task_id=sensor_minio_s3, run_id=manual__2024-09-14T10:50:29.788388+00:00, execution_date=20240914T105029, start_date=20240914T115249, end_date=20240914T115250
[2024-09-14T11:52:50.673+0000] {local_task_job_runner.py:261} INFO - Task exited with return code 0
[2024-09-14T11:52:50.696+0000] {taskinstance.py:3891} INFO - 0 downstream tasks scheduled from follow-on schedule check
[2024-09-14T11:52:50.700+0000] {local_task_job_runner.py:240} INFO - ::endgroup::
