[2024-09-14T12:34:42.359+0000] {local_task_job_runner.py:123} INFO - ::group::Pre task execution logs
[2024-09-14T12:34:42.381+0000] {taskinstance.py:2603} INFO - Dependencies all met for dep_context=non-requeueable deps ti=<TaskInstance: dag_with_minio_s3_v1.sensor_minio_s3 manual__2024-09-14T12:34:40.839439+00:00 [queued]>
[2024-09-14T12:34:42.395+0000] {taskinstance.py:2603} INFO - Dependencies all met for dep_context=requeueable deps ti=<TaskInstance: dag_with_minio_s3_v1.sensor_minio_s3 manual__2024-09-14T12:34:40.839439+00:00 [queued]>
[2024-09-14T12:34:42.396+0000] {taskinstance.py:2856} INFO - Starting attempt 1 of 6
[2024-09-14T12:34:42.630+0000] {taskinstance.py:2879} INFO - Executing <Task(S3KeySensor): sensor_minio_s3> on 2024-09-14 12:34:40.839439+00:00
[2024-09-14T12:34:42.645+0000] {logging_mixin.py:190} WARNING - /home/***/.local/lib/python3.12/site-packages/***/task/task_runner/standard_task_runner.py:70 DeprecationWarning: This process (pid=56894) is multi-threaded, use of fork() may lead to deadlocks in the child.
[2024-09-14T12:34:42.645+0000] {standard_task_runner.py:104} INFO - Running: ['***', 'tasks', 'run', 'dag_with_minio_s3_v1', 'sensor_minio_s3', 'manual__2024-09-14T12:34:40.839439+00:00', '--job-id', '730', '--raw', '--subdir', 'DAGS_FOLDER/minio_s3_dag.py', '--cfg-path', '/tmp/tmpy26ehx6v']
[2024-09-14T12:34:42.646+0000] {standard_task_runner.py:72} INFO - Started process 56895 to run task
[2024-09-14T12:34:42.647+0000] {standard_task_runner.py:105} INFO - Job 730: Subtask sensor_minio_s3
[2024-09-14T12:34:42.709+0000] {task_command.py:467} INFO - Running <TaskInstance: dag_with_minio_s3_v1.sensor_minio_s3 manual__2024-09-14T12:34:40.839439+00:00 [running]> on host 01a3c7586b71
[2024-09-14T12:34:42.829+0000] {taskinstance.py:3122} INFO - Exporting env vars: AIRFLOW_CTX_DAG_OWNER='ubeyd' AIRFLOW_CTX_DAG_ID='dag_with_minio_s3_v1' AIRFLOW_CTX_TASK_ID='sensor_minio_s3' AIRFLOW_CTX_EXECUTION_DATE='2024-09-14T12:34:40.839439+00:00' AIRFLOW_CTX_TRY_NUMBER='1' AIRFLOW_CTX_DAG_RUN_ID='manual__2024-09-14T12:34:40.839439+00:00'
[2024-09-14T12:34:42.831+0000] {taskinstance.py:731} INFO - ::endgroup::
[2024-09-14T12:34:42.852+0000] {baseoperator.py:405} WARNING - S3KeySensor.execute cannot be called outside TaskInstance!
[2024-09-14T12:34:42.854+0000] {s3.py:118} INFO - Poking for key : s3://***/data.csv
[2024-09-14T12:34:42.868+0000] {base.py:84} INFO - Retrieving connection 'minio_conn'
[2024-09-14T12:34:42.869+0000] {connection_wrapper.py:388} INFO - AWS Connection (conn_id='minio_conn', conn_type='aws') credentials retrieved from login and password.
[2024-09-14T12:34:42.871+0000] {logging_mixin.py:190} WARNING - <string>:9 AirflowProviderDeprecationWarning: extra['host'] is deprecated and will be removed in a future release. Please set extra['endpoint_url'] instead
[2024-09-14T12:34:43.331+0000] {base.py:336} INFO - Success criteria met. Exiting.
[2024-09-14T12:34:43.345+0000] {taskinstance.py:340} INFO - ::group::Post task execution logs
[2024-09-14T12:34:43.346+0000] {taskinstance.py:352} INFO - Marking task as SUCCESS. dag_id=dag_with_minio_s3_v1, task_id=sensor_minio_s3, run_id=manual__2024-09-14T12:34:40.839439+00:00, execution_date=20240914T123440, start_date=20240914T123442, end_date=20240914T123443
[2024-09-14T12:34:43.385+0000] {local_task_job_runner.py:261} INFO - Task exited with return code 0
[2024-09-14T12:34:43.407+0000] {taskinstance.py:3891} INFO - 0 downstream tasks scheduled from follow-on schedule check
[2024-09-14T12:34:43.411+0000] {local_task_job_runner.py:240} INFO - ::endgroup::
