[2024-09-02T06:29:06.374+0000] {processor.py:186} INFO - Started process (PID=173) to work on /opt/airflow/dags/cek.py
[2024-09-02T06:29:06.375+0000] {processor.py:914} INFO - Processing file /opt/airflow/dags/cek.py for tasks to queue
[2024-09-02T06:29:06.377+0000] {logging_mixin.py:190} INFO - [2024-09-02T06:29:06.376+0000] {dagbag.py:587} INFO - Filling up the DagBag from /opt/airflow/dags/cek.py
[2024-09-02T06:29:06.397+0000] {processor.py:925} INFO - DAG(s) 'dag_with_taskflow_api_v01_coder2j' retrieved from /opt/airflow/dags/cek.py
[2024-09-02T06:29:06.431+0000] {logging_mixin.py:190} INFO - [2024-09-02T06:29:06.431+0000] {dag.py:3211} INFO - Sync 1 DAGs
[2024-09-02T06:29:06.456+0000] {logging_mixin.py:190} INFO - [2024-09-02T06:29:06.456+0000] {dag.py:4138} INFO - Setting next_dagrun for dag_with_taskflow_api_v01_coder2j to 2024-08-30 00:00:00+00:00, run_after=2024-08-31 00:00:00+00:00
[2024-09-02T06:29:06.477+0000] {processor.py:208} INFO - Processing /opt/airflow/dags/cek.py took 0.109 seconds
[2024-09-02T06:29:36.905+0000] {processor.py:186} INFO - Started process (PID=199) to work on /opt/airflow/dags/cek.py
[2024-09-02T06:29:36.906+0000] {processor.py:914} INFO - Processing file /opt/airflow/dags/cek.py for tasks to queue
[2024-09-02T06:29:36.909+0000] {logging_mixin.py:190} INFO - [2024-09-02T06:29:36.908+0000] {dagbag.py:587} INFO - Filling up the DagBag from /opt/airflow/dags/cek.py
[2024-09-02T06:29:36.928+0000] {processor.py:925} INFO - DAG(s) 'dag_with_taskflow_api_v01_coder2j' retrieved from /opt/airflow/dags/cek.py
[2024-09-02T06:29:36.954+0000] {logging_mixin.py:190} INFO - [2024-09-02T06:29:36.954+0000] {dag.py:3211} INFO - Sync 1 DAGs
[2024-09-02T06:29:36.979+0000] {logging_mixin.py:190} INFO - [2024-09-02T06:29:36.979+0000] {dag.py:4138} INFO - Setting next_dagrun for dag_with_taskflow_api_v01_coder2j to 2024-08-30 00:00:00+00:00, run_after=2024-08-31 00:00:00+00:00
[2024-09-02T06:29:36.999+0000] {processor.py:208} INFO - Processing /opt/airflow/dags/cek.py took 0.101 seconds
[2024-09-02T06:30:07.442+0000] {processor.py:186} INFO - Started process (PID=225) to work on /opt/airflow/dags/cek.py
[2024-09-02T06:30:07.443+0000] {processor.py:914} INFO - Processing file /opt/airflow/dags/cek.py for tasks to queue
[2024-09-02T06:30:07.445+0000] {logging_mixin.py:190} INFO - [2024-09-02T06:30:07.445+0000] {dagbag.py:587} INFO - Filling up the DagBag from /opt/airflow/dags/cek.py
[2024-09-02T06:30:07.463+0000] {processor.py:925} INFO - DAG(s) 'dag_with_taskflow_api_v01_coder2j' retrieved from /opt/airflow/dags/cek.py
[2024-09-02T06:30:07.490+0000] {logging_mixin.py:190} INFO - [2024-09-02T06:30:07.490+0000] {dag.py:3211} INFO - Sync 1 DAGs
[2024-09-02T06:30:07.515+0000] {logging_mixin.py:190} INFO - [2024-09-02T06:30:07.514+0000] {dag.py:4138} INFO - Setting next_dagrun for dag_with_taskflow_api_v01_coder2j to 2024-08-30 00:00:00+00:00, run_after=2024-08-31 00:00:00+00:00
[2024-09-02T06:30:07.537+0000] {processor.py:208} INFO - Processing /opt/airflow/dags/cek.py took 0.101 seconds
[2024-09-02T06:30:37.982+0000] {processor.py:186} INFO - Started process (PID=251) to work on /opt/airflow/dags/cek.py
[2024-09-02T06:30:37.983+0000] {processor.py:914} INFO - Processing file /opt/airflow/dags/cek.py for tasks to queue
[2024-09-02T06:30:37.985+0000] {logging_mixin.py:190} INFO - [2024-09-02T06:30:37.985+0000] {dagbag.py:587} INFO - Filling up the DagBag from /opt/airflow/dags/cek.py
[2024-09-02T06:30:38.005+0000] {processor.py:925} INFO - DAG(s) 'dag_with_taskflow_api_v01_coder2j' retrieved from /opt/airflow/dags/cek.py
[2024-09-02T06:30:38.032+0000] {logging_mixin.py:190} INFO - [2024-09-02T06:30:38.032+0000] {dag.py:3211} INFO - Sync 1 DAGs
[2024-09-02T06:30:38.060+0000] {logging_mixin.py:190} INFO - [2024-09-02T06:30:38.060+0000] {dag.py:4138} INFO - Setting next_dagrun for dag_with_taskflow_api_v01_coder2j to 2024-08-30 00:00:00+00:00, run_after=2024-08-31 00:00:00+00:00
[2024-09-02T06:30:38.080+0000] {processor.py:208} INFO - Processing /opt/airflow/dags/cek.py took 0.103 seconds
[2024-09-02T06:31:08.517+0000] {processor.py:186} INFO - Started process (PID=277) to work on /opt/airflow/dags/cek.py
[2024-09-02T06:31:08.518+0000] {processor.py:914} INFO - Processing file /opt/airflow/dags/cek.py for tasks to queue
[2024-09-02T06:31:08.519+0000] {logging_mixin.py:190} INFO - [2024-09-02T06:31:08.519+0000] {dagbag.py:587} INFO - Filling up the DagBag from /opt/airflow/dags/cek.py
[2024-09-02T06:31:08.535+0000] {processor.py:925} INFO - DAG(s) 'dag_with_taskflow_api_v01_coder2j' retrieved from /opt/airflow/dags/cek.py
[2024-09-02T06:31:08.562+0000] {logging_mixin.py:190} INFO - [2024-09-02T06:31:08.562+0000] {dag.py:3211} INFO - Sync 1 DAGs
[2024-09-02T06:31:08.585+0000] {logging_mixin.py:190} INFO - [2024-09-02T06:31:08.585+0000] {dag.py:4138} INFO - Setting next_dagrun for dag_with_taskflow_api_v01_coder2j to 2024-08-30 00:00:00+00:00, run_after=2024-08-31 00:00:00+00:00
[2024-09-02T06:31:08.616+0000] {processor.py:208} INFO - Processing /opt/airflow/dags/cek.py took 0.104 seconds
[2024-09-02T06:31:38.946+0000] {processor.py:186} INFO - Started process (PID=303) to work on /opt/airflow/dags/cek.py
[2024-09-02T06:31:38.947+0000] {processor.py:914} INFO - Processing file /opt/airflow/dags/cek.py for tasks to queue
[2024-09-02T06:31:38.949+0000] {logging_mixin.py:190} INFO - [2024-09-02T06:31:38.949+0000] {dagbag.py:587} INFO - Filling up the DagBag from /opt/airflow/dags/cek.py
[2024-09-02T06:31:38.968+0000] {processor.py:925} INFO - DAG(s) 'dag_with_taskflow_api_v01_coder2j' retrieved from /opt/airflow/dags/cek.py
[2024-09-02T06:31:38.995+0000] {logging_mixin.py:190} INFO - [2024-09-02T06:31:38.995+0000] {dag.py:3211} INFO - Sync 1 DAGs
[2024-09-02T06:31:39.018+0000] {logging_mixin.py:190} INFO - [2024-09-02T06:31:39.017+0000] {dag.py:4138} INFO - Setting next_dagrun for dag_with_taskflow_api_v01_coder2j to 2024-08-30 00:00:00+00:00, run_after=2024-08-31 00:00:00+00:00
[2024-09-02T06:31:39.049+0000] {processor.py:208} INFO - Processing /opt/airflow/dags/cek.py took 0.108 seconds
[2024-09-02T06:32:09.498+0000] {processor.py:186} INFO - Started process (PID=329) to work on /opt/airflow/dags/cek.py
[2024-09-02T06:32:09.499+0000] {processor.py:914} INFO - Processing file /opt/airflow/dags/cek.py for tasks to queue
[2024-09-02T06:32:09.501+0000] {logging_mixin.py:190} INFO - [2024-09-02T06:32:09.500+0000] {dagbag.py:587} INFO - Filling up the DagBag from /opt/airflow/dags/cek.py
[2024-09-02T06:32:09.517+0000] {processor.py:925} INFO - DAG(s) 'dag_with_taskflow_api_v01_coder2j' retrieved from /opt/airflow/dags/cek.py
[2024-09-02T06:32:09.543+0000] {logging_mixin.py:190} INFO - [2024-09-02T06:32:09.543+0000] {dag.py:3211} INFO - Sync 1 DAGs
[2024-09-02T06:32:09.565+0000] {logging_mixin.py:190} INFO - [2024-09-02T06:32:09.565+0000] {dag.py:4138} INFO - Setting next_dagrun for dag_with_taskflow_api_v01_coder2j to 2024-08-30 00:00:00+00:00, run_after=2024-08-31 00:00:00+00:00
[2024-09-02T06:32:09.597+0000] {processor.py:208} INFO - Processing /opt/airflow/dags/cek.py took 0.104 seconds
[2024-09-02T06:32:39.931+0000] {processor.py:186} INFO - Started process (PID=355) to work on /opt/airflow/dags/cek.py
[2024-09-02T06:32:39.932+0000] {processor.py:914} INFO - Processing file /opt/airflow/dags/cek.py for tasks to queue
[2024-09-02T06:32:39.934+0000] {logging_mixin.py:190} INFO - [2024-09-02T06:32:39.934+0000] {dagbag.py:587} INFO - Filling up the DagBag from /opt/airflow/dags/cek.py
[2024-09-02T06:32:39.952+0000] {processor.py:925} INFO - DAG(s) 'dag_with_taskflow_api_v01_coder2j' retrieved from /opt/airflow/dags/cek.py
[2024-09-02T06:32:39.979+0000] {logging_mixin.py:190} INFO - [2024-09-02T06:32:39.978+0000] {dag.py:3211} INFO - Sync 1 DAGs
[2024-09-02T06:32:40.002+0000] {logging_mixin.py:190} INFO - [2024-09-02T06:32:40.001+0000] {dag.py:4138} INFO - Setting next_dagrun for dag_with_taskflow_api_v01_coder2j to 2024-08-30 00:00:00+00:00, run_after=2024-08-31 00:00:00+00:00
[2024-09-02T06:32:40.032+0000] {processor.py:208} INFO - Processing /opt/airflow/dags/cek.py took 0.107 seconds
[2024-09-02T06:33:10.477+0000] {processor.py:186} INFO - Started process (PID=381) to work on /opt/airflow/dags/cek.py
[2024-09-02T06:33:10.478+0000] {processor.py:914} INFO - Processing file /opt/airflow/dags/cek.py for tasks to queue
[2024-09-02T06:33:10.481+0000] {logging_mixin.py:190} INFO - [2024-09-02T06:33:10.480+0000] {dagbag.py:587} INFO - Filling up the DagBag from /opt/airflow/dags/cek.py
[2024-09-02T06:33:10.500+0000] {processor.py:925} INFO - DAG(s) 'dag_with_taskflow_api_v01_coder2j' retrieved from /opt/airflow/dags/cek.py
[2024-09-02T06:33:10.529+0000] {logging_mixin.py:190} INFO - [2024-09-02T06:33:10.528+0000] {dag.py:3211} INFO - Sync 1 DAGs
[2024-09-02T06:33:10.556+0000] {logging_mixin.py:190} INFO - [2024-09-02T06:33:10.556+0000] {dag.py:4138} INFO - Setting next_dagrun for dag_with_taskflow_api_v01_coder2j to 2024-08-30 00:00:00+00:00, run_after=2024-08-31 00:00:00+00:00
[2024-09-02T06:33:10.576+0000] {processor.py:208} INFO - Processing /opt/airflow/dags/cek.py took 0.105 seconds
[2024-09-02T06:33:41.011+0000] {processor.py:186} INFO - Started process (PID=407) to work on /opt/airflow/dags/cek.py
[2024-09-02T06:33:41.012+0000] {processor.py:914} INFO - Processing file /opt/airflow/dags/cek.py for tasks to queue
[2024-09-02T06:33:41.014+0000] {logging_mixin.py:190} INFO - [2024-09-02T06:33:41.014+0000] {dagbag.py:587} INFO - Filling up the DagBag from /opt/airflow/dags/cek.py
[2024-09-02T06:33:41.033+0000] {processor.py:925} INFO - DAG(s) 'dag_with_taskflow_api_v01_coder2j' retrieved from /opt/airflow/dags/cek.py
[2024-09-02T06:33:41.064+0000] {logging_mixin.py:190} INFO - [2024-09-02T06:33:41.063+0000] {dag.py:3211} INFO - Sync 1 DAGs
[2024-09-02T06:33:41.092+0000] {logging_mixin.py:190} INFO - [2024-09-02T06:33:41.091+0000] {dag.py:4138} INFO - Setting next_dagrun for dag_with_taskflow_api_v01_coder2j to 2024-08-30 00:00:00+00:00, run_after=2024-08-31 00:00:00+00:00
[2024-09-02T06:33:41.115+0000] {processor.py:208} INFO - Processing /opt/airflow/dags/cek.py took 0.110 seconds
[2024-09-02T06:34:11.592+0000] {processor.py:186} INFO - Started process (PID=433) to work on /opt/airflow/dags/cek.py
[2024-09-02T06:34:11.593+0000] {processor.py:914} INFO - Processing file /opt/airflow/dags/cek.py for tasks to queue
[2024-09-02T06:34:11.596+0000] {logging_mixin.py:190} INFO - [2024-09-02T06:34:11.596+0000] {dagbag.py:587} INFO - Filling up the DagBag from /opt/airflow/dags/cek.py
[2024-09-02T06:34:11.616+0000] {processor.py:925} INFO - DAG(s) 'dag_with_taskflow_api_v01_coder2j' retrieved from /opt/airflow/dags/cek.py
[2024-09-02T06:34:11.645+0000] {logging_mixin.py:190} INFO - [2024-09-02T06:34:11.645+0000] {dag.py:3211} INFO - Sync 1 DAGs
[2024-09-02T06:34:11.668+0000] {logging_mixin.py:190} INFO - [2024-09-02T06:34:11.667+0000] {dag.py:4138} INFO - Setting next_dagrun for dag_with_taskflow_api_v01_coder2j to 2024-08-30 00:00:00+00:00, run_after=2024-08-31 00:00:00+00:00
[2024-09-02T06:34:11.695+0000] {processor.py:208} INFO - Processing /opt/airflow/dags/cek.py took 0.108 seconds
[2024-09-02T06:34:42.114+0000] {processor.py:186} INFO - Started process (PID=495) to work on /opt/airflow/dags/cek.py
[2024-09-02T06:34:42.115+0000] {processor.py:914} INFO - Processing file /opt/airflow/dags/cek.py for tasks to queue
[2024-09-02T06:34:42.117+0000] {logging_mixin.py:190} INFO - [2024-09-02T06:34:42.117+0000] {dagbag.py:587} INFO - Filling up the DagBag from /opt/airflow/dags/cek.py
[2024-09-02T06:34:42.135+0000] {processor.py:925} INFO - DAG(s) 'dag_with_taskflow_api_v01_coder2j' retrieved from /opt/airflow/dags/cek.py
[2024-09-02T06:34:42.163+0000] {logging_mixin.py:190} INFO - [2024-09-02T06:34:42.163+0000] {dag.py:3211} INFO - Sync 1 DAGs
[2024-09-02T06:34:42.187+0000] {logging_mixin.py:190} INFO - [2024-09-02T06:34:42.187+0000] {dag.py:4138} INFO - Setting next_dagrun for dag_with_taskflow_api_v01_coder2j to 2024-09-02 00:00:00+00:00, run_after=2024-09-03 00:00:00+00:00
[2024-09-02T06:34:42.219+0000] {processor.py:208} INFO - Processing /opt/airflow/dags/cek.py took 0.111 seconds
[2024-09-02T06:35:12.661+0000] {processor.py:186} INFO - Started process (PID=557) to work on /opt/airflow/dags/cek.py
[2024-09-02T06:35:12.662+0000] {processor.py:914} INFO - Processing file /opt/airflow/dags/cek.py for tasks to queue
[2024-09-02T06:35:12.665+0000] {logging_mixin.py:190} INFO - [2024-09-02T06:35:12.664+0000] {dagbag.py:587} INFO - Filling up the DagBag from /opt/airflow/dags/cek.py
[2024-09-02T06:35:12.683+0000] {processor.py:925} INFO - DAG(s) 'dag_with_taskflow_api_v01_coder2j' retrieved from /opt/airflow/dags/cek.py
[2024-09-02T06:35:12.712+0000] {logging_mixin.py:190} INFO - [2024-09-02T06:35:12.711+0000] {dag.py:3211} INFO - Sync 1 DAGs
[2024-09-02T06:35:12.736+0000] {logging_mixin.py:190} INFO - [2024-09-02T06:35:12.736+0000] {dag.py:4138} INFO - Setting next_dagrun for dag_with_taskflow_api_v01_coder2j to 2024-09-02 00:00:00+00:00, run_after=2024-09-03 00:00:00+00:00
[2024-09-02T06:35:12.757+0000] {processor.py:208} INFO - Processing /opt/airflow/dags/cek.py took 0.102 seconds
[2024-09-02T06:35:43.205+0000] {processor.py:186} INFO - Started process (PID=583) to work on /opt/airflow/dags/cek.py
[2024-09-02T06:35:43.206+0000] {processor.py:914} INFO - Processing file /opt/airflow/dags/cek.py for tasks to queue
[2024-09-02T06:35:43.208+0000] {logging_mixin.py:190} INFO - [2024-09-02T06:35:43.207+0000] {dagbag.py:587} INFO - Filling up the DagBag from /opt/airflow/dags/cek.py
[2024-09-02T06:35:43.225+0000] {processor.py:925} INFO - DAG(s) 'dag_with_taskflow_api_v01_coder2j' retrieved from /opt/airflow/dags/cek.py
[2024-09-02T06:35:43.252+0000] {logging_mixin.py:190} INFO - [2024-09-02T06:35:43.252+0000] {dag.py:3211} INFO - Sync 1 DAGs
[2024-09-02T06:35:43.277+0000] {logging_mixin.py:190} INFO - [2024-09-02T06:35:43.277+0000] {dag.py:4138} INFO - Setting next_dagrun for dag_with_taskflow_api_v01_coder2j to 2024-09-02 00:00:00+00:00, run_after=2024-09-03 00:00:00+00:00
[2024-09-02T06:35:43.306+0000] {processor.py:208} INFO - Processing /opt/airflow/dags/cek.py took 0.106 seconds
[2024-09-02T06:36:13.763+0000] {processor.py:186} INFO - Started process (PID=609) to work on /opt/airflow/dags/cek.py
[2024-09-02T06:36:13.765+0000] {processor.py:914} INFO - Processing file /opt/airflow/dags/cek.py for tasks to queue
[2024-09-02T06:36:13.768+0000] {logging_mixin.py:190} INFO - [2024-09-02T06:36:13.767+0000] {dagbag.py:587} INFO - Filling up the DagBag from /opt/airflow/dags/cek.py
[2024-09-02T06:36:13.785+0000] {processor.py:925} INFO - DAG(s) 'dag_with_taskflow_api_v01_coder2j' retrieved from /opt/airflow/dags/cek.py
[2024-09-02T06:36:13.813+0000] {logging_mixin.py:190} INFO - [2024-09-02T06:36:13.813+0000] {dag.py:3211} INFO - Sync 1 DAGs
[2024-09-02T06:36:13.840+0000] {logging_mixin.py:190} INFO - [2024-09-02T06:36:13.840+0000] {dag.py:4138} INFO - Setting next_dagrun for dag_with_taskflow_api_v01_coder2j to 2024-09-02 00:00:00+00:00, run_after=2024-09-03 00:00:00+00:00
[2024-09-02T06:36:13.864+0000] {processor.py:208} INFO - Processing /opt/airflow/dags/cek.py took 0.106 seconds
[2024-09-02T06:36:44.303+0000] {processor.py:186} INFO - Started process (PID=635) to work on /opt/airflow/dags/cek.py
[2024-09-02T06:36:44.304+0000] {processor.py:914} INFO - Processing file /opt/airflow/dags/cek.py for tasks to queue
[2024-09-02T06:36:44.307+0000] {logging_mixin.py:190} INFO - [2024-09-02T06:36:44.307+0000] {dagbag.py:587} INFO - Filling up the DagBag from /opt/airflow/dags/cek.py
[2024-09-02T06:36:44.325+0000] {processor.py:925} INFO - DAG(s) 'dag_with_taskflow_api_v01_coder2j' retrieved from /opt/airflow/dags/cek.py
[2024-09-02T06:36:44.350+0000] {logging_mixin.py:190} INFO - [2024-09-02T06:36:44.350+0000] {dag.py:3211} INFO - Sync 1 DAGs
[2024-09-02T06:36:44.373+0000] {logging_mixin.py:190} INFO - [2024-09-02T06:36:44.373+0000] {dag.py:4138} INFO - Setting next_dagrun for dag_with_taskflow_api_v01_coder2j to 2024-09-02 00:00:00+00:00, run_after=2024-09-03 00:00:00+00:00
[2024-09-02T06:36:44.404+0000] {processor.py:208} INFO - Processing /opt/airflow/dags/cek.py took 0.106 seconds
[2024-09-02T06:37:14.733+0000] {processor.py:186} INFO - Started process (PID=661) to work on /opt/airflow/dags/cek.py
[2024-09-02T06:37:14.734+0000] {processor.py:914} INFO - Processing file /opt/airflow/dags/cek.py for tasks to queue
[2024-09-02T06:37:14.736+0000] {logging_mixin.py:190} INFO - [2024-09-02T06:37:14.736+0000] {dagbag.py:587} INFO - Filling up the DagBag from /opt/airflow/dags/cek.py
[2024-09-02T06:37:14.756+0000] {processor.py:925} INFO - DAG(s) 'dag_with_taskflow_api_v01_coder2j' retrieved from /opt/airflow/dags/cek.py
[2024-09-02T06:37:14.786+0000] {logging_mixin.py:190} INFO - [2024-09-02T06:37:14.785+0000] {dag.py:3211} INFO - Sync 1 DAGs
[2024-09-02T06:37:14.809+0000] {logging_mixin.py:190} INFO - [2024-09-02T06:37:14.809+0000] {dag.py:4138} INFO - Setting next_dagrun for dag_with_taskflow_api_v01_coder2j to 2024-09-02 00:00:00+00:00, run_after=2024-09-03 00:00:00+00:00
[2024-09-02T06:37:14.839+0000] {processor.py:208} INFO - Processing /opt/airflow/dags/cek.py took 0.112 seconds
[2024-09-02T06:37:45.265+0000] {processor.py:186} INFO - Started process (PID=687) to work on /opt/airflow/dags/cek.py
[2024-09-02T06:37:45.266+0000] {processor.py:914} INFO - Processing file /opt/airflow/dags/cek.py for tasks to queue
[2024-09-02T06:37:45.268+0000] {logging_mixin.py:190} INFO - [2024-09-02T06:37:45.268+0000] {dagbag.py:587} INFO - Filling up the DagBag from /opt/airflow/dags/cek.py
[2024-09-02T06:37:45.285+0000] {processor.py:925} INFO - DAG(s) 'dag_with_taskflow_api_v01_coder2j' retrieved from /opt/airflow/dags/cek.py
[2024-09-02T06:37:45.311+0000] {logging_mixin.py:190} INFO - [2024-09-02T06:37:45.311+0000] {dag.py:3211} INFO - Sync 1 DAGs
[2024-09-02T06:37:45.336+0000] {logging_mixin.py:190} INFO - [2024-09-02T06:37:45.336+0000] {dag.py:4138} INFO - Setting next_dagrun for dag_with_taskflow_api_v01_coder2j to 2024-09-02 00:00:00+00:00, run_after=2024-09-03 00:00:00+00:00
[2024-09-02T06:37:45.358+0000] {processor.py:208} INFO - Processing /opt/airflow/dags/cek.py took 0.098 seconds
[2024-09-02T06:38:15.782+0000] {processor.py:186} INFO - Started process (PID=713) to work on /opt/airflow/dags/cek.py
[2024-09-02T06:38:15.783+0000] {processor.py:914} INFO - Processing file /opt/airflow/dags/cek.py for tasks to queue
[2024-09-02T06:38:15.785+0000] {logging_mixin.py:190} INFO - [2024-09-02T06:38:15.785+0000] {dagbag.py:587} INFO - Filling up the DagBag from /opt/airflow/dags/cek.py
[2024-09-02T06:38:15.804+0000] {processor.py:925} INFO - DAG(s) 'dag_with_taskflow_api_v01_coder2j' retrieved from /opt/airflow/dags/cek.py
[2024-09-02T06:38:15.831+0000] {logging_mixin.py:190} INFO - [2024-09-02T06:38:15.831+0000] {dag.py:3211} INFO - Sync 1 DAGs
[2024-09-02T06:38:15.855+0000] {logging_mixin.py:190} INFO - [2024-09-02T06:38:15.855+0000] {dag.py:4138} INFO - Setting next_dagrun for dag_with_taskflow_api_v01_coder2j to 2024-09-02 00:00:00+00:00, run_after=2024-09-03 00:00:00+00:00
[2024-09-02T06:38:15.889+0000] {processor.py:208} INFO - Processing /opt/airflow/dags/cek.py took 0.112 seconds
[2024-09-02T06:38:46.208+0000] {processor.py:186} INFO - Started process (PID=739) to work on /opt/airflow/dags/cek.py
[2024-09-02T06:38:46.209+0000] {processor.py:914} INFO - Processing file /opt/airflow/dags/cek.py for tasks to queue
[2024-09-02T06:38:46.212+0000] {logging_mixin.py:190} INFO - [2024-09-02T06:38:46.212+0000] {dagbag.py:587} INFO - Filling up the DagBag from /opt/airflow/dags/cek.py
[2024-09-02T06:38:46.230+0000] {processor.py:925} INFO - DAG(s) 'dag_with_taskflow_api_v01_coder2j' retrieved from /opt/airflow/dags/cek.py
[2024-09-02T06:38:46.257+0000] {logging_mixin.py:190} INFO - [2024-09-02T06:38:46.256+0000] {dag.py:3211} INFO - Sync 1 DAGs
[2024-09-02T06:38:46.283+0000] {logging_mixin.py:190} INFO - [2024-09-02T06:38:46.283+0000] {dag.py:4138} INFO - Setting next_dagrun for dag_with_taskflow_api_v01_coder2j to 2024-09-02 00:00:00+00:00, run_after=2024-09-03 00:00:00+00:00
[2024-09-02T06:38:46.315+0000] {processor.py:208} INFO - Processing /opt/airflow/dags/cek.py took 0.113 seconds
[2024-09-02T06:39:16.788+0000] {processor.py:186} INFO - Started process (PID=765) to work on /opt/airflow/dags/cek.py
[2024-09-02T06:39:16.789+0000] {processor.py:914} INFO - Processing file /opt/airflow/dags/cek.py for tasks to queue
[2024-09-02T06:39:16.791+0000] {logging_mixin.py:190} INFO - [2024-09-02T06:39:16.791+0000] {dagbag.py:587} INFO - Filling up the DagBag from /opt/airflow/dags/cek.py
[2024-09-02T06:39:16.808+0000] {processor.py:925} INFO - DAG(s) 'dag_with_taskflow_api_v01_coder2j' retrieved from /opt/airflow/dags/cek.py
[2024-09-02T06:39:16.834+0000] {logging_mixin.py:190} INFO - [2024-09-02T06:39:16.833+0000] {dag.py:3211} INFO - Sync 1 DAGs
[2024-09-02T06:39:16.857+0000] {logging_mixin.py:190} INFO - [2024-09-02T06:39:16.857+0000] {dag.py:4138} INFO - Setting next_dagrun for dag_with_taskflow_api_v01_coder2j to 2024-09-02 00:00:00+00:00, run_after=2024-09-03 00:00:00+00:00
[2024-09-02T06:39:16.892+0000] {processor.py:208} INFO - Processing /opt/airflow/dags/cek.py took 0.109 seconds
[2024-09-02T06:39:47.324+0000] {processor.py:186} INFO - Started process (PID=791) to work on /opt/airflow/dags/cek.py
[2024-09-02T06:39:47.325+0000] {processor.py:914} INFO - Processing file /opt/airflow/dags/cek.py for tasks to queue
[2024-09-02T06:39:47.327+0000] {logging_mixin.py:190} INFO - [2024-09-02T06:39:47.327+0000] {dagbag.py:587} INFO - Filling up the DagBag from /opt/airflow/dags/cek.py
[2024-09-02T06:39:47.344+0000] {processor.py:925} INFO - DAG(s) 'dag_with_taskflow_api_v01_coder2j' retrieved from /opt/airflow/dags/cek.py
[2024-09-02T06:39:47.369+0000] {logging_mixin.py:190} INFO - [2024-09-02T06:39:47.369+0000] {dag.py:3211} INFO - Sync 1 DAGs
[2024-09-02T06:39:47.391+0000] {logging_mixin.py:190} INFO - [2024-09-02T06:39:47.391+0000] {dag.py:4138} INFO - Setting next_dagrun for dag_with_taskflow_api_v01_coder2j to 2024-09-02 00:00:00+00:00, run_after=2024-09-03 00:00:00+00:00
[2024-09-02T06:39:47.412+0000] {processor.py:208} INFO - Processing /opt/airflow/dags/cek.py took 0.092 seconds
[2024-09-02T06:40:17.849+0000] {processor.py:186} INFO - Started process (PID=817) to work on /opt/airflow/dags/cek.py
[2024-09-02T06:40:17.849+0000] {processor.py:914} INFO - Processing file /opt/airflow/dags/cek.py for tasks to queue
[2024-09-02T06:40:17.852+0000] {logging_mixin.py:190} INFO - [2024-09-02T06:40:17.852+0000] {dagbag.py:587} INFO - Filling up the DagBag from /opt/airflow/dags/cek.py
[2024-09-02T06:40:17.870+0000] {processor.py:925} INFO - DAG(s) 'dag_with_taskflow_api_v01_coder2j' retrieved from /opt/airflow/dags/cek.py
[2024-09-02T06:40:17.896+0000] {logging_mixin.py:190} INFO - [2024-09-02T06:40:17.896+0000] {dag.py:3211} INFO - Sync 1 DAGs
[2024-09-02T06:40:17.920+0000] {logging_mixin.py:190} INFO - [2024-09-02T06:40:17.920+0000] {dag.py:4138} INFO - Setting next_dagrun for dag_with_taskflow_api_v01_coder2j to 2024-09-02 00:00:00+00:00, run_after=2024-09-03 00:00:00+00:00
[2024-09-02T06:40:17.951+0000] {processor.py:208} INFO - Processing /opt/airflow/dags/cek.py took 0.108 seconds
[2024-09-02T06:40:48.399+0000] {processor.py:186} INFO - Started process (PID=843) to work on /opt/airflow/dags/cek.py
[2024-09-02T06:40:48.400+0000] {processor.py:914} INFO - Processing file /opt/airflow/dags/cek.py for tasks to queue
[2024-09-02T06:40:48.402+0000] {logging_mixin.py:190} INFO - [2024-09-02T06:40:48.402+0000] {dagbag.py:587} INFO - Filling up the DagBag from /opt/airflow/dags/cek.py
[2024-09-02T06:40:48.419+0000] {processor.py:925} INFO - DAG(s) 'dag_with_taskflow_api_v01_coder2j' retrieved from /opt/airflow/dags/cek.py
[2024-09-02T06:40:48.445+0000] {logging_mixin.py:190} INFO - [2024-09-02T06:40:48.445+0000] {dag.py:3211} INFO - Sync 1 DAGs
[2024-09-02T06:40:48.469+0000] {logging_mixin.py:190} INFO - [2024-09-02T06:40:48.469+0000] {dag.py:4138} INFO - Setting next_dagrun for dag_with_taskflow_api_v01_coder2j to 2024-09-02 00:00:00+00:00, run_after=2024-09-03 00:00:00+00:00
[2024-09-02T06:40:48.499+0000] {processor.py:208} INFO - Processing /opt/airflow/dags/cek.py took 0.105 seconds
[2024-09-02T06:41:18.947+0000] {processor.py:186} INFO - Started process (PID=869) to work on /opt/airflow/dags/cek.py
[2024-09-02T06:41:18.948+0000] {processor.py:914} INFO - Processing file /opt/airflow/dags/cek.py for tasks to queue
[2024-09-02T06:41:18.951+0000] {logging_mixin.py:190} INFO - [2024-09-02T06:41:18.950+0000] {dagbag.py:587} INFO - Filling up the DagBag from /opt/airflow/dags/cek.py
[2024-09-02T06:41:18.967+0000] {processor.py:925} INFO - DAG(s) 'dag_with_taskflow_api_v01_coder2j' retrieved from /opt/airflow/dags/cek.py
[2024-09-02T06:41:18.993+0000] {logging_mixin.py:190} INFO - [2024-09-02T06:41:18.993+0000] {dag.py:3211} INFO - Sync 1 DAGs
[2024-09-02T06:41:19.019+0000] {logging_mixin.py:190} INFO - [2024-09-02T06:41:19.019+0000] {dag.py:4138} INFO - Setting next_dagrun for dag_with_taskflow_api_v01_coder2j to 2024-09-02 00:00:00+00:00, run_after=2024-09-03 00:00:00+00:00
[2024-09-02T06:41:19.041+0000] {processor.py:208} INFO - Processing /opt/airflow/dags/cek.py took 0.099 seconds
[2024-09-02T06:41:49.491+0000] {processor.py:186} INFO - Started process (PID=895) to work on /opt/airflow/dags/cek.py
[2024-09-02T06:41:49.492+0000] {processor.py:914} INFO - Processing file /opt/airflow/dags/cek.py for tasks to queue
[2024-09-02T06:41:49.495+0000] {logging_mixin.py:190} INFO - [2024-09-02T06:41:49.494+0000] {dagbag.py:587} INFO - Filling up the DagBag from /opt/airflow/dags/cek.py
[2024-09-02T06:41:49.512+0000] {processor.py:925} INFO - DAG(s) 'dag_with_taskflow_api_v01_coder2j' retrieved from /opt/airflow/dags/cek.py
[2024-09-02T06:41:49.538+0000] {logging_mixin.py:190} INFO - [2024-09-02T06:41:49.538+0000] {dag.py:3211} INFO - Sync 1 DAGs
[2024-09-02T06:41:49.563+0000] {logging_mixin.py:190} INFO - [2024-09-02T06:41:49.563+0000] {dag.py:4138} INFO - Setting next_dagrun for dag_with_taskflow_api_v01_coder2j to 2024-09-02 00:00:00+00:00, run_after=2024-09-03 00:00:00+00:00
[2024-09-02T06:41:49.596+0000] {processor.py:208} INFO - Processing /opt/airflow/dags/cek.py took 0.110 seconds
[2024-09-02T06:42:20.041+0000] {processor.py:186} INFO - Started process (PID=921) to work on /opt/airflow/dags/cek.py
[2024-09-02T06:42:20.042+0000] {processor.py:914} INFO - Processing file /opt/airflow/dags/cek.py for tasks to queue
[2024-09-02T06:42:20.044+0000] {logging_mixin.py:190} INFO - [2024-09-02T06:42:20.044+0000] {dagbag.py:587} INFO - Filling up the DagBag from /opt/airflow/dags/cek.py
[2024-09-02T06:42:20.061+0000] {processor.py:925} INFO - DAG(s) 'dag_with_taskflow_api_v01_coder2j' retrieved from /opt/airflow/dags/cek.py
[2024-09-02T06:42:20.090+0000] {logging_mixin.py:190} INFO - [2024-09-02T06:42:20.090+0000] {dag.py:3211} INFO - Sync 1 DAGs
[2024-09-02T06:42:20.116+0000] {logging_mixin.py:190} INFO - [2024-09-02T06:42:20.116+0000] {dag.py:4138} INFO - Setting next_dagrun for dag_with_taskflow_api_v01_coder2j to 2024-09-02 00:00:00+00:00, run_after=2024-09-03 00:00:00+00:00
[2024-09-02T06:42:20.148+0000] {processor.py:208} INFO - Processing /opt/airflow/dags/cek.py took 0.112 seconds
[2024-09-02T06:42:50.604+0000] {processor.py:186} INFO - Started process (PID=947) to work on /opt/airflow/dags/cek.py
[2024-09-02T06:42:50.605+0000] {processor.py:914} INFO - Processing file /opt/airflow/dags/cek.py for tasks to queue
[2024-09-02T06:42:50.607+0000] {logging_mixin.py:190} INFO - [2024-09-02T06:42:50.607+0000] {dagbag.py:587} INFO - Filling up the DagBag from /opt/airflow/dags/cek.py
[2024-09-02T06:42:50.626+0000] {processor.py:925} INFO - DAG(s) 'dag_with_taskflow_api_v01_coder2j' retrieved from /opt/airflow/dags/cek.py
[2024-09-02T06:42:50.653+0000] {logging_mixin.py:190} INFO - [2024-09-02T06:42:50.653+0000] {dag.py:3211} INFO - Sync 1 DAGs
[2024-09-02T06:42:50.678+0000] {logging_mixin.py:190} INFO - [2024-09-02T06:42:50.678+0000] {dag.py:4138} INFO - Setting next_dagrun for dag_with_taskflow_api_v01_coder2j to 2024-09-02 00:00:00+00:00, run_after=2024-09-03 00:00:00+00:00
[2024-09-02T06:42:50.700+0000] {processor.py:208} INFO - Processing /opt/airflow/dags/cek.py took 0.101 seconds
[2024-09-02T06:43:21.155+0000] {processor.py:186} INFO - Started process (PID=973) to work on /opt/airflow/dags/cek.py
[2024-09-02T06:43:21.156+0000] {processor.py:914} INFO - Processing file /opt/airflow/dags/cek.py for tasks to queue
[2024-09-02T06:43:21.159+0000] {logging_mixin.py:190} INFO - [2024-09-02T06:43:21.159+0000] {dagbag.py:587} INFO - Filling up the DagBag from /opt/airflow/dags/cek.py
[2024-09-02T06:43:21.177+0000] {processor.py:925} INFO - DAG(s) 'dag_with_taskflow_api_v01_coder2j' retrieved from /opt/airflow/dags/cek.py
[2024-09-02T06:43:21.205+0000] {logging_mixin.py:190} INFO - [2024-09-02T06:43:21.205+0000] {dag.py:3211} INFO - Sync 1 DAGs
[2024-09-02T06:43:21.230+0000] {logging_mixin.py:190} INFO - [2024-09-02T06:43:21.230+0000] {dag.py:4138} INFO - Setting next_dagrun for dag_with_taskflow_api_v01_coder2j to 2024-09-02 00:00:00+00:00, run_after=2024-09-03 00:00:00+00:00
[2024-09-02T06:43:21.260+0000] {processor.py:208} INFO - Processing /opt/airflow/dags/cek.py took 0.110 seconds
[2024-09-02T06:43:51.707+0000] {processor.py:186} INFO - Started process (PID=999) to work on /opt/airflow/dags/cek.py
[2024-09-02T06:43:51.708+0000] {processor.py:914} INFO - Processing file /opt/airflow/dags/cek.py for tasks to queue
[2024-09-02T06:43:51.711+0000] {logging_mixin.py:190} INFO - [2024-09-02T06:43:51.711+0000] {dagbag.py:587} INFO - Filling up the DagBag from /opt/airflow/dags/cek.py
[2024-09-02T06:43:51.729+0000] {processor.py:925} INFO - DAG(s) 'dag_with_taskflow_api_v01_coder2j' retrieved from /opt/airflow/dags/cek.py
[2024-09-02T06:43:51.756+0000] {logging_mixin.py:190} INFO - [2024-09-02T06:43:51.756+0000] {dag.py:3211} INFO - Sync 1 DAGs
[2024-09-02T06:43:51.780+0000] {logging_mixin.py:190} INFO - [2024-09-02T06:43:51.779+0000] {dag.py:4138} INFO - Setting next_dagrun for dag_with_taskflow_api_v01_coder2j to 2024-09-02 00:00:00+00:00, run_after=2024-09-03 00:00:00+00:00
[2024-09-02T06:43:51.801+0000] {processor.py:208} INFO - Processing /opt/airflow/dags/cek.py took 0.098 seconds
[2024-09-02T06:44:22.299+0000] {processor.py:186} INFO - Started process (PID=1025) to work on /opt/airflow/dags/cek.py
[2024-09-02T06:44:22.300+0000] {processor.py:914} INFO - Processing file /opt/airflow/dags/cek.py for tasks to queue
[2024-09-02T06:44:22.302+0000] {logging_mixin.py:190} INFO - [2024-09-02T06:44:22.302+0000] {dagbag.py:587} INFO - Filling up the DagBag from /opt/airflow/dags/cek.py
[2024-09-02T06:44:22.320+0000] {processor.py:925} INFO - DAG(s) 'dag_with_taskflow_api_v01_coder2j' retrieved from /opt/airflow/dags/cek.py
[2024-09-02T06:44:22.347+0000] {logging_mixin.py:190} INFO - [2024-09-02T06:44:22.347+0000] {dag.py:3211} INFO - Sync 1 DAGs
[2024-09-02T06:44:22.373+0000] {logging_mixin.py:190} INFO - [2024-09-02T06:44:22.373+0000] {dag.py:4138} INFO - Setting next_dagrun for dag_with_taskflow_api_v01_coder2j to 2024-09-02 00:00:00+00:00, run_after=2024-09-03 00:00:00+00:00
[2024-09-02T06:44:22.393+0000] {processor.py:208} INFO - Processing /opt/airflow/dags/cek.py took 0.099 seconds
[2024-09-02T06:44:52.835+0000] {processor.py:186} INFO - Started process (PID=1051) to work on /opt/airflow/dags/cek.py
[2024-09-02T06:44:52.836+0000] {processor.py:914} INFO - Processing file /opt/airflow/dags/cek.py for tasks to queue
[2024-09-02T06:44:52.837+0000] {logging_mixin.py:190} INFO - [2024-09-02T06:44:52.837+0000] {dagbag.py:587} INFO - Filling up the DagBag from /opt/airflow/dags/cek.py
[2024-09-02T06:44:52.855+0000] {processor.py:925} INFO - DAG(s) 'dag_with_taskflow_api_v01_coder2j' retrieved from /opt/airflow/dags/cek.py
[2024-09-02T06:44:52.881+0000] {logging_mixin.py:190} INFO - [2024-09-02T06:44:52.881+0000] {dag.py:3211} INFO - Sync 1 DAGs
[2024-09-02T06:44:52.905+0000] {logging_mixin.py:190} INFO - [2024-09-02T06:44:52.904+0000] {dag.py:4138} INFO - Setting next_dagrun for dag_with_taskflow_api_v01_coder2j to 2024-09-02 00:00:00+00:00, run_after=2024-09-03 00:00:00+00:00
[2024-09-02T06:44:52.934+0000] {processor.py:208} INFO - Processing /opt/airflow/dags/cek.py took 0.105 seconds
[2024-09-02T06:45:23.271+0000] {processor.py:186} INFO - Started process (PID=1077) to work on /opt/airflow/dags/cek.py
[2024-09-02T06:45:23.272+0000] {processor.py:914} INFO - Processing file /opt/airflow/dags/cek.py for tasks to queue
[2024-09-02T06:45:23.274+0000] {logging_mixin.py:190} INFO - [2024-09-02T06:45:23.274+0000] {dagbag.py:587} INFO - Filling up the DagBag from /opt/airflow/dags/cek.py
[2024-09-02T06:45:23.291+0000] {processor.py:925} INFO - DAG(s) 'dag_with_taskflow_api_v01_coder2j' retrieved from /opt/airflow/dags/cek.py
[2024-09-02T06:45:23.318+0000] {logging_mixin.py:190} INFO - [2024-09-02T06:45:23.317+0000] {dag.py:3211} INFO - Sync 1 DAGs
[2024-09-02T06:45:23.341+0000] {logging_mixin.py:190} INFO - [2024-09-02T06:45:23.341+0000] {dag.py:4138} INFO - Setting next_dagrun for dag_with_taskflow_api_v01_coder2j to 2024-09-02 00:00:00+00:00, run_after=2024-09-03 00:00:00+00:00
[2024-09-02T06:45:23.362+0000] {processor.py:208} INFO - Processing /opt/airflow/dags/cek.py took 0.096 seconds
[2024-09-02T06:45:53.810+0000] {processor.py:186} INFO - Started process (PID=1103) to work on /opt/airflow/dags/cek.py
[2024-09-02T06:45:53.811+0000] {processor.py:914} INFO - Processing file /opt/airflow/dags/cek.py for tasks to queue
[2024-09-02T06:45:53.813+0000] {logging_mixin.py:190} INFO - [2024-09-02T06:45:53.813+0000] {dagbag.py:587} INFO - Filling up the DagBag from /opt/airflow/dags/cek.py
[2024-09-02T06:45:53.831+0000] {processor.py:925} INFO - DAG(s) 'dag_with_taskflow_api_v01_coder2j' retrieved from /opt/airflow/dags/cek.py
[2024-09-02T06:45:53.856+0000] {logging_mixin.py:190} INFO - [2024-09-02T06:45:53.856+0000] {dag.py:3211} INFO - Sync 1 DAGs
[2024-09-02T06:45:53.880+0000] {logging_mixin.py:190} INFO - [2024-09-02T06:45:53.880+0000] {dag.py:4138} INFO - Setting next_dagrun for dag_with_taskflow_api_v01_coder2j to 2024-09-02 00:00:00+00:00, run_after=2024-09-03 00:00:00+00:00
[2024-09-02T06:45:53.902+0000] {processor.py:208} INFO - Processing /opt/airflow/dags/cek.py took 0.098 seconds
[2024-09-02T06:46:24.357+0000] {processor.py:186} INFO - Started process (PID=1129) to work on /opt/airflow/dags/cek.py
[2024-09-02T06:46:24.358+0000] {processor.py:914} INFO - Processing file /opt/airflow/dags/cek.py for tasks to queue
[2024-09-02T06:46:24.361+0000] {logging_mixin.py:190} INFO - [2024-09-02T06:46:24.361+0000] {dagbag.py:587} INFO - Filling up the DagBag from /opt/airflow/dags/cek.py
[2024-09-02T06:46:24.378+0000] {processor.py:925} INFO - DAG(s) 'dag_with_taskflow_api_v01_coder2j' retrieved from /opt/airflow/dags/cek.py
[2024-09-02T06:46:24.404+0000] {logging_mixin.py:190} INFO - [2024-09-02T06:46:24.403+0000] {dag.py:3211} INFO - Sync 1 DAGs
[2024-09-02T06:46:24.428+0000] {logging_mixin.py:190} INFO - [2024-09-02T06:46:24.427+0000] {dag.py:4138} INFO - Setting next_dagrun for dag_with_taskflow_api_v01_coder2j to 2024-09-02 00:00:00+00:00, run_after=2024-09-03 00:00:00+00:00
[2024-09-02T06:46:24.459+0000] {processor.py:208} INFO - Processing /opt/airflow/dags/cek.py took 0.107 seconds
[2024-09-02T06:46:54.790+0000] {processor.py:186} INFO - Started process (PID=1155) to work on /opt/airflow/dags/cek.py
[2024-09-02T06:46:54.790+0000] {processor.py:914} INFO - Processing file /opt/airflow/dags/cek.py for tasks to queue
[2024-09-02T06:46:54.793+0000] {logging_mixin.py:190} INFO - [2024-09-02T06:46:54.792+0000] {dagbag.py:587} INFO - Filling up the DagBag from /opt/airflow/dags/cek.py
[2024-09-02T06:46:54.811+0000] {processor.py:925} INFO - DAG(s) 'dag_with_taskflow_api_v01_coder2j' retrieved from /opt/airflow/dags/cek.py
[2024-09-02T06:46:54.837+0000] {logging_mixin.py:190} INFO - [2024-09-02T06:46:54.837+0000] {dag.py:3211} INFO - Sync 1 DAGs
[2024-09-02T06:46:54.861+0000] {logging_mixin.py:190} INFO - [2024-09-02T06:46:54.861+0000] {dag.py:4138} INFO - Setting next_dagrun for dag_with_taskflow_api_v01_coder2j to 2024-09-02 00:00:00+00:00, run_after=2024-09-03 00:00:00+00:00
[2024-09-02T06:46:54.892+0000] {processor.py:208} INFO - Processing /opt/airflow/dags/cek.py took 0.108 seconds
[2024-09-02T06:47:25.348+0000] {processor.py:186} INFO - Started process (PID=1181) to work on /opt/airflow/dags/cek.py
[2024-09-02T06:47:25.349+0000] {processor.py:914} INFO - Processing file /opt/airflow/dags/cek.py for tasks to queue
[2024-09-02T06:47:25.351+0000] {logging_mixin.py:190} INFO - [2024-09-02T06:47:25.351+0000] {dagbag.py:587} INFO - Filling up the DagBag from /opt/airflow/dags/cek.py
[2024-09-02T06:47:25.369+0000] {processor.py:925} INFO - DAG(s) 'dag_with_taskflow_api_v01_coder2j' retrieved from /opt/airflow/dags/cek.py
[2024-09-02T06:47:25.395+0000] {logging_mixin.py:190} INFO - [2024-09-02T06:47:25.394+0000] {dag.py:3211} INFO - Sync 1 DAGs
[2024-09-02T06:47:25.419+0000] {logging_mixin.py:190} INFO - [2024-09-02T06:47:25.419+0000] {dag.py:4138} INFO - Setting next_dagrun for dag_with_taskflow_api_v01_coder2j to 2024-09-02 00:00:00+00:00, run_after=2024-09-03 00:00:00+00:00
[2024-09-02T06:47:25.449+0000] {processor.py:208} INFO - Processing /opt/airflow/dags/cek.py took 0.107 seconds
[2024-09-02T06:47:55.893+0000] {processor.py:186} INFO - Started process (PID=1207) to work on /opt/airflow/dags/cek.py
[2024-09-02T06:47:55.893+0000] {processor.py:914} INFO - Processing file /opt/airflow/dags/cek.py for tasks to queue
[2024-09-02T06:47:55.896+0000] {logging_mixin.py:190} INFO - [2024-09-02T06:47:55.895+0000] {dagbag.py:587} INFO - Filling up the DagBag from /opt/airflow/dags/cek.py
[2024-09-02T06:47:55.914+0000] {processor.py:925} INFO - DAG(s) 'dag_with_taskflow_api_v01_coder2j' retrieved from /opt/airflow/dags/cek.py
[2024-09-02T06:47:55.943+0000] {logging_mixin.py:190} INFO - [2024-09-02T06:47:55.943+0000] {dag.py:3211} INFO - Sync 1 DAGs
[2024-09-02T06:47:55.968+0000] {logging_mixin.py:190} INFO - [2024-09-02T06:47:55.968+0000] {dag.py:4138} INFO - Setting next_dagrun for dag_with_taskflow_api_v01_coder2j to 2024-09-02 00:00:00+00:00, run_after=2024-09-03 00:00:00+00:00
[2024-09-02T06:47:55.998+0000] {processor.py:208} INFO - Processing /opt/airflow/dags/cek.py took 0.111 seconds
[2024-09-02T06:48:26.462+0000] {processor.py:186} INFO - Started process (PID=1233) to work on /opt/airflow/dags/cek.py
[2024-09-02T06:48:26.463+0000] {processor.py:914} INFO - Processing file /opt/airflow/dags/cek.py for tasks to queue
[2024-09-02T06:48:26.466+0000] {logging_mixin.py:190} INFO - [2024-09-02T06:48:26.465+0000] {dagbag.py:587} INFO - Filling up the DagBag from /opt/airflow/dags/cek.py
[2024-09-02T06:48:26.483+0000] {processor.py:925} INFO - DAG(s) 'dag_with_taskflow_api_v01_coder2j' retrieved from /opt/airflow/dags/cek.py
[2024-09-02T06:48:26.510+0000] {logging_mixin.py:190} INFO - [2024-09-02T06:48:26.509+0000] {dag.py:3211} INFO - Sync 1 DAGs
[2024-09-02T06:48:26.535+0000] {logging_mixin.py:190} INFO - [2024-09-02T06:48:26.535+0000] {dag.py:4138} INFO - Setting next_dagrun for dag_with_taskflow_api_v01_coder2j to 2024-09-02 00:00:00+00:00, run_after=2024-09-03 00:00:00+00:00
[2024-09-02T06:48:26.567+0000] {processor.py:208} INFO - Processing /opt/airflow/dags/cek.py took 0.110 seconds
[2024-09-02T06:48:57.014+0000] {processor.py:186} INFO - Started process (PID=1265) to work on /opt/airflow/dags/cek.py
[2024-09-02T06:48:57.015+0000] {processor.py:914} INFO - Processing file /opt/airflow/dags/cek.py for tasks to queue
[2024-09-02T06:48:57.017+0000] {logging_mixin.py:190} INFO - [2024-09-02T06:48:57.017+0000] {dagbag.py:587} INFO - Filling up the DagBag from /opt/airflow/dags/cek.py
[2024-09-02T06:48:57.035+0000] {processor.py:925} INFO - DAG(s) 'dag_with_taskflow_api_v01_coder2j' retrieved from /opt/airflow/dags/cek.py
[2024-09-02T06:48:57.061+0000] {logging_mixin.py:190} INFO - [2024-09-02T06:48:57.061+0000] {dag.py:3211} INFO - Sync 1 DAGs
[2024-09-02T06:48:57.085+0000] {logging_mixin.py:190} INFO - [2024-09-02T06:48:57.085+0000] {dag.py:4138} INFO - Setting next_dagrun for dag_with_taskflow_api_v01_coder2j to 2024-09-02 00:00:00+00:00, run_after=2024-09-03 00:00:00+00:00
[2024-09-02T06:48:57.106+0000] {processor.py:208} INFO - Processing /opt/airflow/dags/cek.py took 0.098 seconds
[2024-09-02T06:49:27.478+0000] {processor.py:186} INFO - Started process (PID=1291) to work on /opt/airflow/dags/cek.py
[2024-09-02T06:49:27.479+0000] {processor.py:914} INFO - Processing file /opt/airflow/dags/cek.py for tasks to queue
[2024-09-02T06:49:27.481+0000] {logging_mixin.py:190} INFO - [2024-09-02T06:49:27.481+0000] {dagbag.py:587} INFO - Filling up the DagBag from /opt/airflow/dags/cek.py
[2024-09-02T06:49:27.498+0000] {processor.py:925} INFO - DAG(s) 'dag_with_taskflow_api_v01_coder2j' retrieved from /opt/airflow/dags/cek.py
[2024-09-02T06:49:27.525+0000] {logging_mixin.py:190} INFO - [2024-09-02T06:49:27.525+0000] {dag.py:3211} INFO - Sync 1 DAGs
[2024-09-02T06:49:27.548+0000] {logging_mixin.py:190} INFO - [2024-09-02T06:49:27.548+0000] {dag.py:4138} INFO - Setting next_dagrun for dag_with_taskflow_api_v01_coder2j to 2024-09-02 00:00:00+00:00, run_after=2024-09-03 00:00:00+00:00
[2024-09-02T06:49:27.571+0000] {processor.py:208} INFO - Processing /opt/airflow/dags/cek.py took 0.098 seconds
[2024-09-02T06:49:58.025+0000] {processor.py:186} INFO - Started process (PID=1317) to work on /opt/airflow/dags/cek.py
[2024-09-02T06:49:58.026+0000] {processor.py:914} INFO - Processing file /opt/airflow/dags/cek.py for tasks to queue
[2024-09-02T06:49:58.028+0000] {logging_mixin.py:190} INFO - [2024-09-02T06:49:58.028+0000] {dagbag.py:587} INFO - Filling up the DagBag from /opt/airflow/dags/cek.py
[2024-09-02T06:49:58.045+0000] {processor.py:925} INFO - DAG(s) 'dag_with_taskflow_api_v01_coder2j' retrieved from /opt/airflow/dags/cek.py
[2024-09-02T06:49:58.070+0000] {logging_mixin.py:190} INFO - [2024-09-02T06:49:58.070+0000] {dag.py:3211} INFO - Sync 1 DAGs
[2024-09-02T06:49:58.095+0000] {logging_mixin.py:190} INFO - [2024-09-02T06:49:58.094+0000] {dag.py:4138} INFO - Setting next_dagrun for dag_with_taskflow_api_v01_coder2j to 2024-09-02 00:00:00+00:00, run_after=2024-09-03 00:00:00+00:00
[2024-09-02T06:49:58.125+0000] {processor.py:208} INFO - Processing /opt/airflow/dags/cek.py took 0.105 seconds
[2024-09-02T06:50:28.458+0000] {processor.py:186} INFO - Started process (PID=1343) to work on /opt/airflow/dags/cek.py
[2024-09-02T06:50:28.460+0000] {processor.py:914} INFO - Processing file /opt/airflow/dags/cek.py for tasks to queue
[2024-09-02T06:50:28.462+0000] {logging_mixin.py:190} INFO - [2024-09-02T06:50:28.461+0000] {dagbag.py:587} INFO - Filling up the DagBag from /opt/airflow/dags/cek.py
[2024-09-02T06:50:28.480+0000] {processor.py:925} INFO - DAG(s) 'dag_with_taskflow_api_v01_coder2j' retrieved from /opt/airflow/dags/cek.py
[2024-09-02T06:50:28.506+0000] {logging_mixin.py:190} INFO - [2024-09-02T06:50:28.506+0000] {dag.py:3211} INFO - Sync 1 DAGs
[2024-09-02T06:50:28.530+0000] {logging_mixin.py:190} INFO - [2024-09-02T06:50:28.530+0000] {dag.py:4138} INFO - Setting next_dagrun for dag_with_taskflow_api_v01_coder2j to 2024-09-02 00:00:00+00:00, run_after=2024-09-03 00:00:00+00:00
[2024-09-02T06:50:28.550+0000] {processor.py:208} INFO - Processing /opt/airflow/dags/cek.py took 0.097 seconds
[2024-09-02T06:50:59.001+0000] {processor.py:186} INFO - Started process (PID=1369) to work on /opt/airflow/dags/cek.py
[2024-09-02T06:50:59.002+0000] {processor.py:914} INFO - Processing file /opt/airflow/dags/cek.py for tasks to queue
[2024-09-02T06:50:59.005+0000] {logging_mixin.py:190} INFO - [2024-09-02T06:50:59.004+0000] {dagbag.py:587} INFO - Filling up the DagBag from /opt/airflow/dags/cek.py
[2024-09-02T06:50:59.023+0000] {processor.py:925} INFO - DAG(s) 'dag_with_taskflow_api_v01_coder2j' retrieved from /opt/airflow/dags/cek.py
[2024-09-02T06:50:59.049+0000] {logging_mixin.py:190} INFO - [2024-09-02T06:50:59.049+0000] {dag.py:3211} INFO - Sync 1 DAGs
[2024-09-02T06:50:59.072+0000] {logging_mixin.py:190} INFO - [2024-09-02T06:50:59.072+0000] {dag.py:4138} INFO - Setting next_dagrun for dag_with_taskflow_api_v01_coder2j to 2024-09-02 00:00:00+00:00, run_after=2024-09-03 00:00:00+00:00
[2024-09-02T06:50:59.103+0000] {processor.py:208} INFO - Processing /opt/airflow/dags/cek.py took 0.107 seconds
[2024-09-02T06:51:29.436+0000] {processor.py:186} INFO - Started process (PID=1395) to work on /opt/airflow/dags/cek.py
[2024-09-02T06:51:29.437+0000] {processor.py:914} INFO - Processing file /opt/airflow/dags/cek.py for tasks to queue
[2024-09-02T06:51:29.440+0000] {logging_mixin.py:190} INFO - [2024-09-02T06:51:29.439+0000] {dagbag.py:587} INFO - Filling up the DagBag from /opt/airflow/dags/cek.py
[2024-09-02T06:51:29.457+0000] {processor.py:925} INFO - DAG(s) 'dag_with_taskflow_api_v01_coder2j' retrieved from /opt/airflow/dags/cek.py
[2024-09-02T06:51:29.482+0000] {logging_mixin.py:190} INFO - [2024-09-02T06:51:29.482+0000] {dag.py:3211} INFO - Sync 1 DAGs
[2024-09-02T06:51:29.506+0000] {logging_mixin.py:190} INFO - [2024-09-02T06:51:29.506+0000] {dag.py:4138} INFO - Setting next_dagrun for dag_with_taskflow_api_v01_coder2j to 2024-09-02 00:00:00+00:00, run_after=2024-09-03 00:00:00+00:00
[2024-09-02T06:51:29.539+0000] {processor.py:208} INFO - Processing /opt/airflow/dags/cek.py took 0.108 seconds
[2024-09-02T06:51:59.987+0000] {processor.py:186} INFO - Started process (PID=1421) to work on /opt/airflow/dags/cek.py
[2024-09-02T06:51:59.988+0000] {processor.py:914} INFO - Processing file /opt/airflow/dags/cek.py for tasks to queue
[2024-09-02T06:51:59.990+0000] {logging_mixin.py:190} INFO - [2024-09-02T06:51:59.990+0000] {dagbag.py:587} INFO - Filling up the DagBag from /opt/airflow/dags/cek.py
[2024-09-02T06:52:00.008+0000] {processor.py:925} INFO - DAG(s) 'dag_with_taskflow_api_v01_coder2j' retrieved from /opt/airflow/dags/cek.py
[2024-09-02T06:52:00.037+0000] {logging_mixin.py:190} INFO - [2024-09-02T06:52:00.037+0000] {dag.py:3211} INFO - Sync 1 DAGs
[2024-09-02T06:52:00.061+0000] {logging_mixin.py:190} INFO - [2024-09-02T06:52:00.061+0000] {dag.py:4138} INFO - Setting next_dagrun for dag_with_taskflow_api_v01_coder2j to 2024-09-02 00:00:00+00:00, run_after=2024-09-03 00:00:00+00:00
[2024-09-02T06:52:00.081+0000] {processor.py:208} INFO - Processing /opt/airflow/dags/cek.py took 0.100 seconds
[2024-09-02T06:52:30.521+0000] {processor.py:186} INFO - Started process (PID=1447) to work on /opt/airflow/dags/cek.py
[2024-09-02T06:52:30.522+0000] {processor.py:914} INFO - Processing file /opt/airflow/dags/cek.py for tasks to queue
[2024-09-02T06:52:30.524+0000] {logging_mixin.py:190} INFO - [2024-09-02T06:52:30.524+0000] {dagbag.py:587} INFO - Filling up the DagBag from /opt/airflow/dags/cek.py
[2024-09-02T06:52:30.542+0000] {processor.py:925} INFO - DAG(s) 'dag_with_taskflow_api_v01_coder2j' retrieved from /opt/airflow/dags/cek.py
[2024-09-02T06:52:30.568+0000] {logging_mixin.py:190} INFO - [2024-09-02T06:52:30.567+0000] {dag.py:3211} INFO - Sync 1 DAGs
[2024-09-02T06:52:30.594+0000] {logging_mixin.py:190} INFO - [2024-09-02T06:52:30.593+0000] {dag.py:4138} INFO - Setting next_dagrun for dag_with_taskflow_api_v01_coder2j to 2024-09-02 00:00:00+00:00, run_after=2024-09-03 00:00:00+00:00
[2024-09-02T06:52:30.625+0000] {processor.py:208} INFO - Processing /opt/airflow/dags/cek.py took 0.109 seconds
[2024-09-02T06:53:01.061+0000] {processor.py:186} INFO - Started process (PID=1473) to work on /opt/airflow/dags/cek.py
[2024-09-02T06:53:01.062+0000] {processor.py:914} INFO - Processing file /opt/airflow/dags/cek.py for tasks to queue
[2024-09-02T06:53:01.064+0000] {logging_mixin.py:190} INFO - [2024-09-02T06:53:01.063+0000] {dagbag.py:587} INFO - Filling up the DagBag from /opt/airflow/dags/cek.py
[2024-09-02T06:53:01.081+0000] {processor.py:925} INFO - DAG(s) 'dag_with_taskflow_api_v01_coder2j' retrieved from /opt/airflow/dags/cek.py
[2024-09-02T06:53:01.106+0000] {logging_mixin.py:190} INFO - [2024-09-02T06:53:01.105+0000] {dag.py:3211} INFO - Sync 1 DAGs
[2024-09-02T06:53:01.130+0000] {logging_mixin.py:190} INFO - [2024-09-02T06:53:01.129+0000] {dag.py:4138} INFO - Setting next_dagrun for dag_with_taskflow_api_v01_coder2j to 2024-09-02 00:00:00+00:00, run_after=2024-09-03 00:00:00+00:00
[2024-09-02T06:53:01.162+0000] {processor.py:208} INFO - Processing /opt/airflow/dags/cek.py took 0.106 seconds
[2024-09-02T06:53:31.609+0000] {processor.py:186} INFO - Started process (PID=1499) to work on /opt/airflow/dags/cek.py
[2024-09-02T06:53:31.610+0000] {processor.py:914} INFO - Processing file /opt/airflow/dags/cek.py for tasks to queue
[2024-09-02T06:53:31.612+0000] {logging_mixin.py:190} INFO - [2024-09-02T06:53:31.612+0000] {dagbag.py:587} INFO - Filling up the DagBag from /opt/airflow/dags/cek.py
[2024-09-02T06:53:31.630+0000] {processor.py:925} INFO - DAG(s) 'dag_with_taskflow_api_v01_coder2j' retrieved from /opt/airflow/dags/cek.py
[2024-09-02T06:53:31.657+0000] {logging_mixin.py:190} INFO - [2024-09-02T06:53:31.657+0000] {dag.py:3211} INFO - Sync 1 DAGs
[2024-09-02T06:53:31.680+0000] {logging_mixin.py:190} INFO - [2024-09-02T06:53:31.680+0000] {dag.py:4138} INFO - Setting next_dagrun for dag_with_taskflow_api_v01_coder2j to 2024-09-02 00:00:00+00:00, run_after=2024-09-03 00:00:00+00:00
[2024-09-02T06:53:31.709+0000] {processor.py:208} INFO - Processing /opt/airflow/dags/cek.py took 0.105 seconds
[2024-09-02T06:54:02.159+0000] {processor.py:186} INFO - Started process (PID=1525) to work on /opt/airflow/dags/cek.py
[2024-09-02T06:54:02.160+0000] {processor.py:914} INFO - Processing file /opt/airflow/dags/cek.py for tasks to queue
[2024-09-02T06:54:02.164+0000] {logging_mixin.py:190} INFO - [2024-09-02T06:54:02.163+0000] {dagbag.py:587} INFO - Filling up the DagBag from /opt/airflow/dags/cek.py
[2024-09-02T06:54:02.183+0000] {processor.py:925} INFO - DAG(s) 'dag_with_taskflow_api_v01_coder2j' retrieved from /opt/airflow/dags/cek.py
[2024-09-02T06:54:02.210+0000] {logging_mixin.py:190} INFO - [2024-09-02T06:54:02.210+0000] {dag.py:3211} INFO - Sync 1 DAGs
[2024-09-02T06:54:02.235+0000] {logging_mixin.py:190} INFO - [2024-09-02T06:54:02.235+0000] {dag.py:4138} INFO - Setting next_dagrun for dag_with_taskflow_api_v01_coder2j to 2024-09-02 00:00:00+00:00, run_after=2024-09-03 00:00:00+00:00
[2024-09-02T06:54:02.256+0000] {processor.py:208} INFO - Processing /opt/airflow/dags/cek.py took 0.103 seconds
[2024-09-02T06:54:32.750+0000] {processor.py:186} INFO - Started process (PID=1551) to work on /opt/airflow/dags/cek.py
[2024-09-02T06:54:32.751+0000] {processor.py:914} INFO - Processing file /opt/airflow/dags/cek.py for tasks to queue
[2024-09-02T06:54:32.753+0000] {logging_mixin.py:190} INFO - [2024-09-02T06:54:32.753+0000] {dagbag.py:587} INFO - Filling up the DagBag from /opt/airflow/dags/cek.py
[2024-09-02T06:54:32.771+0000] {processor.py:925} INFO - DAG(s) 'dag_with_taskflow_api_v01_coder2j' retrieved from /opt/airflow/dags/cek.py
[2024-09-02T06:54:32.797+0000] {logging_mixin.py:190} INFO - [2024-09-02T06:54:32.797+0000] {dag.py:3211} INFO - Sync 1 DAGs
[2024-09-02T06:54:32.822+0000] {logging_mixin.py:190} INFO - [2024-09-02T06:54:32.821+0000] {dag.py:4138} INFO - Setting next_dagrun for dag_with_taskflow_api_v01_coder2j to 2024-09-02 00:00:00+00:00, run_after=2024-09-03 00:00:00+00:00
[2024-09-02T06:54:32.853+0000] {processor.py:208} INFO - Processing /opt/airflow/dags/cek.py took 0.108 seconds
[2024-09-02T06:55:03.293+0000] {processor.py:186} INFO - Started process (PID=1577) to work on /opt/airflow/dags/cek.py
[2024-09-02T06:55:03.294+0000] {processor.py:914} INFO - Processing file /opt/airflow/dags/cek.py for tasks to queue
[2024-09-02T06:55:03.297+0000] {logging_mixin.py:190} INFO - [2024-09-02T06:55:03.296+0000] {dagbag.py:587} INFO - Filling up the DagBag from /opt/airflow/dags/cek.py
[2024-09-02T06:55:03.315+0000] {processor.py:925} INFO - DAG(s) 'dag_with_taskflow_api_v01_coder2j' retrieved from /opt/airflow/dags/cek.py
[2024-09-02T06:55:03.341+0000] {logging_mixin.py:190} INFO - [2024-09-02T06:55:03.341+0000] {dag.py:3211} INFO - Sync 1 DAGs
[2024-09-02T06:55:03.367+0000] {logging_mixin.py:190} INFO - [2024-09-02T06:55:03.366+0000] {dag.py:4138} INFO - Setting next_dagrun for dag_with_taskflow_api_v01_coder2j to 2024-09-02 00:00:00+00:00, run_after=2024-09-03 00:00:00+00:00
[2024-09-02T06:55:03.389+0000] {processor.py:208} INFO - Processing /opt/airflow/dags/cek.py took 0.101 seconds
[2024-09-02T06:55:33.821+0000] {processor.py:186} INFO - Started process (PID=1603) to work on /opt/airflow/dags/cek.py
[2024-09-02T06:55:33.822+0000] {processor.py:914} INFO - Processing file /opt/airflow/dags/cek.py for tasks to queue
[2024-09-02T06:55:33.824+0000] {logging_mixin.py:190} INFO - [2024-09-02T06:55:33.824+0000] {dagbag.py:587} INFO - Filling up the DagBag from /opt/airflow/dags/cek.py
[2024-09-02T06:55:33.844+0000] {processor.py:925} INFO - DAG(s) 'dag_with_taskflow_api_v01_coder2j' retrieved from /opt/airflow/dags/cek.py
[2024-09-02T06:55:33.870+0000] {logging_mixin.py:190} INFO - [2024-09-02T06:55:33.870+0000] {dag.py:3211} INFO - Sync 1 DAGs
[2024-09-02T06:55:33.897+0000] {logging_mixin.py:190} INFO - [2024-09-02T06:55:33.896+0000] {dag.py:4138} INFO - Setting next_dagrun for dag_with_taskflow_api_v01_coder2j to 2024-09-02 00:00:00+00:00, run_after=2024-09-03 00:00:00+00:00
[2024-09-02T06:55:33.917+0000] {processor.py:208} INFO - Processing /opt/airflow/dags/cek.py took 0.100 seconds
