[2024-08-30T02:44:28.560+0000] {processor.py:186} INFO - Started process (PID=358) to work on /home/airflow/.local/lib/python3.12/site-packages/airflow/example_dags/example_display_name.py
[2024-08-30T02:44:28.561+0000] {processor.py:914} INFO - Processing file /home/airflow/.local/lib/python3.12/site-packages/airflow/example_dags/example_display_name.py for tasks to queue
[2024-08-30T02:44:28.563+0000] {logging_mixin.py:190} INFO - [2024-08-30T02:44:28.562+0000] {dagbag.py:587} INFO - Filling up the DagBag from /home/airflow/.local/lib/python3.12/site-packages/airflow/example_dags/example_display_name.py
[2024-08-30T02:44:28.570+0000] {processor.py:925} INFO - DAG(s) 'example_display_name' retrieved from /home/airflow/.local/lib/python3.12/site-packages/airflow/example_dags/example_display_name.py
[2024-08-30T02:44:28.589+0000] {logging_mixin.py:190} INFO - [2024-08-30T02:44:28.589+0000] {dag.py:3211} INFO - Sync 1 DAGs
[2024-08-30T02:44:28.603+0000] {logging_mixin.py:190} INFO - [2024-08-30T02:44:28.603+0000] {dag.py:4138} INFO - Setting next_dagrun for example_display_name to None, run_after=None
[2024-08-30T02:44:28.628+0000] {processor.py:208} INFO - Processing /home/airflow/.local/lib/python3.12/site-packages/airflow/example_dags/example_display_name.py took 0.074 seconds
[2024-08-30T02:44:58.678+0000] {processor.py:186} INFO - Started process (PID=647) to work on /home/airflow/.local/lib/python3.12/site-packages/airflow/example_dags/example_display_name.py
[2024-08-30T02:44:58.679+0000] {processor.py:914} INFO - Processing file /home/airflow/.local/lib/python3.12/site-packages/airflow/example_dags/example_display_name.py for tasks to queue
[2024-08-30T02:44:58.681+0000] {logging_mixin.py:190} INFO - [2024-08-30T02:44:58.681+0000] {dagbag.py:587} INFO - Filling up the DagBag from /home/airflow/.local/lib/python3.12/site-packages/airflow/example_dags/example_display_name.py
[2024-08-30T02:44:58.688+0000] {processor.py:925} INFO - DAG(s) 'example_display_name' retrieved from /home/airflow/.local/lib/python3.12/site-packages/airflow/example_dags/example_display_name.py
[2024-08-30T02:44:58.706+0000] {logging_mixin.py:190} INFO - [2024-08-30T02:44:58.706+0000] {dag.py:3211} INFO - Sync 1 DAGs
[2024-08-30T02:44:58.718+0000] {logging_mixin.py:190} INFO - [2024-08-30T02:44:58.718+0000] {dag.py:4138} INFO - Setting next_dagrun for example_display_name to None, run_after=None
[2024-08-30T02:44:58.737+0000] {processor.py:208} INFO - Processing /home/airflow/.local/lib/python3.12/site-packages/airflow/example_dags/example_display_name.py took 0.064 seconds
[2024-08-30T02:45:29.284+0000] {processor.py:186} INFO - Started process (PID=933) to work on /home/airflow/.local/lib/python3.12/site-packages/airflow/example_dags/example_display_name.py
[2024-08-30T02:45:29.285+0000] {processor.py:914} INFO - Processing file /home/airflow/.local/lib/python3.12/site-packages/airflow/example_dags/example_display_name.py for tasks to queue
[2024-08-30T02:45:29.287+0000] {logging_mixin.py:190} INFO - [2024-08-30T02:45:29.287+0000] {dagbag.py:587} INFO - Filling up the DagBag from /home/airflow/.local/lib/python3.12/site-packages/airflow/example_dags/example_display_name.py
[2024-08-30T02:45:29.293+0000] {processor.py:925} INFO - DAG(s) 'example_display_name' retrieved from /home/airflow/.local/lib/python3.12/site-packages/airflow/example_dags/example_display_name.py
[2024-08-30T02:45:29.311+0000] {logging_mixin.py:190} INFO - [2024-08-30T02:45:29.311+0000] {dag.py:3211} INFO - Sync 1 DAGs
[2024-08-30T02:45:29.325+0000] {logging_mixin.py:190} INFO - [2024-08-30T02:45:29.324+0000] {dag.py:4138} INFO - Setting next_dagrun for example_display_name to None, run_after=None
[2024-08-30T02:45:29.344+0000] {processor.py:208} INFO - Processing /home/airflow/.local/lib/python3.12/site-packages/airflow/example_dags/example_display_name.py took 0.066 seconds
[2024-08-30T02:46:00.065+0000] {processor.py:186} INFO - Started process (PID=1219) to work on /home/airflow/.local/lib/python3.12/site-packages/airflow/example_dags/example_display_name.py
[2024-08-30T02:46:00.067+0000] {processor.py:914} INFO - Processing file /home/airflow/.local/lib/python3.12/site-packages/airflow/example_dags/example_display_name.py for tasks to queue
[2024-08-30T02:46:00.070+0000] {logging_mixin.py:190} INFO - [2024-08-30T02:46:00.069+0000] {dagbag.py:587} INFO - Filling up the DagBag from /home/airflow/.local/lib/python3.12/site-packages/airflow/example_dags/example_display_name.py
[2024-08-30T02:46:00.076+0000] {processor.py:925} INFO - DAG(s) 'example_display_name' retrieved from /home/airflow/.local/lib/python3.12/site-packages/airflow/example_dags/example_display_name.py
[2024-08-30T02:46:00.093+0000] {logging_mixin.py:190} INFO - [2024-08-30T02:46:00.093+0000] {dag.py:3211} INFO - Sync 1 DAGs
[2024-08-30T02:46:00.105+0000] {logging_mixin.py:190} INFO - [2024-08-30T02:46:00.105+0000] {dag.py:4138} INFO - Setting next_dagrun for example_display_name to None, run_after=None
[2024-08-30T02:46:00.122+0000] {processor.py:208} INFO - Processing /home/airflow/.local/lib/python3.12/site-packages/airflow/example_dags/example_display_name.py took 0.062 seconds
[2024-08-30T02:46:30.595+0000] {processor.py:186} INFO - Started process (PID=1505) to work on /home/airflow/.local/lib/python3.12/site-packages/airflow/example_dags/example_display_name.py
[2024-08-30T02:46:30.596+0000] {processor.py:914} INFO - Processing file /home/airflow/.local/lib/python3.12/site-packages/airflow/example_dags/example_display_name.py for tasks to queue
[2024-08-30T02:46:30.598+0000] {logging_mixin.py:190} INFO - [2024-08-30T02:46:30.597+0000] {dagbag.py:587} INFO - Filling up the DagBag from /home/airflow/.local/lib/python3.12/site-packages/airflow/example_dags/example_display_name.py
[2024-08-30T02:46:30.603+0000] {processor.py:925} INFO - DAG(s) 'example_display_name' retrieved from /home/airflow/.local/lib/python3.12/site-packages/airflow/example_dags/example_display_name.py
[2024-08-30T02:46:30.620+0000] {logging_mixin.py:190} INFO - [2024-08-30T02:46:30.620+0000] {dag.py:3211} INFO - Sync 1 DAGs
[2024-08-30T02:46:30.631+0000] {logging_mixin.py:190} INFO - [2024-08-30T02:46:30.631+0000] {dag.py:4138} INFO - Setting next_dagrun for example_display_name to None, run_after=None
[2024-08-30T02:46:30.650+0000] {processor.py:208} INFO - Processing /home/airflow/.local/lib/python3.12/site-packages/airflow/example_dags/example_display_name.py took 0.060 seconds
[2024-08-30T02:47:01.351+0000] {processor.py:186} INFO - Started process (PID=1793) to work on /home/airflow/.local/lib/python3.12/site-packages/airflow/example_dags/example_display_name.py
[2024-08-30T02:47:01.352+0000] {processor.py:914} INFO - Processing file /home/airflow/.local/lib/python3.12/site-packages/airflow/example_dags/example_display_name.py for tasks to queue
[2024-08-30T02:47:01.354+0000] {logging_mixin.py:190} INFO - [2024-08-30T02:47:01.354+0000] {dagbag.py:587} INFO - Filling up the DagBag from /home/airflow/.local/lib/python3.12/site-packages/airflow/example_dags/example_display_name.py
[2024-08-30T02:47:01.360+0000] {processor.py:925} INFO - DAG(s) 'example_display_name' retrieved from /home/airflow/.local/lib/python3.12/site-packages/airflow/example_dags/example_display_name.py
[2024-08-30T02:47:01.378+0000] {logging_mixin.py:190} INFO - [2024-08-30T02:47:01.378+0000] {dag.py:3211} INFO - Sync 1 DAGs
[2024-08-30T02:47:01.392+0000] {logging_mixin.py:190} INFO - [2024-08-30T02:47:01.392+0000] {dag.py:4138} INFO - Setting next_dagrun for example_display_name to None, run_after=None
[2024-08-30T02:47:01.410+0000] {processor.py:208} INFO - Processing /home/airflow/.local/lib/python3.12/site-packages/airflow/example_dags/example_display_name.py took 0.065 seconds
[2024-08-30T02:47:32.247+0000] {processor.py:186} INFO - Started process (PID=2077) to work on /home/airflow/.local/lib/python3.12/site-packages/airflow/example_dags/example_display_name.py
[2024-08-30T02:47:32.247+0000] {processor.py:914} INFO - Processing file /home/airflow/.local/lib/python3.12/site-packages/airflow/example_dags/example_display_name.py for tasks to queue
[2024-08-30T02:47:32.249+0000] {logging_mixin.py:190} INFO - [2024-08-30T02:47:32.249+0000] {dagbag.py:587} INFO - Filling up the DagBag from /home/airflow/.local/lib/python3.12/site-packages/airflow/example_dags/example_display_name.py
[2024-08-30T02:47:32.255+0000] {processor.py:925} INFO - DAG(s) 'example_display_name' retrieved from /home/airflow/.local/lib/python3.12/site-packages/airflow/example_dags/example_display_name.py
[2024-08-30T02:47:32.272+0000] {logging_mixin.py:190} INFO - [2024-08-30T02:47:32.272+0000] {dag.py:3211} INFO - Sync 1 DAGs
[2024-08-30T02:47:32.285+0000] {logging_mixin.py:190} INFO - [2024-08-30T02:47:32.284+0000] {dag.py:4138} INFO - Setting next_dagrun for example_display_name to None, run_after=None
[2024-08-30T02:47:32.306+0000] {processor.py:208} INFO - Processing /home/airflow/.local/lib/python3.12/site-packages/airflow/example_dags/example_display_name.py took 0.064 seconds
[2024-08-30T02:48:03.093+0000] {processor.py:186} INFO - Started process (PID=2363) to work on /home/airflow/.local/lib/python3.12/site-packages/airflow/example_dags/example_display_name.py
[2024-08-30T02:48:03.094+0000] {processor.py:914} INFO - Processing file /home/airflow/.local/lib/python3.12/site-packages/airflow/example_dags/example_display_name.py for tasks to queue
[2024-08-30T02:48:03.096+0000] {logging_mixin.py:190} INFO - [2024-08-30T02:48:03.095+0000] {dagbag.py:587} INFO - Filling up the DagBag from /home/airflow/.local/lib/python3.12/site-packages/airflow/example_dags/example_display_name.py
[2024-08-30T02:48:03.102+0000] {processor.py:925} INFO - DAG(s) 'example_display_name' retrieved from /home/airflow/.local/lib/python3.12/site-packages/airflow/example_dags/example_display_name.py
[2024-08-30T02:48:03.119+0000] {logging_mixin.py:190} INFO - [2024-08-30T02:48:03.118+0000] {dag.py:3211} INFO - Sync 1 DAGs
[2024-08-30T02:48:03.131+0000] {logging_mixin.py:190} INFO - [2024-08-30T02:48:03.131+0000] {dag.py:4138} INFO - Setting next_dagrun for example_display_name to None, run_after=None
[2024-08-30T02:48:03.148+0000] {processor.py:208} INFO - Processing /home/airflow/.local/lib/python3.12/site-packages/airflow/example_dags/example_display_name.py took 0.060 seconds
[2024-08-30T02:48:34.078+0000] {processor.py:186} INFO - Started process (PID=2649) to work on /home/airflow/.local/lib/python3.12/site-packages/airflow/example_dags/example_display_name.py
[2024-08-30T02:48:34.079+0000] {processor.py:914} INFO - Processing file /home/airflow/.local/lib/python3.12/site-packages/airflow/example_dags/example_display_name.py for tasks to queue
[2024-08-30T02:48:34.081+0000] {logging_mixin.py:190} INFO - [2024-08-30T02:48:34.080+0000] {dagbag.py:587} INFO - Filling up the DagBag from /home/airflow/.local/lib/python3.12/site-packages/airflow/example_dags/example_display_name.py
[2024-08-30T02:48:34.087+0000] {processor.py:925} INFO - DAG(s) 'example_display_name' retrieved from /home/airflow/.local/lib/python3.12/site-packages/airflow/example_dags/example_display_name.py
[2024-08-30T02:48:34.107+0000] {logging_mixin.py:190} INFO - [2024-08-30T02:48:34.107+0000] {dag.py:3211} INFO - Sync 1 DAGs
[2024-08-30T02:48:34.121+0000] {logging_mixin.py:190} INFO - [2024-08-30T02:48:34.121+0000] {dag.py:4138} INFO - Setting next_dagrun for example_display_name to None, run_after=None
[2024-08-30T02:48:34.141+0000] {processor.py:208} INFO - Processing /home/airflow/.local/lib/python3.12/site-packages/airflow/example_dags/example_display_name.py took 0.068 seconds
[2024-08-30T02:49:04.844+0000] {processor.py:186} INFO - Started process (PID=2935) to work on /home/airflow/.local/lib/python3.12/site-packages/airflow/example_dags/example_display_name.py
[2024-08-30T02:49:04.845+0000] {processor.py:914} INFO - Processing file /home/airflow/.local/lib/python3.12/site-packages/airflow/example_dags/example_display_name.py for tasks to queue
[2024-08-30T02:49:04.847+0000] {logging_mixin.py:190} INFO - [2024-08-30T02:49:04.847+0000] {dagbag.py:587} INFO - Filling up the DagBag from /home/airflow/.local/lib/python3.12/site-packages/airflow/example_dags/example_display_name.py
[2024-08-30T02:49:04.854+0000] {processor.py:925} INFO - DAG(s) 'example_display_name' retrieved from /home/airflow/.local/lib/python3.12/site-packages/airflow/example_dags/example_display_name.py
[2024-08-30T02:49:04.872+0000] {logging_mixin.py:190} INFO - [2024-08-30T02:49:04.871+0000] {dag.py:3211} INFO - Sync 1 DAGs
[2024-08-30T02:49:04.885+0000] {logging_mixin.py:190} INFO - [2024-08-30T02:49:04.885+0000] {dag.py:4138} INFO - Setting next_dagrun for example_display_name to None, run_after=None
[2024-08-30T02:49:04.905+0000] {processor.py:208} INFO - Processing /home/airflow/.local/lib/python3.12/site-packages/airflow/example_dags/example_display_name.py took 0.066 seconds
[2024-08-30T02:49:35.796+0000] {processor.py:186} INFO - Started process (PID=3221) to work on /home/airflow/.local/lib/python3.12/site-packages/airflow/example_dags/example_display_name.py
[2024-08-30T02:49:35.797+0000] {processor.py:914} INFO - Processing file /home/airflow/.local/lib/python3.12/site-packages/airflow/example_dags/example_display_name.py for tasks to queue
[2024-08-30T02:49:35.799+0000] {logging_mixin.py:190} INFO - [2024-08-30T02:49:35.798+0000] {dagbag.py:587} INFO - Filling up the DagBag from /home/airflow/.local/lib/python3.12/site-packages/airflow/example_dags/example_display_name.py
[2024-08-30T02:49:35.805+0000] {processor.py:925} INFO - DAG(s) 'example_display_name' retrieved from /home/airflow/.local/lib/python3.12/site-packages/airflow/example_dags/example_display_name.py
[2024-08-30T02:49:35.823+0000] {logging_mixin.py:190} INFO - [2024-08-30T02:49:35.822+0000] {dag.py:3211} INFO - Sync 1 DAGs
[2024-08-30T02:49:35.836+0000] {logging_mixin.py:190} INFO - [2024-08-30T02:49:35.836+0000] {dag.py:4138} INFO - Setting next_dagrun for example_display_name to None, run_after=None
[2024-08-30T02:49:35.860+0000] {processor.py:208} INFO - Processing /home/airflow/.local/lib/python3.12/site-packages/airflow/example_dags/example_display_name.py took 0.069 seconds
[2024-08-30T02:50:06.482+0000] {processor.py:186} INFO - Started process (PID=3507) to work on /home/airflow/.local/lib/python3.12/site-packages/airflow/example_dags/example_display_name.py
[2024-08-30T02:50:06.484+0000] {processor.py:914} INFO - Processing file /home/airflow/.local/lib/python3.12/site-packages/airflow/example_dags/example_display_name.py for tasks to queue
[2024-08-30T02:50:06.486+0000] {logging_mixin.py:190} INFO - [2024-08-30T02:50:06.486+0000] {dagbag.py:587} INFO - Filling up the DagBag from /home/airflow/.local/lib/python3.12/site-packages/airflow/example_dags/example_display_name.py
[2024-08-30T02:50:06.493+0000] {processor.py:925} INFO - DAG(s) 'example_display_name' retrieved from /home/airflow/.local/lib/python3.12/site-packages/airflow/example_dags/example_display_name.py
[2024-08-30T02:50:06.513+0000] {logging_mixin.py:190} INFO - [2024-08-30T02:50:06.512+0000] {dag.py:3211} INFO - Sync 1 DAGs
[2024-08-30T02:50:06.527+0000] {logging_mixin.py:190} INFO - [2024-08-30T02:50:06.526+0000] {dag.py:4138} INFO - Setting next_dagrun for example_display_name to None, run_after=None
[2024-08-30T02:50:06.546+0000] {processor.py:208} INFO - Processing /home/airflow/.local/lib/python3.12/site-packages/airflow/example_dags/example_display_name.py took 0.069 seconds
[2024-08-30T02:50:37.156+0000] {processor.py:186} INFO - Started process (PID=3793) to work on /home/airflow/.local/lib/python3.12/site-packages/airflow/example_dags/example_display_name.py
[2024-08-30T02:50:37.157+0000] {processor.py:914} INFO - Processing file /home/airflow/.local/lib/python3.12/site-packages/airflow/example_dags/example_display_name.py for tasks to queue
[2024-08-30T02:50:37.160+0000] {logging_mixin.py:190} INFO - [2024-08-30T02:50:37.159+0000] {dagbag.py:587} INFO - Filling up the DagBag from /home/airflow/.local/lib/python3.12/site-packages/airflow/example_dags/example_display_name.py
[2024-08-30T02:50:37.166+0000] {processor.py:925} INFO - DAG(s) 'example_display_name' retrieved from /home/airflow/.local/lib/python3.12/site-packages/airflow/example_dags/example_display_name.py
[2024-08-30T02:50:37.185+0000] {logging_mixin.py:190} INFO - [2024-08-30T02:50:37.185+0000] {dag.py:3211} INFO - Sync 1 DAGs
[2024-08-30T02:50:37.199+0000] {logging_mixin.py:190} INFO - [2024-08-30T02:50:37.199+0000] {dag.py:4138} INFO - Setting next_dagrun for example_display_name to None, run_after=None
[2024-08-30T02:50:37.220+0000] {processor.py:208} INFO - Processing /home/airflow/.local/lib/python3.12/site-packages/airflow/example_dags/example_display_name.py took 0.069 seconds
[2024-08-30T02:51:07.766+0000] {processor.py:186} INFO - Started process (PID=4079) to work on /home/airflow/.local/lib/python3.12/site-packages/airflow/example_dags/example_display_name.py
[2024-08-30T02:51:07.767+0000] {processor.py:914} INFO - Processing file /home/airflow/.local/lib/python3.12/site-packages/airflow/example_dags/example_display_name.py for tasks to queue
[2024-08-30T02:51:07.769+0000] {logging_mixin.py:190} INFO - [2024-08-30T02:51:07.769+0000] {dagbag.py:587} INFO - Filling up the DagBag from /home/airflow/.local/lib/python3.12/site-packages/airflow/example_dags/example_display_name.py
[2024-08-30T02:51:07.775+0000] {processor.py:925} INFO - DAG(s) 'example_display_name' retrieved from /home/airflow/.local/lib/python3.12/site-packages/airflow/example_dags/example_display_name.py
[2024-08-30T02:51:07.793+0000] {logging_mixin.py:190} INFO - [2024-08-30T02:51:07.793+0000] {dag.py:3211} INFO - Sync 1 DAGs
[2024-08-30T02:51:07.806+0000] {logging_mixin.py:190} INFO - [2024-08-30T02:51:07.805+0000] {dag.py:4138} INFO - Setting next_dagrun for example_display_name to None, run_after=None
[2024-08-30T02:51:07.823+0000] {processor.py:208} INFO - Processing /home/airflow/.local/lib/python3.12/site-packages/airflow/example_dags/example_display_name.py took 0.063 seconds
[2024-08-30T02:51:38.462+0000] {processor.py:186} INFO - Started process (PID=4365) to work on /home/airflow/.local/lib/python3.12/site-packages/airflow/example_dags/example_display_name.py
[2024-08-30T02:51:38.463+0000] {processor.py:914} INFO - Processing file /home/airflow/.local/lib/python3.12/site-packages/airflow/example_dags/example_display_name.py for tasks to queue
[2024-08-30T02:51:38.466+0000] {logging_mixin.py:190} INFO - [2024-08-30T02:51:38.465+0000] {dagbag.py:587} INFO - Filling up the DagBag from /home/airflow/.local/lib/python3.12/site-packages/airflow/example_dags/example_display_name.py
[2024-08-30T02:51:38.472+0000] {processor.py:925} INFO - DAG(s) 'example_display_name' retrieved from /home/airflow/.local/lib/python3.12/site-packages/airflow/example_dags/example_display_name.py
[2024-08-30T02:51:38.491+0000] {logging_mixin.py:190} INFO - [2024-08-30T02:51:38.491+0000] {dag.py:3211} INFO - Sync 1 DAGs
[2024-08-30T02:51:38.507+0000] {logging_mixin.py:190} INFO - [2024-08-30T02:51:38.507+0000] {dag.py:4138} INFO - Setting next_dagrun for example_display_name to None, run_after=None
[2024-08-30T02:51:38.526+0000] {processor.py:208} INFO - Processing /home/airflow/.local/lib/python3.12/site-packages/airflow/example_dags/example_display_name.py took 0.068 seconds
[2024-08-30T02:52:09.263+0000] {processor.py:186} INFO - Started process (PID=4651) to work on /home/airflow/.local/lib/python3.12/site-packages/airflow/example_dags/example_display_name.py
[2024-08-30T02:52:09.264+0000] {processor.py:914} INFO - Processing file /home/airflow/.local/lib/python3.12/site-packages/airflow/example_dags/example_display_name.py for tasks to queue
[2024-08-30T02:52:09.267+0000] {logging_mixin.py:190} INFO - [2024-08-30T02:52:09.267+0000] {dagbag.py:587} INFO - Filling up the DagBag from /home/airflow/.local/lib/python3.12/site-packages/airflow/example_dags/example_display_name.py
[2024-08-30T02:52:09.275+0000] {processor.py:925} INFO - DAG(s) 'example_display_name' retrieved from /home/airflow/.local/lib/python3.12/site-packages/airflow/example_dags/example_display_name.py
[2024-08-30T02:52:09.293+0000] {logging_mixin.py:190} INFO - [2024-08-30T02:52:09.293+0000] {dag.py:3211} INFO - Sync 1 DAGs
[2024-08-30T02:52:09.307+0000] {logging_mixin.py:190} INFO - [2024-08-30T02:52:09.306+0000] {dag.py:4138} INFO - Setting next_dagrun for example_display_name to None, run_after=None
[2024-08-30T02:52:09.327+0000] {processor.py:208} INFO - Processing /home/airflow/.local/lib/python3.12/site-packages/airflow/example_dags/example_display_name.py took 0.070 seconds
[2024-08-30T02:52:40.015+0000] {processor.py:186} INFO - Started process (PID=4937) to work on /home/airflow/.local/lib/python3.12/site-packages/airflow/example_dags/example_display_name.py
[2024-08-30T02:52:40.017+0000] {processor.py:914} INFO - Processing file /home/airflow/.local/lib/python3.12/site-packages/airflow/example_dags/example_display_name.py for tasks to queue
[2024-08-30T02:52:40.019+0000] {logging_mixin.py:190} INFO - [2024-08-30T02:52:40.019+0000] {dagbag.py:587} INFO - Filling up the DagBag from /home/airflow/.local/lib/python3.12/site-packages/airflow/example_dags/example_display_name.py
[2024-08-30T02:52:40.026+0000] {processor.py:925} INFO - DAG(s) 'example_display_name' retrieved from /home/airflow/.local/lib/python3.12/site-packages/airflow/example_dags/example_display_name.py
[2024-08-30T02:52:40.046+0000] {logging_mixin.py:190} INFO - [2024-08-30T02:52:40.046+0000] {dag.py:3211} INFO - Sync 1 DAGs
[2024-08-30T02:52:40.060+0000] {logging_mixin.py:190} INFO - [2024-08-30T02:52:40.060+0000] {dag.py:4138} INFO - Setting next_dagrun for example_display_name to None, run_after=None
[2024-08-30T02:52:40.083+0000] {processor.py:208} INFO - Processing /home/airflow/.local/lib/python3.12/site-packages/airflow/example_dags/example_display_name.py took 0.073 seconds
[2024-08-30T02:53:10.728+0000] {processor.py:186} INFO - Started process (PID=5223) to work on /home/airflow/.local/lib/python3.12/site-packages/airflow/example_dags/example_display_name.py
[2024-08-30T02:53:10.729+0000] {processor.py:914} INFO - Processing file /home/airflow/.local/lib/python3.12/site-packages/airflow/example_dags/example_display_name.py for tasks to queue
[2024-08-30T02:53:10.731+0000] {logging_mixin.py:190} INFO - [2024-08-30T02:53:10.731+0000] {dagbag.py:587} INFO - Filling up the DagBag from /home/airflow/.local/lib/python3.12/site-packages/airflow/example_dags/example_display_name.py
[2024-08-30T02:53:10.738+0000] {processor.py:925} INFO - DAG(s) 'example_display_name' retrieved from /home/airflow/.local/lib/python3.12/site-packages/airflow/example_dags/example_display_name.py
[2024-08-30T02:53:10.759+0000] {logging_mixin.py:190} INFO - [2024-08-30T02:53:10.758+0000] {dag.py:3211} INFO - Sync 1 DAGs
[2024-08-30T02:53:10.772+0000] {logging_mixin.py:190} INFO - [2024-08-30T02:53:10.772+0000] {dag.py:4138} INFO - Setting next_dagrun for example_display_name to None, run_after=None
[2024-08-30T02:53:10.793+0000] {processor.py:208} INFO - Processing /home/airflow/.local/lib/python3.12/site-packages/airflow/example_dags/example_display_name.py took 0.071 seconds
[2024-08-30T02:53:41.660+0000] {processor.py:186} INFO - Started process (PID=5509) to work on /home/airflow/.local/lib/python3.12/site-packages/airflow/example_dags/example_display_name.py
[2024-08-30T02:53:41.661+0000] {processor.py:914} INFO - Processing file /home/airflow/.local/lib/python3.12/site-packages/airflow/example_dags/example_display_name.py for tasks to queue
[2024-08-30T02:53:41.663+0000] {logging_mixin.py:190} INFO - [2024-08-30T02:53:41.663+0000] {dagbag.py:587} INFO - Filling up the DagBag from /home/airflow/.local/lib/python3.12/site-packages/airflow/example_dags/example_display_name.py
[2024-08-30T02:53:41.670+0000] {processor.py:925} INFO - DAG(s) 'example_display_name' retrieved from /home/airflow/.local/lib/python3.12/site-packages/airflow/example_dags/example_display_name.py
[2024-08-30T02:53:41.690+0000] {logging_mixin.py:190} INFO - [2024-08-30T02:53:41.690+0000] {dag.py:3211} INFO - Sync 1 DAGs
[2024-08-30T02:53:41.705+0000] {logging_mixin.py:190} INFO - [2024-08-30T02:53:41.705+0000] {dag.py:4138} INFO - Setting next_dagrun for example_display_name to None, run_after=None
[2024-08-30T02:53:41.724+0000] {processor.py:208} INFO - Processing /home/airflow/.local/lib/python3.12/site-packages/airflow/example_dags/example_display_name.py took 0.070 seconds
[2024-08-30T02:54:12.872+0000] {processor.py:186} INFO - Started process (PID=5797) to work on /home/airflow/.local/lib/python3.12/site-packages/airflow/example_dags/example_display_name.py
[2024-08-30T02:54:12.873+0000] {processor.py:914} INFO - Processing file /home/airflow/.local/lib/python3.12/site-packages/airflow/example_dags/example_display_name.py for tasks to queue
[2024-08-30T02:54:12.876+0000] {logging_mixin.py:190} INFO - [2024-08-30T02:54:12.875+0000] {dagbag.py:587} INFO - Filling up the DagBag from /home/airflow/.local/lib/python3.12/site-packages/airflow/example_dags/example_display_name.py
[2024-08-30T02:54:12.883+0000] {processor.py:925} INFO - DAG(s) 'example_display_name' retrieved from /home/airflow/.local/lib/python3.12/site-packages/airflow/example_dags/example_display_name.py
[2024-08-30T02:54:12.903+0000] {logging_mixin.py:190} INFO - [2024-08-30T02:54:12.903+0000] {dag.py:3211} INFO - Sync 1 DAGs
[2024-08-30T02:54:12.919+0000] {logging_mixin.py:190} INFO - [2024-08-30T02:54:12.918+0000] {dag.py:4138} INFO - Setting next_dagrun for example_display_name to None, run_after=None
[2024-08-30T02:54:12.942+0000] {processor.py:208} INFO - Processing /home/airflow/.local/lib/python3.12/site-packages/airflow/example_dags/example_display_name.py took 0.076 seconds
[2024-08-30T02:54:43.771+0000] {processor.py:186} INFO - Started process (PID=6081) to work on /home/airflow/.local/lib/python3.12/site-packages/airflow/example_dags/example_display_name.py
[2024-08-30T02:54:43.773+0000] {processor.py:914} INFO - Processing file /home/airflow/.local/lib/python3.12/site-packages/airflow/example_dags/example_display_name.py for tasks to queue
[2024-08-30T02:54:43.775+0000] {logging_mixin.py:190} INFO - [2024-08-30T02:54:43.775+0000] {dagbag.py:587} INFO - Filling up the DagBag from /home/airflow/.local/lib/python3.12/site-packages/airflow/example_dags/example_display_name.py
[2024-08-30T02:54:43.784+0000] {processor.py:925} INFO - DAG(s) 'example_display_name' retrieved from /home/airflow/.local/lib/python3.12/site-packages/airflow/example_dags/example_display_name.py
[2024-08-30T02:54:43.807+0000] {logging_mixin.py:190} INFO - [2024-08-30T02:54:43.806+0000] {dag.py:3211} INFO - Sync 1 DAGs
[2024-08-30T02:54:43.823+0000] {logging_mixin.py:190} INFO - [2024-08-30T02:54:43.822+0000] {dag.py:4138} INFO - Setting next_dagrun for example_display_name to None, run_after=None
[2024-08-30T02:54:43.845+0000] {processor.py:208} INFO - Processing /home/airflow/.local/lib/python3.12/site-packages/airflow/example_dags/example_display_name.py took 0.079 seconds
[2024-08-30T02:55:14.870+0000] {processor.py:186} INFO - Started process (PID=6375) to work on /home/airflow/.local/lib/python3.12/site-packages/airflow/example_dags/example_display_name.py
[2024-08-30T02:55:14.871+0000] {processor.py:914} INFO - Processing file /home/airflow/.local/lib/python3.12/site-packages/airflow/example_dags/example_display_name.py for tasks to queue
[2024-08-30T02:55:14.873+0000] {logging_mixin.py:190} INFO - [2024-08-30T02:55:14.873+0000] {dagbag.py:587} INFO - Filling up the DagBag from /home/airflow/.local/lib/python3.12/site-packages/airflow/example_dags/example_display_name.py
[2024-08-30T02:55:14.880+0000] {processor.py:925} INFO - DAG(s) 'example_display_name' retrieved from /home/airflow/.local/lib/python3.12/site-packages/airflow/example_dags/example_display_name.py
[2024-08-30T02:55:14.898+0000] {logging_mixin.py:190} INFO - [2024-08-30T02:55:14.898+0000] {dag.py:3211} INFO - Sync 1 DAGs
[2024-08-30T02:55:14.912+0000] {logging_mixin.py:190} INFO - [2024-08-30T02:55:14.912+0000] {dag.py:4138} INFO - Setting next_dagrun for example_display_name to None, run_after=None
[2024-08-30T02:55:14.932+0000] {processor.py:208} INFO - Processing /home/airflow/.local/lib/python3.12/site-packages/airflow/example_dags/example_display_name.py took 0.066 seconds
[2024-08-30T02:55:45.093+0000] {processor.py:186} INFO - Started process (PID=6659) to work on /home/airflow/.local/lib/python3.12/site-packages/airflow/example_dags/example_display_name.py
[2024-08-30T02:55:45.094+0000] {processor.py:914} INFO - Processing file /home/airflow/.local/lib/python3.12/site-packages/airflow/example_dags/example_display_name.py for tasks to queue
[2024-08-30T02:55:45.096+0000] {logging_mixin.py:190} INFO - [2024-08-30T02:55:45.096+0000] {dagbag.py:587} INFO - Filling up the DagBag from /home/airflow/.local/lib/python3.12/site-packages/airflow/example_dags/example_display_name.py
[2024-08-30T02:55:45.104+0000] {processor.py:925} INFO - DAG(s) 'example_display_name' retrieved from /home/airflow/.local/lib/python3.12/site-packages/airflow/example_dags/example_display_name.py
[2024-08-30T02:55:45.133+0000] {logging_mixin.py:190} INFO - [2024-08-30T02:55:45.133+0000] {dag.py:3211} INFO - Sync 1 DAGs
[2024-08-30T02:55:45.154+0000] {logging_mixin.py:190} INFO - [2024-08-30T02:55:45.154+0000] {dag.py:4138} INFO - Setting next_dagrun for example_display_name to None, run_after=None
[2024-08-30T02:55:45.183+0000] {processor.py:208} INFO - Processing /home/airflow/.local/lib/python3.12/site-packages/airflow/example_dags/example_display_name.py took 0.095 seconds
[2024-08-30T02:56:15.343+0000] {processor.py:186} INFO - Started process (PID=6945) to work on /home/airflow/.local/lib/python3.12/site-packages/airflow/example_dags/example_display_name.py
[2024-08-30T02:56:15.344+0000] {processor.py:914} INFO - Processing file /home/airflow/.local/lib/python3.12/site-packages/airflow/example_dags/example_display_name.py for tasks to queue
[2024-08-30T02:56:15.347+0000] {logging_mixin.py:190} INFO - [2024-08-30T02:56:15.346+0000] {dagbag.py:587} INFO - Filling up the DagBag from /home/airflow/.local/lib/python3.12/site-packages/airflow/example_dags/example_display_name.py
[2024-08-30T02:56:15.354+0000] {processor.py:925} INFO - DAG(s) 'example_display_name' retrieved from /home/airflow/.local/lib/python3.12/site-packages/airflow/example_dags/example_display_name.py
[2024-08-30T02:56:15.374+0000] {logging_mixin.py:190} INFO - [2024-08-30T02:56:15.373+0000] {dag.py:3211} INFO - Sync 1 DAGs
[2024-08-30T02:56:15.389+0000] {logging_mixin.py:190} INFO - [2024-08-30T02:56:15.389+0000] {dag.py:4138} INFO - Setting next_dagrun for example_display_name to None, run_after=None
[2024-08-30T02:56:15.409+0000] {processor.py:208} INFO - Processing /home/airflow/.local/lib/python3.12/site-packages/airflow/example_dags/example_display_name.py took 0.073 seconds
[2024-08-30T02:56:45.687+0000] {processor.py:186} INFO - Started process (PID=7233) to work on /home/airflow/.local/lib/python3.12/site-packages/airflow/example_dags/example_display_name.py
[2024-08-30T02:56:45.688+0000] {processor.py:914} INFO - Processing file /home/airflow/.local/lib/python3.12/site-packages/airflow/example_dags/example_display_name.py for tasks to queue
[2024-08-30T02:56:45.690+0000] {logging_mixin.py:190} INFO - [2024-08-30T02:56:45.690+0000] {dagbag.py:587} INFO - Filling up the DagBag from /home/airflow/.local/lib/python3.12/site-packages/airflow/example_dags/example_display_name.py
[2024-08-30T02:56:45.697+0000] {processor.py:925} INFO - DAG(s) 'example_display_name' retrieved from /home/airflow/.local/lib/python3.12/site-packages/airflow/example_dags/example_display_name.py
[2024-08-30T02:56:45.716+0000] {logging_mixin.py:190} INFO - [2024-08-30T02:56:45.716+0000] {dag.py:3211} INFO - Sync 1 DAGs
[2024-08-30T02:56:45.732+0000] {logging_mixin.py:190} INFO - [2024-08-30T02:56:45.732+0000] {dag.py:4138} INFO - Setting next_dagrun for example_display_name to None, run_after=None
[2024-08-30T02:56:45.755+0000] {processor.py:208} INFO - Processing /home/airflow/.local/lib/python3.12/site-packages/airflow/example_dags/example_display_name.py took 0.073 seconds
[2024-08-30T02:57:15.928+0000] {processor.py:186} INFO - Started process (PID=7519) to work on /home/airflow/.local/lib/python3.12/site-packages/airflow/example_dags/example_display_name.py
[2024-08-30T02:57:15.929+0000] {processor.py:914} INFO - Processing file /home/airflow/.local/lib/python3.12/site-packages/airflow/example_dags/example_display_name.py for tasks to queue
[2024-08-30T02:57:15.931+0000] {logging_mixin.py:190} INFO - [2024-08-30T02:57:15.931+0000] {dagbag.py:587} INFO - Filling up the DagBag from /home/airflow/.local/lib/python3.12/site-packages/airflow/example_dags/example_display_name.py
[2024-08-30T02:57:15.938+0000] {processor.py:925} INFO - DAG(s) 'example_display_name' retrieved from /home/airflow/.local/lib/python3.12/site-packages/airflow/example_dags/example_display_name.py
[2024-08-30T02:57:15.956+0000] {logging_mixin.py:190} INFO - [2024-08-30T02:57:15.956+0000] {dag.py:3211} INFO - Sync 1 DAGs
[2024-08-30T02:57:15.969+0000] {logging_mixin.py:190} INFO - [2024-08-30T02:57:15.969+0000] {dag.py:4138} INFO - Setting next_dagrun for example_display_name to None, run_after=None
[2024-08-30T02:57:15.994+0000] {processor.py:208} INFO - Processing /home/airflow/.local/lib/python3.12/site-packages/airflow/example_dags/example_display_name.py took 0.071 seconds
