[2024-08-30T02:44:26.809+0000] {processor.py:186} INFO - Started process (PID=242) to work on /home/airflow/.local/lib/python3.12/site-packages/airflow/example_dags/example_nested_branch_dag.py
[2024-08-30T02:44:26.810+0000] {processor.py:914} INFO - Processing file /home/airflow/.local/lib/python3.12/site-packages/airflow/example_dags/example_nested_branch_dag.py for tasks to queue
[2024-08-30T02:44:26.812+0000] {logging_mixin.py:190} INFO - [2024-08-30T02:44:26.812+0000] {dagbag.py:587} INFO - Filling up the DagBag from /home/airflow/.local/lib/python3.12/site-packages/airflow/example_dags/example_nested_branch_dag.py
[2024-08-30T02:44:26.823+0000] {processor.py:925} INFO - DAG(s) 'example_nested_branch_dag' retrieved from /home/airflow/.local/lib/python3.12/site-packages/airflow/example_dags/example_nested_branch_dag.py
[2024-08-30T02:44:26.852+0000] {logging_mixin.py:190} INFO - [2024-08-30T02:44:26.852+0000] {dag.py:3211} INFO - Sync 1 DAGs
[2024-08-30T02:44:26.880+0000] {logging_mixin.py:190} INFO - [2024-08-30T02:44:26.879+0000] {dag.py:4138} INFO - Setting next_dagrun for example_nested_branch_dag to 2024-08-29 00:00:00+00:00, run_after=2024-08-30 00:00:00+00:00
[2024-08-30T02:44:26.902+0000] {processor.py:208} INFO - Processing /home/airflow/.local/lib/python3.12/site-packages/airflow/example_dags/example_nested_branch_dag.py took 0.098 seconds
[2024-08-30T02:44:56.965+0000] {processor.py:186} INFO - Started process (PID=532) to work on /home/airflow/.local/lib/python3.12/site-packages/airflow/example_dags/example_nested_branch_dag.py
[2024-08-30T02:44:56.966+0000] {processor.py:914} INFO - Processing file /home/airflow/.local/lib/python3.12/site-packages/airflow/example_dags/example_nested_branch_dag.py for tasks to queue
[2024-08-30T02:44:56.968+0000] {logging_mixin.py:190} INFO - [2024-08-30T02:44:56.968+0000] {dagbag.py:587} INFO - Filling up the DagBag from /home/airflow/.local/lib/python3.12/site-packages/airflow/example_dags/example_nested_branch_dag.py
[2024-08-30T02:44:56.977+0000] {processor.py:925} INFO - DAG(s) 'example_nested_branch_dag' retrieved from /home/airflow/.local/lib/python3.12/site-packages/airflow/example_dags/example_nested_branch_dag.py
[2024-08-30T02:44:56.997+0000] {logging_mixin.py:190} INFO - [2024-08-30T02:44:56.997+0000] {dag.py:3211} INFO - Sync 1 DAGs
[2024-08-30T02:44:57.024+0000] {logging_mixin.py:190} INFO - [2024-08-30T02:44:57.023+0000] {dag.py:4138} INFO - Setting next_dagrun for example_nested_branch_dag to 2024-08-29 00:00:00+00:00, run_after=2024-08-30 00:00:00+00:00
[2024-08-30T02:44:57.043+0000] {processor.py:208} INFO - Processing /home/airflow/.local/lib/python3.12/site-packages/airflow/example_dags/example_nested_branch_dag.py took 0.082 seconds
[2024-08-30T02:45:27.525+0000] {processor.py:186} INFO - Started process (PID=820) to work on /home/airflow/.local/lib/python3.12/site-packages/airflow/example_dags/example_nested_branch_dag.py
[2024-08-30T02:45:27.526+0000] {processor.py:914} INFO - Processing file /home/airflow/.local/lib/python3.12/site-packages/airflow/example_dags/example_nested_branch_dag.py for tasks to queue
[2024-08-30T02:45:27.529+0000] {logging_mixin.py:190} INFO - [2024-08-30T02:45:27.528+0000] {dagbag.py:587} INFO - Filling up the DagBag from /home/airflow/.local/lib/python3.12/site-packages/airflow/example_dags/example_nested_branch_dag.py
[2024-08-30T02:45:27.537+0000] {processor.py:925} INFO - DAG(s) 'example_nested_branch_dag' retrieved from /home/airflow/.local/lib/python3.12/site-packages/airflow/example_dags/example_nested_branch_dag.py
[2024-08-30T02:45:27.556+0000] {logging_mixin.py:190} INFO - [2024-08-30T02:45:27.556+0000] {dag.py:3211} INFO - Sync 1 DAGs
[2024-08-30T02:45:27.576+0000] {logging_mixin.py:190} INFO - [2024-08-30T02:45:27.576+0000] {dag.py:4138} INFO - Setting next_dagrun for example_nested_branch_dag to 2024-08-29 00:00:00+00:00, run_after=2024-08-30 00:00:00+00:00
[2024-08-30T02:45:27.593+0000] {processor.py:208} INFO - Processing /home/airflow/.local/lib/python3.12/site-packages/airflow/example_dags/example_nested_branch_dag.py took 0.073 seconds
[2024-08-30T02:45:57.641+0000] {processor.py:186} INFO - Started process (PID=1104) to work on /home/airflow/.local/lib/python3.12/site-packages/airflow/example_dags/example_nested_branch_dag.py
[2024-08-30T02:45:57.642+0000] {processor.py:914} INFO - Processing file /home/airflow/.local/lib/python3.12/site-packages/airflow/example_dags/example_nested_branch_dag.py for tasks to queue
[2024-08-30T02:45:57.644+0000] {logging_mixin.py:190} INFO - [2024-08-30T02:45:57.643+0000] {dagbag.py:587} INFO - Filling up the DagBag from /home/airflow/.local/lib/python3.12/site-packages/airflow/example_dags/example_nested_branch_dag.py
[2024-08-30T02:45:57.653+0000] {processor.py:925} INFO - DAG(s) 'example_nested_branch_dag' retrieved from /home/airflow/.local/lib/python3.12/site-packages/airflow/example_dags/example_nested_branch_dag.py
[2024-08-30T02:45:57.672+0000] {logging_mixin.py:190} INFO - [2024-08-30T02:45:57.672+0000] {dag.py:3211} INFO - Sync 1 DAGs
[2024-08-30T02:45:57.692+0000] {logging_mixin.py:190} INFO - [2024-08-30T02:45:57.692+0000] {dag.py:4138} INFO - Setting next_dagrun for example_nested_branch_dag to 2024-08-29 00:00:00+00:00, run_after=2024-08-30 00:00:00+00:00
[2024-08-30T02:45:57.710+0000] {processor.py:208} INFO - Processing /home/airflow/.local/lib/python3.12/site-packages/airflow/example_dags/example_nested_branch_dag.py took 0.074 seconds
[2024-08-30T02:46:28.277+0000] {processor.py:186} INFO - Started process (PID=1390) to work on /home/airflow/.local/lib/python3.12/site-packages/airflow/example_dags/example_nested_branch_dag.py
[2024-08-30T02:46:28.278+0000] {processor.py:914} INFO - Processing file /home/airflow/.local/lib/python3.12/site-packages/airflow/example_dags/example_nested_branch_dag.py for tasks to queue
[2024-08-30T02:46:28.280+0000] {logging_mixin.py:190} INFO - [2024-08-30T02:46:28.279+0000] {dagbag.py:587} INFO - Filling up the DagBag from /home/airflow/.local/lib/python3.12/site-packages/airflow/example_dags/example_nested_branch_dag.py
[2024-08-30T02:46:28.289+0000] {processor.py:925} INFO - DAG(s) 'example_nested_branch_dag' retrieved from /home/airflow/.local/lib/python3.12/site-packages/airflow/example_dags/example_nested_branch_dag.py
[2024-08-30T02:46:28.309+0000] {logging_mixin.py:190} INFO - [2024-08-30T02:46:28.309+0000] {dag.py:3211} INFO - Sync 1 DAGs
[2024-08-30T02:46:28.330+0000] {logging_mixin.py:190} INFO - [2024-08-30T02:46:28.330+0000] {dag.py:4138} INFO - Setting next_dagrun for example_nested_branch_dag to 2024-08-29 00:00:00+00:00, run_after=2024-08-30 00:00:00+00:00
[2024-08-30T02:46:28.348+0000] {processor.py:208} INFO - Processing /home/airflow/.local/lib/python3.12/site-packages/airflow/example_dags/example_nested_branch_dag.py took 0.076 seconds
[2024-08-30T02:46:58.882+0000] {processor.py:186} INFO - Started process (PID=1676) to work on /home/airflow/.local/lib/python3.12/site-packages/airflow/example_dags/example_nested_branch_dag.py
[2024-08-30T02:46:58.883+0000] {processor.py:914} INFO - Processing file /home/airflow/.local/lib/python3.12/site-packages/airflow/example_dags/example_nested_branch_dag.py for tasks to queue
[2024-08-30T02:46:58.886+0000] {logging_mixin.py:190} INFO - [2024-08-30T02:46:58.885+0000] {dagbag.py:587} INFO - Filling up the DagBag from /home/airflow/.local/lib/python3.12/site-packages/airflow/example_dags/example_nested_branch_dag.py
[2024-08-30T02:46:58.895+0000] {processor.py:925} INFO - DAG(s) 'example_nested_branch_dag' retrieved from /home/airflow/.local/lib/python3.12/site-packages/airflow/example_dags/example_nested_branch_dag.py
[2024-08-30T02:46:58.913+0000] {logging_mixin.py:190} INFO - [2024-08-30T02:46:58.913+0000] {dag.py:3211} INFO - Sync 1 DAGs
[2024-08-30T02:46:58.932+0000] {logging_mixin.py:190} INFO - [2024-08-30T02:46:58.932+0000] {dag.py:4138} INFO - Setting next_dagrun for example_nested_branch_dag to 2024-08-29 00:00:00+00:00, run_after=2024-08-30 00:00:00+00:00
[2024-08-30T02:46:58.952+0000] {processor.py:208} INFO - Processing /home/airflow/.local/lib/python3.12/site-packages/airflow/example_dags/example_nested_branch_dag.py took 0.074 seconds
[2024-08-30T02:47:29.735+0000] {processor.py:186} INFO - Started process (PID=1964) to work on /home/airflow/.local/lib/python3.12/site-packages/airflow/example_dags/example_nested_branch_dag.py
[2024-08-30T02:47:29.736+0000] {processor.py:914} INFO - Processing file /home/airflow/.local/lib/python3.12/site-packages/airflow/example_dags/example_nested_branch_dag.py for tasks to queue
[2024-08-30T02:47:29.738+0000] {logging_mixin.py:190} INFO - [2024-08-30T02:47:29.738+0000] {dagbag.py:587} INFO - Filling up the DagBag from /home/airflow/.local/lib/python3.12/site-packages/airflow/example_dags/example_nested_branch_dag.py
[2024-08-30T02:47:29.748+0000] {processor.py:925} INFO - DAG(s) 'example_nested_branch_dag' retrieved from /home/airflow/.local/lib/python3.12/site-packages/airflow/example_dags/example_nested_branch_dag.py
[2024-08-30T02:47:29.771+0000] {logging_mixin.py:190} INFO - [2024-08-30T02:47:29.771+0000] {dag.py:3211} INFO - Sync 1 DAGs
[2024-08-30T02:47:29.793+0000] {logging_mixin.py:190} INFO - [2024-08-30T02:47:29.793+0000] {dag.py:4138} INFO - Setting next_dagrun for example_nested_branch_dag to 2024-08-29 00:00:00+00:00, run_after=2024-08-30 00:00:00+00:00
[2024-08-30T02:47:29.813+0000] {processor.py:208} INFO - Processing /home/airflow/.local/lib/python3.12/site-packages/airflow/example_dags/example_nested_branch_dag.py took 0.083 seconds
[2024-08-30T02:48:00.636+0000] {processor.py:186} INFO - Started process (PID=2250) to work on /home/airflow/.local/lib/python3.12/site-packages/airflow/example_dags/example_nested_branch_dag.py
[2024-08-30T02:48:00.637+0000] {processor.py:914} INFO - Processing file /home/airflow/.local/lib/python3.12/site-packages/airflow/example_dags/example_nested_branch_dag.py for tasks to queue
[2024-08-30T02:48:00.639+0000] {logging_mixin.py:190} INFO - [2024-08-30T02:48:00.639+0000] {dagbag.py:587} INFO - Filling up the DagBag from /home/airflow/.local/lib/python3.12/site-packages/airflow/example_dags/example_nested_branch_dag.py
[2024-08-30T02:48:00.647+0000] {processor.py:925} INFO - DAG(s) 'example_nested_branch_dag' retrieved from /home/airflow/.local/lib/python3.12/site-packages/airflow/example_dags/example_nested_branch_dag.py
[2024-08-30T02:48:00.667+0000] {logging_mixin.py:190} INFO - [2024-08-30T02:48:00.667+0000] {dag.py:3211} INFO - Sync 1 DAGs
[2024-08-30T02:48:00.688+0000] {logging_mixin.py:190} INFO - [2024-08-30T02:48:00.687+0000] {dag.py:4138} INFO - Setting next_dagrun for example_nested_branch_dag to 2024-08-29 00:00:00+00:00, run_after=2024-08-30 00:00:00+00:00
[2024-08-30T02:48:00.705+0000] {processor.py:208} INFO - Processing /home/airflow/.local/lib/python3.12/site-packages/airflow/example_dags/example_nested_branch_dag.py took 0.074 seconds
[2024-08-30T02:48:31.520+0000] {processor.py:186} INFO - Started process (PID=2536) to work on /home/airflow/.local/lib/python3.12/site-packages/airflow/example_dags/example_nested_branch_dag.py
[2024-08-30T02:48:31.520+0000] {processor.py:914} INFO - Processing file /home/airflow/.local/lib/python3.12/site-packages/airflow/example_dags/example_nested_branch_dag.py for tasks to queue
[2024-08-30T02:48:31.523+0000] {logging_mixin.py:190} INFO - [2024-08-30T02:48:31.522+0000] {dagbag.py:587} INFO - Filling up the DagBag from /home/airflow/.local/lib/python3.12/site-packages/airflow/example_dags/example_nested_branch_dag.py
[2024-08-30T02:48:31.531+0000] {processor.py:925} INFO - DAG(s) 'example_nested_branch_dag' retrieved from /home/airflow/.local/lib/python3.12/site-packages/airflow/example_dags/example_nested_branch_dag.py
[2024-08-30T02:48:31.551+0000] {logging_mixin.py:190} INFO - [2024-08-30T02:48:31.551+0000] {dag.py:3211} INFO - Sync 1 DAGs
[2024-08-30T02:48:31.573+0000] {logging_mixin.py:190} INFO - [2024-08-30T02:48:31.573+0000] {dag.py:4138} INFO - Setting next_dagrun for example_nested_branch_dag to 2024-08-29 00:00:00+00:00, run_after=2024-08-30 00:00:00+00:00
[2024-08-30T02:48:31.591+0000] {processor.py:208} INFO - Processing /home/airflow/.local/lib/python3.12/site-packages/airflow/example_dags/example_nested_branch_dag.py took 0.077 seconds
[2024-08-30T02:49:02.446+0000] {processor.py:186} INFO - Started process (PID=2820) to work on /home/airflow/.local/lib/python3.12/site-packages/airflow/example_dags/example_nested_branch_dag.py
[2024-08-30T02:49:02.447+0000] {processor.py:914} INFO - Processing file /home/airflow/.local/lib/python3.12/site-packages/airflow/example_dags/example_nested_branch_dag.py for tasks to queue
[2024-08-30T02:49:02.449+0000] {logging_mixin.py:190} INFO - [2024-08-30T02:49:02.448+0000] {dagbag.py:587} INFO - Filling up the DagBag from /home/airflow/.local/lib/python3.12/site-packages/airflow/example_dags/example_nested_branch_dag.py
[2024-08-30T02:49:02.458+0000] {processor.py:925} INFO - DAG(s) 'example_nested_branch_dag' retrieved from /home/airflow/.local/lib/python3.12/site-packages/airflow/example_dags/example_nested_branch_dag.py
[2024-08-30T02:49:02.479+0000] {logging_mixin.py:190} INFO - [2024-08-30T02:49:02.479+0000] {dag.py:3211} INFO - Sync 1 DAGs
[2024-08-30T02:49:02.501+0000] {logging_mixin.py:190} INFO - [2024-08-30T02:49:02.501+0000] {dag.py:4138} INFO - Setting next_dagrun for example_nested_branch_dag to 2024-08-29 00:00:00+00:00, run_after=2024-08-30 00:00:00+00:00
[2024-08-30T02:49:02.520+0000] {processor.py:208} INFO - Processing /home/airflow/.local/lib/python3.12/site-packages/airflow/example_dags/example_nested_branch_dag.py took 0.079 seconds
[2024-08-30T02:49:33.340+0000] {processor.py:186} INFO - Started process (PID=3106) to work on /home/airflow/.local/lib/python3.12/site-packages/airflow/example_dags/example_nested_branch_dag.py
[2024-08-30T02:49:33.341+0000] {processor.py:914} INFO - Processing file /home/airflow/.local/lib/python3.12/site-packages/airflow/example_dags/example_nested_branch_dag.py for tasks to queue
[2024-08-30T02:49:33.343+0000] {logging_mixin.py:190} INFO - [2024-08-30T02:49:33.342+0000] {dagbag.py:587} INFO - Filling up the DagBag from /home/airflow/.local/lib/python3.12/site-packages/airflow/example_dags/example_nested_branch_dag.py
[2024-08-30T02:49:33.352+0000] {processor.py:925} INFO - DAG(s) 'example_nested_branch_dag' retrieved from /home/airflow/.local/lib/python3.12/site-packages/airflow/example_dags/example_nested_branch_dag.py
[2024-08-30T02:49:33.371+0000] {logging_mixin.py:190} INFO - [2024-08-30T02:49:33.371+0000] {dag.py:3211} INFO - Sync 1 DAGs
[2024-08-30T02:49:33.393+0000] {logging_mixin.py:190} INFO - [2024-08-30T02:49:33.393+0000] {dag.py:4138} INFO - Setting next_dagrun for example_nested_branch_dag to 2024-08-29 00:00:00+00:00, run_after=2024-08-30 00:00:00+00:00
[2024-08-30T02:49:33.412+0000] {processor.py:208} INFO - Processing /home/airflow/.local/lib/python3.12/site-packages/airflow/example_dags/example_nested_branch_dag.py took 0.076 seconds
[2024-08-30T02:50:04.012+0000] {processor.py:186} INFO - Started process (PID=3392) to work on /home/airflow/.local/lib/python3.12/site-packages/airflow/example_dags/example_nested_branch_dag.py
[2024-08-30T02:50:04.013+0000] {processor.py:914} INFO - Processing file /home/airflow/.local/lib/python3.12/site-packages/airflow/example_dags/example_nested_branch_dag.py for tasks to queue
[2024-08-30T02:50:04.015+0000] {logging_mixin.py:190} INFO - [2024-08-30T02:50:04.014+0000] {dagbag.py:587} INFO - Filling up the DagBag from /home/airflow/.local/lib/python3.12/site-packages/airflow/example_dags/example_nested_branch_dag.py
[2024-08-30T02:50:04.025+0000] {processor.py:925} INFO - DAG(s) 'example_nested_branch_dag' retrieved from /home/airflow/.local/lib/python3.12/site-packages/airflow/example_dags/example_nested_branch_dag.py
[2024-08-30T02:50:04.047+0000] {logging_mixin.py:190} INFO - [2024-08-30T02:50:04.046+0000] {dag.py:3211} INFO - Sync 1 DAGs
[2024-08-30T02:50:04.069+0000] {logging_mixin.py:190} INFO - [2024-08-30T02:50:04.069+0000] {dag.py:4138} INFO - Setting next_dagrun for example_nested_branch_dag to 2024-08-29 00:00:00+00:00, run_after=2024-08-30 00:00:00+00:00
[2024-08-30T02:50:04.090+0000] {processor.py:208} INFO - Processing /home/airflow/.local/lib/python3.12/site-packages/airflow/example_dags/example_nested_branch_dag.py took 0.083 seconds
[2024-08-30T02:50:34.729+0000] {processor.py:186} INFO - Started process (PID=3680) to work on /home/airflow/.local/lib/python3.12/site-packages/airflow/example_dags/example_nested_branch_dag.py
[2024-08-30T02:50:34.730+0000] {processor.py:914} INFO - Processing file /home/airflow/.local/lib/python3.12/site-packages/airflow/example_dags/example_nested_branch_dag.py for tasks to queue
[2024-08-30T02:50:34.732+0000] {logging_mixin.py:190} INFO - [2024-08-30T02:50:34.732+0000] {dagbag.py:587} INFO - Filling up the DagBag from /home/airflow/.local/lib/python3.12/site-packages/airflow/example_dags/example_nested_branch_dag.py
[2024-08-30T02:50:34.741+0000] {processor.py:925} INFO - DAG(s) 'example_nested_branch_dag' retrieved from /home/airflow/.local/lib/python3.12/site-packages/airflow/example_dags/example_nested_branch_dag.py
[2024-08-30T02:50:34.760+0000] {logging_mixin.py:190} INFO - [2024-08-30T02:50:34.760+0000] {dag.py:3211} INFO - Sync 1 DAGs
[2024-08-30T02:50:34.781+0000] {logging_mixin.py:190} INFO - [2024-08-30T02:50:34.781+0000] {dag.py:4138} INFO - Setting next_dagrun for example_nested_branch_dag to 2024-08-29 00:00:00+00:00, run_after=2024-08-30 00:00:00+00:00
[2024-08-30T02:50:34.799+0000] {processor.py:208} INFO - Processing /home/airflow/.local/lib/python3.12/site-packages/airflow/example_dags/example_nested_branch_dag.py took 0.075 seconds
[2024-08-30T02:51:05.393+0000] {processor.py:186} INFO - Started process (PID=3964) to work on /home/airflow/.local/lib/python3.12/site-packages/airflow/example_dags/example_nested_branch_dag.py
[2024-08-30T02:51:05.394+0000] {processor.py:914} INFO - Processing file /home/airflow/.local/lib/python3.12/site-packages/airflow/example_dags/example_nested_branch_dag.py for tasks to queue
[2024-08-30T02:51:05.396+0000] {logging_mixin.py:190} INFO - [2024-08-30T02:51:05.395+0000] {dagbag.py:587} INFO - Filling up the DagBag from /home/airflow/.local/lib/python3.12/site-packages/airflow/example_dags/example_nested_branch_dag.py
[2024-08-30T02:51:05.405+0000] {processor.py:925} INFO - DAG(s) 'example_nested_branch_dag' retrieved from /home/airflow/.local/lib/python3.12/site-packages/airflow/example_dags/example_nested_branch_dag.py
[2024-08-30T02:51:05.425+0000] {logging_mixin.py:190} INFO - [2024-08-30T02:51:05.425+0000] {dag.py:3211} INFO - Sync 1 DAGs
[2024-08-30T02:51:05.447+0000] {logging_mixin.py:190} INFO - [2024-08-30T02:51:05.447+0000] {dag.py:4138} INFO - Setting next_dagrun for example_nested_branch_dag to 2024-08-29 00:00:00+00:00, run_after=2024-08-30 00:00:00+00:00
[2024-08-30T02:51:05.466+0000] {processor.py:208} INFO - Processing /home/airflow/.local/lib/python3.12/site-packages/airflow/example_dags/example_nested_branch_dag.py took 0.077 seconds
[2024-08-30T02:51:35.991+0000] {processor.py:186} INFO - Started process (PID=4250) to work on /home/airflow/.local/lib/python3.12/site-packages/airflow/example_dags/example_nested_branch_dag.py
[2024-08-30T02:51:35.992+0000] {processor.py:914} INFO - Processing file /home/airflow/.local/lib/python3.12/site-packages/airflow/example_dags/example_nested_branch_dag.py for tasks to queue
[2024-08-30T02:51:35.994+0000] {logging_mixin.py:190} INFO - [2024-08-30T02:51:35.994+0000] {dagbag.py:587} INFO - Filling up the DagBag from /home/airflow/.local/lib/python3.12/site-packages/airflow/example_dags/example_nested_branch_dag.py
[2024-08-30T02:51:36.005+0000] {processor.py:925} INFO - DAG(s) 'example_nested_branch_dag' retrieved from /home/airflow/.local/lib/python3.12/site-packages/airflow/example_dags/example_nested_branch_dag.py
[2024-08-30T02:51:36.026+0000] {logging_mixin.py:190} INFO - [2024-08-30T02:51:36.026+0000] {dag.py:3211} INFO - Sync 1 DAGs
[2024-08-30T02:51:36.047+0000] {logging_mixin.py:190} INFO - [2024-08-30T02:51:36.046+0000] {dag.py:4138} INFO - Setting next_dagrun for example_nested_branch_dag to 2024-08-29 00:00:00+00:00, run_after=2024-08-30 00:00:00+00:00
[2024-08-30T02:51:36.065+0000] {processor.py:208} INFO - Processing /home/airflow/.local/lib/python3.12/site-packages/airflow/example_dags/example_nested_branch_dag.py took 0.078 seconds
[2024-08-30T02:52:06.805+0000] {processor.py:186} INFO - Started process (PID=4538) to work on /home/airflow/.local/lib/python3.12/site-packages/airflow/example_dags/example_nested_branch_dag.py
[2024-08-30T02:52:06.806+0000] {processor.py:914} INFO - Processing file /home/airflow/.local/lib/python3.12/site-packages/airflow/example_dags/example_nested_branch_dag.py for tasks to queue
[2024-08-30T02:52:06.808+0000] {logging_mixin.py:190} INFO - [2024-08-30T02:52:06.808+0000] {dagbag.py:587} INFO - Filling up the DagBag from /home/airflow/.local/lib/python3.12/site-packages/airflow/example_dags/example_nested_branch_dag.py
[2024-08-30T02:52:06.818+0000] {processor.py:925} INFO - DAG(s) 'example_nested_branch_dag' retrieved from /home/airflow/.local/lib/python3.12/site-packages/airflow/example_dags/example_nested_branch_dag.py
[2024-08-30T02:52:06.839+0000] {logging_mixin.py:190} INFO - [2024-08-30T02:52:06.839+0000] {dag.py:3211} INFO - Sync 1 DAGs
[2024-08-30T02:52:06.862+0000] {logging_mixin.py:190} INFO - [2024-08-30T02:52:06.862+0000] {dag.py:4138} INFO - Setting next_dagrun for example_nested_branch_dag to 2024-08-29 00:00:00+00:00, run_after=2024-08-30 00:00:00+00:00
[2024-08-30T02:52:06.881+0000] {processor.py:208} INFO - Processing /home/airflow/.local/lib/python3.12/site-packages/airflow/example_dags/example_nested_branch_dag.py took 0.082 seconds
[2024-08-30T02:52:37.581+0000] {processor.py:186} INFO - Started process (PID=4824) to work on /home/airflow/.local/lib/python3.12/site-packages/airflow/example_dags/example_nested_branch_dag.py
[2024-08-30T02:52:37.582+0000] {processor.py:914} INFO - Processing file /home/airflow/.local/lib/python3.12/site-packages/airflow/example_dags/example_nested_branch_dag.py for tasks to queue
[2024-08-30T02:52:37.585+0000] {logging_mixin.py:190} INFO - [2024-08-30T02:52:37.584+0000] {dagbag.py:587} INFO - Filling up the DagBag from /home/airflow/.local/lib/python3.12/site-packages/airflow/example_dags/example_nested_branch_dag.py
[2024-08-30T02:52:37.594+0000] {processor.py:925} INFO - DAG(s) 'example_nested_branch_dag' retrieved from /home/airflow/.local/lib/python3.12/site-packages/airflow/example_dags/example_nested_branch_dag.py
[2024-08-30T02:52:37.614+0000] {logging_mixin.py:190} INFO - [2024-08-30T02:52:37.613+0000] {dag.py:3211} INFO - Sync 1 DAGs
[2024-08-30T02:52:37.636+0000] {logging_mixin.py:190} INFO - [2024-08-30T02:52:37.635+0000] {dag.py:4138} INFO - Setting next_dagrun for example_nested_branch_dag to 2024-08-29 00:00:00+00:00, run_after=2024-08-30 00:00:00+00:00
[2024-08-30T02:52:37.654+0000] {processor.py:208} INFO - Processing /home/airflow/.local/lib/python3.12/site-packages/airflow/example_dags/example_nested_branch_dag.py took 0.078 seconds
[2024-08-30T02:53:08.352+0000] {processor.py:186} INFO - Started process (PID=5113) to work on /home/airflow/.local/lib/python3.12/site-packages/airflow/example_dags/example_nested_branch_dag.py
[2024-08-30T02:53:08.353+0000] {processor.py:914} INFO - Processing file /home/airflow/.local/lib/python3.12/site-packages/airflow/example_dags/example_nested_branch_dag.py for tasks to queue
[2024-08-30T02:53:08.356+0000] {logging_mixin.py:190} INFO - [2024-08-30T02:53:08.356+0000] {dagbag.py:587} INFO - Filling up the DagBag from /home/airflow/.local/lib/python3.12/site-packages/airflow/example_dags/example_nested_branch_dag.py
[2024-08-30T02:53:08.365+0000] {processor.py:925} INFO - DAG(s) 'example_nested_branch_dag' retrieved from /home/airflow/.local/lib/python3.12/site-packages/airflow/example_dags/example_nested_branch_dag.py
[2024-08-30T02:53:08.387+0000] {logging_mixin.py:190} INFO - [2024-08-30T02:53:08.386+0000] {dag.py:3211} INFO - Sync 1 DAGs
[2024-08-30T02:53:08.409+0000] {logging_mixin.py:190} INFO - [2024-08-30T02:53:08.408+0000] {dag.py:4138} INFO - Setting next_dagrun for example_nested_branch_dag to 2024-08-29 00:00:00+00:00, run_after=2024-08-30 00:00:00+00:00
[2024-08-30T02:53:08.427+0000] {processor.py:208} INFO - Processing /home/airflow/.local/lib/python3.12/site-packages/airflow/example_dags/example_nested_branch_dag.py took 0.080 seconds
[2024-08-30T02:53:39.108+0000] {processor.py:186} INFO - Started process (PID=5394) to work on /home/airflow/.local/lib/python3.12/site-packages/airflow/example_dags/example_nested_branch_dag.py
[2024-08-30T02:53:39.109+0000] {processor.py:914} INFO - Processing file /home/airflow/.local/lib/python3.12/site-packages/airflow/example_dags/example_nested_branch_dag.py for tasks to queue
[2024-08-30T02:53:39.111+0000] {logging_mixin.py:190} INFO - [2024-08-30T02:53:39.111+0000] {dagbag.py:587} INFO - Filling up the DagBag from /home/airflow/.local/lib/python3.12/site-packages/airflow/example_dags/example_nested_branch_dag.py
[2024-08-30T02:53:39.121+0000] {processor.py:925} INFO - DAG(s) 'example_nested_branch_dag' retrieved from /home/airflow/.local/lib/python3.12/site-packages/airflow/example_dags/example_nested_branch_dag.py
[2024-08-30T02:53:39.142+0000] {logging_mixin.py:190} INFO - [2024-08-30T02:53:39.142+0000] {dag.py:3211} INFO - Sync 1 DAGs
[2024-08-30T02:53:39.163+0000] {logging_mixin.py:190} INFO - [2024-08-30T02:53:39.163+0000] {dag.py:4138} INFO - Setting next_dagrun for example_nested_branch_dag to 2024-08-29 00:00:00+00:00, run_after=2024-08-30 00:00:00+00:00
[2024-08-30T02:53:39.185+0000] {processor.py:208} INFO - Processing /home/airflow/.local/lib/python3.12/site-packages/airflow/example_dags/example_nested_branch_dag.py took 0.082 seconds
[2024-08-30T02:54:09.953+0000] {processor.py:186} INFO - Started process (PID=5680) to work on /home/airflow/.local/lib/python3.12/site-packages/airflow/example_dags/example_nested_branch_dag.py
[2024-08-30T02:54:09.954+0000] {processor.py:914} INFO - Processing file /home/airflow/.local/lib/python3.12/site-packages/airflow/example_dags/example_nested_branch_dag.py for tasks to queue
[2024-08-30T02:54:09.956+0000] {logging_mixin.py:190} INFO - [2024-08-30T02:54:09.956+0000] {dagbag.py:587} INFO - Filling up the DagBag from /home/airflow/.local/lib/python3.12/site-packages/airflow/example_dags/example_nested_branch_dag.py
[2024-08-30T02:54:09.966+0000] {processor.py:925} INFO - DAG(s) 'example_nested_branch_dag' retrieved from /home/airflow/.local/lib/python3.12/site-packages/airflow/example_dags/example_nested_branch_dag.py
[2024-08-30T02:54:09.989+0000] {logging_mixin.py:190} INFO - [2024-08-30T02:54:09.989+0000] {dag.py:3211} INFO - Sync 1 DAGs
[2024-08-30T02:54:10.011+0000] {logging_mixin.py:190} INFO - [2024-08-30T02:54:10.011+0000] {dag.py:4138} INFO - Setting next_dagrun for example_nested_branch_dag to 2024-08-29 00:00:00+00:00, run_after=2024-08-30 00:00:00+00:00
[2024-08-30T02:54:10.030+0000] {processor.py:208} INFO - Processing /home/airflow/.local/lib/python3.12/site-packages/airflow/example_dags/example_nested_branch_dag.py took 0.082 seconds
[2024-08-30T02:54:40.238+0000] {processor.py:186} INFO - Started process (PID=5966) to work on /home/airflow/.local/lib/python3.12/site-packages/airflow/example_dags/example_nested_branch_dag.py
[2024-08-30T02:54:40.239+0000] {processor.py:914} INFO - Processing file /home/airflow/.local/lib/python3.12/site-packages/airflow/example_dags/example_nested_branch_dag.py for tasks to queue
[2024-08-30T02:54:40.242+0000] {logging_mixin.py:190} INFO - [2024-08-30T02:54:40.241+0000] {dagbag.py:587} INFO - Filling up the DagBag from /home/airflow/.local/lib/python3.12/site-packages/airflow/example_dags/example_nested_branch_dag.py
[2024-08-30T02:54:40.252+0000] {processor.py:925} INFO - DAG(s) 'example_nested_branch_dag' retrieved from /home/airflow/.local/lib/python3.12/site-packages/airflow/example_dags/example_nested_branch_dag.py
[2024-08-30T02:54:40.272+0000] {logging_mixin.py:190} INFO - [2024-08-30T02:54:40.272+0000] {dag.py:3211} INFO - Sync 1 DAGs
[2024-08-30T02:54:40.296+0000] {logging_mixin.py:190} INFO - [2024-08-30T02:54:40.296+0000] {dag.py:4138} INFO - Setting next_dagrun for example_nested_branch_dag to 2024-08-29 00:00:00+00:00, run_after=2024-08-30 00:00:00+00:00
[2024-08-30T02:54:40.316+0000] {processor.py:208} INFO - Processing /home/airflow/.local/lib/python3.12/site-packages/airflow/example_dags/example_nested_branch_dag.py took 0.082 seconds
[2024-08-30T02:55:11.293+0000] {processor.py:186} INFO - Started process (PID=6252) to work on /home/airflow/.local/lib/python3.12/site-packages/airflow/example_dags/example_nested_branch_dag.py
[2024-08-30T02:55:11.294+0000] {processor.py:914} INFO - Processing file /home/airflow/.local/lib/python3.12/site-packages/airflow/example_dags/example_nested_branch_dag.py for tasks to queue
[2024-08-30T02:55:11.297+0000] {logging_mixin.py:190} INFO - [2024-08-30T02:55:11.296+0000] {dagbag.py:587} INFO - Filling up the DagBag from /home/airflow/.local/lib/python3.12/site-packages/airflow/example_dags/example_nested_branch_dag.py
[2024-08-30T02:55:11.307+0000] {processor.py:925} INFO - DAG(s) 'example_nested_branch_dag' retrieved from /home/airflow/.local/lib/python3.12/site-packages/airflow/example_dags/example_nested_branch_dag.py
[2024-08-30T02:55:11.328+0000] {logging_mixin.py:190} INFO - [2024-08-30T02:55:11.327+0000] {dag.py:3211} INFO - Sync 1 DAGs
[2024-08-30T02:55:11.349+0000] {logging_mixin.py:190} INFO - [2024-08-30T02:55:11.349+0000] {dag.py:4138} INFO - Setting next_dagrun for example_nested_branch_dag to 2024-08-29 00:00:00+00:00, run_after=2024-08-30 00:00:00+00:00
[2024-08-30T02:55:11.367+0000] {processor.py:208} INFO - Processing /home/airflow/.local/lib/python3.12/site-packages/airflow/example_dags/example_nested_branch_dag.py took 0.079 seconds
[2024-08-30T02:55:42.259+0000] {processor.py:186} INFO - Started process (PID=6540) to work on /home/airflow/.local/lib/python3.12/site-packages/airflow/example_dags/example_nested_branch_dag.py
[2024-08-30T02:55:42.260+0000] {processor.py:914} INFO - Processing file /home/airflow/.local/lib/python3.12/site-packages/airflow/example_dags/example_nested_branch_dag.py for tasks to queue
[2024-08-30T02:55:42.263+0000] {logging_mixin.py:190} INFO - [2024-08-30T02:55:42.262+0000] {dagbag.py:587} INFO - Filling up the DagBag from /home/airflow/.local/lib/python3.12/site-packages/airflow/example_dags/example_nested_branch_dag.py
[2024-08-30T02:55:42.274+0000] {processor.py:925} INFO - DAG(s) 'example_nested_branch_dag' retrieved from /home/airflow/.local/lib/python3.12/site-packages/airflow/example_dags/example_nested_branch_dag.py
[2024-08-30T02:55:42.297+0000] {logging_mixin.py:190} INFO - [2024-08-30T02:55:42.296+0000] {dag.py:3211} INFO - Sync 1 DAGs
[2024-08-30T02:55:42.323+0000] {logging_mixin.py:190} INFO - [2024-08-30T02:55:42.323+0000] {dag.py:4138} INFO - Setting next_dagrun for example_nested_branch_dag to 2024-08-29 00:00:00+00:00, run_after=2024-08-30 00:00:00+00:00
[2024-08-30T02:55:42.343+0000] {processor.py:208} INFO - Processing /home/airflow/.local/lib/python3.12/site-packages/airflow/example_dags/example_nested_branch_dag.py took 0.090 seconds
[2024-08-30T02:56:12.488+0000] {processor.py:186} INFO - Started process (PID=6826) to work on /home/airflow/.local/lib/python3.12/site-packages/airflow/example_dags/example_nested_branch_dag.py
[2024-08-30T02:56:12.489+0000] {processor.py:914} INFO - Processing file /home/airflow/.local/lib/python3.12/site-packages/airflow/example_dags/example_nested_branch_dag.py for tasks to queue
[2024-08-30T02:56:12.491+0000] {logging_mixin.py:190} INFO - [2024-08-30T02:56:12.491+0000] {dagbag.py:587} INFO - Filling up the DagBag from /home/airflow/.local/lib/python3.12/site-packages/airflow/example_dags/example_nested_branch_dag.py
[2024-08-30T02:56:12.500+0000] {processor.py:925} INFO - DAG(s) 'example_nested_branch_dag' retrieved from /home/airflow/.local/lib/python3.12/site-packages/airflow/example_dags/example_nested_branch_dag.py
[2024-08-30T02:56:12.522+0000] {logging_mixin.py:190} INFO - [2024-08-30T02:56:12.521+0000] {dag.py:3211} INFO - Sync 1 DAGs
[2024-08-30T02:56:12.544+0000] {logging_mixin.py:190} INFO - [2024-08-30T02:56:12.544+0000] {dag.py:4138} INFO - Setting next_dagrun for example_nested_branch_dag to 2024-08-29 00:00:00+00:00, run_after=2024-08-30 00:00:00+00:00
[2024-08-30T02:56:12.562+0000] {processor.py:208} INFO - Processing /home/airflow/.local/lib/python3.12/site-packages/airflow/example_dags/example_nested_branch_dag.py took 0.079 seconds
[2024-08-30T02:56:43.033+0000] {processor.py:186} INFO - Started process (PID=7112) to work on /home/airflow/.local/lib/python3.12/site-packages/airflow/example_dags/example_nested_branch_dag.py
[2024-08-30T02:56:43.034+0000] {processor.py:914} INFO - Processing file /home/airflow/.local/lib/python3.12/site-packages/airflow/example_dags/example_nested_branch_dag.py for tasks to queue
[2024-08-30T02:56:43.037+0000] {logging_mixin.py:190} INFO - [2024-08-30T02:56:43.036+0000] {dagbag.py:587} INFO - Filling up the DagBag from /home/airflow/.local/lib/python3.12/site-packages/airflow/example_dags/example_nested_branch_dag.py
[2024-08-30T02:56:43.047+0000] {processor.py:925} INFO - DAG(s) 'example_nested_branch_dag' retrieved from /home/airflow/.local/lib/python3.12/site-packages/airflow/example_dags/example_nested_branch_dag.py
[2024-08-30T02:56:43.070+0000] {logging_mixin.py:190} INFO - [2024-08-30T02:56:43.070+0000] {dag.py:3211} INFO - Sync 1 DAGs
[2024-08-30T02:56:43.095+0000] {logging_mixin.py:190} INFO - [2024-08-30T02:56:43.095+0000] {dag.py:4138} INFO - Setting next_dagrun for example_nested_branch_dag to 2024-08-29 00:00:00+00:00, run_after=2024-08-30 00:00:00+00:00
[2024-08-30T02:56:43.115+0000] {processor.py:208} INFO - Processing /home/airflow/.local/lib/python3.12/site-packages/airflow/example_dags/example_nested_branch_dag.py took 0.088 seconds
[2024-08-30T02:57:13.346+0000] {processor.py:186} INFO - Started process (PID=7398) to work on /home/airflow/.local/lib/python3.12/site-packages/airflow/example_dags/example_nested_branch_dag.py
[2024-08-30T02:57:13.347+0000] {processor.py:914} INFO - Processing file /home/airflow/.local/lib/python3.12/site-packages/airflow/example_dags/example_nested_branch_dag.py for tasks to queue
[2024-08-30T02:57:13.350+0000] {logging_mixin.py:190} INFO - [2024-08-30T02:57:13.350+0000] {dagbag.py:587} INFO - Filling up the DagBag from /home/airflow/.local/lib/python3.12/site-packages/airflow/example_dags/example_nested_branch_dag.py
[2024-08-30T02:57:13.360+0000] {processor.py:925} INFO - DAG(s) 'example_nested_branch_dag' retrieved from /home/airflow/.local/lib/python3.12/site-packages/airflow/example_dags/example_nested_branch_dag.py
[2024-08-30T02:57:13.381+0000] {logging_mixin.py:190} INFO - [2024-08-30T02:57:13.381+0000] {dag.py:3211} INFO - Sync 1 DAGs
[2024-08-30T02:57:13.405+0000] {logging_mixin.py:190} INFO - [2024-08-30T02:57:13.404+0000] {dag.py:4138} INFO - Setting next_dagrun for example_nested_branch_dag to 2024-08-29 00:00:00+00:00, run_after=2024-08-30 00:00:00+00:00
[2024-08-30T02:57:13.423+0000] {processor.py:208} INFO - Processing /home/airflow/.local/lib/python3.12/site-packages/airflow/example_dags/example_nested_branch_dag.py took 0.081 seconds
