[2024-08-30T02:44:26.897+0000] {processor.py:186} INFO - Started process (PID=247) to work on /home/airflow/.local/lib/python3.12/site-packages/airflow/example_dags/example_sensors.py
[2024-08-30T02:44:26.898+0000] {processor.py:914} INFO - Processing file /home/airflow/.local/lib/python3.12/site-packages/airflow/example_dags/example_sensors.py for tasks to queue
[2024-08-30T02:44:26.900+0000] {logging_mixin.py:190} INFO - [2024-08-30T02:44:26.900+0000] {dagbag.py:587} INFO - Filling up the DagBag from /home/airflow/.local/lib/python3.12/site-packages/airflow/example_dags/example_sensors.py
[2024-08-30T02:44:26.910+0000] {processor.py:925} INFO - DAG(s) 'example_sensors' retrieved from /home/airflow/.local/lib/python3.12/site-packages/airflow/example_dags/example_sensors.py
[2024-08-30T02:44:26.942+0000] {logging_mixin.py:190} INFO - [2024-08-30T02:44:26.941+0000] {dag.py:3211} INFO - Sync 1 DAGs
[2024-08-30T02:44:26.961+0000] {logging_mixin.py:190} INFO - [2024-08-30T02:44:26.960+0000] {dag.py:4138} INFO - Setting next_dagrun for example_sensors to None, run_after=None
[2024-08-30T02:44:26.981+0000] {processor.py:208} INFO - Processing /home/airflow/.local/lib/python3.12/site-packages/airflow/example_dags/example_sensors.py took 0.089 seconds
[2024-08-30T02:44:57.084+0000] {processor.py:186} INFO - Started process (PID=539) to work on /home/airflow/.local/lib/python3.12/site-packages/airflow/example_dags/example_sensors.py
[2024-08-30T02:44:57.085+0000] {processor.py:914} INFO - Processing file /home/airflow/.local/lib/python3.12/site-packages/airflow/example_dags/example_sensors.py for tasks to queue
[2024-08-30T02:44:57.087+0000] {logging_mixin.py:190} INFO - [2024-08-30T02:44:57.086+0000] {dagbag.py:587} INFO - Filling up the DagBag from /home/airflow/.local/lib/python3.12/site-packages/airflow/example_dags/example_sensors.py
[2024-08-30T02:44:57.095+0000] {processor.py:925} INFO - DAG(s) 'example_sensors' retrieved from /home/airflow/.local/lib/python3.12/site-packages/airflow/example_dags/example_sensors.py
[2024-08-30T02:44:57.119+0000] {logging_mixin.py:190} INFO - [2024-08-30T02:44:57.119+0000] {dag.py:3211} INFO - Sync 1 DAGs
[2024-08-30T02:44:57.132+0000] {logging_mixin.py:190} INFO - [2024-08-30T02:44:57.132+0000] {dag.py:4138} INFO - Setting next_dagrun for example_sensors to None, run_after=None
[2024-08-30T02:44:57.151+0000] {processor.py:208} INFO - Processing /home/airflow/.local/lib/python3.12/site-packages/airflow/example_dags/example_sensors.py took 0.072 seconds
[2024-08-30T02:45:27.527+0000] {processor.py:186} INFO - Started process (PID=823) to work on /home/airflow/.local/lib/python3.12/site-packages/airflow/example_dags/example_sensors.py
[2024-08-30T02:45:27.528+0000] {processor.py:914} INFO - Processing file /home/airflow/.local/lib/python3.12/site-packages/airflow/example_dags/example_sensors.py for tasks to queue
[2024-08-30T02:45:27.529+0000] {logging_mixin.py:190} INFO - [2024-08-30T02:45:27.529+0000] {dagbag.py:587} INFO - Filling up the DagBag from /home/airflow/.local/lib/python3.12/site-packages/airflow/example_dags/example_sensors.py
[2024-08-30T02:45:27.537+0000] {processor.py:925} INFO - DAG(s) 'example_sensors' retrieved from /home/airflow/.local/lib/python3.12/site-packages/airflow/example_dags/example_sensors.py
[2024-08-30T02:45:27.560+0000] {logging_mixin.py:190} INFO - [2024-08-30T02:45:27.559+0000] {dag.py:3211} INFO - Sync 1 DAGs
[2024-08-30T02:45:27.572+0000] {logging_mixin.py:190} INFO - [2024-08-30T02:45:27.572+0000] {dag.py:4138} INFO - Setting next_dagrun for example_sensors to None, run_after=None
[2024-08-30T02:45:27.588+0000] {processor.py:208} INFO - Processing /home/airflow/.local/lib/python3.12/site-packages/airflow/example_dags/example_sensors.py took 0.066 seconds
[2024-08-30T02:45:57.750+0000] {processor.py:186} INFO - Started process (PID=1111) to work on /home/airflow/.local/lib/python3.12/site-packages/airflow/example_dags/example_sensors.py
[2024-08-30T02:45:57.751+0000] {processor.py:914} INFO - Processing file /home/airflow/.local/lib/python3.12/site-packages/airflow/example_dags/example_sensors.py for tasks to queue
[2024-08-30T02:45:57.753+0000] {logging_mixin.py:190} INFO - [2024-08-30T02:45:57.752+0000] {dagbag.py:587} INFO - Filling up the DagBag from /home/airflow/.local/lib/python3.12/site-packages/airflow/example_dags/example_sensors.py
[2024-08-30T02:45:57.761+0000] {processor.py:925} INFO - DAG(s) 'example_sensors' retrieved from /home/airflow/.local/lib/python3.12/site-packages/airflow/example_dags/example_sensors.py
[2024-08-30T02:45:57.784+0000] {logging_mixin.py:190} INFO - [2024-08-30T02:45:57.783+0000] {dag.py:3211} INFO - Sync 1 DAGs
[2024-08-30T02:45:57.796+0000] {logging_mixin.py:190} INFO - [2024-08-30T02:45:57.796+0000] {dag.py:4138} INFO - Setting next_dagrun for example_sensors to None, run_after=None
[2024-08-30T02:45:57.812+0000] {processor.py:208} INFO - Processing /home/airflow/.local/lib/python3.12/site-packages/airflow/example_dags/example_sensors.py took 0.067 seconds
[2024-08-30T02:46:28.373+0000] {processor.py:186} INFO - Started process (PID=1397) to work on /home/airflow/.local/lib/python3.12/site-packages/airflow/example_dags/example_sensors.py
[2024-08-30T02:46:28.374+0000] {processor.py:914} INFO - Processing file /home/airflow/.local/lib/python3.12/site-packages/airflow/example_dags/example_sensors.py for tasks to queue
[2024-08-30T02:46:28.376+0000] {logging_mixin.py:190} INFO - [2024-08-30T02:46:28.376+0000] {dagbag.py:587} INFO - Filling up the DagBag from /home/airflow/.local/lib/python3.12/site-packages/airflow/example_dags/example_sensors.py
[2024-08-30T02:46:28.384+0000] {processor.py:925} INFO - DAG(s) 'example_sensors' retrieved from /home/airflow/.local/lib/python3.12/site-packages/airflow/example_dags/example_sensors.py
[2024-08-30T02:46:28.410+0000] {logging_mixin.py:190} INFO - [2024-08-30T02:46:28.410+0000] {dag.py:3211} INFO - Sync 1 DAGs
[2024-08-30T02:46:28.423+0000] {logging_mixin.py:190} INFO - [2024-08-30T02:46:28.422+0000] {dag.py:4138} INFO - Setting next_dagrun for example_sensors to None, run_after=None
[2024-08-30T02:46:28.441+0000] {processor.py:208} INFO - Processing /home/airflow/.local/lib/python3.12/site-packages/airflow/example_dags/example_sensors.py took 0.073 seconds
[2024-08-30T02:46:58.910+0000] {processor.py:186} INFO - Started process (PID=1681) to work on /home/airflow/.local/lib/python3.12/site-packages/airflow/example_dags/example_sensors.py
[2024-08-30T02:46:58.911+0000] {processor.py:914} INFO - Processing file /home/airflow/.local/lib/python3.12/site-packages/airflow/example_dags/example_sensors.py for tasks to queue
[2024-08-30T02:46:58.912+0000] {logging_mixin.py:190} INFO - [2024-08-30T02:46:58.912+0000] {dagbag.py:587} INFO - Filling up the DagBag from /home/airflow/.local/lib/python3.12/site-packages/airflow/example_dags/example_sensors.py
[2024-08-30T02:46:58.921+0000] {processor.py:925} INFO - DAG(s) 'example_sensors' retrieved from /home/airflow/.local/lib/python3.12/site-packages/airflow/example_dags/example_sensors.py
[2024-08-30T02:46:58.945+0000] {logging_mixin.py:190} INFO - [2024-08-30T02:46:58.944+0000] {dag.py:3211} INFO - Sync 1 DAGs
[2024-08-30T02:46:58.958+0000] {logging_mixin.py:190} INFO - [2024-08-30T02:46:58.957+0000] {dag.py:4138} INFO - Setting next_dagrun for example_sensors to None, run_after=None
[2024-08-30T02:46:58.980+0000] {processor.py:208} INFO - Processing /home/airflow/.local/lib/python3.12/site-packages/airflow/example_dags/example_sensors.py took 0.074 seconds
[2024-08-30T02:47:29.861+0000] {processor.py:186} INFO - Started process (PID=1969) to work on /home/airflow/.local/lib/python3.12/site-packages/airflow/example_dags/example_sensors.py
[2024-08-30T02:47:29.862+0000] {processor.py:914} INFO - Processing file /home/airflow/.local/lib/python3.12/site-packages/airflow/example_dags/example_sensors.py for tasks to queue
[2024-08-30T02:47:29.864+0000] {logging_mixin.py:190} INFO - [2024-08-30T02:47:29.864+0000] {dagbag.py:587} INFO - Filling up the DagBag from /home/airflow/.local/lib/python3.12/site-packages/airflow/example_dags/example_sensors.py
[2024-08-30T02:47:29.874+0000] {processor.py:925} INFO - DAG(s) 'example_sensors' retrieved from /home/airflow/.local/lib/python3.12/site-packages/airflow/example_dags/example_sensors.py
[2024-08-30T02:47:29.904+0000] {logging_mixin.py:190} INFO - [2024-08-30T02:47:29.904+0000] {dag.py:3211} INFO - Sync 1 DAGs
[2024-08-30T02:47:29.921+0000] {logging_mixin.py:190} INFO - [2024-08-30T02:47:29.920+0000] {dag.py:4138} INFO - Setting next_dagrun for example_sensors to None, run_after=None
[2024-08-30T02:47:29.945+0000] {processor.py:208} INFO - Processing /home/airflow/.local/lib/python3.12/site-packages/airflow/example_dags/example_sensors.py took 0.089 seconds
[2024-08-30T02:48:00.750+0000] {processor.py:186} INFO - Started process (PID=2255) to work on /home/airflow/.local/lib/python3.12/site-packages/airflow/example_dags/example_sensors.py
[2024-08-30T02:48:00.751+0000] {processor.py:914} INFO - Processing file /home/airflow/.local/lib/python3.12/site-packages/airflow/example_dags/example_sensors.py for tasks to queue
[2024-08-30T02:48:00.753+0000] {logging_mixin.py:190} INFO - [2024-08-30T02:48:00.753+0000] {dagbag.py:587} INFO - Filling up the DagBag from /home/airflow/.local/lib/python3.12/site-packages/airflow/example_dags/example_sensors.py
[2024-08-30T02:48:00.762+0000] {processor.py:925} INFO - DAG(s) 'example_sensors' retrieved from /home/airflow/.local/lib/python3.12/site-packages/airflow/example_dags/example_sensors.py
[2024-08-30T02:48:00.787+0000] {logging_mixin.py:190} INFO - [2024-08-30T02:48:00.786+0000] {dag.py:3211} INFO - Sync 1 DAGs
[2024-08-30T02:48:00.800+0000] {logging_mixin.py:190} INFO - [2024-08-30T02:48:00.800+0000] {dag.py:4138} INFO - Setting next_dagrun for example_sensors to None, run_after=None
[2024-08-30T02:48:00.821+0000] {processor.py:208} INFO - Processing /home/airflow/.local/lib/python3.12/site-packages/airflow/example_dags/example_sensors.py took 0.076 seconds
[2024-08-30T02:48:31.522+0000] {processor.py:186} INFO - Started process (PID=2539) to work on /home/airflow/.local/lib/python3.12/site-packages/airflow/example_dags/example_sensors.py
[2024-08-30T02:48:31.523+0000] {processor.py:914} INFO - Processing file /home/airflow/.local/lib/python3.12/site-packages/airflow/example_dags/example_sensors.py for tasks to queue
[2024-08-30T02:48:31.525+0000] {logging_mixin.py:190} INFO - [2024-08-30T02:48:31.525+0000] {dagbag.py:587} INFO - Filling up the DagBag from /home/airflow/.local/lib/python3.12/site-packages/airflow/example_dags/example_sensors.py
[2024-08-30T02:48:31.533+0000] {processor.py:925} INFO - DAG(s) 'example_sensors' retrieved from /home/airflow/.local/lib/python3.12/site-packages/airflow/example_dags/example_sensors.py
[2024-08-30T02:48:31.555+0000] {logging_mixin.py:190} INFO - [2024-08-30T02:48:31.555+0000] {dag.py:3211} INFO - Sync 1 DAGs
[2024-08-30T02:48:31.567+0000] {logging_mixin.py:190} INFO - [2024-08-30T02:48:31.567+0000] {dag.py:4138} INFO - Setting next_dagrun for example_sensors to None, run_after=None
[2024-08-30T02:48:31.587+0000] {processor.py:208} INFO - Processing /home/airflow/.local/lib/python3.12/site-packages/airflow/example_dags/example_sensors.py took 0.070 seconds
[2024-08-30T02:49:02.491+0000] {processor.py:186} INFO - Started process (PID=2825) to work on /home/airflow/.local/lib/python3.12/site-packages/airflow/example_dags/example_sensors.py
[2024-08-30T02:49:02.492+0000] {processor.py:914} INFO - Processing file /home/airflow/.local/lib/python3.12/site-packages/airflow/example_dags/example_sensors.py for tasks to queue
[2024-08-30T02:49:02.495+0000] {logging_mixin.py:190} INFO - [2024-08-30T02:49:02.495+0000] {dagbag.py:587} INFO - Filling up the DagBag from /home/airflow/.local/lib/python3.12/site-packages/airflow/example_dags/example_sensors.py
[2024-08-30T02:49:02.505+0000] {processor.py:925} INFO - DAG(s) 'example_sensors' retrieved from /home/airflow/.local/lib/python3.12/site-packages/airflow/example_dags/example_sensors.py
[2024-08-30T02:49:02.529+0000] {logging_mixin.py:190} INFO - [2024-08-30T02:49:02.529+0000] {dag.py:3211} INFO - Sync 1 DAGs
[2024-08-30T02:49:02.545+0000] {logging_mixin.py:190} INFO - [2024-08-30T02:49:02.545+0000] {dag.py:4138} INFO - Setting next_dagrun for example_sensors to None, run_after=None
[2024-08-30T02:49:02.564+0000] {processor.py:208} INFO - Processing /home/airflow/.local/lib/python3.12/site-packages/airflow/example_dags/example_sensors.py took 0.078 seconds
[2024-08-30T02:49:33.451+0000] {processor.py:186} INFO - Started process (PID=3113) to work on /home/airflow/.local/lib/python3.12/site-packages/airflow/example_dags/example_sensors.py
[2024-08-30T02:49:33.452+0000] {processor.py:914} INFO - Processing file /home/airflow/.local/lib/python3.12/site-packages/airflow/example_dags/example_sensors.py for tasks to queue
[2024-08-30T02:49:33.454+0000] {logging_mixin.py:190} INFO - [2024-08-30T02:49:33.454+0000] {dagbag.py:587} INFO - Filling up the DagBag from /home/airflow/.local/lib/python3.12/site-packages/airflow/example_dags/example_sensors.py
[2024-08-30T02:49:33.462+0000] {processor.py:925} INFO - DAG(s) 'example_sensors' retrieved from /home/airflow/.local/lib/python3.12/site-packages/airflow/example_dags/example_sensors.py
[2024-08-30T02:49:33.486+0000] {logging_mixin.py:190} INFO - [2024-08-30T02:49:33.485+0000] {dag.py:3211} INFO - Sync 1 DAGs
[2024-08-30T02:49:33.499+0000] {logging_mixin.py:190} INFO - [2024-08-30T02:49:33.499+0000] {dag.py:4138} INFO - Setting next_dagrun for example_sensors to None, run_after=None
[2024-08-30T02:49:33.517+0000] {processor.py:208} INFO - Processing /home/airflow/.local/lib/python3.12/site-packages/airflow/example_dags/example_sensors.py took 0.071 seconds
[2024-08-30T02:50:04.043+0000] {processor.py:186} INFO - Started process (PID=3397) to work on /home/airflow/.local/lib/python3.12/site-packages/airflow/example_dags/example_sensors.py
[2024-08-30T02:50:04.044+0000] {processor.py:914} INFO - Processing file /home/airflow/.local/lib/python3.12/site-packages/airflow/example_dags/example_sensors.py for tasks to queue
[2024-08-30T02:50:04.047+0000] {logging_mixin.py:190} INFO - [2024-08-30T02:50:04.046+0000] {dagbag.py:587} INFO - Filling up the DagBag from /home/airflow/.local/lib/python3.12/site-packages/airflow/example_dags/example_sensors.py
[2024-08-30T02:50:04.056+0000] {processor.py:925} INFO - DAG(s) 'example_sensors' retrieved from /home/airflow/.local/lib/python3.12/site-packages/airflow/example_dags/example_sensors.py
[2024-08-30T02:50:04.081+0000] {logging_mixin.py:190} INFO - [2024-08-30T02:50:04.081+0000] {dag.py:3211} INFO - Sync 1 DAGs
[2024-08-30T02:50:04.095+0000] {logging_mixin.py:190} INFO - [2024-08-30T02:50:04.094+0000] {dag.py:4138} INFO - Setting next_dagrun for example_sensors to None, run_after=None
[2024-08-30T02:50:04.114+0000] {processor.py:208} INFO - Processing /home/airflow/.local/lib/python3.12/site-packages/airflow/example_dags/example_sensors.py took 0.076 seconds
[2024-08-30T02:50:34.729+0000] {processor.py:186} INFO - Started process (PID=3683) to work on /home/airflow/.local/lib/python3.12/site-packages/airflow/example_dags/example_sensors.py
[2024-08-30T02:50:34.730+0000] {processor.py:914} INFO - Processing file /home/airflow/.local/lib/python3.12/site-packages/airflow/example_dags/example_sensors.py for tasks to queue
[2024-08-30T02:50:34.731+0000] {logging_mixin.py:190} INFO - [2024-08-30T02:50:34.731+0000] {dagbag.py:587} INFO - Filling up the DagBag from /home/airflow/.local/lib/python3.12/site-packages/airflow/example_dags/example_sensors.py
[2024-08-30T02:50:34.740+0000] {processor.py:925} INFO - DAG(s) 'example_sensors' retrieved from /home/airflow/.local/lib/python3.12/site-packages/airflow/example_dags/example_sensors.py
[2024-08-30T02:50:34.763+0000] {logging_mixin.py:190} INFO - [2024-08-30T02:50:34.763+0000] {dag.py:3211} INFO - Sync 1 DAGs
[2024-08-30T02:50:34.776+0000] {logging_mixin.py:190} INFO - [2024-08-30T02:50:34.776+0000] {dag.py:4138} INFO - Setting next_dagrun for example_sensors to None, run_after=None
[2024-08-30T02:50:34.794+0000] {processor.py:208} INFO - Processing /home/airflow/.local/lib/python3.12/site-packages/airflow/example_dags/example_sensors.py took 0.069 seconds
[2024-08-30T02:51:05.432+0000] {processor.py:186} INFO - Started process (PID=3969) to work on /home/airflow/.local/lib/python3.12/site-packages/airflow/example_dags/example_sensors.py
[2024-08-30T02:51:05.433+0000] {processor.py:914} INFO - Processing file /home/airflow/.local/lib/python3.12/site-packages/airflow/example_dags/example_sensors.py for tasks to queue
[2024-08-30T02:51:05.436+0000] {logging_mixin.py:190} INFO - [2024-08-30T02:51:05.436+0000] {dagbag.py:587} INFO - Filling up the DagBag from /home/airflow/.local/lib/python3.12/site-packages/airflow/example_dags/example_sensors.py
[2024-08-30T02:51:05.444+0000] {processor.py:925} INFO - DAG(s) 'example_sensors' retrieved from /home/airflow/.local/lib/python3.12/site-packages/airflow/example_dags/example_sensors.py
[2024-08-30T02:51:05.468+0000] {logging_mixin.py:190} INFO - [2024-08-30T02:51:05.467+0000] {dag.py:3211} INFO - Sync 1 DAGs
[2024-08-30T02:51:05.481+0000] {logging_mixin.py:190} INFO - [2024-08-30T02:51:05.481+0000] {dag.py:4138} INFO - Setting next_dagrun for example_sensors to None, run_after=None
[2024-08-30T02:51:05.502+0000] {processor.py:208} INFO - Processing /home/airflow/.local/lib/python3.12/site-packages/airflow/example_dags/example_sensors.py took 0.075 seconds
[2024-08-30T02:51:36.094+0000] {processor.py:186} INFO - Started process (PID=4257) to work on /home/airflow/.local/lib/python3.12/site-packages/airflow/example_dags/example_sensors.py
[2024-08-30T02:51:36.095+0000] {processor.py:914} INFO - Processing file /home/airflow/.local/lib/python3.12/site-packages/airflow/example_dags/example_sensors.py for tasks to queue
[2024-08-30T02:51:36.096+0000] {logging_mixin.py:190} INFO - [2024-08-30T02:51:36.096+0000] {dagbag.py:587} INFO - Filling up the DagBag from /home/airflow/.local/lib/python3.12/site-packages/airflow/example_dags/example_sensors.py
[2024-08-30T02:51:36.105+0000] {processor.py:925} INFO - DAG(s) 'example_sensors' retrieved from /home/airflow/.local/lib/python3.12/site-packages/airflow/example_dags/example_sensors.py
[2024-08-30T02:51:36.127+0000] {logging_mixin.py:190} INFO - [2024-08-30T02:51:36.126+0000] {dag.py:3211} INFO - Sync 1 DAGs
[2024-08-30T02:51:36.141+0000] {logging_mixin.py:190} INFO - [2024-08-30T02:51:36.140+0000] {dag.py:4138} INFO - Setting next_dagrun for example_sensors to None, run_after=None
[2024-08-30T02:51:36.161+0000] {processor.py:208} INFO - Processing /home/airflow/.local/lib/python3.12/site-packages/airflow/example_dags/example_sensors.py took 0.071 seconds
[2024-08-30T02:52:06.807+0000] {processor.py:186} INFO - Started process (PID=4541) to work on /home/airflow/.local/lib/python3.12/site-packages/airflow/example_dags/example_sensors.py
[2024-08-30T02:52:06.808+0000] {processor.py:914} INFO - Processing file /home/airflow/.local/lib/python3.12/site-packages/airflow/example_dags/example_sensors.py for tasks to queue
[2024-08-30T02:52:06.810+0000] {logging_mixin.py:190} INFO - [2024-08-30T02:52:06.810+0000] {dagbag.py:587} INFO - Filling up the DagBag from /home/airflow/.local/lib/python3.12/site-packages/airflow/example_dags/example_sensors.py
[2024-08-30T02:52:06.820+0000] {processor.py:925} INFO - DAG(s) 'example_sensors' retrieved from /home/airflow/.local/lib/python3.12/site-packages/airflow/example_dags/example_sensors.py
[2024-08-30T02:52:06.844+0000] {logging_mixin.py:190} INFO - [2024-08-30T02:52:06.844+0000] {dag.py:3211} INFO - Sync 1 DAGs
[2024-08-30T02:52:06.857+0000] {logging_mixin.py:190} INFO - [2024-08-30T02:52:06.857+0000] {dag.py:4138} INFO - Setting next_dagrun for example_sensors to None, run_after=None
[2024-08-30T02:52:06.876+0000] {processor.py:208} INFO - Processing /home/airflow/.local/lib/python3.12/site-packages/airflow/example_dags/example_sensors.py took 0.074 seconds
[2024-08-30T02:52:37.582+0000] {processor.py:186} INFO - Started process (PID=4827) to work on /home/airflow/.local/lib/python3.12/site-packages/airflow/example_dags/example_sensors.py
[2024-08-30T02:52:37.584+0000] {processor.py:914} INFO - Processing file /home/airflow/.local/lib/python3.12/site-packages/airflow/example_dags/example_sensors.py for tasks to queue
[2024-08-30T02:52:37.586+0000] {logging_mixin.py:190} INFO - [2024-08-30T02:52:37.586+0000] {dagbag.py:587} INFO - Filling up the DagBag from /home/airflow/.local/lib/python3.12/site-packages/airflow/example_dags/example_sensors.py
[2024-08-30T02:52:37.594+0000] {processor.py:925} INFO - DAG(s) 'example_sensors' retrieved from /home/airflow/.local/lib/python3.12/site-packages/airflow/example_dags/example_sensors.py
[2024-08-30T02:52:37.618+0000] {logging_mixin.py:190} INFO - [2024-08-30T02:52:37.617+0000] {dag.py:3211} INFO - Sync 1 DAGs
[2024-08-30T02:52:37.630+0000] {logging_mixin.py:190} INFO - [2024-08-30T02:52:37.629+0000] {dag.py:4138} INFO - Setting next_dagrun for example_sensors to None, run_after=None
[2024-08-30T02:52:37.647+0000] {processor.py:208} INFO - Processing /home/airflow/.local/lib/python3.12/site-packages/airflow/example_dags/example_sensors.py took 0.069 seconds
[2024-08-30T02:53:08.334+0000] {processor.py:186} INFO - Started process (PID=5110) to work on /home/airflow/.local/lib/python3.12/site-packages/airflow/example_dags/example_sensors.py
[2024-08-30T02:53:08.335+0000] {processor.py:914} INFO - Processing file /home/airflow/.local/lib/python3.12/site-packages/airflow/example_dags/example_sensors.py for tasks to queue
[2024-08-30T02:53:08.337+0000] {logging_mixin.py:190} INFO - [2024-08-30T02:53:08.337+0000] {dagbag.py:587} INFO - Filling up the DagBag from /home/airflow/.local/lib/python3.12/site-packages/airflow/example_dags/example_sensors.py
[2024-08-30T02:53:08.346+0000] {processor.py:925} INFO - DAG(s) 'example_sensors' retrieved from /home/airflow/.local/lib/python3.12/site-packages/airflow/example_dags/example_sensors.py
[2024-08-30T02:53:08.370+0000] {logging_mixin.py:190} INFO - [2024-08-30T02:53:08.370+0000] {dag.py:3211} INFO - Sync 1 DAGs
[2024-08-30T02:53:08.385+0000] {logging_mixin.py:190} INFO - [2024-08-30T02:53:08.385+0000] {dag.py:4138} INFO - Setting next_dagrun for example_sensors to None, run_after=None
[2024-08-30T02:53:08.406+0000] {processor.py:208} INFO - Processing /home/airflow/.local/lib/python3.12/site-packages/airflow/example_dags/example_sensors.py took 0.077 seconds
[2024-08-30T02:53:39.217+0000] {processor.py:186} INFO - Started process (PID=5401) to work on /home/airflow/.local/lib/python3.12/site-packages/airflow/example_dags/example_sensors.py
[2024-08-30T02:53:39.218+0000] {processor.py:914} INFO - Processing file /home/airflow/.local/lib/python3.12/site-packages/airflow/example_dags/example_sensors.py for tasks to queue
[2024-08-30T02:53:39.220+0000] {logging_mixin.py:190} INFO - [2024-08-30T02:53:39.219+0000] {dagbag.py:587} INFO - Filling up the DagBag from /home/airflow/.local/lib/python3.12/site-packages/airflow/example_dags/example_sensors.py
[2024-08-30T02:53:39.229+0000] {processor.py:925} INFO - DAG(s) 'example_sensors' retrieved from /home/airflow/.local/lib/python3.12/site-packages/airflow/example_dags/example_sensors.py
[2024-08-30T02:53:39.253+0000] {logging_mixin.py:190} INFO - [2024-08-30T02:53:39.252+0000] {dag.py:3211} INFO - Sync 1 DAGs
[2024-08-30T02:53:39.265+0000] {logging_mixin.py:190} INFO - [2024-08-30T02:53:39.265+0000] {dag.py:4138} INFO - Setting next_dagrun for example_sensors to None, run_after=None
[2024-08-30T02:53:39.283+0000] {processor.py:208} INFO - Processing /home/airflow/.local/lib/python3.12/site-packages/airflow/example_dags/example_sensors.py took 0.072 seconds
[2024-08-30T02:54:10.065+0000] {processor.py:186} INFO - Started process (PID=5687) to work on /home/airflow/.local/lib/python3.12/site-packages/airflow/example_dags/example_sensors.py
[2024-08-30T02:54:10.066+0000] {processor.py:914} INFO - Processing file /home/airflow/.local/lib/python3.12/site-packages/airflow/example_dags/example_sensors.py for tasks to queue
[2024-08-30T02:54:10.068+0000] {logging_mixin.py:190} INFO - [2024-08-30T02:54:10.068+0000] {dagbag.py:587} INFO - Filling up the DagBag from /home/airflow/.local/lib/python3.12/site-packages/airflow/example_dags/example_sensors.py
[2024-08-30T02:54:10.077+0000] {processor.py:925} INFO - DAG(s) 'example_sensors' retrieved from /home/airflow/.local/lib/python3.12/site-packages/airflow/example_dags/example_sensors.py
[2024-08-30T02:54:10.100+0000] {logging_mixin.py:190} INFO - [2024-08-30T02:54:10.100+0000] {dag.py:3211} INFO - Sync 1 DAGs
[2024-08-30T02:54:10.114+0000] {logging_mixin.py:190} INFO - [2024-08-30T02:54:10.114+0000] {dag.py:4138} INFO - Setting next_dagrun for example_sensors to None, run_after=None
[2024-08-30T02:54:10.132+0000] {processor.py:208} INFO - Processing /home/airflow/.local/lib/python3.12/site-packages/airflow/example_dags/example_sensors.py took 0.072 seconds
[2024-08-30T02:54:40.271+0000] {processor.py:186} INFO - Started process (PID=5971) to work on /home/airflow/.local/lib/python3.12/site-packages/airflow/example_dags/example_sensors.py
[2024-08-30T02:54:40.272+0000] {processor.py:914} INFO - Processing file /home/airflow/.local/lib/python3.12/site-packages/airflow/example_dags/example_sensors.py for tasks to queue
[2024-08-30T02:54:40.275+0000] {logging_mixin.py:190} INFO - [2024-08-30T02:54:40.275+0000] {dagbag.py:587} INFO - Filling up the DagBag from /home/airflow/.local/lib/python3.12/site-packages/airflow/example_dags/example_sensors.py
[2024-08-30T02:54:40.284+0000] {processor.py:925} INFO - DAG(s) 'example_sensors' retrieved from /home/airflow/.local/lib/python3.12/site-packages/airflow/example_dags/example_sensors.py
[2024-08-30T02:54:40.309+0000] {logging_mixin.py:190} INFO - [2024-08-30T02:54:40.309+0000] {dag.py:3211} INFO - Sync 1 DAGs
[2024-08-30T02:54:40.323+0000] {logging_mixin.py:190} INFO - [2024-08-30T02:54:40.322+0000] {dag.py:4138} INFO - Setting next_dagrun for example_sensors to None, run_after=None
[2024-08-30T02:54:40.343+0000] {processor.py:208} INFO - Processing /home/airflow/.local/lib/python3.12/site-packages/airflow/example_dags/example_sensors.py took 0.077 seconds
[2024-08-30T02:55:11.325+0000] {processor.py:186} INFO - Started process (PID=6257) to work on /home/airflow/.local/lib/python3.12/site-packages/airflow/example_dags/example_sensors.py
[2024-08-30T02:55:11.326+0000] {processor.py:914} INFO - Processing file /home/airflow/.local/lib/python3.12/site-packages/airflow/example_dags/example_sensors.py for tasks to queue
[2024-08-30T02:55:11.328+0000] {logging_mixin.py:190} INFO - [2024-08-30T02:55:11.328+0000] {dagbag.py:587} INFO - Filling up the DagBag from /home/airflow/.local/lib/python3.12/site-packages/airflow/example_dags/example_sensors.py
[2024-08-30T02:55:11.337+0000] {processor.py:925} INFO - DAG(s) 'example_sensors' retrieved from /home/airflow/.local/lib/python3.12/site-packages/airflow/example_dags/example_sensors.py
[2024-08-30T02:55:11.362+0000] {logging_mixin.py:190} INFO - [2024-08-30T02:55:11.361+0000] {dag.py:3211} INFO - Sync 1 DAGs
[2024-08-30T02:55:11.374+0000] {logging_mixin.py:190} INFO - [2024-08-30T02:55:11.374+0000] {dag.py:4138} INFO - Setting next_dagrun for example_sensors to None, run_after=None
[2024-08-30T02:55:11.395+0000] {processor.py:208} INFO - Processing /home/airflow/.local/lib/python3.12/site-packages/airflow/example_dags/example_sensors.py took 0.075 seconds
[2024-08-30T02:55:42.262+0000] {processor.py:186} INFO - Started process (PID=6543) to work on /home/airflow/.local/lib/python3.12/site-packages/airflow/example_dags/example_sensors.py
[2024-08-30T02:55:42.263+0000] {processor.py:914} INFO - Processing file /home/airflow/.local/lib/python3.12/site-packages/airflow/example_dags/example_sensors.py for tasks to queue
[2024-08-30T02:55:42.266+0000] {logging_mixin.py:190} INFO - [2024-08-30T02:55:42.266+0000] {dagbag.py:587} INFO - Filling up the DagBag from /home/airflow/.local/lib/python3.12/site-packages/airflow/example_dags/example_sensors.py
[2024-08-30T02:55:42.276+0000] {processor.py:925} INFO - DAG(s) 'example_sensors' retrieved from /home/airflow/.local/lib/python3.12/site-packages/airflow/example_dags/example_sensors.py
[2024-08-30T02:55:42.303+0000] {logging_mixin.py:190} INFO - [2024-08-30T02:55:42.303+0000] {dag.py:3211} INFO - Sync 1 DAGs
[2024-08-30T02:55:42.319+0000] {logging_mixin.py:190} INFO - [2024-08-30T02:55:42.319+0000] {dag.py:4138} INFO - Setting next_dagrun for example_sensors to None, run_after=None
[2024-08-30T02:55:42.341+0000] {processor.py:208} INFO - Processing /home/airflow/.local/lib/python3.12/site-packages/airflow/example_dags/example_sensors.py took 0.084 seconds
[2024-08-30T02:56:12.490+0000] {processor.py:186} INFO - Started process (PID=6829) to work on /home/airflow/.local/lib/python3.12/site-packages/airflow/example_dags/example_sensors.py
[2024-08-30T02:56:12.491+0000] {processor.py:914} INFO - Processing file /home/airflow/.local/lib/python3.12/site-packages/airflow/example_dags/example_sensors.py for tasks to queue
[2024-08-30T02:56:12.492+0000] {logging_mixin.py:190} INFO - [2024-08-30T02:56:12.492+0000] {dagbag.py:587} INFO - Filling up the DagBag from /home/airflow/.local/lib/python3.12/site-packages/airflow/example_dags/example_sensors.py
[2024-08-30T02:56:12.501+0000] {processor.py:925} INFO - DAG(s) 'example_sensors' retrieved from /home/airflow/.local/lib/python3.12/site-packages/airflow/example_dags/example_sensors.py
[2024-08-30T02:56:12.525+0000] {logging_mixin.py:190} INFO - [2024-08-30T02:56:12.525+0000] {dag.py:3211} INFO - Sync 1 DAGs
[2024-08-30T02:56:12.538+0000] {logging_mixin.py:190} INFO - [2024-08-30T02:56:12.538+0000] {dag.py:4138} INFO - Setting next_dagrun for example_sensors to None, run_after=None
[2024-08-30T02:56:12.557+0000] {processor.py:208} INFO - Processing /home/airflow/.local/lib/python3.12/site-packages/airflow/example_dags/example_sensors.py took 0.071 seconds
[2024-08-30T02:56:43.036+0000] {processor.py:186} INFO - Started process (PID=7115) to work on /home/airflow/.local/lib/python3.12/site-packages/airflow/example_dags/example_sensors.py
[2024-08-30T02:56:43.037+0000] {processor.py:914} INFO - Processing file /home/airflow/.local/lib/python3.12/site-packages/airflow/example_dags/example_sensors.py for tasks to queue
[2024-08-30T02:56:43.039+0000] {logging_mixin.py:190} INFO - [2024-08-30T02:56:43.039+0000] {dagbag.py:587} INFO - Filling up the DagBag from /home/airflow/.local/lib/python3.12/site-packages/airflow/example_dags/example_sensors.py
[2024-08-30T02:56:43.048+0000] {processor.py:925} INFO - DAG(s) 'example_sensors' retrieved from /home/airflow/.local/lib/python3.12/site-packages/airflow/example_dags/example_sensors.py
[2024-08-30T02:56:43.073+0000] {logging_mixin.py:190} INFO - [2024-08-30T02:56:43.073+0000] {dag.py:3211} INFO - Sync 1 DAGs
[2024-08-30T02:56:43.086+0000] {logging_mixin.py:190} INFO - [2024-08-30T02:56:43.086+0000] {dag.py:4138} INFO - Setting next_dagrun for example_sensors to None, run_after=None
[2024-08-30T02:56:43.107+0000] {processor.py:208} INFO - Processing /home/airflow/.local/lib/python3.12/site-packages/airflow/example_dags/example_sensors.py took 0.076 seconds
[2024-08-30T02:57:13.357+0000] {processor.py:186} INFO - Started process (PID=7401) to work on /home/airflow/.local/lib/python3.12/site-packages/airflow/example_dags/example_sensors.py
[2024-08-30T02:57:13.358+0000] {processor.py:914} INFO - Processing file /home/airflow/.local/lib/python3.12/site-packages/airflow/example_dags/example_sensors.py for tasks to queue
[2024-08-30T02:57:13.360+0000] {logging_mixin.py:190} INFO - [2024-08-30T02:57:13.360+0000] {dagbag.py:587} INFO - Filling up the DagBag from /home/airflow/.local/lib/python3.12/site-packages/airflow/example_dags/example_sensors.py
[2024-08-30T02:57:13.370+0000] {processor.py:925} INFO - DAG(s) 'example_sensors' retrieved from /home/airflow/.local/lib/python3.12/site-packages/airflow/example_dags/example_sensors.py
[2024-08-30T02:57:13.393+0000] {logging_mixin.py:190} INFO - [2024-08-30T02:57:13.393+0000] {dag.py:3211} INFO - Sync 1 DAGs
[2024-08-30T02:57:13.407+0000] {logging_mixin.py:190} INFO - [2024-08-30T02:57:13.407+0000] {dag.py:4138} INFO - Setting next_dagrun for example_sensors to None, run_after=None
[2024-08-30T02:57:13.425+0000] {processor.py:208} INFO - Processing /home/airflow/.local/lib/python3.12/site-packages/airflow/example_dags/example_sensors.py took 0.073 seconds
