[2024-08-30T02:44:27.766+0000] {processor.py:186} INFO - Started process (PID=302) to work on /home/airflow/.local/lib/python3.12/site-packages/airflow/example_dags/example_external_task_marker_dag.py
[2024-08-30T02:44:27.767+0000] {processor.py:914} INFO - Processing file /home/airflow/.local/lib/python3.12/site-packages/airflow/example_dags/example_external_task_marker_dag.py for tasks to queue
[2024-08-30T02:44:27.769+0000] {logging_mixin.py:190} INFO - [2024-08-30T02:44:27.769+0000] {dagbag.py:587} INFO - Filling up the DagBag from /home/airflow/.local/lib/python3.12/site-packages/airflow/example_dags/example_external_task_marker_dag.py
[2024-08-30T02:44:27.777+0000] {processor.py:925} INFO - DAG(s) 'example_external_task_marker_child', 'example_external_task_marker_parent' retrieved from /home/airflow/.local/lib/python3.12/site-packages/airflow/example_dags/example_external_task_marker_dag.py
[2024-08-30T02:44:27.802+0000] {logging_mixin.py:190} INFO - [2024-08-30T02:44:27.801+0000] {dag.py:3211} INFO - Sync 2 DAGs
[2024-08-30T02:44:27.816+0000] {logging_mixin.py:190} INFO - [2024-08-30T02:44:27.816+0000] {dag.py:4138} INFO - Setting next_dagrun for example_external_task_marker_child to None, run_after=None
[2024-08-30T02:44:27.820+0000] {logging_mixin.py:190} INFO - [2024-08-30T02:44:27.820+0000] {dag.py:4138} INFO - Setting next_dagrun for example_external_task_marker_parent to None, run_after=None
[2024-08-30T02:44:27.839+0000] {processor.py:208} INFO - Processing /home/airflow/.local/lib/python3.12/site-packages/airflow/example_dags/example_external_task_marker_dag.py took 0.078 seconds
[2024-08-30T02:44:57.969+0000] {processor.py:186} INFO - Started process (PID=592) to work on /home/airflow/.local/lib/python3.12/site-packages/airflow/example_dags/example_external_task_marker_dag.py
[2024-08-30T02:44:57.970+0000] {processor.py:914} INFO - Processing file /home/airflow/.local/lib/python3.12/site-packages/airflow/example_dags/example_external_task_marker_dag.py for tasks to queue
[2024-08-30T02:44:57.972+0000] {logging_mixin.py:190} INFO - [2024-08-30T02:44:57.972+0000] {dagbag.py:587} INFO - Filling up the DagBag from /home/airflow/.local/lib/python3.12/site-packages/airflow/example_dags/example_external_task_marker_dag.py
[2024-08-30T02:44:57.978+0000] {processor.py:925} INFO - DAG(s) 'example_external_task_marker_child', 'example_external_task_marker_parent' retrieved from /home/airflow/.local/lib/python3.12/site-packages/airflow/example_dags/example_external_task_marker_dag.py
[2024-08-30T02:44:57.997+0000] {logging_mixin.py:190} INFO - [2024-08-30T02:44:57.997+0000] {dag.py:3211} INFO - Sync 2 DAGs
[2024-08-30T02:44:58.011+0000] {logging_mixin.py:190} INFO - [2024-08-30T02:44:58.011+0000] {dag.py:4138} INFO - Setting next_dagrun for example_external_task_marker_child to None, run_after=None
[2024-08-30T02:44:58.016+0000] {logging_mixin.py:190} INFO - [2024-08-30T02:44:58.016+0000] {dag.py:4138} INFO - Setting next_dagrun for example_external_task_marker_parent to None, run_after=None
[2024-08-30T02:44:58.035+0000] {processor.py:208} INFO - Processing /home/airflow/.local/lib/python3.12/site-packages/airflow/example_dags/example_external_task_marker_dag.py took 0.072 seconds
[2024-08-30T02:45:28.609+0000] {processor.py:186} INFO - Started process (PID=878) to work on /home/airflow/.local/lib/python3.12/site-packages/airflow/example_dags/example_external_task_marker_dag.py
[2024-08-30T02:45:28.610+0000] {processor.py:914} INFO - Processing file /home/airflow/.local/lib/python3.12/site-packages/airflow/example_dags/example_external_task_marker_dag.py for tasks to queue
[2024-08-30T02:45:28.612+0000] {logging_mixin.py:190} INFO - [2024-08-30T02:45:28.612+0000] {dagbag.py:587} INFO - Filling up the DagBag from /home/airflow/.local/lib/python3.12/site-packages/airflow/example_dags/example_external_task_marker_dag.py
[2024-08-30T02:45:28.619+0000] {processor.py:925} INFO - DAG(s) 'example_external_task_marker_parent', 'example_external_task_marker_child' retrieved from /home/airflow/.local/lib/python3.12/site-packages/airflow/example_dags/example_external_task_marker_dag.py
[2024-08-30T02:45:28.644+0000] {logging_mixin.py:190} INFO - [2024-08-30T02:45:28.644+0000] {dag.py:3211} INFO - Sync 2 DAGs
[2024-08-30T02:45:28.662+0000] {logging_mixin.py:190} INFO - [2024-08-30T02:45:28.661+0000] {dag.py:4138} INFO - Setting next_dagrun for example_external_task_marker_child to None, run_after=None
[2024-08-30T02:45:28.667+0000] {logging_mixin.py:190} INFO - [2024-08-30T02:45:28.667+0000] {dag.py:4138} INFO - Setting next_dagrun for example_external_task_marker_parent to None, run_after=None
[2024-08-30T02:45:28.689+0000] {processor.py:208} INFO - Processing /home/airflow/.local/lib/python3.12/site-packages/airflow/example_dags/example_external_task_marker_dag.py took 0.086 seconds
[2024-08-30T02:45:59.468+0000] {processor.py:186} INFO - Started process (PID=1164) to work on /home/airflow/.local/lib/python3.12/site-packages/airflow/example_dags/example_external_task_marker_dag.py
[2024-08-30T02:45:59.469+0000] {processor.py:914} INFO - Processing file /home/airflow/.local/lib/python3.12/site-packages/airflow/example_dags/example_external_task_marker_dag.py for tasks to queue
[2024-08-30T02:45:59.471+0000] {logging_mixin.py:190} INFO - [2024-08-30T02:45:59.471+0000] {dagbag.py:587} INFO - Filling up the DagBag from /home/airflow/.local/lib/python3.12/site-packages/airflow/example_dags/example_external_task_marker_dag.py
[2024-08-30T02:45:59.477+0000] {processor.py:925} INFO - DAG(s) 'example_external_task_marker_child', 'example_external_task_marker_parent' retrieved from /home/airflow/.local/lib/python3.12/site-packages/airflow/example_dags/example_external_task_marker_dag.py
[2024-08-30T02:45:59.499+0000] {logging_mixin.py:190} INFO - [2024-08-30T02:45:59.498+0000] {dag.py:3211} INFO - Sync 2 DAGs
[2024-08-30T02:45:59.511+0000] {logging_mixin.py:190} INFO - [2024-08-30T02:45:59.511+0000] {dag.py:4138} INFO - Setting next_dagrun for example_external_task_marker_child to None, run_after=None
[2024-08-30T02:45:59.515+0000] {logging_mixin.py:190} INFO - [2024-08-30T02:45:59.515+0000] {dag.py:4138} INFO - Setting next_dagrun for example_external_task_marker_parent to None, run_after=None
[2024-08-30T02:45:59.531+0000] {processor.py:208} INFO - Processing /home/airflow/.local/lib/python3.12/site-packages/airflow/example_dags/example_external_task_marker_dag.py took 0.069 seconds
[2024-08-30T02:46:29.993+0000] {processor.py:186} INFO - Started process (PID=1450) to work on /home/airflow/.local/lib/python3.12/site-packages/airflow/example_dags/example_external_task_marker_dag.py
[2024-08-30T02:46:29.994+0000] {processor.py:914} INFO - Processing file /home/airflow/.local/lib/python3.12/site-packages/airflow/example_dags/example_external_task_marker_dag.py for tasks to queue
[2024-08-30T02:46:29.996+0000] {logging_mixin.py:190} INFO - [2024-08-30T02:46:29.995+0000] {dagbag.py:587} INFO - Filling up the DagBag from /home/airflow/.local/lib/python3.12/site-packages/airflow/example_dags/example_external_task_marker_dag.py
[2024-08-30T02:46:30.002+0000] {processor.py:925} INFO - DAG(s) 'example_external_task_marker_parent', 'example_external_task_marker_child' retrieved from /home/airflow/.local/lib/python3.12/site-packages/airflow/example_dags/example_external_task_marker_dag.py
[2024-08-30T02:46:30.023+0000] {logging_mixin.py:190} INFO - [2024-08-30T02:46:30.022+0000] {dag.py:3211} INFO - Sync 2 DAGs
[2024-08-30T02:46:30.035+0000] {logging_mixin.py:190} INFO - [2024-08-30T02:46:30.035+0000] {dag.py:4138} INFO - Setting next_dagrun for example_external_task_marker_child to None, run_after=None
[2024-08-30T02:46:30.038+0000] {logging_mixin.py:190} INFO - [2024-08-30T02:46:30.038+0000] {dag.py:4138} INFO - Setting next_dagrun for example_external_task_marker_parent to None, run_after=None
[2024-08-30T02:46:30.052+0000] {processor.py:208} INFO - Processing /home/airflow/.local/lib/python3.12/site-packages/airflow/example_dags/example_external_task_marker_dag.py took 0.064 seconds
[2024-08-30T02:47:00.600+0000] {processor.py:186} INFO - Started process (PID=1736) to work on /home/airflow/.local/lib/python3.12/site-packages/airflow/example_dags/example_external_task_marker_dag.py
[2024-08-30T02:47:00.601+0000] {processor.py:914} INFO - Processing file /home/airflow/.local/lib/python3.12/site-packages/airflow/example_dags/example_external_task_marker_dag.py for tasks to queue
[2024-08-30T02:47:00.604+0000] {logging_mixin.py:190} INFO - [2024-08-30T02:47:00.603+0000] {dagbag.py:587} INFO - Filling up the DagBag from /home/airflow/.local/lib/python3.12/site-packages/airflow/example_dags/example_external_task_marker_dag.py
[2024-08-30T02:47:00.610+0000] {processor.py:925} INFO - DAG(s) 'example_external_task_marker_parent', 'example_external_task_marker_child' retrieved from /home/airflow/.local/lib/python3.12/site-packages/airflow/example_dags/example_external_task_marker_dag.py
[2024-08-30T02:47:00.633+0000] {logging_mixin.py:190} INFO - [2024-08-30T02:47:00.632+0000] {dag.py:3211} INFO - Sync 2 DAGs
[2024-08-30T02:47:00.645+0000] {logging_mixin.py:190} INFO - [2024-08-30T02:47:00.645+0000] {dag.py:4138} INFO - Setting next_dagrun for example_external_task_marker_child to None, run_after=None
[2024-08-30T02:47:00.649+0000] {logging_mixin.py:190} INFO - [2024-08-30T02:47:00.649+0000] {dag.py:4138} INFO - Setting next_dagrun for example_external_task_marker_parent to None, run_after=None
[2024-08-30T02:47:00.673+0000] {processor.py:208} INFO - Processing /home/airflow/.local/lib/python3.12/site-packages/airflow/example_dags/example_external_task_marker_dag.py took 0.078 seconds
[2024-08-30T02:47:31.629+0000] {processor.py:186} INFO - Started process (PID=2022) to work on /home/airflow/.local/lib/python3.12/site-packages/airflow/example_dags/example_external_task_marker_dag.py
[2024-08-30T02:47:31.630+0000] {processor.py:914} INFO - Processing file /home/airflow/.local/lib/python3.12/site-packages/airflow/example_dags/example_external_task_marker_dag.py for tasks to queue
[2024-08-30T02:47:31.632+0000] {logging_mixin.py:190} INFO - [2024-08-30T02:47:31.631+0000] {dagbag.py:587} INFO - Filling up the DagBag from /home/airflow/.local/lib/python3.12/site-packages/airflow/example_dags/example_external_task_marker_dag.py
[2024-08-30T02:47:31.638+0000] {processor.py:925} INFO - DAG(s) 'example_external_task_marker_child', 'example_external_task_marker_parent' retrieved from /home/airflow/.local/lib/python3.12/site-packages/airflow/example_dags/example_external_task_marker_dag.py
[2024-08-30T02:47:31.660+0000] {logging_mixin.py:190} INFO - [2024-08-30T02:47:31.659+0000] {dag.py:3211} INFO - Sync 2 DAGs
[2024-08-30T02:47:31.673+0000] {logging_mixin.py:190} INFO - [2024-08-30T02:47:31.673+0000] {dag.py:4138} INFO - Setting next_dagrun for example_external_task_marker_child to None, run_after=None
[2024-08-30T02:47:31.678+0000] {logging_mixin.py:190} INFO - [2024-08-30T02:47:31.677+0000] {dag.py:4138} INFO - Setting next_dagrun for example_external_task_marker_parent to None, run_after=None
[2024-08-30T02:47:31.696+0000] {processor.py:208} INFO - Processing /home/airflow/.local/lib/python3.12/site-packages/airflow/example_dags/example_external_task_marker_dag.py took 0.071 seconds
[2024-08-30T02:48:02.469+0000] {processor.py:186} INFO - Started process (PID=2308) to work on /home/airflow/.local/lib/python3.12/site-packages/airflow/example_dags/example_external_task_marker_dag.py
[2024-08-30T02:48:02.470+0000] {processor.py:914} INFO - Processing file /home/airflow/.local/lib/python3.12/site-packages/airflow/example_dags/example_external_task_marker_dag.py for tasks to queue
[2024-08-30T02:48:02.472+0000] {logging_mixin.py:190} INFO - [2024-08-30T02:48:02.471+0000] {dagbag.py:587} INFO - Filling up the DagBag from /home/airflow/.local/lib/python3.12/site-packages/airflow/example_dags/example_external_task_marker_dag.py
[2024-08-30T02:48:02.478+0000] {processor.py:925} INFO - DAG(s) 'example_external_task_marker_child', 'example_external_task_marker_parent' retrieved from /home/airflow/.local/lib/python3.12/site-packages/airflow/example_dags/example_external_task_marker_dag.py
[2024-08-30T02:48:02.500+0000] {logging_mixin.py:190} INFO - [2024-08-30T02:48:02.499+0000] {dag.py:3211} INFO - Sync 2 DAGs
[2024-08-30T02:48:02.514+0000] {logging_mixin.py:190} INFO - [2024-08-30T02:48:02.514+0000] {dag.py:4138} INFO - Setting next_dagrun for example_external_task_marker_child to None, run_after=None
[2024-08-30T02:48:02.518+0000] {logging_mixin.py:190} INFO - [2024-08-30T02:48:02.518+0000] {dag.py:4138} INFO - Setting next_dagrun for example_external_task_marker_parent to None, run_after=None
[2024-08-30T02:48:02.536+0000] {processor.py:208} INFO - Processing /home/airflow/.local/lib/python3.12/site-packages/airflow/example_dags/example_external_task_marker_dag.py took 0.072 seconds
[2024-08-30T02:48:33.396+0000] {processor.py:186} INFO - Started process (PID=2596) to work on /home/airflow/.local/lib/python3.12/site-packages/airflow/example_dags/example_external_task_marker_dag.py
[2024-08-30T02:48:33.396+0000] {processor.py:914} INFO - Processing file /home/airflow/.local/lib/python3.12/site-packages/airflow/example_dags/example_external_task_marker_dag.py for tasks to queue
[2024-08-30T02:48:33.399+0000] {logging_mixin.py:190} INFO - [2024-08-30T02:48:33.398+0000] {dagbag.py:587} INFO - Filling up the DagBag from /home/airflow/.local/lib/python3.12/site-packages/airflow/example_dags/example_external_task_marker_dag.py
[2024-08-30T02:48:33.405+0000] {processor.py:925} INFO - DAG(s) 'example_external_task_marker_child', 'example_external_task_marker_parent' retrieved from /home/airflow/.local/lib/python3.12/site-packages/airflow/example_dags/example_external_task_marker_dag.py
[2024-08-30T02:48:33.428+0000] {logging_mixin.py:190} INFO - [2024-08-30T02:48:33.428+0000] {dag.py:3211} INFO - Sync 2 DAGs
[2024-08-30T02:48:33.442+0000] {logging_mixin.py:190} INFO - [2024-08-30T02:48:33.442+0000] {dag.py:4138} INFO - Setting next_dagrun for example_external_task_marker_child to None, run_after=None
[2024-08-30T02:48:33.446+0000] {logging_mixin.py:190} INFO - [2024-08-30T02:48:33.446+0000] {dag.py:4138} INFO - Setting next_dagrun for example_external_task_marker_parent to None, run_after=None
[2024-08-30T02:48:33.466+0000] {processor.py:208} INFO - Processing /home/airflow/.local/lib/python3.12/site-packages/airflow/example_dags/example_external_task_marker_dag.py took 0.075 seconds
[2024-08-30T02:49:04.191+0000] {processor.py:186} INFO - Started process (PID=2880) to work on /home/airflow/.local/lib/python3.12/site-packages/airflow/example_dags/example_external_task_marker_dag.py
[2024-08-30T02:49:04.192+0000] {processor.py:914} INFO - Processing file /home/airflow/.local/lib/python3.12/site-packages/airflow/example_dags/example_external_task_marker_dag.py for tasks to queue
[2024-08-30T02:49:04.194+0000] {logging_mixin.py:190} INFO - [2024-08-30T02:49:04.194+0000] {dagbag.py:587} INFO - Filling up the DagBag from /home/airflow/.local/lib/python3.12/site-packages/airflow/example_dags/example_external_task_marker_dag.py
[2024-08-30T02:49:04.201+0000] {processor.py:925} INFO - DAG(s) 'example_external_task_marker_parent', 'example_external_task_marker_child' retrieved from /home/airflow/.local/lib/python3.12/site-packages/airflow/example_dags/example_external_task_marker_dag.py
[2024-08-30T02:49:04.222+0000] {logging_mixin.py:190} INFO - [2024-08-30T02:49:04.222+0000] {dag.py:3211} INFO - Sync 2 DAGs
[2024-08-30T02:49:04.235+0000] {logging_mixin.py:190} INFO - [2024-08-30T02:49:04.235+0000] {dag.py:4138} INFO - Setting next_dagrun for example_external_task_marker_child to None, run_after=None
[2024-08-30T02:49:04.239+0000] {logging_mixin.py:190} INFO - [2024-08-30T02:49:04.239+0000] {dag.py:4138} INFO - Setting next_dagrun for example_external_task_marker_parent to None, run_after=None
[2024-08-30T02:49:04.257+0000] {processor.py:208} INFO - Processing /home/airflow/.local/lib/python3.12/site-packages/airflow/example_dags/example_external_task_marker_dag.py took 0.071 seconds
[2024-08-30T02:49:35.190+0000] {processor.py:186} INFO - Started process (PID=3166) to work on /home/airflow/.local/lib/python3.12/site-packages/airflow/example_dags/example_external_task_marker_dag.py
[2024-08-30T02:49:35.191+0000] {processor.py:914} INFO - Processing file /home/airflow/.local/lib/python3.12/site-packages/airflow/example_dags/example_external_task_marker_dag.py for tasks to queue
[2024-08-30T02:49:35.193+0000] {logging_mixin.py:190} INFO - [2024-08-30T02:49:35.193+0000] {dagbag.py:587} INFO - Filling up the DagBag from /home/airflow/.local/lib/python3.12/site-packages/airflow/example_dags/example_external_task_marker_dag.py
[2024-08-30T02:49:35.200+0000] {processor.py:925} INFO - DAG(s) 'example_external_task_marker_child', 'example_external_task_marker_parent' retrieved from /home/airflow/.local/lib/python3.12/site-packages/airflow/example_dags/example_external_task_marker_dag.py
[2024-08-30T02:49:35.220+0000] {logging_mixin.py:190} INFO - [2024-08-30T02:49:35.220+0000] {dag.py:3211} INFO - Sync 2 DAGs
[2024-08-30T02:49:35.234+0000] {logging_mixin.py:190} INFO - [2024-08-30T02:49:35.234+0000] {dag.py:4138} INFO - Setting next_dagrun for example_external_task_marker_child to None, run_after=None
[2024-08-30T02:49:35.238+0000] {logging_mixin.py:190} INFO - [2024-08-30T02:49:35.238+0000] {dag.py:4138} INFO - Setting next_dagrun for example_external_task_marker_parent to None, run_after=None
[2024-08-30T02:49:35.254+0000] {processor.py:208} INFO - Processing /home/airflow/.local/lib/python3.12/site-packages/airflow/example_dags/example_external_task_marker_dag.py took 0.069 seconds
[2024-08-30T02:50:05.758+0000] {processor.py:186} INFO - Started process (PID=3452) to work on /home/airflow/.local/lib/python3.12/site-packages/airflow/example_dags/example_external_task_marker_dag.py
[2024-08-30T02:50:05.759+0000] {processor.py:914} INFO - Processing file /home/airflow/.local/lib/python3.12/site-packages/airflow/example_dags/example_external_task_marker_dag.py for tasks to queue
[2024-08-30T02:50:05.761+0000] {logging_mixin.py:190} INFO - [2024-08-30T02:50:05.761+0000] {dagbag.py:587} INFO - Filling up the DagBag from /home/airflow/.local/lib/python3.12/site-packages/airflow/example_dags/example_external_task_marker_dag.py
[2024-08-30T02:50:05.768+0000] {processor.py:925} INFO - DAG(s) 'example_external_task_marker_parent', 'example_external_task_marker_child' retrieved from /home/airflow/.local/lib/python3.12/site-packages/airflow/example_dags/example_external_task_marker_dag.py
[2024-08-30T02:50:05.792+0000] {logging_mixin.py:190} INFO - [2024-08-30T02:50:05.792+0000] {dag.py:3211} INFO - Sync 2 DAGs
[2024-08-30T02:50:05.806+0000] {logging_mixin.py:190} INFO - [2024-08-30T02:50:05.806+0000] {dag.py:4138} INFO - Setting next_dagrun for example_external_task_marker_child to None, run_after=None
[2024-08-30T02:50:05.810+0000] {logging_mixin.py:190} INFO - [2024-08-30T02:50:05.809+0000] {dag.py:4138} INFO - Setting next_dagrun for example_external_task_marker_parent to None, run_after=None
[2024-08-30T02:50:05.827+0000] {processor.py:208} INFO - Processing /home/airflow/.local/lib/python3.12/site-packages/airflow/example_dags/example_external_task_marker_dag.py took 0.074 seconds
[2024-08-30T02:50:36.501+0000] {processor.py:186} INFO - Started process (PID=3738) to work on /home/airflow/.local/lib/python3.12/site-packages/airflow/example_dags/example_external_task_marker_dag.py
[2024-08-30T02:50:36.502+0000] {processor.py:914} INFO - Processing file /home/airflow/.local/lib/python3.12/site-packages/airflow/example_dags/example_external_task_marker_dag.py for tasks to queue
[2024-08-30T02:50:36.505+0000] {logging_mixin.py:190} INFO - [2024-08-30T02:50:36.504+0000] {dagbag.py:587} INFO - Filling up the DagBag from /home/airflow/.local/lib/python3.12/site-packages/airflow/example_dags/example_external_task_marker_dag.py
[2024-08-30T02:50:36.511+0000] {processor.py:925} INFO - DAG(s) 'example_external_task_marker_parent', 'example_external_task_marker_child' retrieved from /home/airflow/.local/lib/python3.12/site-packages/airflow/example_dags/example_external_task_marker_dag.py
[2024-08-30T02:50:36.532+0000] {logging_mixin.py:190} INFO - [2024-08-30T02:50:36.532+0000] {dag.py:3211} INFO - Sync 2 DAGs
[2024-08-30T02:50:36.547+0000] {logging_mixin.py:190} INFO - [2024-08-30T02:50:36.546+0000] {dag.py:4138} INFO - Setting next_dagrun for example_external_task_marker_child to None, run_after=None
[2024-08-30T02:50:36.551+0000] {logging_mixin.py:190} INFO - [2024-08-30T02:50:36.550+0000] {dag.py:4138} INFO - Setting next_dagrun for example_external_task_marker_parent to None, run_after=None
[2024-08-30T02:50:36.566+0000] {processor.py:208} INFO - Processing /home/airflow/.local/lib/python3.12/site-packages/airflow/example_dags/example_external_task_marker_dag.py took 0.070 seconds
[2024-08-30T02:51:07.129+0000] {processor.py:186} INFO - Started process (PID=4024) to work on /home/airflow/.local/lib/python3.12/site-packages/airflow/example_dags/example_external_task_marker_dag.py
[2024-08-30T02:51:07.130+0000] {processor.py:914} INFO - Processing file /home/airflow/.local/lib/python3.12/site-packages/airflow/example_dags/example_external_task_marker_dag.py for tasks to queue
[2024-08-30T02:51:07.132+0000] {logging_mixin.py:190} INFO - [2024-08-30T02:51:07.132+0000] {dagbag.py:587} INFO - Filling up the DagBag from /home/airflow/.local/lib/python3.12/site-packages/airflow/example_dags/example_external_task_marker_dag.py
[2024-08-30T02:51:07.139+0000] {processor.py:925} INFO - DAG(s) 'example_external_task_marker_child', 'example_external_task_marker_parent' retrieved from /home/airflow/.local/lib/python3.12/site-packages/airflow/example_dags/example_external_task_marker_dag.py
[2024-08-30T02:51:07.160+0000] {logging_mixin.py:190} INFO - [2024-08-30T02:51:07.160+0000] {dag.py:3211} INFO - Sync 2 DAGs
[2024-08-30T02:51:07.174+0000] {logging_mixin.py:190} INFO - [2024-08-30T02:51:07.174+0000] {dag.py:4138} INFO - Setting next_dagrun for example_external_task_marker_child to None, run_after=None
[2024-08-30T02:51:07.178+0000] {logging_mixin.py:190} INFO - [2024-08-30T02:51:07.178+0000] {dag.py:4138} INFO - Setting next_dagrun for example_external_task_marker_parent to None, run_after=None
[2024-08-30T02:51:07.197+0000] {processor.py:208} INFO - Processing /home/airflow/.local/lib/python3.12/site-packages/airflow/example_dags/example_external_task_marker_dag.py took 0.072 seconds
[2024-08-30T02:51:37.836+0000] {processor.py:186} INFO - Started process (PID=4310) to work on /home/airflow/.local/lib/python3.12/site-packages/airflow/example_dags/example_external_task_marker_dag.py
[2024-08-30T02:51:37.837+0000] {processor.py:914} INFO - Processing file /home/airflow/.local/lib/python3.12/site-packages/airflow/example_dags/example_external_task_marker_dag.py for tasks to queue
[2024-08-30T02:51:37.839+0000] {logging_mixin.py:190} INFO - [2024-08-30T02:51:37.839+0000] {dagbag.py:587} INFO - Filling up the DagBag from /home/airflow/.local/lib/python3.12/site-packages/airflow/example_dags/example_external_task_marker_dag.py
[2024-08-30T02:51:37.845+0000] {processor.py:925} INFO - DAG(s) 'example_external_task_marker_parent', 'example_external_task_marker_child' retrieved from /home/airflow/.local/lib/python3.12/site-packages/airflow/example_dags/example_external_task_marker_dag.py
[2024-08-30T02:51:37.867+0000] {logging_mixin.py:190} INFO - [2024-08-30T02:51:37.866+0000] {dag.py:3211} INFO - Sync 2 DAGs
[2024-08-30T02:51:37.880+0000] {logging_mixin.py:190} INFO - [2024-08-30T02:51:37.880+0000] {dag.py:4138} INFO - Setting next_dagrun for example_external_task_marker_child to None, run_after=None
[2024-08-30T02:51:37.884+0000] {logging_mixin.py:190} INFO - [2024-08-30T02:51:37.884+0000] {dag.py:4138} INFO - Setting next_dagrun for example_external_task_marker_parent to None, run_after=None
[2024-08-30T02:51:37.899+0000] {processor.py:208} INFO - Processing /home/airflow/.local/lib/python3.12/site-packages/airflow/example_dags/example_external_task_marker_dag.py took 0.069 seconds
[2024-08-30T02:52:08.583+0000] {processor.py:186} INFO - Started process (PID=4596) to work on /home/airflow/.local/lib/python3.12/site-packages/airflow/example_dags/example_external_task_marker_dag.py
[2024-08-30T02:52:08.584+0000] {processor.py:914} INFO - Processing file /home/airflow/.local/lib/python3.12/site-packages/airflow/example_dags/example_external_task_marker_dag.py for tasks to queue
[2024-08-30T02:52:08.586+0000] {logging_mixin.py:190} INFO - [2024-08-30T02:52:08.586+0000] {dagbag.py:587} INFO - Filling up the DagBag from /home/airflow/.local/lib/python3.12/site-packages/airflow/example_dags/example_external_task_marker_dag.py
[2024-08-30T02:52:08.593+0000] {processor.py:925} INFO - DAG(s) 'example_external_task_marker_child', 'example_external_task_marker_parent' retrieved from /home/airflow/.local/lib/python3.12/site-packages/airflow/example_dags/example_external_task_marker_dag.py
[2024-08-30T02:52:08.617+0000] {logging_mixin.py:190} INFO - [2024-08-30T02:52:08.616+0000] {dag.py:3211} INFO - Sync 2 DAGs
[2024-08-30T02:52:08.632+0000] {logging_mixin.py:190} INFO - [2024-08-30T02:52:08.632+0000] {dag.py:4138} INFO - Setting next_dagrun for example_external_task_marker_child to None, run_after=None
[2024-08-30T02:52:08.637+0000] {logging_mixin.py:190} INFO - [2024-08-30T02:52:08.637+0000] {dag.py:4138} INFO - Setting next_dagrun for example_external_task_marker_parent to None, run_after=None
[2024-08-30T02:52:08.656+0000] {processor.py:208} INFO - Processing /home/airflow/.local/lib/python3.12/site-packages/airflow/example_dags/example_external_task_marker_dag.py took 0.078 seconds
[2024-08-30T02:52:39.352+0000] {processor.py:186} INFO - Started process (PID=4882) to work on /home/airflow/.local/lib/python3.12/site-packages/airflow/example_dags/example_external_task_marker_dag.py
[2024-08-30T02:52:39.354+0000] {processor.py:914} INFO - Processing file /home/airflow/.local/lib/python3.12/site-packages/airflow/example_dags/example_external_task_marker_dag.py for tasks to queue
[2024-08-30T02:52:39.356+0000] {logging_mixin.py:190} INFO - [2024-08-30T02:52:39.356+0000] {dagbag.py:587} INFO - Filling up the DagBag from /home/airflow/.local/lib/python3.12/site-packages/airflow/example_dags/example_external_task_marker_dag.py
[2024-08-30T02:52:39.363+0000] {processor.py:925} INFO - DAG(s) 'example_external_task_marker_child', 'example_external_task_marker_parent' retrieved from /home/airflow/.local/lib/python3.12/site-packages/airflow/example_dags/example_external_task_marker_dag.py
[2024-08-30T02:52:39.385+0000] {logging_mixin.py:190} INFO - [2024-08-30T02:52:39.384+0000] {dag.py:3211} INFO - Sync 2 DAGs
[2024-08-30T02:52:39.397+0000] {logging_mixin.py:190} INFO - [2024-08-30T02:52:39.397+0000] {dag.py:4138} INFO - Setting next_dagrun for example_external_task_marker_child to None, run_after=None
[2024-08-30T02:52:39.401+0000] {logging_mixin.py:190} INFO - [2024-08-30T02:52:39.401+0000] {dag.py:4138} INFO - Setting next_dagrun for example_external_task_marker_parent to None, run_after=None
[2024-08-30T02:52:39.416+0000] {processor.py:208} INFO - Processing /home/airflow/.local/lib/python3.12/site-packages/airflow/example_dags/example_external_task_marker_dag.py took 0.069 seconds
[2024-08-30T02:53:10.069+0000] {processor.py:186} INFO - Started process (PID=5168) to work on /home/airflow/.local/lib/python3.12/site-packages/airflow/example_dags/example_external_task_marker_dag.py
[2024-08-30T02:53:10.070+0000] {processor.py:914} INFO - Processing file /home/airflow/.local/lib/python3.12/site-packages/airflow/example_dags/example_external_task_marker_dag.py for tasks to queue
[2024-08-30T02:53:10.073+0000] {logging_mixin.py:190} INFO - [2024-08-30T02:53:10.072+0000] {dagbag.py:587} INFO - Filling up the DagBag from /home/airflow/.local/lib/python3.12/site-packages/airflow/example_dags/example_external_task_marker_dag.py
[2024-08-30T02:53:10.079+0000] {processor.py:925} INFO - DAG(s) 'example_external_task_marker_parent', 'example_external_task_marker_child' retrieved from /home/airflow/.local/lib/python3.12/site-packages/airflow/example_dags/example_external_task_marker_dag.py
[2024-08-30T02:53:10.102+0000] {logging_mixin.py:190} INFO - [2024-08-30T02:53:10.102+0000] {dag.py:3211} INFO - Sync 2 DAGs
[2024-08-30T02:53:10.115+0000] {logging_mixin.py:190} INFO - [2024-08-30T02:53:10.115+0000] {dag.py:4138} INFO - Setting next_dagrun for example_external_task_marker_child to None, run_after=None
[2024-08-30T02:53:10.119+0000] {logging_mixin.py:190} INFO - [2024-08-30T02:53:10.119+0000] {dag.py:4138} INFO - Setting next_dagrun for example_external_task_marker_parent to None, run_after=None
[2024-08-30T02:53:10.138+0000] {processor.py:208} INFO - Processing /home/airflow/.local/lib/python3.12/site-packages/airflow/example_dags/example_external_task_marker_dag.py took 0.073 seconds
[2024-08-30T02:53:40.970+0000] {processor.py:186} INFO - Started process (PID=5454) to work on /home/airflow/.local/lib/python3.12/site-packages/airflow/example_dags/example_external_task_marker_dag.py
[2024-08-30T02:53:40.971+0000] {processor.py:914} INFO - Processing file /home/airflow/.local/lib/python3.12/site-packages/airflow/example_dags/example_external_task_marker_dag.py for tasks to queue
[2024-08-30T02:53:40.973+0000] {logging_mixin.py:190} INFO - [2024-08-30T02:53:40.973+0000] {dagbag.py:587} INFO - Filling up the DagBag from /home/airflow/.local/lib/python3.12/site-packages/airflow/example_dags/example_external_task_marker_dag.py
[2024-08-30T02:53:40.979+0000] {processor.py:925} INFO - DAG(s) 'example_external_task_marker_parent', 'example_external_task_marker_child' retrieved from /home/airflow/.local/lib/python3.12/site-packages/airflow/example_dags/example_external_task_marker_dag.py
[2024-08-30T02:53:41.003+0000] {logging_mixin.py:190} INFO - [2024-08-30T02:53:41.003+0000] {dag.py:3211} INFO - Sync 2 DAGs
[2024-08-30T02:53:41.017+0000] {logging_mixin.py:190} INFO - [2024-08-30T02:53:41.017+0000] {dag.py:4138} INFO - Setting next_dagrun for example_external_task_marker_child to None, run_after=None
[2024-08-30T02:53:41.022+0000] {logging_mixin.py:190} INFO - [2024-08-30T02:53:41.022+0000] {dag.py:4138} INFO - Setting next_dagrun for example_external_task_marker_parent to None, run_after=None
[2024-08-30T02:53:41.039+0000] {processor.py:208} INFO - Processing /home/airflow/.local/lib/python3.12/site-packages/airflow/example_dags/example_external_task_marker_dag.py took 0.075 seconds
[2024-08-30T02:54:12.022+0000] {processor.py:186} INFO - Started process (PID=5742) to work on /home/airflow/.local/lib/python3.12/site-packages/airflow/example_dags/example_external_task_marker_dag.py
[2024-08-30T02:54:12.023+0000] {processor.py:914} INFO - Processing file /home/airflow/.local/lib/python3.12/site-packages/airflow/example_dags/example_external_task_marker_dag.py for tasks to queue
[2024-08-30T02:54:12.025+0000] {logging_mixin.py:190} INFO - [2024-08-30T02:54:12.025+0000] {dagbag.py:587} INFO - Filling up the DagBag from /home/airflow/.local/lib/python3.12/site-packages/airflow/example_dags/example_external_task_marker_dag.py
[2024-08-30T02:54:12.032+0000] {processor.py:925} INFO - DAG(s) 'example_external_task_marker_child', 'example_external_task_marker_parent' retrieved from /home/airflow/.local/lib/python3.12/site-packages/airflow/example_dags/example_external_task_marker_dag.py
[2024-08-30T02:54:12.055+0000] {logging_mixin.py:190} INFO - [2024-08-30T02:54:12.055+0000] {dag.py:3211} INFO - Sync 2 DAGs
[2024-08-30T02:54:12.070+0000] {logging_mixin.py:190} INFO - [2024-08-30T02:54:12.070+0000] {dag.py:4138} INFO - Setting next_dagrun for example_external_task_marker_child to None, run_after=None
[2024-08-30T02:54:12.074+0000] {logging_mixin.py:190} INFO - [2024-08-30T02:54:12.074+0000] {dag.py:4138} INFO - Setting next_dagrun for example_external_task_marker_parent to None, run_after=None
[2024-08-30T02:54:12.091+0000] {processor.py:208} INFO - Processing /home/airflow/.local/lib/python3.12/site-packages/airflow/example_dags/example_external_task_marker_dag.py took 0.076 seconds
[2024-08-30T02:54:43.049+0000] {processor.py:186} INFO - Started process (PID=6026) to work on /home/airflow/.local/lib/python3.12/site-packages/airflow/example_dags/example_external_task_marker_dag.py
[2024-08-30T02:54:43.050+0000] {processor.py:914} INFO - Processing file /home/airflow/.local/lib/python3.12/site-packages/airflow/example_dags/example_external_task_marker_dag.py for tasks to queue
[2024-08-30T02:54:43.052+0000] {logging_mixin.py:190} INFO - [2024-08-30T02:54:43.052+0000] {dagbag.py:587} INFO - Filling up the DagBag from /home/airflow/.local/lib/python3.12/site-packages/airflow/example_dags/example_external_task_marker_dag.py
[2024-08-30T02:54:43.059+0000] {processor.py:925} INFO - DAG(s) 'example_external_task_marker_child', 'example_external_task_marker_parent' retrieved from /home/airflow/.local/lib/python3.12/site-packages/airflow/example_dags/example_external_task_marker_dag.py
[2024-08-30T02:54:43.082+0000] {logging_mixin.py:190} INFO - [2024-08-30T02:54:43.082+0000] {dag.py:3211} INFO - Sync 2 DAGs
[2024-08-30T02:54:43.098+0000] {logging_mixin.py:190} INFO - [2024-08-30T02:54:43.098+0000] {dag.py:4138} INFO - Setting next_dagrun for example_external_task_marker_child to None, run_after=None
[2024-08-30T02:54:43.103+0000] {logging_mixin.py:190} INFO - [2024-08-30T02:54:43.102+0000] {dag.py:4138} INFO - Setting next_dagrun for example_external_task_marker_parent to None, run_after=None
[2024-08-30T02:54:43.122+0000] {processor.py:208} INFO - Processing /home/airflow/.local/lib/python3.12/site-packages/airflow/example_dags/example_external_task_marker_dag.py took 0.078 seconds
[2024-08-30T02:55:14.038+0000] {processor.py:186} INFO - Started process (PID=6312) to work on /home/airflow/.local/lib/python3.12/site-packages/airflow/example_dags/example_external_task_marker_dag.py
[2024-08-30T02:55:14.039+0000] {processor.py:914} INFO - Processing file /home/airflow/.local/lib/python3.12/site-packages/airflow/example_dags/example_external_task_marker_dag.py for tasks to queue
[2024-08-30T02:55:14.041+0000] {logging_mixin.py:190} INFO - [2024-08-30T02:55:14.041+0000] {dagbag.py:587} INFO - Filling up the DagBag from /home/airflow/.local/lib/python3.12/site-packages/airflow/example_dags/example_external_task_marker_dag.py
[2024-08-30T02:55:14.048+0000] {processor.py:925} INFO - DAG(s) 'example_external_task_marker_child', 'example_external_task_marker_parent' retrieved from /home/airflow/.local/lib/python3.12/site-packages/airflow/example_dags/example_external_task_marker_dag.py
[2024-08-30T02:55:14.069+0000] {logging_mixin.py:190} INFO - [2024-08-30T02:55:14.069+0000] {dag.py:3211} INFO - Sync 2 DAGs
[2024-08-30T02:55:14.083+0000] {logging_mixin.py:190} INFO - [2024-08-30T02:55:14.083+0000] {dag.py:4138} INFO - Setting next_dagrun for example_external_task_marker_child to None, run_after=None
[2024-08-30T02:55:14.087+0000] {logging_mixin.py:190} INFO - [2024-08-30T02:55:14.087+0000] {dag.py:4138} INFO - Setting next_dagrun for example_external_task_marker_parent to None, run_after=None
[2024-08-30T02:55:14.104+0000] {processor.py:208} INFO - Processing /home/airflow/.local/lib/python3.12/site-packages/airflow/example_dags/example_external_task_marker_dag.py took 0.070 seconds
[2024-08-30T02:55:44.254+0000] {processor.py:186} INFO - Started process (PID=6598) to work on /home/airflow/.local/lib/python3.12/site-packages/airflow/example_dags/example_external_task_marker_dag.py
[2024-08-30T02:55:44.256+0000] {processor.py:914} INFO - Processing file /home/airflow/.local/lib/python3.12/site-packages/airflow/example_dags/example_external_task_marker_dag.py for tasks to queue
[2024-08-30T02:55:44.258+0000] {logging_mixin.py:190} INFO - [2024-08-30T02:55:44.257+0000] {dagbag.py:587} INFO - Filling up the DagBag from /home/airflow/.local/lib/python3.12/site-packages/airflow/example_dags/example_external_task_marker_dag.py
[2024-08-30T02:55:44.264+0000] {processor.py:925} INFO - DAG(s) 'example_external_task_marker_parent', 'example_external_task_marker_child' retrieved from /home/airflow/.local/lib/python3.12/site-packages/airflow/example_dags/example_external_task_marker_dag.py
[2024-08-30T02:55:44.286+0000] {logging_mixin.py:190} INFO - [2024-08-30T02:55:44.286+0000] {dag.py:3211} INFO - Sync 2 DAGs
[2024-08-30T02:55:44.300+0000] {logging_mixin.py:190} INFO - [2024-08-30T02:55:44.300+0000] {dag.py:4138} INFO - Setting next_dagrun for example_external_task_marker_child to None, run_after=None
[2024-08-30T02:55:44.304+0000] {logging_mixin.py:190} INFO - [2024-08-30T02:55:44.304+0000] {dag.py:4138} INFO - Setting next_dagrun for example_external_task_marker_parent to None, run_after=None
[2024-08-30T02:55:44.321+0000] {processor.py:208} INFO - Processing /home/airflow/.local/lib/python3.12/site-packages/airflow/example_dags/example_external_task_marker_dag.py took 0.072 seconds
[2024-08-30T02:56:14.442+0000] {processor.py:186} INFO - Started process (PID=6884) to work on /home/airflow/.local/lib/python3.12/site-packages/airflow/example_dags/example_external_task_marker_dag.py
[2024-08-30T02:56:14.443+0000] {processor.py:914} INFO - Processing file /home/airflow/.local/lib/python3.12/site-packages/airflow/example_dags/example_external_task_marker_dag.py for tasks to queue
[2024-08-30T02:56:14.445+0000] {logging_mixin.py:190} INFO - [2024-08-30T02:56:14.445+0000] {dagbag.py:587} INFO - Filling up the DagBag from /home/airflow/.local/lib/python3.12/site-packages/airflow/example_dags/example_external_task_marker_dag.py
[2024-08-30T02:56:14.453+0000] {processor.py:925} INFO - DAG(s) 'example_external_task_marker_child', 'example_external_task_marker_parent' retrieved from /home/airflow/.local/lib/python3.12/site-packages/airflow/example_dags/example_external_task_marker_dag.py
[2024-08-30T02:56:14.491+0000] {logging_mixin.py:190} INFO - [2024-08-30T02:56:14.491+0000] {dag.py:3211} INFO - Sync 2 DAGs
[2024-08-30T02:56:14.506+0000] {logging_mixin.py:190} INFO - [2024-08-30T02:56:14.506+0000] {dag.py:4138} INFO - Setting next_dagrun for example_external_task_marker_child to None, run_after=None
[2024-08-30T02:56:14.511+0000] {logging_mixin.py:190} INFO - [2024-08-30T02:56:14.511+0000] {dag.py:4138} INFO - Setting next_dagrun for example_external_task_marker_parent to None, run_after=None
[2024-08-30T02:56:14.532+0000] {processor.py:208} INFO - Processing /home/airflow/.local/lib/python3.12/site-packages/airflow/example_dags/example_external_task_marker_dag.py took 0.096 seconds
[2024-08-30T02:56:44.722+0000] {processor.py:186} INFO - Started process (PID=7173) to work on /home/airflow/.local/lib/python3.12/site-packages/airflow/example_dags/example_external_task_marker_dag.py
[2024-08-30T02:56:44.724+0000] {processor.py:914} INFO - Processing file /home/airflow/.local/lib/python3.12/site-packages/airflow/example_dags/example_external_task_marker_dag.py for tasks to queue
[2024-08-30T02:56:44.726+0000] {logging_mixin.py:190} INFO - [2024-08-30T02:56:44.725+0000] {dagbag.py:587} INFO - Filling up the DagBag from /home/airflow/.local/lib/python3.12/site-packages/airflow/example_dags/example_external_task_marker_dag.py
[2024-08-30T02:56:44.732+0000] {processor.py:925} INFO - DAG(s) 'example_external_task_marker_child', 'example_external_task_marker_parent' retrieved from /home/airflow/.local/lib/python3.12/site-packages/airflow/example_dags/example_external_task_marker_dag.py
[2024-08-30T02:56:44.757+0000] {logging_mixin.py:190} INFO - [2024-08-30T02:56:44.756+0000] {dag.py:3211} INFO - Sync 2 DAGs
[2024-08-30T02:56:44.772+0000] {logging_mixin.py:190} INFO - [2024-08-30T02:56:44.771+0000] {dag.py:4138} INFO - Setting next_dagrun for example_external_task_marker_child to None, run_after=None
[2024-08-30T02:56:44.775+0000] {logging_mixin.py:190} INFO - [2024-08-30T02:56:44.775+0000] {dag.py:4138} INFO - Setting next_dagrun for example_external_task_marker_parent to None, run_after=None
[2024-08-30T02:56:44.792+0000] {processor.py:208} INFO - Processing /home/airflow/.local/lib/python3.12/site-packages/airflow/example_dags/example_external_task_marker_dag.py took 0.075 seconds
[2024-08-30T02:57:15.023+0000] {processor.py:186} INFO - Started process (PID=7459) to work on /home/airflow/.local/lib/python3.12/site-packages/airflow/example_dags/example_external_task_marker_dag.py
[2024-08-30T02:57:15.024+0000] {processor.py:914} INFO - Processing file /home/airflow/.local/lib/python3.12/site-packages/airflow/example_dags/example_external_task_marker_dag.py for tasks to queue
[2024-08-30T02:57:15.027+0000] {logging_mixin.py:190} INFO - [2024-08-30T02:57:15.026+0000] {dagbag.py:587} INFO - Filling up the DagBag from /home/airflow/.local/lib/python3.12/site-packages/airflow/example_dags/example_external_task_marker_dag.py
[2024-08-30T02:57:15.033+0000] {processor.py:925} INFO - DAG(s) 'example_external_task_marker_child', 'example_external_task_marker_parent' retrieved from /home/airflow/.local/lib/python3.12/site-packages/airflow/example_dags/example_external_task_marker_dag.py
[2024-08-30T02:57:15.055+0000] {logging_mixin.py:190} INFO - [2024-08-30T02:57:15.054+0000] {dag.py:3211} INFO - Sync 2 DAGs
[2024-08-30T02:57:15.068+0000] {logging_mixin.py:190} INFO - [2024-08-30T02:57:15.067+0000] {dag.py:4138} INFO - Setting next_dagrun for example_external_task_marker_child to None, run_after=None
[2024-08-30T02:57:15.072+0000] {logging_mixin.py:190} INFO - [2024-08-30T02:57:15.071+0000] {dag.py:4138} INFO - Setting next_dagrun for example_external_task_marker_parent to None, run_after=None
[2024-08-30T02:57:15.088+0000] {processor.py:208} INFO - Processing /home/airflow/.local/lib/python3.12/site-packages/airflow/example_dags/example_external_task_marker_dag.py took 0.069 seconds
