[2024-08-30T02:44:26.166+0000] {processor.py:186} INFO - Started process (PID=192) to work on /home/airflow/.local/lib/python3.12/site-packages/airflow/example_dags/example_dataset_alias.py
[2024-08-30T02:44:26.167+0000] {processor.py:914} INFO - Processing file /home/airflow/.local/lib/python3.12/site-packages/airflow/example_dags/example_dataset_alias.py for tasks to queue
[2024-08-30T02:44:26.169+0000] {logging_mixin.py:190} INFO - [2024-08-30T02:44:26.169+0000] {dagbag.py:587} INFO - Filling up the DagBag from /home/airflow/.local/lib/python3.12/site-packages/airflow/example_dags/example_dataset_alias.py
[2024-08-30T02:44:26.332+0000] {processor.py:925} INFO - DAG(s) 'dataset_s3_bucket_producer', 'dataset_alias_example_alias_consumer', 'dataset_alias_example_alias_producer', 'dataset_s3_bucket_consumer' retrieved from /home/airflow/.local/lib/python3.12/site-packages/airflow/example_dags/example_dataset_alias.py
[2024-08-30T02:44:26.361+0000] {logging_mixin.py:190} INFO - [2024-08-30T02:44:26.360+0000] {dag.py:3211} INFO - Sync 4 DAGs
[2024-08-30T02:44:26.388+0000] {logging_mixin.py:190} INFO - [2024-08-30T02:44:26.388+0000] {dag.py:4138} INFO - Setting next_dagrun for dataset_alias_example_alias_consumer to None, run_after=None
[2024-08-30T02:44:26.392+0000] {logging_mixin.py:190} INFO - [2024-08-30T02:44:26.392+0000] {dag.py:4138} INFO - Setting next_dagrun for dataset_alias_example_alias_producer to None, run_after=None
[2024-08-30T02:44:26.395+0000] {logging_mixin.py:190} INFO - [2024-08-30T02:44:26.395+0000] {dag.py:4138} INFO - Setting next_dagrun for dataset_s3_bucket_consumer to None, run_after=None
[2024-08-30T02:44:26.398+0000] {logging_mixin.py:190} INFO - [2024-08-30T02:44:26.397+0000] {dag.py:4138} INFO - Setting next_dagrun for dataset_s3_bucket_producer to None, run_after=None
[2024-08-30T02:44:26.424+0000] {processor.py:208} INFO - Processing /home/airflow/.local/lib/python3.12/site-packages/airflow/example_dags/example_dataset_alias.py took 0.264 seconds
[2024-08-30T02:44:56.530+0000] {processor.py:186} INFO - Started process (PID=499) to work on /home/airflow/.local/lib/python3.12/site-packages/airflow/example_dags/example_dataset_alias.py
[2024-08-30T02:44:56.531+0000] {processor.py:914} INFO - Processing file /home/airflow/.local/lib/python3.12/site-packages/airflow/example_dags/example_dataset_alias.py for tasks to queue
[2024-08-30T02:44:56.534+0000] {logging_mixin.py:190} INFO - [2024-08-30T02:44:56.533+0000] {dagbag.py:587} INFO - Filling up the DagBag from /home/airflow/.local/lib/python3.12/site-packages/airflow/example_dags/example_dataset_alias.py
[2024-08-30T02:44:56.656+0000] {processor.py:925} INFO - DAG(s) 'dataset_s3_bucket_consumer', 'dataset_alias_example_alias_producer', 'dataset_alias_example_alias_consumer', 'dataset_s3_bucket_producer' retrieved from /home/airflow/.local/lib/python3.12/site-packages/airflow/example_dags/example_dataset_alias.py
[2024-08-30T02:44:56.676+0000] {logging_mixin.py:190} INFO - [2024-08-30T02:44:56.675+0000] {dag.py:3211} INFO - Sync 4 DAGs
[2024-08-30T02:44:56.695+0000] {logging_mixin.py:190} INFO - [2024-08-30T02:44:56.695+0000] {dag.py:4138} INFO - Setting next_dagrun for dataset_alias_example_alias_consumer to None, run_after=None
[2024-08-30T02:44:56.697+0000] {logging_mixin.py:190} INFO - [2024-08-30T02:44:56.697+0000] {dag.py:4138} INFO - Setting next_dagrun for dataset_alias_example_alias_producer to None, run_after=None
[2024-08-30T02:44:56.699+0000] {logging_mixin.py:190} INFO - [2024-08-30T02:44:56.699+0000] {dag.py:4138} INFO - Setting next_dagrun for dataset_s3_bucket_consumer to None, run_after=None
[2024-08-30T02:44:56.701+0000] {logging_mixin.py:190} INFO - [2024-08-30T02:44:56.701+0000] {dag.py:4138} INFO - Setting next_dagrun for dataset_s3_bucket_producer to None, run_after=None
[2024-08-30T02:44:56.724+0000] {processor.py:208} INFO - Processing /home/airflow/.local/lib/python3.12/site-packages/airflow/example_dags/example_dataset_alias.py took 0.199 seconds
[2024-08-30T02:45:27.070+0000] {processor.py:186} INFO - Started process (PID=790) to work on /home/airflow/.local/lib/python3.12/site-packages/airflow/example_dags/example_dataset_alias.py
[2024-08-30T02:45:27.071+0000] {processor.py:914} INFO - Processing file /home/airflow/.local/lib/python3.12/site-packages/airflow/example_dags/example_dataset_alias.py for tasks to queue
[2024-08-30T02:45:27.073+0000] {logging_mixin.py:190} INFO - [2024-08-30T02:45:27.072+0000] {dagbag.py:587} INFO - Filling up the DagBag from /home/airflow/.local/lib/python3.12/site-packages/airflow/example_dags/example_dataset_alias.py
[2024-08-30T02:45:27.187+0000] {processor.py:925} INFO - DAG(s) 'dataset_alias_example_alias_consumer', 'dataset_alias_example_alias_producer', 'dataset_s3_bucket_consumer', 'dataset_s3_bucket_producer' retrieved from /home/airflow/.local/lib/python3.12/site-packages/airflow/example_dags/example_dataset_alias.py
[2024-08-30T02:45:27.208+0000] {logging_mixin.py:190} INFO - [2024-08-30T02:45:27.207+0000] {dag.py:3211} INFO - Sync 4 DAGs
[2024-08-30T02:45:27.233+0000] {logging_mixin.py:190} INFO - [2024-08-30T02:45:27.233+0000] {dag.py:4138} INFO - Setting next_dagrun for dataset_alias_example_alias_consumer to None, run_after=None
[2024-08-30T02:45:27.237+0000] {logging_mixin.py:190} INFO - [2024-08-30T02:45:27.236+0000] {dag.py:4138} INFO - Setting next_dagrun for dataset_alias_example_alias_producer to None, run_after=None
[2024-08-30T02:45:27.239+0000] {logging_mixin.py:190} INFO - [2024-08-30T02:45:27.239+0000] {dag.py:4138} INFO - Setting next_dagrun for dataset_s3_bucket_consumer to None, run_after=None
[2024-08-30T02:45:27.241+0000] {logging_mixin.py:190} INFO - [2024-08-30T02:45:27.241+0000] {dag.py:4138} INFO - Setting next_dagrun for dataset_s3_bucket_producer to None, run_after=None
[2024-08-30T02:45:27.264+0000] {processor.py:208} INFO - Processing /home/airflow/.local/lib/python3.12/site-packages/airflow/example_dags/example_dataset_alias.py took 0.199 seconds
[2024-08-30T02:45:57.324+0000] {processor.py:186} INFO - Started process (PID=1081) to work on /home/airflow/.local/lib/python3.12/site-packages/airflow/example_dags/example_dataset_alias.py
[2024-08-30T02:45:57.325+0000] {processor.py:914} INFO - Processing file /home/airflow/.local/lib/python3.12/site-packages/airflow/example_dags/example_dataset_alias.py for tasks to queue
[2024-08-30T02:45:57.327+0000] {logging_mixin.py:190} INFO - [2024-08-30T02:45:57.326+0000] {dagbag.py:587} INFO - Filling up the DagBag from /home/airflow/.local/lib/python3.12/site-packages/airflow/example_dags/example_dataset_alias.py
[2024-08-30T02:45:57.436+0000] {processor.py:925} INFO - DAG(s) 'dataset_s3_bucket_producer', 'dataset_alias_example_alias_consumer', 'dataset_alias_example_alias_producer', 'dataset_s3_bucket_consumer' retrieved from /home/airflow/.local/lib/python3.12/site-packages/airflow/example_dags/example_dataset_alias.py
[2024-08-30T02:45:57.457+0000] {logging_mixin.py:190} INFO - [2024-08-30T02:45:57.456+0000] {dag.py:3211} INFO - Sync 4 DAGs
[2024-08-30T02:45:57.477+0000] {logging_mixin.py:190} INFO - [2024-08-30T02:45:57.476+0000] {dag.py:4138} INFO - Setting next_dagrun for dataset_alias_example_alias_consumer to None, run_after=None
[2024-08-30T02:45:57.479+0000] {logging_mixin.py:190} INFO - [2024-08-30T02:45:57.479+0000] {dag.py:4138} INFO - Setting next_dagrun for dataset_alias_example_alias_producer to None, run_after=None
[2024-08-30T02:45:57.480+0000] {logging_mixin.py:190} INFO - [2024-08-30T02:45:57.480+0000] {dag.py:4138} INFO - Setting next_dagrun for dataset_s3_bucket_consumer to None, run_after=None
[2024-08-30T02:45:57.481+0000] {logging_mixin.py:190} INFO - [2024-08-30T02:45:57.481+0000] {dag.py:4138} INFO - Setting next_dagrun for dataset_s3_bucket_producer to None, run_after=None
[2024-08-30T02:45:57.500+0000] {processor.py:208} INFO - Processing /home/airflow/.local/lib/python3.12/site-packages/airflow/example_dags/example_dataset_alias.py took 0.181 seconds
[2024-08-30T02:46:27.845+0000] {processor.py:186} INFO - Started process (PID=1355) to work on /home/airflow/.local/lib/python3.12/site-packages/airflow/example_dags/example_dataset_alias.py
[2024-08-30T02:46:27.846+0000] {processor.py:914} INFO - Processing file /home/airflow/.local/lib/python3.12/site-packages/airflow/example_dags/example_dataset_alias.py for tasks to queue
[2024-08-30T02:46:27.850+0000] {logging_mixin.py:190} INFO - [2024-08-30T02:46:27.849+0000] {dagbag.py:587} INFO - Filling up the DagBag from /home/airflow/.local/lib/python3.12/site-packages/airflow/example_dags/example_dataset_alias.py
[2024-08-30T02:46:27.974+0000] {processor.py:925} INFO - DAG(s) 'dataset_alias_example_alias_consumer', 'dataset_s3_bucket_consumer', 'dataset_alias_example_alias_producer', 'dataset_s3_bucket_producer' retrieved from /home/airflow/.local/lib/python3.12/site-packages/airflow/example_dags/example_dataset_alias.py
[2024-08-30T02:46:27.997+0000] {logging_mixin.py:190} INFO - [2024-08-30T02:46:27.997+0000] {dag.py:3211} INFO - Sync 4 DAGs
[2024-08-30T02:46:28.018+0000] {logging_mixin.py:190} INFO - [2024-08-30T02:46:28.018+0000] {dag.py:4138} INFO - Setting next_dagrun for dataset_alias_example_alias_consumer to None, run_after=None
[2024-08-30T02:46:28.021+0000] {logging_mixin.py:190} INFO - [2024-08-30T02:46:28.021+0000] {dag.py:4138} INFO - Setting next_dagrun for dataset_alias_example_alias_producer to None, run_after=None
[2024-08-30T02:46:28.022+0000] {logging_mixin.py:190} INFO - [2024-08-30T02:46:28.022+0000] {dag.py:4138} INFO - Setting next_dagrun for dataset_s3_bucket_consumer to None, run_after=None
[2024-08-30T02:46:28.023+0000] {logging_mixin.py:190} INFO - [2024-08-30T02:46:28.023+0000] {dag.py:4138} INFO - Setting next_dagrun for dataset_s3_bucket_producer to None, run_after=None
[2024-08-30T02:46:28.043+0000] {processor.py:208} INFO - Processing /home/airflow/.local/lib/python3.12/site-packages/airflow/example_dags/example_dataset_alias.py took 0.203 seconds
[2024-08-30T02:46:58.452+0000] {processor.py:186} INFO - Started process (PID=1643) to work on /home/airflow/.local/lib/python3.12/site-packages/airflow/example_dags/example_dataset_alias.py
[2024-08-30T02:46:58.453+0000] {processor.py:914} INFO - Processing file /home/airflow/.local/lib/python3.12/site-packages/airflow/example_dags/example_dataset_alias.py for tasks to queue
[2024-08-30T02:46:58.455+0000] {logging_mixin.py:190} INFO - [2024-08-30T02:46:58.454+0000] {dagbag.py:587} INFO - Filling up the DagBag from /home/airflow/.local/lib/python3.12/site-packages/airflow/example_dags/example_dataset_alias.py
[2024-08-30T02:46:58.571+0000] {processor.py:925} INFO - DAG(s) 'dataset_s3_bucket_producer', 'dataset_alias_example_alias_producer', 'dataset_alias_example_alias_consumer', 'dataset_s3_bucket_consumer' retrieved from /home/airflow/.local/lib/python3.12/site-packages/airflow/example_dags/example_dataset_alias.py
[2024-08-30T02:46:58.593+0000] {logging_mixin.py:190} INFO - [2024-08-30T02:46:58.593+0000] {dag.py:3211} INFO - Sync 4 DAGs
[2024-08-30T02:46:58.612+0000] {logging_mixin.py:190} INFO - [2024-08-30T02:46:58.612+0000] {dag.py:4138} INFO - Setting next_dagrun for dataset_alias_example_alias_consumer to None, run_after=None
[2024-08-30T02:46:58.614+0000] {logging_mixin.py:190} INFO - [2024-08-30T02:46:58.614+0000] {dag.py:4138} INFO - Setting next_dagrun for dataset_alias_example_alias_producer to None, run_after=None
[2024-08-30T02:46:58.615+0000] {logging_mixin.py:190} INFO - [2024-08-30T02:46:58.615+0000] {dag.py:4138} INFO - Setting next_dagrun for dataset_s3_bucket_consumer to None, run_after=None
[2024-08-30T02:46:58.617+0000] {logging_mixin.py:190} INFO - [2024-08-30T02:46:58.617+0000] {dag.py:4138} INFO - Setting next_dagrun for dataset_s3_bucket_producer to None, run_after=None
[2024-08-30T02:46:58.640+0000] {processor.py:208} INFO - Processing /home/airflow/.local/lib/python3.12/site-packages/airflow/example_dags/example_dataset_alias.py took 0.193 seconds
[2024-08-30T02:47:29.116+0000] {processor.py:186} INFO - Started process (PID=1929) to work on /home/airflow/.local/lib/python3.12/site-packages/airflow/example_dags/example_dataset_alias.py
[2024-08-30T02:47:29.117+0000] {processor.py:914} INFO - Processing file /home/airflow/.local/lib/python3.12/site-packages/airflow/example_dags/example_dataset_alias.py for tasks to queue
[2024-08-30T02:47:29.120+0000] {logging_mixin.py:190} INFO - [2024-08-30T02:47:29.119+0000] {dagbag.py:587} INFO - Filling up the DagBag from /home/airflow/.local/lib/python3.12/site-packages/airflow/example_dags/example_dataset_alias.py
[2024-08-30T02:47:29.252+0000] {processor.py:925} INFO - DAG(s) 'dataset_s3_bucket_consumer', 'dataset_alias_example_alias_consumer', 'dataset_s3_bucket_producer', 'dataset_alias_example_alias_producer' retrieved from /home/airflow/.local/lib/python3.12/site-packages/airflow/example_dags/example_dataset_alias.py
[2024-08-30T02:47:29.277+0000] {logging_mixin.py:190} INFO - [2024-08-30T02:47:29.276+0000] {dag.py:3211} INFO - Sync 4 DAGs
[2024-08-30T02:47:29.301+0000] {logging_mixin.py:190} INFO - [2024-08-30T02:47:29.300+0000] {dag.py:4138} INFO - Setting next_dagrun for dataset_alias_example_alias_consumer to None, run_after=None
[2024-08-30T02:47:29.304+0000] {logging_mixin.py:190} INFO - [2024-08-30T02:47:29.304+0000] {dag.py:4138} INFO - Setting next_dagrun for dataset_alias_example_alias_producer to None, run_after=None
[2024-08-30T02:47:29.306+0000] {logging_mixin.py:190} INFO - [2024-08-30T02:47:29.306+0000] {dag.py:4138} INFO - Setting next_dagrun for dataset_s3_bucket_consumer to None, run_after=None
[2024-08-30T02:47:29.307+0000] {logging_mixin.py:190} INFO - [2024-08-30T02:47:29.307+0000] {dag.py:4138} INFO - Setting next_dagrun for dataset_s3_bucket_producer to None, run_after=None
[2024-08-30T02:47:29.329+0000] {processor.py:208} INFO - Processing /home/airflow/.local/lib/python3.12/site-packages/airflow/example_dags/example_dataset_alias.py took 0.218 seconds
[2024-08-30T02:48:00.057+0000] {processor.py:186} INFO - Started process (PID=2213) to work on /home/airflow/.local/lib/python3.12/site-packages/airflow/example_dags/example_dataset_alias.py
[2024-08-30T02:48:00.058+0000] {processor.py:914} INFO - Processing file /home/airflow/.local/lib/python3.12/site-packages/airflow/example_dags/example_dataset_alias.py for tasks to queue
[2024-08-30T02:48:00.060+0000] {logging_mixin.py:190} INFO - [2024-08-30T02:48:00.060+0000] {dagbag.py:587} INFO - Filling up the DagBag from /home/airflow/.local/lib/python3.12/site-packages/airflow/example_dags/example_dataset_alias.py
[2024-08-30T02:48:00.193+0000] {processor.py:925} INFO - DAG(s) 'dataset_s3_bucket_producer', 'dataset_alias_example_alias_consumer', 'dataset_s3_bucket_consumer', 'dataset_alias_example_alias_producer' retrieved from /home/airflow/.local/lib/python3.12/site-packages/airflow/example_dags/example_dataset_alias.py
[2024-08-30T02:48:00.213+0000] {logging_mixin.py:190} INFO - [2024-08-30T02:48:00.213+0000] {dag.py:3211} INFO - Sync 4 DAGs
[2024-08-30T02:48:00.236+0000] {logging_mixin.py:190} INFO - [2024-08-30T02:48:00.236+0000] {dag.py:4138} INFO - Setting next_dagrun for dataset_alias_example_alias_consumer to None, run_after=None
[2024-08-30T02:48:00.239+0000] {logging_mixin.py:190} INFO - [2024-08-30T02:48:00.239+0000] {dag.py:4138} INFO - Setting next_dagrun for dataset_alias_example_alias_producer to None, run_after=None
[2024-08-30T02:48:00.240+0000] {logging_mixin.py:190} INFO - [2024-08-30T02:48:00.240+0000] {dag.py:4138} INFO - Setting next_dagrun for dataset_s3_bucket_consumer to None, run_after=None
[2024-08-30T02:48:00.241+0000] {logging_mixin.py:190} INFO - [2024-08-30T02:48:00.241+0000] {dag.py:4138} INFO - Setting next_dagrun for dataset_s3_bucket_producer to None, run_after=None
[2024-08-30T02:48:00.263+0000] {processor.py:208} INFO - Processing /home/airflow/.local/lib/python3.12/site-packages/airflow/example_dags/example_dataset_alias.py took 0.211 seconds
[2024-08-30T02:48:30.804+0000] {processor.py:186} INFO - Started process (PID=2499) to work on /home/airflow/.local/lib/python3.12/site-packages/airflow/example_dags/example_dataset_alias.py
[2024-08-30T02:48:30.804+0000] {processor.py:914} INFO - Processing file /home/airflow/.local/lib/python3.12/site-packages/airflow/example_dags/example_dataset_alias.py for tasks to queue
[2024-08-30T02:48:30.806+0000] {logging_mixin.py:190} INFO - [2024-08-30T02:48:30.806+0000] {dagbag.py:587} INFO - Filling up the DagBag from /home/airflow/.local/lib/python3.12/site-packages/airflow/example_dags/example_dataset_alias.py
[2024-08-30T02:48:30.929+0000] {processor.py:925} INFO - DAG(s) 'dataset_alias_example_alias_consumer', 'dataset_s3_bucket_consumer', 'dataset_alias_example_alias_producer', 'dataset_s3_bucket_producer' retrieved from /home/airflow/.local/lib/python3.12/site-packages/airflow/example_dags/example_dataset_alias.py
[2024-08-30T02:48:30.953+0000] {logging_mixin.py:190} INFO - [2024-08-30T02:48:30.952+0000] {dag.py:3211} INFO - Sync 4 DAGs
[2024-08-30T02:48:30.975+0000] {logging_mixin.py:190} INFO - [2024-08-30T02:48:30.975+0000] {dag.py:4138} INFO - Setting next_dagrun for dataset_alias_example_alias_consumer to None, run_after=None
[2024-08-30T02:48:30.977+0000] {logging_mixin.py:190} INFO - [2024-08-30T02:48:30.977+0000] {dag.py:4138} INFO - Setting next_dagrun for dataset_alias_example_alias_producer to None, run_after=None
[2024-08-30T02:48:30.979+0000] {logging_mixin.py:190} INFO - [2024-08-30T02:48:30.978+0000] {dag.py:4138} INFO - Setting next_dagrun for dataset_s3_bucket_consumer to None, run_after=None
[2024-08-30T02:48:30.980+0000] {logging_mixin.py:190} INFO - [2024-08-30T02:48:30.980+0000] {dag.py:4138} INFO - Setting next_dagrun for dataset_s3_bucket_producer to None, run_after=None
[2024-08-30T02:48:31.005+0000] {processor.py:208} INFO - Processing /home/airflow/.local/lib/python3.12/site-packages/airflow/example_dags/example_dataset_alias.py took 0.206 seconds
[2024-08-30T02:49:02.032+0000] {processor.py:186} INFO - Started process (PID=2787) to work on /home/airflow/.local/lib/python3.12/site-packages/airflow/example_dags/example_dataset_alias.py
[2024-08-30T02:49:02.033+0000] {processor.py:914} INFO - Processing file /home/airflow/.local/lib/python3.12/site-packages/airflow/example_dags/example_dataset_alias.py for tasks to queue
[2024-08-30T02:49:02.035+0000] {logging_mixin.py:190} INFO - [2024-08-30T02:49:02.035+0000] {dagbag.py:587} INFO - Filling up the DagBag from /home/airflow/.local/lib/python3.12/site-packages/airflow/example_dags/example_dataset_alias.py
[2024-08-30T02:49:02.152+0000] {processor.py:925} INFO - DAG(s) 'dataset_s3_bucket_consumer', 'dataset_alias_example_alias_consumer', 'dataset_alias_example_alias_producer', 'dataset_s3_bucket_producer' retrieved from /home/airflow/.local/lib/python3.12/site-packages/airflow/example_dags/example_dataset_alias.py
[2024-08-30T02:49:02.174+0000] {logging_mixin.py:190} INFO - [2024-08-30T02:49:02.174+0000] {dag.py:3211} INFO - Sync 4 DAGs
[2024-08-30T02:49:02.195+0000] {logging_mixin.py:190} INFO - [2024-08-30T02:49:02.195+0000] {dag.py:4138} INFO - Setting next_dagrun for dataset_alias_example_alias_consumer to None, run_after=None
[2024-08-30T02:49:02.198+0000] {logging_mixin.py:190} INFO - [2024-08-30T02:49:02.198+0000] {dag.py:4138} INFO - Setting next_dagrun for dataset_alias_example_alias_producer to None, run_after=None
[2024-08-30T02:49:02.200+0000] {logging_mixin.py:190} INFO - [2024-08-30T02:49:02.200+0000] {dag.py:4138} INFO - Setting next_dagrun for dataset_s3_bucket_consumer to None, run_after=None
[2024-08-30T02:49:02.201+0000] {logging_mixin.py:190} INFO - [2024-08-30T02:49:02.201+0000] {dag.py:4138} INFO - Setting next_dagrun for dataset_s3_bucket_producer to None, run_after=None
[2024-08-30T02:49:02.223+0000] {processor.py:208} INFO - Processing /home/airflow/.local/lib/python3.12/site-packages/airflow/example_dags/example_dataset_alias.py took 0.196 seconds
[2024-08-30T02:49:32.780+0000] {processor.py:186} INFO - Started process (PID=3071) to work on /home/airflow/.local/lib/python3.12/site-packages/airflow/example_dags/example_dataset_alias.py
[2024-08-30T02:49:32.781+0000] {processor.py:914} INFO - Processing file /home/airflow/.local/lib/python3.12/site-packages/airflow/example_dags/example_dataset_alias.py for tasks to queue
[2024-08-30T02:49:32.784+0000] {logging_mixin.py:190} INFO - [2024-08-30T02:49:32.783+0000] {dagbag.py:587} INFO - Filling up the DagBag from /home/airflow/.local/lib/python3.12/site-packages/airflow/example_dags/example_dataset_alias.py
[2024-08-30T02:49:32.912+0000] {processor.py:925} INFO - DAG(s) 'dataset_alias_example_alias_producer', 'dataset_s3_bucket_consumer', 'dataset_alias_example_alias_consumer', 'dataset_s3_bucket_producer' retrieved from /home/airflow/.local/lib/python3.12/site-packages/airflow/example_dags/example_dataset_alias.py
[2024-08-30T02:49:32.933+0000] {logging_mixin.py:190} INFO - [2024-08-30T02:49:32.932+0000] {dag.py:3211} INFO - Sync 4 DAGs
[2024-08-30T02:49:32.955+0000] {logging_mixin.py:190} INFO - [2024-08-30T02:49:32.955+0000] {dag.py:4138} INFO - Setting next_dagrun for dataset_alias_example_alias_consumer to None, run_after=None
[2024-08-30T02:49:32.958+0000] {logging_mixin.py:190} INFO - [2024-08-30T02:49:32.958+0000] {dag.py:4138} INFO - Setting next_dagrun for dataset_alias_example_alias_producer to None, run_after=None
[2024-08-30T02:49:32.959+0000] {logging_mixin.py:190} INFO - [2024-08-30T02:49:32.959+0000] {dag.py:4138} INFO - Setting next_dagrun for dataset_s3_bucket_consumer to None, run_after=None
[2024-08-30T02:49:32.960+0000] {logging_mixin.py:190} INFO - [2024-08-30T02:49:32.960+0000] {dag.py:4138} INFO - Setting next_dagrun for dataset_s3_bucket_producer to None, run_after=None
[2024-08-30T02:49:32.983+0000] {processor.py:208} INFO - Processing /home/airflow/.local/lib/python3.12/site-packages/airflow/example_dags/example_dataset_alias.py took 0.207 seconds
[2024-08-30T02:50:03.578+0000] {processor.py:186} INFO - Started process (PID=3359) to work on /home/airflow/.local/lib/python3.12/site-packages/airflow/example_dags/example_dataset_alias.py
[2024-08-30T02:50:03.579+0000] {processor.py:914} INFO - Processing file /home/airflow/.local/lib/python3.12/site-packages/airflow/example_dags/example_dataset_alias.py for tasks to queue
[2024-08-30T02:50:03.580+0000] {logging_mixin.py:190} INFO - [2024-08-30T02:50:03.580+0000] {dagbag.py:587} INFO - Filling up the DagBag from /home/airflow/.local/lib/python3.12/site-packages/airflow/example_dags/example_dataset_alias.py
[2024-08-30T02:50:03.702+0000] {processor.py:925} INFO - DAG(s) 'dataset_alias_example_alias_consumer', 'dataset_s3_bucket_consumer', 'dataset_alias_example_alias_producer', 'dataset_s3_bucket_producer' retrieved from /home/airflow/.local/lib/python3.12/site-packages/airflow/example_dags/example_dataset_alias.py
[2024-08-30T02:50:03.723+0000] {logging_mixin.py:190} INFO - [2024-08-30T02:50:03.723+0000] {dag.py:3211} INFO - Sync 4 DAGs
[2024-08-30T02:50:03.746+0000] {logging_mixin.py:190} INFO - [2024-08-30T02:50:03.746+0000] {dag.py:4138} INFO - Setting next_dagrun for dataset_alias_example_alias_consumer to None, run_after=None
[2024-08-30T02:50:03.749+0000] {logging_mixin.py:190} INFO - [2024-08-30T02:50:03.749+0000] {dag.py:4138} INFO - Setting next_dagrun for dataset_alias_example_alias_producer to None, run_after=None
[2024-08-30T02:50:03.751+0000] {logging_mixin.py:190} INFO - [2024-08-30T02:50:03.751+0000] {dag.py:4138} INFO - Setting next_dagrun for dataset_s3_bucket_consumer to None, run_after=None
[2024-08-30T02:50:03.752+0000] {logging_mixin.py:190} INFO - [2024-08-30T02:50:03.752+0000] {dag.py:4138} INFO - Setting next_dagrun for dataset_s3_bucket_producer to None, run_after=None
[2024-08-30T02:50:03.776+0000] {processor.py:208} INFO - Processing /home/airflow/.local/lib/python3.12/site-packages/airflow/example_dags/example_dataset_alias.py took 0.204 seconds
[2024-08-30T02:50:34.160+0000] {processor.py:186} INFO - Started process (PID=3643) to work on /home/airflow/.local/lib/python3.12/site-packages/airflow/example_dags/example_dataset_alias.py
[2024-08-30T02:50:34.161+0000] {processor.py:914} INFO - Processing file /home/airflow/.local/lib/python3.12/site-packages/airflow/example_dags/example_dataset_alias.py for tasks to queue
[2024-08-30T02:50:34.162+0000] {logging_mixin.py:190} INFO - [2024-08-30T02:50:34.162+0000] {dagbag.py:587} INFO - Filling up the DagBag from /home/airflow/.local/lib/python3.12/site-packages/airflow/example_dags/example_dataset_alias.py
[2024-08-30T02:50:34.290+0000] {processor.py:925} INFO - DAG(s) 'dataset_alias_example_alias_producer', 'dataset_s3_bucket_producer', 'dataset_s3_bucket_consumer', 'dataset_alias_example_alias_consumer' retrieved from /home/airflow/.local/lib/python3.12/site-packages/airflow/example_dags/example_dataset_alias.py
[2024-08-30T02:50:34.311+0000] {logging_mixin.py:190} INFO - [2024-08-30T02:50:34.311+0000] {dag.py:3211} INFO - Sync 4 DAGs
[2024-08-30T02:50:34.333+0000] {logging_mixin.py:190} INFO - [2024-08-30T02:50:34.333+0000] {dag.py:4138} INFO - Setting next_dagrun for dataset_alias_example_alias_consumer to None, run_after=None
[2024-08-30T02:50:34.337+0000] {logging_mixin.py:190} INFO - [2024-08-30T02:50:34.336+0000] {dag.py:4138} INFO - Setting next_dagrun for dataset_alias_example_alias_producer to None, run_after=None
[2024-08-30T02:50:34.338+0000] {logging_mixin.py:190} INFO - [2024-08-30T02:50:34.338+0000] {dag.py:4138} INFO - Setting next_dagrun for dataset_s3_bucket_consumer to None, run_after=None
[2024-08-30T02:50:34.340+0000] {logging_mixin.py:190} INFO - [2024-08-30T02:50:34.340+0000] {dag.py:4138} INFO - Setting next_dagrun for dataset_s3_bucket_producer to None, run_after=None
[2024-08-30T02:50:34.362+0000] {processor.py:208} INFO - Processing /home/airflow/.local/lib/python3.12/site-packages/airflow/example_dags/example_dataset_alias.py took 0.206 seconds
[2024-08-30T02:51:04.939+0000] {processor.py:186} INFO - Started process (PID=3931) to work on /home/airflow/.local/lib/python3.12/site-packages/airflow/example_dags/example_dataset_alias.py
[2024-08-30T02:51:04.942+0000] {processor.py:914} INFO - Processing file /home/airflow/.local/lib/python3.12/site-packages/airflow/example_dags/example_dataset_alias.py for tasks to queue
[2024-08-30T02:51:04.944+0000] {logging_mixin.py:190} INFO - [2024-08-30T02:51:04.944+0000] {dagbag.py:587} INFO - Filling up the DagBag from /home/airflow/.local/lib/python3.12/site-packages/airflow/example_dags/example_dataset_alias.py
[2024-08-30T02:51:05.091+0000] {processor.py:925} INFO - DAG(s) 'dataset_alias_example_alias_consumer', 'dataset_alias_example_alias_producer', 'dataset_s3_bucket_producer', 'dataset_s3_bucket_consumer' retrieved from /home/airflow/.local/lib/python3.12/site-packages/airflow/example_dags/example_dataset_alias.py
[2024-08-30T02:51:05.112+0000] {logging_mixin.py:190} INFO - [2024-08-30T02:51:05.112+0000] {dag.py:3211} INFO - Sync 4 DAGs
[2024-08-30T02:51:05.133+0000] {logging_mixin.py:190} INFO - [2024-08-30T02:51:05.133+0000] {dag.py:4138} INFO - Setting next_dagrun for dataset_alias_example_alias_consumer to None, run_after=None
[2024-08-30T02:51:05.136+0000] {logging_mixin.py:190} INFO - [2024-08-30T02:51:05.136+0000] {dag.py:4138} INFO - Setting next_dagrun for dataset_alias_example_alias_producer to None, run_after=None
[2024-08-30T02:51:05.137+0000] {logging_mixin.py:190} INFO - [2024-08-30T02:51:05.137+0000] {dag.py:4138} INFO - Setting next_dagrun for dataset_s3_bucket_consumer to None, run_after=None
[2024-08-30T02:51:05.138+0000] {logging_mixin.py:190} INFO - [2024-08-30T02:51:05.138+0000] {dag.py:4138} INFO - Setting next_dagrun for dataset_s3_bucket_producer to None, run_after=None
[2024-08-30T02:51:05.161+0000] {processor.py:208} INFO - Processing /home/airflow/.local/lib/python3.12/site-packages/airflow/example_dags/example_dataset_alias.py took 0.229 seconds
[2024-08-30T02:51:35.538+0000] {processor.py:186} INFO - Started process (PID=4215) to work on /home/airflow/.local/lib/python3.12/site-packages/airflow/example_dags/example_dataset_alias.py
[2024-08-30T02:51:35.539+0000] {processor.py:914} INFO - Processing file /home/airflow/.local/lib/python3.12/site-packages/airflow/example_dags/example_dataset_alias.py for tasks to queue
[2024-08-30T02:51:35.541+0000] {logging_mixin.py:190} INFO - [2024-08-30T02:51:35.541+0000] {dagbag.py:587} INFO - Filling up the DagBag from /home/airflow/.local/lib/python3.12/site-packages/airflow/example_dags/example_dataset_alias.py
[2024-08-30T02:51:35.664+0000] {processor.py:925} INFO - DAG(s) 'dataset_s3_bucket_consumer', 'dataset_alias_example_alias_producer', 'dataset_alias_example_alias_consumer', 'dataset_s3_bucket_producer' retrieved from /home/airflow/.local/lib/python3.12/site-packages/airflow/example_dags/example_dataset_alias.py
[2024-08-30T02:51:35.683+0000] {logging_mixin.py:190} INFO - [2024-08-30T02:51:35.683+0000] {dag.py:3211} INFO - Sync 4 DAGs
[2024-08-30T02:51:35.702+0000] {logging_mixin.py:190} INFO - [2024-08-30T02:51:35.702+0000] {dag.py:4138} INFO - Setting next_dagrun for dataset_alias_example_alias_consumer to None, run_after=None
[2024-08-30T02:51:35.705+0000] {logging_mixin.py:190} INFO - [2024-08-30T02:51:35.705+0000] {dag.py:4138} INFO - Setting next_dagrun for dataset_alias_example_alias_producer to None, run_after=None
[2024-08-30T02:51:35.707+0000] {logging_mixin.py:190} INFO - [2024-08-30T02:51:35.706+0000] {dag.py:4138} INFO - Setting next_dagrun for dataset_s3_bucket_consumer to None, run_after=None
[2024-08-30T02:51:35.708+0000] {logging_mixin.py:190} INFO - [2024-08-30T02:51:35.708+0000] {dag.py:4138} INFO - Setting next_dagrun for dataset_s3_bucket_producer to None, run_after=None
[2024-08-30T02:51:35.728+0000] {processor.py:208} INFO - Processing /home/airflow/.local/lib/python3.12/site-packages/airflow/example_dags/example_dataset_alias.py took 0.195 seconds
[2024-08-30T02:52:06.052+0000] {processor.py:186} INFO - Started process (PID=4501) to work on /home/airflow/.local/lib/python3.12/site-packages/airflow/example_dags/example_dataset_alias.py
[2024-08-30T02:52:06.053+0000] {processor.py:914} INFO - Processing file /home/airflow/.local/lib/python3.12/site-packages/airflow/example_dags/example_dataset_alias.py for tasks to queue
[2024-08-30T02:52:06.055+0000] {logging_mixin.py:190} INFO - [2024-08-30T02:52:06.055+0000] {dagbag.py:587} INFO - Filling up the DagBag from /home/airflow/.local/lib/python3.12/site-packages/airflow/example_dags/example_dataset_alias.py
[2024-08-30T02:52:06.183+0000] {processor.py:925} INFO - DAG(s) 'dataset_alias_example_alias_producer', 'dataset_s3_bucket_consumer', 'dataset_alias_example_alias_consumer', 'dataset_s3_bucket_producer' retrieved from /home/airflow/.local/lib/python3.12/site-packages/airflow/example_dags/example_dataset_alias.py
[2024-08-30T02:52:06.206+0000] {logging_mixin.py:190} INFO - [2024-08-30T02:52:06.206+0000] {dag.py:3211} INFO - Sync 4 DAGs
[2024-08-30T02:52:06.231+0000] {logging_mixin.py:190} INFO - [2024-08-30T02:52:06.230+0000] {dag.py:4138} INFO - Setting next_dagrun for dataset_alias_example_alias_consumer to None, run_after=None
[2024-08-30T02:52:06.234+0000] {logging_mixin.py:190} INFO - [2024-08-30T02:52:06.234+0000] {dag.py:4138} INFO - Setting next_dagrun for dataset_alias_example_alias_producer to None, run_after=None
[2024-08-30T02:52:06.236+0000] {logging_mixin.py:190} INFO - [2024-08-30T02:52:06.236+0000] {dag.py:4138} INFO - Setting next_dagrun for dataset_s3_bucket_consumer to None, run_after=None
[2024-08-30T02:52:06.238+0000] {logging_mixin.py:190} INFO - [2024-08-30T02:52:06.238+0000] {dag.py:4138} INFO - Setting next_dagrun for dataset_s3_bucket_producer to None, run_after=None
[2024-08-30T02:52:06.265+0000] {processor.py:208} INFO - Processing /home/airflow/.local/lib/python3.12/site-packages/airflow/example_dags/example_dataset_alias.py took 0.218 seconds
[2024-08-30T02:52:37.022+0000] {processor.py:186} INFO - Started process (PID=4789) to work on /home/airflow/.local/lib/python3.12/site-packages/airflow/example_dags/example_dataset_alias.py
[2024-08-30T02:52:37.023+0000] {processor.py:914} INFO - Processing file /home/airflow/.local/lib/python3.12/site-packages/airflow/example_dags/example_dataset_alias.py for tasks to queue
[2024-08-30T02:52:37.025+0000] {logging_mixin.py:190} INFO - [2024-08-30T02:52:37.025+0000] {dagbag.py:587} INFO - Filling up the DagBag from /home/airflow/.local/lib/python3.12/site-packages/airflow/example_dags/example_dataset_alias.py
[2024-08-30T02:52:37.141+0000] {processor.py:925} INFO - DAG(s) 'dataset_s3_bucket_consumer', 'dataset_alias_example_alias_consumer', 'dataset_alias_example_alias_producer', 'dataset_s3_bucket_producer' retrieved from /home/airflow/.local/lib/python3.12/site-packages/airflow/example_dags/example_dataset_alias.py
[2024-08-30T02:52:37.161+0000] {logging_mixin.py:190} INFO - [2024-08-30T02:52:37.161+0000] {dag.py:3211} INFO - Sync 4 DAGs
[2024-08-30T02:52:37.180+0000] {logging_mixin.py:190} INFO - [2024-08-30T02:52:37.180+0000] {dag.py:4138} INFO - Setting next_dagrun for dataset_alias_example_alias_consumer to None, run_after=None
[2024-08-30T02:52:37.183+0000] {logging_mixin.py:190} INFO - [2024-08-30T02:52:37.183+0000] {dag.py:4138} INFO - Setting next_dagrun for dataset_alias_example_alias_producer to None, run_after=None
[2024-08-30T02:52:37.185+0000] {logging_mixin.py:190} INFO - [2024-08-30T02:52:37.184+0000] {dag.py:4138} INFO - Setting next_dagrun for dataset_s3_bucket_consumer to None, run_after=None
[2024-08-30T02:52:37.186+0000] {logging_mixin.py:190} INFO - [2024-08-30T02:52:37.185+0000] {dag.py:4138} INFO - Setting next_dagrun for dataset_s3_bucket_producer to None, run_after=None
[2024-08-30T02:52:37.205+0000] {processor.py:208} INFO - Processing /home/airflow/.local/lib/python3.12/site-packages/airflow/example_dags/example_dataset_alias.py took 0.188 seconds
[2024-08-30T02:53:07.794+0000] {processor.py:186} INFO - Started process (PID=5073) to work on /home/airflow/.local/lib/python3.12/site-packages/airflow/example_dags/example_dataset_alias.py
[2024-08-30T02:53:07.794+0000] {processor.py:914} INFO - Processing file /home/airflow/.local/lib/python3.12/site-packages/airflow/example_dags/example_dataset_alias.py for tasks to queue
[2024-08-30T02:53:07.796+0000] {logging_mixin.py:190} INFO - [2024-08-30T02:53:07.796+0000] {dagbag.py:587} INFO - Filling up the DagBag from /home/airflow/.local/lib/python3.12/site-packages/airflow/example_dags/example_dataset_alias.py
[2024-08-30T02:53:07.910+0000] {processor.py:925} INFO - DAG(s) 'dataset_s3_bucket_producer', 'dataset_alias_example_alias_consumer', 'dataset_alias_example_alias_producer', 'dataset_s3_bucket_consumer' retrieved from /home/airflow/.local/lib/python3.12/site-packages/airflow/example_dags/example_dataset_alias.py
[2024-08-30T02:53:07.929+0000] {logging_mixin.py:190} INFO - [2024-08-30T02:53:07.929+0000] {dag.py:3211} INFO - Sync 4 DAGs
[2024-08-30T02:53:07.950+0000] {logging_mixin.py:190} INFO - [2024-08-30T02:53:07.950+0000] {dag.py:4138} INFO - Setting next_dagrun for dataset_alias_example_alias_consumer to None, run_after=None
[2024-08-30T02:53:07.953+0000] {logging_mixin.py:190} INFO - [2024-08-30T02:53:07.953+0000] {dag.py:4138} INFO - Setting next_dagrun for dataset_alias_example_alias_producer to None, run_after=None
[2024-08-30T02:53:07.954+0000] {logging_mixin.py:190} INFO - [2024-08-30T02:53:07.954+0000] {dag.py:4138} INFO - Setting next_dagrun for dataset_s3_bucket_consumer to None, run_after=None
[2024-08-30T02:53:07.955+0000] {logging_mixin.py:190} INFO - [2024-08-30T02:53:07.955+0000] {dag.py:4138} INFO - Setting next_dagrun for dataset_s3_bucket_producer to None, run_after=None
[2024-08-30T02:53:07.975+0000] {processor.py:208} INFO - Processing /home/airflow/.local/lib/python3.12/site-packages/airflow/example_dags/example_dataset_alias.py took 0.186 seconds
[2024-08-30T02:53:38.618+0000] {processor.py:186} INFO - Started process (PID=5359) to work on /home/airflow/.local/lib/python3.12/site-packages/airflow/example_dags/example_dataset_alias.py
[2024-08-30T02:53:38.619+0000] {processor.py:914} INFO - Processing file /home/airflow/.local/lib/python3.12/site-packages/airflow/example_dags/example_dataset_alias.py for tasks to queue
[2024-08-30T02:53:38.621+0000] {logging_mixin.py:190} INFO - [2024-08-30T02:53:38.621+0000] {dagbag.py:587} INFO - Filling up the DagBag from /home/airflow/.local/lib/python3.12/site-packages/airflow/example_dags/example_dataset_alias.py
[2024-08-30T02:53:38.758+0000] {processor.py:925} INFO - DAG(s) 'dataset_alias_example_alias_producer', 'dataset_s3_bucket_producer', 'dataset_alias_example_alias_consumer', 'dataset_s3_bucket_consumer' retrieved from /home/airflow/.local/lib/python3.12/site-packages/airflow/example_dags/example_dataset_alias.py
[2024-08-30T02:53:38.782+0000] {logging_mixin.py:190} INFO - [2024-08-30T02:53:38.781+0000] {dag.py:3211} INFO - Sync 4 DAGs
[2024-08-30T02:53:38.808+0000] {logging_mixin.py:190} INFO - [2024-08-30T02:53:38.808+0000] {dag.py:4138} INFO - Setting next_dagrun for dataset_alias_example_alias_consumer to None, run_after=None
[2024-08-30T02:53:38.811+0000] {logging_mixin.py:190} INFO - [2024-08-30T02:53:38.811+0000] {dag.py:4138} INFO - Setting next_dagrun for dataset_alias_example_alias_producer to None, run_after=None
[2024-08-30T02:53:38.813+0000] {logging_mixin.py:190} INFO - [2024-08-30T02:53:38.813+0000] {dag.py:4138} INFO - Setting next_dagrun for dataset_s3_bucket_consumer to None, run_after=None
[2024-08-30T02:53:38.814+0000] {logging_mixin.py:190} INFO - [2024-08-30T02:53:38.814+0000] {dag.py:4138} INFO - Setting next_dagrun for dataset_s3_bucket_producer to None, run_after=None
[2024-08-30T02:53:38.837+0000] {processor.py:208} INFO - Processing /home/airflow/.local/lib/python3.12/site-packages/airflow/example_dags/example_dataset_alias.py took 0.224 seconds
[2024-08-30T02:54:09.430+0000] {processor.py:186} INFO - Started process (PID=5645) to work on /home/airflow/.local/lib/python3.12/site-packages/airflow/example_dags/example_dataset_alias.py
[2024-08-30T02:54:09.431+0000] {processor.py:914} INFO - Processing file /home/airflow/.local/lib/python3.12/site-packages/airflow/example_dags/example_dataset_alias.py for tasks to queue
[2024-08-30T02:54:09.435+0000] {logging_mixin.py:190} INFO - [2024-08-30T02:54:09.434+0000] {dagbag.py:587} INFO - Filling up the DagBag from /home/airflow/.local/lib/python3.12/site-packages/airflow/example_dags/example_dataset_alias.py
[2024-08-30T02:54:09.575+0000] {processor.py:925} INFO - DAG(s) 'dataset_alias_example_alias_producer', 'dataset_s3_bucket_consumer', 'dataset_s3_bucket_producer', 'dataset_alias_example_alias_consumer' retrieved from /home/airflow/.local/lib/python3.12/site-packages/airflow/example_dags/example_dataset_alias.py
[2024-08-30T02:54:09.601+0000] {logging_mixin.py:190} INFO - [2024-08-30T02:54:09.600+0000] {dag.py:3211} INFO - Sync 4 DAGs
[2024-08-30T02:54:09.628+0000] {logging_mixin.py:190} INFO - [2024-08-30T02:54:09.628+0000] {dag.py:4138} INFO - Setting next_dagrun for dataset_alias_example_alias_consumer to None, run_after=None
[2024-08-30T02:54:09.631+0000] {logging_mixin.py:190} INFO - [2024-08-30T02:54:09.631+0000] {dag.py:4138} INFO - Setting next_dagrun for dataset_alias_example_alias_producer to None, run_after=None
[2024-08-30T02:54:09.633+0000] {logging_mixin.py:190} INFO - [2024-08-30T02:54:09.633+0000] {dag.py:4138} INFO - Setting next_dagrun for dataset_s3_bucket_consumer to None, run_after=None
[2024-08-30T02:54:09.635+0000] {logging_mixin.py:190} INFO - [2024-08-30T02:54:09.635+0000] {dag.py:4138} INFO - Setting next_dagrun for dataset_s3_bucket_producer to None, run_after=None
[2024-08-30T02:54:09.662+0000] {processor.py:208} INFO - Processing /home/airflow/.local/lib/python3.12/site-packages/airflow/example_dags/example_dataset_alias.py took 0.237 seconds
[2024-08-30T02:54:39.800+0000] {processor.py:186} INFO - Started process (PID=5933) to work on /home/airflow/.local/lib/python3.12/site-packages/airflow/example_dags/example_dataset_alias.py
[2024-08-30T02:54:39.802+0000] {processor.py:914} INFO - Processing file /home/airflow/.local/lib/python3.12/site-packages/airflow/example_dags/example_dataset_alias.py for tasks to queue
[2024-08-30T02:54:39.804+0000] {logging_mixin.py:190} INFO - [2024-08-30T02:54:39.804+0000] {dagbag.py:587} INFO - Filling up the DagBag from /home/airflow/.local/lib/python3.12/site-packages/airflow/example_dags/example_dataset_alias.py
[2024-08-30T02:54:39.923+0000] {processor.py:925} INFO - DAG(s) 'dataset_s3_bucket_consumer', 'dataset_s3_bucket_producer', 'dataset_alias_example_alias_producer', 'dataset_alias_example_alias_consumer' retrieved from /home/airflow/.local/lib/python3.12/site-packages/airflow/example_dags/example_dataset_alias.py
[2024-08-30T02:54:39.943+0000] {logging_mixin.py:190} INFO - [2024-08-30T02:54:39.942+0000] {dag.py:3211} INFO - Sync 4 DAGs
[2024-08-30T02:54:39.964+0000] {logging_mixin.py:190} INFO - [2024-08-30T02:54:39.964+0000] {dag.py:4138} INFO - Setting next_dagrun for dataset_alias_example_alias_consumer to None, run_after=None
[2024-08-30T02:54:39.966+0000] {logging_mixin.py:190} INFO - [2024-08-30T02:54:39.966+0000] {dag.py:4138} INFO - Setting next_dagrun for dataset_alias_example_alias_producer to None, run_after=None
[2024-08-30T02:54:39.967+0000] {logging_mixin.py:190} INFO - [2024-08-30T02:54:39.967+0000] {dag.py:4138} INFO - Setting next_dagrun for dataset_s3_bucket_consumer to None, run_after=None
[2024-08-30T02:54:39.969+0000] {logging_mixin.py:190} INFO - [2024-08-30T02:54:39.968+0000] {dag.py:4138} INFO - Setting next_dagrun for dataset_s3_bucket_producer to None, run_after=None
[2024-08-30T02:54:39.989+0000] {processor.py:208} INFO - Processing /home/airflow/.local/lib/python3.12/site-packages/airflow/example_dags/example_dataset_alias.py took 0.195 seconds
[2024-08-30T02:55:10.851+0000] {processor.py:186} INFO - Started process (PID=6219) to work on /home/airflow/.local/lib/python3.12/site-packages/airflow/example_dags/example_dataset_alias.py
[2024-08-30T02:55:10.852+0000] {processor.py:914} INFO - Processing file /home/airflow/.local/lib/python3.12/site-packages/airflow/example_dags/example_dataset_alias.py for tasks to queue
[2024-08-30T02:55:10.854+0000] {logging_mixin.py:190} INFO - [2024-08-30T02:55:10.854+0000] {dagbag.py:587} INFO - Filling up the DagBag from /home/airflow/.local/lib/python3.12/site-packages/airflow/example_dags/example_dataset_alias.py
[2024-08-30T02:55:10.973+0000] {processor.py:925} INFO - DAG(s) 'dataset_alias_example_alias_consumer', 'dataset_s3_bucket_consumer', 'dataset_s3_bucket_producer', 'dataset_alias_example_alias_producer' retrieved from /home/airflow/.local/lib/python3.12/site-packages/airflow/example_dags/example_dataset_alias.py
[2024-08-30T02:55:10.993+0000] {logging_mixin.py:190} INFO - [2024-08-30T02:55:10.993+0000] {dag.py:3211} INFO - Sync 4 DAGs
[2024-08-30T02:55:11.013+0000] {logging_mixin.py:190} INFO - [2024-08-30T02:55:11.013+0000] {dag.py:4138} INFO - Setting next_dagrun for dataset_alias_example_alias_consumer to None, run_after=None
[2024-08-30T02:55:11.016+0000] {logging_mixin.py:190} INFO - [2024-08-30T02:55:11.016+0000] {dag.py:4138} INFO - Setting next_dagrun for dataset_alias_example_alias_producer to None, run_after=None
[2024-08-30T02:55:11.017+0000] {logging_mixin.py:190} INFO - [2024-08-30T02:55:11.017+0000] {dag.py:4138} INFO - Setting next_dagrun for dataset_s3_bucket_consumer to None, run_after=None
[2024-08-30T02:55:11.019+0000] {logging_mixin.py:190} INFO - [2024-08-30T02:55:11.019+0000] {dag.py:4138} INFO - Setting next_dagrun for dataset_s3_bucket_producer to None, run_after=None
[2024-08-30T02:55:11.043+0000] {processor.py:208} INFO - Processing /home/airflow/.local/lib/python3.12/site-packages/airflow/example_dags/example_dataset_alias.py took 0.196 seconds
[2024-08-30T02:55:41.627+0000] {processor.py:186} INFO - Started process (PID=6503) to work on /home/airflow/.local/lib/python3.12/site-packages/airflow/example_dags/example_dataset_alias.py
[2024-08-30T02:55:41.628+0000] {processor.py:914} INFO - Processing file /home/airflow/.local/lib/python3.12/site-packages/airflow/example_dags/example_dataset_alias.py for tasks to queue
[2024-08-30T02:55:41.630+0000] {logging_mixin.py:190} INFO - [2024-08-30T02:55:41.630+0000] {dagbag.py:587} INFO - Filling up the DagBag from /home/airflow/.local/lib/python3.12/site-packages/airflow/example_dags/example_dataset_alias.py
[2024-08-30T02:55:41.762+0000] {processor.py:925} INFO - DAG(s) 'dataset_s3_bucket_producer', 'dataset_alias_example_alias_producer', 'dataset_alias_example_alias_consumer', 'dataset_s3_bucket_consumer' retrieved from /home/airflow/.local/lib/python3.12/site-packages/airflow/example_dags/example_dataset_alias.py
[2024-08-30T02:55:41.785+0000] {logging_mixin.py:190} INFO - [2024-08-30T02:55:41.785+0000] {dag.py:3211} INFO - Sync 4 DAGs
[2024-08-30T02:55:41.809+0000] {logging_mixin.py:190} INFO - [2024-08-30T02:55:41.809+0000] {dag.py:4138} INFO - Setting next_dagrun for dataset_alias_example_alias_consumer to None, run_after=None
[2024-08-30T02:55:41.812+0000] {logging_mixin.py:190} INFO - [2024-08-30T02:55:41.812+0000] {dag.py:4138} INFO - Setting next_dagrun for dataset_alias_example_alias_producer to None, run_after=None
[2024-08-30T02:55:41.814+0000] {logging_mixin.py:190} INFO - [2024-08-30T02:55:41.813+0000] {dag.py:4138} INFO - Setting next_dagrun for dataset_s3_bucket_consumer to None, run_after=None
[2024-08-30T02:55:41.815+0000] {logging_mixin.py:190} INFO - [2024-08-30T02:55:41.815+0000] {dag.py:4138} INFO - Setting next_dagrun for dataset_s3_bucket_producer to None, run_after=None
[2024-08-30T02:55:41.843+0000] {processor.py:208} INFO - Processing /home/airflow/.local/lib/python3.12/site-packages/airflow/example_dags/example_dataset_alias.py took 0.222 seconds
[2024-08-30T02:56:11.906+0000] {processor.py:186} INFO - Started process (PID=6789) to work on /home/airflow/.local/lib/python3.12/site-packages/airflow/example_dags/example_dataset_alias.py
[2024-08-30T02:56:11.907+0000] {processor.py:914} INFO - Processing file /home/airflow/.local/lib/python3.12/site-packages/airflow/example_dags/example_dataset_alias.py for tasks to queue
[2024-08-30T02:56:11.910+0000] {logging_mixin.py:190} INFO - [2024-08-30T02:56:11.909+0000] {dagbag.py:587} INFO - Filling up the DagBag from /home/airflow/.local/lib/python3.12/site-packages/airflow/example_dags/example_dataset_alias.py
[2024-08-30T02:56:12.042+0000] {processor.py:925} INFO - DAG(s) 'dataset_alias_example_alias_consumer', 'dataset_alias_example_alias_producer', 'dataset_s3_bucket_consumer', 'dataset_s3_bucket_producer' retrieved from /home/airflow/.local/lib/python3.12/site-packages/airflow/example_dags/example_dataset_alias.py
[2024-08-30T02:56:12.062+0000] {logging_mixin.py:190} INFO - [2024-08-30T02:56:12.062+0000] {dag.py:3211} INFO - Sync 4 DAGs
[2024-08-30T02:56:12.085+0000] {logging_mixin.py:190} INFO - [2024-08-30T02:56:12.085+0000] {dag.py:4138} INFO - Setting next_dagrun for dataset_alias_example_alias_consumer to None, run_after=None
[2024-08-30T02:56:12.088+0000] {logging_mixin.py:190} INFO - [2024-08-30T02:56:12.088+0000] {dag.py:4138} INFO - Setting next_dagrun for dataset_alias_example_alias_producer to None, run_after=None
[2024-08-30T02:56:12.089+0000] {logging_mixin.py:190} INFO - [2024-08-30T02:56:12.089+0000] {dag.py:4138} INFO - Setting next_dagrun for dataset_s3_bucket_consumer to None, run_after=None
[2024-08-30T02:56:12.090+0000] {logging_mixin.py:190} INFO - [2024-08-30T02:56:12.090+0000] {dag.py:4138} INFO - Setting next_dagrun for dataset_s3_bucket_producer to None, run_after=None
[2024-08-30T02:56:12.115+0000] {processor.py:208} INFO - Processing /home/airflow/.local/lib/python3.12/site-packages/airflow/example_dags/example_dataset_alias.py took 0.215 seconds
[2024-08-30T02:56:42.429+0000] {processor.py:186} INFO - Started process (PID=7077) to work on /home/airflow/.local/lib/python3.12/site-packages/airflow/example_dags/example_dataset_alias.py
[2024-08-30T02:56:42.430+0000] {processor.py:914} INFO - Processing file /home/airflow/.local/lib/python3.12/site-packages/airflow/example_dags/example_dataset_alias.py for tasks to queue
[2024-08-30T02:56:42.432+0000] {logging_mixin.py:190} INFO - [2024-08-30T02:56:42.432+0000] {dagbag.py:587} INFO - Filling up the DagBag from /home/airflow/.local/lib/python3.12/site-packages/airflow/example_dags/example_dataset_alias.py
[2024-08-30T02:56:42.554+0000] {processor.py:925} INFO - DAG(s) 'dataset_alias_example_alias_consumer', 'dataset_alias_example_alias_producer', 'dataset_s3_bucket_producer', 'dataset_s3_bucket_consumer' retrieved from /home/airflow/.local/lib/python3.12/site-packages/airflow/example_dags/example_dataset_alias.py
[2024-08-30T02:56:42.575+0000] {logging_mixin.py:190} INFO - [2024-08-30T02:56:42.575+0000] {dag.py:3211} INFO - Sync 4 DAGs
[2024-08-30T02:56:42.597+0000] {logging_mixin.py:190} INFO - [2024-08-30T02:56:42.597+0000] {dag.py:4138} INFO - Setting next_dagrun for dataset_alias_example_alias_consumer to None, run_after=None
[2024-08-30T02:56:42.601+0000] {logging_mixin.py:190} INFO - [2024-08-30T02:56:42.600+0000] {dag.py:4138} INFO - Setting next_dagrun for dataset_alias_example_alias_producer to None, run_after=None
[2024-08-30T02:56:42.602+0000] {logging_mixin.py:190} INFO - [2024-08-30T02:56:42.602+0000] {dag.py:4138} INFO - Setting next_dagrun for dataset_s3_bucket_consumer to None, run_after=None
[2024-08-30T02:56:42.603+0000] {logging_mixin.py:190} INFO - [2024-08-30T02:56:42.603+0000] {dag.py:4138} INFO - Setting next_dagrun for dataset_s3_bucket_producer to None, run_after=None
[2024-08-30T02:56:42.623+0000] {processor.py:208} INFO - Processing /home/airflow/.local/lib/python3.12/site-packages/airflow/example_dags/example_dataset_alias.py took 0.199 seconds
[2024-08-30T02:57:12.786+0000] {processor.py:186} INFO - Started process (PID=7368) to work on /home/airflow/.local/lib/python3.12/site-packages/airflow/example_dags/example_dataset_alias.py
[2024-08-30T02:57:12.787+0000] {processor.py:914} INFO - Processing file /home/airflow/.local/lib/python3.12/site-packages/airflow/example_dags/example_dataset_alias.py for tasks to queue
[2024-08-30T02:57:12.789+0000] {logging_mixin.py:190} INFO - [2024-08-30T02:57:12.788+0000] {dagbag.py:587} INFO - Filling up the DagBag from /home/airflow/.local/lib/python3.12/site-packages/airflow/example_dags/example_dataset_alias.py
[2024-08-30T02:57:12.902+0000] {processor.py:925} INFO - DAG(s) 'dataset_alias_example_alias_producer', 'dataset_alias_example_alias_consumer', 'dataset_s3_bucket_producer', 'dataset_s3_bucket_consumer' retrieved from /home/airflow/.local/lib/python3.12/site-packages/airflow/example_dags/example_dataset_alias.py
[2024-08-30T02:57:12.924+0000] {logging_mixin.py:190} INFO - [2024-08-30T02:57:12.924+0000] {dag.py:3211} INFO - Sync 4 DAGs
[2024-08-30T02:57:12.944+0000] {logging_mixin.py:190} INFO - [2024-08-30T02:57:12.944+0000] {dag.py:4138} INFO - Setting next_dagrun for dataset_alias_example_alias_consumer to None, run_after=None
[2024-08-30T02:57:12.947+0000] {logging_mixin.py:190} INFO - [2024-08-30T02:57:12.947+0000] {dag.py:4138} INFO - Setting next_dagrun for dataset_alias_example_alias_producer to None, run_after=None
[2024-08-30T02:57:12.948+0000] {logging_mixin.py:190} INFO - [2024-08-30T02:57:12.948+0000] {dag.py:4138} INFO - Setting next_dagrun for dataset_s3_bucket_consumer to None, run_after=None
[2024-08-30T02:57:12.950+0000] {logging_mixin.py:190} INFO - [2024-08-30T02:57:12.950+0000] {dag.py:4138} INFO - Setting next_dagrun for dataset_s3_bucket_producer to None, run_after=None
[2024-08-30T02:57:12.971+0000] {processor.py:208} INFO - Processing /home/airflow/.local/lib/python3.12/site-packages/airflow/example_dags/example_dataset_alias.py took 0.190 seconds
