[2024-08-30T02:44:26.049+0000] {processor.py:186} INFO - Started process (PID=187) to work on /home/airflow/.local/lib/python3.12/site-packages/airflow/example_dags/example_complex.py
[2024-08-30T02:44:26.050+0000] {processor.py:914} INFO - Processing file /home/airflow/.local/lib/python3.12/site-packages/airflow/example_dags/example_complex.py for tasks to queue
[2024-08-30T02:44:26.052+0000] {logging_mixin.py:190} INFO - [2024-08-30T02:44:26.052+0000] {dagbag.py:587} INFO - Filling up the DagBag from /home/airflow/.local/lib/python3.12/site-packages/airflow/example_dags/example_complex.py
[2024-08-30T02:44:26.070+0000] {processor.py:925} INFO - DAG(s) 'example_complex' retrieved from /home/airflow/.local/lib/python3.12/site-packages/airflow/example_dags/example_complex.py
[2024-08-30T02:44:26.116+0000] {logging_mixin.py:190} INFO - [2024-08-30T02:44:26.115+0000] {dag.py:3211} INFO - Sync 1 DAGs
[2024-08-30T02:44:26.134+0000] {logging_mixin.py:190} INFO - [2024-08-30T02:44:26.134+0000] {dag.py:4138} INFO - Setting next_dagrun for example_complex to None, run_after=None
[2024-08-30T02:44:26.159+0000] {processor.py:208} INFO - Processing /home/airflow/.local/lib/python3.12/site-packages/airflow/example_dags/example_complex.py took 0.116 seconds
[2024-08-30T02:44:56.405+0000] {processor.py:186} INFO - Started process (PID=494) to work on /home/airflow/.local/lib/python3.12/site-packages/airflow/example_dags/example_complex.py
[2024-08-30T02:44:56.406+0000] {processor.py:914} INFO - Processing file /home/airflow/.local/lib/python3.12/site-packages/airflow/example_dags/example_complex.py for tasks to queue
[2024-08-30T02:44:56.409+0000] {logging_mixin.py:190} INFO - [2024-08-30T02:44:56.408+0000] {dagbag.py:587} INFO - Filling up the DagBag from /home/airflow/.local/lib/python3.12/site-packages/airflow/example_dags/example_complex.py
[2024-08-30T02:44:56.421+0000] {processor.py:925} INFO - DAG(s) 'example_complex' retrieved from /home/airflow/.local/lib/python3.12/site-packages/airflow/example_dags/example_complex.py
[2024-08-30T02:44:56.453+0000] {logging_mixin.py:190} INFO - [2024-08-30T02:44:56.452+0000] {dag.py:3211} INFO - Sync 1 DAGs
[2024-08-30T02:44:56.466+0000] {logging_mixin.py:190} INFO - [2024-08-30T02:44:56.466+0000] {dag.py:4138} INFO - Setting next_dagrun for example_complex to None, run_after=None
[2024-08-30T02:44:56.487+0000] {processor.py:208} INFO - Processing /home/airflow/.local/lib/python3.12/site-packages/airflow/example_dags/example_complex.py took 0.089 seconds
[2024-08-30T02:45:26.858+0000] {processor.py:186} INFO - Started process (PID=780) to work on /home/airflow/.local/lib/python3.12/site-packages/airflow/example_dags/example_complex.py
[2024-08-30T02:45:26.859+0000] {processor.py:914} INFO - Processing file /home/airflow/.local/lib/python3.12/site-packages/airflow/example_dags/example_complex.py for tasks to queue
[2024-08-30T02:45:26.861+0000] {logging_mixin.py:190} INFO - [2024-08-30T02:45:26.861+0000] {dagbag.py:587} INFO - Filling up the DagBag from /home/airflow/.local/lib/python3.12/site-packages/airflow/example_dags/example_complex.py
[2024-08-30T02:45:26.871+0000] {processor.py:925} INFO - DAG(s) 'example_complex' retrieved from /home/airflow/.local/lib/python3.12/site-packages/airflow/example_dags/example_complex.py
[2024-08-30T02:45:26.900+0000] {logging_mixin.py:190} INFO - [2024-08-30T02:45:26.900+0000] {dag.py:3211} INFO - Sync 1 DAGs
[2024-08-30T02:45:26.913+0000] {logging_mixin.py:190} INFO - [2024-08-30T02:45:26.913+0000] {dag.py:4138} INFO - Setting next_dagrun for example_complex to None, run_after=None
[2024-08-30T02:45:26.931+0000] {processor.py:208} INFO - Processing /home/airflow/.local/lib/python3.12/site-packages/airflow/example_dags/example_complex.py took 0.078 seconds
[2024-08-30T02:45:56.990+0000] {processor.py:186} INFO - Started process (PID=1066) to work on /home/airflow/.local/lib/python3.12/site-packages/airflow/example_dags/example_complex.py
[2024-08-30T02:45:56.991+0000] {processor.py:914} INFO - Processing file /home/airflow/.local/lib/python3.12/site-packages/airflow/example_dags/example_complex.py for tasks to queue
[2024-08-30T02:45:56.993+0000] {logging_mixin.py:190} INFO - [2024-08-30T02:45:56.993+0000] {dagbag.py:587} INFO - Filling up the DagBag from /home/airflow/.local/lib/python3.12/site-packages/airflow/example_dags/example_complex.py
[2024-08-30T02:45:57.004+0000] {processor.py:925} INFO - DAG(s) 'example_complex' retrieved from /home/airflow/.local/lib/python3.12/site-packages/airflow/example_dags/example_complex.py
[2024-08-30T02:45:57.035+0000] {logging_mixin.py:190} INFO - [2024-08-30T02:45:57.035+0000] {dag.py:3211} INFO - Sync 1 DAGs
[2024-08-30T02:45:57.048+0000] {logging_mixin.py:190} INFO - [2024-08-30T02:45:57.048+0000] {dag.py:4138} INFO - Setting next_dagrun for example_complex to None, run_after=None
[2024-08-30T02:45:57.068+0000] {processor.py:208} INFO - Processing /home/airflow/.local/lib/python3.12/site-packages/airflow/example_dags/example_complex.py took 0.084 seconds
[2024-08-30T02:46:27.836+0000] {processor.py:186} INFO - Started process (PID=1352) to work on /home/airflow/.local/lib/python3.12/site-packages/airflow/example_dags/example_complex.py
[2024-08-30T02:46:27.837+0000] {processor.py:914} INFO - Processing file /home/airflow/.local/lib/python3.12/site-packages/airflow/example_dags/example_complex.py for tasks to queue
[2024-08-30T02:46:27.839+0000] {logging_mixin.py:190} INFO - [2024-08-30T02:46:27.839+0000] {dagbag.py:587} INFO - Filling up the DagBag from /home/airflow/.local/lib/python3.12/site-packages/airflow/example_dags/example_complex.py
[2024-08-30T02:46:27.849+0000] {processor.py:925} INFO - DAG(s) 'example_complex' retrieved from /home/airflow/.local/lib/python3.12/site-packages/airflow/example_dags/example_complex.py
[2024-08-30T02:46:27.879+0000] {logging_mixin.py:190} INFO - [2024-08-30T02:46:27.878+0000] {dag.py:3211} INFO - Sync 1 DAGs
[2024-08-30T02:46:27.893+0000] {logging_mixin.py:190} INFO - [2024-08-30T02:46:27.892+0000] {dag.py:4138} INFO - Setting next_dagrun for example_complex to None, run_after=None
[2024-08-30T02:46:27.912+0000] {processor.py:208} INFO - Processing /home/airflow/.local/lib/python3.12/site-packages/airflow/example_dags/example_complex.py took 0.081 seconds
[2024-08-30T02:46:58.316+0000] {processor.py:186} INFO - Started process (PID=1638) to work on /home/airflow/.local/lib/python3.12/site-packages/airflow/example_dags/example_complex.py
[2024-08-30T02:46:58.317+0000] {processor.py:914} INFO - Processing file /home/airflow/.local/lib/python3.12/site-packages/airflow/example_dags/example_complex.py for tasks to queue
[2024-08-30T02:46:58.320+0000] {logging_mixin.py:190} INFO - [2024-08-30T02:46:58.319+0000] {dagbag.py:587} INFO - Filling up the DagBag from /home/airflow/.local/lib/python3.12/site-packages/airflow/example_dags/example_complex.py
[2024-08-30T02:46:58.331+0000] {processor.py:925} INFO - DAG(s) 'example_complex' retrieved from /home/airflow/.local/lib/python3.12/site-packages/airflow/example_dags/example_complex.py
[2024-08-30T02:46:58.367+0000] {logging_mixin.py:190} INFO - [2024-08-30T02:46:58.366+0000] {dag.py:3211} INFO - Sync 1 DAGs
[2024-08-30T02:46:58.382+0000] {logging_mixin.py:190} INFO - [2024-08-30T02:46:58.381+0000] {dag.py:4138} INFO - Setting next_dagrun for example_complex to None, run_after=None
[2024-08-30T02:46:58.408+0000] {processor.py:208} INFO - Processing /home/airflow/.local/lib/python3.12/site-packages/airflow/example_dags/example_complex.py took 0.098 seconds
[2024-08-30T02:47:28.995+0000] {processor.py:186} INFO - Started process (PID=1924) to work on /home/airflow/.local/lib/python3.12/site-packages/airflow/example_dags/example_complex.py
[2024-08-30T02:47:28.996+0000] {processor.py:914} INFO - Processing file /home/airflow/.local/lib/python3.12/site-packages/airflow/example_dags/example_complex.py for tasks to queue
[2024-08-30T02:47:28.998+0000] {logging_mixin.py:190} INFO - [2024-08-30T02:47:28.997+0000] {dagbag.py:587} INFO - Filling up the DagBag from /home/airflow/.local/lib/python3.12/site-packages/airflow/example_dags/example_complex.py
[2024-08-30T02:47:29.010+0000] {processor.py:925} INFO - DAG(s) 'example_complex' retrieved from /home/airflow/.local/lib/python3.12/site-packages/airflow/example_dags/example_complex.py
[2024-08-30T02:47:29.042+0000] {logging_mixin.py:190} INFO - [2024-08-30T02:47:29.041+0000] {dag.py:3211} INFO - Sync 1 DAGs
[2024-08-30T02:47:29.055+0000] {logging_mixin.py:190} INFO - [2024-08-30T02:47:29.055+0000] {dag.py:4138} INFO - Setting next_dagrun for example_complex to None, run_after=None
[2024-08-30T02:47:29.075+0000] {processor.py:208} INFO - Processing /home/airflow/.local/lib/python3.12/site-packages/airflow/example_dags/example_complex.py took 0.085 seconds
[2024-08-30T02:48:00.056+0000] {processor.py:186} INFO - Started process (PID=2210) to work on /home/airflow/.local/lib/python3.12/site-packages/airflow/example_dags/example_complex.py
[2024-08-30T02:48:00.057+0000] {processor.py:914} INFO - Processing file /home/airflow/.local/lib/python3.12/site-packages/airflow/example_dags/example_complex.py for tasks to queue
[2024-08-30T02:48:00.059+0000] {logging_mixin.py:190} INFO - [2024-08-30T02:48:00.059+0000] {dagbag.py:587} INFO - Filling up the DagBag from /home/airflow/.local/lib/python3.12/site-packages/airflow/example_dags/example_complex.py
[2024-08-30T02:48:00.070+0000] {processor.py:925} INFO - DAG(s) 'example_complex' retrieved from /home/airflow/.local/lib/python3.12/site-packages/airflow/example_dags/example_complex.py
[2024-08-30T02:48:00.101+0000] {logging_mixin.py:190} INFO - [2024-08-30T02:48:00.101+0000] {dag.py:3211} INFO - Sync 1 DAGs
[2024-08-30T02:48:00.115+0000] {logging_mixin.py:190} INFO - [2024-08-30T02:48:00.115+0000] {dag.py:4138} INFO - Setting next_dagrun for example_complex to None, run_after=None
[2024-08-30T02:48:00.136+0000] {processor.py:208} INFO - Processing /home/airflow/.local/lib/python3.12/site-packages/airflow/example_dags/example_complex.py took 0.085 seconds
[2024-08-30T02:48:30.800+0000] {processor.py:186} INFO - Started process (PID=2496) to work on /home/airflow/.local/lib/python3.12/site-packages/airflow/example_dags/example_complex.py
[2024-08-30T02:48:30.801+0000] {processor.py:914} INFO - Processing file /home/airflow/.local/lib/python3.12/site-packages/airflow/example_dags/example_complex.py for tasks to queue
[2024-08-30T02:48:30.803+0000] {logging_mixin.py:190} INFO - [2024-08-30T02:48:30.803+0000] {dagbag.py:587} INFO - Filling up the DagBag from /home/airflow/.local/lib/python3.12/site-packages/airflow/example_dags/example_complex.py
[2024-08-30T02:48:30.812+0000] {processor.py:925} INFO - DAG(s) 'example_complex' retrieved from /home/airflow/.local/lib/python3.12/site-packages/airflow/example_dags/example_complex.py
[2024-08-30T02:48:30.843+0000] {logging_mixin.py:190} INFO - [2024-08-30T02:48:30.843+0000] {dag.py:3211} INFO - Sync 1 DAGs
[2024-08-30T02:48:30.857+0000] {logging_mixin.py:190} INFO - [2024-08-30T02:48:30.856+0000] {dag.py:4138} INFO - Setting next_dagrun for example_complex to None, run_after=None
[2024-08-30T02:48:30.879+0000] {processor.py:208} INFO - Processing /home/airflow/.local/lib/python3.12/site-packages/airflow/example_dags/example_complex.py took 0.084 seconds
[2024-08-30T02:49:01.908+0000] {processor.py:186} INFO - Started process (PID=2782) to work on /home/airflow/.local/lib/python3.12/site-packages/airflow/example_dags/example_complex.py
[2024-08-30T02:49:01.909+0000] {processor.py:914} INFO - Processing file /home/airflow/.local/lib/python3.12/site-packages/airflow/example_dags/example_complex.py for tasks to queue
[2024-08-30T02:49:01.912+0000] {logging_mixin.py:190} INFO - [2024-08-30T02:49:01.912+0000] {dagbag.py:587} INFO - Filling up the DagBag from /home/airflow/.local/lib/python3.12/site-packages/airflow/example_dags/example_complex.py
[2024-08-30T02:49:01.923+0000] {processor.py:925} INFO - DAG(s) 'example_complex' retrieved from /home/airflow/.local/lib/python3.12/site-packages/airflow/example_dags/example_complex.py
[2024-08-30T02:49:01.955+0000] {logging_mixin.py:190} INFO - [2024-08-30T02:49:01.955+0000] {dag.py:3211} INFO - Sync 1 DAGs
[2024-08-30T02:49:01.969+0000] {logging_mixin.py:190} INFO - [2024-08-30T02:49:01.969+0000] {dag.py:4138} INFO - Setting next_dagrun for example_complex to None, run_after=None
[2024-08-30T02:49:01.989+0000] {processor.py:208} INFO - Processing /home/airflow/.local/lib/python3.12/site-packages/airflow/example_dags/example_complex.py took 0.086 seconds
[2024-08-30T02:49:32.778+0000] {processor.py:186} INFO - Started process (PID=3068) to work on /home/airflow/.local/lib/python3.12/site-packages/airflow/example_dags/example_complex.py
[2024-08-30T02:49:32.779+0000] {processor.py:914} INFO - Processing file /home/airflow/.local/lib/python3.12/site-packages/airflow/example_dags/example_complex.py for tasks to queue
[2024-08-30T02:49:32.782+0000] {logging_mixin.py:190} INFO - [2024-08-30T02:49:32.781+0000] {dagbag.py:587} INFO - Filling up the DagBag from /home/airflow/.local/lib/python3.12/site-packages/airflow/example_dags/example_complex.py
[2024-08-30T02:49:32.792+0000] {processor.py:925} INFO - DAG(s) 'example_complex' retrieved from /home/airflow/.local/lib/python3.12/site-packages/airflow/example_dags/example_complex.py
[2024-08-30T02:49:32.826+0000] {logging_mixin.py:190} INFO - [2024-08-30T02:49:32.826+0000] {dag.py:3211} INFO - Sync 1 DAGs
[2024-08-30T02:49:32.842+0000] {logging_mixin.py:190} INFO - [2024-08-30T02:49:32.842+0000] {dag.py:4138} INFO - Setting next_dagrun for example_complex to None, run_after=None
[2024-08-30T02:49:32.864+0000] {processor.py:208} INFO - Processing /home/airflow/.local/lib/python3.12/site-packages/airflow/example_dags/example_complex.py took 0.090 seconds
[2024-08-30T02:50:03.460+0000] {processor.py:186} INFO - Started process (PID=3354) to work on /home/airflow/.local/lib/python3.12/site-packages/airflow/example_dags/example_complex.py
[2024-08-30T02:50:03.461+0000] {processor.py:914} INFO - Processing file /home/airflow/.local/lib/python3.12/site-packages/airflow/example_dags/example_complex.py for tasks to queue
[2024-08-30T02:50:03.463+0000] {logging_mixin.py:190} INFO - [2024-08-30T02:50:03.463+0000] {dagbag.py:587} INFO - Filling up the DagBag from /home/airflow/.local/lib/python3.12/site-packages/airflow/example_dags/example_complex.py
[2024-08-30T02:50:03.473+0000] {processor.py:925} INFO - DAG(s) 'example_complex' retrieved from /home/airflow/.local/lib/python3.12/site-packages/airflow/example_dags/example_complex.py
[2024-08-30T02:50:03.504+0000] {logging_mixin.py:190} INFO - [2024-08-30T02:50:03.503+0000] {dag.py:3211} INFO - Sync 1 DAGs
[2024-08-30T02:50:03.518+0000] {logging_mixin.py:190} INFO - [2024-08-30T02:50:03.517+0000] {dag.py:4138} INFO - Setting next_dagrun for example_complex to None, run_after=None
[2024-08-30T02:50:03.537+0000] {processor.py:208} INFO - Processing /home/airflow/.local/lib/python3.12/site-packages/airflow/example_dags/example_complex.py took 0.082 seconds
[2024-08-30T02:50:34.158+0000] {processor.py:186} INFO - Started process (PID=3640) to work on /home/airflow/.local/lib/python3.12/site-packages/airflow/example_dags/example_complex.py
[2024-08-30T02:50:34.159+0000] {processor.py:914} INFO - Processing file /home/airflow/.local/lib/python3.12/site-packages/airflow/example_dags/example_complex.py for tasks to queue
[2024-08-30T02:50:34.161+0000] {logging_mixin.py:190} INFO - [2024-08-30T02:50:34.161+0000] {dagbag.py:587} INFO - Filling up the DagBag from /home/airflow/.local/lib/python3.12/site-packages/airflow/example_dags/example_complex.py
[2024-08-30T02:50:34.172+0000] {processor.py:925} INFO - DAG(s) 'example_complex' retrieved from /home/airflow/.local/lib/python3.12/site-packages/airflow/example_dags/example_complex.py
[2024-08-30T02:50:34.205+0000] {logging_mixin.py:190} INFO - [2024-08-30T02:50:34.204+0000] {dag.py:3211} INFO - Sync 1 DAGs
[2024-08-30T02:50:34.220+0000] {logging_mixin.py:190} INFO - [2024-08-30T02:50:34.220+0000] {dag.py:4138} INFO - Setting next_dagrun for example_complex to None, run_after=None
[2024-08-30T02:50:34.243+0000] {processor.py:208} INFO - Processing /home/airflow/.local/lib/python3.12/site-packages/airflow/example_dags/example_complex.py took 0.090 seconds
[2024-08-30T02:51:04.813+0000] {processor.py:186} INFO - Started process (PID=3926) to work on /home/airflow/.local/lib/python3.12/site-packages/airflow/example_dags/example_complex.py
[2024-08-30T02:51:04.814+0000] {processor.py:914} INFO - Processing file /home/airflow/.local/lib/python3.12/site-packages/airflow/example_dags/example_complex.py for tasks to queue
[2024-08-30T02:51:04.816+0000] {logging_mixin.py:190} INFO - [2024-08-30T02:51:04.815+0000] {dagbag.py:587} INFO - Filling up the DagBag from /home/airflow/.local/lib/python3.12/site-packages/airflow/example_dags/example_complex.py
[2024-08-30T02:51:04.826+0000] {processor.py:925} INFO - DAG(s) 'example_complex' retrieved from /home/airflow/.local/lib/python3.12/site-packages/airflow/example_dags/example_complex.py
[2024-08-30T02:51:04.859+0000] {logging_mixin.py:190} INFO - [2024-08-30T02:51:04.859+0000] {dag.py:3211} INFO - Sync 1 DAGs
[2024-08-30T02:51:04.874+0000] {logging_mixin.py:190} INFO - [2024-08-30T02:51:04.873+0000] {dag.py:4138} INFO - Setting next_dagrun for example_complex to None, run_after=None
[2024-08-30T02:51:04.894+0000] {processor.py:208} INFO - Processing /home/airflow/.local/lib/python3.12/site-packages/airflow/example_dags/example_complex.py took 0.086 seconds
[2024-08-30T02:51:35.531+0000] {processor.py:186} INFO - Started process (PID=4212) to work on /home/airflow/.local/lib/python3.12/site-packages/airflow/example_dags/example_complex.py
[2024-08-30T02:51:35.532+0000] {processor.py:914} INFO - Processing file /home/airflow/.local/lib/python3.12/site-packages/airflow/example_dags/example_complex.py for tasks to queue
[2024-08-30T02:51:35.534+0000] {logging_mixin.py:190} INFO - [2024-08-30T02:51:35.534+0000] {dagbag.py:587} INFO - Filling up the DagBag from /home/airflow/.local/lib/python3.12/site-packages/airflow/example_dags/example_complex.py
[2024-08-30T02:51:35.545+0000] {processor.py:925} INFO - DAG(s) 'example_complex' retrieved from /home/airflow/.local/lib/python3.12/site-packages/airflow/example_dags/example_complex.py
[2024-08-30T02:51:35.576+0000] {logging_mixin.py:190} INFO - [2024-08-30T02:51:35.575+0000] {dag.py:3211} INFO - Sync 1 DAGs
[2024-08-30T02:51:35.589+0000] {logging_mixin.py:190} INFO - [2024-08-30T02:51:35.589+0000] {dag.py:4138} INFO - Setting next_dagrun for example_complex to None, run_after=None
[2024-08-30T02:51:35.610+0000] {processor.py:208} INFO - Processing /home/airflow/.local/lib/python3.12/site-packages/airflow/example_dags/example_complex.py took 0.085 seconds
[2024-08-30T02:52:06.049+0000] {processor.py:186} INFO - Started process (PID=4498) to work on /home/airflow/.local/lib/python3.12/site-packages/airflow/example_dags/example_complex.py
[2024-08-30T02:52:06.050+0000] {processor.py:914} INFO - Processing file /home/airflow/.local/lib/python3.12/site-packages/airflow/example_dags/example_complex.py for tasks to queue
[2024-08-30T02:52:06.052+0000] {logging_mixin.py:190} INFO - [2024-08-30T02:52:06.052+0000] {dagbag.py:587} INFO - Filling up the DagBag from /home/airflow/.local/lib/python3.12/site-packages/airflow/example_dags/example_complex.py
[2024-08-30T02:52:06.063+0000] {processor.py:925} INFO - DAG(s) 'example_complex' retrieved from /home/airflow/.local/lib/python3.12/site-packages/airflow/example_dags/example_complex.py
[2024-08-30T02:52:06.096+0000] {logging_mixin.py:190} INFO - [2024-08-30T02:52:06.095+0000] {dag.py:3211} INFO - Sync 1 DAGs
[2024-08-30T02:52:06.110+0000] {logging_mixin.py:190} INFO - [2024-08-30T02:52:06.110+0000] {dag.py:4138} INFO - Setting next_dagrun for example_complex to None, run_after=None
[2024-08-30T02:52:06.135+0000] {processor.py:208} INFO - Processing /home/airflow/.local/lib/python3.12/site-packages/airflow/example_dags/example_complex.py took 0.091 seconds
[2024-08-30T02:52:36.895+0000] {processor.py:186} INFO - Started process (PID=4784) to work on /home/airflow/.local/lib/python3.12/site-packages/airflow/example_dags/example_complex.py
[2024-08-30T02:52:36.896+0000] {processor.py:914} INFO - Processing file /home/airflow/.local/lib/python3.12/site-packages/airflow/example_dags/example_complex.py for tasks to queue
[2024-08-30T02:52:36.898+0000] {logging_mixin.py:190} INFO - [2024-08-30T02:52:36.898+0000] {dagbag.py:587} INFO - Filling up the DagBag from /home/airflow/.local/lib/python3.12/site-packages/airflow/example_dags/example_complex.py
[2024-08-30T02:52:36.909+0000] {processor.py:925} INFO - DAG(s) 'example_complex' retrieved from /home/airflow/.local/lib/python3.12/site-packages/airflow/example_dags/example_complex.py
[2024-08-30T02:52:36.942+0000] {logging_mixin.py:190} INFO - [2024-08-30T02:52:36.942+0000] {dag.py:3211} INFO - Sync 1 DAGs
[2024-08-30T02:52:36.956+0000] {logging_mixin.py:190} INFO - [2024-08-30T02:52:36.956+0000] {dag.py:4138} INFO - Setting next_dagrun for example_complex to None, run_after=None
[2024-08-30T02:52:36.978+0000] {processor.py:208} INFO - Processing /home/airflow/.local/lib/python3.12/site-packages/airflow/example_dags/example_complex.py took 0.088 seconds
[2024-08-30T02:53:07.785+0000] {processor.py:186} INFO - Started process (PID=5070) to work on /home/airflow/.local/lib/python3.12/site-packages/airflow/example_dags/example_complex.py
[2024-08-30T02:53:07.786+0000] {processor.py:914} INFO - Processing file /home/airflow/.local/lib/python3.12/site-packages/airflow/example_dags/example_complex.py for tasks to queue
[2024-08-30T02:53:07.788+0000] {logging_mixin.py:190} INFO - [2024-08-30T02:53:07.788+0000] {dagbag.py:587} INFO - Filling up the DagBag from /home/airflow/.local/lib/python3.12/site-packages/airflow/example_dags/example_complex.py
[2024-08-30T02:53:07.797+0000] {processor.py:925} INFO - DAG(s) 'example_complex' retrieved from /home/airflow/.local/lib/python3.12/site-packages/airflow/example_dags/example_complex.py
[2024-08-30T02:53:07.824+0000] {logging_mixin.py:190} INFO - [2024-08-30T02:53:07.824+0000] {dag.py:3211} INFO - Sync 1 DAGs
[2024-08-30T02:53:07.837+0000] {logging_mixin.py:190} INFO - [2024-08-30T02:53:07.837+0000] {dag.py:4138} INFO - Setting next_dagrun for example_complex to None, run_after=None
[2024-08-30T02:53:07.857+0000] {processor.py:208} INFO - Processing /home/airflow/.local/lib/python3.12/site-packages/airflow/example_dags/example_complex.py took 0.077 seconds
[2024-08-30T02:53:38.609+0000] {processor.py:186} INFO - Started process (PID=5356) to work on /home/airflow/.local/lib/python3.12/site-packages/airflow/example_dags/example_complex.py
[2024-08-30T02:53:38.610+0000] {processor.py:914} INFO - Processing file /home/airflow/.local/lib/python3.12/site-packages/airflow/example_dags/example_complex.py for tasks to queue
[2024-08-30T02:53:38.612+0000] {logging_mixin.py:190} INFO - [2024-08-30T02:53:38.612+0000] {dagbag.py:587} INFO - Filling up the DagBag from /home/airflow/.local/lib/python3.12/site-packages/airflow/example_dags/example_complex.py
[2024-08-30T02:53:38.622+0000] {processor.py:925} INFO - DAG(s) 'example_complex' retrieved from /home/airflow/.local/lib/python3.12/site-packages/airflow/example_dags/example_complex.py
[2024-08-30T02:53:38.652+0000] {logging_mixin.py:190} INFO - [2024-08-30T02:53:38.652+0000] {dag.py:3211} INFO - Sync 1 DAGs
[2024-08-30T02:53:38.666+0000] {logging_mixin.py:190} INFO - [2024-08-30T02:53:38.666+0000] {dag.py:4138} INFO - Setting next_dagrun for example_complex to None, run_after=None
[2024-08-30T02:53:38.690+0000] {processor.py:208} INFO - Processing /home/airflow/.local/lib/python3.12/site-packages/airflow/example_dags/example_complex.py took 0.086 seconds
[2024-08-30T02:54:09.421+0000] {processor.py:186} INFO - Started process (PID=5642) to work on /home/airflow/.local/lib/python3.12/site-packages/airflow/example_dags/example_complex.py
[2024-08-30T02:54:09.422+0000] {processor.py:914} INFO - Processing file /home/airflow/.local/lib/python3.12/site-packages/airflow/example_dags/example_complex.py for tasks to queue
[2024-08-30T02:54:09.424+0000] {logging_mixin.py:190} INFO - [2024-08-30T02:54:09.424+0000] {dagbag.py:587} INFO - Filling up the DagBag from /home/airflow/.local/lib/python3.12/site-packages/airflow/example_dags/example_complex.py
[2024-08-30T02:54:09.435+0000] {processor.py:925} INFO - DAG(s) 'example_complex' retrieved from /home/airflow/.local/lib/python3.12/site-packages/airflow/example_dags/example_complex.py
[2024-08-30T02:54:09.466+0000] {logging_mixin.py:190} INFO - [2024-08-30T02:54:09.465+0000] {dag.py:3211} INFO - Sync 1 DAGs
[2024-08-30T02:54:09.484+0000] {logging_mixin.py:190} INFO - [2024-08-30T02:54:09.484+0000] {dag.py:4138} INFO - Setting next_dagrun for example_complex to None, run_after=None
[2024-08-30T02:54:09.508+0000] {processor.py:208} INFO - Processing /home/airflow/.local/lib/python3.12/site-packages/airflow/example_dags/example_complex.py took 0.092 seconds
[2024-08-30T02:54:39.674+0000] {processor.py:186} INFO - Started process (PID=5928) to work on /home/airflow/.local/lib/python3.12/site-packages/airflow/example_dags/example_complex.py
[2024-08-30T02:54:39.675+0000] {processor.py:914} INFO - Processing file /home/airflow/.local/lib/python3.12/site-packages/airflow/example_dags/example_complex.py for tasks to queue
[2024-08-30T02:54:39.677+0000] {logging_mixin.py:190} INFO - [2024-08-30T02:54:39.677+0000] {dagbag.py:587} INFO - Filling up the DagBag from /home/airflow/.local/lib/python3.12/site-packages/airflow/example_dags/example_complex.py
[2024-08-30T02:54:39.688+0000] {processor.py:925} INFO - DAG(s) 'example_complex' retrieved from /home/airflow/.local/lib/python3.12/site-packages/airflow/example_dags/example_complex.py
[2024-08-30T02:54:39.721+0000] {logging_mixin.py:190} INFO - [2024-08-30T02:54:39.721+0000] {dag.py:3211} INFO - Sync 1 DAGs
[2024-08-30T02:54:39.735+0000] {logging_mixin.py:190} INFO - [2024-08-30T02:54:39.735+0000] {dag.py:4138} INFO - Setting next_dagrun for example_complex to None, run_after=None
[2024-08-30T02:54:39.754+0000] {processor.py:208} INFO - Processing /home/airflow/.local/lib/python3.12/site-packages/airflow/example_dags/example_complex.py took 0.086 seconds
[2024-08-30T02:55:10.743+0000] {processor.py:186} INFO - Started process (PID=6214) to work on /home/airflow/.local/lib/python3.12/site-packages/airflow/example_dags/example_complex.py
[2024-08-30T02:55:10.744+0000] {processor.py:914} INFO - Processing file /home/airflow/.local/lib/python3.12/site-packages/airflow/example_dags/example_complex.py for tasks to queue
[2024-08-30T02:55:10.746+0000] {logging_mixin.py:190} INFO - [2024-08-30T02:55:10.746+0000] {dagbag.py:587} INFO - Filling up the DagBag from /home/airflow/.local/lib/python3.12/site-packages/airflow/example_dags/example_complex.py
[2024-08-30T02:55:10.755+0000] {processor.py:925} INFO - DAG(s) 'example_complex' retrieved from /home/airflow/.local/lib/python3.12/site-packages/airflow/example_dags/example_complex.py
[2024-08-30T02:55:10.783+0000] {logging_mixin.py:190} INFO - [2024-08-30T02:55:10.783+0000] {dag.py:3211} INFO - Sync 1 DAGs
[2024-08-30T02:55:10.795+0000] {logging_mixin.py:190} INFO - [2024-08-30T02:55:10.795+0000] {dag.py:4138} INFO - Setting next_dagrun for example_complex to None, run_after=None
[2024-08-30T02:55:10.812+0000] {processor.py:208} INFO - Processing /home/airflow/.local/lib/python3.12/site-packages/airflow/example_dags/example_complex.py took 0.074 seconds
[2024-08-30T02:55:41.615+0000] {processor.py:186} INFO - Started process (PID=6500) to work on /home/airflow/.local/lib/python3.12/site-packages/airflow/example_dags/example_complex.py
[2024-08-30T02:55:41.616+0000] {processor.py:914} INFO - Processing file /home/airflow/.local/lib/python3.12/site-packages/airflow/example_dags/example_complex.py for tasks to queue
[2024-08-30T02:55:41.618+0000] {logging_mixin.py:190} INFO - [2024-08-30T02:55:41.618+0000] {dagbag.py:587} INFO - Filling up the DagBag from /home/airflow/.local/lib/python3.12/site-packages/airflow/example_dags/example_complex.py
[2024-08-30T02:55:41.631+0000] {processor.py:925} INFO - DAG(s) 'example_complex' retrieved from /home/airflow/.local/lib/python3.12/site-packages/airflow/example_dags/example_complex.py
[2024-08-30T02:55:41.663+0000] {logging_mixin.py:190} INFO - [2024-08-30T02:55:41.663+0000] {dag.py:3211} INFO - Sync 1 DAGs
[2024-08-30T02:55:41.678+0000] {logging_mixin.py:190} INFO - [2024-08-30T02:55:41.678+0000] {dag.py:4138} INFO - Setting next_dagrun for example_complex to None, run_after=None
[2024-08-30T02:55:41.700+0000] {processor.py:208} INFO - Processing /home/airflow/.local/lib/python3.12/site-packages/airflow/example_dags/example_complex.py took 0.091 seconds
[2024-08-30T02:56:11.899+0000] {processor.py:186} INFO - Started process (PID=6786) to work on /home/airflow/.local/lib/python3.12/site-packages/airflow/example_dags/example_complex.py
[2024-08-30T02:56:11.900+0000] {processor.py:914} INFO - Processing file /home/airflow/.local/lib/python3.12/site-packages/airflow/example_dags/example_complex.py for tasks to queue
[2024-08-30T02:56:11.903+0000] {logging_mixin.py:190} INFO - [2024-08-30T02:56:11.903+0000] {dagbag.py:587} INFO - Filling up the DagBag from /home/airflow/.local/lib/python3.12/site-packages/airflow/example_dags/example_complex.py
[2024-08-30T02:56:11.915+0000] {processor.py:925} INFO - DAG(s) 'example_complex' retrieved from /home/airflow/.local/lib/python3.12/site-packages/airflow/example_dags/example_complex.py
[2024-08-30T02:56:11.946+0000] {logging_mixin.py:190} INFO - [2024-08-30T02:56:11.946+0000] {dag.py:3211} INFO - Sync 1 DAGs
[2024-08-30T02:56:11.961+0000] {logging_mixin.py:190} INFO - [2024-08-30T02:56:11.961+0000] {dag.py:4138} INFO - Setting next_dagrun for example_complex to None, run_after=None
[2024-08-30T02:56:11.984+0000] {processor.py:208} INFO - Processing /home/airflow/.local/lib/python3.12/site-packages/airflow/example_dags/example_complex.py took 0.097 seconds
[2024-08-30T02:56:42.305+0000] {processor.py:186} INFO - Started process (PID=7072) to work on /home/airflow/.local/lib/python3.12/site-packages/airflow/example_dags/example_complex.py
[2024-08-30T02:56:42.306+0000] {processor.py:914} INFO - Processing file /home/airflow/.local/lib/python3.12/site-packages/airflow/example_dags/example_complex.py for tasks to queue
[2024-08-30T02:56:42.310+0000] {logging_mixin.py:190} INFO - [2024-08-30T02:56:42.310+0000] {dagbag.py:587} INFO - Filling up the DagBag from /home/airflow/.local/lib/python3.12/site-packages/airflow/example_dags/example_complex.py
[2024-08-30T02:56:42.324+0000] {processor.py:925} INFO - DAG(s) 'example_complex' retrieved from /home/airflow/.local/lib/python3.12/site-packages/airflow/example_dags/example_complex.py
[2024-08-30T02:56:42.355+0000] {logging_mixin.py:190} INFO - [2024-08-30T02:56:42.355+0000] {dag.py:3211} INFO - Sync 1 DAGs
[2024-08-30T02:56:42.369+0000] {logging_mixin.py:190} INFO - [2024-08-30T02:56:42.369+0000] {dag.py:4138} INFO - Setting next_dagrun for example_complex to None, run_after=None
[2024-08-30T02:56:42.388+0000] {processor.py:208} INFO - Processing /home/airflow/.local/lib/python3.12/site-packages/airflow/example_dags/example_complex.py took 0.091 seconds
[2024-08-30T02:57:12.665+0000] {processor.py:186} INFO - Started process (PID=7358) to work on /home/airflow/.local/lib/python3.12/site-packages/airflow/example_dags/example_complex.py
[2024-08-30T02:57:12.666+0000] {processor.py:914} INFO - Processing file /home/airflow/.local/lib/python3.12/site-packages/airflow/example_dags/example_complex.py for tasks to queue
[2024-08-30T02:57:12.668+0000] {logging_mixin.py:190} INFO - [2024-08-30T02:57:12.668+0000] {dagbag.py:587} INFO - Filling up the DagBag from /home/airflow/.local/lib/python3.12/site-packages/airflow/example_dags/example_complex.py
[2024-08-30T02:57:12.679+0000] {processor.py:925} INFO - DAG(s) 'example_complex' retrieved from /home/airflow/.local/lib/python3.12/site-packages/airflow/example_dags/example_complex.py
[2024-08-30T02:57:12.710+0000] {logging_mixin.py:190} INFO - [2024-08-30T02:57:12.710+0000] {dag.py:3211} INFO - Sync 1 DAGs
[2024-08-30T02:57:12.724+0000] {logging_mixin.py:190} INFO - [2024-08-30T02:57:12.724+0000] {dag.py:4138} INFO - Setting next_dagrun for example_complex to None, run_after=None
[2024-08-30T02:57:12.744+0000] {processor.py:208} INFO - Processing /home/airflow/.local/lib/python3.12/site-packages/airflow/example_dags/example_complex.py took 0.084 seconds
