[2024-08-30T02:44:27.404+0000] {processor.py:186} INFO - Started process (PID=277) to work on /home/airflow/.local/lib/python3.12/site-packages/airflow/example_dags/example_xcomargs.py
[2024-08-30T02:44:27.405+0000] {processor.py:914} INFO - Processing file /home/airflow/.local/lib/python3.12/site-packages/airflow/example_dags/example_xcomargs.py for tasks to queue
[2024-08-30T02:44:27.410+0000] {logging_mixin.py:190} INFO - [2024-08-30T02:44:27.409+0000] {dagbag.py:587} INFO - Filling up the DagBag from /home/airflow/.local/lib/python3.12/site-packages/airflow/example_dags/example_xcomargs.py
[2024-08-30T02:44:27.421+0000] {processor.py:925} INFO - DAG(s) 'example_xcom_args_with_operators', 'example_xcom_args' retrieved from /home/airflow/.local/lib/python3.12/site-packages/airflow/example_dags/example_xcomargs.py
[2024-08-30T02:44:27.448+0000] {logging_mixin.py:190} INFO - [2024-08-30T02:44:27.447+0000] {dag.py:3211} INFO - Sync 2 DAGs
[2024-08-30T02:44:27.462+0000] {logging_mixin.py:190} INFO - [2024-08-30T02:44:27.462+0000] {dag.py:4138} INFO - Setting next_dagrun for example_xcom_args to None, run_after=None
[2024-08-30T02:44:27.467+0000] {logging_mixin.py:190} INFO - [2024-08-30T02:44:27.466+0000] {dag.py:4138} INFO - Setting next_dagrun for example_xcom_args_with_operators to None, run_after=None
[2024-08-30T02:44:27.486+0000] {processor.py:208} INFO - Processing /home/airflow/.local/lib/python3.12/site-packages/airflow/example_dags/example_xcomargs.py took 0.087 seconds
[2024-08-30T02:44:57.529+0000] {processor.py:186} INFO - Started process (PID=569) to work on /home/airflow/.local/lib/python3.12/site-packages/airflow/example_dags/example_xcomargs.py
[2024-08-30T02:44:57.530+0000] {processor.py:914} INFO - Processing file /home/airflow/.local/lib/python3.12/site-packages/airflow/example_dags/example_xcomargs.py for tasks to queue
[2024-08-30T02:44:57.532+0000] {logging_mixin.py:190} INFO - [2024-08-30T02:44:57.532+0000] {dagbag.py:587} INFO - Filling up the DagBag from /home/airflow/.local/lib/python3.12/site-packages/airflow/example_dags/example_xcomargs.py
[2024-08-30T02:44:57.541+0000] {processor.py:925} INFO - DAG(s) 'example_xcom_args', 'example_xcom_args_with_operators' retrieved from /home/airflow/.local/lib/python3.12/site-packages/airflow/example_dags/example_xcomargs.py
[2024-08-30T02:44:57.562+0000] {logging_mixin.py:190} INFO - [2024-08-30T02:44:57.562+0000] {dag.py:3211} INFO - Sync 2 DAGs
[2024-08-30T02:44:57.576+0000] {logging_mixin.py:190} INFO - [2024-08-30T02:44:57.576+0000] {dag.py:4138} INFO - Setting next_dagrun for example_xcom_args to None, run_after=None
[2024-08-30T02:44:57.580+0000] {logging_mixin.py:190} INFO - [2024-08-30T02:44:57.580+0000] {dag.py:4138} INFO - Setting next_dagrun for example_xcom_args_with_operators to None, run_after=None
[2024-08-30T02:44:57.597+0000] {processor.py:208} INFO - Processing /home/airflow/.local/lib/python3.12/site-packages/airflow/example_dags/example_xcomargs.py took 0.073 seconds
[2024-08-30T02:45:27.989+0000] {processor.py:186} INFO - Started process (PID=855) to work on /home/airflow/.local/lib/python3.12/site-packages/airflow/example_dags/example_xcomargs.py
[2024-08-30T02:45:27.990+0000] {processor.py:914} INFO - Processing file /home/airflow/.local/lib/python3.12/site-packages/airflow/example_dags/example_xcomargs.py for tasks to queue
[2024-08-30T02:45:27.992+0000] {logging_mixin.py:190} INFO - [2024-08-30T02:45:27.991+0000] {dagbag.py:587} INFO - Filling up the DagBag from /home/airflow/.local/lib/python3.12/site-packages/airflow/example_dags/example_xcomargs.py
[2024-08-30T02:45:28.000+0000] {processor.py:925} INFO - DAG(s) 'example_xcom_args', 'example_xcom_args_with_operators' retrieved from /home/airflow/.local/lib/python3.12/site-packages/airflow/example_dags/example_xcomargs.py
[2024-08-30T02:45:28.023+0000] {logging_mixin.py:190} INFO - [2024-08-30T02:45:28.022+0000] {dag.py:3211} INFO - Sync 2 DAGs
[2024-08-30T02:45:28.035+0000] {logging_mixin.py:190} INFO - [2024-08-30T02:45:28.035+0000] {dag.py:4138} INFO - Setting next_dagrun for example_xcom_args to None, run_after=None
[2024-08-30T02:45:28.039+0000] {logging_mixin.py:190} INFO - [2024-08-30T02:45:28.039+0000] {dag.py:4138} INFO - Setting next_dagrun for example_xcom_args_with_operators to None, run_after=None
[2024-08-30T02:45:28.056+0000] {processor.py:208} INFO - Processing /home/airflow/.local/lib/python3.12/site-packages/airflow/example_dags/example_xcomargs.py took 0.073 seconds
[2024-08-30T02:45:58.175+0000] {processor.py:186} INFO - Started process (PID=1141) to work on /home/airflow/.local/lib/python3.12/site-packages/airflow/example_dags/example_xcomargs.py
[2024-08-30T02:45:58.176+0000] {processor.py:914} INFO - Processing file /home/airflow/.local/lib/python3.12/site-packages/airflow/example_dags/example_xcomargs.py for tasks to queue
[2024-08-30T02:45:58.178+0000] {logging_mixin.py:190} INFO - [2024-08-30T02:45:58.178+0000] {dagbag.py:587} INFO - Filling up the DagBag from /home/airflow/.local/lib/python3.12/site-packages/airflow/example_dags/example_xcomargs.py
[2024-08-30T02:45:58.185+0000] {processor.py:925} INFO - DAG(s) 'example_xcom_args_with_operators', 'example_xcom_args' retrieved from /home/airflow/.local/lib/python3.12/site-packages/airflow/example_dags/example_xcomargs.py
[2024-08-30T02:45:58.204+0000] {logging_mixin.py:190} INFO - [2024-08-30T02:45:58.204+0000] {dag.py:3211} INFO - Sync 2 DAGs
[2024-08-30T02:45:58.217+0000] {logging_mixin.py:190} INFO - [2024-08-30T02:45:58.217+0000] {dag.py:4138} INFO - Setting next_dagrun for example_xcom_args to None, run_after=None
[2024-08-30T02:45:58.221+0000] {logging_mixin.py:190} INFO - [2024-08-30T02:45:58.220+0000] {dag.py:4138} INFO - Setting next_dagrun for example_xcom_args_with_operators to None, run_after=None
[2024-08-30T02:45:58.234+0000] {processor.py:208} INFO - Processing /home/airflow/.local/lib/python3.12/site-packages/airflow/example_dags/example_xcomargs.py took 0.063 seconds
[2024-08-30T02:46:28.698+0000] {processor.py:186} INFO - Started process (PID=1427) to work on /home/airflow/.local/lib/python3.12/site-packages/airflow/example_dags/example_xcomargs.py
[2024-08-30T02:46:28.699+0000] {processor.py:914} INFO - Processing file /home/airflow/.local/lib/python3.12/site-packages/airflow/example_dags/example_xcomargs.py for tasks to queue
[2024-08-30T02:46:28.701+0000] {logging_mixin.py:190} INFO - [2024-08-30T02:46:28.701+0000] {dagbag.py:587} INFO - Filling up the DagBag from /home/airflow/.local/lib/python3.12/site-packages/airflow/example_dags/example_xcomargs.py
[2024-08-30T02:46:28.708+0000] {processor.py:925} INFO - DAG(s) 'example_xcom_args_with_operators', 'example_xcom_args' retrieved from /home/airflow/.local/lib/python3.12/site-packages/airflow/example_dags/example_xcomargs.py
[2024-08-30T02:46:28.728+0000] {logging_mixin.py:190} INFO - [2024-08-30T02:46:28.727+0000] {dag.py:3211} INFO - Sync 2 DAGs
[2024-08-30T02:46:28.740+0000] {logging_mixin.py:190} INFO - [2024-08-30T02:46:28.740+0000] {dag.py:4138} INFO - Setting next_dagrun for example_xcom_args to None, run_after=None
[2024-08-30T02:46:28.744+0000] {logging_mixin.py:190} INFO - [2024-08-30T02:46:28.744+0000] {dag.py:4138} INFO - Setting next_dagrun for example_xcom_args_with_operators to None, run_after=None
[2024-08-30T02:46:28.761+0000] {processor.py:208} INFO - Processing /home/airflow/.local/lib/python3.12/site-packages/airflow/example_dags/example_xcomargs.py took 0.068 seconds
[2024-08-30T02:46:59.252+0000] {processor.py:186} INFO - Started process (PID=1711) to work on /home/airflow/.local/lib/python3.12/site-packages/airflow/example_dags/example_xcomargs.py
[2024-08-30T02:46:59.253+0000] {processor.py:914} INFO - Processing file /home/airflow/.local/lib/python3.12/site-packages/airflow/example_dags/example_xcomargs.py for tasks to queue
[2024-08-30T02:46:59.256+0000] {logging_mixin.py:190} INFO - [2024-08-30T02:46:59.255+0000] {dagbag.py:587} INFO - Filling up the DagBag from /home/airflow/.local/lib/python3.12/site-packages/airflow/example_dags/example_xcomargs.py
[2024-08-30T02:46:59.264+0000] {processor.py:925} INFO - DAG(s) 'example_xcom_args', 'example_xcom_args_with_operators' retrieved from /home/airflow/.local/lib/python3.12/site-packages/airflow/example_dags/example_xcomargs.py
[2024-08-30T02:46:59.288+0000] {logging_mixin.py:190} INFO - [2024-08-30T02:46:59.288+0000] {dag.py:3211} INFO - Sync 2 DAGs
[2024-08-30T02:46:59.303+0000] {logging_mixin.py:190} INFO - [2024-08-30T02:46:59.303+0000] {dag.py:4138} INFO - Setting next_dagrun for example_xcom_args to None, run_after=None
[2024-08-30T02:46:59.306+0000] {logging_mixin.py:190} INFO - [2024-08-30T02:46:59.306+0000] {dag.py:4138} INFO - Setting next_dagrun for example_xcom_args_with_operators to None, run_after=None
[2024-08-30T02:46:59.327+0000] {processor.py:208} INFO - Processing /home/airflow/.local/lib/python3.12/site-packages/airflow/example_dags/example_xcomargs.py took 0.081 seconds
[2024-08-30T02:47:30.244+0000] {processor.py:186} INFO - Started process (PID=1997) to work on /home/airflow/.local/lib/python3.12/site-packages/airflow/example_dags/example_xcomargs.py
[2024-08-30T02:47:30.245+0000] {processor.py:914} INFO - Processing file /home/airflow/.local/lib/python3.12/site-packages/airflow/example_dags/example_xcomargs.py for tasks to queue
[2024-08-30T02:47:30.247+0000] {logging_mixin.py:190} INFO - [2024-08-30T02:47:30.247+0000] {dagbag.py:587} INFO - Filling up the DagBag from /home/airflow/.local/lib/python3.12/site-packages/airflow/example_dags/example_xcomargs.py
[2024-08-30T02:47:30.256+0000] {processor.py:925} INFO - DAG(s) 'example_xcom_args', 'example_xcom_args_with_operators' retrieved from /home/airflow/.local/lib/python3.12/site-packages/airflow/example_dags/example_xcomargs.py
[2024-08-30T02:47:30.281+0000] {logging_mixin.py:190} INFO - [2024-08-30T02:47:30.280+0000] {dag.py:3211} INFO - Sync 2 DAGs
[2024-08-30T02:47:30.296+0000] {logging_mixin.py:190} INFO - [2024-08-30T02:47:30.295+0000] {dag.py:4138} INFO - Setting next_dagrun for example_xcom_args to None, run_after=None
[2024-08-30T02:47:30.300+0000] {logging_mixin.py:190} INFO - [2024-08-30T02:47:30.299+0000] {dag.py:4138} INFO - Setting next_dagrun for example_xcom_args_with_operators to None, run_after=None
[2024-08-30T02:47:30.318+0000] {processor.py:208} INFO - Processing /home/airflow/.local/lib/python3.12/site-packages/airflow/example_dags/example_xcomargs.py took 0.079 seconds
[2024-08-30T02:48:01.095+0000] {processor.py:186} INFO - Started process (PID=2283) to work on /home/airflow/.local/lib/python3.12/site-packages/airflow/example_dags/example_xcomargs.py
[2024-08-30T02:48:01.096+0000] {processor.py:914} INFO - Processing file /home/airflow/.local/lib/python3.12/site-packages/airflow/example_dags/example_xcomargs.py for tasks to queue
[2024-08-30T02:48:01.097+0000] {logging_mixin.py:190} INFO - [2024-08-30T02:48:01.097+0000] {dagbag.py:587} INFO - Filling up the DagBag from /home/airflow/.local/lib/python3.12/site-packages/airflow/example_dags/example_xcomargs.py
[2024-08-30T02:48:01.106+0000] {processor.py:925} INFO - DAG(s) 'example_xcom_args', 'example_xcom_args_with_operators' retrieved from /home/airflow/.local/lib/python3.12/site-packages/airflow/example_dags/example_xcomargs.py
[2024-08-30T02:48:01.128+0000] {logging_mixin.py:190} INFO - [2024-08-30T02:48:01.127+0000] {dag.py:3211} INFO - Sync 2 DAGs
[2024-08-30T02:48:01.142+0000] {logging_mixin.py:190} INFO - [2024-08-30T02:48:01.142+0000] {dag.py:4138} INFO - Setting next_dagrun for example_xcom_args to None, run_after=None
[2024-08-30T02:48:01.146+0000] {logging_mixin.py:190} INFO - [2024-08-30T02:48:01.146+0000] {dag.py:4138} INFO - Setting next_dagrun for example_xcom_args_with_operators to None, run_after=None
[2024-08-30T02:48:01.164+0000] {processor.py:208} INFO - Processing /home/airflow/.local/lib/python3.12/site-packages/airflow/example_dags/example_xcomargs.py took 0.074 seconds
[2024-08-30T02:48:31.993+0000] {processor.py:186} INFO - Started process (PID=2571) to work on /home/airflow/.local/lib/python3.12/site-packages/airflow/example_dags/example_xcomargs.py
[2024-08-30T02:48:31.994+0000] {processor.py:914} INFO - Processing file /home/airflow/.local/lib/python3.12/site-packages/airflow/example_dags/example_xcomargs.py for tasks to queue
[2024-08-30T02:48:31.995+0000] {logging_mixin.py:190} INFO - [2024-08-30T02:48:31.995+0000] {dagbag.py:587} INFO - Filling up the DagBag from /home/airflow/.local/lib/python3.12/site-packages/airflow/example_dags/example_xcomargs.py
[2024-08-30T02:48:32.004+0000] {processor.py:925} INFO - DAG(s) 'example_xcom_args', 'example_xcom_args_with_operators' retrieved from /home/airflow/.local/lib/python3.12/site-packages/airflow/example_dags/example_xcomargs.py
[2024-08-30T02:48:32.027+0000] {logging_mixin.py:190} INFO - [2024-08-30T02:48:32.026+0000] {dag.py:3211} INFO - Sync 2 DAGs
[2024-08-30T02:48:32.040+0000] {logging_mixin.py:190} INFO - [2024-08-30T02:48:32.040+0000] {dag.py:4138} INFO - Setting next_dagrun for example_xcom_args to None, run_after=None
[2024-08-30T02:48:32.043+0000] {logging_mixin.py:190} INFO - [2024-08-30T02:48:32.043+0000] {dag.py:4138} INFO - Setting next_dagrun for example_xcom_args_with_operators to None, run_after=None
[2024-08-30T02:48:32.059+0000] {processor.py:208} INFO - Processing /home/airflow/.local/lib/python3.12/site-packages/airflow/example_dags/example_xcomargs.py took 0.072 seconds
[2024-08-30T02:49:02.849+0000] {processor.py:186} INFO - Started process (PID=2855) to work on /home/airflow/.local/lib/python3.12/site-packages/airflow/example_dags/example_xcomargs.py
[2024-08-30T02:49:02.850+0000] {processor.py:914} INFO - Processing file /home/airflow/.local/lib/python3.12/site-packages/airflow/example_dags/example_xcomargs.py for tasks to queue
[2024-08-30T02:49:02.853+0000] {logging_mixin.py:190} INFO - [2024-08-30T02:49:02.853+0000] {dagbag.py:587} INFO - Filling up the DagBag from /home/airflow/.local/lib/python3.12/site-packages/airflow/example_dags/example_xcomargs.py
[2024-08-30T02:49:02.862+0000] {processor.py:925} INFO - DAG(s) 'example_xcom_args', 'example_xcom_args_with_operators' retrieved from /home/airflow/.local/lib/python3.12/site-packages/airflow/example_dags/example_xcomargs.py
[2024-08-30T02:49:02.888+0000] {logging_mixin.py:190} INFO - [2024-08-30T02:49:02.887+0000] {dag.py:3211} INFO - Sync 2 DAGs
[2024-08-30T02:49:02.903+0000] {logging_mixin.py:190} INFO - [2024-08-30T02:49:02.903+0000] {dag.py:4138} INFO - Setting next_dagrun for example_xcom_args to None, run_after=None
[2024-08-30T02:49:02.907+0000] {logging_mixin.py:190} INFO - [2024-08-30T02:49:02.907+0000] {dag.py:4138} INFO - Setting next_dagrun for example_xcom_args_with_operators to None, run_after=None
[2024-08-30T02:49:02.924+0000] {processor.py:208} INFO - Processing /home/airflow/.local/lib/python3.12/site-packages/airflow/example_dags/example_xcomargs.py took 0.081 seconds
[2024-08-30T02:49:33.897+0000] {processor.py:186} INFO - Started process (PID=3143) to work on /home/airflow/.local/lib/python3.12/site-packages/airflow/example_dags/example_xcomargs.py
[2024-08-30T02:49:33.898+0000] {processor.py:914} INFO - Processing file /home/airflow/.local/lib/python3.12/site-packages/airflow/example_dags/example_xcomargs.py for tasks to queue
[2024-08-30T02:49:33.900+0000] {logging_mixin.py:190} INFO - [2024-08-30T02:49:33.900+0000] {dagbag.py:587} INFO - Filling up the DagBag from /home/airflow/.local/lib/python3.12/site-packages/airflow/example_dags/example_xcomargs.py
[2024-08-30T02:49:33.908+0000] {processor.py:925} INFO - DAG(s) 'example_xcom_args_with_operators', 'example_xcom_args' retrieved from /home/airflow/.local/lib/python3.12/site-packages/airflow/example_dags/example_xcomargs.py
[2024-08-30T02:49:33.928+0000] {logging_mixin.py:190} INFO - [2024-08-30T02:49:33.928+0000] {dag.py:3211} INFO - Sync 2 DAGs
[2024-08-30T02:49:33.940+0000] {logging_mixin.py:190} INFO - [2024-08-30T02:49:33.940+0000] {dag.py:4138} INFO - Setting next_dagrun for example_xcom_args to None, run_after=None
[2024-08-30T02:49:33.944+0000] {logging_mixin.py:190} INFO - [2024-08-30T02:49:33.944+0000] {dag.py:4138} INFO - Setting next_dagrun for example_xcom_args_with_operators to None, run_after=None
[2024-08-30T02:49:33.961+0000] {processor.py:208} INFO - Processing /home/airflow/.local/lib/python3.12/site-packages/airflow/example_dags/example_xcomargs.py took 0.068 seconds
[2024-08-30T02:50:04.387+0000] {processor.py:186} INFO - Started process (PID=3427) to work on /home/airflow/.local/lib/python3.12/site-packages/airflow/example_dags/example_xcomargs.py
[2024-08-30T02:50:04.388+0000] {processor.py:914} INFO - Processing file /home/airflow/.local/lib/python3.12/site-packages/airflow/example_dags/example_xcomargs.py for tasks to queue
[2024-08-30T02:50:04.391+0000] {logging_mixin.py:190} INFO - [2024-08-30T02:50:04.390+0000] {dagbag.py:587} INFO - Filling up the DagBag from /home/airflow/.local/lib/python3.12/site-packages/airflow/example_dags/example_xcomargs.py
[2024-08-30T02:50:04.400+0000] {processor.py:925} INFO - DAG(s) 'example_xcom_args_with_operators', 'example_xcom_args' retrieved from /home/airflow/.local/lib/python3.12/site-packages/airflow/example_dags/example_xcomargs.py
[2024-08-30T02:50:04.423+0000] {logging_mixin.py:190} INFO - [2024-08-30T02:50:04.422+0000] {dag.py:3211} INFO - Sync 2 DAGs
[2024-08-30T02:50:04.439+0000] {logging_mixin.py:190} INFO - [2024-08-30T02:50:04.439+0000] {dag.py:4138} INFO - Setting next_dagrun for example_xcom_args to None, run_after=None
[2024-08-30T02:50:04.445+0000] {logging_mixin.py:190} INFO - [2024-08-30T02:50:04.444+0000] {dag.py:4138} INFO - Setting next_dagrun for example_xcom_args_with_operators to None, run_after=None
[2024-08-30T02:50:04.470+0000] {processor.py:208} INFO - Processing /home/airflow/.local/lib/python3.12/site-packages/airflow/example_dags/example_xcomargs.py took 0.088 seconds
[2024-08-30T02:50:35.196+0000] {processor.py:186} INFO - Started process (PID=3715) to work on /home/airflow/.local/lib/python3.12/site-packages/airflow/example_dags/example_xcomargs.py
[2024-08-30T02:50:35.197+0000] {processor.py:914} INFO - Processing file /home/airflow/.local/lib/python3.12/site-packages/airflow/example_dags/example_xcomargs.py for tasks to queue
[2024-08-30T02:50:35.199+0000] {logging_mixin.py:190} INFO - [2024-08-30T02:50:35.198+0000] {dagbag.py:587} INFO - Filling up the DagBag from /home/airflow/.local/lib/python3.12/site-packages/airflow/example_dags/example_xcomargs.py
[2024-08-30T02:50:35.207+0000] {processor.py:925} INFO - DAG(s) 'example_xcom_args_with_operators', 'example_xcom_args' retrieved from /home/airflow/.local/lib/python3.12/site-packages/airflow/example_dags/example_xcomargs.py
[2024-08-30T02:50:35.228+0000] {logging_mixin.py:190} INFO - [2024-08-30T02:50:35.228+0000] {dag.py:3211} INFO - Sync 2 DAGs
[2024-08-30T02:50:35.243+0000] {logging_mixin.py:190} INFO - [2024-08-30T02:50:35.243+0000] {dag.py:4138} INFO - Setting next_dagrun for example_xcom_args to None, run_after=None
[2024-08-30T02:50:35.247+0000] {logging_mixin.py:190} INFO - [2024-08-30T02:50:35.247+0000] {dag.py:4138} INFO - Setting next_dagrun for example_xcom_args_with_operators to None, run_after=None
[2024-08-30T02:50:35.263+0000] {processor.py:208} INFO - Processing /home/airflow/.local/lib/python3.12/site-packages/airflow/example_dags/example_xcomargs.py took 0.072 seconds
[2024-08-30T02:51:05.779+0000] {processor.py:186} INFO - Started process (PID=3999) to work on /home/airflow/.local/lib/python3.12/site-packages/airflow/example_dags/example_xcomargs.py
[2024-08-30T02:51:05.780+0000] {processor.py:914} INFO - Processing file /home/airflow/.local/lib/python3.12/site-packages/airflow/example_dags/example_xcomargs.py for tasks to queue
[2024-08-30T02:51:05.782+0000] {logging_mixin.py:190} INFO - [2024-08-30T02:51:05.782+0000] {dagbag.py:587} INFO - Filling up the DagBag from /home/airflow/.local/lib/python3.12/site-packages/airflow/example_dags/example_xcomargs.py
[2024-08-30T02:51:05.791+0000] {processor.py:925} INFO - DAG(s) 'example_xcom_args_with_operators', 'example_xcom_args' retrieved from /home/airflow/.local/lib/python3.12/site-packages/airflow/example_dags/example_xcomargs.py
[2024-08-30T02:51:05.812+0000] {logging_mixin.py:190} INFO - [2024-08-30T02:51:05.812+0000] {dag.py:3211} INFO - Sync 2 DAGs
[2024-08-30T02:51:05.827+0000] {logging_mixin.py:190} INFO - [2024-08-30T02:51:05.827+0000] {dag.py:4138} INFO - Setting next_dagrun for example_xcom_args to None, run_after=None
[2024-08-30T02:51:05.830+0000] {logging_mixin.py:190} INFO - [2024-08-30T02:51:05.830+0000] {dag.py:4138} INFO - Setting next_dagrun for example_xcom_args_with_operators to None, run_after=None
[2024-08-30T02:51:05.845+0000] {processor.py:208} INFO - Processing /home/airflow/.local/lib/python3.12/site-packages/airflow/example_dags/example_xcomargs.py took 0.071 seconds
[2024-08-30T02:51:36.428+0000] {processor.py:186} INFO - Started process (PID=4285) to work on /home/airflow/.local/lib/python3.12/site-packages/airflow/example_dags/example_xcomargs.py
[2024-08-30T02:51:36.429+0000] {processor.py:914} INFO - Processing file /home/airflow/.local/lib/python3.12/site-packages/airflow/example_dags/example_xcomargs.py for tasks to queue
[2024-08-30T02:51:36.431+0000] {logging_mixin.py:190} INFO - [2024-08-30T02:51:36.431+0000] {dagbag.py:587} INFO - Filling up the DagBag from /home/airflow/.local/lib/python3.12/site-packages/airflow/example_dags/example_xcomargs.py
[2024-08-30T02:51:36.440+0000] {processor.py:925} INFO - DAG(s) 'example_xcom_args', 'example_xcom_args_with_operators' retrieved from /home/airflow/.local/lib/python3.12/site-packages/airflow/example_dags/example_xcomargs.py
[2024-08-30T02:51:36.463+0000] {logging_mixin.py:190} INFO - [2024-08-30T02:51:36.462+0000] {dag.py:3211} INFO - Sync 2 DAGs
[2024-08-30T02:51:36.477+0000] {logging_mixin.py:190} INFO - [2024-08-30T02:51:36.477+0000] {dag.py:4138} INFO - Setting next_dagrun for example_xcom_args to None, run_after=None
[2024-08-30T02:51:36.481+0000] {logging_mixin.py:190} INFO - [2024-08-30T02:51:36.480+0000] {dag.py:4138} INFO - Setting next_dagrun for example_xcom_args_with_operators to None, run_after=None
[2024-08-30T02:51:36.499+0000] {processor.py:208} INFO - Processing /home/airflow/.local/lib/python3.12/site-packages/airflow/example_dags/example_xcomargs.py took 0.075 seconds
[2024-08-30T02:52:07.271+0000] {processor.py:186} INFO - Started process (PID=4573) to work on /home/airflow/.local/lib/python3.12/site-packages/airflow/example_dags/example_xcomargs.py
[2024-08-30T02:52:07.272+0000] {processor.py:914} INFO - Processing file /home/airflow/.local/lib/python3.12/site-packages/airflow/example_dags/example_xcomargs.py for tasks to queue
[2024-08-30T02:52:07.274+0000] {logging_mixin.py:190} INFO - [2024-08-30T02:52:07.274+0000] {dagbag.py:587} INFO - Filling up the DagBag from /home/airflow/.local/lib/python3.12/site-packages/airflow/example_dags/example_xcomargs.py
[2024-08-30T02:52:07.282+0000] {processor.py:925} INFO - DAG(s) 'example_xcom_args', 'example_xcom_args_with_operators' retrieved from /home/airflow/.local/lib/python3.12/site-packages/airflow/example_dags/example_xcomargs.py
[2024-08-30T02:52:07.305+0000] {logging_mixin.py:190} INFO - [2024-08-30T02:52:07.305+0000] {dag.py:3211} INFO - Sync 2 DAGs
[2024-08-30T02:52:07.319+0000] {logging_mixin.py:190} INFO - [2024-08-30T02:52:07.319+0000] {dag.py:4138} INFO - Setting next_dagrun for example_xcom_args to None, run_after=None
[2024-08-30T02:52:07.323+0000] {logging_mixin.py:190} INFO - [2024-08-30T02:52:07.323+0000] {dag.py:4138} INFO - Setting next_dagrun for example_xcom_args_with_operators to None, run_after=None
[2024-08-30T02:52:07.341+0000] {processor.py:208} INFO - Processing /home/airflow/.local/lib/python3.12/site-packages/airflow/example_dags/example_xcomargs.py took 0.075 seconds
[2024-08-30T02:52:38.054+0000] {processor.py:186} INFO - Started process (PID=4859) to work on /home/airflow/.local/lib/python3.12/site-packages/airflow/example_dags/example_xcomargs.py
[2024-08-30T02:52:38.055+0000] {processor.py:914} INFO - Processing file /home/airflow/.local/lib/python3.12/site-packages/airflow/example_dags/example_xcomargs.py for tasks to queue
[2024-08-30T02:52:38.057+0000] {logging_mixin.py:190} INFO - [2024-08-30T02:52:38.057+0000] {dagbag.py:587} INFO - Filling up the DagBag from /home/airflow/.local/lib/python3.12/site-packages/airflow/example_dags/example_xcomargs.py
[2024-08-30T02:52:38.066+0000] {processor.py:925} INFO - DAG(s) 'example_xcom_args_with_operators', 'example_xcom_args' retrieved from /home/airflow/.local/lib/python3.12/site-packages/airflow/example_dags/example_xcomargs.py
[2024-08-30T02:52:38.090+0000] {logging_mixin.py:190} INFO - [2024-08-30T02:52:38.089+0000] {dag.py:3211} INFO - Sync 2 DAGs
[2024-08-30T02:52:38.104+0000] {logging_mixin.py:190} INFO - [2024-08-30T02:52:38.103+0000] {dag.py:4138} INFO - Setting next_dagrun for example_xcom_args to None, run_after=None
[2024-08-30T02:52:38.108+0000] {logging_mixin.py:190} INFO - [2024-08-30T02:52:38.108+0000] {dag.py:4138} INFO - Setting next_dagrun for example_xcom_args_with_operators to None, run_after=None
[2024-08-30T02:52:38.125+0000] {processor.py:208} INFO - Processing /home/airflow/.local/lib/python3.12/site-packages/airflow/example_dags/example_xcomargs.py took 0.077 seconds
[2024-08-30T02:53:08.726+0000] {processor.py:186} INFO - Started process (PID=5143) to work on /home/airflow/.local/lib/python3.12/site-packages/airflow/example_dags/example_xcomargs.py
[2024-08-30T02:53:08.727+0000] {processor.py:914} INFO - Processing file /home/airflow/.local/lib/python3.12/site-packages/airflow/example_dags/example_xcomargs.py for tasks to queue
[2024-08-30T02:53:08.729+0000] {logging_mixin.py:190} INFO - [2024-08-30T02:53:08.729+0000] {dagbag.py:587} INFO - Filling up the DagBag from /home/airflow/.local/lib/python3.12/site-packages/airflow/example_dags/example_xcomargs.py
[2024-08-30T02:53:08.741+0000] {processor.py:925} INFO - DAG(s) 'example_xcom_args', 'example_xcom_args_with_operators' retrieved from /home/airflow/.local/lib/python3.12/site-packages/airflow/example_dags/example_xcomargs.py
[2024-08-30T02:53:08.767+0000] {logging_mixin.py:190} INFO - [2024-08-30T02:53:08.767+0000] {dag.py:3211} INFO - Sync 2 DAGs
[2024-08-30T02:53:08.783+0000] {logging_mixin.py:190} INFO - [2024-08-30T02:53:08.782+0000] {dag.py:4138} INFO - Setting next_dagrun for example_xcom_args to None, run_after=None
[2024-08-30T02:53:08.788+0000] {logging_mixin.py:190} INFO - [2024-08-30T02:53:08.787+0000] {dag.py:4138} INFO - Setting next_dagrun for example_xcom_args_with_operators to None, run_after=None
[2024-08-30T02:53:08.806+0000] {processor.py:208} INFO - Processing /home/airflow/.local/lib/python3.12/site-packages/airflow/example_dags/example_xcomargs.py took 0.086 seconds
[2024-08-30T02:53:39.671+0000] {processor.py:186} INFO - Started process (PID=5431) to work on /home/airflow/.local/lib/python3.12/site-packages/airflow/example_dags/example_xcomargs.py
[2024-08-30T02:53:39.672+0000] {processor.py:914} INFO - Processing file /home/airflow/.local/lib/python3.12/site-packages/airflow/example_dags/example_xcomargs.py for tasks to queue
[2024-08-30T02:53:39.674+0000] {logging_mixin.py:190} INFO - [2024-08-30T02:53:39.674+0000] {dagbag.py:587} INFO - Filling up the DagBag from /home/airflow/.local/lib/python3.12/site-packages/airflow/example_dags/example_xcomargs.py
[2024-08-30T02:53:39.683+0000] {processor.py:925} INFO - DAG(s) 'example_xcom_args_with_operators', 'example_xcom_args' retrieved from /home/airflow/.local/lib/python3.12/site-packages/airflow/example_dags/example_xcomargs.py
[2024-08-30T02:53:39.705+0000] {logging_mixin.py:190} INFO - [2024-08-30T02:53:39.705+0000] {dag.py:3211} INFO - Sync 2 DAGs
[2024-08-30T02:53:39.719+0000] {logging_mixin.py:190} INFO - [2024-08-30T02:53:39.719+0000] {dag.py:4138} INFO - Setting next_dagrun for example_xcom_args to None, run_after=None
[2024-08-30T02:53:39.723+0000] {logging_mixin.py:190} INFO - [2024-08-30T02:53:39.723+0000] {dag.py:4138} INFO - Setting next_dagrun for example_xcom_args_with_operators to None, run_after=None
[2024-08-30T02:53:39.738+0000] {processor.py:208} INFO - Processing /home/airflow/.local/lib/python3.12/site-packages/airflow/example_dags/example_xcomargs.py took 0.072 seconds
[2024-08-30T02:54:10.536+0000] {processor.py:186} INFO - Started process (PID=5717) to work on /home/airflow/.local/lib/python3.12/site-packages/airflow/example_dags/example_xcomargs.py
[2024-08-30T02:54:10.538+0000] {processor.py:914} INFO - Processing file /home/airflow/.local/lib/python3.12/site-packages/airflow/example_dags/example_xcomargs.py for tasks to queue
[2024-08-30T02:54:10.540+0000] {logging_mixin.py:190} INFO - [2024-08-30T02:54:10.540+0000] {dagbag.py:587} INFO - Filling up the DagBag from /home/airflow/.local/lib/python3.12/site-packages/airflow/example_dags/example_xcomargs.py
[2024-08-30T02:54:10.552+0000] {processor.py:925} INFO - DAG(s) 'example_xcom_args_with_operators', 'example_xcom_args' retrieved from /home/airflow/.local/lib/python3.12/site-packages/airflow/example_dags/example_xcomargs.py
[2024-08-30T02:54:10.583+0000] {logging_mixin.py:190} INFO - [2024-08-30T02:54:10.583+0000] {dag.py:3211} INFO - Sync 2 DAGs
[2024-08-30T02:54:10.601+0000] {logging_mixin.py:190} INFO - [2024-08-30T02:54:10.601+0000] {dag.py:4138} INFO - Setting next_dagrun for example_xcom_args to None, run_after=None
[2024-08-30T02:54:10.607+0000] {logging_mixin.py:190} INFO - [2024-08-30T02:54:10.607+0000] {dag.py:4138} INFO - Setting next_dagrun for example_xcom_args_with_operators to None, run_after=None
[2024-08-30T02:54:10.633+0000] {processor.py:208} INFO - Processing /home/airflow/.local/lib/python3.12/site-packages/airflow/example_dags/example_xcomargs.py took 0.104 seconds
[2024-08-30T02:54:40.711+0000] {processor.py:186} INFO - Started process (PID=6003) to work on /home/airflow/.local/lib/python3.12/site-packages/airflow/example_dags/example_xcomargs.py
[2024-08-30T02:54:40.712+0000] {processor.py:914} INFO - Processing file /home/airflow/.local/lib/python3.12/site-packages/airflow/example_dags/example_xcomargs.py for tasks to queue
[2024-08-30T02:54:40.714+0000] {logging_mixin.py:190} INFO - [2024-08-30T02:54:40.714+0000] {dagbag.py:587} INFO - Filling up the DagBag from /home/airflow/.local/lib/python3.12/site-packages/airflow/example_dags/example_xcomargs.py
[2024-08-30T02:54:40.722+0000] {processor.py:925} INFO - DAG(s) 'example_xcom_args', 'example_xcom_args_with_operators' retrieved from /home/airflow/.local/lib/python3.12/site-packages/airflow/example_dags/example_xcomargs.py
[2024-08-30T02:54:40.747+0000] {logging_mixin.py:190} INFO - [2024-08-30T02:54:40.747+0000] {dag.py:3211} INFO - Sync 2 DAGs
[2024-08-30T02:54:40.762+0000] {logging_mixin.py:190} INFO - [2024-08-30T02:54:40.761+0000] {dag.py:4138} INFO - Setting next_dagrun for example_xcom_args to None, run_after=None
[2024-08-30T02:54:40.766+0000] {logging_mixin.py:190} INFO - [2024-08-30T02:54:40.766+0000] {dag.py:4138} INFO - Setting next_dagrun for example_xcom_args_with_operators to None, run_after=None
[2024-08-30T02:54:40.784+0000] {processor.py:208} INFO - Processing /home/airflow/.local/lib/python3.12/site-packages/airflow/example_dags/example_xcomargs.py took 0.078 seconds
[2024-08-30T02:55:11.680+0000] {processor.py:186} INFO - Started process (PID=6287) to work on /home/airflow/.local/lib/python3.12/site-packages/airflow/example_dags/example_xcomargs.py
[2024-08-30T02:55:11.681+0000] {processor.py:914} INFO - Processing file /home/airflow/.local/lib/python3.12/site-packages/airflow/example_dags/example_xcomargs.py for tasks to queue
[2024-08-30T02:55:11.684+0000] {logging_mixin.py:190} INFO - [2024-08-30T02:55:11.684+0000] {dagbag.py:587} INFO - Filling up the DagBag from /home/airflow/.local/lib/python3.12/site-packages/airflow/example_dags/example_xcomargs.py
[2024-08-30T02:55:11.694+0000] {processor.py:925} INFO - DAG(s) 'example_xcom_args', 'example_xcom_args_with_operators' retrieved from /home/airflow/.local/lib/python3.12/site-packages/airflow/example_dags/example_xcomargs.py
[2024-08-30T02:55:11.721+0000] {logging_mixin.py:190} INFO - [2024-08-30T02:55:11.721+0000] {dag.py:3211} INFO - Sync 2 DAGs
[2024-08-30T02:55:11.738+0000] {logging_mixin.py:190} INFO - [2024-08-30T02:55:11.737+0000] {dag.py:4138} INFO - Setting next_dagrun for example_xcom_args to None, run_after=None
[2024-08-30T02:55:11.742+0000] {logging_mixin.py:190} INFO - [2024-08-30T02:55:11.742+0000] {dag.py:4138} INFO - Setting next_dagrun for example_xcom_args_with_operators to None, run_after=None
[2024-08-30T02:55:11.760+0000] {processor.py:208} INFO - Processing /home/airflow/.local/lib/python3.12/site-packages/airflow/example_dags/example_xcomargs.py took 0.086 seconds
[2024-08-30T02:55:42.789+0000] {processor.py:186} INFO - Started process (PID=6575) to work on /home/airflow/.local/lib/python3.12/site-packages/airflow/example_dags/example_xcomargs.py
[2024-08-30T02:55:42.791+0000] {processor.py:914} INFO - Processing file /home/airflow/.local/lib/python3.12/site-packages/airflow/example_dags/example_xcomargs.py for tasks to queue
[2024-08-30T02:55:42.793+0000] {logging_mixin.py:190} INFO - [2024-08-30T02:55:42.793+0000] {dagbag.py:587} INFO - Filling up the DagBag from /home/airflow/.local/lib/python3.12/site-packages/airflow/example_dags/example_xcomargs.py
[2024-08-30T02:55:42.804+0000] {processor.py:925} INFO - DAG(s) 'example_xcom_args', 'example_xcom_args_with_operators' retrieved from /home/airflow/.local/lib/python3.12/site-packages/airflow/example_dags/example_xcomargs.py
[2024-08-30T02:55:42.828+0000] {logging_mixin.py:190} INFO - [2024-08-30T02:55:42.828+0000] {dag.py:3211} INFO - Sync 2 DAGs
[2024-08-30T02:55:42.844+0000] {logging_mixin.py:190} INFO - [2024-08-30T02:55:42.844+0000] {dag.py:4138} INFO - Setting next_dagrun for example_xcom_args to None, run_after=None
[2024-08-30T02:55:42.849+0000] {logging_mixin.py:190} INFO - [2024-08-30T02:55:42.849+0000] {dag.py:4138} INFO - Setting next_dagrun for example_xcom_args_with_operators to None, run_after=None
[2024-08-30T02:55:42.868+0000] {processor.py:208} INFO - Processing /home/airflow/.local/lib/python3.12/site-packages/airflow/example_dags/example_xcomargs.py took 0.084 seconds
[2024-08-30T02:56:12.951+0000] {processor.py:186} INFO - Started process (PID=6861) to work on /home/airflow/.local/lib/python3.12/site-packages/airflow/example_dags/example_xcomargs.py
[2024-08-30T02:56:12.952+0000] {processor.py:914} INFO - Processing file /home/airflow/.local/lib/python3.12/site-packages/airflow/example_dags/example_xcomargs.py for tasks to queue
[2024-08-30T02:56:12.954+0000] {logging_mixin.py:190} INFO - [2024-08-30T02:56:12.954+0000] {dagbag.py:587} INFO - Filling up the DagBag from /home/airflow/.local/lib/python3.12/site-packages/airflow/example_dags/example_xcomargs.py
[2024-08-30T02:56:12.963+0000] {processor.py:925} INFO - DAG(s) 'example_xcom_args', 'example_xcom_args_with_operators' retrieved from /home/airflow/.local/lib/python3.12/site-packages/airflow/example_dags/example_xcomargs.py
[2024-08-30T02:56:12.985+0000] {logging_mixin.py:190} INFO - [2024-08-30T02:56:12.984+0000] {dag.py:3211} INFO - Sync 2 DAGs
[2024-08-30T02:56:12.998+0000] {logging_mixin.py:190} INFO - [2024-08-30T02:56:12.998+0000] {dag.py:4138} INFO - Setting next_dagrun for example_xcom_args to None, run_after=None
[2024-08-30T02:56:13.002+0000] {logging_mixin.py:190} INFO - [2024-08-30T02:56:13.002+0000] {dag.py:4138} INFO - Setting next_dagrun for example_xcom_args_with_operators to None, run_after=None
[2024-08-30T02:56:13.019+0000] {processor.py:208} INFO - Processing /home/airflow/.local/lib/python3.12/site-packages/airflow/example_dags/example_xcomargs.py took 0.074 seconds
[2024-08-30T02:56:43.564+0000] {processor.py:186} INFO - Started process (PID=7147) to work on /home/airflow/.local/lib/python3.12/site-packages/airflow/example_dags/example_xcomargs.py
[2024-08-30T02:56:43.565+0000] {processor.py:914} INFO - Processing file /home/airflow/.local/lib/python3.12/site-packages/airflow/example_dags/example_xcomargs.py for tasks to queue
[2024-08-30T02:56:43.567+0000] {logging_mixin.py:190} INFO - [2024-08-30T02:56:43.567+0000] {dagbag.py:587} INFO - Filling up the DagBag from /home/airflow/.local/lib/python3.12/site-packages/airflow/example_dags/example_xcomargs.py
[2024-08-30T02:56:43.576+0000] {processor.py:925} INFO - DAG(s) 'example_xcom_args', 'example_xcom_args_with_operators' retrieved from /home/airflow/.local/lib/python3.12/site-packages/airflow/example_dags/example_xcomargs.py
[2024-08-30T02:56:43.601+0000] {logging_mixin.py:190} INFO - [2024-08-30T02:56:43.601+0000] {dag.py:3211} INFO - Sync 2 DAGs
[2024-08-30T02:56:43.617+0000] {logging_mixin.py:190} INFO - [2024-08-30T02:56:43.616+0000] {dag.py:4138} INFO - Setting next_dagrun for example_xcom_args to None, run_after=None
[2024-08-30T02:56:43.621+0000] {logging_mixin.py:190} INFO - [2024-08-30T02:56:43.621+0000] {dag.py:4138} INFO - Setting next_dagrun for example_xcom_args_with_operators to None, run_after=None
[2024-08-30T02:56:43.640+0000] {processor.py:208} INFO - Processing /home/airflow/.local/lib/python3.12/site-packages/airflow/example_dags/example_xcomargs.py took 0.082 seconds
[2024-08-30T02:57:13.795+0000] {processor.py:186} INFO - Started process (PID=7433) to work on /home/airflow/.local/lib/python3.12/site-packages/airflow/example_dags/example_xcomargs.py
[2024-08-30T02:57:13.796+0000] {processor.py:914} INFO - Processing file /home/airflow/.local/lib/python3.12/site-packages/airflow/example_dags/example_xcomargs.py for tasks to queue
[2024-08-30T02:57:13.798+0000] {logging_mixin.py:190} INFO - [2024-08-30T02:57:13.797+0000] {dagbag.py:587} INFO - Filling up the DagBag from /home/airflow/.local/lib/python3.12/site-packages/airflow/example_dags/example_xcomargs.py
[2024-08-30T02:57:13.806+0000] {processor.py:925} INFO - DAG(s) 'example_xcom_args', 'example_xcom_args_with_operators' retrieved from /home/airflow/.local/lib/python3.12/site-packages/airflow/example_dags/example_xcomargs.py
[2024-08-30T02:57:13.827+0000] {logging_mixin.py:190} INFO - [2024-08-30T02:57:13.827+0000] {dag.py:3211} INFO - Sync 2 DAGs
[2024-08-30T02:57:13.841+0000] {logging_mixin.py:190} INFO - [2024-08-30T02:57:13.840+0000] {dag.py:4138} INFO - Setting next_dagrun for example_xcom_args to None, run_after=None
[2024-08-30T02:57:13.844+0000] {logging_mixin.py:190} INFO - [2024-08-30T02:57:13.844+0000] {dag.py:4138} INFO - Setting next_dagrun for example_xcom_args_with_operators to None, run_after=None
[2024-08-30T02:57:13.860+0000] {processor.py:208} INFO - Processing /home/airflow/.local/lib/python3.12/site-packages/airflow/example_dags/example_xcomargs.py took 0.070 seconds
