[2024-08-30T02:44:26.388+0000] {processor.py:186} INFO - Started process (PID=202) to work on /home/airflow/.local/lib/python3.12/site-packages/airflow/example_dags/example_skip_dag.py
[2024-08-30T02:44:26.390+0000] {processor.py:914} INFO - Processing file /home/airflow/.local/lib/python3.12/site-packages/airflow/example_dags/example_skip_dag.py for tasks to queue
[2024-08-30T02:44:26.393+0000] {logging_mixin.py:190} INFO - [2024-08-30T02:44:26.392+0000] {dagbag.py:587} INFO - Filling up the DagBag from /home/airflow/.local/lib/python3.12/site-packages/airflow/example_dags/example_skip_dag.py
[2024-08-30T02:44:26.407+0000] {processor.py:925} INFO - DAG(s) 'example_skip_dag' retrieved from /home/airflow/.local/lib/python3.12/site-packages/airflow/example_dags/example_skip_dag.py
[2024-08-30T02:44:26.441+0000] {logging_mixin.py:190} INFO - [2024-08-30T02:44:26.441+0000] {dag.py:3211} INFO - Sync 1 DAGs
[2024-08-30T02:44:26.472+0000] {logging_mixin.py:190} INFO - [2024-08-30T02:44:26.471+0000] {dag.py:4138} INFO - Setting next_dagrun for example_skip_dag to 2024-08-29 00:00:00+00:00, run_after=2024-08-30 00:00:00+00:00
[2024-08-30T02:44:26.495+0000] {processor.py:208} INFO - Processing /home/airflow/.local/lib/python3.12/site-packages/airflow/example_dags/example_skip_dag.py took 0.113 seconds
[2024-08-30T02:44:56.641+0000] {processor.py:186} INFO - Started process (PID=507) to work on /home/airflow/.local/lib/python3.12/site-packages/airflow/example_dags/example_skip_dag.py
[2024-08-30T02:44:56.642+0000] {processor.py:914} INFO - Processing file /home/airflow/.local/lib/python3.12/site-packages/airflow/example_dags/example_skip_dag.py for tasks to queue
[2024-08-30T02:44:56.644+0000] {logging_mixin.py:190} INFO - [2024-08-30T02:44:56.643+0000] {dagbag.py:587} INFO - Filling up the DagBag from /home/airflow/.local/lib/python3.12/site-packages/airflow/example_dags/example_skip_dag.py
[2024-08-30T02:44:56.650+0000] {processor.py:925} INFO - DAG(s) 'example_skip_dag' retrieved from /home/airflow/.local/lib/python3.12/site-packages/airflow/example_dags/example_skip_dag.py
[2024-08-30T02:44:56.670+0000] {logging_mixin.py:190} INFO - [2024-08-30T02:44:56.669+0000] {dag.py:3211} INFO - Sync 1 DAGs
[2024-08-30T02:44:56.690+0000] {logging_mixin.py:190} INFO - [2024-08-30T02:44:56.690+0000] {dag.py:4138} INFO - Setting next_dagrun for example_skip_dag to 2024-08-29 00:00:00+00:00, run_after=2024-08-30 00:00:00+00:00
[2024-08-30T02:44:56.710+0000] {processor.py:208} INFO - Processing /home/airflow/.local/lib/python3.12/site-packages/airflow/example_dags/example_skip_dag.py took 0.073 seconds
[2024-08-30T02:45:27.070+0000] {processor.py:186} INFO - Started process (PID=793) to work on /home/airflow/.local/lib/python3.12/site-packages/airflow/example_dags/example_skip_dag.py
[2024-08-30T02:45:27.071+0000] {processor.py:914} INFO - Processing file /home/airflow/.local/lib/python3.12/site-packages/airflow/example_dags/example_skip_dag.py for tasks to queue
[2024-08-30T02:45:27.073+0000] {logging_mixin.py:190} INFO - [2024-08-30T02:45:27.073+0000] {dagbag.py:587} INFO - Filling up the DagBag from /home/airflow/.local/lib/python3.12/site-packages/airflow/example_dags/example_skip_dag.py
[2024-08-30T02:45:27.078+0000] {processor.py:925} INFO - DAG(s) 'example_skip_dag' retrieved from /home/airflow/.local/lib/python3.12/site-packages/airflow/example_dags/example_skip_dag.py
[2024-08-30T02:45:27.097+0000] {logging_mixin.py:190} INFO - [2024-08-30T02:45:27.097+0000] {dag.py:3211} INFO - Sync 1 DAGs
[2024-08-30T02:45:27.117+0000] {logging_mixin.py:190} INFO - [2024-08-30T02:45:27.116+0000] {dag.py:4138} INFO - Setting next_dagrun for example_skip_dag to 2024-08-29 00:00:00+00:00, run_after=2024-08-30 00:00:00+00:00
[2024-08-30T02:45:27.135+0000] {processor.py:208} INFO - Processing /home/airflow/.local/lib/python3.12/site-packages/airflow/example_dags/example_skip_dag.py took 0.069 seconds
[2024-08-30T02:45:57.220+0000] {processor.py:186} INFO - Started process (PID=1076) to work on /home/airflow/.local/lib/python3.12/site-packages/airflow/example_dags/example_skip_dag.py
[2024-08-30T02:45:57.221+0000] {processor.py:914} INFO - Processing file /home/airflow/.local/lib/python3.12/site-packages/airflow/example_dags/example_skip_dag.py for tasks to queue
[2024-08-30T02:45:57.223+0000] {logging_mixin.py:190} INFO - [2024-08-30T02:45:57.223+0000] {dagbag.py:587} INFO - Filling up the DagBag from /home/airflow/.local/lib/python3.12/site-packages/airflow/example_dags/example_skip_dag.py
[2024-08-30T02:45:57.229+0000] {processor.py:925} INFO - DAG(s) 'example_skip_dag' retrieved from /home/airflow/.local/lib/python3.12/site-packages/airflow/example_dags/example_skip_dag.py
[2024-08-30T02:45:57.250+0000] {logging_mixin.py:190} INFO - [2024-08-30T02:45:57.249+0000] {dag.py:3211} INFO - Sync 1 DAGs
[2024-08-30T02:45:57.270+0000] {logging_mixin.py:190} INFO - [2024-08-30T02:45:57.269+0000] {dag.py:4138} INFO - Setting next_dagrun for example_skip_dag to 2024-08-29 00:00:00+00:00, run_after=2024-08-30 00:00:00+00:00
[2024-08-30T02:45:57.285+0000] {processor.py:208} INFO - Processing /home/airflow/.local/lib/python3.12/site-packages/airflow/example_dags/example_skip_dag.py took 0.071 seconds
[2024-08-30T02:46:28.051+0000] {processor.py:186} INFO - Started process (PID=1365) to work on /home/airflow/.local/lib/python3.12/site-packages/airflow/example_dags/example_skip_dag.py
[2024-08-30T02:46:28.052+0000] {processor.py:914} INFO - Processing file /home/airflow/.local/lib/python3.12/site-packages/airflow/example_dags/example_skip_dag.py for tasks to queue
[2024-08-30T02:46:28.055+0000] {logging_mixin.py:190} INFO - [2024-08-30T02:46:28.055+0000] {dagbag.py:587} INFO - Filling up the DagBag from /home/airflow/.local/lib/python3.12/site-packages/airflow/example_dags/example_skip_dag.py
[2024-08-30T02:46:28.061+0000] {processor.py:925} INFO - DAG(s) 'example_skip_dag' retrieved from /home/airflow/.local/lib/python3.12/site-packages/airflow/example_dags/example_skip_dag.py
[2024-08-30T02:46:28.078+0000] {logging_mixin.py:190} INFO - [2024-08-30T02:46:28.078+0000] {dag.py:3211} INFO - Sync 1 DAGs
[2024-08-30T02:46:28.097+0000] {logging_mixin.py:190} INFO - [2024-08-30T02:46:28.097+0000] {dag.py:4138} INFO - Setting next_dagrun for example_skip_dag to 2024-08-29 00:00:00+00:00, run_after=2024-08-30 00:00:00+00:00
[2024-08-30T02:46:28.116+0000] {processor.py:208} INFO - Processing /home/airflow/.local/lib/python3.12/site-packages/airflow/example_dags/example_skip_dag.py took 0.069 seconds
[2024-08-30T02:46:58.561+0000] {processor.py:186} INFO - Started process (PID=1651) to work on /home/airflow/.local/lib/python3.12/site-packages/airflow/example_dags/example_skip_dag.py
[2024-08-30T02:46:58.562+0000] {processor.py:914} INFO - Processing file /home/airflow/.local/lib/python3.12/site-packages/airflow/example_dags/example_skip_dag.py for tasks to queue
[2024-08-30T02:46:58.564+0000] {logging_mixin.py:190} INFO - [2024-08-30T02:46:58.564+0000] {dagbag.py:587} INFO - Filling up the DagBag from /home/airflow/.local/lib/python3.12/site-packages/airflow/example_dags/example_skip_dag.py
[2024-08-30T02:46:58.571+0000] {processor.py:925} INFO - DAG(s) 'example_skip_dag' retrieved from /home/airflow/.local/lib/python3.12/site-packages/airflow/example_dags/example_skip_dag.py
[2024-08-30T02:46:58.590+0000] {logging_mixin.py:190} INFO - [2024-08-30T02:46:58.590+0000] {dag.py:3211} INFO - Sync 1 DAGs
[2024-08-30T02:46:58.610+0000] {logging_mixin.py:190} INFO - [2024-08-30T02:46:58.610+0000] {dag.py:4138} INFO - Setting next_dagrun for example_skip_dag to 2024-08-29 00:00:00+00:00, run_after=2024-08-30 00:00:00+00:00
[2024-08-30T02:46:58.631+0000] {processor.py:208} INFO - Processing /home/airflow/.local/lib/python3.12/site-packages/airflow/example_dags/example_skip_dag.py took 0.074 seconds
[2024-08-30T02:47:29.242+0000] {processor.py:186} INFO - Started process (PID=1937) to work on /home/airflow/.local/lib/python3.12/site-packages/airflow/example_dags/example_skip_dag.py
[2024-08-30T02:47:29.243+0000] {processor.py:914} INFO - Processing file /home/airflow/.local/lib/python3.12/site-packages/airflow/example_dags/example_skip_dag.py for tasks to queue
[2024-08-30T02:47:29.246+0000] {logging_mixin.py:190} INFO - [2024-08-30T02:47:29.245+0000] {dagbag.py:587} INFO - Filling up the DagBag from /home/airflow/.local/lib/python3.12/site-packages/airflow/example_dags/example_skip_dag.py
[2024-08-30T02:47:29.253+0000] {processor.py:925} INFO - DAG(s) 'example_skip_dag' retrieved from /home/airflow/.local/lib/python3.12/site-packages/airflow/example_dags/example_skip_dag.py
[2024-08-30T02:47:29.275+0000] {logging_mixin.py:190} INFO - [2024-08-30T02:47:29.274+0000] {dag.py:3211} INFO - Sync 1 DAGs
[2024-08-30T02:47:29.301+0000] {logging_mixin.py:190} INFO - [2024-08-30T02:47:29.301+0000] {dag.py:4138} INFO - Setting next_dagrun for example_skip_dag to 2024-08-29 00:00:00+00:00, run_after=2024-08-30 00:00:00+00:00
[2024-08-30T02:47:29.322+0000] {processor.py:208} INFO - Processing /home/airflow/.local/lib/python3.12/site-packages/airflow/example_dags/example_skip_dag.py took 0.085 seconds
[2024-08-30T02:48:00.290+0000] {processor.py:186} INFO - Started process (PID=2225) to work on /home/airflow/.local/lib/python3.12/site-packages/airflow/example_dags/example_skip_dag.py
[2024-08-30T02:48:00.291+0000] {processor.py:914} INFO - Processing file /home/airflow/.local/lib/python3.12/site-packages/airflow/example_dags/example_skip_dag.py for tasks to queue
[2024-08-30T02:48:00.293+0000] {logging_mixin.py:190} INFO - [2024-08-30T02:48:00.293+0000] {dagbag.py:587} INFO - Filling up the DagBag from /home/airflow/.local/lib/python3.12/site-packages/airflow/example_dags/example_skip_dag.py
[2024-08-30T02:48:00.299+0000] {processor.py:925} INFO - DAG(s) 'example_skip_dag' retrieved from /home/airflow/.local/lib/python3.12/site-packages/airflow/example_dags/example_skip_dag.py
[2024-08-30T02:48:00.318+0000] {logging_mixin.py:190} INFO - [2024-08-30T02:48:00.318+0000] {dag.py:3211} INFO - Sync 1 DAGs
[2024-08-30T02:48:00.340+0000] {logging_mixin.py:190} INFO - [2024-08-30T02:48:00.340+0000] {dag.py:4138} INFO - Setting next_dagrun for example_skip_dag to 2024-08-29 00:00:00+00:00, run_after=2024-08-30 00:00:00+00:00
[2024-08-30T02:48:00.360+0000] {processor.py:208} INFO - Processing /home/airflow/.local/lib/python3.12/site-packages/airflow/example_dags/example_skip_dag.py took 0.075 seconds
[2024-08-30T02:48:31.036+0000] {processor.py:186} INFO - Started process (PID=2511) to work on /home/airflow/.local/lib/python3.12/site-packages/airflow/example_dags/example_skip_dag.py
[2024-08-30T02:48:31.037+0000] {processor.py:914} INFO - Processing file /home/airflow/.local/lib/python3.12/site-packages/airflow/example_dags/example_skip_dag.py for tasks to queue
[2024-08-30T02:48:31.039+0000] {logging_mixin.py:190} INFO - [2024-08-30T02:48:31.038+0000] {dagbag.py:587} INFO - Filling up the DagBag from /home/airflow/.local/lib/python3.12/site-packages/airflow/example_dags/example_skip_dag.py
[2024-08-30T02:48:31.046+0000] {processor.py:925} INFO - DAG(s) 'example_skip_dag' retrieved from /home/airflow/.local/lib/python3.12/site-packages/airflow/example_dags/example_skip_dag.py
[2024-08-30T02:48:31.067+0000] {logging_mixin.py:190} INFO - [2024-08-30T02:48:31.066+0000] {dag.py:3211} INFO - Sync 1 DAGs
[2024-08-30T02:48:31.089+0000] {logging_mixin.py:190} INFO - [2024-08-30T02:48:31.089+0000] {dag.py:4138} INFO - Setting next_dagrun for example_skip_dag to 2024-08-29 00:00:00+00:00, run_after=2024-08-30 00:00:00+00:00
[2024-08-30T02:48:31.113+0000] {processor.py:208} INFO - Processing /home/airflow/.local/lib/python3.12/site-packages/airflow/example_dags/example_skip_dag.py took 0.083 seconds
[2024-08-30T02:49:02.138+0000] {processor.py:186} INFO - Started process (PID=2795) to work on /home/airflow/.local/lib/python3.12/site-packages/airflow/example_dags/example_skip_dag.py
[2024-08-30T02:49:02.139+0000] {processor.py:914} INFO - Processing file /home/airflow/.local/lib/python3.12/site-packages/airflow/example_dags/example_skip_dag.py for tasks to queue
[2024-08-30T02:49:02.142+0000] {logging_mixin.py:190} INFO - [2024-08-30T02:49:02.142+0000] {dagbag.py:587} INFO - Filling up the DagBag from /home/airflow/.local/lib/python3.12/site-packages/airflow/example_dags/example_skip_dag.py
[2024-08-30T02:49:02.148+0000] {processor.py:925} INFO - DAG(s) 'example_skip_dag' retrieved from /home/airflow/.local/lib/python3.12/site-packages/airflow/example_dags/example_skip_dag.py
[2024-08-30T02:49:02.166+0000] {logging_mixin.py:190} INFO - [2024-08-30T02:49:02.166+0000] {dag.py:3211} INFO - Sync 1 DAGs
[2024-08-30T02:49:02.188+0000] {logging_mixin.py:190} INFO - [2024-08-30T02:49:02.187+0000] {dag.py:4138} INFO - Setting next_dagrun for example_skip_dag to 2024-08-29 00:00:00+00:00, run_after=2024-08-30 00:00:00+00:00
[2024-08-30T02:49:02.205+0000] {processor.py:208} INFO - Processing /home/airflow/.local/lib/python3.12/site-packages/airflow/example_dags/example_skip_dag.py took 0.072 seconds
[2024-08-30T02:49:33.012+0000] {processor.py:186} INFO - Started process (PID=3083) to work on /home/airflow/.local/lib/python3.12/site-packages/airflow/example_dags/example_skip_dag.py
[2024-08-30T02:49:33.013+0000] {processor.py:914} INFO - Processing file /home/airflow/.local/lib/python3.12/site-packages/airflow/example_dags/example_skip_dag.py for tasks to queue
[2024-08-30T02:49:33.015+0000] {logging_mixin.py:190} INFO - [2024-08-30T02:49:33.015+0000] {dagbag.py:587} INFO - Filling up the DagBag from /home/airflow/.local/lib/python3.12/site-packages/airflow/example_dags/example_skip_dag.py
[2024-08-30T02:49:33.022+0000] {processor.py:925} INFO - DAG(s) 'example_skip_dag' retrieved from /home/airflow/.local/lib/python3.12/site-packages/airflow/example_dags/example_skip_dag.py
[2024-08-30T02:49:33.041+0000] {logging_mixin.py:190} INFO - [2024-08-30T02:49:33.041+0000] {dag.py:3211} INFO - Sync 1 DAGs
[2024-08-30T02:49:33.061+0000] {logging_mixin.py:190} INFO - [2024-08-30T02:49:33.060+0000] {dag.py:4138} INFO - Setting next_dagrun for example_skip_dag to 2024-08-29 00:00:00+00:00, run_after=2024-08-30 00:00:00+00:00
[2024-08-30T02:49:33.078+0000] {processor.py:208} INFO - Processing /home/airflow/.local/lib/python3.12/site-packages/airflow/example_dags/example_skip_dag.py took 0.071 seconds
[2024-08-30T02:50:03.693+0000] {processor.py:186} INFO - Started process (PID=3367) to work on /home/airflow/.local/lib/python3.12/site-packages/airflow/example_dags/example_skip_dag.py
[2024-08-30T02:50:03.694+0000] {processor.py:914} INFO - Processing file /home/airflow/.local/lib/python3.12/site-packages/airflow/example_dags/example_skip_dag.py for tasks to queue
[2024-08-30T02:50:03.696+0000] {logging_mixin.py:190} INFO - [2024-08-30T02:50:03.696+0000] {dagbag.py:587} INFO - Filling up the DagBag from /home/airflow/.local/lib/python3.12/site-packages/airflow/example_dags/example_skip_dag.py
[2024-08-30T02:50:03.703+0000] {processor.py:925} INFO - DAG(s) 'example_skip_dag' retrieved from /home/airflow/.local/lib/python3.12/site-packages/airflow/example_dags/example_skip_dag.py
[2024-08-30T02:50:03.721+0000] {logging_mixin.py:190} INFO - [2024-08-30T02:50:03.720+0000] {dag.py:3211} INFO - Sync 1 DAGs
[2024-08-30T02:50:03.744+0000] {logging_mixin.py:190} INFO - [2024-08-30T02:50:03.743+0000] {dag.py:4138} INFO - Setting next_dagrun for example_skip_dag to 2024-08-29 00:00:00+00:00, run_after=2024-08-30 00:00:00+00:00
[2024-08-30T02:50:03.765+0000] {processor.py:208} INFO - Processing /home/airflow/.local/lib/python3.12/site-packages/airflow/example_dags/example_skip_dag.py took 0.076 seconds
[2024-08-30T02:50:34.390+0000] {processor.py:186} INFO - Started process (PID=3655) to work on /home/airflow/.local/lib/python3.12/site-packages/airflow/example_dags/example_skip_dag.py
[2024-08-30T02:50:34.391+0000] {processor.py:914} INFO - Processing file /home/airflow/.local/lib/python3.12/site-packages/airflow/example_dags/example_skip_dag.py for tasks to queue
[2024-08-30T02:50:34.392+0000] {logging_mixin.py:190} INFO - [2024-08-30T02:50:34.392+0000] {dagbag.py:587} INFO - Filling up the DagBag from /home/airflow/.local/lib/python3.12/site-packages/airflow/example_dags/example_skip_dag.py
[2024-08-30T02:50:34.398+0000] {processor.py:925} INFO - DAG(s) 'example_skip_dag' retrieved from /home/airflow/.local/lib/python3.12/site-packages/airflow/example_dags/example_skip_dag.py
[2024-08-30T02:50:34.416+0000] {logging_mixin.py:190} INFO - [2024-08-30T02:50:34.416+0000] {dag.py:3211} INFO - Sync 1 DAGs
[2024-08-30T02:50:34.436+0000] {logging_mixin.py:190} INFO - [2024-08-30T02:50:34.436+0000] {dag.py:4138} INFO - Setting next_dagrun for example_skip_dag to 2024-08-29 00:00:00+00:00, run_after=2024-08-30 00:00:00+00:00
[2024-08-30T02:50:34.456+0000] {processor.py:208} INFO - Processing /home/airflow/.local/lib/python3.12/site-packages/airflow/example_dags/example_skip_dag.py took 0.070 seconds
[2024-08-30T02:51:05.074+0000] {processor.py:186} INFO - Started process (PID=3939) to work on /home/airflow/.local/lib/python3.12/site-packages/airflow/example_dags/example_skip_dag.py
[2024-08-30T02:51:05.075+0000] {processor.py:914} INFO - Processing file /home/airflow/.local/lib/python3.12/site-packages/airflow/example_dags/example_skip_dag.py for tasks to queue
[2024-08-30T02:51:05.077+0000] {logging_mixin.py:190} INFO - [2024-08-30T02:51:05.077+0000] {dagbag.py:587} INFO - Filling up the DagBag from /home/airflow/.local/lib/python3.12/site-packages/airflow/example_dags/example_skip_dag.py
[2024-08-30T02:51:05.084+0000] {processor.py:925} INFO - DAG(s) 'example_skip_dag' retrieved from /home/airflow/.local/lib/python3.12/site-packages/airflow/example_dags/example_skip_dag.py
[2024-08-30T02:51:05.102+0000] {logging_mixin.py:190} INFO - [2024-08-30T02:51:05.102+0000] {dag.py:3211} INFO - Sync 1 DAGs
[2024-08-30T02:51:05.123+0000] {logging_mixin.py:190} INFO - [2024-08-30T02:51:05.123+0000] {dag.py:4138} INFO - Setting next_dagrun for example_skip_dag to 2024-08-29 00:00:00+00:00, run_after=2024-08-30 00:00:00+00:00
[2024-08-30T02:51:05.141+0000] {processor.py:208} INFO - Processing /home/airflow/.local/lib/python3.12/site-packages/airflow/example_dags/example_skip_dag.py took 0.072 seconds
[2024-08-30T02:51:35.746+0000] {processor.py:186} INFO - Started process (PID=4227) to work on /home/airflow/.local/lib/python3.12/site-packages/airflow/example_dags/example_skip_dag.py
[2024-08-30T02:51:35.747+0000] {processor.py:914} INFO - Processing file /home/airflow/.local/lib/python3.12/site-packages/airflow/example_dags/example_skip_dag.py for tasks to queue
[2024-08-30T02:51:35.749+0000] {logging_mixin.py:190} INFO - [2024-08-30T02:51:35.749+0000] {dagbag.py:587} INFO - Filling up the DagBag from /home/airflow/.local/lib/python3.12/site-packages/airflow/example_dags/example_skip_dag.py
[2024-08-30T02:51:35.756+0000] {processor.py:925} INFO - DAG(s) 'example_skip_dag' retrieved from /home/airflow/.local/lib/python3.12/site-packages/airflow/example_dags/example_skip_dag.py
[2024-08-30T02:51:35.776+0000] {logging_mixin.py:190} INFO - [2024-08-30T02:51:35.775+0000] {dag.py:3211} INFO - Sync 1 DAGs
[2024-08-30T02:51:35.796+0000] {logging_mixin.py:190} INFO - [2024-08-30T02:51:35.795+0000] {dag.py:4138} INFO - Setting next_dagrun for example_skip_dag to 2024-08-29 00:00:00+00:00, run_after=2024-08-30 00:00:00+00:00
[2024-08-30T02:51:35.813+0000] {processor.py:208} INFO - Processing /home/airflow/.local/lib/python3.12/site-packages/airflow/example_dags/example_skip_dag.py took 0.072 seconds
[2024-08-30T02:52:06.301+0000] {processor.py:186} INFO - Started process (PID=4513) to work on /home/airflow/.local/lib/python3.12/site-packages/airflow/example_dags/example_skip_dag.py
[2024-08-30T02:52:06.302+0000] {processor.py:914} INFO - Processing file /home/airflow/.local/lib/python3.12/site-packages/airflow/example_dags/example_skip_dag.py for tasks to queue
[2024-08-30T02:52:06.305+0000] {logging_mixin.py:190} INFO - [2024-08-30T02:52:06.304+0000] {dagbag.py:587} INFO - Filling up the DagBag from /home/airflow/.local/lib/python3.12/site-packages/airflow/example_dags/example_skip_dag.py
[2024-08-30T02:52:06.316+0000] {processor.py:925} INFO - DAG(s) 'example_skip_dag' retrieved from /home/airflow/.local/lib/python3.12/site-packages/airflow/example_dags/example_skip_dag.py
[2024-08-30T02:52:06.339+0000] {logging_mixin.py:190} INFO - [2024-08-30T02:52:06.339+0000] {dag.py:3211} INFO - Sync 1 DAGs
[2024-08-30T02:52:06.360+0000] {logging_mixin.py:190} INFO - [2024-08-30T02:52:06.360+0000] {dag.py:4138} INFO - Setting next_dagrun for example_skip_dag to 2024-08-29 00:00:00+00:00, run_after=2024-08-30 00:00:00+00:00
[2024-08-30T02:52:06.382+0000] {processor.py:208} INFO - Processing /home/airflow/.local/lib/python3.12/site-packages/airflow/example_dags/example_skip_dag.py took 0.086 seconds
[2024-08-30T02:52:37.135+0000] {processor.py:186} INFO - Started process (PID=4797) to work on /home/airflow/.local/lib/python3.12/site-packages/airflow/example_dags/example_skip_dag.py
[2024-08-30T02:52:37.136+0000] {processor.py:914} INFO - Processing file /home/airflow/.local/lib/python3.12/site-packages/airflow/example_dags/example_skip_dag.py for tasks to queue
[2024-08-30T02:52:37.139+0000] {logging_mixin.py:190} INFO - [2024-08-30T02:52:37.139+0000] {dagbag.py:587} INFO - Filling up the DagBag from /home/airflow/.local/lib/python3.12/site-packages/airflow/example_dags/example_skip_dag.py
[2024-08-30T02:52:37.145+0000] {processor.py:925} INFO - DAG(s) 'example_skip_dag' retrieved from /home/airflow/.local/lib/python3.12/site-packages/airflow/example_dags/example_skip_dag.py
[2024-08-30T02:52:37.163+0000] {logging_mixin.py:190} INFO - [2024-08-30T02:52:37.163+0000] {dag.py:3211} INFO - Sync 1 DAGs
[2024-08-30T02:52:37.183+0000] {logging_mixin.py:190} INFO - [2024-08-30T02:52:37.182+0000] {dag.py:4138} INFO - Setting next_dagrun for example_skip_dag to 2024-08-29 00:00:00+00:00, run_after=2024-08-30 00:00:00+00:00
[2024-08-30T02:52:37.202+0000] {processor.py:208} INFO - Processing /home/airflow/.local/lib/python3.12/site-packages/airflow/example_dags/example_skip_dag.py took 0.072 seconds
[2024-08-30T02:53:08.003+0000] {processor.py:186} INFO - Started process (PID=5085) to work on /home/airflow/.local/lib/python3.12/site-packages/airflow/example_dags/example_skip_dag.py
[2024-08-30T02:53:08.004+0000] {processor.py:914} INFO - Processing file /home/airflow/.local/lib/python3.12/site-packages/airflow/example_dags/example_skip_dag.py for tasks to queue
[2024-08-30T02:53:08.006+0000] {logging_mixin.py:190} INFO - [2024-08-30T02:53:08.006+0000] {dagbag.py:587} INFO - Filling up the DagBag from /home/airflow/.local/lib/python3.12/site-packages/airflow/example_dags/example_skip_dag.py
[2024-08-30T02:53:08.012+0000] {processor.py:925} INFO - DAG(s) 'example_skip_dag' retrieved from /home/airflow/.local/lib/python3.12/site-packages/airflow/example_dags/example_skip_dag.py
[2024-08-30T02:53:08.031+0000] {logging_mixin.py:190} INFO - [2024-08-30T02:53:08.031+0000] {dag.py:3211} INFO - Sync 1 DAGs
[2024-08-30T02:53:08.053+0000] {logging_mixin.py:190} INFO - [2024-08-30T02:53:08.053+0000] {dag.py:4138} INFO - Setting next_dagrun for example_skip_dag to 2024-08-29 00:00:00+00:00, run_after=2024-08-30 00:00:00+00:00
[2024-08-30T02:53:08.070+0000] {processor.py:208} INFO - Processing /home/airflow/.local/lib/python3.12/site-packages/airflow/example_dags/example_skip_dag.py took 0.072 seconds
[2024-08-30T02:53:38.852+0000] {processor.py:186} INFO - Started process (PID=5369) to work on /home/airflow/.local/lib/python3.12/site-packages/airflow/example_dags/example_skip_dag.py
[2024-08-30T02:53:38.853+0000] {processor.py:914} INFO - Processing file /home/airflow/.local/lib/python3.12/site-packages/airflow/example_dags/example_skip_dag.py for tasks to queue
[2024-08-30T02:53:38.855+0000] {logging_mixin.py:190} INFO - [2024-08-30T02:53:38.854+0000] {dagbag.py:587} INFO - Filling up the DagBag from /home/airflow/.local/lib/python3.12/site-packages/airflow/example_dags/example_skip_dag.py
[2024-08-30T02:53:38.862+0000] {processor.py:925} INFO - DAG(s) 'example_skip_dag' retrieved from /home/airflow/.local/lib/python3.12/site-packages/airflow/example_dags/example_skip_dag.py
[2024-08-30T02:53:38.882+0000] {logging_mixin.py:190} INFO - [2024-08-30T02:53:38.882+0000] {dag.py:3211} INFO - Sync 1 DAGs
[2024-08-30T02:53:38.905+0000] {logging_mixin.py:190} INFO - [2024-08-30T02:53:38.905+0000] {dag.py:4138} INFO - Setting next_dagrun for example_skip_dag to 2024-08-29 00:00:00+00:00, run_after=2024-08-30 00:00:00+00:00
[2024-08-30T02:53:38.925+0000] {processor.py:208} INFO - Processing /home/airflow/.local/lib/python3.12/site-packages/airflow/example_dags/example_skip_dag.py took 0.080 seconds
[2024-08-30T02:54:09.677+0000] {processor.py:186} INFO - Started process (PID=5655) to work on /home/airflow/.local/lib/python3.12/site-packages/airflow/example_dags/example_skip_dag.py
[2024-08-30T02:54:09.679+0000] {processor.py:914} INFO - Processing file /home/airflow/.local/lib/python3.12/site-packages/airflow/example_dags/example_skip_dag.py for tasks to queue
[2024-08-30T02:54:09.681+0000] {logging_mixin.py:190} INFO - [2024-08-30T02:54:09.681+0000] {dagbag.py:587} INFO - Filling up the DagBag from /home/airflow/.local/lib/python3.12/site-packages/airflow/example_dags/example_skip_dag.py
[2024-08-30T02:54:09.689+0000] {processor.py:925} INFO - DAG(s) 'example_skip_dag' retrieved from /home/airflow/.local/lib/python3.12/site-packages/airflow/example_dags/example_skip_dag.py
[2024-08-30T02:54:09.712+0000] {logging_mixin.py:190} INFO - [2024-08-30T02:54:09.711+0000] {dag.py:3211} INFO - Sync 1 DAGs
[2024-08-30T02:54:09.737+0000] {logging_mixin.py:190} INFO - [2024-08-30T02:54:09.737+0000] {dag.py:4138} INFO - Setting next_dagrun for example_skip_dag to 2024-08-29 00:00:00+00:00, run_after=2024-08-30 00:00:00+00:00
[2024-08-30T02:54:09.761+0000] {processor.py:208} INFO - Processing /home/airflow/.local/lib/python3.12/site-packages/airflow/example_dags/example_skip_dag.py took 0.090 seconds
[2024-08-30T02:54:39.913+0000] {processor.py:186} INFO - Started process (PID=5941) to work on /home/airflow/.local/lib/python3.12/site-packages/airflow/example_dags/example_skip_dag.py
[2024-08-30T02:54:39.914+0000] {processor.py:914} INFO - Processing file /home/airflow/.local/lib/python3.12/site-packages/airflow/example_dags/example_skip_dag.py for tasks to queue
[2024-08-30T02:54:39.917+0000] {logging_mixin.py:190} INFO - [2024-08-30T02:54:39.916+0000] {dagbag.py:587} INFO - Filling up the DagBag from /home/airflow/.local/lib/python3.12/site-packages/airflow/example_dags/example_skip_dag.py
[2024-08-30T02:54:39.923+0000] {processor.py:925} INFO - DAG(s) 'example_skip_dag' retrieved from /home/airflow/.local/lib/python3.12/site-packages/airflow/example_dags/example_skip_dag.py
[2024-08-30T02:54:39.942+0000] {logging_mixin.py:190} INFO - [2024-08-30T02:54:39.942+0000] {dag.py:3211} INFO - Sync 1 DAGs
[2024-08-30T02:54:39.963+0000] {logging_mixin.py:190} INFO - [2024-08-30T02:54:39.962+0000] {dag.py:4138} INFO - Setting next_dagrun for example_skip_dag to 2024-08-29 00:00:00+00:00, run_after=2024-08-30 00:00:00+00:00
[2024-08-30T02:54:39.980+0000] {processor.py:208} INFO - Processing /home/airflow/.local/lib/python3.12/site-packages/airflow/example_dags/example_skip_dag.py took 0.072 seconds
[2024-08-30T02:55:10.964+0000] {processor.py:186} INFO - Started process (PID=6227) to work on /home/airflow/.local/lib/python3.12/site-packages/airflow/example_dags/example_skip_dag.py
[2024-08-30T02:55:10.965+0000] {processor.py:914} INFO - Processing file /home/airflow/.local/lib/python3.12/site-packages/airflow/example_dags/example_skip_dag.py for tasks to queue
[2024-08-30T02:55:10.967+0000] {logging_mixin.py:190} INFO - [2024-08-30T02:55:10.967+0000] {dagbag.py:587} INFO - Filling up the DagBag from /home/airflow/.local/lib/python3.12/site-packages/airflow/example_dags/example_skip_dag.py
[2024-08-30T02:55:10.974+0000] {processor.py:925} INFO - DAG(s) 'example_skip_dag' retrieved from /home/airflow/.local/lib/python3.12/site-packages/airflow/example_dags/example_skip_dag.py
[2024-08-30T02:55:10.993+0000] {logging_mixin.py:190} INFO - [2024-08-30T02:55:10.993+0000] {dag.py:3211} INFO - Sync 1 DAGs
[2024-08-30T02:55:11.015+0000] {logging_mixin.py:190} INFO - [2024-08-30T02:55:11.015+0000] {dag.py:4138} INFO - Setting next_dagrun for example_skip_dag to 2024-08-29 00:00:00+00:00, run_after=2024-08-30 00:00:00+00:00
[2024-08-30T02:55:11.033+0000] {processor.py:208} INFO - Processing /home/airflow/.local/lib/python3.12/site-packages/airflow/example_dags/example_skip_dag.py took 0.074 seconds
[2024-08-30T02:55:41.870+0000] {processor.py:186} INFO - Started process (PID=6515) to work on /home/airflow/.local/lib/python3.12/site-packages/airflow/example_dags/example_skip_dag.py
[2024-08-30T02:55:41.872+0000] {processor.py:914} INFO - Processing file /home/airflow/.local/lib/python3.12/site-packages/airflow/example_dags/example_skip_dag.py for tasks to queue
[2024-08-30T02:55:41.874+0000] {logging_mixin.py:190} INFO - [2024-08-30T02:55:41.874+0000] {dagbag.py:587} INFO - Filling up the DagBag from /home/airflow/.local/lib/python3.12/site-packages/airflow/example_dags/example_skip_dag.py
[2024-08-30T02:55:41.883+0000] {processor.py:925} INFO - DAG(s) 'example_skip_dag' retrieved from /home/airflow/.local/lib/python3.12/site-packages/airflow/example_dags/example_skip_dag.py
[2024-08-30T02:55:41.904+0000] {logging_mixin.py:190} INFO - [2024-08-30T02:55:41.904+0000] {dag.py:3211} INFO - Sync 1 DAGs
[2024-08-30T02:55:41.928+0000] {logging_mixin.py:190} INFO - [2024-08-30T02:55:41.928+0000] {dag.py:4138} INFO - Setting next_dagrun for example_skip_dag to 2024-08-29 00:00:00+00:00, run_after=2024-08-30 00:00:00+00:00
[2024-08-30T02:55:41.950+0000] {processor.py:208} INFO - Processing /home/airflow/.local/lib/python3.12/site-packages/airflow/example_dags/example_skip_dag.py took 0.086 seconds
[2024-08-30T02:56:12.144+0000] {processor.py:186} INFO - Started process (PID=6801) to work on /home/airflow/.local/lib/python3.12/site-packages/airflow/example_dags/example_skip_dag.py
[2024-08-30T02:56:12.145+0000] {processor.py:914} INFO - Processing file /home/airflow/.local/lib/python3.12/site-packages/airflow/example_dags/example_skip_dag.py for tasks to queue
[2024-08-30T02:56:12.146+0000] {logging_mixin.py:190} INFO - [2024-08-30T02:56:12.146+0000] {dagbag.py:587} INFO - Filling up the DagBag from /home/airflow/.local/lib/python3.12/site-packages/airflow/example_dags/example_skip_dag.py
[2024-08-30T02:56:12.153+0000] {processor.py:925} INFO - DAG(s) 'example_skip_dag' retrieved from /home/airflow/.local/lib/python3.12/site-packages/airflow/example_dags/example_skip_dag.py
[2024-08-30T02:56:12.172+0000] {logging_mixin.py:190} INFO - [2024-08-30T02:56:12.172+0000] {dag.py:3211} INFO - Sync 1 DAGs
[2024-08-30T02:56:12.193+0000] {logging_mixin.py:190} INFO - [2024-08-30T02:56:12.193+0000] {dag.py:4138} INFO - Setting next_dagrun for example_skip_dag to 2024-08-29 00:00:00+00:00, run_after=2024-08-30 00:00:00+00:00
[2024-08-30T02:56:12.211+0000] {processor.py:208} INFO - Processing /home/airflow/.local/lib/python3.12/site-packages/airflow/example_dags/example_skip_dag.py took 0.072 seconds
[2024-08-30T02:56:42.550+0000] {processor.py:186} INFO - Started process (PID=7085) to work on /home/airflow/.local/lib/python3.12/site-packages/airflow/example_dags/example_skip_dag.py
[2024-08-30T02:56:42.551+0000] {processor.py:914} INFO - Processing file /home/airflow/.local/lib/python3.12/site-packages/airflow/example_dags/example_skip_dag.py for tasks to queue
[2024-08-30T02:56:42.553+0000] {logging_mixin.py:190} INFO - [2024-08-30T02:56:42.553+0000] {dagbag.py:587} INFO - Filling up the DagBag from /home/airflow/.local/lib/python3.12/site-packages/airflow/example_dags/example_skip_dag.py
[2024-08-30T02:56:42.559+0000] {processor.py:925} INFO - DAG(s) 'example_skip_dag' retrieved from /home/airflow/.local/lib/python3.12/site-packages/airflow/example_dags/example_skip_dag.py
[2024-08-30T02:56:42.579+0000] {logging_mixin.py:190} INFO - [2024-08-30T02:56:42.579+0000] {dag.py:3211} INFO - Sync 1 DAGs
[2024-08-30T02:56:42.601+0000] {logging_mixin.py:190} INFO - [2024-08-30T02:56:42.601+0000] {dag.py:4138} INFO - Setting next_dagrun for example_skip_dag to 2024-08-29 00:00:00+00:00, run_after=2024-08-30 00:00:00+00:00
[2024-08-30T02:56:42.620+0000] {processor.py:208} INFO - Processing /home/airflow/.local/lib/python3.12/site-packages/airflow/example_dags/example_skip_dag.py took 0.076 seconds
[2024-08-30T02:57:13.010+0000] {processor.py:186} INFO - Started process (PID=7373) to work on /home/airflow/.local/lib/python3.12/site-packages/airflow/example_dags/example_skip_dag.py
[2024-08-30T02:57:13.011+0000] {processor.py:914} INFO - Processing file /home/airflow/.local/lib/python3.12/site-packages/airflow/example_dags/example_skip_dag.py for tasks to queue
[2024-08-30T02:57:13.013+0000] {logging_mixin.py:190} INFO - [2024-08-30T02:57:13.013+0000] {dagbag.py:587} INFO - Filling up the DagBag from /home/airflow/.local/lib/python3.12/site-packages/airflow/example_dags/example_skip_dag.py
[2024-08-30T02:57:13.020+0000] {processor.py:925} INFO - DAG(s) 'example_skip_dag' retrieved from /home/airflow/.local/lib/python3.12/site-packages/airflow/example_dags/example_skip_dag.py
[2024-08-30T02:57:13.040+0000] {logging_mixin.py:190} INFO - [2024-08-30T02:57:13.039+0000] {dag.py:3211} INFO - Sync 1 DAGs
[2024-08-30T02:57:13.059+0000] {logging_mixin.py:190} INFO - [2024-08-30T02:57:13.059+0000] {dag.py:4138} INFO - Setting next_dagrun for example_skip_dag to 2024-08-29 00:00:00+00:00, run_after=2024-08-30 00:00:00+00:00
[2024-08-30T02:57:13.076+0000] {processor.py:208} INFO - Processing /home/airflow/.local/lib/python3.12/site-packages/airflow/example_dags/example_skip_dag.py took 0.070 seconds
