[2024-08-30T02:44:28.798+0000] {processor.py:186} INFO - Started process (PID=381) to work on /home/airflow/.local/lib/python3.12/site-packages/airflow/example_dags/example_latest_only_with_trigger.py
[2024-08-30T02:44:28.799+0000] {processor.py:914} INFO - Processing file /home/airflow/.local/lib/python3.12/site-packages/airflow/example_dags/example_latest_only_with_trigger.py for tasks to queue
[2024-08-30T02:44:28.801+0000] {logging_mixin.py:190} INFO - [2024-08-30T02:44:28.801+0000] {dagbag.py:587} INFO - Filling up the DagBag from /home/airflow/.local/lib/python3.12/site-packages/airflow/example_dags/example_latest_only_with_trigger.py
[2024-08-30T02:44:28.808+0000] {processor.py:925} INFO - DAG(s) 'latest_only_with_trigger' retrieved from /home/airflow/.local/lib/python3.12/site-packages/airflow/example_dags/example_latest_only_with_trigger.py
[2024-08-30T02:44:28.828+0000] {logging_mixin.py:190} INFO - [2024-08-30T02:44:28.828+0000] {dag.py:3211} INFO - Sync 1 DAGs
[2024-08-30T02:44:28.854+0000] {logging_mixin.py:190} INFO - [2024-08-30T02:44:28.854+0000] {dag.py:4138} INFO - Setting next_dagrun for latest_only_with_trigger to 2024-08-29 20:00:00+00:00, run_after=2024-08-30 00:00:00+00:00
[2024-08-30T02:44:28.882+0000] {processor.py:208} INFO - Processing /home/airflow/.local/lib/python3.12/site-packages/airflow/example_dags/example_latest_only_with_trigger.py took 0.090 seconds
[2024-08-30T02:44:59.021+0000] {processor.py:186} INFO - Started process (PID=669) to work on /home/airflow/.local/lib/python3.12/site-packages/airflow/example_dags/example_latest_only_with_trigger.py
[2024-08-30T02:44:59.022+0000] {processor.py:914} INFO - Processing file /home/airflow/.local/lib/python3.12/site-packages/airflow/example_dags/example_latest_only_with_trigger.py for tasks to queue
[2024-08-30T02:44:59.024+0000] {logging_mixin.py:190} INFO - [2024-08-30T02:44:59.024+0000] {dagbag.py:587} INFO - Filling up the DagBag from /home/airflow/.local/lib/python3.12/site-packages/airflow/example_dags/example_latest_only_with_trigger.py
[2024-08-30T02:44:59.030+0000] {processor.py:925} INFO - DAG(s) 'latest_only_with_trigger' retrieved from /home/airflow/.local/lib/python3.12/site-packages/airflow/example_dags/example_latest_only_with_trigger.py
[2024-08-30T02:44:59.050+0000] {logging_mixin.py:190} INFO - [2024-08-30T02:44:59.049+0000] {dag.py:3211} INFO - Sync 1 DAGs
[2024-08-30T02:44:59.072+0000] {logging_mixin.py:190} INFO - [2024-08-30T02:44:59.072+0000] {dag.py:4138} INFO - Setting next_dagrun for latest_only_with_trigger to 2024-08-29 20:00:00+00:00, run_after=2024-08-30 00:00:00+00:00
[2024-08-30T02:44:59.092+0000] {processor.py:208} INFO - Processing /home/airflow/.local/lib/python3.12/site-packages/airflow/example_dags/example_latest_only_with_trigger.py took 0.076 seconds
[2024-08-30T02:45:29.603+0000] {processor.py:186} INFO - Started process (PID=955) to work on /home/airflow/.local/lib/python3.12/site-packages/airflow/example_dags/example_latest_only_with_trigger.py
[2024-08-30T02:45:29.604+0000] {processor.py:914} INFO - Processing file /home/airflow/.local/lib/python3.12/site-packages/airflow/example_dags/example_latest_only_with_trigger.py for tasks to queue
[2024-08-30T02:45:29.606+0000] {logging_mixin.py:190} INFO - [2024-08-30T02:45:29.606+0000] {dagbag.py:587} INFO - Filling up the DagBag from /home/airflow/.local/lib/python3.12/site-packages/airflow/example_dags/example_latest_only_with_trigger.py
[2024-08-30T02:45:29.612+0000] {processor.py:925} INFO - DAG(s) 'latest_only_with_trigger' retrieved from /home/airflow/.local/lib/python3.12/site-packages/airflow/example_dags/example_latest_only_with_trigger.py
[2024-08-30T02:45:29.630+0000] {logging_mixin.py:190} INFO - [2024-08-30T02:45:29.630+0000] {dag.py:3211} INFO - Sync 1 DAGs
[2024-08-30T02:45:29.653+0000] {logging_mixin.py:190} INFO - [2024-08-30T02:45:29.652+0000] {dag.py:4138} INFO - Setting next_dagrun for latest_only_with_trigger to 2024-08-29 20:00:00+00:00, run_after=2024-08-30 00:00:00+00:00
[2024-08-30T02:45:29.672+0000] {processor.py:208} INFO - Processing /home/airflow/.local/lib/python3.12/site-packages/airflow/example_dags/example_latest_only_with_trigger.py took 0.074 seconds
[2024-08-30T02:46:00.366+0000] {processor.py:186} INFO - Started process (PID=1241) to work on /home/airflow/.local/lib/python3.12/site-packages/airflow/example_dags/example_latest_only_with_trigger.py
[2024-08-30T02:46:00.367+0000] {processor.py:914} INFO - Processing file /home/airflow/.local/lib/python3.12/site-packages/airflow/example_dags/example_latest_only_with_trigger.py for tasks to queue
[2024-08-30T02:46:00.368+0000] {logging_mixin.py:190} INFO - [2024-08-30T02:46:00.368+0000] {dagbag.py:587} INFO - Filling up the DagBag from /home/airflow/.local/lib/python3.12/site-packages/airflow/example_dags/example_latest_only_with_trigger.py
[2024-08-30T02:46:00.374+0000] {processor.py:925} INFO - DAG(s) 'latest_only_with_trigger' retrieved from /home/airflow/.local/lib/python3.12/site-packages/airflow/example_dags/example_latest_only_with_trigger.py
[2024-08-30T02:46:00.391+0000] {logging_mixin.py:190} INFO - [2024-08-30T02:46:00.391+0000] {dag.py:3211} INFO - Sync 1 DAGs
[2024-08-30T02:46:00.411+0000] {logging_mixin.py:190} INFO - [2024-08-30T02:46:00.411+0000] {dag.py:4138} INFO - Setting next_dagrun for latest_only_with_trigger to 2024-08-29 20:00:00+00:00, run_after=2024-08-30 00:00:00+00:00
[2024-08-30T02:46:00.427+0000] {processor.py:208} INFO - Processing /home/airflow/.local/lib/python3.12/site-packages/airflow/example_dags/example_latest_only_with_trigger.py took 0.066 seconds
[2024-08-30T02:46:30.794+0000] {processor.py:186} INFO - Started process (PID=1525) to work on /home/airflow/.local/lib/python3.12/site-packages/airflow/example_dags/example_latest_only_with_trigger.py
[2024-08-30T02:46:30.795+0000] {processor.py:914} INFO - Processing file /home/airflow/.local/lib/python3.12/site-packages/airflow/example_dags/example_latest_only_with_trigger.py for tasks to queue
[2024-08-30T02:46:30.797+0000] {logging_mixin.py:190} INFO - [2024-08-30T02:46:30.797+0000] {dagbag.py:587} INFO - Filling up the DagBag from /home/airflow/.local/lib/python3.12/site-packages/airflow/example_dags/example_latest_only_with_trigger.py
[2024-08-30T02:46:30.803+0000] {processor.py:925} INFO - DAG(s) 'latest_only_with_trigger' retrieved from /home/airflow/.local/lib/python3.12/site-packages/airflow/example_dags/example_latest_only_with_trigger.py
[2024-08-30T02:46:30.822+0000] {logging_mixin.py:190} INFO - [2024-08-30T02:46:30.821+0000] {dag.py:3211} INFO - Sync 1 DAGs
[2024-08-30T02:46:30.842+0000] {logging_mixin.py:190} INFO - [2024-08-30T02:46:30.842+0000] {dag.py:4138} INFO - Setting next_dagrun for latest_only_with_trigger to 2024-08-29 20:00:00+00:00, run_after=2024-08-30 00:00:00+00:00
[2024-08-30T02:46:30.860+0000] {processor.py:208} INFO - Processing /home/airflow/.local/lib/python3.12/site-packages/airflow/example_dags/example_latest_only_with_trigger.py took 0.070 seconds
[2024-08-30T02:47:01.557+0000] {processor.py:186} INFO - Started process (PID=1812) to work on /home/airflow/.local/lib/python3.12/site-packages/airflow/example_dags/example_latest_only_with_trigger.py
[2024-08-30T02:47:01.558+0000] {processor.py:914} INFO - Processing file /home/airflow/.local/lib/python3.12/site-packages/airflow/example_dags/example_latest_only_with_trigger.py for tasks to queue
[2024-08-30T02:47:01.560+0000] {logging_mixin.py:190} INFO - [2024-08-30T02:47:01.560+0000] {dagbag.py:587} INFO - Filling up the DagBag from /home/airflow/.local/lib/python3.12/site-packages/airflow/example_dags/example_latest_only_with_trigger.py
[2024-08-30T02:47:01.566+0000] {processor.py:925} INFO - DAG(s) 'latest_only_with_trigger' retrieved from /home/airflow/.local/lib/python3.12/site-packages/airflow/example_dags/example_latest_only_with_trigger.py
[2024-08-30T02:47:01.585+0000] {logging_mixin.py:190} INFO - [2024-08-30T02:47:01.585+0000] {dag.py:3211} INFO - Sync 1 DAGs
[2024-08-30T02:47:01.607+0000] {logging_mixin.py:190} INFO - [2024-08-30T02:47:01.607+0000] {dag.py:4138} INFO - Setting next_dagrun for latest_only_with_trigger to 2024-08-29 20:00:00+00:00, run_after=2024-08-30 00:00:00+00:00
[2024-08-30T02:47:01.623+0000] {processor.py:208} INFO - Processing /home/airflow/.local/lib/python3.12/site-packages/airflow/example_dags/example_latest_only_with_trigger.py took 0.072 seconds
[2024-08-30T02:47:32.459+0000] {processor.py:186} INFO - Started process (PID=2097) to work on /home/airflow/.local/lib/python3.12/site-packages/airflow/example_dags/example_latest_only_with_trigger.py
[2024-08-30T02:47:32.460+0000] {processor.py:914} INFO - Processing file /home/airflow/.local/lib/python3.12/site-packages/airflow/example_dags/example_latest_only_with_trigger.py for tasks to queue
[2024-08-30T02:47:32.463+0000] {logging_mixin.py:190} INFO - [2024-08-30T02:47:32.462+0000] {dagbag.py:587} INFO - Filling up the DagBag from /home/airflow/.local/lib/python3.12/site-packages/airflow/example_dags/example_latest_only_with_trigger.py
[2024-08-30T02:47:32.469+0000] {processor.py:925} INFO - DAG(s) 'latest_only_with_trigger' retrieved from /home/airflow/.local/lib/python3.12/site-packages/airflow/example_dags/example_latest_only_with_trigger.py
[2024-08-30T02:47:32.488+0000] {logging_mixin.py:190} INFO - [2024-08-30T02:47:32.487+0000] {dag.py:3211} INFO - Sync 1 DAGs
[2024-08-30T02:47:32.507+0000] {logging_mixin.py:190} INFO - [2024-08-30T02:47:32.507+0000] {dag.py:4138} INFO - Setting next_dagrun for latest_only_with_trigger to 2024-08-29 20:00:00+00:00, run_after=2024-08-30 00:00:00+00:00
[2024-08-30T02:47:32.530+0000] {processor.py:208} INFO - Processing /home/airflow/.local/lib/python3.12/site-packages/airflow/example_dags/example_latest_only_with_trigger.py took 0.076 seconds
[2024-08-30T02:48:03.407+0000] {processor.py:186} INFO - Started process (PID=2385) to work on /home/airflow/.local/lib/python3.12/site-packages/airflow/example_dags/example_latest_only_with_trigger.py
[2024-08-30T02:48:03.408+0000] {processor.py:914} INFO - Processing file /home/airflow/.local/lib/python3.12/site-packages/airflow/example_dags/example_latest_only_with_trigger.py for tasks to queue
[2024-08-30T02:48:03.409+0000] {logging_mixin.py:190} INFO - [2024-08-30T02:48:03.409+0000] {dagbag.py:587} INFO - Filling up the DagBag from /home/airflow/.local/lib/python3.12/site-packages/airflow/example_dags/example_latest_only_with_trigger.py
[2024-08-30T02:48:03.415+0000] {processor.py:925} INFO - DAG(s) 'latest_only_with_trigger' retrieved from /home/airflow/.local/lib/python3.12/site-packages/airflow/example_dags/example_latest_only_with_trigger.py
[2024-08-30T02:48:03.431+0000] {logging_mixin.py:190} INFO - [2024-08-30T02:48:03.431+0000] {dag.py:3211} INFO - Sync 1 DAGs
[2024-08-30T02:48:03.450+0000] {logging_mixin.py:190} INFO - [2024-08-30T02:48:03.450+0000] {dag.py:4138} INFO - Setting next_dagrun for latest_only_with_trigger to 2024-08-29 20:00:00+00:00, run_after=2024-08-30 00:00:00+00:00
[2024-08-30T02:48:03.467+0000] {processor.py:208} INFO - Processing /home/airflow/.local/lib/python3.12/site-packages/airflow/example_dags/example_latest_only_with_trigger.py took 0.064 seconds
[2024-08-30T02:48:34.411+0000] {processor.py:186} INFO - Started process (PID=2671) to work on /home/airflow/.local/lib/python3.12/site-packages/airflow/example_dags/example_latest_only_with_trigger.py
[2024-08-30T02:48:34.412+0000] {processor.py:914} INFO - Processing file /home/airflow/.local/lib/python3.12/site-packages/airflow/example_dags/example_latest_only_with_trigger.py for tasks to queue
[2024-08-30T02:48:34.415+0000] {logging_mixin.py:190} INFO - [2024-08-30T02:48:34.415+0000] {dagbag.py:587} INFO - Filling up the DagBag from /home/airflow/.local/lib/python3.12/site-packages/airflow/example_dags/example_latest_only_with_trigger.py
[2024-08-30T02:48:34.422+0000] {processor.py:925} INFO - DAG(s) 'latest_only_with_trigger' retrieved from /home/airflow/.local/lib/python3.12/site-packages/airflow/example_dags/example_latest_only_with_trigger.py
[2024-08-30T02:48:34.442+0000] {logging_mixin.py:190} INFO - [2024-08-30T02:48:34.442+0000] {dag.py:3211} INFO - Sync 1 DAGs
[2024-08-30T02:48:34.464+0000] {logging_mixin.py:190} INFO - [2024-08-30T02:48:34.464+0000] {dag.py:4138} INFO - Setting next_dagrun for latest_only_with_trigger to 2024-08-29 20:00:00+00:00, run_after=2024-08-30 00:00:00+00:00
[2024-08-30T02:48:34.486+0000] {processor.py:208} INFO - Processing /home/airflow/.local/lib/python3.12/site-packages/airflow/example_dags/example_latest_only_with_trigger.py took 0.079 seconds
[2024-08-30T02:49:05.062+0000] {processor.py:186} INFO - Started process (PID=2955) to work on /home/airflow/.local/lib/python3.12/site-packages/airflow/example_dags/example_latest_only_with_trigger.py
[2024-08-30T02:49:05.063+0000] {processor.py:914} INFO - Processing file /home/airflow/.local/lib/python3.12/site-packages/airflow/example_dags/example_latest_only_with_trigger.py for tasks to queue
[2024-08-30T02:49:05.065+0000] {logging_mixin.py:190} INFO - [2024-08-30T02:49:05.065+0000] {dagbag.py:587} INFO - Filling up the DagBag from /home/airflow/.local/lib/python3.12/site-packages/airflow/example_dags/example_latest_only_with_trigger.py
[2024-08-30T02:49:05.072+0000] {processor.py:925} INFO - DAG(s) 'latest_only_with_trigger' retrieved from /home/airflow/.local/lib/python3.12/site-packages/airflow/example_dags/example_latest_only_with_trigger.py
[2024-08-30T02:49:05.092+0000] {logging_mixin.py:190} INFO - [2024-08-30T02:49:05.091+0000] {dag.py:3211} INFO - Sync 1 DAGs
[2024-08-30T02:49:05.113+0000] {logging_mixin.py:190} INFO - [2024-08-30T02:49:05.112+0000] {dag.py:4138} INFO - Setting next_dagrun for latest_only_with_trigger to 2024-08-29 20:00:00+00:00, run_after=2024-08-30 00:00:00+00:00
[2024-08-30T02:49:05.135+0000] {processor.py:208} INFO - Processing /home/airflow/.local/lib/python3.12/site-packages/airflow/example_dags/example_latest_only_with_trigger.py took 0.078 seconds
[2024-08-30T02:49:36.025+0000] {processor.py:186} INFO - Started process (PID=3241) to work on /home/airflow/.local/lib/python3.12/site-packages/airflow/example_dags/example_latest_only_with_trigger.py
[2024-08-30T02:49:36.026+0000] {processor.py:914} INFO - Processing file /home/airflow/.local/lib/python3.12/site-packages/airflow/example_dags/example_latest_only_with_trigger.py for tasks to queue
[2024-08-30T02:49:36.029+0000] {logging_mixin.py:190} INFO - [2024-08-30T02:49:36.028+0000] {dagbag.py:587} INFO - Filling up the DagBag from /home/airflow/.local/lib/python3.12/site-packages/airflow/example_dags/example_latest_only_with_trigger.py
[2024-08-30T02:49:36.034+0000] {processor.py:925} INFO - DAG(s) 'latest_only_with_trigger' retrieved from /home/airflow/.local/lib/python3.12/site-packages/airflow/example_dags/example_latest_only_with_trigger.py
[2024-08-30T02:49:36.053+0000] {logging_mixin.py:190} INFO - [2024-08-30T02:49:36.053+0000] {dag.py:3211} INFO - Sync 1 DAGs
[2024-08-30T02:49:36.075+0000] {logging_mixin.py:190} INFO - [2024-08-30T02:49:36.075+0000] {dag.py:4138} INFO - Setting next_dagrun for latest_only_with_trigger to 2024-08-29 20:00:00+00:00, run_after=2024-08-30 00:00:00+00:00
[2024-08-30T02:49:36.096+0000] {processor.py:208} INFO - Processing /home/airflow/.local/lib/python3.12/site-packages/airflow/example_dags/example_latest_only_with_trigger.py took 0.076 seconds
[2024-08-30T02:50:06.701+0000] {processor.py:186} INFO - Started process (PID=3527) to work on /home/airflow/.local/lib/python3.12/site-packages/airflow/example_dags/example_latest_only_with_trigger.py
[2024-08-30T02:50:06.702+0000] {processor.py:914} INFO - Processing file /home/airflow/.local/lib/python3.12/site-packages/airflow/example_dags/example_latest_only_with_trigger.py for tasks to queue
[2024-08-30T02:50:06.705+0000] {logging_mixin.py:190} INFO - [2024-08-30T02:50:06.704+0000] {dagbag.py:587} INFO - Filling up the DagBag from /home/airflow/.local/lib/python3.12/site-packages/airflow/example_dags/example_latest_only_with_trigger.py
[2024-08-30T02:50:06.711+0000] {processor.py:925} INFO - DAG(s) 'latest_only_with_trigger' retrieved from /home/airflow/.local/lib/python3.12/site-packages/airflow/example_dags/example_latest_only_with_trigger.py
[2024-08-30T02:50:06.730+0000] {logging_mixin.py:190} INFO - [2024-08-30T02:50:06.730+0000] {dag.py:3211} INFO - Sync 1 DAGs
[2024-08-30T02:50:06.754+0000] {logging_mixin.py:190} INFO - [2024-08-30T02:50:06.754+0000] {dag.py:4138} INFO - Setting next_dagrun for latest_only_with_trigger to 2024-08-29 20:00:00+00:00, run_after=2024-08-30 00:00:00+00:00
[2024-08-30T02:50:06.774+0000] {processor.py:208} INFO - Processing /home/airflow/.local/lib/python3.12/site-packages/airflow/example_dags/example_latest_only_with_trigger.py took 0.078 seconds
[2024-08-30T02:50:37.376+0000] {processor.py:186} INFO - Started process (PID=3813) to work on /home/airflow/.local/lib/python3.12/site-packages/airflow/example_dags/example_latest_only_with_trigger.py
[2024-08-30T02:50:37.377+0000] {processor.py:914} INFO - Processing file /home/airflow/.local/lib/python3.12/site-packages/airflow/example_dags/example_latest_only_with_trigger.py for tasks to queue
[2024-08-30T02:50:37.379+0000] {logging_mixin.py:190} INFO - [2024-08-30T02:50:37.379+0000] {dagbag.py:587} INFO - Filling up the DagBag from /home/airflow/.local/lib/python3.12/site-packages/airflow/example_dags/example_latest_only_with_trigger.py
[2024-08-30T02:50:37.386+0000] {processor.py:925} INFO - DAG(s) 'latest_only_with_trigger' retrieved from /home/airflow/.local/lib/python3.12/site-packages/airflow/example_dags/example_latest_only_with_trigger.py
[2024-08-30T02:50:37.406+0000] {logging_mixin.py:190} INFO - [2024-08-30T02:50:37.406+0000] {dag.py:3211} INFO - Sync 1 DAGs
[2024-08-30T02:50:37.426+0000] {logging_mixin.py:190} INFO - [2024-08-30T02:50:37.426+0000] {dag.py:4138} INFO - Setting next_dagrun for latest_only_with_trigger to 2024-08-29 20:00:00+00:00, run_after=2024-08-30 00:00:00+00:00
[2024-08-30T02:50:37.447+0000] {processor.py:208} INFO - Processing /home/airflow/.local/lib/python3.12/site-packages/airflow/example_dags/example_latest_only_with_trigger.py took 0.077 seconds
[2024-08-30T02:51:08.084+0000] {processor.py:186} INFO - Started process (PID=4101) to work on /home/airflow/.local/lib/python3.12/site-packages/airflow/example_dags/example_latest_only_with_trigger.py
[2024-08-30T02:51:08.085+0000] {processor.py:914} INFO - Processing file /home/airflow/.local/lib/python3.12/site-packages/airflow/example_dags/example_latest_only_with_trigger.py for tasks to queue
[2024-08-30T02:51:08.087+0000] {logging_mixin.py:190} INFO - [2024-08-30T02:51:08.087+0000] {dagbag.py:587} INFO - Filling up the DagBag from /home/airflow/.local/lib/python3.12/site-packages/airflow/example_dags/example_latest_only_with_trigger.py
[2024-08-30T02:51:08.093+0000] {processor.py:925} INFO - DAG(s) 'latest_only_with_trigger' retrieved from /home/airflow/.local/lib/python3.12/site-packages/airflow/example_dags/example_latest_only_with_trigger.py
[2024-08-30T02:51:08.111+0000] {logging_mixin.py:190} INFO - [2024-08-30T02:51:08.111+0000] {dag.py:3211} INFO - Sync 1 DAGs
[2024-08-30T02:51:08.131+0000] {logging_mixin.py:190} INFO - [2024-08-30T02:51:08.131+0000] {dag.py:4138} INFO - Setting next_dagrun for latest_only_with_trigger to 2024-08-29 20:00:00+00:00, run_after=2024-08-30 00:00:00+00:00
[2024-08-30T02:51:08.150+0000] {processor.py:208} INFO - Processing /home/airflow/.local/lib/python3.12/site-packages/airflow/example_dags/example_latest_only_with_trigger.py took 0.071 seconds
[2024-08-30T02:51:38.689+0000] {processor.py:186} INFO - Started process (PID=4385) to work on /home/airflow/.local/lib/python3.12/site-packages/airflow/example_dags/example_latest_only_with_trigger.py
[2024-08-30T02:51:38.690+0000] {processor.py:914} INFO - Processing file /home/airflow/.local/lib/python3.12/site-packages/airflow/example_dags/example_latest_only_with_trigger.py for tasks to queue
[2024-08-30T02:51:38.692+0000] {logging_mixin.py:190} INFO - [2024-08-30T02:51:38.692+0000] {dagbag.py:587} INFO - Filling up the DagBag from /home/airflow/.local/lib/python3.12/site-packages/airflow/example_dags/example_latest_only_with_trigger.py
[2024-08-30T02:51:38.698+0000] {processor.py:925} INFO - DAG(s) 'latest_only_with_trigger' retrieved from /home/airflow/.local/lib/python3.12/site-packages/airflow/example_dags/example_latest_only_with_trigger.py
[2024-08-30T02:51:38.717+0000] {logging_mixin.py:190} INFO - [2024-08-30T02:51:38.717+0000] {dag.py:3211} INFO - Sync 1 DAGs
[2024-08-30T02:51:38.739+0000] {logging_mixin.py:190} INFO - [2024-08-30T02:51:38.739+0000] {dag.py:4138} INFO - Setting next_dagrun for latest_only_with_trigger to 2024-08-29 20:00:00+00:00, run_after=2024-08-30 00:00:00+00:00
[2024-08-30T02:51:38.758+0000] {processor.py:208} INFO - Processing /home/airflow/.local/lib/python3.12/site-packages/airflow/example_dags/example_latest_only_with_trigger.py took 0.075 seconds
[2024-08-30T02:52:09.477+0000] {processor.py:186} INFO - Started process (PID=4671) to work on /home/airflow/.local/lib/python3.12/site-packages/airflow/example_dags/example_latest_only_with_trigger.py
[2024-08-30T02:52:09.478+0000] {processor.py:914} INFO - Processing file /home/airflow/.local/lib/python3.12/site-packages/airflow/example_dags/example_latest_only_with_trigger.py for tasks to queue
[2024-08-30T02:52:09.481+0000] {logging_mixin.py:190} INFO - [2024-08-30T02:52:09.480+0000] {dagbag.py:587} INFO - Filling up the DagBag from /home/airflow/.local/lib/python3.12/site-packages/airflow/example_dags/example_latest_only_with_trigger.py
[2024-08-30T02:52:09.488+0000] {processor.py:925} INFO - DAG(s) 'latest_only_with_trigger' retrieved from /home/airflow/.local/lib/python3.12/site-packages/airflow/example_dags/example_latest_only_with_trigger.py
[2024-08-30T02:52:09.507+0000] {logging_mixin.py:190} INFO - [2024-08-30T02:52:09.507+0000] {dag.py:3211} INFO - Sync 1 DAGs
[2024-08-30T02:52:09.530+0000] {logging_mixin.py:190} INFO - [2024-08-30T02:52:09.529+0000] {dag.py:4138} INFO - Setting next_dagrun for latest_only_with_trigger to 2024-08-29 20:00:00+00:00, run_after=2024-08-30 00:00:00+00:00
[2024-08-30T02:52:09.549+0000] {processor.py:208} INFO - Processing /home/airflow/.local/lib/python3.12/site-packages/airflow/example_dags/example_latest_only_with_trigger.py took 0.078 seconds
[2024-08-30T02:52:40.245+0000] {processor.py:186} INFO - Started process (PID=4957) to work on /home/airflow/.local/lib/python3.12/site-packages/airflow/example_dags/example_latest_only_with_trigger.py
[2024-08-30T02:52:40.246+0000] {processor.py:914} INFO - Processing file /home/airflow/.local/lib/python3.12/site-packages/airflow/example_dags/example_latest_only_with_trigger.py for tasks to queue
[2024-08-30T02:52:40.248+0000] {logging_mixin.py:190} INFO - [2024-08-30T02:52:40.248+0000] {dagbag.py:587} INFO - Filling up the DagBag from /home/airflow/.local/lib/python3.12/site-packages/airflow/example_dags/example_latest_only_with_trigger.py
[2024-08-30T02:52:40.255+0000] {processor.py:925} INFO - DAG(s) 'latest_only_with_trigger' retrieved from /home/airflow/.local/lib/python3.12/site-packages/airflow/example_dags/example_latest_only_with_trigger.py
[2024-08-30T02:52:40.275+0000] {logging_mixin.py:190} INFO - [2024-08-30T02:52:40.275+0000] {dag.py:3211} INFO - Sync 1 DAGs
[2024-08-30T02:52:40.298+0000] {logging_mixin.py:190} INFO - [2024-08-30T02:52:40.298+0000] {dag.py:4138} INFO - Setting next_dagrun for latest_only_with_trigger to 2024-08-29 20:00:00+00:00, run_after=2024-08-30 00:00:00+00:00
[2024-08-30T02:52:40.318+0000] {processor.py:208} INFO - Processing /home/airflow/.local/lib/python3.12/site-packages/airflow/example_dags/example_latest_only_with_trigger.py took 0.079 seconds
[2024-08-30T02:53:11.063+0000] {processor.py:186} INFO - Started process (PID=5245) to work on /home/airflow/.local/lib/python3.12/site-packages/airflow/example_dags/example_latest_only_with_trigger.py
[2024-08-30T02:53:11.064+0000] {processor.py:914} INFO - Processing file /home/airflow/.local/lib/python3.12/site-packages/airflow/example_dags/example_latest_only_with_trigger.py for tasks to queue
[2024-08-30T02:53:11.066+0000] {logging_mixin.py:190} INFO - [2024-08-30T02:53:11.066+0000] {dagbag.py:587} INFO - Filling up the DagBag from /home/airflow/.local/lib/python3.12/site-packages/airflow/example_dags/example_latest_only_with_trigger.py
[2024-08-30T02:53:11.073+0000] {processor.py:925} INFO - DAG(s) 'latest_only_with_trigger' retrieved from /home/airflow/.local/lib/python3.12/site-packages/airflow/example_dags/example_latest_only_with_trigger.py
[2024-08-30T02:53:11.094+0000] {logging_mixin.py:190} INFO - [2024-08-30T02:53:11.094+0000] {dag.py:3211} INFO - Sync 1 DAGs
[2024-08-30T02:53:11.117+0000] {logging_mixin.py:190} INFO - [2024-08-30T02:53:11.117+0000] {dag.py:4138} INFO - Setting next_dagrun for latest_only_with_trigger to 2024-08-29 20:00:00+00:00, run_after=2024-08-30 00:00:00+00:00
[2024-08-30T02:53:11.138+0000] {processor.py:208} INFO - Processing /home/airflow/.local/lib/python3.12/site-packages/airflow/example_dags/example_latest_only_with_trigger.py took 0.081 seconds
[2024-08-30T02:53:41.884+0000] {processor.py:186} INFO - Started process (PID=5529) to work on /home/airflow/.local/lib/python3.12/site-packages/airflow/example_dags/example_latest_only_with_trigger.py
[2024-08-30T02:53:41.885+0000] {processor.py:914} INFO - Processing file /home/airflow/.local/lib/python3.12/site-packages/airflow/example_dags/example_latest_only_with_trigger.py for tasks to queue
[2024-08-30T02:53:41.887+0000] {logging_mixin.py:190} INFO - [2024-08-30T02:53:41.887+0000] {dagbag.py:587} INFO - Filling up the DagBag from /home/airflow/.local/lib/python3.12/site-packages/airflow/example_dags/example_latest_only_with_trigger.py
[2024-08-30T02:53:41.894+0000] {processor.py:925} INFO - DAG(s) 'latest_only_with_trigger' retrieved from /home/airflow/.local/lib/python3.12/site-packages/airflow/example_dags/example_latest_only_with_trigger.py
[2024-08-30T02:53:41.914+0000] {logging_mixin.py:190} INFO - [2024-08-30T02:53:41.914+0000] {dag.py:3211} INFO - Sync 1 DAGs
[2024-08-30T02:53:41.937+0000] {logging_mixin.py:190} INFO - [2024-08-30T02:53:41.937+0000] {dag.py:4138} INFO - Setting next_dagrun for latest_only_with_trigger to 2024-08-29 20:00:00+00:00, run_after=2024-08-30 00:00:00+00:00
[2024-08-30T02:53:41.958+0000] {processor.py:208} INFO - Processing /home/airflow/.local/lib/python3.12/site-packages/airflow/example_dags/example_latest_only_with_trigger.py took 0.080 seconds
[2024-08-30T02:54:13.113+0000] {processor.py:186} INFO - Started process (PID=5815) to work on /home/airflow/.local/lib/python3.12/site-packages/airflow/example_dags/example_latest_only_with_trigger.py
[2024-08-30T02:54:13.114+0000] {processor.py:914} INFO - Processing file /home/airflow/.local/lib/python3.12/site-packages/airflow/example_dags/example_latest_only_with_trigger.py for tasks to queue
[2024-08-30T02:54:13.117+0000] {logging_mixin.py:190} INFO - [2024-08-30T02:54:13.116+0000] {dagbag.py:587} INFO - Filling up the DagBag from /home/airflow/.local/lib/python3.12/site-packages/airflow/example_dags/example_latest_only_with_trigger.py
[2024-08-30T02:54:13.125+0000] {processor.py:925} INFO - DAG(s) 'latest_only_with_trigger' retrieved from /home/airflow/.local/lib/python3.12/site-packages/airflow/example_dags/example_latest_only_with_trigger.py
[2024-08-30T02:54:13.151+0000] {logging_mixin.py:190} INFO - [2024-08-30T02:54:13.150+0000] {dag.py:3211} INFO - Sync 1 DAGs
[2024-08-30T02:54:13.179+0000] {logging_mixin.py:190} INFO - [2024-08-30T02:54:13.179+0000] {dag.py:4138} INFO - Setting next_dagrun for latest_only_with_trigger to 2024-08-29 20:00:00+00:00, run_after=2024-08-30 00:00:00+00:00
[2024-08-30T02:54:13.205+0000] {processor.py:208} INFO - Processing /home/airflow/.local/lib/python3.12/site-packages/airflow/example_dags/example_latest_only_with_trigger.py took 0.098 seconds
[2024-08-30T02:54:44.005+0000] {processor.py:186} INFO - Started process (PID=6101) to work on /home/airflow/.local/lib/python3.12/site-packages/airflow/example_dags/example_latest_only_with_trigger.py
[2024-08-30T02:54:44.006+0000] {processor.py:914} INFO - Processing file /home/airflow/.local/lib/python3.12/site-packages/airflow/example_dags/example_latest_only_with_trigger.py for tasks to queue
[2024-08-30T02:54:44.008+0000] {logging_mixin.py:190} INFO - [2024-08-30T02:54:44.008+0000] {dagbag.py:587} INFO - Filling up the DagBag from /home/airflow/.local/lib/python3.12/site-packages/airflow/example_dags/example_latest_only_with_trigger.py
[2024-08-30T02:54:44.016+0000] {processor.py:925} INFO - DAG(s) 'latest_only_with_trigger' retrieved from /home/airflow/.local/lib/python3.12/site-packages/airflow/example_dags/example_latest_only_with_trigger.py
[2024-08-30T02:54:44.040+0000] {logging_mixin.py:190} INFO - [2024-08-30T02:54:44.040+0000] {dag.py:3211} INFO - Sync 1 DAGs
[2024-08-30T02:54:44.063+0000] {logging_mixin.py:190} INFO - [2024-08-30T02:54:44.062+0000] {dag.py:4138} INFO - Setting next_dagrun for latest_only_with_trigger to 2024-08-29 20:00:00+00:00, run_after=2024-08-30 00:00:00+00:00
[2024-08-30T02:54:44.084+0000] {processor.py:208} INFO - Processing /home/airflow/.local/lib/python3.12/site-packages/airflow/example_dags/example_latest_only_with_trigger.py took 0.086 seconds
[2024-08-30T02:55:15.081+0000] {processor.py:186} INFO - Started process (PID=6395) to work on /home/airflow/.local/lib/python3.12/site-packages/airflow/example_dags/example_latest_only_with_trigger.py
[2024-08-30T02:55:15.082+0000] {processor.py:914} INFO - Processing file /home/airflow/.local/lib/python3.12/site-packages/airflow/example_dags/example_latest_only_with_trigger.py for tasks to queue
[2024-08-30T02:55:15.084+0000] {logging_mixin.py:190} INFO - [2024-08-30T02:55:15.084+0000] {dagbag.py:587} INFO - Filling up the DagBag from /home/airflow/.local/lib/python3.12/site-packages/airflow/example_dags/example_latest_only_with_trigger.py
[2024-08-30T02:55:15.091+0000] {processor.py:925} INFO - DAG(s) 'latest_only_with_trigger' retrieved from /home/airflow/.local/lib/python3.12/site-packages/airflow/example_dags/example_latest_only_with_trigger.py
[2024-08-30T02:55:15.110+0000] {logging_mixin.py:190} INFO - [2024-08-30T02:55:15.110+0000] {dag.py:3211} INFO - Sync 1 DAGs
[2024-08-30T02:55:15.131+0000] {logging_mixin.py:190} INFO - [2024-08-30T02:55:15.131+0000] {dag.py:4138} INFO - Setting next_dagrun for latest_only_with_trigger to 2024-08-29 20:00:00+00:00, run_after=2024-08-30 00:00:00+00:00
[2024-08-30T02:55:15.148+0000] {processor.py:208} INFO - Processing /home/airflow/.local/lib/python3.12/site-packages/airflow/example_dags/example_latest_only_with_trigger.py took 0.072 seconds
[2024-08-30T02:55:45.379+0000] {processor.py:186} INFO - Started process (PID=6679) to work on /home/airflow/.local/lib/python3.12/site-packages/airflow/example_dags/example_latest_only_with_trigger.py
[2024-08-30T02:55:45.381+0000] {processor.py:914} INFO - Processing file /home/airflow/.local/lib/python3.12/site-packages/airflow/example_dags/example_latest_only_with_trigger.py for tasks to queue
[2024-08-30T02:55:45.383+0000] {logging_mixin.py:190} INFO - [2024-08-30T02:55:45.383+0000] {dagbag.py:587} INFO - Filling up the DagBag from /home/airflow/.local/lib/python3.12/site-packages/airflow/example_dags/example_latest_only_with_trigger.py
[2024-08-30T02:55:45.391+0000] {processor.py:925} INFO - DAG(s) 'latest_only_with_trigger' retrieved from /home/airflow/.local/lib/python3.12/site-packages/airflow/example_dags/example_latest_only_with_trigger.py
[2024-08-30T02:55:45.412+0000] {logging_mixin.py:190} INFO - [2024-08-30T02:55:45.412+0000] {dag.py:3211} INFO - Sync 1 DAGs
[2024-08-30T02:55:45.436+0000] {logging_mixin.py:190} INFO - [2024-08-30T02:55:45.436+0000] {dag.py:4138} INFO - Setting next_dagrun for latest_only_with_trigger to 2024-08-29 20:00:00+00:00, run_after=2024-08-30 00:00:00+00:00
[2024-08-30T02:55:45.458+0000] {processor.py:208} INFO - Processing /home/airflow/.local/lib/python3.12/site-packages/airflow/example_dags/example_latest_only_with_trigger.py took 0.084 seconds
[2024-08-30T02:56:15.580+0000] {processor.py:186} INFO - Started process (PID=6965) to work on /home/airflow/.local/lib/python3.12/site-packages/airflow/example_dags/example_latest_only_with_trigger.py
[2024-08-30T02:56:15.582+0000] {processor.py:914} INFO - Processing file /home/airflow/.local/lib/python3.12/site-packages/airflow/example_dags/example_latest_only_with_trigger.py for tasks to queue
[2024-08-30T02:56:15.584+0000] {logging_mixin.py:190} INFO - [2024-08-30T02:56:15.584+0000] {dagbag.py:587} INFO - Filling up the DagBag from /home/airflow/.local/lib/python3.12/site-packages/airflow/example_dags/example_latest_only_with_trigger.py
[2024-08-30T02:56:15.591+0000] {processor.py:925} INFO - DAG(s) 'latest_only_with_trigger' retrieved from /home/airflow/.local/lib/python3.12/site-packages/airflow/example_dags/example_latest_only_with_trigger.py
[2024-08-30T02:56:15.612+0000] {logging_mixin.py:190} INFO - [2024-08-30T02:56:15.612+0000] {dag.py:3211} INFO - Sync 1 DAGs
[2024-08-30T02:56:15.637+0000] {logging_mixin.py:190} INFO - [2024-08-30T02:56:15.637+0000] {dag.py:4138} INFO - Setting next_dagrun for latest_only_with_trigger to 2024-08-29 20:00:00+00:00, run_after=2024-08-30 00:00:00+00:00
[2024-08-30T02:56:15.658+0000] {processor.py:208} INFO - Processing /home/airflow/.local/lib/python3.12/site-packages/airflow/example_dags/example_latest_only_with_trigger.py took 0.083 seconds
[2024-08-30T02:56:46.028+0000] {processor.py:186} INFO - Started process (PID=7253) to work on /home/airflow/.local/lib/python3.12/site-packages/airflow/example_dags/example_latest_only_with_trigger.py
[2024-08-30T02:56:46.028+0000] {processor.py:914} INFO - Processing file /home/airflow/.local/lib/python3.12/site-packages/airflow/example_dags/example_latest_only_with_trigger.py for tasks to queue
[2024-08-30T02:56:46.031+0000] {logging_mixin.py:190} INFO - [2024-08-30T02:56:46.030+0000] {dagbag.py:587} INFO - Filling up the DagBag from /home/airflow/.local/lib/python3.12/site-packages/airflow/example_dags/example_latest_only_with_trigger.py
[2024-08-30T02:56:46.037+0000] {processor.py:925} INFO - DAG(s) 'latest_only_with_trigger' retrieved from /home/airflow/.local/lib/python3.12/site-packages/airflow/example_dags/example_latest_only_with_trigger.py
[2024-08-30T02:56:46.056+0000] {logging_mixin.py:190} INFO - [2024-08-30T02:56:46.056+0000] {dag.py:3211} INFO - Sync 1 DAGs
[2024-08-30T02:56:46.078+0000] {logging_mixin.py:190} INFO - [2024-08-30T02:56:46.078+0000] {dag.py:4138} INFO - Setting next_dagrun for latest_only_with_trigger to 2024-08-29 20:00:00+00:00, run_after=2024-08-30 00:00:00+00:00
[2024-08-30T02:56:46.100+0000] {processor.py:208} INFO - Processing /home/airflow/.local/lib/python3.12/site-packages/airflow/example_dags/example_latest_only_with_trigger.py took 0.078 seconds
[2024-08-30T02:57:16.332+0000] {processor.py:186} INFO - Started process (PID=7539) to work on /home/airflow/.local/lib/python3.12/site-packages/airflow/example_dags/example_latest_only_with_trigger.py
[2024-08-30T02:57:16.333+0000] {processor.py:914} INFO - Processing file /home/airflow/.local/lib/python3.12/site-packages/airflow/example_dags/example_latest_only_with_trigger.py for tasks to queue
[2024-08-30T02:57:16.335+0000] {logging_mixin.py:190} INFO - [2024-08-30T02:57:16.335+0000] {dagbag.py:587} INFO - Filling up the DagBag from /home/airflow/.local/lib/python3.12/site-packages/airflow/example_dags/example_latest_only_with_trigger.py
[2024-08-30T02:57:16.342+0000] {processor.py:925} INFO - DAG(s) 'latest_only_with_trigger' retrieved from /home/airflow/.local/lib/python3.12/site-packages/airflow/example_dags/example_latest_only_with_trigger.py
[2024-08-30T02:57:16.361+0000] {logging_mixin.py:190} INFO - [2024-08-30T02:57:16.361+0000] {dag.py:3211} INFO - Sync 1 DAGs
[2024-08-30T02:57:16.384+0000] {logging_mixin.py:190} INFO - [2024-08-30T02:57:16.384+0000] {dag.py:4138} INFO - Setting next_dagrun for latest_only_with_trigger to 2024-08-29 20:00:00+00:00, run_after=2024-08-30 00:00:00+00:00
[2024-08-30T02:57:16.404+0000] {processor.py:208} INFO - Processing /home/airflow/.local/lib/python3.12/site-packages/airflow/example_dags/example_latest_only_with_trigger.py took 0.077 seconds
