[2024-08-30T02:44:26.202+0000] {processor.py:186} INFO - Started process (PID=197) to work on /home/airflow/.local/lib/python3.12/site-packages/airflow/example_dags/example_branch_labels.py
[2024-08-30T02:44:26.203+0000] {processor.py:914} INFO - Processing file /home/airflow/.local/lib/python3.12/site-packages/airflow/example_dags/example_branch_labels.py for tasks to queue
[2024-08-30T02:44:26.206+0000] {logging_mixin.py:190} INFO - [2024-08-30T02:44:26.205+0000] {dagbag.py:587} INFO - Filling up the DagBag from /home/airflow/.local/lib/python3.12/site-packages/airflow/example_dags/example_branch_labels.py
[2024-08-30T02:44:26.217+0000] {processor.py:925} INFO - DAG(s) 'example_branch_labels' retrieved from /home/airflow/.local/lib/python3.12/site-packages/airflow/example_dags/example_branch_labels.py
[2024-08-30T02:44:26.252+0000] {logging_mixin.py:190} INFO - [2024-08-30T02:44:26.252+0000] {dag.py:3211} INFO - Sync 1 DAGs
[2024-08-30T02:44:26.285+0000] {logging_mixin.py:190} INFO - [2024-08-30T02:44:26.285+0000] {dag.py:4138} INFO - Setting next_dagrun for example_branch_labels to 2024-08-29 00:00:00+00:00, run_after=2024-08-30 00:00:00+00:00
[2024-08-30T02:44:26.341+0000] {processor.py:208} INFO - Processing /home/airflow/.local/lib/python3.12/site-packages/airflow/example_dags/example_branch_labels.py took 0.145 seconds
[2024-08-30T02:44:56.531+0000] {processor.py:186} INFO - Started process (PID=502) to work on /home/airflow/.local/lib/python3.12/site-packages/airflow/example_dags/example_branch_labels.py
[2024-08-30T02:44:56.532+0000] {processor.py:914} INFO - Processing file /home/airflow/.local/lib/python3.12/site-packages/airflow/example_dags/example_branch_labels.py for tasks to queue
[2024-08-30T02:44:56.534+0000] {logging_mixin.py:190} INFO - [2024-08-30T02:44:56.534+0000] {dagbag.py:587} INFO - Filling up the DagBag from /home/airflow/.local/lib/python3.12/site-packages/airflow/example_dags/example_branch_labels.py
[2024-08-30T02:44:56.542+0000] {processor.py:925} INFO - DAG(s) 'example_branch_labels' retrieved from /home/airflow/.local/lib/python3.12/site-packages/airflow/example_dags/example_branch_labels.py
[2024-08-30T02:44:56.561+0000] {logging_mixin.py:190} INFO - [2024-08-30T02:44:56.561+0000] {dag.py:3211} INFO - Sync 1 DAGs
[2024-08-30T02:44:56.584+0000] {logging_mixin.py:190} INFO - [2024-08-30T02:44:56.583+0000] {dag.py:4138} INFO - Setting next_dagrun for example_branch_labels to 2024-08-29 00:00:00+00:00, run_after=2024-08-30 00:00:00+00:00
[2024-08-30T02:44:56.605+0000] {processor.py:208} INFO - Processing /home/airflow/.local/lib/python3.12/site-packages/airflow/example_dags/example_branch_labels.py took 0.078 seconds
[2024-08-30T02:45:26.970+0000] {processor.py:186} INFO - Started process (PID=785) to work on /home/airflow/.local/lib/python3.12/site-packages/airflow/example_dags/example_branch_labels.py
[2024-08-30T02:45:26.971+0000] {processor.py:914} INFO - Processing file /home/airflow/.local/lib/python3.12/site-packages/airflow/example_dags/example_branch_labels.py for tasks to queue
[2024-08-30T02:45:26.973+0000] {logging_mixin.py:190} INFO - [2024-08-30T02:45:26.972+0000] {dagbag.py:587} INFO - Filling up the DagBag from /home/airflow/.local/lib/python3.12/site-packages/airflow/example_dags/example_branch_labels.py
[2024-08-30T02:45:26.980+0000] {processor.py:925} INFO - DAG(s) 'example_branch_labels' retrieved from /home/airflow/.local/lib/python3.12/site-packages/airflow/example_dags/example_branch_labels.py
[2024-08-30T02:45:26.996+0000] {logging_mixin.py:190} INFO - [2024-08-30T02:45:26.996+0000] {dag.py:3211} INFO - Sync 1 DAGs
[2024-08-30T02:45:27.015+0000] {logging_mixin.py:190} INFO - [2024-08-30T02:45:27.015+0000] {dag.py:4138} INFO - Setting next_dagrun for example_branch_labels to 2024-08-29 00:00:00+00:00, run_after=2024-08-30 00:00:00+00:00
[2024-08-30T02:45:27.031+0000] {processor.py:208} INFO - Processing /home/airflow/.local/lib/python3.12/site-packages/airflow/example_dags/example_branch_labels.py took 0.066 seconds
[2024-08-30T02:45:57.110+0000] {processor.py:186} INFO - Started process (PID=1071) to work on /home/airflow/.local/lib/python3.12/site-packages/airflow/example_dags/example_branch_labels.py
[2024-08-30T02:45:57.111+0000] {processor.py:914} INFO - Processing file /home/airflow/.local/lib/python3.12/site-packages/airflow/example_dags/example_branch_labels.py for tasks to queue
[2024-08-30T02:45:57.114+0000] {logging_mixin.py:190} INFO - [2024-08-30T02:45:57.114+0000] {dagbag.py:587} INFO - Filling up the DagBag from /home/airflow/.local/lib/python3.12/site-packages/airflow/example_dags/example_branch_labels.py
[2024-08-30T02:45:57.123+0000] {processor.py:925} INFO - DAG(s) 'example_branch_labels' retrieved from /home/airflow/.local/lib/python3.12/site-packages/airflow/example_dags/example_branch_labels.py
[2024-08-30T02:45:57.143+0000] {logging_mixin.py:190} INFO - [2024-08-30T02:45:57.142+0000] {dag.py:3211} INFO - Sync 1 DAGs
[2024-08-30T02:45:57.164+0000] {logging_mixin.py:190} INFO - [2024-08-30T02:45:57.163+0000] {dag.py:4138} INFO - Setting next_dagrun for example_branch_labels to 2024-08-29 00:00:00+00:00, run_after=2024-08-30 00:00:00+00:00
[2024-08-30T02:45:57.180+0000] {processor.py:208} INFO - Processing /home/airflow/.local/lib/python3.12/site-packages/airflow/example_dags/example_branch_labels.py took 0.075 seconds
[2024-08-30T02:46:27.950+0000] {processor.py:186} INFO - Started process (PID=1360) to work on /home/airflow/.local/lib/python3.12/site-packages/airflow/example_dags/example_branch_labels.py
[2024-08-30T02:46:27.951+0000] {processor.py:914} INFO - Processing file /home/airflow/.local/lib/python3.12/site-packages/airflow/example_dags/example_branch_labels.py for tasks to queue
[2024-08-30T02:46:27.953+0000] {logging_mixin.py:190} INFO - [2024-08-30T02:46:27.953+0000] {dagbag.py:587} INFO - Filling up the DagBag from /home/airflow/.local/lib/python3.12/site-packages/airflow/example_dags/example_branch_labels.py
[2024-08-30T02:46:27.961+0000] {processor.py:925} INFO - DAG(s) 'example_branch_labels' retrieved from /home/airflow/.local/lib/python3.12/site-packages/airflow/example_dags/example_branch_labels.py
[2024-08-30T02:46:27.979+0000] {logging_mixin.py:190} INFO - [2024-08-30T02:46:27.979+0000] {dag.py:3211} INFO - Sync 1 DAGs
[2024-08-30T02:46:28.001+0000] {logging_mixin.py:190} INFO - [2024-08-30T02:46:28.001+0000] {dag.py:4138} INFO - Setting next_dagrun for example_branch_labels to 2024-08-29 00:00:00+00:00, run_after=2024-08-30 00:00:00+00:00
[2024-08-30T02:46:28.018+0000] {processor.py:208} INFO - Processing /home/airflow/.local/lib/python3.12/site-packages/airflow/example_dags/example_branch_labels.py took 0.073 seconds
[2024-08-30T02:46:58.453+0000] {processor.py:186} INFO - Started process (PID=1646) to work on /home/airflow/.local/lib/python3.12/site-packages/airflow/example_dags/example_branch_labels.py
[2024-08-30T02:46:58.454+0000] {processor.py:914} INFO - Processing file /home/airflow/.local/lib/python3.12/site-packages/airflow/example_dags/example_branch_labels.py for tasks to queue
[2024-08-30T02:46:58.455+0000] {logging_mixin.py:190} INFO - [2024-08-30T02:46:58.455+0000] {dagbag.py:587} INFO - Filling up the DagBag from /home/airflow/.local/lib/python3.12/site-packages/airflow/example_dags/example_branch_labels.py
[2024-08-30T02:46:58.463+0000] {processor.py:925} INFO - DAG(s) 'example_branch_labels' retrieved from /home/airflow/.local/lib/python3.12/site-packages/airflow/example_dags/example_branch_labels.py
[2024-08-30T02:46:58.482+0000] {logging_mixin.py:190} INFO - [2024-08-30T02:46:58.482+0000] {dag.py:3211} INFO - Sync 1 DAGs
[2024-08-30T02:46:58.506+0000] {logging_mixin.py:190} INFO - [2024-08-30T02:46:58.505+0000] {dag.py:4138} INFO - Setting next_dagrun for example_branch_labels to 2024-08-29 00:00:00+00:00, run_after=2024-08-30 00:00:00+00:00
[2024-08-30T02:46:58.527+0000] {processor.py:208} INFO - Processing /home/airflow/.local/lib/python3.12/site-packages/airflow/example_dags/example_branch_labels.py took 0.079 seconds
[2024-08-30T02:47:29.121+0000] {processor.py:186} INFO - Started process (PID=1932) to work on /home/airflow/.local/lib/python3.12/site-packages/airflow/example_dags/example_branch_labels.py
[2024-08-30T02:47:29.122+0000] {processor.py:914} INFO - Processing file /home/airflow/.local/lib/python3.12/site-packages/airflow/example_dags/example_branch_labels.py for tasks to queue
[2024-08-30T02:47:29.125+0000] {logging_mixin.py:190} INFO - [2024-08-30T02:47:29.124+0000] {dagbag.py:587} INFO - Filling up the DagBag from /home/airflow/.local/lib/python3.12/site-packages/airflow/example_dags/example_branch_labels.py
[2024-08-30T02:47:29.135+0000] {processor.py:925} INFO - DAG(s) 'example_branch_labels' retrieved from /home/airflow/.local/lib/python3.12/site-packages/airflow/example_dags/example_branch_labels.py
[2024-08-30T02:47:29.156+0000] {logging_mixin.py:190} INFO - [2024-08-30T02:47:29.156+0000] {dag.py:3211} INFO - Sync 1 DAGs
[2024-08-30T02:47:29.179+0000] {logging_mixin.py:190} INFO - [2024-08-30T02:47:29.179+0000] {dag.py:4138} INFO - Setting next_dagrun for example_branch_labels to 2024-08-29 00:00:00+00:00, run_after=2024-08-30 00:00:00+00:00
[2024-08-30T02:47:29.202+0000] {processor.py:208} INFO - Processing /home/airflow/.local/lib/python3.12/site-packages/airflow/example_dags/example_branch_labels.py took 0.087 seconds
[2024-08-30T02:48:00.174+0000] {processor.py:186} INFO - Started process (PID=2218) to work on /home/airflow/.local/lib/python3.12/site-packages/airflow/example_dags/example_branch_labels.py
[2024-08-30T02:48:00.175+0000] {processor.py:914} INFO - Processing file /home/airflow/.local/lib/python3.12/site-packages/airflow/example_dags/example_branch_labels.py for tasks to queue
[2024-08-30T02:48:00.177+0000] {logging_mixin.py:190} INFO - [2024-08-30T02:48:00.177+0000] {dagbag.py:587} INFO - Filling up the DagBag from /home/airflow/.local/lib/python3.12/site-packages/airflow/example_dags/example_branch_labels.py
[2024-08-30T02:48:00.186+0000] {processor.py:925} INFO - DAG(s) 'example_branch_labels' retrieved from /home/airflow/.local/lib/python3.12/site-packages/airflow/example_dags/example_branch_labels.py
[2024-08-30T02:48:00.208+0000] {logging_mixin.py:190} INFO - [2024-08-30T02:48:00.208+0000] {dag.py:3211} INFO - Sync 1 DAGs
[2024-08-30T02:48:00.233+0000] {logging_mixin.py:190} INFO - [2024-08-30T02:48:00.233+0000] {dag.py:4138} INFO - Setting next_dagrun for example_branch_labels to 2024-08-29 00:00:00+00:00, run_after=2024-08-30 00:00:00+00:00
[2024-08-30T02:48:00.250+0000] {processor.py:208} INFO - Processing /home/airflow/.local/lib/python3.12/site-packages/airflow/example_dags/example_branch_labels.py took 0.081 seconds
[2024-08-30T02:48:30.919+0000] {processor.py:186} INFO - Started process (PID=2504) to work on /home/airflow/.local/lib/python3.12/site-packages/airflow/example_dags/example_branch_labels.py
[2024-08-30T02:48:30.920+0000] {processor.py:914} INFO - Processing file /home/airflow/.local/lib/python3.12/site-packages/airflow/example_dags/example_branch_labels.py for tasks to queue
[2024-08-30T02:48:30.923+0000] {logging_mixin.py:190} INFO - [2024-08-30T02:48:30.923+0000] {dagbag.py:587} INFO - Filling up the DagBag from /home/airflow/.local/lib/python3.12/site-packages/airflow/example_dags/example_branch_labels.py
[2024-08-30T02:48:30.931+0000] {processor.py:925} INFO - DAG(s) 'example_branch_labels' retrieved from /home/airflow/.local/lib/python3.12/site-packages/airflow/example_dags/example_branch_labels.py
[2024-08-30T02:48:30.953+0000] {logging_mixin.py:190} INFO - [2024-08-30T02:48:30.953+0000] {dag.py:3211} INFO - Sync 1 DAGs
[2024-08-30T02:48:30.975+0000] {logging_mixin.py:190} INFO - [2024-08-30T02:48:30.975+0000] {dag.py:4138} INFO - Setting next_dagrun for example_branch_labels to 2024-08-29 00:00:00+00:00, run_after=2024-08-30 00:00:00+00:00
[2024-08-30T02:48:30.995+0000] {processor.py:208} INFO - Processing /home/airflow/.local/lib/python3.12/site-packages/airflow/example_dags/example_branch_labels.py took 0.082 seconds
[2024-08-30T02:49:02.032+0000] {processor.py:186} INFO - Started process (PID=2790) to work on /home/airflow/.local/lib/python3.12/site-packages/airflow/example_dags/example_branch_labels.py
[2024-08-30T02:49:02.033+0000] {processor.py:914} INFO - Processing file /home/airflow/.local/lib/python3.12/site-packages/airflow/example_dags/example_branch_labels.py for tasks to queue
[2024-08-30T02:49:02.035+0000] {logging_mixin.py:190} INFO - [2024-08-30T02:49:02.035+0000] {dagbag.py:587} INFO - Filling up the DagBag from /home/airflow/.local/lib/python3.12/site-packages/airflow/example_dags/example_branch_labels.py
[2024-08-30T02:49:02.043+0000] {processor.py:925} INFO - DAG(s) 'example_branch_labels' retrieved from /home/airflow/.local/lib/python3.12/site-packages/airflow/example_dags/example_branch_labels.py
[2024-08-30T02:49:02.062+0000] {logging_mixin.py:190} INFO - [2024-08-30T02:49:02.062+0000] {dag.py:3211} INFO - Sync 1 DAGs
[2024-08-30T02:49:02.084+0000] {logging_mixin.py:190} INFO - [2024-08-30T02:49:02.084+0000] {dag.py:4138} INFO - Setting next_dagrun for example_branch_labels to 2024-08-29 00:00:00+00:00, run_after=2024-08-30 00:00:00+00:00
[2024-08-30T02:49:02.103+0000] {processor.py:208} INFO - Processing /home/airflow/.local/lib/python3.12/site-packages/airflow/example_dags/example_branch_labels.py took 0.076 seconds
[2024-08-30T02:49:32.904+0000] {processor.py:186} INFO - Started process (PID=3076) to work on /home/airflow/.local/lib/python3.12/site-packages/airflow/example_dags/example_branch_labels.py
[2024-08-30T02:49:32.905+0000] {processor.py:914} INFO - Processing file /home/airflow/.local/lib/python3.12/site-packages/airflow/example_dags/example_branch_labels.py for tasks to queue
[2024-08-30T02:49:32.907+0000] {logging_mixin.py:190} INFO - [2024-08-30T02:49:32.907+0000] {dagbag.py:587} INFO - Filling up the DagBag from /home/airflow/.local/lib/python3.12/site-packages/airflow/example_dags/example_branch_labels.py
[2024-08-30T02:49:32.916+0000] {processor.py:925} INFO - DAG(s) 'example_branch_labels' retrieved from /home/airflow/.local/lib/python3.12/site-packages/airflow/example_dags/example_branch_labels.py
[2024-08-30T02:49:32.935+0000] {logging_mixin.py:190} INFO - [2024-08-30T02:49:32.934+0000] {dag.py:3211} INFO - Sync 1 DAGs
[2024-08-30T02:49:32.956+0000] {logging_mixin.py:190} INFO - [2024-08-30T02:49:32.955+0000] {dag.py:4138} INFO - Setting next_dagrun for example_branch_labels to 2024-08-29 00:00:00+00:00, run_after=2024-08-30 00:00:00+00:00
[2024-08-30T02:49:32.974+0000] {processor.py:208} INFO - Processing /home/airflow/.local/lib/python3.12/site-packages/airflow/example_dags/example_branch_labels.py took 0.075 seconds
[2024-08-30T02:50:03.581+0000] {processor.py:186} INFO - Started process (PID=3362) to work on /home/airflow/.local/lib/python3.12/site-packages/airflow/example_dags/example_branch_labels.py
[2024-08-30T02:50:03.582+0000] {processor.py:914} INFO - Processing file /home/airflow/.local/lib/python3.12/site-packages/airflow/example_dags/example_branch_labels.py for tasks to queue
[2024-08-30T02:50:03.584+0000] {logging_mixin.py:190} INFO - [2024-08-30T02:50:03.584+0000] {dagbag.py:587} INFO - Filling up the DagBag from /home/airflow/.local/lib/python3.12/site-packages/airflow/example_dags/example_branch_labels.py
[2024-08-30T02:50:03.593+0000] {processor.py:925} INFO - DAG(s) 'example_branch_labels' retrieved from /home/airflow/.local/lib/python3.12/site-packages/airflow/example_dags/example_branch_labels.py
[2024-08-30T02:50:03.614+0000] {logging_mixin.py:190} INFO - [2024-08-30T02:50:03.613+0000] {dag.py:3211} INFO - Sync 1 DAGs
[2024-08-30T02:50:03.637+0000] {logging_mixin.py:190} INFO - [2024-08-30T02:50:03.637+0000] {dag.py:4138} INFO - Setting next_dagrun for example_branch_labels to 2024-08-29 00:00:00+00:00, run_after=2024-08-30 00:00:00+00:00
[2024-08-30T02:50:03.657+0000] {processor.py:208} INFO - Processing /home/airflow/.local/lib/python3.12/site-packages/airflow/example_dags/example_branch_labels.py took 0.081 seconds
[2024-08-30T02:50:34.281+0000] {processor.py:186} INFO - Started process (PID=3648) to work on /home/airflow/.local/lib/python3.12/site-packages/airflow/example_dags/example_branch_labels.py
[2024-08-30T02:50:34.282+0000] {processor.py:914} INFO - Processing file /home/airflow/.local/lib/python3.12/site-packages/airflow/example_dags/example_branch_labels.py for tasks to queue
[2024-08-30T02:50:34.285+0000] {logging_mixin.py:190} INFO - [2024-08-30T02:50:34.285+0000] {dagbag.py:587} INFO - Filling up the DagBag from /home/airflow/.local/lib/python3.12/site-packages/airflow/example_dags/example_branch_labels.py
[2024-08-30T02:50:34.293+0000] {processor.py:925} INFO - DAG(s) 'example_branch_labels' retrieved from /home/airflow/.local/lib/python3.12/site-packages/airflow/example_dags/example_branch_labels.py
[2024-08-30T02:50:34.312+0000] {logging_mixin.py:190} INFO - [2024-08-30T02:50:34.312+0000] {dag.py:3211} INFO - Sync 1 DAGs
[2024-08-30T02:50:34.332+0000] {logging_mixin.py:190} INFO - [2024-08-30T02:50:34.332+0000] {dag.py:4138} INFO - Setting next_dagrun for example_branch_labels to 2024-08-29 00:00:00+00:00, run_after=2024-08-30 00:00:00+00:00
[2024-08-30T02:50:34.350+0000] {processor.py:208} INFO - Processing /home/airflow/.local/lib/python3.12/site-packages/airflow/example_dags/example_branch_labels.py took 0.074 seconds
[2024-08-30T02:51:04.941+0000] {processor.py:186} INFO - Started process (PID=3934) to work on /home/airflow/.local/lib/python3.12/site-packages/airflow/example_dags/example_branch_labels.py
[2024-08-30T02:51:04.942+0000] {processor.py:914} INFO - Processing file /home/airflow/.local/lib/python3.12/site-packages/airflow/example_dags/example_branch_labels.py for tasks to queue
[2024-08-30T02:51:04.944+0000] {logging_mixin.py:190} INFO - [2024-08-30T02:51:04.944+0000] {dagbag.py:587} INFO - Filling up the DagBag from /home/airflow/.local/lib/python3.12/site-packages/airflow/example_dags/example_branch_labels.py
[2024-08-30T02:51:04.955+0000] {processor.py:925} INFO - DAG(s) 'example_branch_labels' retrieved from /home/airflow/.local/lib/python3.12/site-packages/airflow/example_dags/example_branch_labels.py
[2024-08-30T02:51:04.980+0000] {logging_mixin.py:190} INFO - [2024-08-30T02:51:04.979+0000] {dag.py:3211} INFO - Sync 1 DAGs
[2024-08-30T02:51:05.007+0000] {logging_mixin.py:190} INFO - [2024-08-30T02:51:05.007+0000] {dag.py:4138} INFO - Setting next_dagrun for example_branch_labels to 2024-08-29 00:00:00+00:00, run_after=2024-08-30 00:00:00+00:00
[2024-08-30T02:51:05.035+0000] {processor.py:208} INFO - Processing /home/airflow/.local/lib/python3.12/site-packages/airflow/example_dags/example_branch_labels.py took 0.102 seconds
[2024-08-30T02:51:35.646+0000] {processor.py:186} INFO - Started process (PID=4220) to work on /home/airflow/.local/lib/python3.12/site-packages/airflow/example_dags/example_branch_labels.py
[2024-08-30T02:51:35.647+0000] {processor.py:914} INFO - Processing file /home/airflow/.local/lib/python3.12/site-packages/airflow/example_dags/example_branch_labels.py for tasks to queue
[2024-08-30T02:51:35.649+0000] {logging_mixin.py:190} INFO - [2024-08-30T02:51:35.649+0000] {dagbag.py:587} INFO - Filling up the DagBag from /home/airflow/.local/lib/python3.12/site-packages/airflow/example_dags/example_branch_labels.py
[2024-08-30T02:51:35.657+0000] {processor.py:925} INFO - DAG(s) 'example_branch_labels' retrieved from /home/airflow/.local/lib/python3.12/site-packages/airflow/example_dags/example_branch_labels.py
[2024-08-30T02:51:35.675+0000] {logging_mixin.py:190} INFO - [2024-08-30T02:51:35.674+0000] {dag.py:3211} INFO - Sync 1 DAGs
[2024-08-30T02:51:35.695+0000] {logging_mixin.py:190} INFO - [2024-08-30T02:51:35.695+0000] {dag.py:4138} INFO - Setting next_dagrun for example_branch_labels to 2024-08-29 00:00:00+00:00, run_after=2024-08-30 00:00:00+00:00
[2024-08-30T02:51:35.712+0000] {processor.py:208} INFO - Processing /home/airflow/.local/lib/python3.12/site-packages/airflow/example_dags/example_branch_labels.py took 0.070 seconds
[2024-08-30T02:52:06.173+0000] {processor.py:186} INFO - Started process (PID=4506) to work on /home/airflow/.local/lib/python3.12/site-packages/airflow/example_dags/example_branch_labels.py
[2024-08-30T02:52:06.174+0000] {processor.py:914} INFO - Processing file /home/airflow/.local/lib/python3.12/site-packages/airflow/example_dags/example_branch_labels.py for tasks to queue
[2024-08-30T02:52:06.177+0000] {logging_mixin.py:190} INFO - [2024-08-30T02:52:06.176+0000] {dagbag.py:587} INFO - Filling up the DagBag from /home/airflow/.local/lib/python3.12/site-packages/airflow/example_dags/example_branch_labels.py
[2024-08-30T02:52:06.185+0000] {processor.py:925} INFO - DAG(s) 'example_branch_labels' retrieved from /home/airflow/.local/lib/python3.12/site-packages/airflow/example_dags/example_branch_labels.py
[2024-08-30T02:52:06.203+0000] {logging_mixin.py:190} INFO - [2024-08-30T02:52:06.203+0000] {dag.py:3211} INFO - Sync 1 DAGs
[2024-08-30T02:52:06.228+0000] {logging_mixin.py:190} INFO - [2024-08-30T02:52:06.228+0000] {dag.py:4138} INFO - Setting next_dagrun for example_branch_labels to 2024-08-29 00:00:00+00:00, run_after=2024-08-30 00:00:00+00:00
[2024-08-30T02:52:06.254+0000] {processor.py:208} INFO - Processing /home/airflow/.local/lib/python3.12/site-packages/airflow/example_dags/example_branch_labels.py took 0.086 seconds
[2024-08-30T02:52:37.023+0000] {processor.py:186} INFO - Started process (PID=4792) to work on /home/airflow/.local/lib/python3.12/site-packages/airflow/example_dags/example_branch_labels.py
[2024-08-30T02:52:37.024+0000] {processor.py:914} INFO - Processing file /home/airflow/.local/lib/python3.12/site-packages/airflow/example_dags/example_branch_labels.py for tasks to queue
[2024-08-30T02:52:37.026+0000] {logging_mixin.py:190} INFO - [2024-08-30T02:52:37.026+0000] {dagbag.py:587} INFO - Filling up the DagBag from /home/airflow/.local/lib/python3.12/site-packages/airflow/example_dags/example_branch_labels.py
[2024-08-30T02:52:37.036+0000] {processor.py:925} INFO - DAG(s) 'example_branch_labels' retrieved from /home/airflow/.local/lib/python3.12/site-packages/airflow/example_dags/example_branch_labels.py
[2024-08-30T02:52:37.056+0000] {logging_mixin.py:190} INFO - [2024-08-30T02:52:37.056+0000] {dag.py:3211} INFO - Sync 1 DAGs
[2024-08-30T02:52:37.078+0000] {logging_mixin.py:190} INFO - [2024-08-30T02:52:37.078+0000] {dag.py:4138} INFO - Setting next_dagrun for example_branch_labels to 2024-08-29 00:00:00+00:00, run_after=2024-08-30 00:00:00+00:00
[2024-08-30T02:52:37.097+0000] {processor.py:208} INFO - Processing /home/airflow/.local/lib/python3.12/site-packages/airflow/example_dags/example_branch_labels.py took 0.079 seconds
[2024-08-30T02:53:07.893+0000] {processor.py:186} INFO - Started process (PID=5078) to work on /home/airflow/.local/lib/python3.12/site-packages/airflow/example_dags/example_branch_labels.py
[2024-08-30T02:53:07.894+0000] {processor.py:914} INFO - Processing file /home/airflow/.local/lib/python3.12/site-packages/airflow/example_dags/example_branch_labels.py for tasks to queue
[2024-08-30T02:53:07.896+0000] {logging_mixin.py:190} INFO - [2024-08-30T02:53:07.896+0000] {dagbag.py:587} INFO - Filling up the DagBag from /home/airflow/.local/lib/python3.12/site-packages/airflow/example_dags/example_branch_labels.py
[2024-08-30T02:53:07.904+0000] {processor.py:925} INFO - DAG(s) 'example_branch_labels' retrieved from /home/airflow/.local/lib/python3.12/site-packages/airflow/example_dags/example_branch_labels.py
[2024-08-30T02:53:07.924+0000] {logging_mixin.py:190} INFO - [2024-08-30T02:53:07.924+0000] {dag.py:3211} INFO - Sync 1 DAGs
[2024-08-30T02:53:07.945+0000] {logging_mixin.py:190} INFO - [2024-08-30T02:53:07.944+0000] {dag.py:4138} INFO - Setting next_dagrun for example_branch_labels to 2024-08-29 00:00:00+00:00, run_after=2024-08-30 00:00:00+00:00
[2024-08-30T02:53:07.965+0000] {processor.py:208} INFO - Processing /home/airflow/.local/lib/python3.12/site-packages/airflow/example_dags/example_branch_labels.py took 0.076 seconds
[2024-08-30T02:53:38.732+0000] {processor.py:186} INFO - Started process (PID=5364) to work on /home/airflow/.local/lib/python3.12/site-packages/airflow/example_dags/example_branch_labels.py
[2024-08-30T02:53:38.733+0000] {processor.py:914} INFO - Processing file /home/airflow/.local/lib/python3.12/site-packages/airflow/example_dags/example_branch_labels.py for tasks to queue
[2024-08-30T02:53:38.736+0000] {logging_mixin.py:190} INFO - [2024-08-30T02:53:38.736+0000] {dagbag.py:587} INFO - Filling up the DagBag from /home/airflow/.local/lib/python3.12/site-packages/airflow/example_dags/example_branch_labels.py
[2024-08-30T02:53:38.745+0000] {processor.py:925} INFO - DAG(s) 'example_branch_labels' retrieved from /home/airflow/.local/lib/python3.12/site-packages/airflow/example_dags/example_branch_labels.py
[2024-08-30T02:53:38.768+0000] {logging_mixin.py:190} INFO - [2024-08-30T02:53:38.767+0000] {dag.py:3211} INFO - Sync 1 DAGs
[2024-08-30T02:53:38.792+0000] {logging_mixin.py:190} INFO - [2024-08-30T02:53:38.792+0000] {dag.py:4138} INFO - Setting next_dagrun for example_branch_labels to 2024-08-29 00:00:00+00:00, run_after=2024-08-30 00:00:00+00:00
[2024-08-30T02:53:38.814+0000] {processor.py:208} INFO - Processing /home/airflow/.local/lib/python3.12/site-packages/airflow/example_dags/example_branch_labels.py took 0.088 seconds
[2024-08-30T02:54:09.549+0000] {processor.py:186} INFO - Started process (PID=5650) to work on /home/airflow/.local/lib/python3.12/site-packages/airflow/example_dags/example_branch_labels.py
[2024-08-30T02:54:09.550+0000] {processor.py:914} INFO - Processing file /home/airflow/.local/lib/python3.12/site-packages/airflow/example_dags/example_branch_labels.py for tasks to queue
[2024-08-30T02:54:09.552+0000] {logging_mixin.py:190} INFO - [2024-08-30T02:54:09.552+0000] {dagbag.py:587} INFO - Filling up the DagBag from /home/airflow/.local/lib/python3.12/site-packages/airflow/example_dags/example_branch_labels.py
[2024-08-30T02:54:09.561+0000] {processor.py:925} INFO - DAG(s) 'example_branch_labels' retrieved from /home/airflow/.local/lib/python3.12/site-packages/airflow/example_dags/example_branch_labels.py
[2024-08-30T02:54:09.585+0000] {logging_mixin.py:190} INFO - [2024-08-30T02:54:09.585+0000] {dag.py:3211} INFO - Sync 1 DAGs
[2024-08-30T02:54:09.612+0000] {logging_mixin.py:190} INFO - [2024-08-30T02:54:09.612+0000] {dag.py:4138} INFO - Setting next_dagrun for example_branch_labels to 2024-08-29 00:00:00+00:00, run_after=2024-08-30 00:00:00+00:00
[2024-08-30T02:54:09.636+0000] {processor.py:208} INFO - Processing /home/airflow/.local/lib/python3.12/site-packages/airflow/example_dags/example_branch_labels.py took 0.093 seconds
[2024-08-30T02:54:39.800+0000] {processor.py:186} INFO - Started process (PID=5936) to work on /home/airflow/.local/lib/python3.12/site-packages/airflow/example_dags/example_branch_labels.py
[2024-08-30T02:54:39.802+0000] {processor.py:914} INFO - Processing file /home/airflow/.local/lib/python3.12/site-packages/airflow/example_dags/example_branch_labels.py for tasks to queue
[2024-08-30T02:54:39.804+0000] {logging_mixin.py:190} INFO - [2024-08-30T02:54:39.804+0000] {dagbag.py:587} INFO - Filling up the DagBag from /home/airflow/.local/lib/python3.12/site-packages/airflow/example_dags/example_branch_labels.py
[2024-08-30T02:54:39.812+0000] {processor.py:925} INFO - DAG(s) 'example_branch_labels' retrieved from /home/airflow/.local/lib/python3.12/site-packages/airflow/example_dags/example_branch_labels.py
[2024-08-30T02:54:39.833+0000] {logging_mixin.py:190} INFO - [2024-08-30T02:54:39.833+0000] {dag.py:3211} INFO - Sync 1 DAGs
[2024-08-30T02:54:39.858+0000] {logging_mixin.py:190} INFO - [2024-08-30T02:54:39.858+0000] {dag.py:4138} INFO - Setting next_dagrun for example_branch_labels to 2024-08-29 00:00:00+00:00, run_after=2024-08-30 00:00:00+00:00
[2024-08-30T02:54:39.877+0000] {processor.py:208} INFO - Processing /home/airflow/.local/lib/python3.12/site-packages/airflow/example_dags/example_branch_labels.py took 0.081 seconds
[2024-08-30T02:55:10.851+0000] {processor.py:186} INFO - Started process (PID=6222) to work on /home/airflow/.local/lib/python3.12/site-packages/airflow/example_dags/example_branch_labels.py
[2024-08-30T02:55:10.852+0000] {processor.py:914} INFO - Processing file /home/airflow/.local/lib/python3.12/site-packages/airflow/example_dags/example_branch_labels.py for tasks to queue
[2024-08-30T02:55:10.854+0000] {logging_mixin.py:190} INFO - [2024-08-30T02:55:10.854+0000] {dagbag.py:587} INFO - Filling up the DagBag from /home/airflow/.local/lib/python3.12/site-packages/airflow/example_dags/example_branch_labels.py
[2024-08-30T02:55:10.862+0000] {processor.py:925} INFO - DAG(s) 'example_branch_labels' retrieved from /home/airflow/.local/lib/python3.12/site-packages/airflow/example_dags/example_branch_labels.py
[2024-08-30T02:55:10.884+0000] {logging_mixin.py:190} INFO - [2024-08-30T02:55:10.884+0000] {dag.py:3211} INFO - Sync 1 DAGs
[2024-08-30T02:55:10.907+0000] {logging_mixin.py:190} INFO - [2024-08-30T02:55:10.906+0000] {dag.py:4138} INFO - Setting next_dagrun for example_branch_labels to 2024-08-29 00:00:00+00:00, run_after=2024-08-30 00:00:00+00:00
[2024-08-30T02:55:10.926+0000] {processor.py:208} INFO - Processing /home/airflow/.local/lib/python3.12/site-packages/airflow/example_dags/example_branch_labels.py took 0.080 seconds
[2024-08-30T02:55:41.738+0000] {processor.py:186} INFO - Started process (PID=6508) to work on /home/airflow/.local/lib/python3.12/site-packages/airflow/example_dags/example_branch_labels.py
[2024-08-30T02:55:41.739+0000] {processor.py:914} INFO - Processing file /home/airflow/.local/lib/python3.12/site-packages/airflow/example_dags/example_branch_labels.py for tasks to queue
[2024-08-30T02:55:41.741+0000] {logging_mixin.py:190} INFO - [2024-08-30T02:55:41.741+0000] {dagbag.py:587} INFO - Filling up the DagBag from /home/airflow/.local/lib/python3.12/site-packages/airflow/example_dags/example_branch_labels.py
[2024-08-30T02:55:41.753+0000] {processor.py:925} INFO - DAG(s) 'example_branch_labels' retrieved from /home/airflow/.local/lib/python3.12/site-packages/airflow/example_dags/example_branch_labels.py
[2024-08-30T02:55:41.775+0000] {logging_mixin.py:190} INFO - [2024-08-30T02:55:41.775+0000] {dag.py:3211} INFO - Sync 1 DAGs
[2024-08-30T02:55:41.804+0000] {logging_mixin.py:190} INFO - [2024-08-30T02:55:41.804+0000] {dag.py:4138} INFO - Setting next_dagrun for example_branch_labels to 2024-08-29 00:00:00+00:00, run_after=2024-08-30 00:00:00+00:00
[2024-08-30T02:55:41.825+0000] {processor.py:208} INFO - Processing /home/airflow/.local/lib/python3.12/site-packages/airflow/example_dags/example_branch_labels.py took 0.092 seconds
[2024-08-30T02:56:12.023+0000] {processor.py:186} INFO - Started process (PID=6794) to work on /home/airflow/.local/lib/python3.12/site-packages/airflow/example_dags/example_branch_labels.py
[2024-08-30T02:56:12.024+0000] {processor.py:914} INFO - Processing file /home/airflow/.local/lib/python3.12/site-packages/airflow/example_dags/example_branch_labels.py for tasks to queue
[2024-08-30T02:56:12.025+0000] {logging_mixin.py:190} INFO - [2024-08-30T02:56:12.025+0000] {dagbag.py:587} INFO - Filling up the DagBag from /home/airflow/.local/lib/python3.12/site-packages/airflow/example_dags/example_branch_labels.py
[2024-08-30T02:56:12.034+0000] {processor.py:925} INFO - DAG(s) 'example_branch_labels' retrieved from /home/airflow/.local/lib/python3.12/site-packages/airflow/example_dags/example_branch_labels.py
[2024-08-30T02:56:12.052+0000] {logging_mixin.py:190} INFO - [2024-08-30T02:56:12.052+0000] {dag.py:3211} INFO - Sync 1 DAGs
[2024-08-30T02:56:12.077+0000] {logging_mixin.py:190} INFO - [2024-08-30T02:56:12.076+0000] {dag.py:4138} INFO - Setting next_dagrun for example_branch_labels to 2024-08-29 00:00:00+00:00, run_after=2024-08-30 00:00:00+00:00
[2024-08-30T02:56:12.101+0000] {processor.py:208} INFO - Processing /home/airflow/.local/lib/python3.12/site-packages/airflow/example_dags/example_branch_labels.py took 0.083 seconds
[2024-08-30T02:56:42.432+0000] {processor.py:186} INFO - Started process (PID=7080) to work on /home/airflow/.local/lib/python3.12/site-packages/airflow/example_dags/example_branch_labels.py
[2024-08-30T02:56:42.432+0000] {processor.py:914} INFO - Processing file /home/airflow/.local/lib/python3.12/site-packages/airflow/example_dags/example_branch_labels.py for tasks to queue
[2024-08-30T02:56:42.435+0000] {logging_mixin.py:190} INFO - [2024-08-30T02:56:42.434+0000] {dagbag.py:587} INFO - Filling up the DagBag from /home/airflow/.local/lib/python3.12/site-packages/airflow/example_dags/example_branch_labels.py
[2024-08-30T02:56:42.442+0000] {processor.py:925} INFO - DAG(s) 'example_branch_labels' retrieved from /home/airflow/.local/lib/python3.12/site-packages/airflow/example_dags/example_branch_labels.py
[2024-08-30T02:56:42.463+0000] {logging_mixin.py:190} INFO - [2024-08-30T02:56:42.463+0000] {dag.py:3211} INFO - Sync 1 DAGs
[2024-08-30T02:56:42.487+0000] {logging_mixin.py:190} INFO - [2024-08-30T02:56:42.487+0000] {dag.py:4138} INFO - Setting next_dagrun for example_branch_labels to 2024-08-29 00:00:00+00:00, run_after=2024-08-30 00:00:00+00:00
[2024-08-30T02:56:42.508+0000] {processor.py:208} INFO - Processing /home/airflow/.local/lib/python3.12/site-packages/airflow/example_dags/example_branch_labels.py took 0.081 seconds
[2024-08-30T02:57:12.672+0000] {processor.py:186} INFO - Started process (PID=7361) to work on /home/airflow/.local/lib/python3.12/site-packages/airflow/example_dags/example_branch_labels.py
[2024-08-30T02:57:12.673+0000] {processor.py:914} INFO - Processing file /home/airflow/.local/lib/python3.12/site-packages/airflow/example_dags/example_branch_labels.py for tasks to queue
[2024-08-30T02:57:12.675+0000] {logging_mixin.py:190} INFO - [2024-08-30T02:57:12.675+0000] {dagbag.py:587} INFO - Filling up the DagBag from /home/airflow/.local/lib/python3.12/site-packages/airflow/example_dags/example_branch_labels.py
[2024-08-30T02:57:12.684+0000] {processor.py:925} INFO - DAG(s) 'example_branch_labels' retrieved from /home/airflow/.local/lib/python3.12/site-packages/airflow/example_dags/example_branch_labels.py
[2024-08-30T02:57:12.705+0000] {logging_mixin.py:190} INFO - [2024-08-30T02:57:12.705+0000] {dag.py:3211} INFO - Sync 1 DAGs
[2024-08-30T02:57:12.729+0000] {logging_mixin.py:190} INFO - [2024-08-30T02:57:12.729+0000] {dag.py:4138} INFO - Setting next_dagrun for example_branch_labels to 2024-08-29 00:00:00+00:00, run_after=2024-08-30 00:00:00+00:00
[2024-08-30T02:57:12.747+0000] {processor.py:208} INFO - Processing /home/airflow/.local/lib/python3.12/site-packages/airflow/example_dags/example_branch_labels.py took 0.080 seconds
