[2024-08-30T02:44:28.920+0000] {processor.py:186} INFO - Started process (PID=391) to work on /home/airflow/.local/lib/python3.12/site-packages/airflow/example_dags/example_subdag_operator.py
[2024-08-30T02:44:28.921+0000] {processor.py:914} INFO - Processing file /home/airflow/.local/lib/python3.12/site-packages/airflow/example_dags/example_subdag_operator.py for tasks to queue
[2024-08-30T02:44:28.923+0000] {logging_mixin.py:190} INFO - [2024-08-30T02:44:28.923+0000] {dagbag.py:587} INFO - Filling up the DagBag from /home/airflow/.local/lib/python3.12/site-packages/airflow/example_dags/example_subdag_operator.py
[2024-08-30T02:44:28.947+0000] {processor.py:925} INFO - DAG(s) 'example_subdag_operator.section-1', 'example_subdag_operator.section-2', 'example_subdag_operator' retrieved from /home/airflow/.local/lib/python3.12/site-packages/airflow/example_dags/example_subdag_operator.py
[2024-08-30T02:44:28.964+0000] {logging_mixin.py:190} INFO - [2024-08-30T02:44:28.964+0000] {dag.py:3211} INFO - Sync 3 DAGs
[2024-08-30T02:44:28.986+0000] {logging_mixin.py:190} INFO - [2024-08-30T02:44:28.986+0000] {dag.py:4138} INFO - Setting next_dagrun for example_subdag_operator to 2022-01-01 00:00:00+00:00, run_after=2022-01-01 00:00:00+00:00
[2024-08-30T02:44:28.989+0000] {logging_mixin.py:190} INFO - [2024-08-30T02:44:28.989+0000] {dag.py:4138} INFO - Setting next_dagrun for example_subdag_operator.section-1 to None, run_after=None
[2024-08-30T02:44:28.991+0000] {logging_mixin.py:190} INFO - [2024-08-30T02:44:28.990+0000] {dag.py:4138} INFO - Setting next_dagrun for example_subdag_operator.section-2 to None, run_after=None
[2024-08-30T02:44:28.998+0000] {logging_mixin.py:190} INFO - [2024-08-30T02:44:28.998+0000] {dag.py:3211} INFO - Sync 2 DAGs
[2024-08-30T02:44:29.004+0000] {logging_mixin.py:190} INFO - [2024-08-30T02:44:29.004+0000] {dag.py:4138} INFO - Setting next_dagrun for example_subdag_operator.section-1 to None, run_after=None
[2024-08-30T02:44:29.005+0000] {logging_mixin.py:190} INFO - [2024-08-30T02:44:29.005+0000] {dag.py:4138} INFO - Setting next_dagrun for example_subdag_operator.section-2 to None, run_after=None
[2024-08-30T02:44:29.018+0000] {processor.py:208} INFO - Processing /home/airflow/.local/lib/python3.12/site-packages/airflow/example_dags/example_subdag_operator.py took 0.103 seconds
[2024-08-30T02:44:59.238+0000] {processor.py:186} INFO - Started process (PID=679) to work on /home/airflow/.local/lib/python3.12/site-packages/airflow/example_dags/example_subdag_operator.py
[2024-08-30T02:44:59.239+0000] {processor.py:914} INFO - Processing file /home/airflow/.local/lib/python3.12/site-packages/airflow/example_dags/example_subdag_operator.py for tasks to queue
[2024-08-30T02:44:59.240+0000] {logging_mixin.py:190} INFO - [2024-08-30T02:44:59.240+0000] {dagbag.py:587} INFO - Filling up the DagBag from /home/airflow/.local/lib/python3.12/site-packages/airflow/example_dags/example_subdag_operator.py
[2024-08-30T02:44:59.264+0000] {processor.py:925} INFO - DAG(s) 'example_subdag_operator.section-1', 'example_subdag_operator.section-2', 'example_subdag_operator' retrieved from /home/airflow/.local/lib/python3.12/site-packages/airflow/example_dags/example_subdag_operator.py
[2024-08-30T02:44:59.280+0000] {logging_mixin.py:190} INFO - [2024-08-30T02:44:59.280+0000] {dag.py:3211} INFO - Sync 3 DAGs
[2024-08-30T02:44:59.305+0000] {logging_mixin.py:190} INFO - [2024-08-30T02:44:59.305+0000] {dag.py:4138} INFO - Setting next_dagrun for example_subdag_operator to 2022-01-01 00:00:00+00:00, run_after=2022-01-01 00:00:00+00:00
[2024-08-30T02:44:59.309+0000] {logging_mixin.py:190} INFO - [2024-08-30T02:44:59.309+0000] {dag.py:4138} INFO - Setting next_dagrun for example_subdag_operator.section-1 to None, run_after=None
[2024-08-30T02:44:59.310+0000] {logging_mixin.py:190} INFO - [2024-08-30T02:44:59.310+0000] {dag.py:4138} INFO - Setting next_dagrun for example_subdag_operator.section-2 to None, run_after=None
[2024-08-30T02:44:59.319+0000] {logging_mixin.py:190} INFO - [2024-08-30T02:44:59.319+0000] {dag.py:3211} INFO - Sync 2 DAGs
[2024-08-30T02:44:59.325+0000] {logging_mixin.py:190} INFO - [2024-08-30T02:44:59.325+0000] {dag.py:4138} INFO - Setting next_dagrun for example_subdag_operator.section-1 to None, run_after=None
[2024-08-30T02:44:59.326+0000] {logging_mixin.py:190} INFO - [2024-08-30T02:44:59.326+0000] {dag.py:4138} INFO - Setting next_dagrun for example_subdag_operator.section-2 to None, run_after=None
[2024-08-30T02:44:59.339+0000] {processor.py:208} INFO - Processing /home/airflow/.local/lib/python3.12/site-packages/airflow/example_dags/example_subdag_operator.py took 0.107 seconds
[2024-08-30T02:45:29.706+0000] {processor.py:186} INFO - Started process (PID=965) to work on /home/airflow/.local/lib/python3.12/site-packages/airflow/example_dags/example_subdag_operator.py
[2024-08-30T02:45:29.707+0000] {processor.py:914} INFO - Processing file /home/airflow/.local/lib/python3.12/site-packages/airflow/example_dags/example_subdag_operator.py for tasks to queue
[2024-08-30T02:45:29.709+0000] {logging_mixin.py:190} INFO - [2024-08-30T02:45:29.708+0000] {dagbag.py:587} INFO - Filling up the DagBag from /home/airflow/.local/lib/python3.12/site-packages/airflow/example_dags/example_subdag_operator.py
[2024-08-30T02:45:29.730+0000] {processor.py:925} INFO - DAG(s) 'example_subdag_operator.section-1', 'example_subdag_operator.section-2', 'example_subdag_operator' retrieved from /home/airflow/.local/lib/python3.12/site-packages/airflow/example_dags/example_subdag_operator.py
[2024-08-30T02:45:29.745+0000] {logging_mixin.py:190} INFO - [2024-08-30T02:45:29.744+0000] {dag.py:3211} INFO - Sync 3 DAGs
[2024-08-30T02:45:29.767+0000] {logging_mixin.py:190} INFO - [2024-08-30T02:45:29.767+0000] {dag.py:4138} INFO - Setting next_dagrun for example_subdag_operator to 2022-01-01 00:00:00+00:00, run_after=2022-01-01 00:00:00+00:00
[2024-08-30T02:45:29.771+0000] {logging_mixin.py:190} INFO - [2024-08-30T02:45:29.771+0000] {dag.py:4138} INFO - Setting next_dagrun for example_subdag_operator.section-1 to None, run_after=None
[2024-08-30T02:45:29.772+0000] {logging_mixin.py:190} INFO - [2024-08-30T02:45:29.772+0000] {dag.py:4138} INFO - Setting next_dagrun for example_subdag_operator.section-2 to None, run_after=None
[2024-08-30T02:45:29.779+0000] {logging_mixin.py:190} INFO - [2024-08-30T02:45:29.778+0000] {dag.py:3211} INFO - Sync 2 DAGs
[2024-08-30T02:45:29.784+0000] {logging_mixin.py:190} INFO - [2024-08-30T02:45:29.784+0000] {dag.py:4138} INFO - Setting next_dagrun for example_subdag_operator.section-1 to None, run_after=None
[2024-08-30T02:45:29.785+0000] {logging_mixin.py:190} INFO - [2024-08-30T02:45:29.784+0000] {dag.py:4138} INFO - Setting next_dagrun for example_subdag_operator.section-2 to None, run_after=None
[2024-08-30T02:45:29.796+0000] {processor.py:208} INFO - Processing /home/airflow/.local/lib/python3.12/site-packages/airflow/example_dags/example_subdag_operator.py took 0.095 seconds
[2024-08-30T02:46:00.462+0000] {processor.py:186} INFO - Started process (PID=1251) to work on /home/airflow/.local/lib/python3.12/site-packages/airflow/example_dags/example_subdag_operator.py
[2024-08-30T02:46:00.463+0000] {processor.py:914} INFO - Processing file /home/airflow/.local/lib/python3.12/site-packages/airflow/example_dags/example_subdag_operator.py for tasks to queue
[2024-08-30T02:46:00.465+0000] {logging_mixin.py:190} INFO - [2024-08-30T02:46:00.465+0000] {dagbag.py:587} INFO - Filling up the DagBag from /home/airflow/.local/lib/python3.12/site-packages/airflow/example_dags/example_subdag_operator.py
[2024-08-30T02:46:00.489+0000] {processor.py:925} INFO - DAG(s) 'example_subdag_operator.section-1', 'example_subdag_operator.section-2', 'example_subdag_operator' retrieved from /home/airflow/.local/lib/python3.12/site-packages/airflow/example_dags/example_subdag_operator.py
[2024-08-30T02:46:00.503+0000] {logging_mixin.py:190} INFO - [2024-08-30T02:46:00.503+0000] {dag.py:3211} INFO - Sync 3 DAGs
[2024-08-30T02:46:00.525+0000] {logging_mixin.py:190} INFO - [2024-08-30T02:46:00.525+0000] {dag.py:4138} INFO - Setting next_dagrun for example_subdag_operator to 2022-01-01 00:00:00+00:00, run_after=2022-01-01 00:00:00+00:00
[2024-08-30T02:46:00.529+0000] {logging_mixin.py:190} INFO - [2024-08-30T02:46:00.529+0000] {dag.py:4138} INFO - Setting next_dagrun for example_subdag_operator.section-1 to None, run_after=None
[2024-08-30T02:46:00.530+0000] {logging_mixin.py:190} INFO - [2024-08-30T02:46:00.530+0000] {dag.py:4138} INFO - Setting next_dagrun for example_subdag_operator.section-2 to None, run_after=None
[2024-08-30T02:46:00.536+0000] {logging_mixin.py:190} INFO - [2024-08-30T02:46:00.536+0000] {dag.py:3211} INFO - Sync 2 DAGs
[2024-08-30T02:46:00.542+0000] {logging_mixin.py:190} INFO - [2024-08-30T02:46:00.541+0000] {dag.py:4138} INFO - Setting next_dagrun for example_subdag_operator.section-1 to None, run_after=None
[2024-08-30T02:46:00.542+0000] {logging_mixin.py:190} INFO - [2024-08-30T02:46:00.542+0000] {dag.py:4138} INFO - Setting next_dagrun for example_subdag_operator.section-2 to None, run_after=None
[2024-08-30T02:46:00.554+0000] {processor.py:208} INFO - Processing /home/airflow/.local/lib/python3.12/site-packages/airflow/example_dags/example_subdag_operator.py took 0.097 seconds
[2024-08-30T02:46:30.895+0000] {processor.py:186} INFO - Started process (PID=1535) to work on /home/airflow/.local/lib/python3.12/site-packages/airflow/example_dags/example_subdag_operator.py
[2024-08-30T02:46:30.896+0000] {processor.py:914} INFO - Processing file /home/airflow/.local/lib/python3.12/site-packages/airflow/example_dags/example_subdag_operator.py for tasks to queue
[2024-08-30T02:46:30.898+0000] {logging_mixin.py:190} INFO - [2024-08-30T02:46:30.898+0000] {dagbag.py:587} INFO - Filling up the DagBag from /home/airflow/.local/lib/python3.12/site-packages/airflow/example_dags/example_subdag_operator.py
[2024-08-30T02:46:30.920+0000] {processor.py:925} INFO - DAG(s) 'example_subdag_operator.section-1', 'example_subdag_operator.section-2', 'example_subdag_operator' retrieved from /home/airflow/.local/lib/python3.12/site-packages/airflow/example_dags/example_subdag_operator.py
[2024-08-30T02:46:30.933+0000] {logging_mixin.py:190} INFO - [2024-08-30T02:46:30.933+0000] {dag.py:3211} INFO - Sync 3 DAGs
[2024-08-30T02:46:30.955+0000] {logging_mixin.py:190} INFO - [2024-08-30T02:46:30.955+0000] {dag.py:4138} INFO - Setting next_dagrun for example_subdag_operator to 2022-01-01 00:00:00+00:00, run_after=2022-01-01 00:00:00+00:00
[2024-08-30T02:46:30.959+0000] {logging_mixin.py:190} INFO - [2024-08-30T02:46:30.959+0000] {dag.py:4138} INFO - Setting next_dagrun for example_subdag_operator.section-1 to None, run_after=None
[2024-08-30T02:46:30.960+0000] {logging_mixin.py:190} INFO - [2024-08-30T02:46:30.960+0000] {dag.py:4138} INFO - Setting next_dagrun for example_subdag_operator.section-2 to None, run_after=None
[2024-08-30T02:46:30.965+0000] {logging_mixin.py:190} INFO - [2024-08-30T02:46:30.965+0000] {dag.py:3211} INFO - Sync 2 DAGs
[2024-08-30T02:46:30.971+0000] {logging_mixin.py:190} INFO - [2024-08-30T02:46:30.970+0000] {dag.py:4138} INFO - Setting next_dagrun for example_subdag_operator.section-1 to None, run_after=None
[2024-08-30T02:46:30.971+0000] {logging_mixin.py:190} INFO - [2024-08-30T02:46:30.971+0000] {dag.py:4138} INFO - Setting next_dagrun for example_subdag_operator.section-2 to None, run_after=None
[2024-08-30T02:46:30.983+0000] {processor.py:208} INFO - Processing /home/airflow/.local/lib/python3.12/site-packages/airflow/example_dags/example_subdag_operator.py took 0.093 seconds
[2024-08-30T02:47:01.660+0000] {processor.py:186} INFO - Started process (PID=1823) to work on /home/airflow/.local/lib/python3.12/site-packages/airflow/example_dags/example_subdag_operator.py
[2024-08-30T02:47:01.661+0000] {processor.py:914} INFO - Processing file /home/airflow/.local/lib/python3.12/site-packages/airflow/example_dags/example_subdag_operator.py for tasks to queue
[2024-08-30T02:47:01.664+0000] {logging_mixin.py:190} INFO - [2024-08-30T02:47:01.663+0000] {dagbag.py:587} INFO - Filling up the DagBag from /home/airflow/.local/lib/python3.12/site-packages/airflow/example_dags/example_subdag_operator.py
[2024-08-30T02:47:01.686+0000] {processor.py:925} INFO - DAG(s) 'example_subdag_operator.section-1', 'example_subdag_operator.section-2', 'example_subdag_operator' retrieved from /home/airflow/.local/lib/python3.12/site-packages/airflow/example_dags/example_subdag_operator.py
[2024-08-30T02:47:01.700+0000] {logging_mixin.py:190} INFO - [2024-08-30T02:47:01.700+0000] {dag.py:3211} INFO - Sync 3 DAGs
[2024-08-30T02:47:01.722+0000] {logging_mixin.py:190} INFO - [2024-08-30T02:47:01.722+0000] {dag.py:4138} INFO - Setting next_dagrun for example_subdag_operator to 2022-01-01 00:00:00+00:00, run_after=2022-01-01 00:00:00+00:00
[2024-08-30T02:47:01.726+0000] {logging_mixin.py:190} INFO - [2024-08-30T02:47:01.726+0000] {dag.py:4138} INFO - Setting next_dagrun for example_subdag_operator.section-1 to None, run_after=None
[2024-08-30T02:47:01.727+0000] {logging_mixin.py:190} INFO - [2024-08-30T02:47:01.727+0000] {dag.py:4138} INFO - Setting next_dagrun for example_subdag_operator.section-2 to None, run_after=None
[2024-08-30T02:47:01.734+0000] {logging_mixin.py:190} INFO - [2024-08-30T02:47:01.734+0000] {dag.py:3211} INFO - Sync 2 DAGs
[2024-08-30T02:47:01.741+0000] {logging_mixin.py:190} INFO - [2024-08-30T02:47:01.740+0000] {dag.py:4138} INFO - Setting next_dagrun for example_subdag_operator.section-1 to None, run_after=None
[2024-08-30T02:47:01.741+0000] {logging_mixin.py:190} INFO - [2024-08-30T02:47:01.741+0000] {dag.py:4138} INFO - Setting next_dagrun for example_subdag_operator.section-2 to None, run_after=None
[2024-08-30T02:47:01.755+0000] {processor.py:208} INFO - Processing /home/airflow/.local/lib/python3.12/site-packages/airflow/example_dags/example_subdag_operator.py took 0.099 seconds
[2024-08-30T02:47:32.564+0000] {processor.py:186} INFO - Started process (PID=2107) to work on /home/airflow/.local/lib/python3.12/site-packages/airflow/example_dags/example_subdag_operator.py
[2024-08-30T02:47:32.564+0000] {processor.py:914} INFO - Processing file /home/airflow/.local/lib/python3.12/site-packages/airflow/example_dags/example_subdag_operator.py for tasks to queue
[2024-08-30T02:47:32.566+0000] {logging_mixin.py:190} INFO - [2024-08-30T02:47:32.566+0000] {dagbag.py:587} INFO - Filling up the DagBag from /home/airflow/.local/lib/python3.12/site-packages/airflow/example_dags/example_subdag_operator.py
[2024-08-30T02:47:32.587+0000] {processor.py:925} INFO - DAG(s) 'example_subdag_operator.section-1', 'example_subdag_operator.section-2', 'example_subdag_operator' retrieved from /home/airflow/.local/lib/python3.12/site-packages/airflow/example_dags/example_subdag_operator.py
[2024-08-30T02:47:32.601+0000] {logging_mixin.py:190} INFO - [2024-08-30T02:47:32.601+0000] {dag.py:3211} INFO - Sync 3 DAGs
[2024-08-30T02:47:32.623+0000] {logging_mixin.py:190} INFO - [2024-08-30T02:47:32.623+0000] {dag.py:4138} INFO - Setting next_dagrun for example_subdag_operator to 2022-01-01 00:00:00+00:00, run_after=2022-01-01 00:00:00+00:00
[2024-08-30T02:47:32.628+0000] {logging_mixin.py:190} INFO - [2024-08-30T02:47:32.628+0000] {dag.py:4138} INFO - Setting next_dagrun for example_subdag_operator.section-1 to None, run_after=None
[2024-08-30T02:47:32.629+0000] {logging_mixin.py:190} INFO - [2024-08-30T02:47:32.629+0000] {dag.py:4138} INFO - Setting next_dagrun for example_subdag_operator.section-2 to None, run_after=None
[2024-08-30T02:47:32.636+0000] {logging_mixin.py:190} INFO - [2024-08-30T02:47:32.635+0000] {dag.py:3211} INFO - Sync 2 DAGs
[2024-08-30T02:47:32.641+0000] {logging_mixin.py:190} INFO - [2024-08-30T02:47:32.641+0000] {dag.py:4138} INFO - Setting next_dagrun for example_subdag_operator.section-1 to None, run_after=None
[2024-08-30T02:47:32.642+0000] {logging_mixin.py:190} INFO - [2024-08-30T02:47:32.642+0000] {dag.py:4138} INFO - Setting next_dagrun for example_subdag_operator.section-2 to None, run_after=None
[2024-08-30T02:47:32.656+0000] {processor.py:208} INFO - Processing /home/airflow/.local/lib/python3.12/site-packages/airflow/example_dags/example_subdag_operator.py took 0.097 seconds
[2024-08-30T02:48:03.507+0000] {processor.py:186} INFO - Started process (PID=2393) to work on /home/airflow/.local/lib/python3.12/site-packages/airflow/example_dags/example_subdag_operator.py
[2024-08-30T02:48:03.508+0000] {processor.py:914} INFO - Processing file /home/airflow/.local/lib/python3.12/site-packages/airflow/example_dags/example_subdag_operator.py for tasks to queue
[2024-08-30T02:48:03.510+0000] {logging_mixin.py:190} INFO - [2024-08-30T02:48:03.510+0000] {dagbag.py:587} INFO - Filling up the DagBag from /home/airflow/.local/lib/python3.12/site-packages/airflow/example_dags/example_subdag_operator.py
[2024-08-30T02:48:03.531+0000] {processor.py:925} INFO - DAG(s) 'example_subdag_operator.section-1', 'example_subdag_operator.section-2', 'example_subdag_operator' retrieved from /home/airflow/.local/lib/python3.12/site-packages/airflow/example_dags/example_subdag_operator.py
[2024-08-30T02:48:03.544+0000] {logging_mixin.py:190} INFO - [2024-08-30T02:48:03.544+0000] {dag.py:3211} INFO - Sync 3 DAGs
[2024-08-30T02:48:03.565+0000] {logging_mixin.py:190} INFO - [2024-08-30T02:48:03.565+0000] {dag.py:4138} INFO - Setting next_dagrun for example_subdag_operator to 2022-01-01 00:00:00+00:00, run_after=2022-01-01 00:00:00+00:00
[2024-08-30T02:48:03.568+0000] {logging_mixin.py:190} INFO - [2024-08-30T02:48:03.568+0000] {dag.py:4138} INFO - Setting next_dagrun for example_subdag_operator.section-1 to None, run_after=None
[2024-08-30T02:48:03.570+0000] {logging_mixin.py:190} INFO - [2024-08-30T02:48:03.570+0000] {dag.py:4138} INFO - Setting next_dagrun for example_subdag_operator.section-2 to None, run_after=None
[2024-08-30T02:48:03.577+0000] {logging_mixin.py:190} INFO - [2024-08-30T02:48:03.577+0000] {dag.py:3211} INFO - Sync 2 DAGs
[2024-08-30T02:48:03.583+0000] {logging_mixin.py:190} INFO - [2024-08-30T02:48:03.583+0000] {dag.py:4138} INFO - Setting next_dagrun for example_subdag_operator.section-1 to None, run_after=None
[2024-08-30T02:48:03.584+0000] {logging_mixin.py:190} INFO - [2024-08-30T02:48:03.584+0000] {dag.py:4138} INFO - Setting next_dagrun for example_subdag_operator.section-2 to None, run_after=None
[2024-08-30T02:48:03.597+0000] {processor.py:208} INFO - Processing /home/airflow/.local/lib/python3.12/site-packages/airflow/example_dags/example_subdag_operator.py took 0.095 seconds
[2024-08-30T02:48:34.531+0000] {processor.py:186} INFO - Started process (PID=2679) to work on /home/airflow/.local/lib/python3.12/site-packages/airflow/example_dags/example_subdag_operator.py
[2024-08-30T02:48:34.531+0000] {processor.py:914} INFO - Processing file /home/airflow/.local/lib/python3.12/site-packages/airflow/example_dags/example_subdag_operator.py for tasks to queue
[2024-08-30T02:48:34.534+0000] {logging_mixin.py:190} INFO - [2024-08-30T02:48:34.533+0000] {dagbag.py:587} INFO - Filling up the DagBag from /home/airflow/.local/lib/python3.12/site-packages/airflow/example_dags/example_subdag_operator.py
[2024-08-30T02:48:34.557+0000] {processor.py:925} INFO - DAG(s) 'example_subdag_operator.section-1', 'example_subdag_operator.section-2', 'example_subdag_operator' retrieved from /home/airflow/.local/lib/python3.12/site-packages/airflow/example_dags/example_subdag_operator.py
[2024-08-30T02:48:34.571+0000] {logging_mixin.py:190} INFO - [2024-08-30T02:48:34.571+0000] {dag.py:3211} INFO - Sync 3 DAGs
[2024-08-30T02:48:34.592+0000] {logging_mixin.py:190} INFO - [2024-08-30T02:48:34.591+0000] {dag.py:4138} INFO - Setting next_dagrun for example_subdag_operator to 2022-01-01 00:00:00+00:00, run_after=2022-01-01 00:00:00+00:00
[2024-08-30T02:48:34.596+0000] {logging_mixin.py:190} INFO - [2024-08-30T02:48:34.595+0000] {dag.py:4138} INFO - Setting next_dagrun for example_subdag_operator.section-1 to None, run_after=None
[2024-08-30T02:48:34.597+0000] {logging_mixin.py:190} INFO - [2024-08-30T02:48:34.597+0000] {dag.py:4138} INFO - Setting next_dagrun for example_subdag_operator.section-2 to None, run_after=None
[2024-08-30T02:48:34.606+0000] {logging_mixin.py:190} INFO - [2024-08-30T02:48:34.605+0000] {dag.py:3211} INFO - Sync 2 DAGs
[2024-08-30T02:48:34.612+0000] {logging_mixin.py:190} INFO - [2024-08-30T02:48:34.611+0000] {dag.py:4138} INFO - Setting next_dagrun for example_subdag_operator.section-1 to None, run_after=None
[2024-08-30T02:48:34.612+0000] {logging_mixin.py:190} INFO - [2024-08-30T02:48:34.612+0000] {dag.py:4138} INFO - Setting next_dagrun for example_subdag_operator.section-2 to None, run_after=None
[2024-08-30T02:48:34.624+0000] {processor.py:208} INFO - Processing /home/airflow/.local/lib/python3.12/site-packages/airflow/example_dags/example_subdag_operator.py took 0.099 seconds
[2024-08-30T02:49:05.175+0000] {processor.py:186} INFO - Started process (PID=2965) to work on /home/airflow/.local/lib/python3.12/site-packages/airflow/example_dags/example_subdag_operator.py
[2024-08-30T02:49:05.176+0000] {processor.py:914} INFO - Processing file /home/airflow/.local/lib/python3.12/site-packages/airflow/example_dags/example_subdag_operator.py for tasks to queue
[2024-08-30T02:49:05.179+0000] {logging_mixin.py:190} INFO - [2024-08-30T02:49:05.179+0000] {dagbag.py:587} INFO - Filling up the DagBag from /home/airflow/.local/lib/python3.12/site-packages/airflow/example_dags/example_subdag_operator.py
[2024-08-30T02:49:05.204+0000] {processor.py:925} INFO - DAG(s) 'example_subdag_operator.section-1', 'example_subdag_operator.section-2', 'example_subdag_operator' retrieved from /home/airflow/.local/lib/python3.12/site-packages/airflow/example_dags/example_subdag_operator.py
[2024-08-30T02:49:05.219+0000] {logging_mixin.py:190} INFO - [2024-08-30T02:49:05.218+0000] {dag.py:3211} INFO - Sync 3 DAGs
[2024-08-30T02:49:05.241+0000] {logging_mixin.py:190} INFO - [2024-08-30T02:49:05.241+0000] {dag.py:4138} INFO - Setting next_dagrun for example_subdag_operator to 2022-01-01 00:00:00+00:00, run_after=2022-01-01 00:00:00+00:00
[2024-08-30T02:49:05.245+0000] {logging_mixin.py:190} INFO - [2024-08-30T02:49:05.245+0000] {dag.py:4138} INFO - Setting next_dagrun for example_subdag_operator.section-1 to None, run_after=None
[2024-08-30T02:49:05.246+0000] {logging_mixin.py:190} INFO - [2024-08-30T02:49:05.246+0000] {dag.py:4138} INFO - Setting next_dagrun for example_subdag_operator.section-2 to None, run_after=None
[2024-08-30T02:49:05.254+0000] {logging_mixin.py:190} INFO - [2024-08-30T02:49:05.253+0000] {dag.py:3211} INFO - Sync 2 DAGs
[2024-08-30T02:49:05.259+0000] {logging_mixin.py:190} INFO - [2024-08-30T02:49:05.259+0000] {dag.py:4138} INFO - Setting next_dagrun for example_subdag_operator.section-1 to None, run_after=None
[2024-08-30T02:49:05.259+0000] {logging_mixin.py:190} INFO - [2024-08-30T02:49:05.259+0000] {dag.py:4138} INFO - Setting next_dagrun for example_subdag_operator.section-2 to None, run_after=None
[2024-08-30T02:49:05.272+0000] {processor.py:208} INFO - Processing /home/airflow/.local/lib/python3.12/site-packages/airflow/example_dags/example_subdag_operator.py took 0.103 seconds
[2024-08-30T02:49:36.137+0000] {processor.py:186} INFO - Started process (PID=3251) to work on /home/airflow/.local/lib/python3.12/site-packages/airflow/example_dags/example_subdag_operator.py
[2024-08-30T02:49:36.138+0000] {processor.py:914} INFO - Processing file /home/airflow/.local/lib/python3.12/site-packages/airflow/example_dags/example_subdag_operator.py for tasks to queue
[2024-08-30T02:49:36.139+0000] {logging_mixin.py:190} INFO - [2024-08-30T02:49:36.139+0000] {dagbag.py:587} INFO - Filling up the DagBag from /home/airflow/.local/lib/python3.12/site-packages/airflow/example_dags/example_subdag_operator.py
[2024-08-30T02:49:36.161+0000] {processor.py:925} INFO - DAG(s) 'example_subdag_operator.section-1', 'example_subdag_operator.section-2', 'example_subdag_operator' retrieved from /home/airflow/.local/lib/python3.12/site-packages/airflow/example_dags/example_subdag_operator.py
[2024-08-30T02:49:36.175+0000] {logging_mixin.py:190} INFO - [2024-08-30T02:49:36.175+0000] {dag.py:3211} INFO - Sync 3 DAGs
[2024-08-30T02:49:36.194+0000] {logging_mixin.py:190} INFO - [2024-08-30T02:49:36.194+0000] {dag.py:4138} INFO - Setting next_dagrun for example_subdag_operator to 2022-01-01 00:00:00+00:00, run_after=2022-01-01 00:00:00+00:00
[2024-08-30T02:49:36.198+0000] {logging_mixin.py:190} INFO - [2024-08-30T02:49:36.198+0000] {dag.py:4138} INFO - Setting next_dagrun for example_subdag_operator.section-1 to None, run_after=None
[2024-08-30T02:49:36.199+0000] {logging_mixin.py:190} INFO - [2024-08-30T02:49:36.199+0000] {dag.py:4138} INFO - Setting next_dagrun for example_subdag_operator.section-2 to None, run_after=None
[2024-08-30T02:49:36.206+0000] {logging_mixin.py:190} INFO - [2024-08-30T02:49:36.206+0000] {dag.py:3211} INFO - Sync 2 DAGs
[2024-08-30T02:49:36.212+0000] {logging_mixin.py:190} INFO - [2024-08-30T02:49:36.212+0000] {dag.py:4138} INFO - Setting next_dagrun for example_subdag_operator.section-1 to None, run_after=None
[2024-08-30T02:49:36.212+0000] {logging_mixin.py:190} INFO - [2024-08-30T02:49:36.212+0000] {dag.py:4138} INFO - Setting next_dagrun for example_subdag_operator.section-2 to None, run_after=None
[2024-08-30T02:49:36.224+0000] {processor.py:208} INFO - Processing /home/airflow/.local/lib/python3.12/site-packages/airflow/example_dags/example_subdag_operator.py took 0.092 seconds
[2024-08-30T02:50:06.810+0000] {processor.py:186} INFO - Started process (PID=3537) to work on /home/airflow/.local/lib/python3.12/site-packages/airflow/example_dags/example_subdag_operator.py
[2024-08-30T02:50:06.811+0000] {processor.py:914} INFO - Processing file /home/airflow/.local/lib/python3.12/site-packages/airflow/example_dags/example_subdag_operator.py for tasks to queue
[2024-08-30T02:50:06.814+0000] {logging_mixin.py:190} INFO - [2024-08-30T02:50:06.813+0000] {dagbag.py:587} INFO - Filling up the DagBag from /home/airflow/.local/lib/python3.12/site-packages/airflow/example_dags/example_subdag_operator.py
[2024-08-30T02:50:06.838+0000] {processor.py:925} INFO - DAG(s) 'example_subdag_operator.section-1', 'example_subdag_operator.section-2', 'example_subdag_operator' retrieved from /home/airflow/.local/lib/python3.12/site-packages/airflow/example_dags/example_subdag_operator.py
[2024-08-30T02:50:06.854+0000] {logging_mixin.py:190} INFO - [2024-08-30T02:50:06.853+0000] {dag.py:3211} INFO - Sync 3 DAGs
[2024-08-30T02:50:06.876+0000] {logging_mixin.py:190} INFO - [2024-08-30T02:50:06.875+0000] {dag.py:4138} INFO - Setting next_dagrun for example_subdag_operator to 2022-01-01 00:00:00+00:00, run_after=2022-01-01 00:00:00+00:00
[2024-08-30T02:50:06.880+0000] {logging_mixin.py:190} INFO - [2024-08-30T02:50:06.880+0000] {dag.py:4138} INFO - Setting next_dagrun for example_subdag_operator.section-1 to None, run_after=None
[2024-08-30T02:50:06.881+0000] {logging_mixin.py:190} INFO - [2024-08-30T02:50:06.881+0000] {dag.py:4138} INFO - Setting next_dagrun for example_subdag_operator.section-2 to None, run_after=None
[2024-08-30T02:50:06.889+0000] {logging_mixin.py:190} INFO - [2024-08-30T02:50:06.889+0000] {dag.py:3211} INFO - Sync 2 DAGs
[2024-08-30T02:50:06.896+0000] {logging_mixin.py:190} INFO - [2024-08-30T02:50:06.896+0000] {dag.py:4138} INFO - Setting next_dagrun for example_subdag_operator.section-1 to None, run_after=None
[2024-08-30T02:50:06.897+0000] {logging_mixin.py:190} INFO - [2024-08-30T02:50:06.896+0000] {dag.py:4138} INFO - Setting next_dagrun for example_subdag_operator.section-2 to None, run_after=None
[2024-08-30T02:50:06.910+0000] {processor.py:208} INFO - Processing /home/airflow/.local/lib/python3.12/site-packages/airflow/example_dags/example_subdag_operator.py took 0.105 seconds
[2024-08-30T02:50:37.486+0000] {processor.py:186} INFO - Started process (PID=3823) to work on /home/airflow/.local/lib/python3.12/site-packages/airflow/example_dags/example_subdag_operator.py
[2024-08-30T02:50:37.487+0000] {processor.py:914} INFO - Processing file /home/airflow/.local/lib/python3.12/site-packages/airflow/example_dags/example_subdag_operator.py for tasks to queue
[2024-08-30T02:50:37.490+0000] {logging_mixin.py:190} INFO - [2024-08-30T02:50:37.489+0000] {dagbag.py:587} INFO - Filling up the DagBag from /home/airflow/.local/lib/python3.12/site-packages/airflow/example_dags/example_subdag_operator.py
[2024-08-30T02:50:37.513+0000] {processor.py:925} INFO - DAG(s) 'example_subdag_operator.section-1', 'example_subdag_operator.section-2', 'example_subdag_operator' retrieved from /home/airflow/.local/lib/python3.12/site-packages/airflow/example_dags/example_subdag_operator.py
[2024-08-30T02:50:37.528+0000] {logging_mixin.py:190} INFO - [2024-08-30T02:50:37.528+0000] {dag.py:3211} INFO - Sync 3 DAGs
[2024-08-30T02:50:37.553+0000] {logging_mixin.py:190} INFO - [2024-08-30T02:50:37.552+0000] {dag.py:4138} INFO - Setting next_dagrun for example_subdag_operator to 2022-01-01 00:00:00+00:00, run_after=2022-01-01 00:00:00+00:00
[2024-08-30T02:50:37.557+0000] {logging_mixin.py:190} INFO - [2024-08-30T02:50:37.557+0000] {dag.py:4138} INFO - Setting next_dagrun for example_subdag_operator.section-1 to None, run_after=None
[2024-08-30T02:50:37.558+0000] {logging_mixin.py:190} INFO - [2024-08-30T02:50:37.558+0000] {dag.py:4138} INFO - Setting next_dagrun for example_subdag_operator.section-2 to None, run_after=None
[2024-08-30T02:50:37.565+0000] {logging_mixin.py:190} INFO - [2024-08-30T02:50:37.564+0000] {dag.py:3211} INFO - Sync 2 DAGs
[2024-08-30T02:50:37.571+0000] {logging_mixin.py:190} INFO - [2024-08-30T02:50:37.571+0000] {dag.py:4138} INFO - Setting next_dagrun for example_subdag_operator.section-1 to None, run_after=None
[2024-08-30T02:50:37.571+0000] {logging_mixin.py:190} INFO - [2024-08-30T02:50:37.571+0000] {dag.py:4138} INFO - Setting next_dagrun for example_subdag_operator.section-2 to None, run_after=None
[2024-08-30T02:50:37.583+0000] {processor.py:208} INFO - Processing /home/airflow/.local/lib/python3.12/site-packages/airflow/example_dags/example_subdag_operator.py took 0.102 seconds
[2024-08-30T02:51:08.180+0000] {processor.py:186} INFO - Started process (PID=4111) to work on /home/airflow/.local/lib/python3.12/site-packages/airflow/example_dags/example_subdag_operator.py
[2024-08-30T02:51:08.181+0000] {processor.py:914} INFO - Processing file /home/airflow/.local/lib/python3.12/site-packages/airflow/example_dags/example_subdag_operator.py for tasks to queue
[2024-08-30T02:51:08.184+0000] {logging_mixin.py:190} INFO - [2024-08-30T02:51:08.183+0000] {dagbag.py:587} INFO - Filling up the DagBag from /home/airflow/.local/lib/python3.12/site-packages/airflow/example_dags/example_subdag_operator.py
[2024-08-30T02:51:08.208+0000] {processor.py:925} INFO - DAG(s) 'example_subdag_operator.section-1', 'example_subdag_operator.section-2', 'example_subdag_operator' retrieved from /home/airflow/.local/lib/python3.12/site-packages/airflow/example_dags/example_subdag_operator.py
[2024-08-30T02:51:08.222+0000] {logging_mixin.py:190} INFO - [2024-08-30T02:51:08.222+0000] {dag.py:3211} INFO - Sync 3 DAGs
[2024-08-30T02:51:08.244+0000] {logging_mixin.py:190} INFO - [2024-08-30T02:51:08.243+0000] {dag.py:4138} INFO - Setting next_dagrun for example_subdag_operator to 2022-01-01 00:00:00+00:00, run_after=2022-01-01 00:00:00+00:00
[2024-08-30T02:51:08.247+0000] {logging_mixin.py:190} INFO - [2024-08-30T02:51:08.247+0000] {dag.py:4138} INFO - Setting next_dagrun for example_subdag_operator.section-1 to None, run_after=None
[2024-08-30T02:51:08.248+0000] {logging_mixin.py:190} INFO - [2024-08-30T02:51:08.248+0000] {dag.py:4138} INFO - Setting next_dagrun for example_subdag_operator.section-2 to None, run_after=None
[2024-08-30T02:51:08.254+0000] {logging_mixin.py:190} INFO - [2024-08-30T02:51:08.254+0000] {dag.py:3211} INFO - Sync 2 DAGs
[2024-08-30T02:51:08.260+0000] {logging_mixin.py:190} INFO - [2024-08-30T02:51:08.259+0000] {dag.py:4138} INFO - Setting next_dagrun for example_subdag_operator.section-1 to None, run_after=None
[2024-08-30T02:51:08.260+0000] {logging_mixin.py:190} INFO - [2024-08-30T02:51:08.260+0000] {dag.py:4138} INFO - Setting next_dagrun for example_subdag_operator.section-2 to None, run_after=None
[2024-08-30T02:51:08.271+0000] {processor.py:208} INFO - Processing /home/airflow/.local/lib/python3.12/site-packages/airflow/example_dags/example_subdag_operator.py took 0.096 seconds
[2024-08-30T02:51:38.793+0000] {processor.py:186} INFO - Started process (PID=4395) to work on /home/airflow/.local/lib/python3.12/site-packages/airflow/example_dags/example_subdag_operator.py
[2024-08-30T02:51:38.794+0000] {processor.py:914} INFO - Processing file /home/airflow/.local/lib/python3.12/site-packages/airflow/example_dags/example_subdag_operator.py for tasks to queue
[2024-08-30T02:51:38.796+0000] {logging_mixin.py:190} INFO - [2024-08-30T02:51:38.796+0000] {dagbag.py:587} INFO - Filling up the DagBag from /home/airflow/.local/lib/python3.12/site-packages/airflow/example_dags/example_subdag_operator.py
[2024-08-30T02:51:38.819+0000] {processor.py:925} INFO - DAG(s) 'example_subdag_operator.section-1', 'example_subdag_operator.section-2', 'example_subdag_operator' retrieved from /home/airflow/.local/lib/python3.12/site-packages/airflow/example_dags/example_subdag_operator.py
[2024-08-30T02:51:38.833+0000] {logging_mixin.py:190} INFO - [2024-08-30T02:51:38.833+0000] {dag.py:3211} INFO - Sync 3 DAGs
[2024-08-30T02:51:38.854+0000] {logging_mixin.py:190} INFO - [2024-08-30T02:51:38.853+0000] {dag.py:4138} INFO - Setting next_dagrun for example_subdag_operator to 2022-01-01 00:00:00+00:00, run_after=2022-01-01 00:00:00+00:00
[2024-08-30T02:51:38.858+0000] {logging_mixin.py:190} INFO - [2024-08-30T02:51:38.858+0000] {dag.py:4138} INFO - Setting next_dagrun for example_subdag_operator.section-1 to None, run_after=None
[2024-08-30T02:51:38.859+0000] {logging_mixin.py:190} INFO - [2024-08-30T02:51:38.859+0000] {dag.py:4138} INFO - Setting next_dagrun for example_subdag_operator.section-2 to None, run_after=None
[2024-08-30T02:51:38.865+0000] {logging_mixin.py:190} INFO - [2024-08-30T02:51:38.865+0000] {dag.py:3211} INFO - Sync 2 DAGs
[2024-08-30T02:51:38.872+0000] {logging_mixin.py:190} INFO - [2024-08-30T02:51:38.871+0000] {dag.py:4138} INFO - Setting next_dagrun for example_subdag_operator.section-1 to None, run_after=None
[2024-08-30T02:51:38.872+0000] {logging_mixin.py:190} INFO - [2024-08-30T02:51:38.872+0000] {dag.py:4138} INFO - Setting next_dagrun for example_subdag_operator.section-2 to None, run_after=None
[2024-08-30T02:51:38.885+0000] {processor.py:208} INFO - Processing /home/airflow/.local/lib/python3.12/site-packages/airflow/example_dags/example_subdag_operator.py took 0.096 seconds
[2024-08-30T02:52:09.588+0000] {processor.py:186} INFO - Started process (PID=4681) to work on /home/airflow/.local/lib/python3.12/site-packages/airflow/example_dags/example_subdag_operator.py
[2024-08-30T02:52:09.589+0000] {processor.py:914} INFO - Processing file /home/airflow/.local/lib/python3.12/site-packages/airflow/example_dags/example_subdag_operator.py for tasks to queue
[2024-08-30T02:52:09.591+0000] {logging_mixin.py:190} INFO - [2024-08-30T02:52:09.591+0000] {dagbag.py:587} INFO - Filling up the DagBag from /home/airflow/.local/lib/python3.12/site-packages/airflow/example_dags/example_subdag_operator.py
[2024-08-30T02:52:09.614+0000] {processor.py:925} INFO - DAG(s) 'example_subdag_operator.section-1', 'example_subdag_operator.section-2', 'example_subdag_operator' retrieved from /home/airflow/.local/lib/python3.12/site-packages/airflow/example_dags/example_subdag_operator.py
[2024-08-30T02:52:09.629+0000] {logging_mixin.py:190} INFO - [2024-08-30T02:52:09.629+0000] {dag.py:3211} INFO - Sync 3 DAGs
[2024-08-30T02:52:09.653+0000] {logging_mixin.py:190} INFO - [2024-08-30T02:52:09.652+0000] {dag.py:4138} INFO - Setting next_dagrun for example_subdag_operator to 2022-01-01 00:00:00+00:00, run_after=2022-01-01 00:00:00+00:00
[2024-08-30T02:52:09.656+0000] {logging_mixin.py:190} INFO - [2024-08-30T02:52:09.656+0000] {dag.py:4138} INFO - Setting next_dagrun for example_subdag_operator.section-1 to None, run_after=None
[2024-08-30T02:52:09.658+0000] {logging_mixin.py:190} INFO - [2024-08-30T02:52:09.658+0000] {dag.py:4138} INFO - Setting next_dagrun for example_subdag_operator.section-2 to None, run_after=None
[2024-08-30T02:52:09.664+0000] {logging_mixin.py:190} INFO - [2024-08-30T02:52:09.664+0000] {dag.py:3211} INFO - Sync 2 DAGs
[2024-08-30T02:52:09.670+0000] {logging_mixin.py:190} INFO - [2024-08-30T02:52:09.670+0000] {dag.py:4138} INFO - Setting next_dagrun for example_subdag_operator.section-1 to None, run_after=None
[2024-08-30T02:52:09.671+0000] {logging_mixin.py:190} INFO - [2024-08-30T02:52:09.671+0000] {dag.py:4138} INFO - Setting next_dagrun for example_subdag_operator.section-2 to None, run_after=None
[2024-08-30T02:52:09.682+0000] {processor.py:208} INFO - Processing /home/airflow/.local/lib/python3.12/site-packages/airflow/example_dags/example_subdag_operator.py took 0.100 seconds
[2024-08-30T02:52:40.358+0000] {processor.py:186} INFO - Started process (PID=4967) to work on /home/airflow/.local/lib/python3.12/site-packages/airflow/example_dags/example_subdag_operator.py
[2024-08-30T02:52:40.359+0000] {processor.py:914} INFO - Processing file /home/airflow/.local/lib/python3.12/site-packages/airflow/example_dags/example_subdag_operator.py for tasks to queue
[2024-08-30T02:52:40.362+0000] {logging_mixin.py:190} INFO - [2024-08-30T02:52:40.361+0000] {dagbag.py:587} INFO - Filling up the DagBag from /home/airflow/.local/lib/python3.12/site-packages/airflow/example_dags/example_subdag_operator.py
[2024-08-30T02:52:40.386+0000] {processor.py:925} INFO - DAG(s) 'example_subdag_operator.section-1', 'example_subdag_operator.section-2', 'example_subdag_operator' retrieved from /home/airflow/.local/lib/python3.12/site-packages/airflow/example_dags/example_subdag_operator.py
[2024-08-30T02:52:40.400+0000] {logging_mixin.py:190} INFO - [2024-08-30T02:52:40.400+0000] {dag.py:3211} INFO - Sync 3 DAGs
[2024-08-30T02:52:40.424+0000] {logging_mixin.py:190} INFO - [2024-08-30T02:52:40.424+0000] {dag.py:4138} INFO - Setting next_dagrun for example_subdag_operator to 2022-01-01 00:00:00+00:00, run_after=2022-01-01 00:00:00+00:00
[2024-08-30T02:52:40.428+0000] {logging_mixin.py:190} INFO - [2024-08-30T02:52:40.427+0000] {dag.py:4138} INFO - Setting next_dagrun for example_subdag_operator.section-1 to None, run_after=None
[2024-08-30T02:52:40.429+0000] {logging_mixin.py:190} INFO - [2024-08-30T02:52:40.429+0000] {dag.py:4138} INFO - Setting next_dagrun for example_subdag_operator.section-2 to None, run_after=None
[2024-08-30T02:52:40.436+0000] {logging_mixin.py:190} INFO - [2024-08-30T02:52:40.436+0000] {dag.py:3211} INFO - Sync 2 DAGs
[2024-08-30T02:52:40.441+0000] {logging_mixin.py:190} INFO - [2024-08-30T02:52:40.441+0000] {dag.py:4138} INFO - Setting next_dagrun for example_subdag_operator.section-1 to None, run_after=None
[2024-08-30T02:52:40.442+0000] {logging_mixin.py:190} INFO - [2024-08-30T02:52:40.442+0000] {dag.py:4138} INFO - Setting next_dagrun for example_subdag_operator.section-2 to None, run_after=None
[2024-08-30T02:52:40.454+0000] {processor.py:208} INFO - Processing /home/airflow/.local/lib/python3.12/site-packages/airflow/example_dags/example_subdag_operator.py took 0.102 seconds
[2024-08-30T02:53:11.172+0000] {processor.py:186} INFO - Started process (PID=5255) to work on /home/airflow/.local/lib/python3.12/site-packages/airflow/example_dags/example_subdag_operator.py
[2024-08-30T02:53:11.173+0000] {processor.py:914} INFO - Processing file /home/airflow/.local/lib/python3.12/site-packages/airflow/example_dags/example_subdag_operator.py for tasks to queue
[2024-08-30T02:53:11.175+0000] {logging_mixin.py:190} INFO - [2024-08-30T02:53:11.174+0000] {dagbag.py:587} INFO - Filling up the DagBag from /home/airflow/.local/lib/python3.12/site-packages/airflow/example_dags/example_subdag_operator.py
[2024-08-30T02:53:11.197+0000] {processor.py:925} INFO - DAG(s) 'example_subdag_operator.section-1', 'example_subdag_operator.section-2', 'example_subdag_operator' retrieved from /home/airflow/.local/lib/python3.12/site-packages/airflow/example_dags/example_subdag_operator.py
[2024-08-30T02:53:11.212+0000] {logging_mixin.py:190} INFO - [2024-08-30T02:53:11.212+0000] {dag.py:3211} INFO - Sync 3 DAGs
[2024-08-30T02:53:11.235+0000] {logging_mixin.py:190} INFO - [2024-08-30T02:53:11.235+0000] {dag.py:4138} INFO - Setting next_dagrun for example_subdag_operator to 2022-01-01 00:00:00+00:00, run_after=2022-01-01 00:00:00+00:00
[2024-08-30T02:53:11.240+0000] {logging_mixin.py:190} INFO - [2024-08-30T02:53:11.240+0000] {dag.py:4138} INFO - Setting next_dagrun for example_subdag_operator.section-1 to None, run_after=None
[2024-08-30T02:53:11.241+0000] {logging_mixin.py:190} INFO - [2024-08-30T02:53:11.241+0000] {dag.py:4138} INFO - Setting next_dagrun for example_subdag_operator.section-2 to None, run_after=None
[2024-08-30T02:53:11.248+0000] {logging_mixin.py:190} INFO - [2024-08-30T02:53:11.248+0000] {dag.py:3211} INFO - Sync 2 DAGs
[2024-08-30T02:53:11.254+0000] {logging_mixin.py:190} INFO - [2024-08-30T02:53:11.253+0000] {dag.py:4138} INFO - Setting next_dagrun for example_subdag_operator.section-1 to None, run_after=None
[2024-08-30T02:53:11.254+0000] {logging_mixin.py:190} INFO - [2024-08-30T02:53:11.254+0000] {dag.py:4138} INFO - Setting next_dagrun for example_subdag_operator.section-2 to None, run_after=None
[2024-08-30T02:53:11.265+0000] {processor.py:208} INFO - Processing /home/airflow/.local/lib/python3.12/site-packages/airflow/example_dags/example_subdag_operator.py took 0.099 seconds
[2024-08-30T02:53:41.997+0000] {processor.py:186} INFO - Started process (PID=5539) to work on /home/airflow/.local/lib/python3.12/site-packages/airflow/example_dags/example_subdag_operator.py
[2024-08-30T02:53:41.998+0000] {processor.py:914} INFO - Processing file /home/airflow/.local/lib/python3.12/site-packages/airflow/example_dags/example_subdag_operator.py for tasks to queue
[2024-08-30T02:53:42.001+0000] {logging_mixin.py:190} INFO - [2024-08-30T02:53:42.001+0000] {dagbag.py:587} INFO - Filling up the DagBag from /home/airflow/.local/lib/python3.12/site-packages/airflow/example_dags/example_subdag_operator.py
[2024-08-30T02:53:42.026+0000] {processor.py:925} INFO - DAG(s) 'example_subdag_operator.section-1', 'example_subdag_operator.section-2', 'example_subdag_operator' retrieved from /home/airflow/.local/lib/python3.12/site-packages/airflow/example_dags/example_subdag_operator.py
[2024-08-30T02:53:42.041+0000] {logging_mixin.py:190} INFO - [2024-08-30T02:53:42.041+0000] {dag.py:3211} INFO - Sync 3 DAGs
[2024-08-30T02:53:42.063+0000] {logging_mixin.py:190} INFO - [2024-08-30T02:53:42.063+0000] {dag.py:4138} INFO - Setting next_dagrun for example_subdag_operator to 2022-01-01 00:00:00+00:00, run_after=2022-01-01 00:00:00+00:00
[2024-08-30T02:53:42.069+0000] {logging_mixin.py:190} INFO - [2024-08-30T02:53:42.069+0000] {dag.py:4138} INFO - Setting next_dagrun for example_subdag_operator.section-1 to None, run_after=None
[2024-08-30T02:53:42.071+0000] {logging_mixin.py:190} INFO - [2024-08-30T02:53:42.071+0000] {dag.py:4138} INFO - Setting next_dagrun for example_subdag_operator.section-2 to None, run_after=None
[2024-08-30T02:53:42.079+0000] {logging_mixin.py:190} INFO - [2024-08-30T02:53:42.079+0000] {dag.py:3211} INFO - Sync 2 DAGs
[2024-08-30T02:53:42.085+0000] {logging_mixin.py:190} INFO - [2024-08-30T02:53:42.085+0000] {dag.py:4138} INFO - Setting next_dagrun for example_subdag_operator.section-1 to None, run_after=None
[2024-08-30T02:53:42.086+0000] {logging_mixin.py:190} INFO - [2024-08-30T02:53:42.086+0000] {dag.py:4138} INFO - Setting next_dagrun for example_subdag_operator.section-2 to None, run_after=None
[2024-08-30T02:53:42.098+0000] {processor.py:208} INFO - Processing /home/airflow/.local/lib/python3.12/site-packages/airflow/example_dags/example_subdag_operator.py took 0.106 seconds
[2024-08-30T02:54:13.252+0000] {processor.py:186} INFO - Started process (PID=5825) to work on /home/airflow/.local/lib/python3.12/site-packages/airflow/example_dags/example_subdag_operator.py
[2024-08-30T02:54:13.253+0000] {processor.py:914} INFO - Processing file /home/airflow/.local/lib/python3.12/site-packages/airflow/example_dags/example_subdag_operator.py for tasks to queue
[2024-08-30T02:54:13.255+0000] {logging_mixin.py:190} INFO - [2024-08-30T02:54:13.255+0000] {dagbag.py:587} INFO - Filling up the DagBag from /home/airflow/.local/lib/python3.12/site-packages/airflow/example_dags/example_subdag_operator.py
[2024-08-30T02:54:13.284+0000] {processor.py:925} INFO - DAG(s) 'example_subdag_operator.section-1', 'example_subdag_operator.section-2', 'example_subdag_operator' retrieved from /home/airflow/.local/lib/python3.12/site-packages/airflow/example_dags/example_subdag_operator.py
[2024-08-30T02:54:13.303+0000] {logging_mixin.py:190} INFO - [2024-08-30T02:54:13.302+0000] {dag.py:3211} INFO - Sync 3 DAGs
[2024-08-30T02:54:13.327+0000] {logging_mixin.py:190} INFO - [2024-08-30T02:54:13.327+0000] {dag.py:4138} INFO - Setting next_dagrun for example_subdag_operator to 2022-01-01 00:00:00+00:00, run_after=2022-01-01 00:00:00+00:00
[2024-08-30T02:54:13.331+0000] {logging_mixin.py:190} INFO - [2024-08-30T02:54:13.331+0000] {dag.py:4138} INFO - Setting next_dagrun for example_subdag_operator.section-1 to None, run_after=None
[2024-08-30T02:54:13.333+0000] {logging_mixin.py:190} INFO - [2024-08-30T02:54:13.333+0000] {dag.py:4138} INFO - Setting next_dagrun for example_subdag_operator.section-2 to None, run_after=None
[2024-08-30T02:54:13.343+0000] {logging_mixin.py:190} INFO - [2024-08-30T02:54:13.343+0000] {dag.py:3211} INFO - Sync 2 DAGs
[2024-08-30T02:54:13.352+0000] {logging_mixin.py:190} INFO - [2024-08-30T02:54:13.352+0000] {dag.py:4138} INFO - Setting next_dagrun for example_subdag_operator.section-1 to None, run_after=None
[2024-08-30T02:54:13.353+0000] {logging_mixin.py:190} INFO - [2024-08-30T02:54:13.353+0000] {dag.py:4138} INFO - Setting next_dagrun for example_subdag_operator.section-2 to None, run_after=None
[2024-08-30T02:54:13.366+0000] {processor.py:208} INFO - Processing /home/airflow/.local/lib/python3.12/site-packages/airflow/example_dags/example_subdag_operator.py took 0.121 seconds
[2024-08-30T02:54:44.123+0000] {processor.py:186} INFO - Started process (PID=6111) to work on /home/airflow/.local/lib/python3.12/site-packages/airflow/example_dags/example_subdag_operator.py
[2024-08-30T02:54:44.124+0000] {processor.py:914} INFO - Processing file /home/airflow/.local/lib/python3.12/site-packages/airflow/example_dags/example_subdag_operator.py for tasks to queue
[2024-08-30T02:54:44.126+0000] {logging_mixin.py:190} INFO - [2024-08-30T02:54:44.126+0000] {dagbag.py:587} INFO - Filling up the DagBag from /home/airflow/.local/lib/python3.12/site-packages/airflow/example_dags/example_subdag_operator.py
[2024-08-30T02:54:44.150+0000] {processor.py:925} INFO - DAG(s) 'example_subdag_operator.section-1', 'example_subdag_operator.section-2', 'example_subdag_operator' retrieved from /home/airflow/.local/lib/python3.12/site-packages/airflow/example_dags/example_subdag_operator.py
[2024-08-30T02:54:44.166+0000] {logging_mixin.py:190} INFO - [2024-08-30T02:54:44.166+0000] {dag.py:3211} INFO - Sync 3 DAGs
[2024-08-30T02:54:44.190+0000] {logging_mixin.py:190} INFO - [2024-08-30T02:54:44.189+0000] {dag.py:4138} INFO - Setting next_dagrun for example_subdag_operator to 2022-01-01 00:00:00+00:00, run_after=2022-01-01 00:00:00+00:00
[2024-08-30T02:54:44.193+0000] {logging_mixin.py:190} INFO - [2024-08-30T02:54:44.193+0000] {dag.py:4138} INFO - Setting next_dagrun for example_subdag_operator.section-1 to None, run_after=None
[2024-08-30T02:54:44.194+0000] {logging_mixin.py:190} INFO - [2024-08-30T02:54:44.194+0000] {dag.py:4138} INFO - Setting next_dagrun for example_subdag_operator.section-2 to None, run_after=None
[2024-08-30T02:54:44.202+0000] {logging_mixin.py:190} INFO - [2024-08-30T02:54:44.202+0000] {dag.py:3211} INFO - Sync 2 DAGs
[2024-08-30T02:54:44.209+0000] {logging_mixin.py:190} INFO - [2024-08-30T02:54:44.208+0000] {dag.py:4138} INFO - Setting next_dagrun for example_subdag_operator.section-1 to None, run_after=None
[2024-08-30T02:54:44.209+0000] {logging_mixin.py:190} INFO - [2024-08-30T02:54:44.209+0000] {dag.py:4138} INFO - Setting next_dagrun for example_subdag_operator.section-2 to None, run_after=None
[2024-08-30T02:54:44.222+0000] {processor.py:208} INFO - Processing /home/airflow/.local/lib/python3.12/site-packages/airflow/example_dags/example_subdag_operator.py took 0.104 seconds
[2024-08-30T02:55:15.190+0000] {processor.py:186} INFO - Started process (PID=6405) to work on /home/airflow/.local/lib/python3.12/site-packages/airflow/example_dags/example_subdag_operator.py
[2024-08-30T02:55:15.191+0000] {processor.py:914} INFO - Processing file /home/airflow/.local/lib/python3.12/site-packages/airflow/example_dags/example_subdag_operator.py for tasks to queue
[2024-08-30T02:55:15.193+0000] {logging_mixin.py:190} INFO - [2024-08-30T02:55:15.192+0000] {dagbag.py:587} INFO - Filling up the DagBag from /home/airflow/.local/lib/python3.12/site-packages/airflow/example_dags/example_subdag_operator.py
[2024-08-30T02:55:15.216+0000] {processor.py:925} INFO - DAG(s) 'example_subdag_operator.section-1', 'example_subdag_operator.section-2', 'example_subdag_operator' retrieved from /home/airflow/.local/lib/python3.12/site-packages/airflow/example_dags/example_subdag_operator.py
[2024-08-30T02:55:15.231+0000] {logging_mixin.py:190} INFO - [2024-08-30T02:55:15.231+0000] {dag.py:3211} INFO - Sync 3 DAGs
[2024-08-30T02:55:15.252+0000] {logging_mixin.py:190} INFO - [2024-08-30T02:55:15.252+0000] {dag.py:4138} INFO - Setting next_dagrun for example_subdag_operator to 2022-01-01 00:00:00+00:00, run_after=2022-01-01 00:00:00+00:00
[2024-08-30T02:55:15.256+0000] {logging_mixin.py:190} INFO - [2024-08-30T02:55:15.256+0000] {dag.py:4138} INFO - Setting next_dagrun for example_subdag_operator.section-1 to None, run_after=None
[2024-08-30T02:55:15.258+0000] {logging_mixin.py:190} INFO - [2024-08-30T02:55:15.257+0000] {dag.py:4138} INFO - Setting next_dagrun for example_subdag_operator.section-2 to None, run_after=None
[2024-08-30T02:55:15.264+0000] {logging_mixin.py:190} INFO - [2024-08-30T02:55:15.264+0000] {dag.py:3211} INFO - Sync 2 DAGs
[2024-08-30T02:55:15.269+0000] {logging_mixin.py:190} INFO - [2024-08-30T02:55:15.269+0000] {dag.py:4138} INFO - Setting next_dagrun for example_subdag_operator.section-1 to None, run_after=None
[2024-08-30T02:55:15.270+0000] {logging_mixin.py:190} INFO - [2024-08-30T02:55:15.270+0000] {dag.py:4138} INFO - Setting next_dagrun for example_subdag_operator.section-2 to None, run_after=None
[2024-08-30T02:55:15.283+0000] {processor.py:208} INFO - Processing /home/airflow/.local/lib/python3.12/site-packages/airflow/example_dags/example_subdag_operator.py took 0.098 seconds
[2024-08-30T02:55:45.497+0000] {processor.py:186} INFO - Started process (PID=6689) to work on /home/airflow/.local/lib/python3.12/site-packages/airflow/example_dags/example_subdag_operator.py
[2024-08-30T02:55:45.499+0000] {processor.py:914} INFO - Processing file /home/airflow/.local/lib/python3.12/site-packages/airflow/example_dags/example_subdag_operator.py for tasks to queue
[2024-08-30T02:55:45.501+0000] {logging_mixin.py:190} INFO - [2024-08-30T02:55:45.501+0000] {dagbag.py:587} INFO - Filling up the DagBag from /home/airflow/.local/lib/python3.12/site-packages/airflow/example_dags/example_subdag_operator.py
[2024-08-30T02:55:45.525+0000] {processor.py:925} INFO - DAG(s) 'example_subdag_operator.section-1', 'example_subdag_operator.section-2', 'example_subdag_operator' retrieved from /home/airflow/.local/lib/python3.12/site-packages/airflow/example_dags/example_subdag_operator.py
[2024-08-30T02:55:45.541+0000] {logging_mixin.py:190} INFO - [2024-08-30T02:55:45.540+0000] {dag.py:3211} INFO - Sync 3 DAGs
[2024-08-30T02:55:45.563+0000] {logging_mixin.py:190} INFO - [2024-08-30T02:55:45.563+0000] {dag.py:4138} INFO - Setting next_dagrun for example_subdag_operator to 2022-01-01 00:00:00+00:00, run_after=2022-01-01 00:00:00+00:00
[2024-08-30T02:55:45.568+0000] {logging_mixin.py:190} INFO - [2024-08-30T02:55:45.567+0000] {dag.py:4138} INFO - Setting next_dagrun for example_subdag_operator.section-1 to None, run_after=None
[2024-08-30T02:55:45.569+0000] {logging_mixin.py:190} INFO - [2024-08-30T02:55:45.569+0000] {dag.py:4138} INFO - Setting next_dagrun for example_subdag_operator.section-2 to None, run_after=None
[2024-08-30T02:55:45.576+0000] {logging_mixin.py:190} INFO - [2024-08-30T02:55:45.576+0000] {dag.py:3211} INFO - Sync 2 DAGs
[2024-08-30T02:55:45.582+0000] {logging_mixin.py:190} INFO - [2024-08-30T02:55:45.582+0000] {dag.py:4138} INFO - Setting next_dagrun for example_subdag_operator.section-1 to None, run_after=None
[2024-08-30T02:55:45.583+0000] {logging_mixin.py:190} INFO - [2024-08-30T02:55:45.582+0000] {dag.py:4138} INFO - Setting next_dagrun for example_subdag_operator.section-2 to None, run_after=None
[2024-08-30T02:55:45.595+0000] {processor.py:208} INFO - Processing /home/airflow/.local/lib/python3.12/site-packages/airflow/example_dags/example_subdag_operator.py took 0.103 seconds
[2024-08-30T02:56:15.700+0000] {processor.py:186} INFO - Started process (PID=6975) to work on /home/airflow/.local/lib/python3.12/site-packages/airflow/example_dags/example_subdag_operator.py
[2024-08-30T02:56:15.701+0000] {processor.py:914} INFO - Processing file /home/airflow/.local/lib/python3.12/site-packages/airflow/example_dags/example_subdag_operator.py for tasks to queue
[2024-08-30T02:56:15.703+0000] {logging_mixin.py:190} INFO - [2024-08-30T02:56:15.703+0000] {dagbag.py:587} INFO - Filling up the DagBag from /home/airflow/.local/lib/python3.12/site-packages/airflow/example_dags/example_subdag_operator.py
[2024-08-30T02:56:15.728+0000] {processor.py:925} INFO - DAG(s) 'example_subdag_operator.section-1', 'example_subdag_operator.section-2', 'example_subdag_operator' retrieved from /home/airflow/.local/lib/python3.12/site-packages/airflow/example_dags/example_subdag_operator.py
[2024-08-30T02:56:15.744+0000] {logging_mixin.py:190} INFO - [2024-08-30T02:56:15.744+0000] {dag.py:3211} INFO - Sync 3 DAGs
[2024-08-30T02:56:15.769+0000] {logging_mixin.py:190} INFO - [2024-08-30T02:56:15.768+0000] {dag.py:4138} INFO - Setting next_dagrun for example_subdag_operator to 2022-01-01 00:00:00+00:00, run_after=2022-01-01 00:00:00+00:00
[2024-08-30T02:56:15.773+0000] {logging_mixin.py:190} INFO - [2024-08-30T02:56:15.773+0000] {dag.py:4138} INFO - Setting next_dagrun for example_subdag_operator.section-1 to None, run_after=None
[2024-08-30T02:56:15.774+0000] {logging_mixin.py:190} INFO - [2024-08-30T02:56:15.774+0000] {dag.py:4138} INFO - Setting next_dagrun for example_subdag_operator.section-2 to None, run_after=None
[2024-08-30T02:56:15.780+0000] {logging_mixin.py:190} INFO - [2024-08-30T02:56:15.780+0000] {dag.py:3211} INFO - Sync 2 DAGs
[2024-08-30T02:56:15.788+0000] {logging_mixin.py:190} INFO - [2024-08-30T02:56:15.787+0000] {dag.py:4138} INFO - Setting next_dagrun for example_subdag_operator.section-1 to None, run_after=None
[2024-08-30T02:56:15.788+0000] {logging_mixin.py:190} INFO - [2024-08-30T02:56:15.788+0000] {dag.py:4138} INFO - Setting next_dagrun for example_subdag_operator.section-2 to None, run_after=None
[2024-08-30T02:56:15.804+0000] {processor.py:208} INFO - Processing /home/airflow/.local/lib/python3.12/site-packages/airflow/example_dags/example_subdag_operator.py took 0.110 seconds
[2024-08-30T02:56:46.146+0000] {processor.py:186} INFO - Started process (PID=7263) to work on /home/airflow/.local/lib/python3.12/site-packages/airflow/example_dags/example_subdag_operator.py
[2024-08-30T02:56:46.147+0000] {processor.py:914} INFO - Processing file /home/airflow/.local/lib/python3.12/site-packages/airflow/example_dags/example_subdag_operator.py for tasks to queue
[2024-08-30T02:56:46.151+0000] {logging_mixin.py:190} INFO - [2024-08-30T02:56:46.150+0000] {dagbag.py:587} INFO - Filling up the DagBag from /home/airflow/.local/lib/python3.12/site-packages/airflow/example_dags/example_subdag_operator.py
[2024-08-30T02:56:46.181+0000] {processor.py:925} INFO - DAG(s) 'example_subdag_operator.section-1', 'example_subdag_operator.section-2', 'example_subdag_operator' retrieved from /home/airflow/.local/lib/python3.12/site-packages/airflow/example_dags/example_subdag_operator.py
[2024-08-30T02:56:46.197+0000] {logging_mixin.py:190} INFO - [2024-08-30T02:56:46.197+0000] {dag.py:3211} INFO - Sync 3 DAGs
[2024-08-30T02:56:46.222+0000] {logging_mixin.py:190} INFO - [2024-08-30T02:56:46.222+0000] {dag.py:4138} INFO - Setting next_dagrun for example_subdag_operator to 2022-01-01 00:00:00+00:00, run_after=2022-01-01 00:00:00+00:00
[2024-08-30T02:56:46.226+0000] {logging_mixin.py:190} INFO - [2024-08-30T02:56:46.226+0000] {dag.py:4138} INFO - Setting next_dagrun for example_subdag_operator.section-1 to None, run_after=None
[2024-08-30T02:56:46.228+0000] {logging_mixin.py:190} INFO - [2024-08-30T02:56:46.227+0000] {dag.py:4138} INFO - Setting next_dagrun for example_subdag_operator.section-2 to None, run_after=None
[2024-08-30T02:56:46.234+0000] {logging_mixin.py:190} INFO - [2024-08-30T02:56:46.234+0000] {dag.py:3211} INFO - Sync 2 DAGs
[2024-08-30T02:56:46.242+0000] {logging_mixin.py:190} INFO - [2024-08-30T02:56:46.241+0000] {dag.py:4138} INFO - Setting next_dagrun for example_subdag_operator.section-1 to None, run_after=None
[2024-08-30T02:56:46.243+0000] {logging_mixin.py:190} INFO - [2024-08-30T02:56:46.242+0000] {dag.py:4138} INFO - Setting next_dagrun for example_subdag_operator.section-2 to None, run_after=None
[2024-08-30T02:56:46.256+0000] {processor.py:208} INFO - Processing /home/airflow/.local/lib/python3.12/site-packages/airflow/example_dags/example_subdag_operator.py took 0.116 seconds
[2024-08-30T02:57:16.437+0000] {processor.py:186} INFO - Started process (PID=7549) to work on /home/airflow/.local/lib/python3.12/site-packages/airflow/example_dags/example_subdag_operator.py
[2024-08-30T02:57:16.438+0000] {processor.py:914} INFO - Processing file /home/airflow/.local/lib/python3.12/site-packages/airflow/example_dags/example_subdag_operator.py for tasks to queue
[2024-08-30T02:57:16.440+0000] {logging_mixin.py:190} INFO - [2024-08-30T02:57:16.440+0000] {dagbag.py:587} INFO - Filling up the DagBag from /home/airflow/.local/lib/python3.12/site-packages/airflow/example_dags/example_subdag_operator.py
[2024-08-30T02:57:16.462+0000] {processor.py:925} INFO - DAG(s) 'example_subdag_operator.section-1', 'example_subdag_operator.section-2', 'example_subdag_operator' retrieved from /home/airflow/.local/lib/python3.12/site-packages/airflow/example_dags/example_subdag_operator.py
[2024-08-30T02:57:16.476+0000] {logging_mixin.py:190} INFO - [2024-08-30T02:57:16.475+0000] {dag.py:3211} INFO - Sync 3 DAGs
[2024-08-30T02:57:16.498+0000] {logging_mixin.py:190} INFO - [2024-08-30T02:57:16.498+0000] {dag.py:4138} INFO - Setting next_dagrun for example_subdag_operator to 2022-01-01 00:00:00+00:00, run_after=2022-01-01 00:00:00+00:00
[2024-08-30T02:57:16.502+0000] {logging_mixin.py:190} INFO - [2024-08-30T02:57:16.502+0000] {dag.py:4138} INFO - Setting next_dagrun for example_subdag_operator.section-1 to None, run_after=None
[2024-08-30T02:57:16.504+0000] {logging_mixin.py:190} INFO - [2024-08-30T02:57:16.504+0000] {dag.py:4138} INFO - Setting next_dagrun for example_subdag_operator.section-2 to None, run_after=None
[2024-08-30T02:57:16.511+0000] {logging_mixin.py:190} INFO - [2024-08-30T02:57:16.511+0000] {dag.py:3211} INFO - Sync 2 DAGs
[2024-08-30T02:57:16.517+0000] {logging_mixin.py:190} INFO - [2024-08-30T02:57:16.516+0000] {dag.py:4138} INFO - Setting next_dagrun for example_subdag_operator.section-1 to None, run_after=None
[2024-08-30T02:57:16.517+0000] {logging_mixin.py:190} INFO - [2024-08-30T02:57:16.517+0000] {dag.py:4138} INFO - Setting next_dagrun for example_subdag_operator.section-2 to None, run_after=None
[2024-08-30T02:57:16.531+0000] {processor.py:208} INFO - Processing /home/airflow/.local/lib/python3.12/site-packages/airflow/example_dags/example_subdag_operator.py took 0.099 seconds
