[2024-08-30T02:44:26.544+0000] {processor.py:186} INFO - Started process (PID=218) to work on /home/airflow/.local/lib/python3.12/site-packages/airflow/example_dags/example_bash_operator.py
[2024-08-30T02:44:26.546+0000] {processor.py:914} INFO - Processing file /home/airflow/.local/lib/python3.12/site-packages/airflow/example_dags/example_bash_operator.py for tasks to queue
[2024-08-30T02:44:26.549+0000] {logging_mixin.py:190} INFO - [2024-08-30T02:44:26.549+0000] {dagbag.py:587} INFO - Filling up the DagBag from /home/airflow/.local/lib/python3.12/site-packages/airflow/example_dags/example_bash_operator.py
[2024-08-30T02:44:26.570+0000] {processor.py:925} INFO - DAG(s) 'example_bash_operator' retrieved from /home/airflow/.local/lib/python3.12/site-packages/airflow/example_dags/example_bash_operator.py
[2024-08-30T02:44:26.610+0000] {logging_mixin.py:190} INFO - [2024-08-30T02:44:26.610+0000] {dag.py:3211} INFO - Sync 1 DAGs
[2024-08-30T02:44:26.669+0000] {logging_mixin.py:190} INFO - [2024-08-30T02:44:26.669+0000] {dag.py:4138} INFO - Setting next_dagrun for example_bash_operator to 2024-08-30 00:00:00+00:00, run_after=2024-08-31 00:00:00+00:00
[2024-08-30T02:44:26.698+0000] {processor.py:208} INFO - Processing /home/airflow/.local/lib/python3.12/site-packages/airflow/example_dags/example_bash_operator.py took 0.163 seconds
[2024-08-30T02:44:56.762+0000] {processor.py:186} INFO - Started process (PID=517) to work on /home/airflow/.local/lib/python3.12/site-packages/airflow/example_dags/example_bash_operator.py
[2024-08-30T02:44:56.763+0000] {processor.py:914} INFO - Processing file /home/airflow/.local/lib/python3.12/site-packages/airflow/example_dags/example_bash_operator.py for tasks to queue
[2024-08-30T02:44:56.765+0000] {logging_mixin.py:190} INFO - [2024-08-30T02:44:56.765+0000] {dagbag.py:587} INFO - Filling up the DagBag from /home/airflow/.local/lib/python3.12/site-packages/airflow/example_dags/example_bash_operator.py
[2024-08-30T02:44:56.776+0000] {processor.py:925} INFO - DAG(s) 'example_bash_operator' retrieved from /home/airflow/.local/lib/python3.12/site-packages/airflow/example_dags/example_bash_operator.py
[2024-08-30T02:44:56.801+0000] {logging_mixin.py:190} INFO - [2024-08-30T02:44:56.801+0000] {dag.py:3211} INFO - Sync 1 DAGs
[2024-08-30T02:44:56.824+0000] {logging_mixin.py:190} INFO - [2024-08-30T02:44:56.824+0000] {dag.py:4138} INFO - Setting next_dagrun for example_bash_operator to 2024-08-30 00:00:00+00:00, run_after=2024-08-31 00:00:00+00:00
[2024-08-30T02:44:56.842+0000] {processor.py:208} INFO - Processing /home/airflow/.local/lib/python3.12/site-packages/airflow/example_dags/example_bash_operator.py took 0.084 seconds
[2024-08-30T02:45:27.284+0000] {processor.py:186} INFO - Started process (PID=805) to work on /home/airflow/.local/lib/python3.12/site-packages/airflow/example_dags/example_bash_operator.py
[2024-08-30T02:45:27.285+0000] {processor.py:914} INFO - Processing file /home/airflow/.local/lib/python3.12/site-packages/airflow/example_dags/example_bash_operator.py for tasks to queue
[2024-08-30T02:45:27.287+0000] {logging_mixin.py:190} INFO - [2024-08-30T02:45:27.287+0000] {dagbag.py:587} INFO - Filling up the DagBag from /home/airflow/.local/lib/python3.12/site-packages/airflow/example_dags/example_bash_operator.py
[2024-08-30T02:45:27.299+0000] {processor.py:925} INFO - DAG(s) 'example_bash_operator' retrieved from /home/airflow/.local/lib/python3.12/site-packages/airflow/example_dags/example_bash_operator.py
[2024-08-30T02:45:27.323+0000] {logging_mixin.py:190} INFO - [2024-08-30T02:45:27.323+0000] {dag.py:3211} INFO - Sync 1 DAGs
[2024-08-30T02:45:27.346+0000] {logging_mixin.py:190} INFO - [2024-08-30T02:45:27.346+0000] {dag.py:4138} INFO - Setting next_dagrun for example_bash_operator to 2024-08-30 00:00:00+00:00, run_after=2024-08-31 00:00:00+00:00
[2024-08-30T02:45:27.367+0000] {processor.py:208} INFO - Processing /home/airflow/.local/lib/python3.12/site-packages/airflow/example_dags/example_bash_operator.py took 0.089 seconds
[2024-08-30T02:45:57.427+0000] {processor.py:186} INFO - Started process (PID=1089) to work on /home/airflow/.local/lib/python3.12/site-packages/airflow/example_dags/example_bash_operator.py
[2024-08-30T02:45:57.428+0000] {processor.py:914} INFO - Processing file /home/airflow/.local/lib/python3.12/site-packages/airflow/example_dags/example_bash_operator.py for tasks to queue
[2024-08-30T02:45:57.430+0000] {logging_mixin.py:190} INFO - [2024-08-30T02:45:57.430+0000] {dagbag.py:587} INFO - Filling up the DagBag from /home/airflow/.local/lib/python3.12/site-packages/airflow/example_dags/example_bash_operator.py
[2024-08-30T02:45:57.439+0000] {processor.py:925} INFO - DAG(s) 'example_bash_operator' retrieved from /home/airflow/.local/lib/python3.12/site-packages/airflow/example_dags/example_bash_operator.py
[2024-08-30T02:45:57.462+0000] {logging_mixin.py:190} INFO - [2024-08-30T02:45:57.462+0000] {dag.py:3211} INFO - Sync 1 DAGs
[2024-08-30T02:45:57.482+0000] {logging_mixin.py:190} INFO - [2024-08-30T02:45:57.482+0000] {dag.py:4138} INFO - Setting next_dagrun for example_bash_operator to 2024-08-30 00:00:00+00:00, run_after=2024-08-31 00:00:00+00:00
[2024-08-30T02:45:57.497+0000] {processor.py:208} INFO - Processing /home/airflow/.local/lib/python3.12/site-packages/airflow/example_dags/example_bash_operator.py took 0.075 seconds
[2024-08-30T02:46:28.149+0000] {processor.py:186} INFO - Started process (PID=1375) to work on /home/airflow/.local/lib/python3.12/site-packages/airflow/example_dags/example_bash_operator.py
[2024-08-30T02:46:28.150+0000] {processor.py:914} INFO - Processing file /home/airflow/.local/lib/python3.12/site-packages/airflow/example_dags/example_bash_operator.py for tasks to queue
[2024-08-30T02:46:28.151+0000] {logging_mixin.py:190} INFO - [2024-08-30T02:46:28.151+0000] {dagbag.py:587} INFO - Filling up the DagBag from /home/airflow/.local/lib/python3.12/site-packages/airflow/example_dags/example_bash_operator.py
[2024-08-30T02:46:28.162+0000] {processor.py:925} INFO - DAG(s) 'example_bash_operator' retrieved from /home/airflow/.local/lib/python3.12/site-packages/airflow/example_dags/example_bash_operator.py
[2024-08-30T02:46:28.185+0000] {logging_mixin.py:190} INFO - [2024-08-30T02:46:28.185+0000] {dag.py:3211} INFO - Sync 1 DAGs
[2024-08-30T02:46:28.206+0000] {logging_mixin.py:190} INFO - [2024-08-30T02:46:28.206+0000] {dag.py:4138} INFO - Setting next_dagrun for example_bash_operator to 2024-08-30 00:00:00+00:00, run_after=2024-08-31 00:00:00+00:00
[2024-08-30T02:46:28.223+0000] {processor.py:208} INFO - Processing /home/airflow/.local/lib/python3.12/site-packages/airflow/example_dags/example_bash_operator.py took 0.079 seconds
[2024-08-30T02:46:58.678+0000] {processor.py:186} INFO - Started process (PID=1661) to work on /home/airflow/.local/lib/python3.12/site-packages/airflow/example_dags/example_bash_operator.py
[2024-08-30T02:46:58.679+0000] {processor.py:914} INFO - Processing file /home/airflow/.local/lib/python3.12/site-packages/airflow/example_dags/example_bash_operator.py for tasks to queue
[2024-08-30T02:46:58.681+0000] {logging_mixin.py:190} INFO - [2024-08-30T02:46:58.681+0000] {dagbag.py:587} INFO - Filling up the DagBag from /home/airflow/.local/lib/python3.12/site-packages/airflow/example_dags/example_bash_operator.py
[2024-08-30T02:46:58.692+0000] {processor.py:925} INFO - DAG(s) 'example_bash_operator' retrieved from /home/airflow/.local/lib/python3.12/site-packages/airflow/example_dags/example_bash_operator.py
[2024-08-30T02:46:58.715+0000] {logging_mixin.py:190} INFO - [2024-08-30T02:46:58.715+0000] {dag.py:3211} INFO - Sync 1 DAGs
[2024-08-30T02:46:58.738+0000] {logging_mixin.py:190} INFO - [2024-08-30T02:46:58.738+0000] {dag.py:4138} INFO - Setting next_dagrun for example_bash_operator to 2024-08-30 00:00:00+00:00, run_after=2024-08-31 00:00:00+00:00
[2024-08-30T02:46:58.757+0000] {processor.py:208} INFO - Processing /home/airflow/.local/lib/python3.12/site-packages/airflow/example_dags/example_bash_operator.py took 0.084 seconds
[2024-08-30T02:47:29.482+0000] {processor.py:186} INFO - Started process (PID=1949) to work on /home/airflow/.local/lib/python3.12/site-packages/airflow/example_dags/example_bash_operator.py
[2024-08-30T02:47:29.483+0000] {processor.py:914} INFO - Processing file /home/airflow/.local/lib/python3.12/site-packages/airflow/example_dags/example_bash_operator.py for tasks to queue
[2024-08-30T02:47:29.485+0000] {logging_mixin.py:190} INFO - [2024-08-30T02:47:29.485+0000] {dagbag.py:587} INFO - Filling up the DagBag from /home/airflow/.local/lib/python3.12/site-packages/airflow/example_dags/example_bash_operator.py
[2024-08-30T02:47:29.497+0000] {processor.py:925} INFO - DAG(s) 'example_bash_operator' retrieved from /home/airflow/.local/lib/python3.12/site-packages/airflow/example_dags/example_bash_operator.py
[2024-08-30T02:47:29.524+0000] {logging_mixin.py:190} INFO - [2024-08-30T02:47:29.524+0000] {dag.py:3211} INFO - Sync 1 DAGs
[2024-08-30T02:47:29.547+0000] {logging_mixin.py:190} INFO - [2024-08-30T02:47:29.547+0000] {dag.py:4138} INFO - Setting next_dagrun for example_bash_operator to 2024-08-30 00:00:00+00:00, run_after=2024-08-31 00:00:00+00:00
[2024-08-30T02:47:29.569+0000] {processor.py:208} INFO - Processing /home/airflow/.local/lib/python3.12/site-packages/airflow/example_dags/example_bash_operator.py took 0.092 seconds
[2024-08-30T02:48:00.400+0000] {processor.py:186} INFO - Started process (PID=2235) to work on /home/airflow/.local/lib/python3.12/site-packages/airflow/example_dags/example_bash_operator.py
[2024-08-30T02:48:00.401+0000] {processor.py:914} INFO - Processing file /home/airflow/.local/lib/python3.12/site-packages/airflow/example_dags/example_bash_operator.py for tasks to queue
[2024-08-30T02:48:00.403+0000] {logging_mixin.py:190} INFO - [2024-08-30T02:48:00.403+0000] {dagbag.py:587} INFO - Filling up the DagBag from /home/airflow/.local/lib/python3.12/site-packages/airflow/example_dags/example_bash_operator.py
[2024-08-30T02:48:00.414+0000] {processor.py:925} INFO - DAG(s) 'example_bash_operator' retrieved from /home/airflow/.local/lib/python3.12/site-packages/airflow/example_dags/example_bash_operator.py
[2024-08-30T02:48:00.437+0000] {logging_mixin.py:190} INFO - [2024-08-30T02:48:00.437+0000] {dag.py:3211} INFO - Sync 1 DAGs
[2024-08-30T02:48:00.457+0000] {logging_mixin.py:190} INFO - [2024-08-30T02:48:00.457+0000] {dag.py:4138} INFO - Setting next_dagrun for example_bash_operator to 2024-08-30 00:00:00+00:00, run_after=2024-08-31 00:00:00+00:00
[2024-08-30T02:48:00.475+0000] {processor.py:208} INFO - Processing /home/airflow/.local/lib/python3.12/site-packages/airflow/example_dags/example_bash_operator.py took 0.079 seconds
[2024-08-30T02:48:31.157+0000] {processor.py:186} INFO - Started process (PID=2519) to work on /home/airflow/.local/lib/python3.12/site-packages/airflow/example_dags/example_bash_operator.py
[2024-08-30T02:48:31.158+0000] {processor.py:914} INFO - Processing file /home/airflow/.local/lib/python3.12/site-packages/airflow/example_dags/example_bash_operator.py for tasks to queue
[2024-08-30T02:48:31.159+0000] {logging_mixin.py:190} INFO - [2024-08-30T02:48:31.159+0000] {dagbag.py:587} INFO - Filling up the DagBag from /home/airflow/.local/lib/python3.12/site-packages/airflow/example_dags/example_bash_operator.py
[2024-08-30T02:48:31.170+0000] {processor.py:925} INFO - DAG(s) 'example_bash_operator' retrieved from /home/airflow/.local/lib/python3.12/site-packages/airflow/example_dags/example_bash_operator.py
[2024-08-30T02:48:31.195+0000] {logging_mixin.py:190} INFO - [2024-08-30T02:48:31.195+0000] {dag.py:3211} INFO - Sync 1 DAGs
[2024-08-30T02:48:31.216+0000] {logging_mixin.py:190} INFO - [2024-08-30T02:48:31.216+0000] {dag.py:4138} INFO - Setting next_dagrun for example_bash_operator to 2024-08-30 00:00:00+00:00, run_after=2024-08-31 00:00:00+00:00
[2024-08-30T02:48:31.238+0000] {processor.py:208} INFO - Processing /home/airflow/.local/lib/python3.12/site-packages/airflow/example_dags/example_bash_operator.py took 0.085 seconds
[2024-08-30T02:49:02.261+0000] {processor.py:186} INFO - Started process (PID=2805) to work on /home/airflow/.local/lib/python3.12/site-packages/airflow/example_dags/example_bash_operator.py
[2024-08-30T02:49:02.262+0000] {processor.py:914} INFO - Processing file /home/airflow/.local/lib/python3.12/site-packages/airflow/example_dags/example_bash_operator.py for tasks to queue
[2024-08-30T02:49:02.264+0000] {logging_mixin.py:190} INFO - [2024-08-30T02:49:02.264+0000] {dagbag.py:587} INFO - Filling up the DagBag from /home/airflow/.local/lib/python3.12/site-packages/airflow/example_dags/example_bash_operator.py
[2024-08-30T02:49:02.275+0000] {processor.py:925} INFO - DAG(s) 'example_bash_operator' retrieved from /home/airflow/.local/lib/python3.12/site-packages/airflow/example_dags/example_bash_operator.py
[2024-08-30T02:49:02.299+0000] {logging_mixin.py:190} INFO - [2024-08-30T02:49:02.299+0000] {dag.py:3211} INFO - Sync 1 DAGs
[2024-08-30T02:49:02.321+0000] {logging_mixin.py:190} INFO - [2024-08-30T02:49:02.321+0000] {dag.py:4138} INFO - Setting next_dagrun for example_bash_operator to 2024-08-30 00:00:00+00:00, run_after=2024-08-31 00:00:00+00:00
[2024-08-30T02:49:02.339+0000] {processor.py:208} INFO - Processing /home/airflow/.local/lib/python3.12/site-packages/airflow/example_dags/example_bash_operator.py took 0.083 seconds
[2024-08-30T02:49:33.118+0000] {processor.py:186} INFO - Started process (PID=3091) to work on /home/airflow/.local/lib/python3.12/site-packages/airflow/example_dags/example_bash_operator.py
[2024-08-30T02:49:33.119+0000] {processor.py:914} INFO - Processing file /home/airflow/.local/lib/python3.12/site-packages/airflow/example_dags/example_bash_operator.py for tasks to queue
[2024-08-30T02:49:33.121+0000] {logging_mixin.py:190} INFO - [2024-08-30T02:49:33.120+0000] {dagbag.py:587} INFO - Filling up the DagBag from /home/airflow/.local/lib/python3.12/site-packages/airflow/example_dags/example_bash_operator.py
[2024-08-30T02:49:33.131+0000] {processor.py:925} INFO - DAG(s) 'example_bash_operator' retrieved from /home/airflow/.local/lib/python3.12/site-packages/airflow/example_dags/example_bash_operator.py
[2024-08-30T02:49:33.156+0000] {logging_mixin.py:190} INFO - [2024-08-30T02:49:33.155+0000] {dag.py:3211} INFO - Sync 1 DAGs
[2024-08-30T02:49:33.176+0000] {logging_mixin.py:190} INFO - [2024-08-30T02:49:33.176+0000] {dag.py:4138} INFO - Setting next_dagrun for example_bash_operator to 2024-08-30 00:00:00+00:00, run_after=2024-08-31 00:00:00+00:00
[2024-08-30T02:49:33.193+0000] {processor.py:208} INFO - Processing /home/airflow/.local/lib/python3.12/site-packages/airflow/example_dags/example_bash_operator.py took 0.080 seconds
[2024-08-30T02:50:03.815+0000] {processor.py:186} INFO - Started process (PID=3377) to work on /home/airflow/.local/lib/python3.12/site-packages/airflow/example_dags/example_bash_operator.py
[2024-08-30T02:50:03.816+0000] {processor.py:914} INFO - Processing file /home/airflow/.local/lib/python3.12/site-packages/airflow/example_dags/example_bash_operator.py for tasks to queue
[2024-08-30T02:50:03.819+0000] {logging_mixin.py:190} INFO - [2024-08-30T02:50:03.818+0000] {dagbag.py:587} INFO - Filling up the DagBag from /home/airflow/.local/lib/python3.12/site-packages/airflow/example_dags/example_bash_operator.py
[2024-08-30T02:50:03.829+0000] {processor.py:925} INFO - DAG(s) 'example_bash_operator' retrieved from /home/airflow/.local/lib/python3.12/site-packages/airflow/example_dags/example_bash_operator.py
[2024-08-30T02:50:03.852+0000] {logging_mixin.py:190} INFO - [2024-08-30T02:50:03.851+0000] {dag.py:3211} INFO - Sync 1 DAGs
[2024-08-30T02:50:03.872+0000] {logging_mixin.py:190} INFO - [2024-08-30T02:50:03.872+0000] {dag.py:4138} INFO - Setting next_dagrun for example_bash_operator to 2024-08-30 00:00:00+00:00, run_after=2024-08-31 00:00:00+00:00
[2024-08-30T02:50:03.890+0000] {processor.py:208} INFO - Processing /home/airflow/.local/lib/python3.12/site-packages/airflow/example_dags/example_bash_operator.py took 0.080 seconds
[2024-08-30T02:50:34.496+0000] {processor.py:186} INFO - Started process (PID=3665) to work on /home/airflow/.local/lib/python3.12/site-packages/airflow/example_dags/example_bash_operator.py
[2024-08-30T02:50:34.496+0000] {processor.py:914} INFO - Processing file /home/airflow/.local/lib/python3.12/site-packages/airflow/example_dags/example_bash_operator.py for tasks to queue
[2024-08-30T02:50:34.499+0000] {logging_mixin.py:190} INFO - [2024-08-30T02:50:34.498+0000] {dagbag.py:587} INFO - Filling up the DagBag from /home/airflow/.local/lib/python3.12/site-packages/airflow/example_dags/example_bash_operator.py
[2024-08-30T02:50:34.509+0000] {processor.py:925} INFO - DAG(s) 'example_bash_operator' retrieved from /home/airflow/.local/lib/python3.12/site-packages/airflow/example_dags/example_bash_operator.py
[2024-08-30T02:50:34.533+0000] {logging_mixin.py:190} INFO - [2024-08-30T02:50:34.533+0000] {dag.py:3211} INFO - Sync 1 DAGs
[2024-08-30T02:50:34.556+0000] {logging_mixin.py:190} INFO - [2024-08-30T02:50:34.556+0000] {dag.py:4138} INFO - Setting next_dagrun for example_bash_operator to 2024-08-30 00:00:00+00:00, run_after=2024-08-31 00:00:00+00:00
[2024-08-30T02:50:34.573+0000] {processor.py:208} INFO - Processing /home/airflow/.local/lib/python3.12/site-packages/airflow/example_dags/example_bash_operator.py took 0.081 seconds
[2024-08-30T02:51:05.199+0000] {processor.py:186} INFO - Started process (PID=3949) to work on /home/airflow/.local/lib/python3.12/site-packages/airflow/example_dags/example_bash_operator.py
[2024-08-30T02:51:05.201+0000] {processor.py:914} INFO - Processing file /home/airflow/.local/lib/python3.12/site-packages/airflow/example_dags/example_bash_operator.py for tasks to queue
[2024-08-30T02:51:05.203+0000] {logging_mixin.py:190} INFO - [2024-08-30T02:51:05.203+0000] {dagbag.py:587} INFO - Filling up the DagBag from /home/airflow/.local/lib/python3.12/site-packages/airflow/example_dags/example_bash_operator.py
[2024-08-30T02:51:05.213+0000] {processor.py:925} INFO - DAG(s) 'example_bash_operator' retrieved from /home/airflow/.local/lib/python3.12/site-packages/airflow/example_dags/example_bash_operator.py
[2024-08-30T02:51:05.237+0000] {logging_mixin.py:190} INFO - [2024-08-30T02:51:05.237+0000] {dag.py:3211} INFO - Sync 1 DAGs
[2024-08-30T02:51:05.258+0000] {logging_mixin.py:190} INFO - [2024-08-30T02:51:05.258+0000] {dag.py:4138} INFO - Setting next_dagrun for example_bash_operator to 2024-08-30 00:00:00+00:00, run_after=2024-08-31 00:00:00+00:00
[2024-08-30T02:51:05.277+0000] {processor.py:208} INFO - Processing /home/airflow/.local/lib/python3.12/site-packages/airflow/example_dags/example_bash_operator.py took 0.082 seconds
[2024-08-30T02:51:35.849+0000] {processor.py:186} INFO - Started process (PID=4235) to work on /home/airflow/.local/lib/python3.12/site-packages/airflow/example_dags/example_bash_operator.py
[2024-08-30T02:51:35.850+0000] {processor.py:914} INFO - Processing file /home/airflow/.local/lib/python3.12/site-packages/airflow/example_dags/example_bash_operator.py for tasks to queue
[2024-08-30T02:51:35.852+0000] {logging_mixin.py:190} INFO - [2024-08-30T02:51:35.852+0000] {dagbag.py:587} INFO - Filling up the DagBag from /home/airflow/.local/lib/python3.12/site-packages/airflow/example_dags/example_bash_operator.py
[2024-08-30T02:51:35.862+0000] {processor.py:925} INFO - DAG(s) 'example_bash_operator' retrieved from /home/airflow/.local/lib/python3.12/site-packages/airflow/example_dags/example_bash_operator.py
[2024-08-30T02:51:35.886+0000] {logging_mixin.py:190} INFO - [2024-08-30T02:51:35.886+0000] {dag.py:3211} INFO - Sync 1 DAGs
[2024-08-30T02:51:35.910+0000] {logging_mixin.py:190} INFO - [2024-08-30T02:51:35.910+0000] {dag.py:4138} INFO - Setting next_dagrun for example_bash_operator to 2024-08-30 00:00:00+00:00, run_after=2024-08-31 00:00:00+00:00
[2024-08-30T02:51:35.933+0000] {processor.py:208} INFO - Processing /home/airflow/.local/lib/python3.12/site-packages/airflow/example_dags/example_bash_operator.py took 0.089 seconds
[2024-08-30T02:52:06.553+0000] {processor.py:186} INFO - Started process (PID=4523) to work on /home/airflow/.local/lib/python3.12/site-packages/airflow/example_dags/example_bash_operator.py
[2024-08-30T02:52:06.554+0000] {processor.py:914} INFO - Processing file /home/airflow/.local/lib/python3.12/site-packages/airflow/example_dags/example_bash_operator.py for tasks to queue
[2024-08-30T02:52:06.556+0000] {logging_mixin.py:190} INFO - [2024-08-30T02:52:06.556+0000] {dagbag.py:587} INFO - Filling up the DagBag from /home/airflow/.local/lib/python3.12/site-packages/airflow/example_dags/example_bash_operator.py
[2024-08-30T02:52:06.567+0000] {processor.py:925} INFO - DAG(s) 'example_bash_operator' retrieved from /home/airflow/.local/lib/python3.12/site-packages/airflow/example_dags/example_bash_operator.py
[2024-08-30T02:52:06.591+0000] {logging_mixin.py:190} INFO - [2024-08-30T02:52:06.591+0000] {dag.py:3211} INFO - Sync 1 DAGs
[2024-08-30T02:52:06.614+0000] {logging_mixin.py:190} INFO - [2024-08-30T02:52:06.614+0000] {dag.py:4138} INFO - Setting next_dagrun for example_bash_operator to 2024-08-30 00:00:00+00:00, run_after=2024-08-31 00:00:00+00:00
[2024-08-30T02:52:06.637+0000] {processor.py:208} INFO - Processing /home/airflow/.local/lib/python3.12/site-packages/airflow/example_dags/example_bash_operator.py took 0.090 seconds
[2024-08-30T02:52:37.350+0000] {processor.py:186} INFO - Started process (PID=4809) to work on /home/airflow/.local/lib/python3.12/site-packages/airflow/example_dags/example_bash_operator.py
[2024-08-30T02:52:37.351+0000] {processor.py:914} INFO - Processing file /home/airflow/.local/lib/python3.12/site-packages/airflow/example_dags/example_bash_operator.py for tasks to queue
[2024-08-30T02:52:37.353+0000] {logging_mixin.py:190} INFO - [2024-08-30T02:52:37.353+0000] {dagbag.py:587} INFO - Filling up the DagBag from /home/airflow/.local/lib/python3.12/site-packages/airflow/example_dags/example_bash_operator.py
[2024-08-30T02:52:37.363+0000] {processor.py:925} INFO - DAG(s) 'example_bash_operator' retrieved from /home/airflow/.local/lib/python3.12/site-packages/airflow/example_dags/example_bash_operator.py
[2024-08-30T02:52:37.387+0000] {logging_mixin.py:190} INFO - [2024-08-30T02:52:37.387+0000] {dag.py:3211} INFO - Sync 1 DAGs
[2024-08-30T02:52:37.409+0000] {logging_mixin.py:190} INFO - [2024-08-30T02:52:37.409+0000] {dag.py:4138} INFO - Setting next_dagrun for example_bash_operator to 2024-08-30 00:00:00+00:00, run_after=2024-08-31 00:00:00+00:00
[2024-08-30T02:52:37.425+0000] {processor.py:208} INFO - Processing /home/airflow/.local/lib/python3.12/site-packages/airflow/example_dags/example_bash_operator.py took 0.080 seconds
[2024-08-30T02:53:08.110+0000] {processor.py:186} INFO - Started process (PID=5095) to work on /home/airflow/.local/lib/python3.12/site-packages/airflow/example_dags/example_bash_operator.py
[2024-08-30T02:53:08.111+0000] {processor.py:914} INFO - Processing file /home/airflow/.local/lib/python3.12/site-packages/airflow/example_dags/example_bash_operator.py for tasks to queue
[2024-08-30T02:53:08.114+0000] {logging_mixin.py:190} INFO - [2024-08-30T02:53:08.113+0000] {dagbag.py:587} INFO - Filling up the DagBag from /home/airflow/.local/lib/python3.12/site-packages/airflow/example_dags/example_bash_operator.py
[2024-08-30T02:53:08.125+0000] {processor.py:925} INFO - DAG(s) 'example_bash_operator' retrieved from /home/airflow/.local/lib/python3.12/site-packages/airflow/example_dags/example_bash_operator.py
[2024-08-30T02:53:08.148+0000] {logging_mixin.py:190} INFO - [2024-08-30T02:53:08.148+0000] {dag.py:3211} INFO - Sync 1 DAGs
[2024-08-30T02:53:08.170+0000] {logging_mixin.py:190} INFO - [2024-08-30T02:53:08.170+0000] {dag.py:4138} INFO - Setting next_dagrun for example_bash_operator to 2024-08-30 00:00:00+00:00, run_after=2024-08-31 00:00:00+00:00
[2024-08-30T02:53:08.188+0000] {processor.py:208} INFO - Processing /home/airflow/.local/lib/python3.12/site-packages/airflow/example_dags/example_bash_operator.py took 0.083 seconds
[2024-08-30T02:53:38.962+0000] {processor.py:186} INFO - Started process (PID=5379) to work on /home/airflow/.local/lib/python3.12/site-packages/airflow/example_dags/example_bash_operator.py
[2024-08-30T02:53:38.963+0000] {processor.py:914} INFO - Processing file /home/airflow/.local/lib/python3.12/site-packages/airflow/example_dags/example_bash_operator.py for tasks to queue
[2024-08-30T02:53:38.966+0000] {logging_mixin.py:190} INFO - [2024-08-30T02:53:38.965+0000] {dagbag.py:587} INFO - Filling up the DagBag from /home/airflow/.local/lib/python3.12/site-packages/airflow/example_dags/example_bash_operator.py
[2024-08-30T02:53:38.978+0000] {processor.py:925} INFO - DAG(s) 'example_bash_operator' retrieved from /home/airflow/.local/lib/python3.12/site-packages/airflow/example_dags/example_bash_operator.py
[2024-08-30T02:53:39.005+0000] {logging_mixin.py:190} INFO - [2024-08-30T02:53:39.005+0000] {dag.py:3211} INFO - Sync 1 DAGs
[2024-08-30T02:53:39.028+0000] {logging_mixin.py:190} INFO - [2024-08-30T02:53:39.028+0000] {dag.py:4138} INFO - Setting next_dagrun for example_bash_operator to 2024-08-30 00:00:00+00:00, run_after=2024-08-31 00:00:00+00:00
[2024-08-30T02:53:39.049+0000] {processor.py:208} INFO - Processing /home/airflow/.local/lib/python3.12/site-packages/airflow/example_dags/example_bash_operator.py took 0.092 seconds
[2024-08-30T02:54:09.805+0000] {processor.py:186} INFO - Started process (PID=5665) to work on /home/airflow/.local/lib/python3.12/site-packages/airflow/example_dags/example_bash_operator.py
[2024-08-30T02:54:09.806+0000] {processor.py:914} INFO - Processing file /home/airflow/.local/lib/python3.12/site-packages/airflow/example_dags/example_bash_operator.py for tasks to queue
[2024-08-30T02:54:09.809+0000] {logging_mixin.py:190} INFO - [2024-08-30T02:54:09.808+0000] {dagbag.py:587} INFO - Filling up the DagBag from /home/airflow/.local/lib/python3.12/site-packages/airflow/example_dags/example_bash_operator.py
[2024-08-30T02:54:09.822+0000] {processor.py:925} INFO - DAG(s) 'example_bash_operator' retrieved from /home/airflow/.local/lib/python3.12/site-packages/airflow/example_dags/example_bash_operator.py
[2024-08-30T02:54:09.849+0000] {logging_mixin.py:190} INFO - [2024-08-30T02:54:09.849+0000] {dag.py:3211} INFO - Sync 1 DAGs
[2024-08-30T02:54:09.872+0000] {logging_mixin.py:190} INFO - [2024-08-30T02:54:09.872+0000] {dag.py:4138} INFO - Setting next_dagrun for example_bash_operator to 2024-08-30 00:00:00+00:00, run_after=2024-08-31 00:00:00+00:00
[2024-08-30T02:54:09.894+0000] {processor.py:208} INFO - Processing /home/airflow/.local/lib/python3.12/site-packages/airflow/example_dags/example_bash_operator.py took 0.096 seconds
[2024-08-30T02:54:40.028+0000] {processor.py:186} INFO - Started process (PID=5951) to work on /home/airflow/.local/lib/python3.12/site-packages/airflow/example_dags/example_bash_operator.py
[2024-08-30T02:54:40.029+0000] {processor.py:914} INFO - Processing file /home/airflow/.local/lib/python3.12/site-packages/airflow/example_dags/example_bash_operator.py for tasks to queue
[2024-08-30T02:54:40.031+0000] {logging_mixin.py:190} INFO - [2024-08-30T02:54:40.031+0000] {dagbag.py:587} INFO - Filling up the DagBag from /home/airflow/.local/lib/python3.12/site-packages/airflow/example_dags/example_bash_operator.py
[2024-08-30T02:54:40.041+0000] {processor.py:925} INFO - DAG(s) 'example_bash_operator' retrieved from /home/airflow/.local/lib/python3.12/site-packages/airflow/example_dags/example_bash_operator.py
[2024-08-30T02:54:40.067+0000] {logging_mixin.py:190} INFO - [2024-08-30T02:54:40.067+0000] {dag.py:3211} INFO - Sync 1 DAGs
[2024-08-30T02:54:40.089+0000] {logging_mixin.py:190} INFO - [2024-08-30T02:54:40.088+0000] {dag.py:4138} INFO - Setting next_dagrun for example_bash_operator to 2024-08-30 00:00:00+00:00, run_after=2024-08-31 00:00:00+00:00
[2024-08-30T02:54:40.109+0000] {processor.py:208} INFO - Processing /home/airflow/.local/lib/python3.12/site-packages/airflow/example_dags/example_bash_operator.py took 0.087 seconds
[2024-08-30T02:55:11.082+0000] {processor.py:186} INFO - Started process (PID=6237) to work on /home/airflow/.local/lib/python3.12/site-packages/airflow/example_dags/example_bash_operator.py
[2024-08-30T02:55:11.083+0000] {processor.py:914} INFO - Processing file /home/airflow/.local/lib/python3.12/site-packages/airflow/example_dags/example_bash_operator.py for tasks to queue
[2024-08-30T02:55:11.085+0000] {logging_mixin.py:190} INFO - [2024-08-30T02:55:11.085+0000] {dagbag.py:587} INFO - Filling up the DagBag from /home/airflow/.local/lib/python3.12/site-packages/airflow/example_dags/example_bash_operator.py
[2024-08-30T02:55:11.096+0000] {processor.py:925} INFO - DAG(s) 'example_bash_operator' retrieved from /home/airflow/.local/lib/python3.12/site-packages/airflow/example_dags/example_bash_operator.py
[2024-08-30T02:55:11.123+0000] {logging_mixin.py:190} INFO - [2024-08-30T02:55:11.122+0000] {dag.py:3211} INFO - Sync 1 DAGs
[2024-08-30T02:55:11.146+0000] {logging_mixin.py:190} INFO - [2024-08-30T02:55:11.146+0000] {dag.py:4138} INFO - Setting next_dagrun for example_bash_operator to 2024-08-30 00:00:00+00:00, run_after=2024-08-31 00:00:00+00:00
[2024-08-30T02:55:11.167+0000] {processor.py:208} INFO - Processing /home/airflow/.local/lib/python3.12/site-packages/airflow/example_dags/example_bash_operator.py took 0.090 seconds
[2024-08-30T02:55:41.989+0000] {processor.py:186} INFO - Started process (PID=6525) to work on /home/airflow/.local/lib/python3.12/site-packages/airflow/example_dags/example_bash_operator.py
[2024-08-30T02:55:41.990+0000] {processor.py:914} INFO - Processing file /home/airflow/.local/lib/python3.12/site-packages/airflow/example_dags/example_bash_operator.py for tasks to queue
[2024-08-30T02:55:41.992+0000] {logging_mixin.py:190} INFO - [2024-08-30T02:55:41.992+0000] {dagbag.py:587} INFO - Filling up the DagBag from /home/airflow/.local/lib/python3.12/site-packages/airflow/example_dags/example_bash_operator.py
[2024-08-30T02:55:42.005+0000] {processor.py:925} INFO - DAG(s) 'example_bash_operator' retrieved from /home/airflow/.local/lib/python3.12/site-packages/airflow/example_dags/example_bash_operator.py
[2024-08-30T02:55:42.033+0000] {logging_mixin.py:190} INFO - [2024-08-30T02:55:42.032+0000] {dag.py:3211} INFO - Sync 1 DAGs
[2024-08-30T02:55:42.058+0000] {logging_mixin.py:190} INFO - [2024-08-30T02:55:42.058+0000] {dag.py:4138} INFO - Setting next_dagrun for example_bash_operator to 2024-08-30 00:00:00+00:00, run_after=2024-08-31 00:00:00+00:00
[2024-08-30T02:55:42.079+0000] {processor.py:208} INFO - Processing /home/airflow/.local/lib/python3.12/site-packages/airflow/example_dags/example_bash_operator.py took 0.096 seconds
[2024-08-30T02:56:12.251+0000] {processor.py:186} INFO - Started process (PID=6811) to work on /home/airflow/.local/lib/python3.12/site-packages/airflow/example_dags/example_bash_operator.py
[2024-08-30T02:56:12.252+0000] {processor.py:914} INFO - Processing file /home/airflow/.local/lib/python3.12/site-packages/airflow/example_dags/example_bash_operator.py for tasks to queue
[2024-08-30T02:56:12.253+0000] {logging_mixin.py:190} INFO - [2024-08-30T02:56:12.253+0000] {dagbag.py:587} INFO - Filling up the DagBag from /home/airflow/.local/lib/python3.12/site-packages/airflow/example_dags/example_bash_operator.py
[2024-08-30T02:56:12.264+0000] {processor.py:925} INFO - DAG(s) 'example_bash_operator' retrieved from /home/airflow/.local/lib/python3.12/site-packages/airflow/example_dags/example_bash_operator.py
[2024-08-30T02:56:12.287+0000] {logging_mixin.py:190} INFO - [2024-08-30T02:56:12.287+0000] {dag.py:3211} INFO - Sync 1 DAGs
[2024-08-30T02:56:12.308+0000] {logging_mixin.py:190} INFO - [2024-08-30T02:56:12.308+0000] {dag.py:4138} INFO - Setting next_dagrun for example_bash_operator to 2024-08-30 00:00:00+00:00, run_after=2024-08-31 00:00:00+00:00
[2024-08-30T02:56:12.327+0000] {processor.py:208} INFO - Processing /home/airflow/.local/lib/python3.12/site-packages/airflow/example_dags/example_bash_operator.py took 0.081 seconds
[2024-08-30T02:56:42.776+0000] {processor.py:186} INFO - Started process (PID=7097) to work on /home/airflow/.local/lib/python3.12/site-packages/airflow/example_dags/example_bash_operator.py
[2024-08-30T02:56:42.777+0000] {processor.py:914} INFO - Processing file /home/airflow/.local/lib/python3.12/site-packages/airflow/example_dags/example_bash_operator.py for tasks to queue
[2024-08-30T02:56:42.779+0000] {logging_mixin.py:190} INFO - [2024-08-30T02:56:42.778+0000] {dagbag.py:587} INFO - Filling up the DagBag from /home/airflow/.local/lib/python3.12/site-packages/airflow/example_dags/example_bash_operator.py
[2024-08-30T02:56:42.789+0000] {processor.py:925} INFO - DAG(s) 'example_bash_operator' retrieved from /home/airflow/.local/lib/python3.12/site-packages/airflow/example_dags/example_bash_operator.py
[2024-08-30T02:56:42.814+0000] {logging_mixin.py:190} INFO - [2024-08-30T02:56:42.814+0000] {dag.py:3211} INFO - Sync 1 DAGs
[2024-08-30T02:56:42.836+0000] {logging_mixin.py:190} INFO - [2024-08-30T02:56:42.835+0000] {dag.py:4138} INFO - Setting next_dagrun for example_bash_operator to 2024-08-30 00:00:00+00:00, run_after=2024-08-31 00:00:00+00:00
[2024-08-30T02:56:42.855+0000] {processor.py:208} INFO - Processing /home/airflow/.local/lib/python3.12/site-packages/airflow/example_dags/example_bash_operator.py took 0.084 seconds
[2024-08-30T02:57:13.117+0000] {processor.py:186} INFO - Started process (PID=7383) to work on /home/airflow/.local/lib/python3.12/site-packages/airflow/example_dags/example_bash_operator.py
[2024-08-30T02:57:13.118+0000] {processor.py:914} INFO - Processing file /home/airflow/.local/lib/python3.12/site-packages/airflow/example_dags/example_bash_operator.py for tasks to queue
[2024-08-30T02:57:13.120+0000] {logging_mixin.py:190} INFO - [2024-08-30T02:57:13.119+0000] {dagbag.py:587} INFO - Filling up the DagBag from /home/airflow/.local/lib/python3.12/site-packages/airflow/example_dags/example_bash_operator.py
[2024-08-30T02:57:13.130+0000] {processor.py:925} INFO - DAG(s) 'example_bash_operator' retrieved from /home/airflow/.local/lib/python3.12/site-packages/airflow/example_dags/example_bash_operator.py
[2024-08-30T02:57:13.154+0000] {logging_mixin.py:190} INFO - [2024-08-30T02:57:13.154+0000] {dag.py:3211} INFO - Sync 1 DAGs
[2024-08-30T02:57:13.177+0000] {logging_mixin.py:190} INFO - [2024-08-30T02:57:13.176+0000] {dag.py:4138} INFO - Setting next_dagrun for example_bash_operator to 2024-08-30 00:00:00+00:00, run_after=2024-08-31 00:00:00+00:00
[2024-08-30T02:57:13.195+0000] {processor.py:208} INFO - Processing /home/airflow/.local/lib/python3.12/site-packages/airflow/example_dags/example_bash_operator.py took 0.082 seconds
