[2024-08-30T02:44:26.470+0000] {processor.py:186} INFO - Started process (PID=207) to work on /home/airflow/.local/lib/python3.12/site-packages/airflow/example_dags/example_short_circuit_operator.py
[2024-08-30T02:44:26.471+0000] {processor.py:914} INFO - Processing file /home/airflow/.local/lib/python3.12/site-packages/airflow/example_dags/example_short_circuit_operator.py for tasks to queue
[2024-08-30T02:44:26.473+0000] {logging_mixin.py:190} INFO - [2024-08-30T02:44:26.473+0000] {dagbag.py:587} INFO - Filling up the DagBag from /home/airflow/.local/lib/python3.12/site-packages/airflow/example_dags/example_short_circuit_operator.py
[2024-08-30T02:44:26.484+0000] {processor.py:925} INFO - DAG(s) 'example_short_circuit_operator' retrieved from /home/airflow/.local/lib/python3.12/site-packages/airflow/example_dags/example_short_circuit_operator.py
[2024-08-30T02:44:26.515+0000] {logging_mixin.py:190} INFO - [2024-08-30T02:44:26.515+0000] {dag.py:3211} INFO - Sync 1 DAGs
[2024-08-30T02:44:26.547+0000] {logging_mixin.py:190} INFO - [2024-08-30T02:44:26.547+0000] {dag.py:4138} INFO - Setting next_dagrun for example_short_circuit_operator to 2024-08-29 00:00:00+00:00, run_after=2024-08-30 00:00:00+00:00
[2024-08-30T02:44:26.574+0000] {processor.py:208} INFO - Processing /home/airflow/.local/lib/python3.12/site-packages/airflow/example_dags/example_short_circuit_operator.py took 0.109 seconds
[2024-08-30T02:44:56.743+0000] {processor.py:186} INFO - Started process (PID=514) to work on /home/airflow/.local/lib/python3.12/site-packages/airflow/example_dags/example_short_circuit_operator.py
[2024-08-30T02:44:56.744+0000] {processor.py:914} INFO - Processing file /home/airflow/.local/lib/python3.12/site-packages/airflow/example_dags/example_short_circuit_operator.py for tasks to queue
[2024-08-30T02:44:56.746+0000] {logging_mixin.py:190} INFO - [2024-08-30T02:44:56.746+0000] {dagbag.py:587} INFO - Filling up the DagBag from /home/airflow/.local/lib/python3.12/site-packages/airflow/example_dags/example_short_circuit_operator.py
[2024-08-30T02:44:56.754+0000] {processor.py:925} INFO - DAG(s) 'example_short_circuit_operator' retrieved from /home/airflow/.local/lib/python3.12/site-packages/airflow/example_dags/example_short_circuit_operator.py
[2024-08-30T02:44:56.774+0000] {logging_mixin.py:190} INFO - [2024-08-30T02:44:56.774+0000] {dag.py:3211} INFO - Sync 1 DAGs
[2024-08-30T02:44:56.794+0000] {logging_mixin.py:190} INFO - [2024-08-30T02:44:56.793+0000] {dag.py:4138} INFO - Setting next_dagrun for example_short_circuit_operator to 2024-08-29 00:00:00+00:00, run_after=2024-08-30 00:00:00+00:00
[2024-08-30T02:44:56.814+0000] {processor.py:208} INFO - Processing /home/airflow/.local/lib/python3.12/site-packages/airflow/example_dags/example_short_circuit_operator.py took 0.075 seconds
[2024-08-30T02:45:27.170+0000] {processor.py:186} INFO - Started process (PID=798) to work on /home/airflow/.local/lib/python3.12/site-packages/airflow/example_dags/example_short_circuit_operator.py
[2024-08-30T02:45:27.171+0000] {processor.py:914} INFO - Processing file /home/airflow/.local/lib/python3.12/site-packages/airflow/example_dags/example_short_circuit_operator.py for tasks to queue
[2024-08-30T02:45:27.173+0000] {logging_mixin.py:190} INFO - [2024-08-30T02:45:27.173+0000] {dagbag.py:587} INFO - Filling up the DagBag from /home/airflow/.local/lib/python3.12/site-packages/airflow/example_dags/example_short_circuit_operator.py
[2024-08-30T02:45:27.181+0000] {processor.py:925} INFO - DAG(s) 'example_short_circuit_operator' retrieved from /home/airflow/.local/lib/python3.12/site-packages/airflow/example_dags/example_short_circuit_operator.py
[2024-08-30T02:45:27.203+0000] {logging_mixin.py:190} INFO - [2024-08-30T02:45:27.203+0000] {dag.py:3211} INFO - Sync 1 DAGs
[2024-08-30T02:45:27.225+0000] {logging_mixin.py:190} INFO - [2024-08-30T02:45:27.225+0000] {dag.py:4138} INFO - Setting next_dagrun for example_short_circuit_operator to 2024-08-29 00:00:00+00:00, run_after=2024-08-30 00:00:00+00:00
[2024-08-30T02:45:27.248+0000] {processor.py:208} INFO - Processing /home/airflow/.local/lib/python3.12/site-packages/airflow/example_dags/example_short_circuit_operator.py took 0.083 seconds
[2024-08-30T02:45:57.324+0000] {processor.py:186} INFO - Started process (PID=1084) to work on /home/airflow/.local/lib/python3.12/site-packages/airflow/example_dags/example_short_circuit_operator.py
[2024-08-30T02:45:57.325+0000] {processor.py:914} INFO - Processing file /home/airflow/.local/lib/python3.12/site-packages/airflow/example_dags/example_short_circuit_operator.py for tasks to queue
[2024-08-30T02:45:57.327+0000] {logging_mixin.py:190} INFO - [2024-08-30T02:45:57.326+0000] {dagbag.py:587} INFO - Filling up the DagBag from /home/airflow/.local/lib/python3.12/site-packages/airflow/example_dags/example_short_circuit_operator.py
[2024-08-30T02:45:57.334+0000] {processor.py:925} INFO - DAG(s) 'example_short_circuit_operator' retrieved from /home/airflow/.local/lib/python3.12/site-packages/airflow/example_dags/example_short_circuit_operator.py
[2024-08-30T02:45:57.354+0000] {logging_mixin.py:190} INFO - [2024-08-30T02:45:57.354+0000] {dag.py:3211} INFO - Sync 1 DAGs
[2024-08-30T02:45:57.374+0000] {logging_mixin.py:190} INFO - [2024-08-30T02:45:57.374+0000] {dag.py:4138} INFO - Setting next_dagrun for example_short_circuit_operator to 2024-08-29 00:00:00+00:00, run_after=2024-08-30 00:00:00+00:00
[2024-08-30T02:45:57.391+0000] {processor.py:208} INFO - Processing /home/airflow/.local/lib/python3.12/site-packages/airflow/example_dags/example_short_circuit_operator.py took 0.071 seconds
[2024-08-30T02:46:28.078+0000] {processor.py:186} INFO - Started process (PID=1370) to work on /home/airflow/.local/lib/python3.12/site-packages/airflow/example_dags/example_short_circuit_operator.py
[2024-08-30T02:46:28.079+0000] {processor.py:914} INFO - Processing file /home/airflow/.local/lib/python3.12/site-packages/airflow/example_dags/example_short_circuit_operator.py for tasks to queue
[2024-08-30T02:46:28.080+0000] {logging_mixin.py:190} INFO - [2024-08-30T02:46:28.080+0000] {dagbag.py:587} INFO - Filling up the DagBag from /home/airflow/.local/lib/python3.12/site-packages/airflow/example_dags/example_short_circuit_operator.py
[2024-08-30T02:46:28.087+0000] {processor.py:925} INFO - DAG(s) 'example_short_circuit_operator' retrieved from /home/airflow/.local/lib/python3.12/site-packages/airflow/example_dags/example_short_circuit_operator.py
[2024-08-30T02:46:28.106+0000] {logging_mixin.py:190} INFO - [2024-08-30T02:46:28.106+0000] {dag.py:3211} INFO - Sync 1 DAGs
[2024-08-30T02:46:28.127+0000] {logging_mixin.py:190} INFO - [2024-08-30T02:46:28.127+0000] {dag.py:4138} INFO - Setting next_dagrun for example_short_circuit_operator to 2024-08-29 00:00:00+00:00, run_after=2024-08-30 00:00:00+00:00
[2024-08-30T02:46:28.144+0000] {processor.py:208} INFO - Processing /home/airflow/.local/lib/python3.12/site-packages/airflow/example_dags/example_short_circuit_operator.py took 0.071 seconds
[2024-08-30T02:46:58.671+0000] {processor.py:186} INFO - Started process (PID=1658) to work on /home/airflow/.local/lib/python3.12/site-packages/airflow/example_dags/example_short_circuit_operator.py
[2024-08-30T02:46:58.671+0000] {processor.py:914} INFO - Processing file /home/airflow/.local/lib/python3.12/site-packages/airflow/example_dags/example_short_circuit_operator.py for tasks to queue
[2024-08-30T02:46:58.673+0000] {logging_mixin.py:190} INFO - [2024-08-30T02:46:58.673+0000] {dagbag.py:587} INFO - Filling up the DagBag from /home/airflow/.local/lib/python3.12/site-packages/airflow/example_dags/example_short_circuit_operator.py
[2024-08-30T02:46:58.680+0000] {processor.py:925} INFO - DAG(s) 'example_short_circuit_operator' retrieved from /home/airflow/.local/lib/python3.12/site-packages/airflow/example_dags/example_short_circuit_operator.py
[2024-08-30T02:46:58.699+0000] {logging_mixin.py:190} INFO - [2024-08-30T02:46:58.699+0000] {dag.py:3211} INFO - Sync 1 DAGs
[2024-08-30T02:46:58.720+0000] {logging_mixin.py:190} INFO - [2024-08-30T02:46:58.720+0000] {dag.py:4138} INFO - Setting next_dagrun for example_short_circuit_operator to 2024-08-29 00:00:00+00:00, run_after=2024-08-30 00:00:00+00:00
[2024-08-30T02:46:58.739+0000] {processor.py:208} INFO - Processing /home/airflow/.local/lib/python3.12/site-packages/airflow/example_dags/example_short_circuit_operator.py took 0.073 seconds
[2024-08-30T02:47:29.362+0000] {processor.py:186} INFO - Started process (PID=1944) to work on /home/airflow/.local/lib/python3.12/site-packages/airflow/example_dags/example_short_circuit_operator.py
[2024-08-30T02:47:29.363+0000] {processor.py:914} INFO - Processing file /home/airflow/.local/lib/python3.12/site-packages/airflow/example_dags/example_short_circuit_operator.py for tasks to queue
[2024-08-30T02:47:29.365+0000] {logging_mixin.py:190} INFO - [2024-08-30T02:47:29.365+0000] {dagbag.py:587} INFO - Filling up the DagBag from /home/airflow/.local/lib/python3.12/site-packages/airflow/example_dags/example_short_circuit_operator.py
[2024-08-30T02:47:29.373+0000] {processor.py:925} INFO - DAG(s) 'example_short_circuit_operator' retrieved from /home/airflow/.local/lib/python3.12/site-packages/airflow/example_dags/example_short_circuit_operator.py
[2024-08-30T02:47:29.396+0000] {logging_mixin.py:190} INFO - [2024-08-30T02:47:29.396+0000] {dag.py:3211} INFO - Sync 1 DAGs
[2024-08-30T02:47:29.420+0000] {logging_mixin.py:190} INFO - [2024-08-30T02:47:29.420+0000] {dag.py:4138} INFO - Setting next_dagrun for example_short_circuit_operator to 2024-08-29 00:00:00+00:00, run_after=2024-08-30 00:00:00+00:00
[2024-08-30T02:47:29.440+0000] {processor.py:208} INFO - Processing /home/airflow/.local/lib/python3.12/site-packages/airflow/example_dags/example_short_circuit_operator.py took 0.083 seconds
[2024-08-30T02:48:00.301+0000] {processor.py:186} INFO - Started process (PID=2228) to work on /home/airflow/.local/lib/python3.12/site-packages/airflow/example_dags/example_short_circuit_operator.py
[2024-08-30T02:48:00.302+0000] {processor.py:914} INFO - Processing file /home/airflow/.local/lib/python3.12/site-packages/airflow/example_dags/example_short_circuit_operator.py for tasks to queue
[2024-08-30T02:48:00.304+0000] {logging_mixin.py:190} INFO - [2024-08-30T02:48:00.303+0000] {dagbag.py:587} INFO - Filling up the DagBag from /home/airflow/.local/lib/python3.12/site-packages/airflow/example_dags/example_short_circuit_operator.py
[2024-08-30T02:48:00.311+0000] {processor.py:925} INFO - DAG(s) 'example_short_circuit_operator' retrieved from /home/airflow/.local/lib/python3.12/site-packages/airflow/example_dags/example_short_circuit_operator.py
[2024-08-30T02:48:00.333+0000] {logging_mixin.py:190} INFO - [2024-08-30T02:48:00.333+0000] {dag.py:3211} INFO - Sync 1 DAGs
[2024-08-30T02:48:00.355+0000] {logging_mixin.py:190} INFO - [2024-08-30T02:48:00.355+0000] {dag.py:4138} INFO - Setting next_dagrun for example_short_circuit_operator to 2024-08-29 00:00:00+00:00, run_after=2024-08-30 00:00:00+00:00
[2024-08-30T02:48:00.374+0000] {processor.py:208} INFO - Processing /home/airflow/.local/lib/python3.12/site-packages/airflow/example_dags/example_short_circuit_operator.py took 0.078 seconds
[2024-08-30T02:48:31.156+0000] {processor.py:186} INFO - Started process (PID=2516) to work on /home/airflow/.local/lib/python3.12/site-packages/airflow/example_dags/example_short_circuit_operator.py
[2024-08-30T02:48:31.156+0000] {processor.py:914} INFO - Processing file /home/airflow/.local/lib/python3.12/site-packages/airflow/example_dags/example_short_circuit_operator.py for tasks to queue
[2024-08-30T02:48:31.158+0000] {logging_mixin.py:190} INFO - [2024-08-30T02:48:31.158+0000] {dagbag.py:587} INFO - Filling up the DagBag from /home/airflow/.local/lib/python3.12/site-packages/airflow/example_dags/example_short_circuit_operator.py
[2024-08-30T02:48:31.165+0000] {processor.py:925} INFO - DAG(s) 'example_short_circuit_operator' retrieved from /home/airflow/.local/lib/python3.12/site-packages/airflow/example_dags/example_short_circuit_operator.py
[2024-08-30T02:48:31.188+0000] {logging_mixin.py:190} INFO - [2024-08-30T02:48:31.187+0000] {dag.py:3211} INFO - Sync 1 DAGs
[2024-08-30T02:48:31.209+0000] {logging_mixin.py:190} INFO - [2024-08-30T02:48:31.209+0000] {dag.py:4138} INFO - Setting next_dagrun for example_short_circuit_operator to 2024-08-29 00:00:00+00:00, run_after=2024-08-30 00:00:00+00:00
[2024-08-30T02:48:31.228+0000] {processor.py:208} INFO - Processing /home/airflow/.local/lib/python3.12/site-packages/airflow/example_dags/example_short_circuit_operator.py took 0.078 seconds
[2024-08-30T02:49:02.240+0000] {processor.py:186} INFO - Started process (PID=2802) to work on /home/airflow/.local/lib/python3.12/site-packages/airflow/example_dags/example_short_circuit_operator.py
[2024-08-30T02:49:02.241+0000] {processor.py:914} INFO - Processing file /home/airflow/.local/lib/python3.12/site-packages/airflow/example_dags/example_short_circuit_operator.py for tasks to queue
[2024-08-30T02:49:02.243+0000] {logging_mixin.py:190} INFO - [2024-08-30T02:49:02.242+0000] {dagbag.py:587} INFO - Filling up the DagBag from /home/airflow/.local/lib/python3.12/site-packages/airflow/example_dags/example_short_circuit_operator.py
[2024-08-30T02:49:02.250+0000] {processor.py:925} INFO - DAG(s) 'example_short_circuit_operator' retrieved from /home/airflow/.local/lib/python3.12/site-packages/airflow/example_dags/example_short_circuit_operator.py
[2024-08-30T02:49:02.270+0000] {logging_mixin.py:190} INFO - [2024-08-30T02:49:02.269+0000] {dag.py:3211} INFO - Sync 1 DAGs
[2024-08-30T02:49:02.289+0000] {logging_mixin.py:190} INFO - [2024-08-30T02:49:02.289+0000] {dag.py:4138} INFO - Setting next_dagrun for example_short_circuit_operator to 2024-08-29 00:00:00+00:00, run_after=2024-08-30 00:00:00+00:00
[2024-08-30T02:49:02.306+0000] {processor.py:208} INFO - Processing /home/airflow/.local/lib/python3.12/site-packages/airflow/example_dags/example_short_circuit_operator.py took 0.071 seconds
[2024-08-30T02:49:33.118+0000] {processor.py:186} INFO - Started process (PID=3088) to work on /home/airflow/.local/lib/python3.12/site-packages/airflow/example_dags/example_short_circuit_operator.py
[2024-08-30T02:49:33.119+0000] {processor.py:914} INFO - Processing file /home/airflow/.local/lib/python3.12/site-packages/airflow/example_dags/example_short_circuit_operator.py for tasks to queue
[2024-08-30T02:49:33.121+0000] {logging_mixin.py:190} INFO - [2024-08-30T02:49:33.121+0000] {dagbag.py:587} INFO - Filling up the DagBag from /home/airflow/.local/lib/python3.12/site-packages/airflow/example_dags/example_short_circuit_operator.py
[2024-08-30T02:49:33.128+0000] {processor.py:925} INFO - DAG(s) 'example_short_circuit_operator' retrieved from /home/airflow/.local/lib/python3.12/site-packages/airflow/example_dags/example_short_circuit_operator.py
[2024-08-30T02:49:33.149+0000] {logging_mixin.py:190} INFO - [2024-08-30T02:49:33.149+0000] {dag.py:3211} INFO - Sync 1 DAGs
[2024-08-30T02:49:33.171+0000] {logging_mixin.py:190} INFO - [2024-08-30T02:49:33.171+0000] {dag.py:4138} INFO - Setting next_dagrun for example_short_circuit_operator to 2024-08-29 00:00:00+00:00, run_after=2024-08-30 00:00:00+00:00
[2024-08-30T02:49:33.188+0000] {processor.py:208} INFO - Processing /home/airflow/.local/lib/python3.12/site-packages/airflow/example_dags/example_short_circuit_operator.py took 0.075 seconds
[2024-08-30T02:50:03.805+0000] {processor.py:186} INFO - Started process (PID=3374) to work on /home/airflow/.local/lib/python3.12/site-packages/airflow/example_dags/example_short_circuit_operator.py
[2024-08-30T02:50:03.806+0000] {processor.py:914} INFO - Processing file /home/airflow/.local/lib/python3.12/site-packages/airflow/example_dags/example_short_circuit_operator.py for tasks to queue
[2024-08-30T02:50:03.808+0000] {logging_mixin.py:190} INFO - [2024-08-30T02:50:03.807+0000] {dagbag.py:587} INFO - Filling up the DagBag from /home/airflow/.local/lib/python3.12/site-packages/airflow/example_dags/example_short_circuit_operator.py
[2024-08-30T02:50:03.815+0000] {processor.py:925} INFO - DAG(s) 'example_short_circuit_operator' retrieved from /home/airflow/.local/lib/python3.12/site-packages/airflow/example_dags/example_short_circuit_operator.py
[2024-08-30T02:50:03.835+0000] {logging_mixin.py:190} INFO - [2024-08-30T02:50:03.834+0000] {dag.py:3211} INFO - Sync 1 DAGs
[2024-08-30T02:50:03.856+0000] {logging_mixin.py:190} INFO - [2024-08-30T02:50:03.856+0000] {dag.py:4138} INFO - Setting next_dagrun for example_short_circuit_operator to 2024-08-29 00:00:00+00:00, run_after=2024-08-30 00:00:00+00:00
[2024-08-30T02:50:03.874+0000] {processor.py:208} INFO - Processing /home/airflow/.local/lib/python3.12/site-packages/airflow/example_dags/example_short_circuit_operator.py took 0.074 seconds
[2024-08-30T02:50:34.400+0000] {processor.py:186} INFO - Started process (PID=3658) to work on /home/airflow/.local/lib/python3.12/site-packages/airflow/example_dags/example_short_circuit_operator.py
[2024-08-30T02:50:34.401+0000] {processor.py:914} INFO - Processing file /home/airflow/.local/lib/python3.12/site-packages/airflow/example_dags/example_short_circuit_operator.py for tasks to queue
[2024-08-30T02:50:34.403+0000] {logging_mixin.py:190} INFO - [2024-08-30T02:50:34.403+0000] {dagbag.py:587} INFO - Filling up the DagBag from /home/airflow/.local/lib/python3.12/site-packages/airflow/example_dags/example_short_circuit_operator.py
[2024-08-30T02:50:34.410+0000] {processor.py:925} INFO - DAG(s) 'example_short_circuit_operator' retrieved from /home/airflow/.local/lib/python3.12/site-packages/airflow/example_dags/example_short_circuit_operator.py
[2024-08-30T02:50:34.430+0000] {logging_mixin.py:190} INFO - [2024-08-30T02:50:34.430+0000] {dag.py:3211} INFO - Sync 1 DAGs
[2024-08-30T02:50:34.450+0000] {logging_mixin.py:190} INFO - [2024-08-30T02:50:34.450+0000] {dag.py:4138} INFO - Setting next_dagrun for example_short_circuit_operator to 2024-08-29 00:00:00+00:00, run_after=2024-08-30 00:00:00+00:00
[2024-08-30T02:50:34.469+0000] {processor.py:208} INFO - Processing /home/airflow/.local/lib/python3.12/site-packages/airflow/example_dags/example_short_circuit_operator.py took 0.074 seconds
[2024-08-30T02:51:05.178+0000] {processor.py:186} INFO - Started process (PID=3946) to work on /home/airflow/.local/lib/python3.12/site-packages/airflow/example_dags/example_short_circuit_operator.py
[2024-08-30T02:51:05.179+0000] {processor.py:914} INFO - Processing file /home/airflow/.local/lib/python3.12/site-packages/airflow/example_dags/example_short_circuit_operator.py for tasks to queue
[2024-08-30T02:51:05.181+0000] {logging_mixin.py:190} INFO - [2024-08-30T02:51:05.181+0000] {dagbag.py:587} INFO - Filling up the DagBag from /home/airflow/.local/lib/python3.12/site-packages/airflow/example_dags/example_short_circuit_operator.py
[2024-08-30T02:51:05.189+0000] {processor.py:925} INFO - DAG(s) 'example_short_circuit_operator' retrieved from /home/airflow/.local/lib/python3.12/site-packages/airflow/example_dags/example_short_circuit_operator.py
[2024-08-30T02:51:05.209+0000] {logging_mixin.py:190} INFO - [2024-08-30T02:51:05.209+0000] {dag.py:3211} INFO - Sync 1 DAGs
[2024-08-30T02:51:05.229+0000] {logging_mixin.py:190} INFO - [2024-08-30T02:51:05.229+0000] {dag.py:4138} INFO - Setting next_dagrun for example_short_circuit_operator to 2024-08-29 00:00:00+00:00, run_after=2024-08-30 00:00:00+00:00
[2024-08-30T02:51:05.250+0000] {processor.py:208} INFO - Processing /home/airflow/.local/lib/python3.12/site-packages/airflow/example_dags/example_short_circuit_operator.py took 0.077 seconds
[2024-08-30T02:51:35.767+0000] {processor.py:186} INFO - Started process (PID=4230) to work on /home/airflow/.local/lib/python3.12/site-packages/airflow/example_dags/example_short_circuit_operator.py
[2024-08-30T02:51:35.768+0000] {processor.py:914} INFO - Processing file /home/airflow/.local/lib/python3.12/site-packages/airflow/example_dags/example_short_circuit_operator.py for tasks to queue
[2024-08-30T02:51:35.770+0000] {logging_mixin.py:190} INFO - [2024-08-30T02:51:35.770+0000] {dagbag.py:587} INFO - Filling up the DagBag from /home/airflow/.local/lib/python3.12/site-packages/airflow/example_dags/example_short_circuit_operator.py
[2024-08-30T02:51:35.777+0000] {processor.py:925} INFO - DAG(s) 'example_short_circuit_operator' retrieved from /home/airflow/.local/lib/python3.12/site-packages/airflow/example_dags/example_short_circuit_operator.py
[2024-08-30T02:51:35.797+0000] {logging_mixin.py:190} INFO - [2024-08-30T02:51:35.797+0000] {dag.py:3211} INFO - Sync 1 DAGs
[2024-08-30T02:51:35.817+0000] {logging_mixin.py:190} INFO - [2024-08-30T02:51:35.817+0000] {dag.py:4138} INFO - Setting next_dagrun for example_short_circuit_operator to 2024-08-29 00:00:00+00:00, run_after=2024-08-30 00:00:00+00:00
[2024-08-30T02:51:35.836+0000] {processor.py:208} INFO - Processing /home/airflow/.local/lib/python3.12/site-packages/airflow/example_dags/example_short_circuit_operator.py took 0.075 seconds
[2024-08-30T02:52:06.428+0000] {processor.py:186} INFO - Started process (PID=4518) to work on /home/airflow/.local/lib/python3.12/site-packages/airflow/example_dags/example_short_circuit_operator.py
[2024-08-30T02:52:06.429+0000] {processor.py:914} INFO - Processing file /home/airflow/.local/lib/python3.12/site-packages/airflow/example_dags/example_short_circuit_operator.py for tasks to queue
[2024-08-30T02:52:06.431+0000] {logging_mixin.py:190} INFO - [2024-08-30T02:52:06.431+0000] {dagbag.py:587} INFO - Filling up the DagBag from /home/airflow/.local/lib/python3.12/site-packages/airflow/example_dags/example_short_circuit_operator.py
[2024-08-30T02:52:06.440+0000] {processor.py:925} INFO - DAG(s) 'example_short_circuit_operator' retrieved from /home/airflow/.local/lib/python3.12/site-packages/airflow/example_dags/example_short_circuit_operator.py
[2024-08-30T02:52:06.463+0000] {logging_mixin.py:190} INFO - [2024-08-30T02:52:06.463+0000] {dag.py:3211} INFO - Sync 1 DAGs
[2024-08-30T02:52:06.486+0000] {logging_mixin.py:190} INFO - [2024-08-30T02:52:06.486+0000] {dag.py:4138} INFO - Setting next_dagrun for example_short_circuit_operator to 2024-08-29 00:00:00+00:00, run_after=2024-08-30 00:00:00+00:00
[2024-08-30T02:52:06.509+0000] {processor.py:208} INFO - Processing /home/airflow/.local/lib/python3.12/site-packages/airflow/example_dags/example_short_circuit_operator.py took 0.086 seconds
[2024-08-30T02:52:37.241+0000] {processor.py:186} INFO - Started process (PID=4804) to work on /home/airflow/.local/lib/python3.12/site-packages/airflow/example_dags/example_short_circuit_operator.py
[2024-08-30T02:52:37.242+0000] {processor.py:914} INFO - Processing file /home/airflow/.local/lib/python3.12/site-packages/airflow/example_dags/example_short_circuit_operator.py for tasks to queue
[2024-08-30T02:52:37.244+0000] {logging_mixin.py:190} INFO - [2024-08-30T02:52:37.243+0000] {dagbag.py:587} INFO - Filling up the DagBag from /home/airflow/.local/lib/python3.12/site-packages/airflow/example_dags/example_short_circuit_operator.py
[2024-08-30T02:52:37.251+0000] {processor.py:925} INFO - DAG(s) 'example_short_circuit_operator' retrieved from /home/airflow/.local/lib/python3.12/site-packages/airflow/example_dags/example_short_circuit_operator.py
[2024-08-30T02:52:37.272+0000] {logging_mixin.py:190} INFO - [2024-08-30T02:52:37.271+0000] {dag.py:3211} INFO - Sync 1 DAGs
[2024-08-30T02:52:37.293+0000] {logging_mixin.py:190} INFO - [2024-08-30T02:52:37.293+0000] {dag.py:4138} INFO - Setting next_dagrun for example_short_circuit_operator to 2024-08-29 00:00:00+00:00, run_after=2024-08-30 00:00:00+00:00
[2024-08-30T02:52:37.312+0000] {processor.py:208} INFO - Processing /home/airflow/.local/lib/python3.12/site-packages/airflow/example_dags/example_short_circuit_operator.py took 0.076 seconds
[2024-08-30T02:53:08.010+0000] {processor.py:186} INFO - Started process (PID=5088) to work on /home/airflow/.local/lib/python3.12/site-packages/airflow/example_dags/example_short_circuit_operator.py
[2024-08-30T02:53:08.011+0000] {processor.py:914} INFO - Processing file /home/airflow/.local/lib/python3.12/site-packages/airflow/example_dags/example_short_circuit_operator.py for tasks to queue
[2024-08-30T02:53:08.013+0000] {logging_mixin.py:190} INFO - [2024-08-30T02:53:08.013+0000] {dagbag.py:587} INFO - Filling up the DagBag from /home/airflow/.local/lib/python3.12/site-packages/airflow/example_dags/example_short_circuit_operator.py
[2024-08-30T02:53:08.022+0000] {processor.py:925} INFO - DAG(s) 'example_short_circuit_operator' retrieved from /home/airflow/.local/lib/python3.12/site-packages/airflow/example_dags/example_short_circuit_operator.py
[2024-08-30T02:53:08.041+0000] {logging_mixin.py:190} INFO - [2024-08-30T02:53:08.041+0000] {dag.py:3211} INFO - Sync 1 DAGs
[2024-08-30T02:53:08.062+0000] {logging_mixin.py:190} INFO - [2024-08-30T02:53:08.062+0000] {dag.py:4138} INFO - Setting next_dagrun for example_short_circuit_operator to 2024-08-29 00:00:00+00:00, run_after=2024-08-30 00:00:00+00:00
[2024-08-30T02:53:08.079+0000] {processor.py:208} INFO - Processing /home/airflow/.local/lib/python3.12/site-packages/airflow/example_dags/example_short_circuit_operator.py took 0.073 seconds
[2024-08-30T02:53:38.878+0000] {processor.py:186} INFO - Started process (PID=5374) to work on /home/airflow/.local/lib/python3.12/site-packages/airflow/example_dags/example_short_circuit_operator.py
[2024-08-30T02:53:38.879+0000] {processor.py:914} INFO - Processing file /home/airflow/.local/lib/python3.12/site-packages/airflow/example_dags/example_short_circuit_operator.py for tasks to queue
[2024-08-30T02:53:38.881+0000] {logging_mixin.py:190} INFO - [2024-08-30T02:53:38.880+0000] {dagbag.py:587} INFO - Filling up the DagBag from /home/airflow/.local/lib/python3.12/site-packages/airflow/example_dags/example_short_circuit_operator.py
[2024-08-30T02:53:38.889+0000] {processor.py:925} INFO - DAG(s) 'example_short_circuit_operator' retrieved from /home/airflow/.local/lib/python3.12/site-packages/airflow/example_dags/example_short_circuit_operator.py
[2024-08-30T02:53:38.911+0000] {logging_mixin.py:190} INFO - [2024-08-30T02:53:38.911+0000] {dag.py:3211} INFO - Sync 1 DAGs
[2024-08-30T02:53:38.933+0000] {logging_mixin.py:190} INFO - [2024-08-30T02:53:38.933+0000] {dag.py:4138} INFO - Setting next_dagrun for example_short_circuit_operator to 2024-08-29 00:00:00+00:00, run_after=2024-08-30 00:00:00+00:00
[2024-08-30T02:53:38.953+0000] {processor.py:208} INFO - Processing /home/airflow/.local/lib/python3.12/site-packages/airflow/example_dags/example_short_circuit_operator.py took 0.080 seconds
[2024-08-30T02:54:09.706+0000] {processor.py:186} INFO - Started process (PID=5660) to work on /home/airflow/.local/lib/python3.12/site-packages/airflow/example_dags/example_short_circuit_operator.py
[2024-08-30T02:54:09.707+0000] {processor.py:914} INFO - Processing file /home/airflow/.local/lib/python3.12/site-packages/airflow/example_dags/example_short_circuit_operator.py for tasks to queue
[2024-08-30T02:54:09.710+0000] {logging_mixin.py:190} INFO - [2024-08-30T02:54:09.709+0000] {dagbag.py:587} INFO - Filling up the DagBag from /home/airflow/.local/lib/python3.12/site-packages/airflow/example_dags/example_short_circuit_operator.py
[2024-08-30T02:54:09.718+0000] {processor.py:925} INFO - DAG(s) 'example_short_circuit_operator' retrieved from /home/airflow/.local/lib/python3.12/site-packages/airflow/example_dags/example_short_circuit_operator.py
[2024-08-30T02:54:09.744+0000] {logging_mixin.py:190} INFO - [2024-08-30T02:54:09.744+0000] {dag.py:3211} INFO - Sync 1 DAGs
[2024-08-30T02:54:09.772+0000] {logging_mixin.py:190} INFO - [2024-08-30T02:54:09.772+0000] {dag.py:4138} INFO - Setting next_dagrun for example_short_circuit_operator to 2024-08-29 00:00:00+00:00, run_after=2024-08-30 00:00:00+00:00
[2024-08-30T02:54:09.795+0000] {processor.py:208} INFO - Processing /home/airflow/.local/lib/python3.12/site-packages/airflow/example_dags/example_short_circuit_operator.py took 0.095 seconds
[2024-08-30T02:54:40.018+0000] {processor.py:186} INFO - Started process (PID=5948) to work on /home/airflow/.local/lib/python3.12/site-packages/airflow/example_dags/example_short_circuit_operator.py
[2024-08-30T02:54:40.019+0000] {processor.py:914} INFO - Processing file /home/airflow/.local/lib/python3.12/site-packages/airflow/example_dags/example_short_circuit_operator.py for tasks to queue
[2024-08-30T02:54:40.021+0000] {logging_mixin.py:190} INFO - [2024-08-30T02:54:40.020+0000] {dagbag.py:587} INFO - Filling up the DagBag from /home/airflow/.local/lib/python3.12/site-packages/airflow/example_dags/example_short_circuit_operator.py
[2024-08-30T02:54:40.028+0000] {processor.py:925} INFO - DAG(s) 'example_short_circuit_operator' retrieved from /home/airflow/.local/lib/python3.12/site-packages/airflow/example_dags/example_short_circuit_operator.py
[2024-08-30T02:54:40.049+0000] {logging_mixin.py:190} INFO - [2024-08-30T02:54:40.049+0000] {dag.py:3211} INFO - Sync 1 DAGs
[2024-08-30T02:54:40.070+0000] {logging_mixin.py:190} INFO - [2024-08-30T02:54:40.069+0000] {dag.py:4138} INFO - Setting next_dagrun for example_short_circuit_operator to 2024-08-29 00:00:00+00:00, run_after=2024-08-30 00:00:00+00:00
[2024-08-30T02:54:40.089+0000] {processor.py:208} INFO - Processing /home/airflow/.local/lib/python3.12/site-packages/airflow/example_dags/example_short_circuit_operator.py took 0.075 seconds
[2024-08-30T02:55:11.074+0000] {processor.py:186} INFO - Started process (PID=6234) to work on /home/airflow/.local/lib/python3.12/site-packages/airflow/example_dags/example_short_circuit_operator.py
[2024-08-30T02:55:11.075+0000] {processor.py:914} INFO - Processing file /home/airflow/.local/lib/python3.12/site-packages/airflow/example_dags/example_short_circuit_operator.py for tasks to queue
[2024-08-30T02:55:11.077+0000] {logging_mixin.py:190} INFO - [2024-08-30T02:55:11.076+0000] {dagbag.py:587} INFO - Filling up the DagBag from /home/airflow/.local/lib/python3.12/site-packages/airflow/example_dags/example_short_circuit_operator.py
[2024-08-30T02:55:11.084+0000] {processor.py:925} INFO - DAG(s) 'example_short_circuit_operator' retrieved from /home/airflow/.local/lib/python3.12/site-packages/airflow/example_dags/example_short_circuit_operator.py
[2024-08-30T02:55:11.104+0000] {logging_mixin.py:190} INFO - [2024-08-30T02:55:11.104+0000] {dag.py:3211} INFO - Sync 1 DAGs
[2024-08-30T02:55:11.126+0000] {logging_mixin.py:190} INFO - [2024-08-30T02:55:11.126+0000] {dag.py:4138} INFO - Setting next_dagrun for example_short_circuit_operator to 2024-08-29 00:00:00+00:00, run_after=2024-08-30 00:00:00+00:00
[2024-08-30T02:55:11.146+0000] {processor.py:208} INFO - Processing /home/airflow/.local/lib/python3.12/site-packages/airflow/example_dags/example_short_circuit_operator.py took 0.077 seconds
[2024-08-30T02:55:41.889+0000] {processor.py:186} INFO - Started process (PID=6518) to work on /home/airflow/.local/lib/python3.12/site-packages/airflow/example_dags/example_short_circuit_operator.py
[2024-08-30T02:55:41.890+0000] {processor.py:914} INFO - Processing file /home/airflow/.local/lib/python3.12/site-packages/airflow/example_dags/example_short_circuit_operator.py for tasks to queue
[2024-08-30T02:55:41.892+0000] {logging_mixin.py:190} INFO - [2024-08-30T02:55:41.892+0000] {dagbag.py:587} INFO - Filling up the DagBag from /home/airflow/.local/lib/python3.12/site-packages/airflow/example_dags/example_short_circuit_operator.py
[2024-08-30T02:55:41.900+0000] {processor.py:925} INFO - DAG(s) 'example_short_circuit_operator' retrieved from /home/airflow/.local/lib/python3.12/site-packages/airflow/example_dags/example_short_circuit_operator.py
[2024-08-30T02:55:41.924+0000] {logging_mixin.py:190} INFO - [2024-08-30T02:55:41.923+0000] {dag.py:3211} INFO - Sync 1 DAGs
[2024-08-30T02:55:41.947+0000] {logging_mixin.py:190} INFO - [2024-08-30T02:55:41.947+0000] {dag.py:4138} INFO - Setting next_dagrun for example_short_circuit_operator to 2024-08-29 00:00:00+00:00, run_after=2024-08-30 00:00:00+00:00
[2024-08-30T02:55:41.968+0000] {processor.py:208} INFO - Processing /home/airflow/.local/lib/python3.12/site-packages/airflow/example_dags/example_short_circuit_operator.py took 0.085 seconds
[2024-08-30T02:56:12.153+0000] {processor.py:186} INFO - Started process (PID=6804) to work on /home/airflow/.local/lib/python3.12/site-packages/airflow/example_dags/example_short_circuit_operator.py
[2024-08-30T02:56:12.153+0000] {processor.py:914} INFO - Processing file /home/airflow/.local/lib/python3.12/site-packages/airflow/example_dags/example_short_circuit_operator.py for tasks to queue
[2024-08-30T02:56:12.155+0000] {logging_mixin.py:190} INFO - [2024-08-30T02:56:12.155+0000] {dagbag.py:587} INFO - Filling up the DagBag from /home/airflow/.local/lib/python3.12/site-packages/airflow/example_dags/example_short_circuit_operator.py
[2024-08-30T02:56:12.162+0000] {processor.py:925} INFO - DAG(s) 'example_short_circuit_operator' retrieved from /home/airflow/.local/lib/python3.12/site-packages/airflow/example_dags/example_short_circuit_operator.py
[2024-08-30T02:56:12.184+0000] {logging_mixin.py:190} INFO - [2024-08-30T02:56:12.184+0000] {dag.py:3211} INFO - Sync 1 DAGs
[2024-08-30T02:56:12.203+0000] {logging_mixin.py:190} INFO - [2024-08-30T02:56:12.203+0000] {dag.py:4138} INFO - Setting next_dagrun for example_short_circuit_operator to 2024-08-29 00:00:00+00:00, run_after=2024-08-30 00:00:00+00:00
[2024-08-30T02:56:12.222+0000] {processor.py:208} INFO - Processing /home/airflow/.local/lib/python3.12/site-packages/airflow/example_dags/example_short_circuit_operator.py took 0.075 seconds
[2024-08-30T02:56:42.660+0000] {processor.py:186} INFO - Started process (PID=7092) to work on /home/airflow/.local/lib/python3.12/site-packages/airflow/example_dags/example_short_circuit_operator.py
[2024-08-30T02:56:42.661+0000] {processor.py:914} INFO - Processing file /home/airflow/.local/lib/python3.12/site-packages/airflow/example_dags/example_short_circuit_operator.py for tasks to queue
[2024-08-30T02:56:42.663+0000] {logging_mixin.py:190} INFO - [2024-08-30T02:56:42.662+0000] {dagbag.py:587} INFO - Filling up the DagBag from /home/airflow/.local/lib/python3.12/site-packages/airflow/example_dags/example_short_circuit_operator.py
[2024-08-30T02:56:42.671+0000] {processor.py:925} INFO - DAG(s) 'example_short_circuit_operator' retrieved from /home/airflow/.local/lib/python3.12/site-packages/airflow/example_dags/example_short_circuit_operator.py
[2024-08-30T02:56:42.693+0000] {logging_mixin.py:190} INFO - [2024-08-30T02:56:42.693+0000] {dag.py:3211} INFO - Sync 1 DAGs
[2024-08-30T02:56:42.713+0000] {logging_mixin.py:190} INFO - [2024-08-30T02:56:42.713+0000] {dag.py:4138} INFO - Setting next_dagrun for example_short_circuit_operator to 2024-08-29 00:00:00+00:00, run_after=2024-08-30 00:00:00+00:00
[2024-08-30T02:56:42.735+0000] {processor.py:208} INFO - Processing /home/airflow/.local/lib/python3.12/site-packages/airflow/example_dags/example_short_circuit_operator.py took 0.081 seconds
[2024-08-30T02:57:13.013+0000] {processor.py:186} INFO - Started process (PID=7376) to work on /home/airflow/.local/lib/python3.12/site-packages/airflow/example_dags/example_short_circuit_operator.py
[2024-08-30T02:57:13.013+0000] {processor.py:914} INFO - Processing file /home/airflow/.local/lib/python3.12/site-packages/airflow/example_dags/example_short_circuit_operator.py for tasks to queue
[2024-08-30T02:57:13.016+0000] {logging_mixin.py:190} INFO - [2024-08-30T02:57:13.016+0000] {dagbag.py:587} INFO - Filling up the DagBag from /home/airflow/.local/lib/python3.12/site-packages/airflow/example_dags/example_short_circuit_operator.py
[2024-08-30T02:57:13.024+0000] {processor.py:925} INFO - DAG(s) 'example_short_circuit_operator' retrieved from /home/airflow/.local/lib/python3.12/site-packages/airflow/example_dags/example_short_circuit_operator.py
[2024-08-30T02:57:13.045+0000] {logging_mixin.py:190} INFO - [2024-08-30T02:57:13.045+0000] {dag.py:3211} INFO - Sync 1 DAGs
[2024-08-30T02:57:13.065+0000] {logging_mixin.py:190} INFO - [2024-08-30T02:57:13.065+0000] {dag.py:4138} INFO - Setting next_dagrun for example_short_circuit_operator to 2024-08-29 00:00:00+00:00, run_after=2024-08-30 00:00:00+00:00
[2024-08-30T02:57:13.083+0000] {processor.py:208} INFO - Processing /home/airflow/.local/lib/python3.12/site-packages/airflow/example_dags/example_short_circuit_operator.py took 0.074 seconds
