[2024-08-30T02:44:29.240+0000] {processor.py:186} INFO - Started process (PID=411) to work on /home/airflow/.local/lib/python3.12/site-packages/airflow/example_dags/example_python_decorator.py
[2024-08-30T02:44:29.241+0000] {processor.py:914} INFO - Processing file /home/airflow/.local/lib/python3.12/site-packages/airflow/example_dags/example_python_decorator.py for tasks to queue
[2024-08-30T02:44:29.243+0000] {logging_mixin.py:190} INFO - [2024-08-30T02:44:29.243+0000] {dagbag.py:587} INFO - Filling up the DagBag from /home/airflow/.local/lib/python3.12/site-packages/airflow/example_dags/example_python_decorator.py
[2024-08-30T02:44:29.257+0000] {processor.py:925} INFO - DAG(s) 'example_python_decorator' retrieved from /home/airflow/.local/lib/python3.12/site-packages/airflow/example_dags/example_python_decorator.py
[2024-08-30T02:44:29.348+0000] {logging_mixin.py:190} INFO - [2024-08-30T02:44:29.348+0000] {dag.py:3211} INFO - Sync 1 DAGs
[2024-08-30T02:44:29.359+0000] {logging_mixin.py:190} INFO - [2024-08-30T02:44:29.359+0000] {dag.py:4138} INFO - Setting next_dagrun for example_python_decorator to None, run_after=None
[2024-08-30T02:44:29.379+0000] {processor.py:208} INFO - Processing /home/airflow/.local/lib/python3.12/site-packages/airflow/example_dags/example_python_decorator.py took 0.144 seconds
[2024-08-30T02:44:59.591+0000] {processor.py:186} INFO - Started process (PID=697) to work on /home/airflow/.local/lib/python3.12/site-packages/airflow/example_dags/example_python_decorator.py
[2024-08-30T02:44:59.592+0000] {processor.py:914} INFO - Processing file /home/airflow/.local/lib/python3.12/site-packages/airflow/example_dags/example_python_decorator.py for tasks to queue
[2024-08-30T02:44:59.593+0000] {logging_mixin.py:190} INFO - [2024-08-30T02:44:59.593+0000] {dagbag.py:587} INFO - Filling up the DagBag from /home/airflow/.local/lib/python3.12/site-packages/airflow/example_dags/example_python_decorator.py
[2024-08-30T02:44:59.608+0000] {processor.py:925} INFO - DAG(s) 'example_python_decorator' retrieved from /home/airflow/.local/lib/python3.12/site-packages/airflow/example_dags/example_python_decorator.py
[2024-08-30T02:44:59.636+0000] {logging_mixin.py:190} INFO - [2024-08-30T02:44:59.636+0000] {dag.py:3211} INFO - Sync 1 DAGs
[2024-08-30T02:44:59.654+0000] {logging_mixin.py:190} INFO - [2024-08-30T02:44:59.653+0000] {dag.py:4138} INFO - Setting next_dagrun for example_python_decorator to None, run_after=None
[2024-08-30T02:44:59.677+0000] {processor.py:208} INFO - Processing /home/airflow/.local/lib/python3.12/site-packages/airflow/example_dags/example_python_decorator.py took 0.090 seconds
[2024-08-30T02:45:30.059+0000] {processor.py:186} INFO - Started process (PID=983) to work on /home/airflow/.local/lib/python3.12/site-packages/airflow/example_dags/example_python_decorator.py
[2024-08-30T02:45:30.060+0000] {processor.py:914} INFO - Processing file /home/airflow/.local/lib/python3.12/site-packages/airflow/example_dags/example_python_decorator.py for tasks to queue
[2024-08-30T02:45:30.063+0000] {logging_mixin.py:190} INFO - [2024-08-30T02:45:30.063+0000] {dagbag.py:587} INFO - Filling up the DagBag from /home/airflow/.local/lib/python3.12/site-packages/airflow/example_dags/example_python_decorator.py
[2024-08-30T02:45:30.075+0000] {processor.py:925} INFO - DAG(s) 'example_python_decorator' retrieved from /home/airflow/.local/lib/python3.12/site-packages/airflow/example_dags/example_python_decorator.py
[2024-08-30T02:45:30.095+0000] {logging_mixin.py:190} INFO - [2024-08-30T02:45:30.095+0000] {dag.py:3211} INFO - Sync 1 DAGs
[2024-08-30T02:45:30.108+0000] {logging_mixin.py:190} INFO - [2024-08-30T02:45:30.108+0000] {dag.py:4138} INFO - Setting next_dagrun for example_python_decorator to None, run_after=None
[2024-08-30T02:45:30.126+0000] {processor.py:208} INFO - Processing /home/airflow/.local/lib/python3.12/site-packages/airflow/example_dags/example_python_decorator.py took 0.072 seconds
[2024-08-30T02:46:00.814+0000] {processor.py:186} INFO - Started process (PID=1269) to work on /home/airflow/.local/lib/python3.12/site-packages/airflow/example_dags/example_python_decorator.py
[2024-08-30T02:46:00.815+0000] {processor.py:914} INFO - Processing file /home/airflow/.local/lib/python3.12/site-packages/airflow/example_dags/example_python_decorator.py for tasks to queue
[2024-08-30T02:46:00.818+0000] {logging_mixin.py:190} INFO - [2024-08-30T02:46:00.817+0000] {dagbag.py:587} INFO - Filling up the DagBag from /home/airflow/.local/lib/python3.12/site-packages/airflow/example_dags/example_python_decorator.py
[2024-08-30T02:46:00.829+0000] {processor.py:925} INFO - DAG(s) 'example_python_decorator' retrieved from /home/airflow/.local/lib/python3.12/site-packages/airflow/example_dags/example_python_decorator.py
[2024-08-30T02:46:00.849+0000] {logging_mixin.py:190} INFO - [2024-08-30T02:46:00.849+0000] {dag.py:3211} INFO - Sync 1 DAGs
[2024-08-30T02:46:00.862+0000] {logging_mixin.py:190} INFO - [2024-08-30T02:46:00.861+0000] {dag.py:4138} INFO - Setting next_dagrun for example_python_decorator to None, run_after=None
[2024-08-30T02:46:00.881+0000] {processor.py:208} INFO - Processing /home/airflow/.local/lib/python3.12/site-packages/airflow/example_dags/example_python_decorator.py took 0.071 seconds
[2024-08-30T02:46:31.397+0000] {processor.py:186} INFO - Started process (PID=1557) to work on /home/airflow/.local/lib/python3.12/site-packages/airflow/example_dags/example_python_decorator.py
[2024-08-30T02:46:31.398+0000] {processor.py:914} INFO - Processing file /home/airflow/.local/lib/python3.12/site-packages/airflow/example_dags/example_python_decorator.py for tasks to queue
[2024-08-30T02:46:31.400+0000] {logging_mixin.py:190} INFO - [2024-08-30T02:46:31.399+0000] {dagbag.py:587} INFO - Filling up the DagBag from /home/airflow/.local/lib/python3.12/site-packages/airflow/example_dags/example_python_decorator.py
[2024-08-30T02:46:31.411+0000] {processor.py:925} INFO - DAG(s) 'example_python_decorator' retrieved from /home/airflow/.local/lib/python3.12/site-packages/airflow/example_dags/example_python_decorator.py
[2024-08-30T02:46:31.432+0000] {logging_mixin.py:190} INFO - [2024-08-30T02:46:31.432+0000] {dag.py:3211} INFO - Sync 1 DAGs
[2024-08-30T02:46:31.445+0000] {logging_mixin.py:190} INFO - [2024-08-30T02:46:31.445+0000] {dag.py:4138} INFO - Setting next_dagrun for example_python_decorator to None, run_after=None
[2024-08-30T02:46:31.466+0000] {processor.py:208} INFO - Processing /home/airflow/.local/lib/python3.12/site-packages/airflow/example_dags/example_python_decorator.py took 0.074 seconds
[2024-08-30T02:47:01.990+0000] {processor.py:186} INFO - Started process (PID=1841) to work on /home/airflow/.local/lib/python3.12/site-packages/airflow/example_dags/example_python_decorator.py
[2024-08-30T02:47:01.991+0000] {processor.py:914} INFO - Processing file /home/airflow/.local/lib/python3.12/site-packages/airflow/example_dags/example_python_decorator.py for tasks to queue
[2024-08-30T02:47:01.994+0000] {logging_mixin.py:190} INFO - [2024-08-30T02:47:01.993+0000] {dagbag.py:587} INFO - Filling up the DagBag from /home/airflow/.local/lib/python3.12/site-packages/airflow/example_dags/example_python_decorator.py
[2024-08-30T02:47:02.010+0000] {processor.py:925} INFO - DAG(s) 'example_python_decorator' retrieved from /home/airflow/.local/lib/python3.12/site-packages/airflow/example_dags/example_python_decorator.py
[2024-08-30T02:47:02.035+0000] {logging_mixin.py:190} INFO - [2024-08-30T02:47:02.035+0000] {dag.py:3211} INFO - Sync 1 DAGs
[2024-08-30T02:47:02.050+0000] {logging_mixin.py:190} INFO - [2024-08-30T02:47:02.050+0000] {dag.py:4138} INFO - Setting next_dagrun for example_python_decorator to None, run_after=None
[2024-08-30T02:47:02.071+0000] {processor.py:208} INFO - Processing /home/airflow/.local/lib/python3.12/site-packages/airflow/example_dags/example_python_decorator.py took 0.087 seconds
[2024-08-30T02:47:33.104+0000] {processor.py:186} INFO - Started process (PID=2129) to work on /home/airflow/.local/lib/python3.12/site-packages/airflow/example_dags/example_python_decorator.py
[2024-08-30T02:47:33.105+0000] {processor.py:914} INFO - Processing file /home/airflow/.local/lib/python3.12/site-packages/airflow/example_dags/example_python_decorator.py for tasks to queue
[2024-08-30T02:47:33.107+0000] {logging_mixin.py:190} INFO - [2024-08-30T02:47:33.107+0000] {dagbag.py:587} INFO - Filling up the DagBag from /home/airflow/.local/lib/python3.12/site-packages/airflow/example_dags/example_python_decorator.py
[2024-08-30T02:47:33.119+0000] {processor.py:925} INFO - DAG(s) 'example_python_decorator' retrieved from /home/airflow/.local/lib/python3.12/site-packages/airflow/example_dags/example_python_decorator.py
[2024-08-30T02:47:33.139+0000] {logging_mixin.py:190} INFO - [2024-08-30T02:47:33.138+0000] {dag.py:3211} INFO - Sync 1 DAGs
[2024-08-30T02:47:33.151+0000] {logging_mixin.py:190} INFO - [2024-08-30T02:47:33.151+0000] {dag.py:4138} INFO - Setting next_dagrun for example_python_decorator to None, run_after=None
[2024-08-30T02:47:33.170+0000] {processor.py:208} INFO - Processing /home/airflow/.local/lib/python3.12/site-packages/airflow/example_dags/example_python_decorator.py took 0.071 seconds
[2024-08-30T02:48:03.811+0000] {processor.py:186} INFO - Started process (PID=2413) to work on /home/airflow/.local/lib/python3.12/site-packages/airflow/example_dags/example_python_decorator.py
[2024-08-30T02:48:03.812+0000] {processor.py:914} INFO - Processing file /home/airflow/.local/lib/python3.12/site-packages/airflow/example_dags/example_python_decorator.py for tasks to queue
[2024-08-30T02:48:03.814+0000] {logging_mixin.py:190} INFO - [2024-08-30T02:48:03.814+0000] {dagbag.py:587} INFO - Filling up the DagBag from /home/airflow/.local/lib/python3.12/site-packages/airflow/example_dags/example_python_decorator.py
[2024-08-30T02:48:03.825+0000] {processor.py:925} INFO - DAG(s) 'example_python_decorator' retrieved from /home/airflow/.local/lib/python3.12/site-packages/airflow/example_dags/example_python_decorator.py
[2024-08-30T02:48:03.845+0000] {logging_mixin.py:190} INFO - [2024-08-30T02:48:03.845+0000] {dag.py:3211} INFO - Sync 1 DAGs
[2024-08-30T02:48:03.857+0000] {logging_mixin.py:190} INFO - [2024-08-30T02:48:03.857+0000] {dag.py:4138} INFO - Setting next_dagrun for example_python_decorator to None, run_after=None
[2024-08-30T02:48:03.876+0000] {processor.py:208} INFO - Processing /home/airflow/.local/lib/python3.12/site-packages/airflow/example_dags/example_python_decorator.py took 0.069 seconds
[2024-08-30T02:48:34.849+0000] {processor.py:186} INFO - Started process (PID=2696) to work on /home/airflow/.local/lib/python3.12/site-packages/airflow/example_dags/example_python_decorator.py
[2024-08-30T02:48:34.851+0000] {processor.py:914} INFO - Processing file /home/airflow/.local/lib/python3.12/site-packages/airflow/example_dags/example_python_decorator.py for tasks to queue
[2024-08-30T02:48:34.853+0000] {logging_mixin.py:190} INFO - [2024-08-30T02:48:34.853+0000] {dagbag.py:587} INFO - Filling up the DagBag from /home/airflow/.local/lib/python3.12/site-packages/airflow/example_dags/example_python_decorator.py
[2024-08-30T02:48:34.865+0000] {processor.py:925} INFO - DAG(s) 'example_python_decorator' retrieved from /home/airflow/.local/lib/python3.12/site-packages/airflow/example_dags/example_python_decorator.py
[2024-08-30T02:48:34.887+0000] {logging_mixin.py:190} INFO - [2024-08-30T02:48:34.887+0000] {dag.py:3211} INFO - Sync 1 DAGs
[2024-08-30T02:48:34.900+0000] {logging_mixin.py:190} INFO - [2024-08-30T02:48:34.900+0000] {dag.py:4138} INFO - Setting next_dagrun for example_python_decorator to None, run_after=None
[2024-08-30T02:48:34.922+0000] {processor.py:208} INFO - Processing /home/airflow/.local/lib/python3.12/site-packages/airflow/example_dags/example_python_decorator.py took 0.078 seconds
[2024-08-30T02:49:05.722+0000] {processor.py:186} INFO - Started process (PID=2987) to work on /home/airflow/.local/lib/python3.12/site-packages/airflow/example_dags/example_python_decorator.py
[2024-08-30T02:49:05.723+0000] {processor.py:914} INFO - Processing file /home/airflow/.local/lib/python3.12/site-packages/airflow/example_dags/example_python_decorator.py for tasks to queue
[2024-08-30T02:49:05.725+0000] {logging_mixin.py:190} INFO - [2024-08-30T02:49:05.725+0000] {dagbag.py:587} INFO - Filling up the DagBag from /home/airflow/.local/lib/python3.12/site-packages/airflow/example_dags/example_python_decorator.py
[2024-08-30T02:49:05.738+0000] {processor.py:925} INFO - DAG(s) 'example_python_decorator' retrieved from /home/airflow/.local/lib/python3.12/site-packages/airflow/example_dags/example_python_decorator.py
[2024-08-30T02:49:05.759+0000] {logging_mixin.py:190} INFO - [2024-08-30T02:49:05.759+0000] {dag.py:3211} INFO - Sync 1 DAGs
[2024-08-30T02:49:05.772+0000] {logging_mixin.py:190} INFO - [2024-08-30T02:49:05.772+0000] {dag.py:4138} INFO - Setting next_dagrun for example_python_decorator to None, run_after=None
[2024-08-30T02:49:05.791+0000] {processor.py:208} INFO - Processing /home/airflow/.local/lib/python3.12/site-packages/airflow/example_dags/example_python_decorator.py took 0.075 seconds
[2024-08-30T02:49:36.455+0000] {processor.py:186} INFO - Started process (PID=3271) to work on /home/airflow/.local/lib/python3.12/site-packages/airflow/example_dags/example_python_decorator.py
[2024-08-30T02:49:36.456+0000] {processor.py:914} INFO - Processing file /home/airflow/.local/lib/python3.12/site-packages/airflow/example_dags/example_python_decorator.py for tasks to queue
[2024-08-30T02:49:36.458+0000] {logging_mixin.py:190} INFO - [2024-08-30T02:49:36.457+0000] {dagbag.py:587} INFO - Filling up the DagBag from /home/airflow/.local/lib/python3.12/site-packages/airflow/example_dags/example_python_decorator.py
[2024-08-30T02:49:36.469+0000] {processor.py:925} INFO - DAG(s) 'example_python_decorator' retrieved from /home/airflow/.local/lib/python3.12/site-packages/airflow/example_dags/example_python_decorator.py
[2024-08-30T02:49:36.490+0000] {logging_mixin.py:190} INFO - [2024-08-30T02:49:36.490+0000] {dag.py:3211} INFO - Sync 1 DAGs
[2024-08-30T02:49:36.503+0000] {logging_mixin.py:190} INFO - [2024-08-30T02:49:36.503+0000] {dag.py:4138} INFO - Setting next_dagrun for example_python_decorator to None, run_after=None
[2024-08-30T02:49:36.522+0000] {processor.py:208} INFO - Processing /home/airflow/.local/lib/python3.12/site-packages/airflow/example_dags/example_python_decorator.py took 0.073 seconds
[2024-08-30T02:50:07.133+0000] {processor.py:186} INFO - Started process (PID=3557) to work on /home/airflow/.local/lib/python3.12/site-packages/airflow/example_dags/example_python_decorator.py
[2024-08-30T02:50:07.134+0000] {processor.py:914} INFO - Processing file /home/airflow/.local/lib/python3.12/site-packages/airflow/example_dags/example_python_decorator.py for tasks to queue
[2024-08-30T02:50:07.137+0000] {logging_mixin.py:190} INFO - [2024-08-30T02:50:07.136+0000] {dagbag.py:587} INFO - Filling up the DagBag from /home/airflow/.local/lib/python3.12/site-packages/airflow/example_dags/example_python_decorator.py
[2024-08-30T02:50:07.149+0000] {processor.py:925} INFO - DAG(s) 'example_python_decorator' retrieved from /home/airflow/.local/lib/python3.12/site-packages/airflow/example_dags/example_python_decorator.py
[2024-08-30T02:50:07.173+0000] {logging_mixin.py:190} INFO - [2024-08-30T02:50:07.172+0000] {dag.py:3211} INFO - Sync 1 DAGs
[2024-08-30T02:50:07.187+0000] {logging_mixin.py:190} INFO - [2024-08-30T02:50:07.187+0000] {dag.py:4138} INFO - Setting next_dagrun for example_python_decorator to None, run_after=None
[2024-08-30T02:50:07.210+0000] {processor.py:208} INFO - Processing /home/airflow/.local/lib/python3.12/site-packages/airflow/example_dags/example_python_decorator.py took 0.082 seconds
[2024-08-30T02:50:37.812+0000] {processor.py:186} INFO - Started process (PID=3843) to work on /home/airflow/.local/lib/python3.12/site-packages/airflow/example_dags/example_python_decorator.py
[2024-08-30T02:50:37.813+0000] {processor.py:914} INFO - Processing file /home/airflow/.local/lib/python3.12/site-packages/airflow/example_dags/example_python_decorator.py for tasks to queue
[2024-08-30T02:50:37.816+0000] {logging_mixin.py:190} INFO - [2024-08-30T02:50:37.816+0000] {dagbag.py:587} INFO - Filling up the DagBag from /home/airflow/.local/lib/python3.12/site-packages/airflow/example_dags/example_python_decorator.py
[2024-08-30T02:50:37.832+0000] {processor.py:925} INFO - DAG(s) 'example_python_decorator' retrieved from /home/airflow/.local/lib/python3.12/site-packages/airflow/example_dags/example_python_decorator.py
[2024-08-30T02:50:37.858+0000] {logging_mixin.py:190} INFO - [2024-08-30T02:50:37.857+0000] {dag.py:3211} INFO - Sync 1 DAGs
[2024-08-30T02:50:37.872+0000] {logging_mixin.py:190} INFO - [2024-08-30T02:50:37.872+0000] {dag.py:4138} INFO - Setting next_dagrun for example_python_decorator to None, run_after=None
[2024-08-30T02:50:37.893+0000] {processor.py:208} INFO - Processing /home/airflow/.local/lib/python3.12/site-packages/airflow/example_dags/example_python_decorator.py took 0.088 seconds
[2024-08-30T02:51:08.496+0000] {processor.py:186} INFO - Started process (PID=4124) to work on /home/airflow/.local/lib/python3.12/site-packages/airflow/example_dags/example_python_decorator.py
[2024-08-30T02:51:08.497+0000] {processor.py:914} INFO - Processing file /home/airflow/.local/lib/python3.12/site-packages/airflow/example_dags/example_python_decorator.py for tasks to queue
[2024-08-30T02:51:08.500+0000] {logging_mixin.py:190} INFO - [2024-08-30T02:51:08.499+0000] {dagbag.py:587} INFO - Filling up the DagBag from /home/airflow/.local/lib/python3.12/site-packages/airflow/example_dags/example_python_decorator.py
[2024-08-30T02:51:08.513+0000] {processor.py:925} INFO - DAG(s) 'example_python_decorator' retrieved from /home/airflow/.local/lib/python3.12/site-packages/airflow/example_dags/example_python_decorator.py
[2024-08-30T02:51:08.539+0000] {logging_mixin.py:190} INFO - [2024-08-30T02:51:08.539+0000] {dag.py:3211} INFO - Sync 1 DAGs
[2024-08-30T02:51:08.554+0000] {logging_mixin.py:190} INFO - [2024-08-30T02:51:08.554+0000] {dag.py:4138} INFO - Setting next_dagrun for example_python_decorator to None, run_after=None
[2024-08-30T02:51:08.577+0000] {processor.py:208} INFO - Processing /home/airflow/.local/lib/python3.12/site-packages/airflow/example_dags/example_python_decorator.py took 0.087 seconds
[2024-08-30T02:51:39.020+0000] {processor.py:186} INFO - Started process (PID=4410) to work on /home/airflow/.local/lib/python3.12/site-packages/airflow/example_dags/example_python_decorator.py
[2024-08-30T02:51:39.021+0000] {processor.py:914} INFO - Processing file /home/airflow/.local/lib/python3.12/site-packages/airflow/example_dags/example_python_decorator.py for tasks to queue
[2024-08-30T02:51:39.024+0000] {logging_mixin.py:190} INFO - [2024-08-30T02:51:39.023+0000] {dagbag.py:587} INFO - Filling up the DagBag from /home/airflow/.local/lib/python3.12/site-packages/airflow/example_dags/example_python_decorator.py
[2024-08-30T02:51:39.035+0000] {processor.py:925} INFO - DAG(s) 'example_python_decorator' retrieved from /home/airflow/.local/lib/python3.12/site-packages/airflow/example_dags/example_python_decorator.py
[2024-08-30T02:51:39.057+0000] {logging_mixin.py:190} INFO - [2024-08-30T02:51:39.057+0000] {dag.py:3211} INFO - Sync 1 DAGs
[2024-08-30T02:51:39.070+0000] {logging_mixin.py:190} INFO - [2024-08-30T02:51:39.070+0000] {dag.py:4138} INFO - Setting next_dagrun for example_python_decorator to None, run_after=None
[2024-08-30T02:51:39.088+0000] {processor.py:208} INFO - Processing /home/airflow/.local/lib/python3.12/site-packages/airflow/example_dags/example_python_decorator.py took 0.073 seconds
[2024-08-30T02:52:09.897+0000] {processor.py:186} INFO - Started process (PID=4701) to work on /home/airflow/.local/lib/python3.12/site-packages/airflow/example_dags/example_python_decorator.py
[2024-08-30T02:52:09.897+0000] {processor.py:914} INFO - Processing file /home/airflow/.local/lib/python3.12/site-packages/airflow/example_dags/example_python_decorator.py for tasks to queue
[2024-08-30T02:52:09.900+0000] {logging_mixin.py:190} INFO - [2024-08-30T02:52:09.899+0000] {dagbag.py:587} INFO - Filling up the DagBag from /home/airflow/.local/lib/python3.12/site-packages/airflow/example_dags/example_python_decorator.py
[2024-08-30T02:52:09.912+0000] {processor.py:925} INFO - DAG(s) 'example_python_decorator' retrieved from /home/airflow/.local/lib/python3.12/site-packages/airflow/example_dags/example_python_decorator.py
[2024-08-30T02:52:09.935+0000] {logging_mixin.py:190} INFO - [2024-08-30T02:52:09.935+0000] {dag.py:3211} INFO - Sync 1 DAGs
[2024-08-30T02:52:09.949+0000] {logging_mixin.py:190} INFO - [2024-08-30T02:52:09.948+0000] {dag.py:4138} INFO - Setting next_dagrun for example_python_decorator to None, run_after=None
[2024-08-30T02:52:09.972+0000] {processor.py:208} INFO - Processing /home/airflow/.local/lib/python3.12/site-packages/airflow/example_dags/example_python_decorator.py took 0.080 seconds
[2024-08-30T02:52:40.892+0000] {processor.py:186} INFO - Started process (PID=4989) to work on /home/airflow/.local/lib/python3.12/site-packages/airflow/example_dags/example_python_decorator.py
[2024-08-30T02:52:40.893+0000] {processor.py:914} INFO - Processing file /home/airflow/.local/lib/python3.12/site-packages/airflow/example_dags/example_python_decorator.py for tasks to queue
[2024-08-30T02:52:40.895+0000] {logging_mixin.py:190} INFO - [2024-08-30T02:52:40.895+0000] {dagbag.py:587} INFO - Filling up the DagBag from /home/airflow/.local/lib/python3.12/site-packages/airflow/example_dags/example_python_decorator.py
[2024-08-30T02:52:40.908+0000] {processor.py:925} INFO - DAG(s) 'example_python_decorator' retrieved from /home/airflow/.local/lib/python3.12/site-packages/airflow/example_dags/example_python_decorator.py
[2024-08-30T02:52:40.930+0000] {logging_mixin.py:190} INFO - [2024-08-30T02:52:40.929+0000] {dag.py:3211} INFO - Sync 1 DAGs
[2024-08-30T02:52:40.944+0000] {logging_mixin.py:190} INFO - [2024-08-30T02:52:40.943+0000] {dag.py:4138} INFO - Setting next_dagrun for example_python_decorator to None, run_after=None
[2024-08-30T02:52:40.963+0000] {processor.py:208} INFO - Processing /home/airflow/.local/lib/python3.12/site-packages/airflow/example_dags/example_python_decorator.py took 0.076 seconds
[2024-08-30T02:53:11.557+0000] {processor.py:186} INFO - Started process (PID=5273) to work on /home/airflow/.local/lib/python3.12/site-packages/airflow/example_dags/example_python_decorator.py
[2024-08-30T02:53:11.559+0000] {processor.py:914} INFO - Processing file /home/airflow/.local/lib/python3.12/site-packages/airflow/example_dags/example_python_decorator.py for tasks to queue
[2024-08-30T02:53:11.562+0000] {logging_mixin.py:190} INFO - [2024-08-30T02:53:11.561+0000] {dagbag.py:587} INFO - Filling up the DagBag from /home/airflow/.local/lib/python3.12/site-packages/airflow/example_dags/example_python_decorator.py
[2024-08-30T02:53:11.579+0000] {processor.py:925} INFO - DAG(s) 'example_python_decorator' retrieved from /home/airflow/.local/lib/python3.12/site-packages/airflow/example_dags/example_python_decorator.py
[2024-08-30T02:53:11.610+0000] {logging_mixin.py:190} INFO - [2024-08-30T02:53:11.609+0000] {dag.py:3211} INFO - Sync 1 DAGs
[2024-08-30T02:53:11.627+0000] {logging_mixin.py:190} INFO - [2024-08-30T02:53:11.627+0000] {dag.py:4138} INFO - Setting next_dagrun for example_python_decorator to None, run_after=None
[2024-08-30T02:53:11.651+0000] {processor.py:208} INFO - Processing /home/airflow/.local/lib/python3.12/site-packages/airflow/example_dags/example_python_decorator.py took 0.100 seconds
[2024-08-30T02:53:42.342+0000] {processor.py:186} INFO - Started process (PID=5559) to work on /home/airflow/.local/lib/python3.12/site-packages/airflow/example_dags/example_python_decorator.py
[2024-08-30T02:53:42.343+0000] {processor.py:914} INFO - Processing file /home/airflow/.local/lib/python3.12/site-packages/airflow/example_dags/example_python_decorator.py for tasks to queue
[2024-08-30T02:53:42.346+0000] {logging_mixin.py:190} INFO - [2024-08-30T02:53:42.345+0000] {dagbag.py:587} INFO - Filling up the DagBag from /home/airflow/.local/lib/python3.12/site-packages/airflow/example_dags/example_python_decorator.py
[2024-08-30T02:53:42.360+0000] {processor.py:925} INFO - DAG(s) 'example_python_decorator' retrieved from /home/airflow/.local/lib/python3.12/site-packages/airflow/example_dags/example_python_decorator.py
[2024-08-30T02:53:42.385+0000] {logging_mixin.py:190} INFO - [2024-08-30T02:53:42.385+0000] {dag.py:3211} INFO - Sync 1 DAGs
[2024-08-30T02:53:42.401+0000] {logging_mixin.py:190} INFO - [2024-08-30T02:53:42.401+0000] {dag.py:4138} INFO - Setting next_dagrun for example_python_decorator to None, run_after=None
[2024-08-30T02:53:42.424+0000] {processor.py:208} INFO - Processing /home/airflow/.local/lib/python3.12/site-packages/airflow/example_dags/example_python_decorator.py took 0.087 seconds
[2024-08-30T02:54:13.618+0000] {processor.py:186} INFO - Started process (PID=5845) to work on /home/airflow/.local/lib/python3.12/site-packages/airflow/example_dags/example_python_decorator.py
[2024-08-30T02:54:13.619+0000] {processor.py:914} INFO - Processing file /home/airflow/.local/lib/python3.12/site-packages/airflow/example_dags/example_python_decorator.py for tasks to queue
[2024-08-30T02:54:13.621+0000] {logging_mixin.py:190} INFO - [2024-08-30T02:54:13.621+0000] {dagbag.py:587} INFO - Filling up the DagBag from /home/airflow/.local/lib/python3.12/site-packages/airflow/example_dags/example_python_decorator.py
[2024-08-30T02:54:13.635+0000] {processor.py:925} INFO - DAG(s) 'example_python_decorator' retrieved from /home/airflow/.local/lib/python3.12/site-packages/airflow/example_dags/example_python_decorator.py
[2024-08-30T02:54:13.660+0000] {logging_mixin.py:190} INFO - [2024-08-30T02:54:13.659+0000] {dag.py:3211} INFO - Sync 1 DAGs
[2024-08-30T02:54:13.675+0000] {logging_mixin.py:190} INFO - [2024-08-30T02:54:13.675+0000] {dag.py:4138} INFO - Setting next_dagrun for example_python_decorator to None, run_after=None
[2024-08-30T02:54:13.696+0000] {processor.py:208} INFO - Processing /home/airflow/.local/lib/python3.12/site-packages/airflow/example_dags/example_python_decorator.py took 0.084 seconds
[2024-08-30T02:54:44.719+0000] {processor.py:186} INFO - Started process (PID=6139) to work on /home/airflow/.local/lib/python3.12/site-packages/airflow/example_dags/example_python_decorator.py
[2024-08-30T02:54:44.720+0000] {processor.py:914} INFO - Processing file /home/airflow/.local/lib/python3.12/site-packages/airflow/example_dags/example_python_decorator.py for tasks to queue
[2024-08-30T02:54:44.722+0000] {logging_mixin.py:190} INFO - [2024-08-30T02:54:44.722+0000] {dagbag.py:587} INFO - Filling up the DagBag from /home/airflow/.local/lib/python3.12/site-packages/airflow/example_dags/example_python_decorator.py
[2024-08-30T02:54:44.737+0000] {processor.py:925} INFO - DAG(s) 'example_python_decorator' retrieved from /home/airflow/.local/lib/python3.12/site-packages/airflow/example_dags/example_python_decorator.py
[2024-08-30T02:54:44.762+0000] {logging_mixin.py:190} INFO - [2024-08-30T02:54:44.761+0000] {dag.py:3211} INFO - Sync 1 DAGs
[2024-08-30T02:54:44.777+0000] {logging_mixin.py:190} INFO - [2024-08-30T02:54:44.777+0000] {dag.py:4138} INFO - Setting next_dagrun for example_python_decorator to None, run_after=None
[2024-08-30T02:54:44.798+0000] {processor.py:208} INFO - Processing /home/airflow/.local/lib/python3.12/site-packages/airflow/example_dags/example_python_decorator.py took 0.085 seconds
[2024-08-30T02:55:15.515+0000] {processor.py:186} INFO - Started process (PID=6423) to work on /home/airflow/.local/lib/python3.12/site-packages/airflow/example_dags/example_python_decorator.py
[2024-08-30T02:55:15.516+0000] {processor.py:914} INFO - Processing file /home/airflow/.local/lib/python3.12/site-packages/airflow/example_dags/example_python_decorator.py for tasks to queue
[2024-08-30T02:55:15.519+0000] {logging_mixin.py:190} INFO - [2024-08-30T02:55:15.518+0000] {dagbag.py:587} INFO - Filling up the DagBag from /home/airflow/.local/lib/python3.12/site-packages/airflow/example_dags/example_python_decorator.py
[2024-08-30T02:55:15.531+0000] {processor.py:925} INFO - DAG(s) 'example_python_decorator' retrieved from /home/airflow/.local/lib/python3.12/site-packages/airflow/example_dags/example_python_decorator.py
[2024-08-30T02:55:15.553+0000] {logging_mixin.py:190} INFO - [2024-08-30T02:55:15.553+0000] {dag.py:3211} INFO - Sync 1 DAGs
[2024-08-30T02:55:15.566+0000] {logging_mixin.py:190} INFO - [2024-08-30T02:55:15.566+0000] {dag.py:4138} INFO - Setting next_dagrun for example_python_decorator to None, run_after=None
[2024-08-30T02:55:15.584+0000] {processor.py:208} INFO - Processing /home/airflow/.local/lib/python3.12/site-packages/airflow/example_dags/example_python_decorator.py took 0.074 seconds
[2024-08-30T02:55:45.814+0000] {processor.py:186} INFO - Started process (PID=6709) to work on /home/airflow/.local/lib/python3.12/site-packages/airflow/example_dags/example_python_decorator.py
[2024-08-30T02:55:45.815+0000] {processor.py:914} INFO - Processing file /home/airflow/.local/lib/python3.12/site-packages/airflow/example_dags/example_python_decorator.py for tasks to queue
[2024-08-30T02:55:45.817+0000] {logging_mixin.py:190} INFO - [2024-08-30T02:55:45.817+0000] {dagbag.py:587} INFO - Filling up the DagBag from /home/airflow/.local/lib/python3.12/site-packages/airflow/example_dags/example_python_decorator.py
[2024-08-30T02:55:45.829+0000] {processor.py:925} INFO - DAG(s) 'example_python_decorator' retrieved from /home/airflow/.local/lib/python3.12/site-packages/airflow/example_dags/example_python_decorator.py
[2024-08-30T02:55:45.852+0000] {logging_mixin.py:190} INFO - [2024-08-30T02:55:45.851+0000] {dag.py:3211} INFO - Sync 1 DAGs
[2024-08-30T02:55:45.866+0000] {logging_mixin.py:190} INFO - [2024-08-30T02:55:45.866+0000] {dag.py:4138} INFO - Setting next_dagrun for example_python_decorator to None, run_after=None
[2024-08-30T02:55:45.886+0000] {processor.py:208} INFO - Processing /home/airflow/.local/lib/python3.12/site-packages/airflow/example_dags/example_python_decorator.py took 0.078 seconds
[2024-08-30T02:56:16.119+0000] {processor.py:186} INFO - Started process (PID=6995) to work on /home/airflow/.local/lib/python3.12/site-packages/airflow/example_dags/example_python_decorator.py
[2024-08-30T02:56:16.121+0000] {processor.py:914} INFO - Processing file /home/airflow/.local/lib/python3.12/site-packages/airflow/example_dags/example_python_decorator.py for tasks to queue
[2024-08-30T02:56:16.124+0000] {logging_mixin.py:190} INFO - [2024-08-30T02:56:16.123+0000] {dagbag.py:587} INFO - Filling up the DagBag from /home/airflow/.local/lib/python3.12/site-packages/airflow/example_dags/example_python_decorator.py
[2024-08-30T02:56:16.142+0000] {processor.py:925} INFO - DAG(s) 'example_python_decorator' retrieved from /home/airflow/.local/lib/python3.12/site-packages/airflow/example_dags/example_python_decorator.py
[2024-08-30T02:56:16.176+0000] {logging_mixin.py:190} INFO - [2024-08-30T02:56:16.176+0000] {dag.py:3211} INFO - Sync 1 DAGs
[2024-08-30T02:56:16.192+0000] {logging_mixin.py:190} INFO - [2024-08-30T02:56:16.192+0000] {dag.py:4138} INFO - Setting next_dagrun for example_python_decorator to None, run_after=None
[2024-08-30T02:56:16.216+0000] {processor.py:208} INFO - Processing /home/airflow/.local/lib/python3.12/site-packages/airflow/example_dags/example_python_decorator.py took 0.104 seconds
[2024-08-30T02:56:46.568+0000] {processor.py:186} INFO - Started process (PID=7281) to work on /home/airflow/.local/lib/python3.12/site-packages/airflow/example_dags/example_python_decorator.py
[2024-08-30T02:56:46.569+0000] {processor.py:914} INFO - Processing file /home/airflow/.local/lib/python3.12/site-packages/airflow/example_dags/example_python_decorator.py for tasks to queue
[2024-08-30T02:56:46.572+0000] {logging_mixin.py:190} INFO - [2024-08-30T02:56:46.572+0000] {dagbag.py:587} INFO - Filling up the DagBag from /home/airflow/.local/lib/python3.12/site-packages/airflow/example_dags/example_python_decorator.py
[2024-08-30T02:56:46.596+0000] {processor.py:925} INFO - DAG(s) 'example_python_decorator' retrieved from /home/airflow/.local/lib/python3.12/site-packages/airflow/example_dags/example_python_decorator.py
[2024-08-30T02:56:46.631+0000] {logging_mixin.py:190} INFO - [2024-08-30T02:56:46.630+0000] {dag.py:3211} INFO - Sync 1 DAGs
[2024-08-30T02:56:46.656+0000] {logging_mixin.py:190} INFO - [2024-08-30T02:56:46.656+0000] {dag.py:4138} INFO - Setting next_dagrun for example_python_decorator to None, run_after=None
[2024-08-30T02:56:46.691+0000] {processor.py:208} INFO - Processing /home/airflow/.local/lib/python3.12/site-packages/airflow/example_dags/example_python_decorator.py took 0.129 seconds
[2024-08-30T02:57:16.759+0000] {processor.py:186} INFO - Started process (PID=7562) to work on /home/airflow/.local/lib/python3.12/site-packages/airflow/example_dags/example_python_decorator.py
[2024-08-30T02:57:16.760+0000] {processor.py:914} INFO - Processing file /home/airflow/.local/lib/python3.12/site-packages/airflow/example_dags/example_python_decorator.py for tasks to queue
[2024-08-30T02:57:16.762+0000] {logging_mixin.py:190} INFO - [2024-08-30T02:57:16.762+0000] {dagbag.py:587} INFO - Filling up the DagBag from /home/airflow/.local/lib/python3.12/site-packages/airflow/example_dags/example_python_decorator.py
[2024-08-30T02:57:16.776+0000] {processor.py:925} INFO - DAG(s) 'example_python_decorator' retrieved from /home/airflow/.local/lib/python3.12/site-packages/airflow/example_dags/example_python_decorator.py
[2024-08-30T02:57:16.798+0000] {logging_mixin.py:190} INFO - [2024-08-30T02:57:16.798+0000] {dag.py:3211} INFO - Sync 1 DAGs
[2024-08-30T02:57:16.812+0000] {logging_mixin.py:190} INFO - [2024-08-30T02:57:16.812+0000] {dag.py:4138} INFO - Setting next_dagrun for example_python_decorator to None, run_after=None
[2024-08-30T02:57:16.828+0000] {processor.py:208} INFO - Processing /home/airflow/.local/lib/python3.12/site-packages/airflow/example_dags/example_python_decorator.py took 0.075 seconds
