[2024-08-30T02:44:27.878+0000] {processor.py:186} INFO - Started process (PID=312) to work on /home/airflow/.local/lib/python3.12/site-packages/airflow/example_dags/example_inlet_event_extra.py
[2024-08-30T02:44:27.879+0000] {processor.py:914} INFO - Processing file /home/airflow/.local/lib/python3.12/site-packages/airflow/example_dags/example_inlet_event_extra.py for tasks to queue
[2024-08-30T02:44:27.882+0000] {logging_mixin.py:190} INFO - [2024-08-30T02:44:27.882+0000] {dagbag.py:587} INFO - Filling up the DagBag from /home/airflow/.local/lib/python3.12/site-packages/airflow/example_dags/example_inlet_event_extra.py
[2024-08-30T02:44:27.995+0000] {processor.py:925} INFO - DAG(s) 'read_dataset_event_from_classic', 'read_dataset_event' retrieved from /home/airflow/.local/lib/python3.12/site-packages/airflow/example_dags/example_inlet_event_extra.py
[2024-08-30T02:44:28.015+0000] {logging_mixin.py:190} INFO - [2024-08-30T02:44:28.015+0000] {dag.py:3211} INFO - Sync 2 DAGs
[2024-08-30T02:44:28.040+0000] {logging_mixin.py:190} INFO - [2024-08-30T02:44:28.039+0000] {dag.py:4138} INFO - Setting next_dagrun for read_dataset_event to 2024-08-29 00:00:00+00:00, run_after=2024-08-30 00:00:00+00:00
[2024-08-30T02:44:28.044+0000] {logging_mixin.py:190} INFO - [2024-08-30T02:44:28.044+0000] {dag.py:4138} INFO - Setting next_dagrun for read_dataset_event_from_classic to 2024-08-29 00:00:00+00:00, run_after=2024-08-30 00:00:00+00:00
[2024-08-30T02:44:28.061+0000] {processor.py:208} INFO - Processing /home/airflow/.local/lib/python3.12/site-packages/airflow/example_dags/example_inlet_event_extra.py took 0.189 seconds
[2024-08-30T02:44:58.129+0000] {processor.py:186} INFO - Started process (PID=602) to work on /home/airflow/.local/lib/python3.12/site-packages/airflow/example_dags/example_inlet_event_extra.py
[2024-08-30T02:44:58.130+0000] {processor.py:914} INFO - Processing file /home/airflow/.local/lib/python3.12/site-packages/airflow/example_dags/example_inlet_event_extra.py for tasks to queue
[2024-08-30T02:44:58.132+0000] {logging_mixin.py:190} INFO - [2024-08-30T02:44:58.132+0000] {dagbag.py:587} INFO - Filling up the DagBag from /home/airflow/.local/lib/python3.12/site-packages/airflow/example_dags/example_inlet_event_extra.py
[2024-08-30T02:44:58.246+0000] {processor.py:925} INFO - DAG(s) 'read_dataset_event_from_classic', 'read_dataset_event' retrieved from /home/airflow/.local/lib/python3.12/site-packages/airflow/example_dags/example_inlet_event_extra.py
[2024-08-30T02:44:58.268+0000] {logging_mixin.py:190} INFO - [2024-08-30T02:44:58.268+0000] {dag.py:3211} INFO - Sync 2 DAGs
[2024-08-30T02:44:58.293+0000] {logging_mixin.py:190} INFO - [2024-08-30T02:44:58.293+0000] {dag.py:4138} INFO - Setting next_dagrun for read_dataset_event to 2024-08-29 00:00:00+00:00, run_after=2024-08-30 00:00:00+00:00
[2024-08-30T02:44:58.298+0000] {logging_mixin.py:190} INFO - [2024-08-30T02:44:58.298+0000] {dag.py:4138} INFO - Setting next_dagrun for read_dataset_event_from_classic to 2024-08-29 00:00:00+00:00, run_after=2024-08-30 00:00:00+00:00
[2024-08-30T02:44:58.318+0000] {processor.py:208} INFO - Processing /home/airflow/.local/lib/python3.12/site-packages/airflow/example_dags/example_inlet_event_extra.py took 0.194 seconds
[2024-08-30T02:45:28.730+0000] {processor.py:186} INFO - Started process (PID=888) to work on /home/airflow/.local/lib/python3.12/site-packages/airflow/example_dags/example_inlet_event_extra.py
[2024-08-30T02:45:28.731+0000] {processor.py:914} INFO - Processing file /home/airflow/.local/lib/python3.12/site-packages/airflow/example_dags/example_inlet_event_extra.py for tasks to queue
[2024-08-30T02:45:28.734+0000] {logging_mixin.py:190} INFO - [2024-08-30T02:45:28.733+0000] {dagbag.py:587} INFO - Filling up the DagBag from /home/airflow/.local/lib/python3.12/site-packages/airflow/example_dags/example_inlet_event_extra.py
[2024-08-30T02:45:28.849+0000] {processor.py:925} INFO - DAG(s) 'read_dataset_event_from_classic', 'read_dataset_event' retrieved from /home/airflow/.local/lib/python3.12/site-packages/airflow/example_dags/example_inlet_event_extra.py
[2024-08-30T02:45:28.870+0000] {logging_mixin.py:190} INFO - [2024-08-30T02:45:28.870+0000] {dag.py:3211} INFO - Sync 2 DAGs
[2024-08-30T02:45:28.892+0000] {logging_mixin.py:190} INFO - [2024-08-30T02:45:28.892+0000] {dag.py:4138} INFO - Setting next_dagrun for read_dataset_event to 2024-08-29 00:00:00+00:00, run_after=2024-08-30 00:00:00+00:00
[2024-08-30T02:45:28.897+0000] {logging_mixin.py:190} INFO - [2024-08-30T02:45:28.897+0000] {dag.py:4138} INFO - Setting next_dagrun for read_dataset_event_from_classic to 2024-08-29 00:00:00+00:00, run_after=2024-08-30 00:00:00+00:00
[2024-08-30T02:45:28.914+0000] {processor.py:208} INFO - Processing /home/airflow/.local/lib/python3.12/site-packages/airflow/example_dags/example_inlet_event_extra.py took 0.190 seconds
[2024-08-30T02:45:59.566+0000] {processor.py:186} INFO - Started process (PID=1174) to work on /home/airflow/.local/lib/python3.12/site-packages/airflow/example_dags/example_inlet_event_extra.py
[2024-08-30T02:45:59.567+0000] {processor.py:914} INFO - Processing file /home/airflow/.local/lib/python3.12/site-packages/airflow/example_dags/example_inlet_event_extra.py for tasks to queue
[2024-08-30T02:45:59.569+0000] {logging_mixin.py:190} INFO - [2024-08-30T02:45:59.569+0000] {dagbag.py:587} INFO - Filling up the DagBag from /home/airflow/.local/lib/python3.12/site-packages/airflow/example_dags/example_inlet_event_extra.py
[2024-08-30T02:45:59.665+0000] {processor.py:925} INFO - DAG(s) 'read_dataset_event', 'read_dataset_event_from_classic' retrieved from /home/airflow/.local/lib/python3.12/site-packages/airflow/example_dags/example_inlet_event_extra.py
[2024-08-30T02:45:59.683+0000] {logging_mixin.py:190} INFO - [2024-08-30T02:45:59.683+0000] {dag.py:3211} INFO - Sync 2 DAGs
[2024-08-30T02:45:59.704+0000] {logging_mixin.py:190} INFO - [2024-08-30T02:45:59.704+0000] {dag.py:4138} INFO - Setting next_dagrun for read_dataset_event to 2024-08-29 00:00:00+00:00, run_after=2024-08-30 00:00:00+00:00
[2024-08-30T02:45:59.709+0000] {logging_mixin.py:190} INFO - [2024-08-30T02:45:59.709+0000] {dag.py:4138} INFO - Setting next_dagrun for read_dataset_event_from_classic to 2024-08-29 00:00:00+00:00, run_after=2024-08-30 00:00:00+00:00
[2024-08-30T02:45:59.726+0000] {processor.py:208} INFO - Processing /home/airflow/.local/lib/python3.12/site-packages/airflow/example_dags/example_inlet_event_extra.py took 0.164 seconds
[2024-08-30T02:46:30.085+0000] {processor.py:186} INFO - Started process (PID=1460) to work on /home/airflow/.local/lib/python3.12/site-packages/airflow/example_dags/example_inlet_event_extra.py
[2024-08-30T02:46:30.086+0000] {processor.py:914} INFO - Processing file /home/airflow/.local/lib/python3.12/site-packages/airflow/example_dags/example_inlet_event_extra.py for tasks to queue
[2024-08-30T02:46:30.088+0000] {logging_mixin.py:190} INFO - [2024-08-30T02:46:30.087+0000] {dagbag.py:587} INFO - Filling up the DagBag from /home/airflow/.local/lib/python3.12/site-packages/airflow/example_dags/example_inlet_event_extra.py
[2024-08-30T02:46:30.185+0000] {processor.py:925} INFO - DAG(s) 'read_dataset_event', 'read_dataset_event_from_classic' retrieved from /home/airflow/.local/lib/python3.12/site-packages/airflow/example_dags/example_inlet_event_extra.py
[2024-08-30T02:46:30.204+0000] {logging_mixin.py:190} INFO - [2024-08-30T02:46:30.204+0000] {dag.py:3211} INFO - Sync 2 DAGs
[2024-08-30T02:46:30.226+0000] {logging_mixin.py:190} INFO - [2024-08-30T02:46:30.225+0000] {dag.py:4138} INFO - Setting next_dagrun for read_dataset_event to 2024-08-29 00:00:00+00:00, run_after=2024-08-30 00:00:00+00:00
[2024-08-30T02:46:30.231+0000] {logging_mixin.py:190} INFO - [2024-08-30T02:46:30.230+0000] {dag.py:4138} INFO - Setting next_dagrun for read_dataset_event_from_classic to 2024-08-29 00:00:00+00:00, run_after=2024-08-30 00:00:00+00:00
[2024-08-30T02:46:30.248+0000] {processor.py:208} INFO - Processing /home/airflow/.local/lib/python3.12/site-packages/airflow/example_dags/example_inlet_event_extra.py took 0.167 seconds
[2024-08-30T02:47:00.706+0000] {processor.py:186} INFO - Started process (PID=1746) to work on /home/airflow/.local/lib/python3.12/site-packages/airflow/example_dags/example_inlet_event_extra.py
[2024-08-30T02:47:00.707+0000] {processor.py:914} INFO - Processing file /home/airflow/.local/lib/python3.12/site-packages/airflow/example_dags/example_inlet_event_extra.py for tasks to queue
[2024-08-30T02:47:00.709+0000] {logging_mixin.py:190} INFO - [2024-08-30T02:47:00.709+0000] {dagbag.py:587} INFO - Filling up the DagBag from /home/airflow/.local/lib/python3.12/site-packages/airflow/example_dags/example_inlet_event_extra.py
[2024-08-30T02:47:00.811+0000] {processor.py:925} INFO - DAG(s) 'read_dataset_event_from_classic', 'read_dataset_event' retrieved from /home/airflow/.local/lib/python3.12/site-packages/airflow/example_dags/example_inlet_event_extra.py
[2024-08-30T02:47:00.830+0000] {logging_mixin.py:190} INFO - [2024-08-30T02:47:00.830+0000] {dag.py:3211} INFO - Sync 2 DAGs
[2024-08-30T02:47:00.850+0000] {logging_mixin.py:190} INFO - [2024-08-30T02:47:00.850+0000] {dag.py:4138} INFO - Setting next_dagrun for read_dataset_event to 2024-08-29 00:00:00+00:00, run_after=2024-08-30 00:00:00+00:00
[2024-08-30T02:47:00.855+0000] {logging_mixin.py:190} INFO - [2024-08-30T02:47:00.855+0000] {dag.py:4138} INFO - Setting next_dagrun for read_dataset_event_from_classic to 2024-08-29 00:00:00+00:00, run_after=2024-08-30 00:00:00+00:00
[2024-08-30T02:47:00.872+0000] {processor.py:208} INFO - Processing /home/airflow/.local/lib/python3.12/site-packages/airflow/example_dags/example_inlet_event_extra.py took 0.170 seconds
[2024-08-30T02:47:31.729+0000] {processor.py:186} INFO - Started process (PID=2032) to work on /home/airflow/.local/lib/python3.12/site-packages/airflow/example_dags/example_inlet_event_extra.py
[2024-08-30T02:47:31.730+0000] {processor.py:914} INFO - Processing file /home/airflow/.local/lib/python3.12/site-packages/airflow/example_dags/example_inlet_event_extra.py for tasks to queue
[2024-08-30T02:47:31.732+0000] {logging_mixin.py:190} INFO - [2024-08-30T02:47:31.732+0000] {dagbag.py:587} INFO - Filling up the DagBag from /home/airflow/.local/lib/python3.12/site-packages/airflow/example_dags/example_inlet_event_extra.py
[2024-08-30T02:47:31.835+0000] {processor.py:925} INFO - DAG(s) 'read_dataset_event_from_classic', 'read_dataset_event' retrieved from /home/airflow/.local/lib/python3.12/site-packages/airflow/example_dags/example_inlet_event_extra.py
[2024-08-30T02:47:31.858+0000] {logging_mixin.py:190} INFO - [2024-08-30T02:47:31.857+0000] {dag.py:3211} INFO - Sync 2 DAGs
[2024-08-30T02:47:31.882+0000] {logging_mixin.py:190} INFO - [2024-08-30T02:47:31.882+0000] {dag.py:4138} INFO - Setting next_dagrun for read_dataset_event to 2024-08-29 00:00:00+00:00, run_after=2024-08-30 00:00:00+00:00
[2024-08-30T02:47:31.887+0000] {logging_mixin.py:190} INFO - [2024-08-30T02:47:31.887+0000] {dag.py:4138} INFO - Setting next_dagrun for read_dataset_event_from_classic to 2024-08-29 00:00:00+00:00, run_after=2024-08-30 00:00:00+00:00
[2024-08-30T02:47:31.905+0000] {processor.py:208} INFO - Processing /home/airflow/.local/lib/python3.12/site-packages/airflow/example_dags/example_inlet_event_extra.py took 0.180 seconds
[2024-08-30T02:48:02.573+0000] {processor.py:186} INFO - Started process (PID=2318) to work on /home/airflow/.local/lib/python3.12/site-packages/airflow/example_dags/example_inlet_event_extra.py
[2024-08-30T02:48:02.574+0000] {processor.py:914} INFO - Processing file /home/airflow/.local/lib/python3.12/site-packages/airflow/example_dags/example_inlet_event_extra.py for tasks to queue
[2024-08-30T02:48:02.576+0000] {logging_mixin.py:190} INFO - [2024-08-30T02:48:02.576+0000] {dagbag.py:587} INFO - Filling up the DagBag from /home/airflow/.local/lib/python3.12/site-packages/airflow/example_dags/example_inlet_event_extra.py
[2024-08-30T02:48:02.676+0000] {processor.py:925} INFO - DAG(s) 'read_dataset_event', 'read_dataset_event_from_classic' retrieved from /home/airflow/.local/lib/python3.12/site-packages/airflow/example_dags/example_inlet_event_extra.py
[2024-08-30T02:48:02.698+0000] {logging_mixin.py:190} INFO - [2024-08-30T02:48:02.698+0000] {dag.py:3211} INFO - Sync 2 DAGs
[2024-08-30T02:48:02.720+0000] {logging_mixin.py:190} INFO - [2024-08-30T02:48:02.720+0000] {dag.py:4138} INFO - Setting next_dagrun for read_dataset_event to 2024-08-29 00:00:00+00:00, run_after=2024-08-30 00:00:00+00:00
[2024-08-30T02:48:02.725+0000] {logging_mixin.py:190} INFO - [2024-08-30T02:48:02.725+0000] {dag.py:4138} INFO - Setting next_dagrun for read_dataset_event_from_classic to 2024-08-29 00:00:00+00:00, run_after=2024-08-30 00:00:00+00:00
[2024-08-30T02:48:02.743+0000] {processor.py:208} INFO - Processing /home/airflow/.local/lib/python3.12/site-packages/airflow/example_dags/example_inlet_event_extra.py took 0.175 seconds
[2024-08-30T02:48:33.511+0000] {processor.py:186} INFO - Started process (PID=2604) to work on /home/airflow/.local/lib/python3.12/site-packages/airflow/example_dags/example_inlet_event_extra.py
[2024-08-30T02:48:33.511+0000] {processor.py:914} INFO - Processing file /home/airflow/.local/lib/python3.12/site-packages/airflow/example_dags/example_inlet_event_extra.py for tasks to queue
[2024-08-30T02:48:33.514+0000] {logging_mixin.py:190} INFO - [2024-08-30T02:48:33.513+0000] {dagbag.py:587} INFO - Filling up the DagBag from /home/airflow/.local/lib/python3.12/site-packages/airflow/example_dags/example_inlet_event_extra.py
[2024-08-30T02:48:33.616+0000] {processor.py:925} INFO - DAG(s) 'read_dataset_event_from_classic', 'read_dataset_event' retrieved from /home/airflow/.local/lib/python3.12/site-packages/airflow/example_dags/example_inlet_event_extra.py
[2024-08-30T02:48:33.636+0000] {logging_mixin.py:190} INFO - [2024-08-30T02:48:33.636+0000] {dag.py:3211} INFO - Sync 2 DAGs
[2024-08-30T02:48:33.658+0000] {logging_mixin.py:190} INFO - [2024-08-30T02:48:33.658+0000] {dag.py:4138} INFO - Setting next_dagrun for read_dataset_event to 2024-08-29 00:00:00+00:00, run_after=2024-08-30 00:00:00+00:00
[2024-08-30T02:48:33.663+0000] {logging_mixin.py:190} INFO - [2024-08-30T02:48:33.662+0000] {dag.py:4138} INFO - Setting next_dagrun for read_dataset_event_from_classic to 2024-08-29 00:00:00+00:00, run_after=2024-08-30 00:00:00+00:00
[2024-08-30T02:48:33.681+0000] {processor.py:208} INFO - Processing /home/airflow/.local/lib/python3.12/site-packages/airflow/example_dags/example_inlet_event_extra.py took 0.175 seconds
[2024-08-30T02:49:04.292+0000] {processor.py:186} INFO - Started process (PID=2890) to work on /home/airflow/.local/lib/python3.12/site-packages/airflow/example_dags/example_inlet_event_extra.py
[2024-08-30T02:49:04.293+0000] {processor.py:914} INFO - Processing file /home/airflow/.local/lib/python3.12/site-packages/airflow/example_dags/example_inlet_event_extra.py for tasks to queue
[2024-08-30T02:49:04.295+0000] {logging_mixin.py:190} INFO - [2024-08-30T02:49:04.294+0000] {dagbag.py:587} INFO - Filling up the DagBag from /home/airflow/.local/lib/python3.12/site-packages/airflow/example_dags/example_inlet_event_extra.py
[2024-08-30T02:49:04.393+0000] {processor.py:925} INFO - DAG(s) 'read_dataset_event', 'read_dataset_event_from_classic' retrieved from /home/airflow/.local/lib/python3.12/site-packages/airflow/example_dags/example_inlet_event_extra.py
[2024-08-30T02:49:04.411+0000] {logging_mixin.py:190} INFO - [2024-08-30T02:49:04.411+0000] {dag.py:3211} INFO - Sync 2 DAGs
[2024-08-30T02:49:04.433+0000] {logging_mixin.py:190} INFO - [2024-08-30T02:49:04.433+0000] {dag.py:4138} INFO - Setting next_dagrun for read_dataset_event to 2024-08-29 00:00:00+00:00, run_after=2024-08-30 00:00:00+00:00
[2024-08-30T02:49:04.439+0000] {logging_mixin.py:190} INFO - [2024-08-30T02:49:04.439+0000] {dag.py:4138} INFO - Setting next_dagrun for read_dataset_event_from_classic to 2024-08-29 00:00:00+00:00, run_after=2024-08-30 00:00:00+00:00
[2024-08-30T02:49:04.456+0000] {processor.py:208} INFO - Processing /home/airflow/.local/lib/python3.12/site-packages/airflow/example_dags/example_inlet_event_extra.py took 0.169 seconds
[2024-08-30T02:49:35.289+0000] {processor.py:186} INFO - Started process (PID=3176) to work on /home/airflow/.local/lib/python3.12/site-packages/airflow/example_dags/example_inlet_event_extra.py
[2024-08-30T02:49:35.291+0000] {processor.py:914} INFO - Processing file /home/airflow/.local/lib/python3.12/site-packages/airflow/example_dags/example_inlet_event_extra.py for tasks to queue
[2024-08-30T02:49:35.293+0000] {logging_mixin.py:190} INFO - [2024-08-30T02:49:35.292+0000] {dagbag.py:587} INFO - Filling up the DagBag from /home/airflow/.local/lib/python3.12/site-packages/airflow/example_dags/example_inlet_event_extra.py
[2024-08-30T02:49:35.389+0000] {processor.py:925} INFO - DAG(s) 'read_dataset_event', 'read_dataset_event_from_classic' retrieved from /home/airflow/.local/lib/python3.12/site-packages/airflow/example_dags/example_inlet_event_extra.py
[2024-08-30T02:49:35.408+0000] {logging_mixin.py:190} INFO - [2024-08-30T02:49:35.408+0000] {dag.py:3211} INFO - Sync 2 DAGs
[2024-08-30T02:49:35.429+0000] {logging_mixin.py:190} INFO - [2024-08-30T02:49:35.429+0000] {dag.py:4138} INFO - Setting next_dagrun for read_dataset_event to 2024-08-29 00:00:00+00:00, run_after=2024-08-30 00:00:00+00:00
[2024-08-30T02:49:35.434+0000] {logging_mixin.py:190} INFO - [2024-08-30T02:49:35.434+0000] {dag.py:4138} INFO - Setting next_dagrun for read_dataset_event_from_classic to 2024-08-29 00:00:00+00:00, run_after=2024-08-30 00:00:00+00:00
[2024-08-30T02:49:35.449+0000] {processor.py:208} INFO - Processing /home/airflow/.local/lib/python3.12/site-packages/airflow/example_dags/example_inlet_event_extra.py took 0.164 seconds
[2024-08-30T02:50:05.920+0000] {processor.py:186} INFO - Started process (PID=3467) to work on /home/airflow/.local/lib/python3.12/site-packages/airflow/example_dags/example_inlet_event_extra.py
[2024-08-30T02:50:05.921+0000] {processor.py:914} INFO - Processing file /home/airflow/.local/lib/python3.12/site-packages/airflow/example_dags/example_inlet_event_extra.py for tasks to queue
[2024-08-30T02:50:05.924+0000] {logging_mixin.py:190} INFO - [2024-08-30T02:50:05.923+0000] {dagbag.py:587} INFO - Filling up the DagBag from /home/airflow/.local/lib/python3.12/site-packages/airflow/example_dags/example_inlet_event_extra.py
[2024-08-30T02:50:06.041+0000] {processor.py:925} INFO - DAG(s) 'read_dataset_event_from_classic', 'read_dataset_event' retrieved from /home/airflow/.local/lib/python3.12/site-packages/airflow/example_dags/example_inlet_event_extra.py
[2024-08-30T02:50:06.062+0000] {logging_mixin.py:190} INFO - [2024-08-30T02:50:06.062+0000] {dag.py:3211} INFO - Sync 2 DAGs
[2024-08-30T02:50:06.086+0000] {logging_mixin.py:190} INFO - [2024-08-30T02:50:06.086+0000] {dag.py:4138} INFO - Setting next_dagrun for read_dataset_event to 2024-08-29 00:00:00+00:00, run_after=2024-08-30 00:00:00+00:00
[2024-08-30T02:50:06.091+0000] {logging_mixin.py:190} INFO - [2024-08-30T02:50:06.091+0000] {dag.py:4138} INFO - Setting next_dagrun for read_dataset_event_from_classic to 2024-08-29 00:00:00+00:00, run_after=2024-08-30 00:00:00+00:00
[2024-08-30T02:50:06.109+0000] {processor.py:208} INFO - Processing /home/airflow/.local/lib/python3.12/site-packages/airflow/example_dags/example_inlet_event_extra.py took 0.196 seconds
[2024-08-30T02:50:36.601+0000] {processor.py:186} INFO - Started process (PID=3748) to work on /home/airflow/.local/lib/python3.12/site-packages/airflow/example_dags/example_inlet_event_extra.py
[2024-08-30T02:50:36.602+0000] {processor.py:914} INFO - Processing file /home/airflow/.local/lib/python3.12/site-packages/airflow/example_dags/example_inlet_event_extra.py for tasks to queue
[2024-08-30T02:50:36.604+0000] {logging_mixin.py:190} INFO - [2024-08-30T02:50:36.604+0000] {dagbag.py:587} INFO - Filling up the DagBag from /home/airflow/.local/lib/python3.12/site-packages/airflow/example_dags/example_inlet_event_extra.py
[2024-08-30T02:50:36.707+0000] {processor.py:925} INFO - DAG(s) 'read_dataset_event', 'read_dataset_event_from_classic' retrieved from /home/airflow/.local/lib/python3.12/site-packages/airflow/example_dags/example_inlet_event_extra.py
[2024-08-30T02:50:36.726+0000] {logging_mixin.py:190} INFO - [2024-08-30T02:50:36.726+0000] {dag.py:3211} INFO - Sync 2 DAGs
[2024-08-30T02:50:36.748+0000] {logging_mixin.py:190} INFO - [2024-08-30T02:50:36.747+0000] {dag.py:4138} INFO - Setting next_dagrun for read_dataset_event to 2024-08-29 00:00:00+00:00, run_after=2024-08-30 00:00:00+00:00
[2024-08-30T02:50:36.753+0000] {logging_mixin.py:190} INFO - [2024-08-30T02:50:36.753+0000] {dag.py:4138} INFO - Setting next_dagrun for read_dataset_event_from_classic to 2024-08-29 00:00:00+00:00, run_after=2024-08-30 00:00:00+00:00
[2024-08-30T02:50:36.772+0000] {processor.py:208} INFO - Processing /home/airflow/.local/lib/python3.12/site-packages/airflow/example_dags/example_inlet_event_extra.py took 0.176 seconds
[2024-08-30T02:51:07.232+0000] {processor.py:186} INFO - Started process (PID=4034) to work on /home/airflow/.local/lib/python3.12/site-packages/airflow/example_dags/example_inlet_event_extra.py
[2024-08-30T02:51:07.233+0000] {processor.py:914} INFO - Processing file /home/airflow/.local/lib/python3.12/site-packages/airflow/example_dags/example_inlet_event_extra.py for tasks to queue
[2024-08-30T02:51:07.235+0000] {logging_mixin.py:190} INFO - [2024-08-30T02:51:07.235+0000] {dagbag.py:587} INFO - Filling up the DagBag from /home/airflow/.local/lib/python3.12/site-packages/airflow/example_dags/example_inlet_event_extra.py
[2024-08-30T02:51:07.337+0000] {processor.py:925} INFO - DAG(s) 'read_dataset_event', 'read_dataset_event_from_classic' retrieved from /home/airflow/.local/lib/python3.12/site-packages/airflow/example_dags/example_inlet_event_extra.py
[2024-08-30T02:51:07.357+0000] {logging_mixin.py:190} INFO - [2024-08-30T02:51:07.357+0000] {dag.py:3211} INFO - Sync 2 DAGs
[2024-08-30T02:51:07.378+0000] {logging_mixin.py:190} INFO - [2024-08-30T02:51:07.378+0000] {dag.py:4138} INFO - Setting next_dagrun for read_dataset_event to 2024-08-29 00:00:00+00:00, run_after=2024-08-30 00:00:00+00:00
[2024-08-30T02:51:07.384+0000] {logging_mixin.py:190} INFO - [2024-08-30T02:51:07.384+0000] {dag.py:4138} INFO - Setting next_dagrun for read_dataset_event_from_classic to 2024-08-29 00:00:00+00:00, run_after=2024-08-30 00:00:00+00:00
[2024-08-30T02:51:07.400+0000] {processor.py:208} INFO - Processing /home/airflow/.local/lib/python3.12/site-packages/airflow/example_dags/example_inlet_event_extra.py took 0.173 seconds
[2024-08-30T02:51:37.935+0000] {processor.py:186} INFO - Started process (PID=4320) to work on /home/airflow/.local/lib/python3.12/site-packages/airflow/example_dags/example_inlet_event_extra.py
[2024-08-30T02:51:37.936+0000] {processor.py:914} INFO - Processing file /home/airflow/.local/lib/python3.12/site-packages/airflow/example_dags/example_inlet_event_extra.py for tasks to queue
[2024-08-30T02:51:37.937+0000] {logging_mixin.py:190} INFO - [2024-08-30T02:51:37.937+0000] {dagbag.py:587} INFO - Filling up the DagBag from /home/airflow/.local/lib/python3.12/site-packages/airflow/example_dags/example_inlet_event_extra.py
[2024-08-30T02:51:38.039+0000] {processor.py:925} INFO - DAG(s) 'read_dataset_event', 'read_dataset_event_from_classic' retrieved from /home/airflow/.local/lib/python3.12/site-packages/airflow/example_dags/example_inlet_event_extra.py
[2024-08-30T02:51:38.058+0000] {logging_mixin.py:190} INFO - [2024-08-30T02:51:38.058+0000] {dag.py:3211} INFO - Sync 2 DAGs
[2024-08-30T02:51:38.079+0000] {logging_mixin.py:190} INFO - [2024-08-30T02:51:38.079+0000] {dag.py:4138} INFO - Setting next_dagrun for read_dataset_event to 2024-08-29 00:00:00+00:00, run_after=2024-08-30 00:00:00+00:00
[2024-08-30T02:51:38.084+0000] {logging_mixin.py:190} INFO - [2024-08-30T02:51:38.083+0000] {dag.py:4138} INFO - Setting next_dagrun for read_dataset_event_from_classic to 2024-08-29 00:00:00+00:00, run_after=2024-08-30 00:00:00+00:00
[2024-08-30T02:51:38.102+0000] {processor.py:208} INFO - Processing /home/airflow/.local/lib/python3.12/site-packages/airflow/example_dags/example_inlet_event_extra.py took 0.172 seconds
[2024-08-30T02:52:08.693+0000] {processor.py:186} INFO - Started process (PID=4606) to work on /home/airflow/.local/lib/python3.12/site-packages/airflow/example_dags/example_inlet_event_extra.py
[2024-08-30T02:52:08.694+0000] {processor.py:914} INFO - Processing file /home/airflow/.local/lib/python3.12/site-packages/airflow/example_dags/example_inlet_event_extra.py for tasks to queue
[2024-08-30T02:52:08.696+0000] {logging_mixin.py:190} INFO - [2024-08-30T02:52:08.695+0000] {dagbag.py:587} INFO - Filling up the DagBag from /home/airflow/.local/lib/python3.12/site-packages/airflow/example_dags/example_inlet_event_extra.py
[2024-08-30T02:52:08.801+0000] {processor.py:925} INFO - DAG(s) 'read_dataset_event', 'read_dataset_event_from_classic' retrieved from /home/airflow/.local/lib/python3.12/site-packages/airflow/example_dags/example_inlet_event_extra.py
[2024-08-30T02:52:08.821+0000] {logging_mixin.py:190} INFO - [2024-08-30T02:52:08.821+0000] {dag.py:3211} INFO - Sync 2 DAGs
[2024-08-30T02:52:08.846+0000] {logging_mixin.py:190} INFO - [2024-08-30T02:52:08.846+0000] {dag.py:4138} INFO - Setting next_dagrun for read_dataset_event to 2024-08-29 00:00:00+00:00, run_after=2024-08-30 00:00:00+00:00
[2024-08-30T02:52:08.852+0000] {logging_mixin.py:190} INFO - [2024-08-30T02:52:08.851+0000] {dag.py:4138} INFO - Setting next_dagrun for read_dataset_event_from_classic to 2024-08-29 00:00:00+00:00, run_after=2024-08-30 00:00:00+00:00
[2024-08-30T02:52:08.873+0000] {processor.py:208} INFO - Processing /home/airflow/.local/lib/python3.12/site-packages/airflow/example_dags/example_inlet_event_extra.py took 0.185 seconds
[2024-08-30T02:52:39.451+0000] {processor.py:186} INFO - Started process (PID=4892) to work on /home/airflow/.local/lib/python3.12/site-packages/airflow/example_dags/example_inlet_event_extra.py
[2024-08-30T02:52:39.452+0000] {processor.py:914} INFO - Processing file /home/airflow/.local/lib/python3.12/site-packages/airflow/example_dags/example_inlet_event_extra.py for tasks to queue
[2024-08-30T02:52:39.454+0000] {logging_mixin.py:190} INFO - [2024-08-30T02:52:39.454+0000] {dagbag.py:587} INFO - Filling up the DagBag from /home/airflow/.local/lib/python3.12/site-packages/airflow/example_dags/example_inlet_event_extra.py
[2024-08-30T02:52:39.559+0000] {processor.py:925} INFO - DAG(s) 'read_dataset_event_from_classic', 'read_dataset_event' retrieved from /home/airflow/.local/lib/python3.12/site-packages/airflow/example_dags/example_inlet_event_extra.py
[2024-08-30T02:52:39.581+0000] {logging_mixin.py:190} INFO - [2024-08-30T02:52:39.581+0000] {dag.py:3211} INFO - Sync 2 DAGs
[2024-08-30T02:52:39.606+0000] {logging_mixin.py:190} INFO - [2024-08-30T02:52:39.605+0000] {dag.py:4138} INFO - Setting next_dagrun for read_dataset_event to 2024-08-29 00:00:00+00:00, run_after=2024-08-30 00:00:00+00:00
[2024-08-30T02:52:39.611+0000] {logging_mixin.py:190} INFO - [2024-08-30T02:52:39.611+0000] {dag.py:4138} INFO - Setting next_dagrun for read_dataset_event_from_classic to 2024-08-29 00:00:00+00:00, run_after=2024-08-30 00:00:00+00:00
[2024-08-30T02:52:39.630+0000] {processor.py:208} INFO - Processing /home/airflow/.local/lib/python3.12/site-packages/airflow/example_dags/example_inlet_event_extra.py took 0.184 seconds
[2024-08-30T02:53:10.174+0000] {processor.py:186} INFO - Started process (PID=5178) to work on /home/airflow/.local/lib/python3.12/site-packages/airflow/example_dags/example_inlet_event_extra.py
[2024-08-30T02:53:10.174+0000] {processor.py:914} INFO - Processing file /home/airflow/.local/lib/python3.12/site-packages/airflow/example_dags/example_inlet_event_extra.py for tasks to queue
[2024-08-30T02:53:10.177+0000] {logging_mixin.py:190} INFO - [2024-08-30T02:53:10.176+0000] {dagbag.py:587} INFO - Filling up the DagBag from /home/airflow/.local/lib/python3.12/site-packages/airflow/example_dags/example_inlet_event_extra.py
[2024-08-30T02:53:10.283+0000] {processor.py:925} INFO - DAG(s) 'read_dataset_event', 'read_dataset_event_from_classic' retrieved from /home/airflow/.local/lib/python3.12/site-packages/airflow/example_dags/example_inlet_event_extra.py
[2024-08-30T02:53:10.305+0000] {logging_mixin.py:190} INFO - [2024-08-30T02:53:10.305+0000] {dag.py:3211} INFO - Sync 2 DAGs
[2024-08-30T02:53:10.329+0000] {logging_mixin.py:190} INFO - [2024-08-30T02:53:10.328+0000] {dag.py:4138} INFO - Setting next_dagrun for read_dataset_event to 2024-08-29 00:00:00+00:00, run_after=2024-08-30 00:00:00+00:00
[2024-08-30T02:53:10.333+0000] {logging_mixin.py:190} INFO - [2024-08-30T02:53:10.333+0000] {dag.py:4138} INFO - Setting next_dagrun for read_dataset_event_from_classic to 2024-08-29 00:00:00+00:00, run_after=2024-08-30 00:00:00+00:00
[2024-08-30T02:53:10.354+0000] {processor.py:208} INFO - Processing /home/airflow/.local/lib/python3.12/site-packages/airflow/example_dags/example_inlet_event_extra.py took 0.185 seconds
[2024-08-30T02:53:41.077+0000] {processor.py:186} INFO - Started process (PID=5464) to work on /home/airflow/.local/lib/python3.12/site-packages/airflow/example_dags/example_inlet_event_extra.py
[2024-08-30T02:53:41.078+0000] {processor.py:914} INFO - Processing file /home/airflow/.local/lib/python3.12/site-packages/airflow/example_dags/example_inlet_event_extra.py for tasks to queue
[2024-08-30T02:53:41.080+0000] {logging_mixin.py:190} INFO - [2024-08-30T02:53:41.079+0000] {dagbag.py:587} INFO - Filling up the DagBag from /home/airflow/.local/lib/python3.12/site-packages/airflow/example_dags/example_inlet_event_extra.py
[2024-08-30T02:53:41.192+0000] {processor.py:925} INFO - DAG(s) 'read_dataset_event_from_classic', 'read_dataset_event' retrieved from /home/airflow/.local/lib/python3.12/site-packages/airflow/example_dags/example_inlet_event_extra.py
[2024-08-30T02:53:41.216+0000] {logging_mixin.py:190} INFO - [2024-08-30T02:53:41.216+0000] {dag.py:3211} INFO - Sync 2 DAGs
[2024-08-30T02:53:41.241+0000] {logging_mixin.py:190} INFO - [2024-08-30T02:53:41.241+0000] {dag.py:4138} INFO - Setting next_dagrun for read_dataset_event to 2024-08-29 00:00:00+00:00, run_after=2024-08-30 00:00:00+00:00
[2024-08-30T02:53:41.246+0000] {logging_mixin.py:190} INFO - [2024-08-30T02:53:41.246+0000] {dag.py:4138} INFO - Setting next_dagrun for read_dataset_event_from_classic to 2024-08-29 00:00:00+00:00, run_after=2024-08-30 00:00:00+00:00
[2024-08-30T02:53:41.264+0000] {processor.py:208} INFO - Processing /home/airflow/.local/lib/python3.12/site-packages/airflow/example_dags/example_inlet_event_extra.py took 0.193 seconds
[2024-08-30T02:54:12.139+0000] {processor.py:186} INFO - Started process (PID=5750) to work on /home/airflow/.local/lib/python3.12/site-packages/airflow/example_dags/example_inlet_event_extra.py
[2024-08-30T02:54:12.140+0000] {processor.py:914} INFO - Processing file /home/airflow/.local/lib/python3.12/site-packages/airflow/example_dags/example_inlet_event_extra.py for tasks to queue
[2024-08-30T02:54:12.142+0000] {logging_mixin.py:190} INFO - [2024-08-30T02:54:12.141+0000] {dagbag.py:587} INFO - Filling up the DagBag from /home/airflow/.local/lib/python3.12/site-packages/airflow/example_dags/example_inlet_event_extra.py
[2024-08-30T02:54:12.273+0000] {processor.py:925} INFO - DAG(s) 'read_dataset_event_from_classic', 'read_dataset_event' retrieved from /home/airflow/.local/lib/python3.12/site-packages/airflow/example_dags/example_inlet_event_extra.py
[2024-08-30T02:54:12.297+0000] {logging_mixin.py:190} INFO - [2024-08-30T02:54:12.296+0000] {dag.py:3211} INFO - Sync 2 DAGs
[2024-08-30T02:54:12.326+0000] {logging_mixin.py:190} INFO - [2024-08-30T02:54:12.326+0000] {dag.py:4138} INFO - Setting next_dagrun for read_dataset_event to 2024-08-29 00:00:00+00:00, run_after=2024-08-30 00:00:00+00:00
[2024-08-30T02:54:12.332+0000] {logging_mixin.py:190} INFO - [2024-08-30T02:54:12.332+0000] {dag.py:4138} INFO - Setting next_dagrun for read_dataset_event_from_classic to 2024-08-29 00:00:00+00:00, run_after=2024-08-30 00:00:00+00:00
[2024-08-30T02:54:12.351+0000] {processor.py:208} INFO - Processing /home/airflow/.local/lib/python3.12/site-packages/airflow/example_dags/example_inlet_event_extra.py took 0.218 seconds
[2024-08-30T02:54:43.162+0000] {processor.py:186} INFO - Started process (PID=6036) to work on /home/airflow/.local/lib/python3.12/site-packages/airflow/example_dags/example_inlet_event_extra.py
[2024-08-30T02:54:43.163+0000] {processor.py:914} INFO - Processing file /home/airflow/.local/lib/python3.12/site-packages/airflow/example_dags/example_inlet_event_extra.py for tasks to queue
[2024-08-30T02:54:43.166+0000] {logging_mixin.py:190} INFO - [2024-08-30T02:54:43.165+0000] {dagbag.py:587} INFO - Filling up the DagBag from /home/airflow/.local/lib/python3.12/site-packages/airflow/example_dags/example_inlet_event_extra.py
[2024-08-30T02:54:43.277+0000] {processor.py:925} INFO - DAG(s) 'read_dataset_event_from_classic', 'read_dataset_event' retrieved from /home/airflow/.local/lib/python3.12/site-packages/airflow/example_dags/example_inlet_event_extra.py
[2024-08-30T02:54:43.297+0000] {logging_mixin.py:190} INFO - [2024-08-30T02:54:43.297+0000] {dag.py:3211} INFO - Sync 2 DAGs
[2024-08-30T02:54:43.320+0000] {logging_mixin.py:190} INFO - [2024-08-30T02:54:43.319+0000] {dag.py:4138} INFO - Setting next_dagrun for read_dataset_event to 2024-08-29 00:00:00+00:00, run_after=2024-08-30 00:00:00+00:00
[2024-08-30T02:54:43.324+0000] {logging_mixin.py:190} INFO - [2024-08-30T02:54:43.324+0000] {dag.py:4138} INFO - Setting next_dagrun for read_dataset_event_from_classic to 2024-08-29 00:00:00+00:00, run_after=2024-08-30 00:00:00+00:00
[2024-08-30T02:54:43.340+0000] {processor.py:208} INFO - Processing /home/airflow/.local/lib/python3.12/site-packages/airflow/example_dags/example_inlet_event_extra.py took 0.185 seconds
[2024-08-30T02:55:14.145+0000] {processor.py:186} INFO - Started process (PID=6322) to work on /home/airflow/.local/lib/python3.12/site-packages/airflow/example_dags/example_inlet_event_extra.py
[2024-08-30T02:55:14.146+0000] {processor.py:914} INFO - Processing file /home/airflow/.local/lib/python3.12/site-packages/airflow/example_dags/example_inlet_event_extra.py for tasks to queue
[2024-08-30T02:55:14.149+0000] {logging_mixin.py:190} INFO - [2024-08-30T02:55:14.148+0000] {dagbag.py:587} INFO - Filling up the DagBag from /home/airflow/.local/lib/python3.12/site-packages/airflow/example_dags/example_inlet_event_extra.py
[2024-08-30T02:55:14.282+0000] {processor.py:925} INFO - DAG(s) 'read_dataset_event_from_classic', 'read_dataset_event' retrieved from /home/airflow/.local/lib/python3.12/site-packages/airflow/example_dags/example_inlet_event_extra.py
[2024-08-30T02:55:14.304+0000] {logging_mixin.py:190} INFO - [2024-08-30T02:55:14.304+0000] {dag.py:3211} INFO - Sync 2 DAGs
[2024-08-30T02:55:14.328+0000] {logging_mixin.py:190} INFO - [2024-08-30T02:55:14.328+0000] {dag.py:4138} INFO - Setting next_dagrun for read_dataset_event to 2024-08-29 00:00:00+00:00, run_after=2024-08-30 00:00:00+00:00
[2024-08-30T02:55:14.334+0000] {logging_mixin.py:190} INFO - [2024-08-30T02:55:14.334+0000] {dag.py:4138} INFO - Setting next_dagrun for read_dataset_event_from_classic to 2024-08-29 00:00:00+00:00, run_after=2024-08-30 00:00:00+00:00
[2024-08-30T02:55:14.356+0000] {processor.py:208} INFO - Processing /home/airflow/.local/lib/python3.12/site-packages/airflow/example_dags/example_inlet_event_extra.py took 0.217 seconds
[2024-08-30T02:55:44.434+0000] {processor.py:186} INFO - Started process (PID=6608) to work on /home/airflow/.local/lib/python3.12/site-packages/airflow/example_dags/example_inlet_event_extra.py
[2024-08-30T02:55:44.435+0000] {processor.py:914} INFO - Processing file /home/airflow/.local/lib/python3.12/site-packages/airflow/example_dags/example_inlet_event_extra.py for tasks to queue
[2024-08-30T02:55:44.437+0000] {logging_mixin.py:190} INFO - [2024-08-30T02:55:44.437+0000] {dagbag.py:587} INFO - Filling up the DagBag from /home/airflow/.local/lib/python3.12/site-packages/airflow/example_dags/example_inlet_event_extra.py
[2024-08-30T02:55:44.596+0000] {processor.py:925} INFO - DAG(s) 'read_dataset_event', 'read_dataset_event_from_classic' retrieved from /home/airflow/.local/lib/python3.12/site-packages/airflow/example_dags/example_inlet_event_extra.py
[2024-08-30T02:55:44.627+0000] {logging_mixin.py:190} INFO - [2024-08-30T02:55:44.626+0000] {dag.py:3211} INFO - Sync 2 DAGs
[2024-08-30T02:55:44.664+0000] {logging_mixin.py:190} INFO - [2024-08-30T02:55:44.663+0000] {dag.py:4138} INFO - Setting next_dagrun for read_dataset_event to 2024-08-29 00:00:00+00:00, run_after=2024-08-30 00:00:00+00:00
[2024-08-30T02:55:44.670+0000] {logging_mixin.py:190} INFO - [2024-08-30T02:55:44.670+0000] {dag.py:4138} INFO - Setting next_dagrun for read_dataset_event_from_classic to 2024-08-29 00:00:00+00:00, run_after=2024-08-30 00:00:00+00:00
[2024-08-30T02:55:44.690+0000] {processor.py:208} INFO - Processing /home/airflow/.local/lib/python3.12/site-packages/airflow/example_dags/example_inlet_event_extra.py took 0.262 seconds
[2024-08-30T02:56:14.777+0000] {processor.py:186} INFO - Started process (PID=6905) to work on /home/airflow/.local/lib/python3.12/site-packages/airflow/example_dags/example_inlet_event_extra.py
[2024-08-30T02:56:14.778+0000] {processor.py:914} INFO - Processing file /home/airflow/.local/lib/python3.12/site-packages/airflow/example_dags/example_inlet_event_extra.py for tasks to queue
[2024-08-30T02:56:14.781+0000] {logging_mixin.py:190} INFO - [2024-08-30T02:56:14.780+0000] {dagbag.py:587} INFO - Filling up the DagBag from /home/airflow/.local/lib/python3.12/site-packages/airflow/example_dags/example_inlet_event_extra.py
[2024-08-30T02:56:14.903+0000] {processor.py:925} INFO - DAG(s) 'read_dataset_event_from_classic', 'read_dataset_event' retrieved from /home/airflow/.local/lib/python3.12/site-packages/airflow/example_dags/example_inlet_event_extra.py
[2024-08-30T02:56:14.925+0000] {logging_mixin.py:190} INFO - [2024-08-30T02:56:14.925+0000] {dag.py:3211} INFO - Sync 2 DAGs
[2024-08-30T02:56:14.952+0000] {logging_mixin.py:190} INFO - [2024-08-30T02:56:14.951+0000] {dag.py:4138} INFO - Setting next_dagrun for read_dataset_event to 2024-08-29 00:00:00+00:00, run_after=2024-08-30 00:00:00+00:00
[2024-08-30T02:56:14.957+0000] {logging_mixin.py:190} INFO - [2024-08-30T02:56:14.957+0000] {dag.py:4138} INFO - Setting next_dagrun for read_dataset_event_from_classic to 2024-08-29 00:00:00+00:00, run_after=2024-08-30 00:00:00+00:00
[2024-08-30T02:56:14.981+0000] {processor.py:208} INFO - Processing /home/airflow/.local/lib/python3.12/site-packages/airflow/example_dags/example_inlet_event_extra.py took 0.210 seconds
[2024-08-30T02:56:45.078+0000] {processor.py:186} INFO - Started process (PID=7191) to work on /home/airflow/.local/lib/python3.12/site-packages/airflow/example_dags/example_inlet_event_extra.py
[2024-08-30T02:56:45.079+0000] {processor.py:914} INFO - Processing file /home/airflow/.local/lib/python3.12/site-packages/airflow/example_dags/example_inlet_event_extra.py for tasks to queue
[2024-08-30T02:56:45.081+0000] {logging_mixin.py:190} INFO - [2024-08-30T02:56:45.080+0000] {dagbag.py:587} INFO - Filling up the DagBag from /home/airflow/.local/lib/python3.12/site-packages/airflow/example_dags/example_inlet_event_extra.py
[2024-08-30T02:56:45.198+0000] {processor.py:925} INFO - DAG(s) 'read_dataset_event_from_classic', 'read_dataset_event' retrieved from /home/airflow/.local/lib/python3.12/site-packages/airflow/example_dags/example_inlet_event_extra.py
[2024-08-30T02:56:45.221+0000] {logging_mixin.py:190} INFO - [2024-08-30T02:56:45.221+0000] {dag.py:3211} INFO - Sync 2 DAGs
[2024-08-30T02:56:45.244+0000] {logging_mixin.py:190} INFO - [2024-08-30T02:56:45.244+0000] {dag.py:4138} INFO - Setting next_dagrun for read_dataset_event to 2024-08-29 00:00:00+00:00, run_after=2024-08-30 00:00:00+00:00
[2024-08-30T02:56:45.250+0000] {logging_mixin.py:190} INFO - [2024-08-30T02:56:45.249+0000] {dag.py:4138} INFO - Setting next_dagrun for read_dataset_event_from_classic to 2024-08-29 00:00:00+00:00, run_after=2024-08-30 00:00:00+00:00
[2024-08-30T02:56:45.267+0000] {processor.py:208} INFO - Processing /home/airflow/.local/lib/python3.12/site-packages/airflow/example_dags/example_inlet_event_extra.py took 0.194 seconds
[2024-08-30T02:57:15.359+0000] {processor.py:186} INFO - Started process (PID=7477) to work on /home/airflow/.local/lib/python3.12/site-packages/airflow/example_dags/example_inlet_event_extra.py
[2024-08-30T02:57:15.360+0000] {processor.py:914} INFO - Processing file /home/airflow/.local/lib/python3.12/site-packages/airflow/example_dags/example_inlet_event_extra.py for tasks to queue
[2024-08-30T02:57:15.362+0000] {logging_mixin.py:190} INFO - [2024-08-30T02:57:15.362+0000] {dagbag.py:587} INFO - Filling up the DagBag from /home/airflow/.local/lib/python3.12/site-packages/airflow/example_dags/example_inlet_event_extra.py
[2024-08-30T02:57:15.469+0000] {processor.py:925} INFO - DAG(s) 'read_dataset_event', 'read_dataset_event_from_classic' retrieved from /home/airflow/.local/lib/python3.12/site-packages/airflow/example_dags/example_inlet_event_extra.py
[2024-08-30T02:57:15.492+0000] {logging_mixin.py:190} INFO - [2024-08-30T02:57:15.491+0000] {dag.py:3211} INFO - Sync 2 DAGs
[2024-08-30T02:57:15.515+0000] {logging_mixin.py:190} INFO - [2024-08-30T02:57:15.515+0000] {dag.py:4138} INFO - Setting next_dagrun for read_dataset_event to 2024-08-29 00:00:00+00:00, run_after=2024-08-30 00:00:00+00:00
[2024-08-30T02:57:15.520+0000] {logging_mixin.py:190} INFO - [2024-08-30T02:57:15.520+0000] {dag.py:4138} INFO - Setting next_dagrun for read_dataset_event_from_classic to 2024-08-29 00:00:00+00:00, run_after=2024-08-30 00:00:00+00:00
[2024-08-30T02:57:15.538+0000] {processor.py:208} INFO - Processing /home/airflow/.local/lib/python3.12/site-packages/airflow/example_dags/example_inlet_event_extra.py took 0.184 seconds
