[2024-08-30T02:44:27.433+0000] {processor.py:186} INFO - Started process (PID=282) to work on /home/airflow/.local/lib/python3.12/site-packages/airflow/example_dags/example_trigger_target_dag.py
[2024-08-30T02:44:27.434+0000] {processor.py:914} INFO - Processing file /home/airflow/.local/lib/python3.12/site-packages/airflow/example_dags/example_trigger_target_dag.py for tasks to queue
[2024-08-30T02:44:27.436+0000] {logging_mixin.py:190} INFO - [2024-08-30T02:44:27.436+0000] {dagbag.py:587} INFO - Filling up the DagBag from /home/airflow/.local/lib/python3.12/site-packages/airflow/example_dags/example_trigger_target_dag.py
[2024-08-30T02:44:27.443+0000] {processor.py:925} INFO - DAG(s) 'example_trigger_target_dag' retrieved from /home/airflow/.local/lib/python3.12/site-packages/airflow/example_dags/example_trigger_target_dag.py
[2024-08-30T02:44:27.463+0000] {logging_mixin.py:190} INFO - [2024-08-30T02:44:27.463+0000] {dag.py:3211} INFO - Sync 1 DAGs
[2024-08-30T02:44:27.480+0000] {logging_mixin.py:190} INFO - [2024-08-30T02:44:27.480+0000] {dag.py:4138} INFO - Setting next_dagrun for example_trigger_target_dag to None, run_after=None
[2024-08-30T02:44:27.501+0000] {processor.py:208} INFO - Processing /home/airflow/.local/lib/python3.12/site-packages/airflow/example_dags/example_trigger_target_dag.py took 0.073 seconds
[2024-08-30T02:44:57.637+0000] {processor.py:186} INFO - Started process (PID=574) to work on /home/airflow/.local/lib/python3.12/site-packages/airflow/example_dags/example_trigger_target_dag.py
[2024-08-30T02:44:57.638+0000] {processor.py:914} INFO - Processing file /home/airflow/.local/lib/python3.12/site-packages/airflow/example_dags/example_trigger_target_dag.py for tasks to queue
[2024-08-30T02:44:57.640+0000] {logging_mixin.py:190} INFO - [2024-08-30T02:44:57.640+0000] {dagbag.py:587} INFO - Filling up the DagBag from /home/airflow/.local/lib/python3.12/site-packages/airflow/example_dags/example_trigger_target_dag.py
[2024-08-30T02:44:57.646+0000] {processor.py:925} INFO - DAG(s) 'example_trigger_target_dag' retrieved from /home/airflow/.local/lib/python3.12/site-packages/airflow/example_dags/example_trigger_target_dag.py
[2024-08-30T02:44:57.666+0000] {logging_mixin.py:190} INFO - [2024-08-30T02:44:57.666+0000] {dag.py:3211} INFO - Sync 1 DAGs
[2024-08-30T02:44:57.681+0000] {logging_mixin.py:190} INFO - [2024-08-30T02:44:57.681+0000] {dag.py:4138} INFO - Setting next_dagrun for example_trigger_target_dag to None, run_after=None
[2024-08-30T02:44:57.700+0000] {processor.py:208} INFO - Processing /home/airflow/.local/lib/python3.12/site-packages/airflow/example_dags/example_trigger_target_dag.py took 0.068 seconds
[2024-08-30T02:45:28.095+0000] {processor.py:186} INFO - Started process (PID=860) to work on /home/airflow/.local/lib/python3.12/site-packages/airflow/example_dags/example_trigger_target_dag.py
[2024-08-30T02:45:28.096+0000] {processor.py:914} INFO - Processing file /home/airflow/.local/lib/python3.12/site-packages/airflow/example_dags/example_trigger_target_dag.py for tasks to queue
[2024-08-30T02:45:28.097+0000] {logging_mixin.py:190} INFO - [2024-08-30T02:45:28.097+0000] {dagbag.py:587} INFO - Filling up the DagBag from /home/airflow/.local/lib/python3.12/site-packages/airflow/example_dags/example_trigger_target_dag.py
[2024-08-30T02:45:28.104+0000] {processor.py:925} INFO - DAG(s) 'example_trigger_target_dag' retrieved from /home/airflow/.local/lib/python3.12/site-packages/airflow/example_dags/example_trigger_target_dag.py
[2024-08-30T02:45:28.121+0000] {logging_mixin.py:190} INFO - [2024-08-30T02:45:28.121+0000] {dag.py:3211} INFO - Sync 1 DAGs
[2024-08-30T02:45:28.133+0000] {logging_mixin.py:190} INFO - [2024-08-30T02:45:28.132+0000] {dag.py:4138} INFO - Setting next_dagrun for example_trigger_target_dag to None, run_after=None
[2024-08-30T02:45:28.321+0000] {processor.py:208} INFO - Processing /home/airflow/.local/lib/python3.12/site-packages/airflow/example_dags/example_trigger_target_dag.py took 0.231 seconds
[2024-08-30T02:45:59.193+0000] {processor.py:186} INFO - Started process (PID=1146) to work on /home/airflow/.local/lib/python3.12/site-packages/airflow/example_dags/example_trigger_target_dag.py
[2024-08-30T02:45:59.194+0000] {processor.py:914} INFO - Processing file /home/airflow/.local/lib/python3.12/site-packages/airflow/example_dags/example_trigger_target_dag.py for tasks to queue
[2024-08-30T02:45:59.197+0000] {logging_mixin.py:190} INFO - [2024-08-30T02:45:59.196+0000] {dagbag.py:587} INFO - Filling up the DagBag from /home/airflow/.local/lib/python3.12/site-packages/airflow/example_dags/example_trigger_target_dag.py
[2024-08-30T02:45:59.203+0000] {processor.py:925} INFO - DAG(s) 'example_trigger_target_dag' retrieved from /home/airflow/.local/lib/python3.12/site-packages/airflow/example_dags/example_trigger_target_dag.py
[2024-08-30T02:45:59.221+0000] {logging_mixin.py:190} INFO - [2024-08-30T02:45:59.221+0000] {dag.py:3211} INFO - Sync 1 DAGs
[2024-08-30T02:45:59.234+0000] {logging_mixin.py:190} INFO - [2024-08-30T02:45:59.234+0000] {dag.py:4138} INFO - Setting next_dagrun for example_trigger_target_dag to None, run_after=None
[2024-08-30T02:45:59.261+0000] {processor.py:208} INFO - Processing /home/airflow/.local/lib/python3.12/site-packages/airflow/example_dags/example_trigger_target_dag.py took 0.073 seconds
[2024-08-30T02:46:29.717+0000] {processor.py:186} INFO - Started process (PID=1432) to work on /home/airflow/.local/lib/python3.12/site-packages/airflow/example_dags/example_trigger_target_dag.py
[2024-08-30T02:46:29.718+0000] {processor.py:914} INFO - Processing file /home/airflow/.local/lib/python3.12/site-packages/airflow/example_dags/example_trigger_target_dag.py for tasks to queue
[2024-08-30T02:46:29.721+0000] {logging_mixin.py:190} INFO - [2024-08-30T02:46:29.721+0000] {dagbag.py:587} INFO - Filling up the DagBag from /home/airflow/.local/lib/python3.12/site-packages/airflow/example_dags/example_trigger_target_dag.py
[2024-08-30T02:46:29.727+0000] {processor.py:925} INFO - DAG(s) 'example_trigger_target_dag' retrieved from /home/airflow/.local/lib/python3.12/site-packages/airflow/example_dags/example_trigger_target_dag.py
[2024-08-30T02:46:29.746+0000] {logging_mixin.py:190} INFO - [2024-08-30T02:46:29.746+0000] {dag.py:3211} INFO - Sync 1 DAGs
[2024-08-30T02:46:29.760+0000] {logging_mixin.py:190} INFO - [2024-08-30T02:46:29.760+0000] {dag.py:4138} INFO - Setting next_dagrun for example_trigger_target_dag to None, run_after=None
[2024-08-30T02:46:29.779+0000] {processor.py:208} INFO - Processing /home/airflow/.local/lib/python3.12/site-packages/airflow/example_dags/example_trigger_target_dag.py took 0.067 seconds
[2024-08-30T02:47:00.328+0000] {processor.py:186} INFO - Started process (PID=1718) to work on /home/airflow/.local/lib/python3.12/site-packages/airflow/example_dags/example_trigger_target_dag.py
[2024-08-30T02:47:00.329+0000] {processor.py:914} INFO - Processing file /home/airflow/.local/lib/python3.12/site-packages/airflow/example_dags/example_trigger_target_dag.py for tasks to queue
[2024-08-30T02:47:00.331+0000] {logging_mixin.py:190} INFO - [2024-08-30T02:47:00.331+0000] {dagbag.py:587} INFO - Filling up the DagBag from /home/airflow/.local/lib/python3.12/site-packages/airflow/example_dags/example_trigger_target_dag.py
[2024-08-30T02:47:00.338+0000] {processor.py:925} INFO - DAG(s) 'example_trigger_target_dag' retrieved from /home/airflow/.local/lib/python3.12/site-packages/airflow/example_dags/example_trigger_target_dag.py
[2024-08-30T02:47:00.358+0000] {logging_mixin.py:190} INFO - [2024-08-30T02:47:00.358+0000] {dag.py:3211} INFO - Sync 1 DAGs
[2024-08-30T02:47:00.372+0000] {logging_mixin.py:190} INFO - [2024-08-30T02:47:00.371+0000] {dag.py:4138} INFO - Setting next_dagrun for example_trigger_target_dag to None, run_after=None
[2024-08-30T02:47:00.393+0000] {processor.py:208} INFO - Processing /home/airflow/.local/lib/python3.12/site-packages/airflow/example_dags/example_trigger_target_dag.py took 0.070 seconds
[2024-08-30T02:47:31.360+0000] {processor.py:186} INFO - Started process (PID=2004) to work on /home/airflow/.local/lib/python3.12/site-packages/airflow/example_dags/example_trigger_target_dag.py
[2024-08-30T02:47:31.361+0000] {processor.py:914} INFO - Processing file /home/airflow/.local/lib/python3.12/site-packages/airflow/example_dags/example_trigger_target_dag.py for tasks to queue
[2024-08-30T02:47:31.363+0000] {logging_mixin.py:190} INFO - [2024-08-30T02:47:31.362+0000] {dagbag.py:587} INFO - Filling up the DagBag from /home/airflow/.local/lib/python3.12/site-packages/airflow/example_dags/example_trigger_target_dag.py
[2024-08-30T02:47:31.370+0000] {processor.py:925} INFO - DAG(s) 'example_trigger_target_dag' retrieved from /home/airflow/.local/lib/python3.12/site-packages/airflow/example_dags/example_trigger_target_dag.py
[2024-08-30T02:47:31.393+0000] {logging_mixin.py:190} INFO - [2024-08-30T02:47:31.393+0000] {dag.py:3211} INFO - Sync 1 DAGs
[2024-08-30T02:47:31.408+0000] {logging_mixin.py:190} INFO - [2024-08-30T02:47:31.407+0000] {dag.py:4138} INFO - Setting next_dagrun for example_trigger_target_dag to None, run_after=None
[2024-08-30T02:47:31.431+0000] {processor.py:208} INFO - Processing /home/airflow/.local/lib/python3.12/site-packages/airflow/example_dags/example_trigger_target_dag.py took 0.076 seconds
[2024-08-30T02:48:02.204+0000] {processor.py:186} INFO - Started process (PID=2290) to work on /home/airflow/.local/lib/python3.12/site-packages/airflow/example_dags/example_trigger_target_dag.py
[2024-08-30T02:48:02.205+0000] {processor.py:914} INFO - Processing file /home/airflow/.local/lib/python3.12/site-packages/airflow/example_dags/example_trigger_target_dag.py for tasks to queue
[2024-08-30T02:48:02.207+0000] {logging_mixin.py:190} INFO - [2024-08-30T02:48:02.207+0000] {dagbag.py:587} INFO - Filling up the DagBag from /home/airflow/.local/lib/python3.12/site-packages/airflow/example_dags/example_trigger_target_dag.py
[2024-08-30T02:48:02.214+0000] {processor.py:925} INFO - DAG(s) 'example_trigger_target_dag' retrieved from /home/airflow/.local/lib/python3.12/site-packages/airflow/example_dags/example_trigger_target_dag.py
[2024-08-30T02:48:02.232+0000] {logging_mixin.py:190} INFO - [2024-08-30T02:48:02.231+0000] {dag.py:3211} INFO - Sync 1 DAGs
[2024-08-30T02:48:02.245+0000] {logging_mixin.py:190} INFO - [2024-08-30T02:48:02.245+0000] {dag.py:4138} INFO - Setting next_dagrun for example_trigger_target_dag to None, run_after=None
[2024-08-30T02:48:02.273+0000] {processor.py:208} INFO - Processing /home/airflow/.local/lib/python3.12/site-packages/airflow/example_dags/example_trigger_target_dag.py took 0.075 seconds
[2024-08-30T02:48:33.006+0000] {processor.py:186} INFO - Started process (PID=2576) to work on /home/airflow/.local/lib/python3.12/site-packages/airflow/example_dags/example_trigger_target_dag.py
[2024-08-30T02:48:33.007+0000] {processor.py:914} INFO - Processing file /home/airflow/.local/lib/python3.12/site-packages/airflow/example_dags/example_trigger_target_dag.py for tasks to queue
[2024-08-30T02:48:33.009+0000] {logging_mixin.py:190} INFO - [2024-08-30T02:48:33.009+0000] {dagbag.py:587} INFO - Filling up the DagBag from /home/airflow/.local/lib/python3.12/site-packages/airflow/example_dags/example_trigger_target_dag.py
[2024-08-30T02:48:33.015+0000] {processor.py:925} INFO - DAG(s) 'example_trigger_target_dag' retrieved from /home/airflow/.local/lib/python3.12/site-packages/airflow/example_dags/example_trigger_target_dag.py
[2024-08-30T02:48:33.035+0000] {logging_mixin.py:190} INFO - [2024-08-30T02:48:33.035+0000] {dag.py:3211} INFO - Sync 1 DAGs
[2024-08-30T02:48:33.049+0000] {logging_mixin.py:190} INFO - [2024-08-30T02:48:33.049+0000] {dag.py:4138} INFO - Setting next_dagrun for example_trigger_target_dag to None, run_after=None
[2024-08-30T02:48:33.072+0000] {processor.py:208} INFO - Processing /home/airflow/.local/lib/python3.12/site-packages/airflow/example_dags/example_trigger_target_dag.py took 0.071 seconds
[2024-08-30T02:49:03.906+0000] {processor.py:186} INFO - Started process (PID=2862) to work on /home/airflow/.local/lib/python3.12/site-packages/airflow/example_dags/example_trigger_target_dag.py
[2024-08-30T02:49:03.907+0000] {processor.py:914} INFO - Processing file /home/airflow/.local/lib/python3.12/site-packages/airflow/example_dags/example_trigger_target_dag.py for tasks to queue
[2024-08-30T02:49:03.909+0000] {logging_mixin.py:190} INFO - [2024-08-30T02:49:03.909+0000] {dagbag.py:587} INFO - Filling up the DagBag from /home/airflow/.local/lib/python3.12/site-packages/airflow/example_dags/example_trigger_target_dag.py
[2024-08-30T02:49:03.916+0000] {processor.py:925} INFO - DAG(s) 'example_trigger_target_dag' retrieved from /home/airflow/.local/lib/python3.12/site-packages/airflow/example_dags/example_trigger_target_dag.py
[2024-08-30T02:49:03.936+0000] {logging_mixin.py:190} INFO - [2024-08-30T02:49:03.936+0000] {dag.py:3211} INFO - Sync 1 DAGs
[2024-08-30T02:49:03.949+0000] {logging_mixin.py:190} INFO - [2024-08-30T02:49:03.949+0000] {dag.py:4138} INFO - Setting next_dagrun for example_trigger_target_dag to None, run_after=None
[2024-08-30T02:49:03.971+0000] {processor.py:208} INFO - Processing /home/airflow/.local/lib/python3.12/site-packages/airflow/example_dags/example_trigger_target_dag.py took 0.070 seconds
[2024-08-30T02:49:34.913+0000] {processor.py:186} INFO - Started process (PID=3148) to work on /home/airflow/.local/lib/python3.12/site-packages/airflow/example_dags/example_trigger_target_dag.py
[2024-08-30T02:49:34.914+0000] {processor.py:914} INFO - Processing file /home/airflow/.local/lib/python3.12/site-packages/airflow/example_dags/example_trigger_target_dag.py for tasks to queue
[2024-08-30T02:49:34.917+0000] {logging_mixin.py:190} INFO - [2024-08-30T02:49:34.916+0000] {dagbag.py:587} INFO - Filling up the DagBag from /home/airflow/.local/lib/python3.12/site-packages/airflow/example_dags/example_trigger_target_dag.py
[2024-08-30T02:49:34.923+0000] {processor.py:925} INFO - DAG(s) 'example_trigger_target_dag' retrieved from /home/airflow/.local/lib/python3.12/site-packages/airflow/example_dags/example_trigger_target_dag.py
[2024-08-30T02:49:34.943+0000] {logging_mixin.py:190} INFO - [2024-08-30T02:49:34.943+0000] {dag.py:3211} INFO - Sync 1 DAGs
[2024-08-30T02:49:34.957+0000] {logging_mixin.py:190} INFO - [2024-08-30T02:49:34.956+0000] {dag.py:4138} INFO - Setting next_dagrun for example_trigger_target_dag to None, run_after=None
[2024-08-30T02:49:34.987+0000] {processor.py:208} INFO - Processing /home/airflow/.local/lib/python3.12/site-packages/airflow/example_dags/example_trigger_target_dag.py took 0.079 seconds
[2024-08-30T02:50:05.472+0000] {processor.py:186} INFO - Started process (PID=3434) to work on /home/airflow/.local/lib/python3.12/site-packages/airflow/example_dags/example_trigger_target_dag.py
[2024-08-30T02:50:05.473+0000] {processor.py:914} INFO - Processing file /home/airflow/.local/lib/python3.12/site-packages/airflow/example_dags/example_trigger_target_dag.py for tasks to queue
[2024-08-30T02:50:05.475+0000] {logging_mixin.py:190} INFO - [2024-08-30T02:50:05.475+0000] {dagbag.py:587} INFO - Filling up the DagBag from /home/airflow/.local/lib/python3.12/site-packages/airflow/example_dags/example_trigger_target_dag.py
[2024-08-30T02:50:05.481+0000] {processor.py:925} INFO - DAG(s) 'example_trigger_target_dag' retrieved from /home/airflow/.local/lib/python3.12/site-packages/airflow/example_dags/example_trigger_target_dag.py
[2024-08-30T02:50:05.502+0000] {logging_mixin.py:190} INFO - [2024-08-30T02:50:05.502+0000] {dag.py:3211} INFO - Sync 1 DAGs
[2024-08-30T02:50:05.517+0000] {logging_mixin.py:190} INFO - [2024-08-30T02:50:05.516+0000] {dag.py:4138} INFO - Setting next_dagrun for example_trigger_target_dag to None, run_after=None
[2024-08-30T02:50:05.538+0000] {processor.py:208} INFO - Processing /home/airflow/.local/lib/python3.12/site-packages/airflow/example_dags/example_trigger_target_dag.py took 0.071 seconds
[2024-08-30T02:50:36.211+0000] {processor.py:186} INFO - Started process (PID=3720) to work on /home/airflow/.local/lib/python3.12/site-packages/airflow/example_dags/example_trigger_target_dag.py
[2024-08-30T02:50:36.212+0000] {processor.py:914} INFO - Processing file /home/airflow/.local/lib/python3.12/site-packages/airflow/example_dags/example_trigger_target_dag.py for tasks to queue
[2024-08-30T02:50:36.214+0000] {logging_mixin.py:190} INFO - [2024-08-30T02:50:36.214+0000] {dagbag.py:587} INFO - Filling up the DagBag from /home/airflow/.local/lib/python3.12/site-packages/airflow/example_dags/example_trigger_target_dag.py
[2024-08-30T02:50:36.222+0000] {processor.py:925} INFO - DAG(s) 'example_trigger_target_dag' retrieved from /home/airflow/.local/lib/python3.12/site-packages/airflow/example_dags/example_trigger_target_dag.py
[2024-08-30T02:50:36.241+0000] {logging_mixin.py:190} INFO - [2024-08-30T02:50:36.241+0000] {dag.py:3211} INFO - Sync 1 DAGs
[2024-08-30T02:50:36.256+0000] {logging_mixin.py:190} INFO - [2024-08-30T02:50:36.256+0000] {dag.py:4138} INFO - Setting next_dagrun for example_trigger_target_dag to None, run_after=None
[2024-08-30T02:50:36.278+0000] {processor.py:208} INFO - Processing /home/airflow/.local/lib/python3.12/site-packages/airflow/example_dags/example_trigger_target_dag.py took 0.072 seconds
[2024-08-30T02:51:06.841+0000] {processor.py:186} INFO - Started process (PID=4006) to work on /home/airflow/.local/lib/python3.12/site-packages/airflow/example_dags/example_trigger_target_dag.py
[2024-08-30T02:51:06.842+0000] {processor.py:914} INFO - Processing file /home/airflow/.local/lib/python3.12/site-packages/airflow/example_dags/example_trigger_target_dag.py for tasks to queue
[2024-08-30T02:51:06.844+0000] {logging_mixin.py:190} INFO - [2024-08-30T02:51:06.844+0000] {dagbag.py:587} INFO - Filling up the DagBag from /home/airflow/.local/lib/python3.12/site-packages/airflow/example_dags/example_trigger_target_dag.py
[2024-08-30T02:51:06.851+0000] {processor.py:925} INFO - DAG(s) 'example_trigger_target_dag' retrieved from /home/airflow/.local/lib/python3.12/site-packages/airflow/example_dags/example_trigger_target_dag.py
[2024-08-30T02:51:06.872+0000] {logging_mixin.py:190} INFO - [2024-08-30T02:51:06.872+0000] {dag.py:3211} INFO - Sync 1 DAGs
[2024-08-30T02:51:06.887+0000] {logging_mixin.py:190} INFO - [2024-08-30T02:51:06.887+0000] {dag.py:4138} INFO - Setting next_dagrun for example_trigger_target_dag to None, run_after=None
[2024-08-30T02:51:06.919+0000] {processor.py:208} INFO - Processing /home/airflow/.local/lib/python3.12/site-packages/airflow/example_dags/example_trigger_target_dag.py took 0.083 seconds
[2024-08-30T02:51:37.539+0000] {processor.py:186} INFO - Started process (PID=4292) to work on /home/airflow/.local/lib/python3.12/site-packages/airflow/example_dags/example_trigger_target_dag.py
[2024-08-30T02:51:37.540+0000] {processor.py:914} INFO - Processing file /home/airflow/.local/lib/python3.12/site-packages/airflow/example_dags/example_trigger_target_dag.py for tasks to queue
[2024-08-30T02:51:37.542+0000] {logging_mixin.py:190} INFO - [2024-08-30T02:51:37.542+0000] {dagbag.py:587} INFO - Filling up the DagBag from /home/airflow/.local/lib/python3.12/site-packages/airflow/example_dags/example_trigger_target_dag.py
[2024-08-30T02:51:37.548+0000] {processor.py:925} INFO - DAG(s) 'example_trigger_target_dag' retrieved from /home/airflow/.local/lib/python3.12/site-packages/airflow/example_dags/example_trigger_target_dag.py
[2024-08-30T02:51:37.570+0000] {logging_mixin.py:190} INFO - [2024-08-30T02:51:37.570+0000] {dag.py:3211} INFO - Sync 1 DAGs
[2024-08-30T02:51:37.586+0000] {logging_mixin.py:190} INFO - [2024-08-30T02:51:37.585+0000] {dag.py:4138} INFO - Setting next_dagrun for example_trigger_target_dag to None, run_after=None
[2024-08-30T02:51:37.617+0000] {processor.py:208} INFO - Processing /home/airflow/.local/lib/python3.12/site-packages/airflow/example_dags/example_trigger_target_dag.py took 0.083 seconds
[2024-08-30T02:52:08.285+0000] {processor.py:186} INFO - Started process (PID=4578) to work on /home/airflow/.local/lib/python3.12/site-packages/airflow/example_dags/example_trigger_target_dag.py
[2024-08-30T02:52:08.286+0000] {processor.py:914} INFO - Processing file /home/airflow/.local/lib/python3.12/site-packages/airflow/example_dags/example_trigger_target_dag.py for tasks to queue
[2024-08-30T02:52:08.289+0000] {logging_mixin.py:190} INFO - [2024-08-30T02:52:08.288+0000] {dagbag.py:587} INFO - Filling up the DagBag from /home/airflow/.local/lib/python3.12/site-packages/airflow/example_dags/example_trigger_target_dag.py
[2024-08-30T02:52:08.296+0000] {processor.py:925} INFO - DAG(s) 'example_trigger_target_dag' retrieved from /home/airflow/.local/lib/python3.12/site-packages/airflow/example_dags/example_trigger_target_dag.py
[2024-08-30T02:52:08.315+0000] {logging_mixin.py:190} INFO - [2024-08-30T02:52:08.315+0000] {dag.py:3211} INFO - Sync 1 DAGs
[2024-08-30T02:52:08.330+0000] {logging_mixin.py:190} INFO - [2024-08-30T02:52:08.329+0000] {dag.py:4138} INFO - Setting next_dagrun for example_trigger_target_dag to None, run_after=None
[2024-08-30T02:52:08.354+0000] {processor.py:208} INFO - Processing /home/airflow/.local/lib/python3.12/site-packages/airflow/example_dags/example_trigger_target_dag.py took 0.075 seconds
[2024-08-30T02:52:39.076+0000] {processor.py:186} INFO - Started process (PID=4864) to work on /home/airflow/.local/lib/python3.12/site-packages/airflow/example_dags/example_trigger_target_dag.py
[2024-08-30T02:52:39.077+0000] {processor.py:914} INFO - Processing file /home/airflow/.local/lib/python3.12/site-packages/airflow/example_dags/example_trigger_target_dag.py for tasks to queue
[2024-08-30T02:52:39.079+0000] {logging_mixin.py:190} INFO - [2024-08-30T02:52:39.079+0000] {dagbag.py:587} INFO - Filling up the DagBag from /home/airflow/.local/lib/python3.12/site-packages/airflow/example_dags/example_trigger_target_dag.py
[2024-08-30T02:52:39.086+0000] {processor.py:925} INFO - DAG(s) 'example_trigger_target_dag' retrieved from /home/airflow/.local/lib/python3.12/site-packages/airflow/example_dags/example_trigger_target_dag.py
[2024-08-30T02:52:39.105+0000] {logging_mixin.py:190} INFO - [2024-08-30T02:52:39.105+0000] {dag.py:3211} INFO - Sync 1 DAGs
[2024-08-30T02:52:39.120+0000] {logging_mixin.py:190} INFO - [2024-08-30T02:52:39.119+0000] {dag.py:4138} INFO - Setting next_dagrun for example_trigger_target_dag to None, run_after=None
[2024-08-30T02:52:39.150+0000] {processor.py:208} INFO - Processing /home/airflow/.local/lib/python3.12/site-packages/airflow/example_dags/example_trigger_target_dag.py took 0.079 seconds
[2024-08-30T02:53:09.800+0000] {processor.py:186} INFO - Started process (PID=5150) to work on /home/airflow/.local/lib/python3.12/site-packages/airflow/example_dags/example_trigger_target_dag.py
[2024-08-30T02:53:09.801+0000] {processor.py:914} INFO - Processing file /home/airflow/.local/lib/python3.12/site-packages/airflow/example_dags/example_trigger_target_dag.py for tasks to queue
[2024-08-30T02:53:09.803+0000] {logging_mixin.py:190} INFO - [2024-08-30T02:53:09.803+0000] {dagbag.py:587} INFO - Filling up the DagBag from /home/airflow/.local/lib/python3.12/site-packages/airflow/example_dags/example_trigger_target_dag.py
[2024-08-30T02:53:09.810+0000] {processor.py:925} INFO - DAG(s) 'example_trigger_target_dag' retrieved from /home/airflow/.local/lib/python3.12/site-packages/airflow/example_dags/example_trigger_target_dag.py
[2024-08-30T02:53:09.830+0000] {logging_mixin.py:190} INFO - [2024-08-30T02:53:09.830+0000] {dag.py:3211} INFO - Sync 1 DAGs
[2024-08-30T02:53:09.844+0000] {logging_mixin.py:190} INFO - [2024-08-30T02:53:09.844+0000] {dag.py:4138} INFO - Setting next_dagrun for example_trigger_target_dag to None, run_after=None
[2024-08-30T02:53:09.867+0000] {processor.py:208} INFO - Processing /home/airflow/.local/lib/python3.12/site-packages/airflow/example_dags/example_trigger_target_dag.py took 0.072 seconds
[2024-08-30T02:53:40.693+0000] {processor.py:186} INFO - Started process (PID=5436) to work on /home/airflow/.local/lib/python3.12/site-packages/airflow/example_dags/example_trigger_target_dag.py
[2024-08-30T02:53:40.694+0000] {processor.py:914} INFO - Processing file /home/airflow/.local/lib/python3.12/site-packages/airflow/example_dags/example_trigger_target_dag.py for tasks to queue
[2024-08-30T02:53:40.696+0000] {logging_mixin.py:190} INFO - [2024-08-30T02:53:40.696+0000] {dagbag.py:587} INFO - Filling up the DagBag from /home/airflow/.local/lib/python3.12/site-packages/airflow/example_dags/example_trigger_target_dag.py
[2024-08-30T02:53:40.703+0000] {processor.py:925} INFO - DAG(s) 'example_trigger_target_dag' retrieved from /home/airflow/.local/lib/python3.12/site-packages/airflow/example_dags/example_trigger_target_dag.py
[2024-08-30T02:53:40.722+0000] {logging_mixin.py:190} INFO - [2024-08-30T02:53:40.722+0000] {dag.py:3211} INFO - Sync 1 DAGs
[2024-08-30T02:53:40.735+0000] {logging_mixin.py:190} INFO - [2024-08-30T02:53:40.734+0000] {dag.py:4138} INFO - Setting next_dagrun for example_trigger_target_dag to None, run_after=None
[2024-08-30T02:53:40.755+0000] {processor.py:208} INFO - Processing /home/airflow/.local/lib/python3.12/site-packages/airflow/example_dags/example_trigger_target_dag.py took 0.066 seconds
[2024-08-30T02:54:11.564+0000] {processor.py:186} INFO - Started process (PID=5722) to work on /home/airflow/.local/lib/python3.12/site-packages/airflow/example_dags/example_trigger_target_dag.py
[2024-08-30T02:54:11.565+0000] {processor.py:914} INFO - Processing file /home/airflow/.local/lib/python3.12/site-packages/airflow/example_dags/example_trigger_target_dag.py for tasks to queue
[2024-08-30T02:54:11.568+0000] {logging_mixin.py:190} INFO - [2024-08-30T02:54:11.568+0000] {dagbag.py:587} INFO - Filling up the DagBag from /home/airflow/.local/lib/python3.12/site-packages/airflow/example_dags/example_trigger_target_dag.py
[2024-08-30T02:54:11.577+0000] {processor.py:925} INFO - DAG(s) 'example_trigger_target_dag' retrieved from /home/airflow/.local/lib/python3.12/site-packages/airflow/example_dags/example_trigger_target_dag.py
[2024-08-30T02:54:11.601+0000] {logging_mixin.py:190} INFO - [2024-08-30T02:54:11.600+0000] {dag.py:3211} INFO - Sync 1 DAGs
[2024-08-30T02:54:11.619+0000] {logging_mixin.py:190} INFO - [2024-08-30T02:54:11.618+0000] {dag.py:4138} INFO - Setting next_dagrun for example_trigger_target_dag to None, run_after=None
[2024-08-30T02:54:11.645+0000] {processor.py:208} INFO - Processing /home/airflow/.local/lib/python3.12/site-packages/airflow/example_dags/example_trigger_target_dag.py took 0.088 seconds
[2024-08-30T02:54:41.730+0000] {processor.py:186} INFO - Started process (PID=6008) to work on /home/airflow/.local/lib/python3.12/site-packages/airflow/example_dags/example_trigger_target_dag.py
[2024-08-30T02:54:41.732+0000] {processor.py:914} INFO - Processing file /home/airflow/.local/lib/python3.12/site-packages/airflow/example_dags/example_trigger_target_dag.py for tasks to queue
[2024-08-30T02:54:41.734+0000] {logging_mixin.py:190} INFO - [2024-08-30T02:54:41.734+0000] {dagbag.py:587} INFO - Filling up the DagBag from /home/airflow/.local/lib/python3.12/site-packages/airflow/example_dags/example_trigger_target_dag.py
[2024-08-30T02:54:41.741+0000] {processor.py:925} INFO - DAG(s) 'example_trigger_target_dag' retrieved from /home/airflow/.local/lib/python3.12/site-packages/airflow/example_dags/example_trigger_target_dag.py
[2024-08-30T02:54:41.762+0000] {logging_mixin.py:190} INFO - [2024-08-30T02:54:41.761+0000] {dag.py:3211} INFO - Sync 1 DAGs
[2024-08-30T02:54:41.776+0000] {logging_mixin.py:190} INFO - [2024-08-30T02:54:41.776+0000] {dag.py:4138} INFO - Setting next_dagrun for example_trigger_target_dag to None, run_after=None
[2024-08-30T02:54:41.801+0000] {processor.py:208} INFO - Processing /home/airflow/.local/lib/python3.12/site-packages/airflow/example_dags/example_trigger_target_dag.py took 0.076 seconds
[2024-08-30T02:55:12.777+0000] {processor.py:186} INFO - Started process (PID=6294) to work on /home/airflow/.local/lib/python3.12/site-packages/airflow/example_dags/example_trigger_target_dag.py
[2024-08-30T02:55:12.778+0000] {processor.py:914} INFO - Processing file /home/airflow/.local/lib/python3.12/site-packages/airflow/example_dags/example_trigger_target_dag.py for tasks to queue
[2024-08-30T02:55:12.780+0000] {logging_mixin.py:190} INFO - [2024-08-30T02:55:12.780+0000] {dagbag.py:587} INFO - Filling up the DagBag from /home/airflow/.local/lib/python3.12/site-packages/airflow/example_dags/example_trigger_target_dag.py
[2024-08-30T02:55:12.788+0000] {processor.py:925} INFO - DAG(s) 'example_trigger_target_dag' retrieved from /home/airflow/.local/lib/python3.12/site-packages/airflow/example_dags/example_trigger_target_dag.py
[2024-08-30T02:55:12.806+0000] {logging_mixin.py:190} INFO - [2024-08-30T02:55:12.806+0000] {dag.py:3211} INFO - Sync 1 DAGs
[2024-08-30T02:55:12.820+0000] {logging_mixin.py:190} INFO - [2024-08-30T02:55:12.820+0000] {dag.py:4138} INFO - Setting next_dagrun for example_trigger_target_dag to None, run_after=None
[2024-08-30T02:55:12.851+0000] {processor.py:208} INFO - Processing /home/airflow/.local/lib/python3.12/site-packages/airflow/example_dags/example_trigger_target_dag.py took 0.080 seconds
[2024-08-30T02:55:42.914+0000] {processor.py:186} INFO - Started process (PID=6580) to work on /home/airflow/.local/lib/python3.12/site-packages/airflow/example_dags/example_trigger_target_dag.py
[2024-08-30T02:55:42.915+0000] {processor.py:914} INFO - Processing file /home/airflow/.local/lib/python3.12/site-packages/airflow/example_dags/example_trigger_target_dag.py for tasks to queue
[2024-08-30T02:55:42.917+0000] {logging_mixin.py:190} INFO - [2024-08-30T02:55:42.917+0000] {dagbag.py:587} INFO - Filling up the DagBag from /home/airflow/.local/lib/python3.12/site-packages/airflow/example_dags/example_trigger_target_dag.py
[2024-08-30T02:55:42.924+0000] {processor.py:925} INFO - DAG(s) 'example_trigger_target_dag' retrieved from /home/airflow/.local/lib/python3.12/site-packages/airflow/example_dags/example_trigger_target_dag.py
[2024-08-30T02:55:42.944+0000] {logging_mixin.py:190} INFO - [2024-08-30T02:55:42.944+0000] {dag.py:3211} INFO - Sync 1 DAGs
[2024-08-30T02:55:42.958+0000] {logging_mixin.py:190} INFO - [2024-08-30T02:55:42.958+0000] {dag.py:4138} INFO - Setting next_dagrun for example_trigger_target_dag to None, run_after=None
[2024-08-30T02:55:42.978+0000] {processor.py:208} INFO - Processing /home/airflow/.local/lib/python3.12/site-packages/airflow/example_dags/example_trigger_target_dag.py took 0.070 seconds
[2024-08-30T02:56:13.062+0000] {processor.py:186} INFO - Started process (PID=6866) to work on /home/airflow/.local/lib/python3.12/site-packages/airflow/example_dags/example_trigger_target_dag.py
[2024-08-30T02:56:13.063+0000] {processor.py:914} INFO - Processing file /home/airflow/.local/lib/python3.12/site-packages/airflow/example_dags/example_trigger_target_dag.py for tasks to queue
[2024-08-30T02:56:13.066+0000] {logging_mixin.py:190} INFO - [2024-08-30T02:56:13.066+0000] {dagbag.py:587} INFO - Filling up the DagBag from /home/airflow/.local/lib/python3.12/site-packages/airflow/example_dags/example_trigger_target_dag.py
[2024-08-30T02:56:13.073+0000] {processor.py:925} INFO - DAG(s) 'example_trigger_target_dag' retrieved from /home/airflow/.local/lib/python3.12/site-packages/airflow/example_dags/example_trigger_target_dag.py
[2024-08-30T02:56:13.094+0000] {logging_mixin.py:190} INFO - [2024-08-30T02:56:13.093+0000] {dag.py:3211} INFO - Sync 1 DAGs
[2024-08-30T02:56:13.108+0000] {logging_mixin.py:190} INFO - [2024-08-30T02:56:13.108+0000] {dag.py:4138} INFO - Setting next_dagrun for example_trigger_target_dag to None, run_after=None
[2024-08-30T02:56:13.129+0000] {processor.py:208} INFO - Processing /home/airflow/.local/lib/python3.12/site-packages/airflow/example_dags/example_trigger_target_dag.py took 0.072 seconds
[2024-08-30T02:56:43.575+0000] {processor.py:186} INFO - Started process (PID=7150) to work on /home/airflow/.local/lib/python3.12/site-packages/airflow/example_dags/example_trigger_target_dag.py
[2024-08-30T02:56:43.576+0000] {processor.py:914} INFO - Processing file /home/airflow/.local/lib/python3.12/site-packages/airflow/example_dags/example_trigger_target_dag.py for tasks to queue
[2024-08-30T02:56:43.578+0000] {logging_mixin.py:190} INFO - [2024-08-30T02:56:43.578+0000] {dagbag.py:587} INFO - Filling up the DagBag from /home/airflow/.local/lib/python3.12/site-packages/airflow/example_dags/example_trigger_target_dag.py
[2024-08-30T02:56:43.586+0000] {processor.py:925} INFO - DAG(s) 'example_trigger_target_dag' retrieved from /home/airflow/.local/lib/python3.12/site-packages/airflow/example_dags/example_trigger_target_dag.py
[2024-08-30T02:56:43.607+0000] {logging_mixin.py:190} INFO - [2024-08-30T02:56:43.607+0000] {dag.py:3211} INFO - Sync 1 DAGs
[2024-08-30T02:56:43.622+0000] {logging_mixin.py:190} INFO - [2024-08-30T02:56:43.622+0000] {dag.py:4138} INFO - Setting next_dagrun for example_trigger_target_dag to None, run_after=None
[2024-08-30T02:56:43.642+0000] {processor.py:208} INFO - Processing /home/airflow/.local/lib/python3.12/site-packages/airflow/example_dags/example_trigger_target_dag.py took 0.072 seconds
[2024-08-30T02:57:13.900+0000] {processor.py:186} INFO - Started process (PID=7438) to work on /home/airflow/.local/lib/python3.12/site-packages/airflow/example_dags/example_trigger_target_dag.py
[2024-08-30T02:57:13.901+0000] {processor.py:914} INFO - Processing file /home/airflow/.local/lib/python3.12/site-packages/airflow/example_dags/example_trigger_target_dag.py for tasks to queue
[2024-08-30T02:57:13.903+0000] {logging_mixin.py:190} INFO - [2024-08-30T02:57:13.902+0000] {dagbag.py:587} INFO - Filling up the DagBag from /home/airflow/.local/lib/python3.12/site-packages/airflow/example_dags/example_trigger_target_dag.py
[2024-08-30T02:57:13.908+0000] {processor.py:925} INFO - DAG(s) 'example_trigger_target_dag' retrieved from /home/airflow/.local/lib/python3.12/site-packages/airflow/example_dags/example_trigger_target_dag.py
[2024-08-30T02:57:13.926+0000] {logging_mixin.py:190} INFO - [2024-08-30T02:57:13.926+0000] {dag.py:3211} INFO - Sync 1 DAGs
[2024-08-30T02:57:13.939+0000] {logging_mixin.py:190} INFO - [2024-08-30T02:57:13.939+0000] {dag.py:4138} INFO - Setting next_dagrun for example_trigger_target_dag to None, run_after=None
[2024-08-30T02:57:13.956+0000] {processor.py:208} INFO - Processing /home/airflow/.local/lib/python3.12/site-packages/airflow/example_dags/example_trigger_target_dag.py took 0.061 seconds
