[2024-08-30T02:44:28.414+0000] {processor.py:186} INFO - Started process (PID=348) to work on /home/airflow/.local/lib/python3.12/site-packages/airflow/example_dags/example_task_group.py
[2024-08-30T02:44:28.415+0000] {processor.py:914} INFO - Processing file /home/airflow/.local/lib/python3.12/site-packages/airflow/example_dags/example_task_group.py for tasks to queue
[2024-08-30T02:44:28.417+0000] {logging_mixin.py:190} INFO - [2024-08-30T02:44:28.417+0000] {dagbag.py:587} INFO - Filling up the DagBag from /home/airflow/.local/lib/python3.12/site-packages/airflow/example_dags/example_task_group.py
[2024-08-30T02:44:28.425+0000] {processor.py:925} INFO - DAG(s) 'example_task_group' retrieved from /home/airflow/.local/lib/python3.12/site-packages/airflow/example_dags/example_task_group.py
[2024-08-30T02:44:28.449+0000] {logging_mixin.py:190} INFO - [2024-08-30T02:44:28.448+0000] {dag.py:3211} INFO - Sync 1 DAGs
[2024-08-30T02:44:28.471+0000] {logging_mixin.py:190} INFO - [2024-08-30T02:44:28.471+0000] {dag.py:4138} INFO - Setting next_dagrun for example_task_group to 2024-08-29 00:00:00+00:00, run_after=2024-08-30 00:00:00+00:00
[2024-08-30T02:44:28.491+0000] {processor.py:208} INFO - Processing /home/airflow/.local/lib/python3.12/site-packages/airflow/example_dags/example_task_group.py took 0.084 seconds
[2024-08-30T02:44:58.541+0000] {processor.py:186} INFO - Started process (PID=632) to work on /home/airflow/.local/lib/python3.12/site-packages/airflow/example_dags/example_task_group.py
[2024-08-30T02:44:58.541+0000] {processor.py:914} INFO - Processing file /home/airflow/.local/lib/python3.12/site-packages/airflow/example_dags/example_task_group.py for tasks to queue
[2024-08-30T02:44:58.543+0000] {logging_mixin.py:190} INFO - [2024-08-30T02:44:58.543+0000] {dagbag.py:587} INFO - Filling up the DagBag from /home/airflow/.local/lib/python3.12/site-packages/airflow/example_dags/example_task_group.py
[2024-08-30T02:44:58.551+0000] {processor.py:925} INFO - DAG(s) 'example_task_group' retrieved from /home/airflow/.local/lib/python3.12/site-packages/airflow/example_dags/example_task_group.py
[2024-08-30T02:44:58.571+0000] {logging_mixin.py:190} INFO - [2024-08-30T02:44:58.571+0000] {dag.py:3211} INFO - Sync 1 DAGs
[2024-08-30T02:44:58.592+0000] {logging_mixin.py:190} INFO - [2024-08-30T02:44:58.592+0000] {dag.py:4138} INFO - Setting next_dagrun for example_task_group to 2024-08-29 00:00:00+00:00, run_after=2024-08-30 00:00:00+00:00
[2024-08-30T02:44:58.613+0000] {processor.py:208} INFO - Processing /home/airflow/.local/lib/python3.12/site-packages/airflow/example_dags/example_task_group.py took 0.077 seconds
[2024-08-30T02:45:29.176+0000] {processor.py:186} INFO - Started process (PID=923) to work on /home/airflow/.local/lib/python3.12/site-packages/airflow/example_dags/example_task_group.py
[2024-08-30T02:45:29.177+0000] {processor.py:914} INFO - Processing file /home/airflow/.local/lib/python3.12/site-packages/airflow/example_dags/example_task_group.py for tasks to queue
[2024-08-30T02:45:29.179+0000] {logging_mixin.py:190} INFO - [2024-08-30T02:45:29.179+0000] {dagbag.py:587} INFO - Filling up the DagBag from /home/airflow/.local/lib/python3.12/site-packages/airflow/example_dags/example_task_group.py
[2024-08-30T02:45:29.187+0000] {processor.py:925} INFO - DAG(s) 'example_task_group' retrieved from /home/airflow/.local/lib/python3.12/site-packages/airflow/example_dags/example_task_group.py
[2024-08-30T02:45:29.207+0000] {logging_mixin.py:190} INFO - [2024-08-30T02:45:29.207+0000] {dag.py:3211} INFO - Sync 1 DAGs
[2024-08-30T02:45:29.227+0000] {logging_mixin.py:190} INFO - [2024-08-30T02:45:29.227+0000] {dag.py:4138} INFO - Setting next_dagrun for example_task_group to 2024-08-29 00:00:00+00:00, run_after=2024-08-30 00:00:00+00:00
[2024-08-30T02:45:29.249+0000] {processor.py:208} INFO - Processing /home/airflow/.local/lib/python3.12/site-packages/airflow/example_dags/example_task_group.py took 0.078 seconds
[2024-08-30T02:45:59.964+0000] {processor.py:186} INFO - Started process (PID=1209) to work on /home/airflow/.local/lib/python3.12/site-packages/airflow/example_dags/example_task_group.py
[2024-08-30T02:45:59.965+0000] {processor.py:914} INFO - Processing file /home/airflow/.local/lib/python3.12/site-packages/airflow/example_dags/example_task_group.py for tasks to queue
[2024-08-30T02:45:59.967+0000] {logging_mixin.py:190} INFO - [2024-08-30T02:45:59.967+0000] {dagbag.py:587} INFO - Filling up the DagBag from /home/airflow/.local/lib/python3.12/site-packages/airflow/example_dags/example_task_group.py
[2024-08-30T02:45:59.973+0000] {processor.py:925} INFO - DAG(s) 'example_task_group' retrieved from /home/airflow/.local/lib/python3.12/site-packages/airflow/example_dags/example_task_group.py
[2024-08-30T02:45:59.992+0000] {logging_mixin.py:190} INFO - [2024-08-30T02:45:59.992+0000] {dag.py:3211} INFO - Sync 1 DAGs
[2024-08-30T02:46:00.012+0000] {logging_mixin.py:190} INFO - [2024-08-30T02:46:00.012+0000] {dag.py:4138} INFO - Setting next_dagrun for example_task_group to 2024-08-29 00:00:00+00:00, run_after=2024-08-30 00:00:00+00:00
[2024-08-30T02:46:00.031+0000] {processor.py:208} INFO - Processing /home/airflow/.local/lib/python3.12/site-packages/airflow/example_dags/example_task_group.py took 0.071 seconds
[2024-08-30T02:46:30.490+0000] {processor.py:186} INFO - Started process (PID=1495) to work on /home/airflow/.local/lib/python3.12/site-packages/airflow/example_dags/example_task_group.py
[2024-08-30T02:46:30.491+0000] {processor.py:914} INFO - Processing file /home/airflow/.local/lib/python3.12/site-packages/airflow/example_dags/example_task_group.py for tasks to queue
[2024-08-30T02:46:30.493+0000] {logging_mixin.py:190} INFO - [2024-08-30T02:46:30.493+0000] {dagbag.py:587} INFO - Filling up the DagBag from /home/airflow/.local/lib/python3.12/site-packages/airflow/example_dags/example_task_group.py
[2024-08-30T02:46:30.500+0000] {processor.py:925} INFO - DAG(s) 'example_task_group' retrieved from /home/airflow/.local/lib/python3.12/site-packages/airflow/example_dags/example_task_group.py
[2024-08-30T02:46:30.518+0000] {logging_mixin.py:190} INFO - [2024-08-30T02:46:30.518+0000] {dag.py:3211} INFO - Sync 1 DAGs
[2024-08-30T02:46:30.539+0000] {logging_mixin.py:190} INFO - [2024-08-30T02:46:30.539+0000] {dag.py:4138} INFO - Setting next_dagrun for example_task_group to 2024-08-29 00:00:00+00:00, run_after=2024-08-30 00:00:00+00:00
[2024-08-30T02:46:30.558+0000] {processor.py:208} INFO - Processing /home/airflow/.local/lib/python3.12/site-packages/airflow/example_dags/example_task_group.py took 0.073 seconds
[2024-08-30T02:47:01.139+0000] {processor.py:186} INFO - Started process (PID=1781) to work on /home/airflow/.local/lib/python3.12/site-packages/airflow/example_dags/example_task_group.py
[2024-08-30T02:47:01.140+0000] {processor.py:914} INFO - Processing file /home/airflow/.local/lib/python3.12/site-packages/airflow/example_dags/example_task_group.py for tasks to queue
[2024-08-30T02:47:01.143+0000] {logging_mixin.py:190} INFO - [2024-08-30T02:47:01.142+0000] {dagbag.py:587} INFO - Filling up the DagBag from /home/airflow/.local/lib/python3.12/site-packages/airflow/example_dags/example_task_group.py
[2024-08-30T02:47:01.151+0000] {processor.py:925} INFO - DAG(s) 'example_task_group' retrieved from /home/airflow/.local/lib/python3.12/site-packages/airflow/example_dags/example_task_group.py
[2024-08-30T02:47:01.171+0000] {logging_mixin.py:190} INFO - [2024-08-30T02:47:01.171+0000] {dag.py:3211} INFO - Sync 1 DAGs
[2024-08-30T02:47:01.190+0000] {logging_mixin.py:190} INFO - [2024-08-30T02:47:01.190+0000] {dag.py:4138} INFO - Setting next_dagrun for example_task_group to 2024-08-29 00:00:00+00:00, run_after=2024-08-30 00:00:00+00:00
[2024-08-30T02:47:01.209+0000] {processor.py:208} INFO - Processing /home/airflow/.local/lib/python3.12/site-packages/airflow/example_dags/example_task_group.py took 0.075 seconds
[2024-08-30T02:47:32.146+0000] {processor.py:186} INFO - Started process (PID=2067) to work on /home/airflow/.local/lib/python3.12/site-packages/airflow/example_dags/example_task_group.py
[2024-08-30T02:47:32.146+0000] {processor.py:914} INFO - Processing file /home/airflow/.local/lib/python3.12/site-packages/airflow/example_dags/example_task_group.py for tasks to queue
[2024-08-30T02:47:32.148+0000] {logging_mixin.py:190} INFO - [2024-08-30T02:47:32.148+0000] {dagbag.py:587} INFO - Filling up the DagBag from /home/airflow/.local/lib/python3.12/site-packages/airflow/example_dags/example_task_group.py
[2024-08-30T02:47:32.155+0000] {processor.py:925} INFO - DAG(s) 'example_task_group' retrieved from /home/airflow/.local/lib/python3.12/site-packages/airflow/example_dags/example_task_group.py
[2024-08-30T02:47:32.174+0000] {logging_mixin.py:190} INFO - [2024-08-30T02:47:32.174+0000] {dag.py:3211} INFO - Sync 1 DAGs
[2024-08-30T02:47:32.196+0000] {logging_mixin.py:190} INFO - [2024-08-30T02:47:32.195+0000] {dag.py:4138} INFO - Setting next_dagrun for example_task_group to 2024-08-29 00:00:00+00:00, run_after=2024-08-30 00:00:00+00:00
[2024-08-30T02:47:32.213+0000] {processor.py:208} INFO - Processing /home/airflow/.local/lib/python3.12/site-packages/airflow/example_dags/example_task_group.py took 0.072 seconds
[2024-08-30T02:48:02.993+0000] {processor.py:186} INFO - Started process (PID=2353) to work on /home/airflow/.local/lib/python3.12/site-packages/airflow/example_dags/example_task_group.py
[2024-08-30T02:48:02.994+0000] {processor.py:914} INFO - Processing file /home/airflow/.local/lib/python3.12/site-packages/airflow/example_dags/example_task_group.py for tasks to queue
[2024-08-30T02:48:02.996+0000] {logging_mixin.py:190} INFO - [2024-08-30T02:48:02.996+0000] {dagbag.py:587} INFO - Filling up the DagBag from /home/airflow/.local/lib/python3.12/site-packages/airflow/example_dags/example_task_group.py
[2024-08-30T02:48:03.003+0000] {processor.py:925} INFO - DAG(s) 'example_task_group' retrieved from /home/airflow/.local/lib/python3.12/site-packages/airflow/example_dags/example_task_group.py
[2024-08-30T02:48:03.021+0000] {logging_mixin.py:190} INFO - [2024-08-30T02:48:03.021+0000] {dag.py:3211} INFO - Sync 1 DAGs
[2024-08-30T02:48:03.039+0000] {logging_mixin.py:190} INFO - [2024-08-30T02:48:03.039+0000] {dag.py:4138} INFO - Setting next_dagrun for example_task_group to 2024-08-29 00:00:00+00:00, run_after=2024-08-30 00:00:00+00:00
[2024-08-30T02:48:03.057+0000] {processor.py:208} INFO - Processing /home/airflow/.local/lib/python3.12/site-packages/airflow/example_dags/example_task_group.py took 0.069 seconds
[2024-08-30T02:48:33.967+0000] {processor.py:186} INFO - Started process (PID=2639) to work on /home/airflow/.local/lib/python3.12/site-packages/airflow/example_dags/example_task_group.py
[2024-08-30T02:48:33.967+0000] {processor.py:914} INFO - Processing file /home/airflow/.local/lib/python3.12/site-packages/airflow/example_dags/example_task_group.py for tasks to queue
[2024-08-30T02:48:33.970+0000] {logging_mixin.py:190} INFO - [2024-08-30T02:48:33.970+0000] {dagbag.py:587} INFO - Filling up the DagBag from /home/airflow/.local/lib/python3.12/site-packages/airflow/example_dags/example_task_group.py
[2024-08-30T02:48:33.977+0000] {processor.py:925} INFO - DAG(s) 'example_task_group' retrieved from /home/airflow/.local/lib/python3.12/site-packages/airflow/example_dags/example_task_group.py
[2024-08-30T02:48:33.998+0000] {logging_mixin.py:190} INFO - [2024-08-30T02:48:33.997+0000] {dag.py:3211} INFO - Sync 1 DAGs
[2024-08-30T02:48:34.019+0000] {logging_mixin.py:190} INFO - [2024-08-30T02:48:34.019+0000] {dag.py:4138} INFO - Setting next_dagrun for example_task_group to 2024-08-29 00:00:00+00:00, run_after=2024-08-30 00:00:00+00:00
[2024-08-30T02:48:34.039+0000] {processor.py:208} INFO - Processing /home/airflow/.local/lib/python3.12/site-packages/airflow/example_dags/example_task_group.py took 0.078 seconds
[2024-08-30T02:49:04.729+0000] {processor.py:186} INFO - Started process (PID=2925) to work on /home/airflow/.local/lib/python3.12/site-packages/airflow/example_dags/example_task_group.py
[2024-08-30T02:49:04.731+0000] {processor.py:914} INFO - Processing file /home/airflow/.local/lib/python3.12/site-packages/airflow/example_dags/example_task_group.py for tasks to queue
[2024-08-30T02:49:04.733+0000] {logging_mixin.py:190} INFO - [2024-08-30T02:49:04.733+0000] {dagbag.py:587} INFO - Filling up the DagBag from /home/airflow/.local/lib/python3.12/site-packages/airflow/example_dags/example_task_group.py
[2024-08-30T02:49:04.742+0000] {processor.py:925} INFO - DAG(s) 'example_task_group' retrieved from /home/airflow/.local/lib/python3.12/site-packages/airflow/example_dags/example_task_group.py
[2024-08-30T02:49:04.763+0000] {logging_mixin.py:190} INFO - [2024-08-30T02:49:04.762+0000] {dag.py:3211} INFO - Sync 1 DAGs
[2024-08-30T02:49:04.787+0000] {logging_mixin.py:190} INFO - [2024-08-30T02:49:04.786+0000] {dag.py:4138} INFO - Setting next_dagrun for example_task_group to 2024-08-29 00:00:00+00:00, run_after=2024-08-30 00:00:00+00:00
[2024-08-30T02:49:04.808+0000] {processor.py:208} INFO - Processing /home/airflow/.local/lib/python3.12/site-packages/airflow/example_dags/example_task_group.py took 0.084 seconds
[2024-08-30T02:49:35.694+0000] {processor.py:186} INFO - Started process (PID=3211) to work on /home/airflow/.local/lib/python3.12/site-packages/airflow/example_dags/example_task_group.py
[2024-08-30T02:49:35.695+0000] {processor.py:914} INFO - Processing file /home/airflow/.local/lib/python3.12/site-packages/airflow/example_dags/example_task_group.py for tasks to queue
[2024-08-30T02:49:35.697+0000] {logging_mixin.py:190} INFO - [2024-08-30T02:49:35.697+0000] {dagbag.py:587} INFO - Filling up the DagBag from /home/airflow/.local/lib/python3.12/site-packages/airflow/example_dags/example_task_group.py
[2024-08-30T02:49:35.704+0000] {processor.py:925} INFO - DAG(s) 'example_task_group' retrieved from /home/airflow/.local/lib/python3.12/site-packages/airflow/example_dags/example_task_group.py
[2024-08-30T02:49:35.723+0000] {logging_mixin.py:190} INFO - [2024-08-30T02:49:35.722+0000] {dag.py:3211} INFO - Sync 1 DAGs
[2024-08-30T02:49:35.742+0000] {logging_mixin.py:190} INFO - [2024-08-30T02:49:35.742+0000] {dag.py:4138} INFO - Setting next_dagrun for example_task_group to 2024-08-29 00:00:00+00:00, run_after=2024-08-30 00:00:00+00:00
[2024-08-30T02:49:35.760+0000] {processor.py:208} INFO - Processing /home/airflow/.local/lib/python3.12/site-packages/airflow/example_dags/example_task_group.py took 0.071 seconds
[2024-08-30T02:50:06.367+0000] {processor.py:186} INFO - Started process (PID=3497) to work on /home/airflow/.local/lib/python3.12/site-packages/airflow/example_dags/example_task_group.py
[2024-08-30T02:50:06.368+0000] {processor.py:914} INFO - Processing file /home/airflow/.local/lib/python3.12/site-packages/airflow/example_dags/example_task_group.py for tasks to queue
[2024-08-30T02:50:06.370+0000] {logging_mixin.py:190} INFO - [2024-08-30T02:50:06.370+0000] {dagbag.py:587} INFO - Filling up the DagBag from /home/airflow/.local/lib/python3.12/site-packages/airflow/example_dags/example_task_group.py
[2024-08-30T02:50:06.378+0000] {processor.py:925} INFO - DAG(s) 'example_task_group' retrieved from /home/airflow/.local/lib/python3.12/site-packages/airflow/example_dags/example_task_group.py
[2024-08-30T02:50:06.401+0000] {logging_mixin.py:190} INFO - [2024-08-30T02:50:06.400+0000] {dag.py:3211} INFO - Sync 1 DAGs
[2024-08-30T02:50:06.424+0000] {logging_mixin.py:190} INFO - [2024-08-30T02:50:06.423+0000] {dag.py:4138} INFO - Setting next_dagrun for example_task_group to 2024-08-29 00:00:00+00:00, run_after=2024-08-30 00:00:00+00:00
[2024-08-30T02:50:06.444+0000] {processor.py:208} INFO - Processing /home/airflow/.local/lib/python3.12/site-packages/airflow/example_dags/example_task_group.py took 0.083 seconds
[2024-08-30T02:50:37.040+0000] {processor.py:186} INFO - Started process (PID=3783) to work on /home/airflow/.local/lib/python3.12/site-packages/airflow/example_dags/example_task_group.py
[2024-08-30T02:50:37.041+0000] {processor.py:914} INFO - Processing file /home/airflow/.local/lib/python3.12/site-packages/airflow/example_dags/example_task_group.py for tasks to queue
[2024-08-30T02:50:37.043+0000] {logging_mixin.py:190} INFO - [2024-08-30T02:50:37.043+0000] {dagbag.py:587} INFO - Filling up the DagBag from /home/airflow/.local/lib/python3.12/site-packages/airflow/example_dags/example_task_group.py
[2024-08-30T02:50:37.051+0000] {processor.py:925} INFO - DAG(s) 'example_task_group' retrieved from /home/airflow/.local/lib/python3.12/site-packages/airflow/example_dags/example_task_group.py
[2024-08-30T02:50:37.075+0000] {logging_mixin.py:190} INFO - [2024-08-30T02:50:37.074+0000] {dag.py:3211} INFO - Sync 1 DAGs
[2024-08-30T02:50:37.098+0000] {logging_mixin.py:190} INFO - [2024-08-30T02:50:37.097+0000] {dag.py:4138} INFO - Setting next_dagrun for example_task_group to 2024-08-29 00:00:00+00:00, run_after=2024-08-30 00:00:00+00:00
[2024-08-30T02:50:37.118+0000] {processor.py:208} INFO - Processing /home/airflow/.local/lib/python3.12/site-packages/airflow/example_dags/example_task_group.py took 0.083 seconds
[2024-08-30T02:51:07.657+0000] {processor.py:186} INFO - Started process (PID=4069) to work on /home/airflow/.local/lib/python3.12/site-packages/airflow/example_dags/example_task_group.py
[2024-08-30T02:51:07.658+0000] {processor.py:914} INFO - Processing file /home/airflow/.local/lib/python3.12/site-packages/airflow/example_dags/example_task_group.py for tasks to queue
[2024-08-30T02:51:07.661+0000] {logging_mixin.py:190} INFO - [2024-08-30T02:51:07.660+0000] {dagbag.py:587} INFO - Filling up the DagBag from /home/airflow/.local/lib/python3.12/site-packages/airflow/example_dags/example_task_group.py
[2024-08-30T02:51:07.668+0000] {processor.py:925} INFO - DAG(s) 'example_task_group' retrieved from /home/airflow/.local/lib/python3.12/site-packages/airflow/example_dags/example_task_group.py
[2024-08-30T02:51:07.688+0000] {logging_mixin.py:190} INFO - [2024-08-30T02:51:07.688+0000] {dag.py:3211} INFO - Sync 1 DAGs
[2024-08-30T02:51:07.710+0000] {logging_mixin.py:190} INFO - [2024-08-30T02:51:07.710+0000] {dag.py:4138} INFO - Setting next_dagrun for example_task_group to 2024-08-29 00:00:00+00:00, run_after=2024-08-30 00:00:00+00:00
[2024-08-30T02:51:07.730+0000] {processor.py:208} INFO - Processing /home/airflow/.local/lib/python3.12/site-packages/airflow/example_dags/example_task_group.py took 0.077 seconds
[2024-08-30T02:51:38.355+0000] {processor.py:186} INFO - Started process (PID=4355) to work on /home/airflow/.local/lib/python3.12/site-packages/airflow/example_dags/example_task_group.py
[2024-08-30T02:51:38.356+0000] {processor.py:914} INFO - Processing file /home/airflow/.local/lib/python3.12/site-packages/airflow/example_dags/example_task_group.py for tasks to queue
[2024-08-30T02:51:38.358+0000] {logging_mixin.py:190} INFO - [2024-08-30T02:51:38.358+0000] {dagbag.py:587} INFO - Filling up the DagBag from /home/airflow/.local/lib/python3.12/site-packages/airflow/example_dags/example_task_group.py
[2024-08-30T02:51:38.366+0000] {processor.py:925} INFO - DAG(s) 'example_task_group' retrieved from /home/airflow/.local/lib/python3.12/site-packages/airflow/example_dags/example_task_group.py
[2024-08-30T02:51:38.386+0000] {logging_mixin.py:190} INFO - [2024-08-30T02:51:38.386+0000] {dag.py:3211} INFO - Sync 1 DAGs
[2024-08-30T02:51:38.409+0000] {logging_mixin.py:190} INFO - [2024-08-30T02:51:38.408+0000] {dag.py:4138} INFO - Setting next_dagrun for example_task_group to 2024-08-29 00:00:00+00:00, run_after=2024-08-30 00:00:00+00:00
[2024-08-30T02:51:38.426+0000] {processor.py:208} INFO - Processing /home/airflow/.local/lib/python3.12/site-packages/airflow/example_dags/example_task_group.py took 0.076 seconds
[2024-08-30T02:52:09.146+0000] {processor.py:186} INFO - Started process (PID=4641) to work on /home/airflow/.local/lib/python3.12/site-packages/airflow/example_dags/example_task_group.py
[2024-08-30T02:52:09.147+0000] {processor.py:914} INFO - Processing file /home/airflow/.local/lib/python3.12/site-packages/airflow/example_dags/example_task_group.py for tasks to queue
[2024-08-30T02:52:09.150+0000] {logging_mixin.py:190} INFO - [2024-08-30T02:52:09.149+0000] {dagbag.py:587} INFO - Filling up the DagBag from /home/airflow/.local/lib/python3.12/site-packages/airflow/example_dags/example_task_group.py
[2024-08-30T02:52:09.158+0000] {processor.py:925} INFO - DAG(s) 'example_task_group' retrieved from /home/airflow/.local/lib/python3.12/site-packages/airflow/example_dags/example_task_group.py
[2024-08-30T02:52:09.179+0000] {logging_mixin.py:190} INFO - [2024-08-30T02:52:09.179+0000] {dag.py:3211} INFO - Sync 1 DAGs
[2024-08-30T02:52:09.204+0000] {logging_mixin.py:190} INFO - [2024-08-30T02:52:09.204+0000] {dag.py:4138} INFO - Setting next_dagrun for example_task_group to 2024-08-29 00:00:00+00:00, run_after=2024-08-30 00:00:00+00:00
[2024-08-30T02:52:09.225+0000] {processor.py:208} INFO - Processing /home/airflow/.local/lib/python3.12/site-packages/airflow/example_dags/example_task_group.py took 0.083 seconds
[2024-08-30T02:52:39.897+0000] {processor.py:186} INFO - Started process (PID=4927) to work on /home/airflow/.local/lib/python3.12/site-packages/airflow/example_dags/example_task_group.py
[2024-08-30T02:52:39.898+0000] {processor.py:914} INFO - Processing file /home/airflow/.local/lib/python3.12/site-packages/airflow/example_dags/example_task_group.py for tasks to queue
[2024-08-30T02:52:39.901+0000] {logging_mixin.py:190} INFO - [2024-08-30T02:52:39.901+0000] {dagbag.py:587} INFO - Filling up the DagBag from /home/airflow/.local/lib/python3.12/site-packages/airflow/example_dags/example_task_group.py
[2024-08-30T02:52:39.909+0000] {processor.py:925} INFO - DAG(s) 'example_task_group' retrieved from /home/airflow/.local/lib/python3.12/site-packages/airflow/example_dags/example_task_group.py
[2024-08-30T02:52:39.930+0000] {logging_mixin.py:190} INFO - [2024-08-30T02:52:39.930+0000] {dag.py:3211} INFO - Sync 1 DAGs
[2024-08-30T02:52:39.955+0000] {logging_mixin.py:190} INFO - [2024-08-30T02:52:39.955+0000] {dag.py:4138} INFO - Setting next_dagrun for example_task_group to 2024-08-29 00:00:00+00:00, run_after=2024-08-30 00:00:00+00:00
[2024-08-30T02:52:39.975+0000] {processor.py:208} INFO - Processing /home/airflow/.local/lib/python3.12/site-packages/airflow/example_dags/example_task_group.py took 0.084 seconds
[2024-08-30T02:53:10.610+0000] {processor.py:186} INFO - Started process (PID=5213) to work on /home/airflow/.local/lib/python3.12/site-packages/airflow/example_dags/example_task_group.py
[2024-08-30T02:53:10.611+0000] {processor.py:914} INFO - Processing file /home/airflow/.local/lib/python3.12/site-packages/airflow/example_dags/example_task_group.py for tasks to queue
[2024-08-30T02:53:10.614+0000] {logging_mixin.py:190} INFO - [2024-08-30T02:53:10.613+0000] {dagbag.py:587} INFO - Filling up the DagBag from /home/airflow/.local/lib/python3.12/site-packages/airflow/example_dags/example_task_group.py
[2024-08-30T02:53:10.622+0000] {processor.py:925} INFO - DAG(s) 'example_task_group' retrieved from /home/airflow/.local/lib/python3.12/site-packages/airflow/example_dags/example_task_group.py
[2024-08-30T02:53:10.644+0000] {logging_mixin.py:190} INFO - [2024-08-30T02:53:10.644+0000] {dag.py:3211} INFO - Sync 1 DAGs
[2024-08-30T02:53:10.667+0000] {logging_mixin.py:190} INFO - [2024-08-30T02:53:10.667+0000] {dag.py:4138} INFO - Setting next_dagrun for example_task_group to 2024-08-29 00:00:00+00:00, run_after=2024-08-30 00:00:00+00:00
[2024-08-30T02:53:10.690+0000] {processor.py:208} INFO - Processing /home/airflow/.local/lib/python3.12/site-packages/airflow/example_dags/example_task_group.py took 0.085 seconds
[2024-08-30T02:53:41.545+0000] {processor.py:186} INFO - Started process (PID=5499) to work on /home/airflow/.local/lib/python3.12/site-packages/airflow/example_dags/example_task_group.py
[2024-08-30T02:53:41.546+0000] {processor.py:914} INFO - Processing file /home/airflow/.local/lib/python3.12/site-packages/airflow/example_dags/example_task_group.py for tasks to queue
[2024-08-30T02:53:41.548+0000] {logging_mixin.py:190} INFO - [2024-08-30T02:53:41.548+0000] {dagbag.py:587} INFO - Filling up the DagBag from /home/airflow/.local/lib/python3.12/site-packages/airflow/example_dags/example_task_group.py
[2024-08-30T02:53:41.557+0000] {processor.py:925} INFO - DAG(s) 'example_task_group' retrieved from /home/airflow/.local/lib/python3.12/site-packages/airflow/example_dags/example_task_group.py
[2024-08-30T02:53:41.577+0000] {logging_mixin.py:190} INFO - [2024-08-30T02:53:41.577+0000] {dag.py:3211} INFO - Sync 1 DAGs
[2024-08-30T02:53:41.602+0000] {logging_mixin.py:190} INFO - [2024-08-30T02:53:41.601+0000] {dag.py:4138} INFO - Setting next_dagrun for example_task_group to 2024-08-29 00:00:00+00:00, run_after=2024-08-30 00:00:00+00:00
[2024-08-30T02:53:41.622+0000] {processor.py:208} INFO - Processing /home/airflow/.local/lib/python3.12/site-packages/airflow/example_dags/example_task_group.py took 0.082 seconds
[2024-08-30T02:54:12.749+0000] {processor.py:186} INFO - Started process (PID=5786) to work on /home/airflow/.local/lib/python3.12/site-packages/airflow/example_dags/example_task_group.py
[2024-08-30T02:54:12.750+0000] {processor.py:914} INFO - Processing file /home/airflow/.local/lib/python3.12/site-packages/airflow/example_dags/example_task_group.py for tasks to queue
[2024-08-30T02:54:12.753+0000] {logging_mixin.py:190} INFO - [2024-08-30T02:54:12.752+0000] {dagbag.py:587} INFO - Filling up the DagBag from /home/airflow/.local/lib/python3.12/site-packages/airflow/example_dags/example_task_group.py
[2024-08-30T02:54:12.761+0000] {processor.py:925} INFO - DAG(s) 'example_task_group' retrieved from /home/airflow/.local/lib/python3.12/site-packages/airflow/example_dags/example_task_group.py
[2024-08-30T02:54:12.783+0000] {logging_mixin.py:190} INFO - [2024-08-30T02:54:12.783+0000] {dag.py:3211} INFO - Sync 1 DAGs
[2024-08-30T02:54:12.807+0000] {logging_mixin.py:190} INFO - [2024-08-30T02:54:12.806+0000] {dag.py:4138} INFO - Setting next_dagrun for example_task_group to 2024-08-29 00:00:00+00:00, run_after=2024-08-30 00:00:00+00:00
[2024-08-30T02:54:12.829+0000] {processor.py:208} INFO - Processing /home/airflow/.local/lib/python3.12/site-packages/airflow/example_dags/example_task_group.py took 0.085 seconds
[2024-08-30T02:54:43.619+0000] {processor.py:186} INFO - Started process (PID=6071) to work on /home/airflow/.local/lib/python3.12/site-packages/airflow/example_dags/example_task_group.py
[2024-08-30T02:54:43.621+0000] {processor.py:914} INFO - Processing file /home/airflow/.local/lib/python3.12/site-packages/airflow/example_dags/example_task_group.py for tasks to queue
[2024-08-30T02:54:43.623+0000] {logging_mixin.py:190} INFO - [2024-08-30T02:54:43.623+0000] {dagbag.py:587} INFO - Filling up the DagBag from /home/airflow/.local/lib/python3.12/site-packages/airflow/example_dags/example_task_group.py
[2024-08-30T02:54:43.634+0000] {processor.py:925} INFO - DAG(s) 'example_task_group' retrieved from /home/airflow/.local/lib/python3.12/site-packages/airflow/example_dags/example_task_group.py
[2024-08-30T02:54:43.660+0000] {logging_mixin.py:190} INFO - [2024-08-30T02:54:43.659+0000] {dag.py:3211} INFO - Sync 1 DAGs
[2024-08-30T02:54:43.704+0000] {logging_mixin.py:190} INFO - [2024-08-30T02:54:43.704+0000] {dag.py:4138} INFO - Setting next_dagrun for example_task_group to 2024-08-29 00:00:00+00:00, run_after=2024-08-30 00:00:00+00:00
[2024-08-30T02:54:43.729+0000] {processor.py:208} INFO - Processing /home/airflow/.local/lib/python3.12/site-packages/airflow/example_dags/example_task_group.py took 0.117 seconds
[2024-08-30T02:55:14.653+0000] {processor.py:186} INFO - Started process (PID=6363) to work on /home/airflow/.local/lib/python3.12/site-packages/airflow/example_dags/example_task_group.py
[2024-08-30T02:55:14.654+0000] {processor.py:914} INFO - Processing file /home/airflow/.local/lib/python3.12/site-packages/airflow/example_dags/example_task_group.py for tasks to queue
[2024-08-30T02:55:14.657+0000] {logging_mixin.py:190} INFO - [2024-08-30T02:55:14.656+0000] {dagbag.py:587} INFO - Filling up the DagBag from /home/airflow/.local/lib/python3.12/site-packages/airflow/example_dags/example_task_group.py
[2024-08-30T02:55:14.665+0000] {processor.py:925} INFO - DAG(s) 'example_task_group' retrieved from /home/airflow/.local/lib/python3.12/site-packages/airflow/example_dags/example_task_group.py
[2024-08-30T02:55:14.687+0000] {logging_mixin.py:190} INFO - [2024-08-30T02:55:14.686+0000] {dag.py:3211} INFO - Sync 1 DAGs
[2024-08-30T02:55:14.709+0000] {logging_mixin.py:190} INFO - [2024-08-30T02:55:14.709+0000] {dag.py:4138} INFO - Setting next_dagrun for example_task_group to 2024-08-29 00:00:00+00:00, run_after=2024-08-30 00:00:00+00:00
[2024-08-30T02:55:14.729+0000] {processor.py:208} INFO - Processing /home/airflow/.local/lib/python3.12/site-packages/airflow/example_dags/example_task_group.py took 0.081 seconds
[2024-08-30T02:55:44.971+0000] {processor.py:186} INFO - Started process (PID=6649) to work on /home/airflow/.local/lib/python3.12/site-packages/airflow/example_dags/example_task_group.py
[2024-08-30T02:55:44.972+0000] {processor.py:914} INFO - Processing file /home/airflow/.local/lib/python3.12/site-packages/airflow/example_dags/example_task_group.py for tasks to queue
[2024-08-30T02:55:44.975+0000] {logging_mixin.py:190} INFO - [2024-08-30T02:55:44.974+0000] {dagbag.py:587} INFO - Filling up the DagBag from /home/airflow/.local/lib/python3.12/site-packages/airflow/example_dags/example_task_group.py
[2024-08-30T02:55:44.983+0000] {processor.py:925} INFO - DAG(s) 'example_task_group' retrieved from /home/airflow/.local/lib/python3.12/site-packages/airflow/example_dags/example_task_group.py
[2024-08-30T02:55:45.006+0000] {logging_mixin.py:190} INFO - [2024-08-30T02:55:45.006+0000] {dag.py:3211} INFO - Sync 1 DAGs
[2024-08-30T02:55:45.031+0000] {logging_mixin.py:190} INFO - [2024-08-30T02:55:45.031+0000] {dag.py:4138} INFO - Setting next_dagrun for example_task_group to 2024-08-29 00:00:00+00:00, run_after=2024-08-30 00:00:00+00:00
[2024-08-30T02:55:45.053+0000] {processor.py:208} INFO - Processing /home/airflow/.local/lib/python3.12/site-packages/airflow/example_dags/example_task_group.py took 0.088 seconds
[2024-08-30T02:56:15.216+0000] {processor.py:186} INFO - Started process (PID=6935) to work on /home/airflow/.local/lib/python3.12/site-packages/airflow/example_dags/example_task_group.py
[2024-08-30T02:56:15.218+0000] {processor.py:914} INFO - Processing file /home/airflow/.local/lib/python3.12/site-packages/airflow/example_dags/example_task_group.py for tasks to queue
[2024-08-30T02:56:15.220+0000] {logging_mixin.py:190} INFO - [2024-08-30T02:56:15.219+0000] {dagbag.py:587} INFO - Filling up the DagBag from /home/airflow/.local/lib/python3.12/site-packages/airflow/example_dags/example_task_group.py
[2024-08-30T02:56:15.228+0000] {processor.py:925} INFO - DAG(s) 'example_task_group' retrieved from /home/airflow/.local/lib/python3.12/site-packages/airflow/example_dags/example_task_group.py
[2024-08-30T02:56:15.252+0000] {logging_mixin.py:190} INFO - [2024-08-30T02:56:15.251+0000] {dag.py:3211} INFO - Sync 1 DAGs
[2024-08-30T02:56:15.276+0000] {logging_mixin.py:190} INFO - [2024-08-30T02:56:15.276+0000] {dag.py:4138} INFO - Setting next_dagrun for example_task_group to 2024-08-29 00:00:00+00:00, run_after=2024-08-30 00:00:00+00:00
[2024-08-30T02:56:15.301+0000] {processor.py:208} INFO - Processing /home/airflow/.local/lib/python3.12/site-packages/airflow/example_dags/example_task_group.py took 0.091 seconds
[2024-08-30T02:56:45.566+0000] {processor.py:186} INFO - Started process (PID=7223) to work on /home/airflow/.local/lib/python3.12/site-packages/airflow/example_dags/example_task_group.py
[2024-08-30T02:56:45.568+0000] {processor.py:914} INFO - Processing file /home/airflow/.local/lib/python3.12/site-packages/airflow/example_dags/example_task_group.py for tasks to queue
[2024-08-30T02:56:45.570+0000] {logging_mixin.py:190} INFO - [2024-08-30T02:56:45.570+0000] {dagbag.py:587} INFO - Filling up the DagBag from /home/airflow/.local/lib/python3.12/site-packages/airflow/example_dags/example_task_group.py
[2024-08-30T02:56:45.578+0000] {processor.py:925} INFO - DAG(s) 'example_task_group' retrieved from /home/airflow/.local/lib/python3.12/site-packages/airflow/example_dags/example_task_group.py
[2024-08-30T02:56:45.597+0000] {logging_mixin.py:190} INFO - [2024-08-30T02:56:45.597+0000] {dag.py:3211} INFO - Sync 1 DAGs
[2024-08-30T02:56:45.620+0000] {logging_mixin.py:190} INFO - [2024-08-30T02:56:45.620+0000] {dag.py:4138} INFO - Setting next_dagrun for example_task_group to 2024-08-29 00:00:00+00:00, run_after=2024-08-30 00:00:00+00:00
[2024-08-30T02:56:45.646+0000] {processor.py:208} INFO - Processing /home/airflow/.local/lib/python3.12/site-packages/airflow/example_dags/example_task_group.py took 0.085 seconds
[2024-08-30T02:57:15.816+0000] {processor.py:186} INFO - Started process (PID=7509) to work on /home/airflow/.local/lib/python3.12/site-packages/airflow/example_dags/example_task_group.py
[2024-08-30T02:57:15.817+0000] {processor.py:914} INFO - Processing file /home/airflow/.local/lib/python3.12/site-packages/airflow/example_dags/example_task_group.py for tasks to queue
[2024-08-30T02:57:15.819+0000] {logging_mixin.py:190} INFO - [2024-08-30T02:57:15.819+0000] {dagbag.py:587} INFO - Filling up the DagBag from /home/airflow/.local/lib/python3.12/site-packages/airflow/example_dags/example_task_group.py
[2024-08-30T02:57:15.826+0000] {processor.py:925} INFO - DAG(s) 'example_task_group' retrieved from /home/airflow/.local/lib/python3.12/site-packages/airflow/example_dags/example_task_group.py
[2024-08-30T02:57:15.846+0000] {logging_mixin.py:190} INFO - [2024-08-30T02:57:15.846+0000] {dag.py:3211} INFO - Sync 1 DAGs
[2024-08-30T02:57:15.867+0000] {logging_mixin.py:190} INFO - [2024-08-30T02:57:15.867+0000] {dag.py:4138} INFO - Setting next_dagrun for example_task_group to 2024-08-29 00:00:00+00:00, run_after=2024-08-30 00:00:00+00:00
[2024-08-30T02:57:15.887+0000] {processor.py:208} INFO - Processing /home/airflow/.local/lib/python3.12/site-packages/airflow/example_dags/example_task_group.py took 0.076 seconds
