[2024-08-30T02:44:29.735+0000] {processor.py:186} INFO - Started process (PID=443) to work on /home/airflow/.local/lib/python3.12/site-packages/airflow/example_dags/example_python_operator.py
[2024-08-30T02:44:29.736+0000] {processor.py:914} INFO - Processing file /home/airflow/.local/lib/python3.12/site-packages/airflow/example_dags/example_python_operator.py for tasks to queue
[2024-08-30T02:44:29.738+0000] {logging_mixin.py:190} INFO - [2024-08-30T02:44:29.738+0000] {dagbag.py:587} INFO - Filling up the DagBag from /home/airflow/.local/lib/python3.12/site-packages/airflow/example_dags/example_python_operator.py
[2024-08-30T02:44:29.750+0000] {processor.py:925} INFO - DAG(s) 'example_python_operator' retrieved from /home/airflow/.local/lib/python3.12/site-packages/airflow/example_dags/example_python_operator.py
[2024-08-30T02:44:29.839+0000] {logging_mixin.py:190} INFO - [2024-08-30T02:44:29.839+0000] {dag.py:3211} INFO - Sync 1 DAGs
[2024-08-30T02:44:29.849+0000] {logging_mixin.py:190} INFO - [2024-08-30T02:44:29.849+0000] {dag.py:4138} INFO - Setting next_dagrun for example_python_operator to None, run_after=None
[2024-08-30T02:44:29.868+0000] {processor.py:208} INFO - Processing /home/airflow/.local/lib/python3.12/site-packages/airflow/example_dags/example_python_operator.py took 0.138 seconds
[2024-08-30T02:45:00.119+0000] {processor.py:186} INFO - Started process (PID=729) to work on /home/airflow/.local/lib/python3.12/site-packages/airflow/example_dags/example_python_operator.py
[2024-08-30T02:45:00.121+0000] {processor.py:914} INFO - Processing file /home/airflow/.local/lib/python3.12/site-packages/airflow/example_dags/example_python_operator.py for tasks to queue
[2024-08-30T02:45:00.123+0000] {logging_mixin.py:190} INFO - [2024-08-30T02:45:00.123+0000] {dagbag.py:587} INFO - Filling up the DagBag from /home/airflow/.local/lib/python3.12/site-packages/airflow/example_dags/example_python_operator.py
[2024-08-30T02:45:00.135+0000] {processor.py:925} INFO - DAG(s) 'example_python_operator' retrieved from /home/airflow/.local/lib/python3.12/site-packages/airflow/example_dags/example_python_operator.py
[2024-08-30T02:45:00.159+0000] {logging_mixin.py:190} INFO - [2024-08-30T02:45:00.159+0000] {dag.py:3211} INFO - Sync 1 DAGs
[2024-08-30T02:45:00.173+0000] {logging_mixin.py:190} INFO - [2024-08-30T02:45:00.173+0000] {dag.py:4138} INFO - Setting next_dagrun for example_python_operator to None, run_after=None
[2024-08-30T02:45:00.194+0000] {processor.py:208} INFO - Processing /home/airflow/.local/lib/python3.12/site-packages/airflow/example_dags/example_python_operator.py took 0.081 seconds
[2024-08-30T02:45:30.453+0000] {processor.py:186} INFO - Started process (PID=1013) to work on /home/airflow/.local/lib/python3.12/site-packages/airflow/example_dags/example_python_operator.py
[2024-08-30T02:45:30.454+0000] {processor.py:914} INFO - Processing file /home/airflow/.local/lib/python3.12/site-packages/airflow/example_dags/example_python_operator.py for tasks to queue
[2024-08-30T02:45:30.456+0000] {logging_mixin.py:190} INFO - [2024-08-30T02:45:30.456+0000] {dagbag.py:587} INFO - Filling up the DagBag from /home/airflow/.local/lib/python3.12/site-packages/airflow/example_dags/example_python_operator.py
[2024-08-30T02:45:30.466+0000] {processor.py:925} INFO - DAG(s) 'example_python_operator' retrieved from /home/airflow/.local/lib/python3.12/site-packages/airflow/example_dags/example_python_operator.py
[2024-08-30T02:45:30.486+0000] {logging_mixin.py:190} INFO - [2024-08-30T02:45:30.486+0000] {dag.py:3211} INFO - Sync 1 DAGs
[2024-08-30T02:45:30.499+0000] {logging_mixin.py:190} INFO - [2024-08-30T02:45:30.499+0000] {dag.py:4138} INFO - Setting next_dagrun for example_python_operator to None, run_after=None
[2024-08-30T02:45:30.527+0000] {processor.py:208} INFO - Processing /home/airflow/.local/lib/python3.12/site-packages/airflow/example_dags/example_python_operator.py took 0.079 seconds
[2024-08-30T02:46:01.240+0000] {processor.py:186} INFO - Started process (PID=1299) to work on /home/airflow/.local/lib/python3.12/site-packages/airflow/example_dags/example_python_operator.py
[2024-08-30T02:46:01.241+0000] {processor.py:914} INFO - Processing file /home/airflow/.local/lib/python3.12/site-packages/airflow/example_dags/example_python_operator.py for tasks to queue
[2024-08-30T02:46:01.242+0000] {logging_mixin.py:190} INFO - [2024-08-30T02:46:01.242+0000] {dagbag.py:587} INFO - Filling up the DagBag from /home/airflow/.local/lib/python3.12/site-packages/airflow/example_dags/example_python_operator.py
[2024-08-30T02:46:01.251+0000] {processor.py:925} INFO - DAG(s) 'example_python_operator' retrieved from /home/airflow/.local/lib/python3.12/site-packages/airflow/example_dags/example_python_operator.py
[2024-08-30T02:46:01.270+0000] {logging_mixin.py:190} INFO - [2024-08-30T02:46:01.270+0000] {dag.py:3211} INFO - Sync 1 DAGs
[2024-08-30T02:46:01.281+0000] {logging_mixin.py:190} INFO - [2024-08-30T02:46:01.281+0000] {dag.py:4138} INFO - Setting next_dagrun for example_python_operator to None, run_after=None
[2024-08-30T02:46:01.300+0000] {processor.py:208} INFO - Processing /home/airflow/.local/lib/python3.12/site-packages/airflow/example_dags/example_python_operator.py took 0.065 seconds
[2024-08-30T02:46:31.798+0000] {processor.py:186} INFO - Started process (PID=1585) to work on /home/airflow/.local/lib/python3.12/site-packages/airflow/example_dags/example_python_operator.py
[2024-08-30T02:46:31.799+0000] {processor.py:914} INFO - Processing file /home/airflow/.local/lib/python3.12/site-packages/airflow/example_dags/example_python_operator.py for tasks to queue
[2024-08-30T02:46:31.801+0000] {logging_mixin.py:190} INFO - [2024-08-30T02:46:31.800+0000] {dagbag.py:587} INFO - Filling up the DagBag from /home/airflow/.local/lib/python3.12/site-packages/airflow/example_dags/example_python_operator.py
[2024-08-30T02:46:31.811+0000] {processor.py:925} INFO - DAG(s) 'example_python_operator' retrieved from /home/airflow/.local/lib/python3.12/site-packages/airflow/example_dags/example_python_operator.py
[2024-08-30T02:46:31.829+0000] {logging_mixin.py:190} INFO - [2024-08-30T02:46:31.829+0000] {dag.py:3211} INFO - Sync 1 DAGs
[2024-08-30T02:46:31.842+0000] {logging_mixin.py:190} INFO - [2024-08-30T02:46:31.841+0000] {dag.py:4138} INFO - Setting next_dagrun for example_python_operator to None, run_after=None
[2024-08-30T02:46:31.858+0000] {processor.py:208} INFO - Processing /home/airflow/.local/lib/python3.12/site-packages/airflow/example_dags/example_python_operator.py took 0.065 seconds
[2024-08-30T02:47:02.474+0000] {processor.py:186} INFO - Started process (PID=1873) to work on /home/airflow/.local/lib/python3.12/site-packages/airflow/example_dags/example_python_operator.py
[2024-08-30T02:47:02.475+0000] {processor.py:914} INFO - Processing file /home/airflow/.local/lib/python3.12/site-packages/airflow/example_dags/example_python_operator.py for tasks to queue
[2024-08-30T02:47:02.477+0000] {logging_mixin.py:190} INFO - [2024-08-30T02:47:02.477+0000] {dagbag.py:587} INFO - Filling up the DagBag from /home/airflow/.local/lib/python3.12/site-packages/airflow/example_dags/example_python_operator.py
[2024-08-30T02:47:02.488+0000] {processor.py:925} INFO - DAG(s) 'example_python_operator' retrieved from /home/airflow/.local/lib/python3.12/site-packages/airflow/example_dags/example_python_operator.py
[2024-08-30T02:47:02.507+0000] {logging_mixin.py:190} INFO - [2024-08-30T02:47:02.507+0000] {dag.py:3211} INFO - Sync 1 DAGs
[2024-08-30T02:47:02.519+0000] {logging_mixin.py:190} INFO - [2024-08-30T02:47:02.519+0000] {dag.py:4138} INFO - Setting next_dagrun for example_python_operator to None, run_after=None
[2024-08-30T02:47:02.536+0000] {processor.py:208} INFO - Processing /home/airflow/.local/lib/python3.12/site-packages/airflow/example_dags/example_python_operator.py took 0.067 seconds
[2024-08-30T02:47:33.479+0000] {processor.py:186} INFO - Started process (PID=2157) to work on /home/airflow/.local/lib/python3.12/site-packages/airflow/example_dags/example_python_operator.py
[2024-08-30T02:47:33.480+0000] {processor.py:914} INFO - Processing file /home/airflow/.local/lib/python3.12/site-packages/airflow/example_dags/example_python_operator.py for tasks to queue
[2024-08-30T02:47:33.482+0000] {logging_mixin.py:190} INFO - [2024-08-30T02:47:33.482+0000] {dagbag.py:587} INFO - Filling up the DagBag from /home/airflow/.local/lib/python3.12/site-packages/airflow/example_dags/example_python_operator.py
[2024-08-30T02:47:33.493+0000] {processor.py:925} INFO - DAG(s) 'example_python_operator' retrieved from /home/airflow/.local/lib/python3.12/site-packages/airflow/example_dags/example_python_operator.py
[2024-08-30T02:47:33.515+0000] {logging_mixin.py:190} INFO - [2024-08-30T02:47:33.514+0000] {dag.py:3211} INFO - Sync 1 DAGs
[2024-08-30T02:47:33.528+0000] {logging_mixin.py:190} INFO - [2024-08-30T02:47:33.527+0000] {dag.py:4138} INFO - Setting next_dagrun for example_python_operator to None, run_after=None
[2024-08-30T02:47:33.549+0000] {processor.py:208} INFO - Processing /home/airflow/.local/lib/python3.12/site-packages/airflow/example_dags/example_python_operator.py took 0.076 seconds
[2024-08-30T02:48:04.228+0000] {processor.py:186} INFO - Started process (PID=2445) to work on /home/airflow/.local/lib/python3.12/site-packages/airflow/example_dags/example_python_operator.py
[2024-08-30T02:48:04.230+0000] {processor.py:914} INFO - Processing file /home/airflow/.local/lib/python3.12/site-packages/airflow/example_dags/example_python_operator.py for tasks to queue
[2024-08-30T02:48:04.232+0000] {logging_mixin.py:190} INFO - [2024-08-30T02:48:04.232+0000] {dagbag.py:587} INFO - Filling up the DagBag from /home/airflow/.local/lib/python3.12/site-packages/airflow/example_dags/example_python_operator.py
[2024-08-30T02:48:04.242+0000] {processor.py:925} INFO - DAG(s) 'example_python_operator' retrieved from /home/airflow/.local/lib/python3.12/site-packages/airflow/example_dags/example_python_operator.py
[2024-08-30T02:48:04.261+0000] {logging_mixin.py:190} INFO - [2024-08-30T02:48:04.261+0000] {dag.py:3211} INFO - Sync 1 DAGs
[2024-08-30T02:48:04.275+0000] {logging_mixin.py:190} INFO - [2024-08-30T02:48:04.275+0000] {dag.py:4138} INFO - Setting next_dagrun for example_python_operator to None, run_after=None
[2024-08-30T02:48:04.292+0000] {processor.py:208} INFO - Processing /home/airflow/.local/lib/python3.12/site-packages/airflow/example_dags/example_python_operator.py took 0.068 seconds
[2024-08-30T02:48:35.325+0000] {processor.py:186} INFO - Started process (PID=2731) to work on /home/airflow/.local/lib/python3.12/site-packages/airflow/example_dags/example_python_operator.py
[2024-08-30T02:48:35.326+0000] {processor.py:914} INFO - Processing file /home/airflow/.local/lib/python3.12/site-packages/airflow/example_dags/example_python_operator.py for tasks to queue
[2024-08-30T02:48:35.328+0000] {logging_mixin.py:190} INFO - [2024-08-30T02:48:35.328+0000] {dagbag.py:587} INFO - Filling up the DagBag from /home/airflow/.local/lib/python3.12/site-packages/airflow/example_dags/example_python_operator.py
[2024-08-30T02:48:35.339+0000] {processor.py:925} INFO - DAG(s) 'example_python_operator' retrieved from /home/airflow/.local/lib/python3.12/site-packages/airflow/example_dags/example_python_operator.py
[2024-08-30T02:48:35.361+0000] {logging_mixin.py:190} INFO - [2024-08-30T02:48:35.361+0000] {dag.py:3211} INFO - Sync 1 DAGs
[2024-08-30T02:48:35.375+0000] {logging_mixin.py:190} INFO - [2024-08-30T02:48:35.375+0000] {dag.py:4138} INFO - Setting next_dagrun for example_python_operator to None, run_after=None
[2024-08-30T02:48:35.396+0000] {processor.py:208} INFO - Processing /home/airflow/.local/lib/python3.12/site-packages/airflow/example_dags/example_python_operator.py took 0.078 seconds
[2024-08-30T02:49:06.146+0000] {processor.py:186} INFO - Started process (PID=3015) to work on /home/airflow/.local/lib/python3.12/site-packages/airflow/example_dags/example_python_operator.py
[2024-08-30T02:49:06.147+0000] {processor.py:914} INFO - Processing file /home/airflow/.local/lib/python3.12/site-packages/airflow/example_dags/example_python_operator.py for tasks to queue
[2024-08-30T02:49:06.149+0000] {logging_mixin.py:190} INFO - [2024-08-30T02:49:06.149+0000] {dagbag.py:587} INFO - Filling up the DagBag from /home/airflow/.local/lib/python3.12/site-packages/airflow/example_dags/example_python_operator.py
[2024-08-30T02:49:06.162+0000] {processor.py:925} INFO - DAG(s) 'example_python_operator' retrieved from /home/airflow/.local/lib/python3.12/site-packages/airflow/example_dags/example_python_operator.py
[2024-08-30T02:49:06.186+0000] {logging_mixin.py:190} INFO - [2024-08-30T02:49:06.186+0000] {dag.py:3211} INFO - Sync 1 DAGs
[2024-08-30T02:49:06.201+0000] {logging_mixin.py:190} INFO - [2024-08-30T02:49:06.201+0000] {dag.py:4138} INFO - Setting next_dagrun for example_python_operator to None, run_after=None
[2024-08-30T02:49:06.224+0000] {processor.py:208} INFO - Processing /home/airflow/.local/lib/python3.12/site-packages/airflow/example_dags/example_python_operator.py took 0.084 seconds
[2024-08-30T02:49:36.904+0000] {processor.py:186} INFO - Started process (PID=3301) to work on /home/airflow/.local/lib/python3.12/site-packages/airflow/example_dags/example_python_operator.py
[2024-08-30T02:49:36.905+0000] {processor.py:914} INFO - Processing file /home/airflow/.local/lib/python3.12/site-packages/airflow/example_dags/example_python_operator.py for tasks to queue
[2024-08-30T02:49:36.907+0000] {logging_mixin.py:190} INFO - [2024-08-30T02:49:36.907+0000] {dagbag.py:587} INFO - Filling up the DagBag from /home/airflow/.local/lib/python3.12/site-packages/airflow/example_dags/example_python_operator.py
[2024-08-30T02:49:36.919+0000] {processor.py:925} INFO - DAG(s) 'example_python_operator' retrieved from /home/airflow/.local/lib/python3.12/site-packages/airflow/example_dags/example_python_operator.py
[2024-08-30T02:49:36.941+0000] {logging_mixin.py:190} INFO - [2024-08-30T02:49:36.941+0000] {dag.py:3211} INFO - Sync 1 DAGs
[2024-08-30T02:49:36.954+0000] {logging_mixin.py:190} INFO - [2024-08-30T02:49:36.954+0000] {dag.py:4138} INFO - Setting next_dagrun for example_python_operator to None, run_after=None
[2024-08-30T02:49:36.972+0000] {processor.py:208} INFO - Processing /home/airflow/.local/lib/python3.12/site-packages/airflow/example_dags/example_python_operator.py took 0.075 seconds
[2024-08-30T02:50:07.579+0000] {processor.py:186} INFO - Started process (PID=3587) to work on /home/airflow/.local/lib/python3.12/site-packages/airflow/example_dags/example_python_operator.py
[2024-08-30T02:50:07.580+0000] {processor.py:914} INFO - Processing file /home/airflow/.local/lib/python3.12/site-packages/airflow/example_dags/example_python_operator.py for tasks to queue
[2024-08-30T02:50:07.582+0000] {logging_mixin.py:190} INFO - [2024-08-30T02:50:07.582+0000] {dagbag.py:587} INFO - Filling up the DagBag from /home/airflow/.local/lib/python3.12/site-packages/airflow/example_dags/example_python_operator.py
[2024-08-30T02:50:07.594+0000] {processor.py:925} INFO - DAG(s) 'example_python_operator' retrieved from /home/airflow/.local/lib/python3.12/site-packages/airflow/example_dags/example_python_operator.py
[2024-08-30T02:50:07.619+0000] {logging_mixin.py:190} INFO - [2024-08-30T02:50:07.619+0000] {dag.py:3211} INFO - Sync 1 DAGs
[2024-08-30T02:50:07.633+0000] {logging_mixin.py:190} INFO - [2024-08-30T02:50:07.633+0000] {dag.py:4138} INFO - Setting next_dagrun for example_python_operator to None, run_after=None
[2024-08-30T02:50:07.652+0000] {processor.py:208} INFO - Processing /home/airflow/.local/lib/python3.12/site-packages/airflow/example_dags/example_python_operator.py took 0.078 seconds
[2024-08-30T02:50:38.269+0000] {processor.py:186} INFO - Started process (PID=3873) to work on /home/airflow/.local/lib/python3.12/site-packages/airflow/example_dags/example_python_operator.py
[2024-08-30T02:50:38.271+0000] {processor.py:914} INFO - Processing file /home/airflow/.local/lib/python3.12/site-packages/airflow/example_dags/example_python_operator.py for tasks to queue
[2024-08-30T02:50:38.273+0000] {logging_mixin.py:190} INFO - [2024-08-30T02:50:38.273+0000] {dagbag.py:587} INFO - Filling up the DagBag from /home/airflow/.local/lib/python3.12/site-packages/airflow/example_dags/example_python_operator.py
[2024-08-30T02:50:38.285+0000] {processor.py:925} INFO - DAG(s) 'example_python_operator' retrieved from /home/airflow/.local/lib/python3.12/site-packages/airflow/example_dags/example_python_operator.py
[2024-08-30T02:50:38.306+0000] {logging_mixin.py:190} INFO - [2024-08-30T02:50:38.305+0000] {dag.py:3211} INFO - Sync 1 DAGs
[2024-08-30T02:50:38.317+0000] {logging_mixin.py:190} INFO - [2024-08-30T02:50:38.317+0000] {dag.py:4138} INFO - Setting next_dagrun for example_python_operator to None, run_after=None
[2024-08-30T02:50:38.338+0000] {processor.py:208} INFO - Processing /home/airflow/.local/lib/python3.12/site-packages/airflow/example_dags/example_python_operator.py took 0.074 seconds
[2024-08-30T02:51:08.969+0000] {processor.py:186} INFO - Started process (PID=4159) to work on /home/airflow/.local/lib/python3.12/site-packages/airflow/example_dags/example_python_operator.py
[2024-08-30T02:51:08.970+0000] {processor.py:914} INFO - Processing file /home/airflow/.local/lib/python3.12/site-packages/airflow/example_dags/example_python_operator.py for tasks to queue
[2024-08-30T02:51:08.972+0000] {logging_mixin.py:190} INFO - [2024-08-30T02:51:08.972+0000] {dagbag.py:587} INFO - Filling up the DagBag from /home/airflow/.local/lib/python3.12/site-packages/airflow/example_dags/example_python_operator.py
[2024-08-30T02:51:08.982+0000] {processor.py:925} INFO - DAG(s) 'example_python_operator' retrieved from /home/airflow/.local/lib/python3.12/site-packages/airflow/example_dags/example_python_operator.py
[2024-08-30T02:51:09.003+0000] {logging_mixin.py:190} INFO - [2024-08-30T02:51:09.003+0000] {dag.py:3211} INFO - Sync 1 DAGs
[2024-08-30T02:51:09.015+0000] {logging_mixin.py:190} INFO - [2024-08-30T02:51:09.015+0000] {dag.py:4138} INFO - Setting next_dagrun for example_python_operator to None, run_after=None
[2024-08-30T02:51:09.035+0000] {processor.py:208} INFO - Processing /home/airflow/.local/lib/python3.12/site-packages/airflow/example_dags/example_python_operator.py took 0.072 seconds
[2024-08-30T02:51:39.481+0000] {processor.py:186} INFO - Started process (PID=4445) to work on /home/airflow/.local/lib/python3.12/site-packages/airflow/example_dags/example_python_operator.py
[2024-08-30T02:51:39.482+0000] {processor.py:914} INFO - Processing file /home/airflow/.local/lib/python3.12/site-packages/airflow/example_dags/example_python_operator.py for tasks to queue
[2024-08-30T02:51:39.484+0000] {logging_mixin.py:190} INFO - [2024-08-30T02:51:39.484+0000] {dagbag.py:587} INFO - Filling up the DagBag from /home/airflow/.local/lib/python3.12/site-packages/airflow/example_dags/example_python_operator.py
[2024-08-30T02:51:39.494+0000] {processor.py:925} INFO - DAG(s) 'example_python_operator' retrieved from /home/airflow/.local/lib/python3.12/site-packages/airflow/example_dags/example_python_operator.py
[2024-08-30T02:51:39.515+0000] {logging_mixin.py:190} INFO - [2024-08-30T02:51:39.515+0000] {dag.py:3211} INFO - Sync 1 DAGs
[2024-08-30T02:51:39.528+0000] {logging_mixin.py:190} INFO - [2024-08-30T02:51:39.528+0000] {dag.py:4138} INFO - Setting next_dagrun for example_python_operator to None, run_after=None
[2024-08-30T02:51:39.546+0000] {processor.py:208} INFO - Processing /home/airflow/.local/lib/python3.12/site-packages/airflow/example_dags/example_python_operator.py took 0.070 seconds
[2024-08-30T02:52:10.329+0000] {processor.py:186} INFO - Started process (PID=4733) to work on /home/airflow/.local/lib/python3.12/site-packages/airflow/example_dags/example_python_operator.py
[2024-08-30T02:52:10.330+0000] {processor.py:914} INFO - Processing file /home/airflow/.local/lib/python3.12/site-packages/airflow/example_dags/example_python_operator.py for tasks to queue
[2024-08-30T02:52:10.333+0000] {logging_mixin.py:190} INFO - [2024-08-30T02:52:10.332+0000] {dagbag.py:587} INFO - Filling up the DagBag from /home/airflow/.local/lib/python3.12/site-packages/airflow/example_dags/example_python_operator.py
[2024-08-30T02:52:10.342+0000] {processor.py:925} INFO - DAG(s) 'example_python_operator' retrieved from /home/airflow/.local/lib/python3.12/site-packages/airflow/example_dags/example_python_operator.py
[2024-08-30T02:52:10.363+0000] {logging_mixin.py:190} INFO - [2024-08-30T02:52:10.363+0000] {dag.py:3211} INFO - Sync 1 DAGs
[2024-08-30T02:52:10.376+0000] {logging_mixin.py:190} INFO - [2024-08-30T02:52:10.376+0000] {dag.py:4138} INFO - Setting next_dagrun for example_python_operator to None, run_after=None
[2024-08-30T02:52:10.396+0000] {processor.py:208} INFO - Processing /home/airflow/.local/lib/python3.12/site-packages/airflow/example_dags/example_python_operator.py took 0.072 seconds
[2024-08-30T02:52:41.253+0000] {processor.py:186} INFO - Started process (PID=5017) to work on /home/airflow/.local/lib/python3.12/site-packages/airflow/example_dags/example_python_operator.py
[2024-08-30T02:52:41.254+0000] {processor.py:914} INFO - Processing file /home/airflow/.local/lib/python3.12/site-packages/airflow/example_dags/example_python_operator.py for tasks to queue
[2024-08-30T02:52:41.256+0000] {logging_mixin.py:190} INFO - [2024-08-30T02:52:41.256+0000] {dagbag.py:587} INFO - Filling up the DagBag from /home/airflow/.local/lib/python3.12/site-packages/airflow/example_dags/example_python_operator.py
[2024-08-30T02:52:41.266+0000] {processor.py:925} INFO - DAG(s) 'example_python_operator' retrieved from /home/airflow/.local/lib/python3.12/site-packages/airflow/example_dags/example_python_operator.py
[2024-08-30T02:52:41.286+0000] {logging_mixin.py:190} INFO - [2024-08-30T02:52:41.286+0000] {dag.py:3211} INFO - Sync 1 DAGs
[2024-08-30T02:52:41.301+0000] {logging_mixin.py:190} INFO - [2024-08-30T02:52:41.300+0000] {dag.py:4138} INFO - Setting next_dagrun for example_python_operator to None, run_after=None
[2024-08-30T02:52:41.320+0000] {processor.py:208} INFO - Processing /home/airflow/.local/lib/python3.12/site-packages/airflow/example_dags/example_python_operator.py took 0.073 seconds
[2024-08-30T02:53:12.067+0000] {processor.py:186} INFO - Started process (PID=5303) to work on /home/airflow/.local/lib/python3.12/site-packages/airflow/example_dags/example_python_operator.py
[2024-08-30T02:53:12.068+0000] {processor.py:914} INFO - Processing file /home/airflow/.local/lib/python3.12/site-packages/airflow/example_dags/example_python_operator.py for tasks to queue
[2024-08-30T02:53:12.070+0000] {logging_mixin.py:190} INFO - [2024-08-30T02:53:12.070+0000] {dagbag.py:587} INFO - Filling up the DagBag from /home/airflow/.local/lib/python3.12/site-packages/airflow/example_dags/example_python_operator.py
[2024-08-30T02:53:12.079+0000] {processor.py:925} INFO - DAG(s) 'example_python_operator' retrieved from /home/airflow/.local/lib/python3.12/site-packages/airflow/example_dags/example_python_operator.py
[2024-08-30T02:53:12.100+0000] {logging_mixin.py:190} INFO - [2024-08-30T02:53:12.100+0000] {dag.py:3211} INFO - Sync 1 DAGs
[2024-08-30T02:53:12.114+0000] {logging_mixin.py:190} INFO - [2024-08-30T02:53:12.113+0000] {dag.py:4138} INFO - Setting next_dagrun for example_python_operator to None, run_after=None
[2024-08-30T02:53:12.135+0000] {processor.py:208} INFO - Processing /home/airflow/.local/lib/python3.12/site-packages/airflow/example_dags/example_python_operator.py took 0.073 seconds
[2024-08-30T02:53:42.849+0000] {processor.py:186} INFO - Started process (PID=5589) to work on /home/airflow/.local/lib/python3.12/site-packages/airflow/example_dags/example_python_operator.py
[2024-08-30T02:53:42.850+0000] {processor.py:914} INFO - Processing file /home/airflow/.local/lib/python3.12/site-packages/airflow/example_dags/example_python_operator.py for tasks to queue
[2024-08-30T02:53:42.853+0000] {logging_mixin.py:190} INFO - [2024-08-30T02:53:42.852+0000] {dagbag.py:587} INFO - Filling up the DagBag from /home/airflow/.local/lib/python3.12/site-packages/airflow/example_dags/example_python_operator.py
[2024-08-30T02:53:42.863+0000] {processor.py:925} INFO - DAG(s) 'example_python_operator' retrieved from /home/airflow/.local/lib/python3.12/site-packages/airflow/example_dags/example_python_operator.py
[2024-08-30T02:53:42.887+0000] {logging_mixin.py:190} INFO - [2024-08-30T02:53:42.887+0000] {dag.py:3211} INFO - Sync 1 DAGs
[2024-08-30T02:53:42.903+0000] {logging_mixin.py:190} INFO - [2024-08-30T02:53:42.902+0000] {dag.py:4138} INFO - Setting next_dagrun for example_python_operator to None, run_after=None
[2024-08-30T02:53:42.925+0000] {processor.py:208} INFO - Processing /home/airflow/.local/lib/python3.12/site-packages/airflow/example_dags/example_python_operator.py took 0.081 seconds
[2024-08-30T02:54:14.100+0000] {processor.py:186} INFO - Started process (PID=5875) to work on /home/airflow/.local/lib/python3.12/site-packages/airflow/example_dags/example_python_operator.py
[2024-08-30T02:54:14.101+0000] {processor.py:914} INFO - Processing file /home/airflow/.local/lib/python3.12/site-packages/airflow/example_dags/example_python_operator.py for tasks to queue
[2024-08-30T02:54:14.104+0000] {logging_mixin.py:190} INFO - [2024-08-30T02:54:14.104+0000] {dagbag.py:587} INFO - Filling up the DagBag from /home/airflow/.local/lib/python3.12/site-packages/airflow/example_dags/example_python_operator.py
[2024-08-30T02:54:14.116+0000] {processor.py:925} INFO - DAG(s) 'example_python_operator' retrieved from /home/airflow/.local/lib/python3.12/site-packages/airflow/example_dags/example_python_operator.py
[2024-08-30T02:54:14.140+0000] {logging_mixin.py:190} INFO - [2024-08-30T02:54:14.140+0000] {dag.py:3211} INFO - Sync 1 DAGs
[2024-08-30T02:54:14.155+0000] {logging_mixin.py:190} INFO - [2024-08-30T02:54:14.155+0000] {dag.py:4138} INFO - Setting next_dagrun for example_python_operator to None, run_after=None
[2024-08-30T02:54:14.177+0000] {processor.py:208} INFO - Processing /home/airflow/.local/lib/python3.12/site-packages/airflow/example_dags/example_python_operator.py took 0.084 seconds
[2024-08-30T02:54:45.123+0000] {processor.py:186} INFO - Started process (PID=6167) to work on /home/airflow/.local/lib/python3.12/site-packages/airflow/example_dags/example_python_operator.py
[2024-08-30T02:54:45.124+0000] {processor.py:914} INFO - Processing file /home/airflow/.local/lib/python3.12/site-packages/airflow/example_dags/example_python_operator.py for tasks to queue
[2024-08-30T02:54:45.126+0000] {logging_mixin.py:190} INFO - [2024-08-30T02:54:45.126+0000] {dagbag.py:587} INFO - Filling up the DagBag from /home/airflow/.local/lib/python3.12/site-packages/airflow/example_dags/example_python_operator.py
[2024-08-30T02:54:45.137+0000] {processor.py:925} INFO - DAG(s) 'example_python_operator' retrieved from /home/airflow/.local/lib/python3.12/site-packages/airflow/example_dags/example_python_operator.py
[2024-08-30T02:54:45.160+0000] {logging_mixin.py:190} INFO - [2024-08-30T02:54:45.160+0000] {dag.py:3211} INFO - Sync 1 DAGs
[2024-08-30T02:54:45.175+0000] {logging_mixin.py:190} INFO - [2024-08-30T02:54:45.175+0000] {dag.py:4138} INFO - Setting next_dagrun for example_python_operator to None, run_after=None
[2024-08-30T02:54:45.197+0000] {processor.py:208} INFO - Processing /home/airflow/.local/lib/python3.12/site-packages/airflow/example_dags/example_python_operator.py took 0.079 seconds
[2024-08-30T02:55:15.948+0000] {processor.py:186} INFO - Started process (PID=6455) to work on /home/airflow/.local/lib/python3.12/site-packages/airflow/example_dags/example_python_operator.py
[2024-08-30T02:55:15.949+0000] {processor.py:914} INFO - Processing file /home/airflow/.local/lib/python3.12/site-packages/airflow/example_dags/example_python_operator.py for tasks to queue
[2024-08-30T02:55:15.951+0000] {logging_mixin.py:190} INFO - [2024-08-30T02:55:15.951+0000] {dagbag.py:587} INFO - Filling up the DagBag from /home/airflow/.local/lib/python3.12/site-packages/airflow/example_dags/example_python_operator.py
[2024-08-30T02:55:15.961+0000] {processor.py:925} INFO - DAG(s) 'example_python_operator' retrieved from /home/airflow/.local/lib/python3.12/site-packages/airflow/example_dags/example_python_operator.py
[2024-08-30T02:55:15.983+0000] {logging_mixin.py:190} INFO - [2024-08-30T02:55:15.982+0000] {dag.py:3211} INFO - Sync 1 DAGs
[2024-08-30T02:55:15.996+0000] {logging_mixin.py:190} INFO - [2024-08-30T02:55:15.996+0000] {dag.py:4138} INFO - Setting next_dagrun for example_python_operator to None, run_after=None
[2024-08-30T02:55:16.014+0000] {processor.py:208} INFO - Processing /home/airflow/.local/lib/python3.12/site-packages/airflow/example_dags/example_python_operator.py took 0.072 seconds
[2024-08-30T02:55:46.323+0000] {processor.py:186} INFO - Started process (PID=6741) to work on /home/airflow/.local/lib/python3.12/site-packages/airflow/example_dags/example_python_operator.py
[2024-08-30T02:55:46.324+0000] {processor.py:914} INFO - Processing file /home/airflow/.local/lib/python3.12/site-packages/airflow/example_dags/example_python_operator.py for tasks to queue
[2024-08-30T02:55:46.326+0000] {logging_mixin.py:190} INFO - [2024-08-30T02:55:46.326+0000] {dagbag.py:587} INFO - Filling up the DagBag from /home/airflow/.local/lib/python3.12/site-packages/airflow/example_dags/example_python_operator.py
[2024-08-30T02:55:46.338+0000] {processor.py:925} INFO - DAG(s) 'example_python_operator' retrieved from /home/airflow/.local/lib/python3.12/site-packages/airflow/example_dags/example_python_operator.py
[2024-08-30T02:55:46.360+0000] {logging_mixin.py:190} INFO - [2024-08-30T02:55:46.360+0000] {dag.py:3211} INFO - Sync 1 DAGs
[2024-08-30T02:55:46.375+0000] {logging_mixin.py:190} INFO - [2024-08-30T02:55:46.374+0000] {dag.py:4138} INFO - Setting next_dagrun for example_python_operator to None, run_after=None
[2024-08-30T02:55:46.392+0000] {processor.py:208} INFO - Processing /home/airflow/.local/lib/python3.12/site-packages/airflow/example_dags/example_python_operator.py took 0.075 seconds
[2024-08-30T02:56:16.715+0000] {processor.py:186} INFO - Started process (PID=7027) to work on /home/airflow/.local/lib/python3.12/site-packages/airflow/example_dags/example_python_operator.py
[2024-08-30T02:56:16.716+0000] {processor.py:914} INFO - Processing file /home/airflow/.local/lib/python3.12/site-packages/airflow/example_dags/example_python_operator.py for tasks to queue
[2024-08-30T02:56:16.718+0000] {logging_mixin.py:190} INFO - [2024-08-30T02:56:16.718+0000] {dagbag.py:587} INFO - Filling up the DagBag from /home/airflow/.local/lib/python3.12/site-packages/airflow/example_dags/example_python_operator.py
[2024-08-30T02:56:16.728+0000] {processor.py:925} INFO - DAG(s) 'example_python_operator' retrieved from /home/airflow/.local/lib/python3.12/site-packages/airflow/example_dags/example_python_operator.py
[2024-08-30T02:56:16.749+0000] {logging_mixin.py:190} INFO - [2024-08-30T02:56:16.749+0000] {dag.py:3211} INFO - Sync 1 DAGs
[2024-08-30T02:56:16.762+0000] {logging_mixin.py:190} INFO - [2024-08-30T02:56:16.762+0000] {dag.py:4138} INFO - Setting next_dagrun for example_python_operator to None, run_after=None
[2024-08-30T02:56:16.783+0000] {processor.py:208} INFO - Processing /home/airflow/.local/lib/python3.12/site-packages/airflow/example_dags/example_python_operator.py took 0.074 seconds
[2024-08-30T02:56:47.098+0000] {processor.py:186} INFO - Started process (PID=7311) to work on /home/airflow/.local/lib/python3.12/site-packages/airflow/example_dags/example_python_operator.py
[2024-08-30T02:56:47.099+0000] {processor.py:914} INFO - Processing file /home/airflow/.local/lib/python3.12/site-packages/airflow/example_dags/example_python_operator.py for tasks to queue
[2024-08-30T02:56:47.102+0000] {logging_mixin.py:190} INFO - [2024-08-30T02:56:47.102+0000] {dagbag.py:587} INFO - Filling up the DagBag from /home/airflow/.local/lib/python3.12/site-packages/airflow/example_dags/example_python_operator.py
[2024-08-30T02:56:47.113+0000] {processor.py:925} INFO - DAG(s) 'example_python_operator' retrieved from /home/airflow/.local/lib/python3.12/site-packages/airflow/example_dags/example_python_operator.py
[2024-08-30T02:56:47.137+0000] {logging_mixin.py:190} INFO - [2024-08-30T02:56:47.137+0000] {dag.py:3211} INFO - Sync 1 DAGs
[2024-08-30T02:56:47.152+0000] {logging_mixin.py:190} INFO - [2024-08-30T02:56:47.152+0000] {dag.py:4138} INFO - Setting next_dagrun for example_python_operator to None, run_after=None
[2024-08-30T02:56:47.177+0000] {processor.py:208} INFO - Processing /home/airflow/.local/lib/python3.12/site-packages/airflow/example_dags/example_python_operator.py took 0.084 seconds
[2024-08-30T02:57:17.364+0000] {processor.py:186} INFO - Started process (PID=7599) to work on /home/airflow/.local/lib/python3.12/site-packages/airflow/example_dags/example_python_operator.py
[2024-08-30T02:57:17.364+0000] {processor.py:914} INFO - Processing file /home/airflow/.local/lib/python3.12/site-packages/airflow/example_dags/example_python_operator.py for tasks to queue
[2024-08-30T02:57:17.366+0000] {logging_mixin.py:190} INFO - [2024-08-30T02:57:17.366+0000] {dagbag.py:587} INFO - Filling up the DagBag from /home/airflow/.local/lib/python3.12/site-packages/airflow/example_dags/example_python_operator.py
[2024-08-30T02:57:17.376+0000] {processor.py:925} INFO - DAG(s) 'example_python_operator' retrieved from /home/airflow/.local/lib/python3.12/site-packages/airflow/example_dags/example_python_operator.py
[2024-08-30T02:57:17.396+0000] {logging_mixin.py:190} INFO - [2024-08-30T02:57:17.395+0000] {dag.py:3211} INFO - Sync 1 DAGs
[2024-08-30T02:57:17.409+0000] {logging_mixin.py:190} INFO - [2024-08-30T02:57:17.408+0000] {dag.py:4138} INFO - Setting next_dagrun for example_python_operator to None, run_after=None
[2024-08-30T02:57:17.426+0000] {processor.py:208} INFO - Processing /home/airflow/.local/lib/python3.12/site-packages/airflow/example_dags/example_python_operator.py took 0.067 seconds
