[2024-08-30T02:44:27.937+0000] {processor.py:186} INFO - Started process (PID=317) to work on /home/airflow/.local/lib/python3.12/site-packages/airflow/example_dags/example_branch_operator.py
[2024-08-30T02:44:27.938+0000] {processor.py:914} INFO - Processing file /home/airflow/.local/lib/python3.12/site-packages/airflow/example_dags/example_branch_operator.py for tasks to queue
[2024-08-30T02:44:27.939+0000] {logging_mixin.py:190} INFO - [2024-08-30T02:44:27.939+0000] {dagbag.py:587} INFO - Filling up the DagBag from /home/airflow/.local/lib/python3.12/site-packages/airflow/example_dags/example_branch_operator.py
[2024-08-30T02:44:27.955+0000] {processor.py:925} INFO - DAG(s) 'example_branch_operator' retrieved from /home/airflow/.local/lib/python3.12/site-packages/airflow/example_dags/example_branch_operator.py
[2024-08-30T02:44:28.054+0000] {logging_mixin.py:190} INFO - [2024-08-30T02:44:28.053+0000] {dag.py:3211} INFO - Sync 1 DAGs
[2024-08-30T02:44:28.074+0000] {logging_mixin.py:190} INFO - [2024-08-30T02:44:28.073+0000] {dag.py:4138} INFO - Setting next_dagrun for example_branch_operator to 2024-08-29 00:00:00+00:00, run_after=2024-08-30 00:00:00+00:00
[2024-08-30T02:44:28.096+0000] {processor.py:208} INFO - Processing /home/airflow/.local/lib/python3.12/site-packages/airflow/example_dags/example_branch_operator.py took 0.165 seconds
[2024-08-30T02:44:58.183+0000] {processor.py:186} INFO - Started process (PID=607) to work on /home/airflow/.local/lib/python3.12/site-packages/airflow/example_dags/example_branch_operator.py
[2024-08-30T02:44:58.184+0000] {processor.py:914} INFO - Processing file /home/airflow/.local/lib/python3.12/site-packages/airflow/example_dags/example_branch_operator.py for tasks to queue
[2024-08-30T02:44:58.187+0000] {logging_mixin.py:190} INFO - [2024-08-30T02:44:58.186+0000] {dagbag.py:587} INFO - Filling up the DagBag from /home/airflow/.local/lib/python3.12/site-packages/airflow/example_dags/example_branch_operator.py
[2024-08-30T02:44:58.203+0000] {processor.py:925} INFO - DAG(s) 'example_branch_operator' retrieved from /home/airflow/.local/lib/python3.12/site-packages/airflow/example_dags/example_branch_operator.py
[2024-08-30T02:44:58.232+0000] {logging_mixin.py:190} INFO - [2024-08-30T02:44:58.232+0000] {dag.py:3211} INFO - Sync 1 DAGs
[2024-08-30T02:44:58.256+0000] {logging_mixin.py:190} INFO - [2024-08-30T02:44:58.256+0000] {dag.py:4138} INFO - Setting next_dagrun for example_branch_operator to 2024-08-29 00:00:00+00:00, run_after=2024-08-30 00:00:00+00:00
[2024-08-30T02:44:58.279+0000] {processor.py:208} INFO - Processing /home/airflow/.local/lib/python3.12/site-packages/airflow/example_dags/example_branch_operator.py took 0.101 seconds
[2024-08-30T02:45:28.796+0000] {processor.py:186} INFO - Started process (PID=893) to work on /home/airflow/.local/lib/python3.12/site-packages/airflow/example_dags/example_branch_operator.py
[2024-08-30T02:45:28.797+0000] {processor.py:914} INFO - Processing file /home/airflow/.local/lib/python3.12/site-packages/airflow/example_dags/example_branch_operator.py for tasks to queue
[2024-08-30T02:45:28.800+0000] {logging_mixin.py:190} INFO - [2024-08-30T02:45:28.799+0000] {dagbag.py:587} INFO - Filling up the DagBag from /home/airflow/.local/lib/python3.12/site-packages/airflow/example_dags/example_branch_operator.py
[2024-08-30T02:45:28.815+0000] {processor.py:925} INFO - DAG(s) 'example_branch_operator' retrieved from /home/airflow/.local/lib/python3.12/site-packages/airflow/example_dags/example_branch_operator.py
[2024-08-30T02:45:28.844+0000] {logging_mixin.py:190} INFO - [2024-08-30T02:45:28.843+0000] {dag.py:3211} INFO - Sync 1 DAGs
[2024-08-30T02:45:28.867+0000] {logging_mixin.py:190} INFO - [2024-08-30T02:45:28.866+0000] {dag.py:4138} INFO - Setting next_dagrun for example_branch_operator to 2024-08-29 00:00:00+00:00, run_after=2024-08-30 00:00:00+00:00
[2024-08-30T02:45:28.888+0000] {processor.py:208} INFO - Processing /home/airflow/.local/lib/python3.12/site-packages/airflow/example_dags/example_branch_operator.py took 0.097 seconds
[2024-08-30T02:45:59.621+0000] {processor.py:186} INFO - Started process (PID=1179) to work on /home/airflow/.local/lib/python3.12/site-packages/airflow/example_dags/example_branch_operator.py
[2024-08-30T02:45:59.622+0000] {processor.py:914} INFO - Processing file /home/airflow/.local/lib/python3.12/site-packages/airflow/example_dags/example_branch_operator.py for tasks to queue
[2024-08-30T02:45:59.625+0000] {logging_mixin.py:190} INFO - [2024-08-30T02:45:59.624+0000] {dagbag.py:587} INFO - Filling up the DagBag from /home/airflow/.local/lib/python3.12/site-packages/airflow/example_dags/example_branch_operator.py
[2024-08-30T02:45:59.638+0000] {processor.py:925} INFO - DAG(s) 'example_branch_operator' retrieved from /home/airflow/.local/lib/python3.12/site-packages/airflow/example_dags/example_branch_operator.py
[2024-08-30T02:45:59.663+0000] {logging_mixin.py:190} INFO - [2024-08-30T02:45:59.662+0000] {dag.py:3211} INFO - Sync 1 DAGs
[2024-08-30T02:45:59.683+0000] {logging_mixin.py:190} INFO - [2024-08-30T02:45:59.683+0000] {dag.py:4138} INFO - Setting next_dagrun for example_branch_operator to 2024-08-29 00:00:00+00:00, run_after=2024-08-30 00:00:00+00:00
[2024-08-30T02:45:59.702+0000] {processor.py:208} INFO - Processing /home/airflow/.local/lib/python3.12/site-packages/airflow/example_dags/example_branch_operator.py took 0.085 seconds
[2024-08-30T02:46:30.130+0000] {processor.py:186} INFO - Started process (PID=1465) to work on /home/airflow/.local/lib/python3.12/site-packages/airflow/example_dags/example_branch_operator.py
[2024-08-30T02:46:30.131+0000] {processor.py:914} INFO - Processing file /home/airflow/.local/lib/python3.12/site-packages/airflow/example_dags/example_branch_operator.py for tasks to queue
[2024-08-30T02:46:30.133+0000] {logging_mixin.py:190} INFO - [2024-08-30T02:46:30.133+0000] {dagbag.py:587} INFO - Filling up the DagBag from /home/airflow/.local/lib/python3.12/site-packages/airflow/example_dags/example_branch_operator.py
[2024-08-30T02:46:30.146+0000] {processor.py:925} INFO - DAG(s) 'example_branch_operator' retrieved from /home/airflow/.local/lib/python3.12/site-packages/airflow/example_dags/example_branch_operator.py
[2024-08-30T02:46:30.171+0000] {logging_mixin.py:190} INFO - [2024-08-30T02:46:30.171+0000] {dag.py:3211} INFO - Sync 1 DAGs
[2024-08-30T02:46:30.192+0000] {logging_mixin.py:190} INFO - [2024-08-30T02:46:30.192+0000] {dag.py:4138} INFO - Setting next_dagrun for example_branch_operator to 2024-08-29 00:00:00+00:00, run_after=2024-08-30 00:00:00+00:00
[2024-08-30T02:46:30.209+0000] {processor.py:208} INFO - Processing /home/airflow/.local/lib/python3.12/site-packages/airflow/example_dags/example_branch_operator.py took 0.084 seconds
[2024-08-30T02:47:00.765+0000] {processor.py:186} INFO - Started process (PID=1751) to work on /home/airflow/.local/lib/python3.12/site-packages/airflow/example_dags/example_branch_operator.py
[2024-08-30T02:47:00.766+0000] {processor.py:914} INFO - Processing file /home/airflow/.local/lib/python3.12/site-packages/airflow/example_dags/example_branch_operator.py for tasks to queue
[2024-08-30T02:47:00.768+0000] {logging_mixin.py:190} INFO - [2024-08-30T02:47:00.768+0000] {dagbag.py:587} INFO - Filling up the DagBag from /home/airflow/.local/lib/python3.12/site-packages/airflow/example_dags/example_branch_operator.py
[2024-08-30T02:47:00.782+0000] {processor.py:925} INFO - DAG(s) 'example_branch_operator' retrieved from /home/airflow/.local/lib/python3.12/site-packages/airflow/example_dags/example_branch_operator.py
[2024-08-30T02:47:00.809+0000] {logging_mixin.py:190} INFO - [2024-08-30T02:47:00.809+0000] {dag.py:3211} INFO - Sync 1 DAGs
[2024-08-30T02:47:00.830+0000] {logging_mixin.py:190} INFO - [2024-08-30T02:47:00.830+0000] {dag.py:4138} INFO - Setting next_dagrun for example_branch_operator to 2024-08-29 00:00:00+00:00, run_after=2024-08-30 00:00:00+00:00
[2024-08-30T02:47:00.853+0000] {processor.py:208} INFO - Processing /home/airflow/.local/lib/python3.12/site-packages/airflow/example_dags/example_branch_operator.py took 0.092 seconds
[2024-08-30T02:47:31.774+0000] {processor.py:186} INFO - Started process (PID=2037) to work on /home/airflow/.local/lib/python3.12/site-packages/airflow/example_dags/example_branch_operator.py
[2024-08-30T02:47:31.775+0000] {processor.py:914} INFO - Processing file /home/airflow/.local/lib/python3.12/site-packages/airflow/example_dags/example_branch_operator.py for tasks to queue
[2024-08-30T02:47:31.778+0000] {logging_mixin.py:190} INFO - [2024-08-30T02:47:31.777+0000] {dagbag.py:587} INFO - Filling up the DagBag from /home/airflow/.local/lib/python3.12/site-packages/airflow/example_dags/example_branch_operator.py
[2024-08-30T02:47:31.792+0000] {processor.py:925} INFO - DAG(s) 'example_branch_operator' retrieved from /home/airflow/.local/lib/python3.12/site-packages/airflow/example_dags/example_branch_operator.py
[2024-08-30T02:47:31.818+0000] {logging_mixin.py:190} INFO - [2024-08-30T02:47:31.817+0000] {dag.py:3211} INFO - Sync 1 DAGs
[2024-08-30T02:47:31.840+0000] {logging_mixin.py:190} INFO - [2024-08-30T02:47:31.840+0000] {dag.py:4138} INFO - Setting next_dagrun for example_branch_operator to 2024-08-29 00:00:00+00:00, run_after=2024-08-30 00:00:00+00:00
[2024-08-30T02:47:31.859+0000] {processor.py:208} INFO - Processing /home/airflow/.local/lib/python3.12/site-packages/airflow/example_dags/example_branch_operator.py took 0.090 seconds
[2024-08-30T02:48:02.629+0000] {processor.py:186} INFO - Started process (PID=2323) to work on /home/airflow/.local/lib/python3.12/site-packages/airflow/example_dags/example_branch_operator.py
[2024-08-30T02:48:02.630+0000] {processor.py:914} INFO - Processing file /home/airflow/.local/lib/python3.12/site-packages/airflow/example_dags/example_branch_operator.py for tasks to queue
[2024-08-30T02:48:02.633+0000] {logging_mixin.py:190} INFO - [2024-08-30T02:48:02.632+0000] {dagbag.py:587} INFO - Filling up the DagBag from /home/airflow/.local/lib/python3.12/site-packages/airflow/example_dags/example_branch_operator.py
[2024-08-30T02:48:02.646+0000] {processor.py:925} INFO - DAG(s) 'example_branch_operator' retrieved from /home/airflow/.local/lib/python3.12/site-packages/airflow/example_dags/example_branch_operator.py
[2024-08-30T02:48:02.674+0000] {logging_mixin.py:190} INFO - [2024-08-30T02:48:02.674+0000] {dag.py:3211} INFO - Sync 1 DAGs
[2024-08-30T02:48:02.696+0000] {logging_mixin.py:190} INFO - [2024-08-30T02:48:02.696+0000] {dag.py:4138} INFO - Setting next_dagrun for example_branch_operator to 2024-08-29 00:00:00+00:00, run_after=2024-08-30 00:00:00+00:00
[2024-08-30T02:48:02.721+0000] {processor.py:208} INFO - Processing /home/airflow/.local/lib/python3.12/site-packages/airflow/example_dags/example_branch_operator.py took 0.096 seconds
[2024-08-30T02:48:33.621+0000] {processor.py:186} INFO - Started process (PID=2609) to work on /home/airflow/.local/lib/python3.12/site-packages/airflow/example_dags/example_branch_operator.py
[2024-08-30T02:48:33.622+0000] {processor.py:914} INFO - Processing file /home/airflow/.local/lib/python3.12/site-packages/airflow/example_dags/example_branch_operator.py for tasks to queue
[2024-08-30T02:48:33.624+0000] {logging_mixin.py:190} INFO - [2024-08-30T02:48:33.624+0000] {dagbag.py:587} INFO - Filling up the DagBag from /home/airflow/.local/lib/python3.12/site-packages/airflow/example_dags/example_branch_operator.py
[2024-08-30T02:48:33.639+0000] {processor.py:925} INFO - DAG(s) 'example_branch_operator' retrieved from /home/airflow/.local/lib/python3.12/site-packages/airflow/example_dags/example_branch_operator.py
[2024-08-30T02:48:33.664+0000] {logging_mixin.py:190} INFO - [2024-08-30T02:48:33.664+0000] {dag.py:3211} INFO - Sync 1 DAGs
[2024-08-30T02:48:33.686+0000] {logging_mixin.py:190} INFO - [2024-08-30T02:48:33.686+0000] {dag.py:4138} INFO - Setting next_dagrun for example_branch_operator to 2024-08-29 00:00:00+00:00, run_after=2024-08-30 00:00:00+00:00
[2024-08-30T02:48:33.708+0000] {processor.py:208} INFO - Processing /home/airflow/.local/lib/python3.12/site-packages/airflow/example_dags/example_branch_operator.py took 0.092 seconds
[2024-08-30T02:49:04.331+0000] {processor.py:186} INFO - Started process (PID=2895) to work on /home/airflow/.local/lib/python3.12/site-packages/airflow/example_dags/example_branch_operator.py
[2024-08-30T02:49:04.332+0000] {processor.py:914} INFO - Processing file /home/airflow/.local/lib/python3.12/site-packages/airflow/example_dags/example_branch_operator.py for tasks to queue
[2024-08-30T02:49:04.335+0000] {logging_mixin.py:190} INFO - [2024-08-30T02:49:04.334+0000] {dagbag.py:587} INFO - Filling up the DagBag from /home/airflow/.local/lib/python3.12/site-packages/airflow/example_dags/example_branch_operator.py
[2024-08-30T02:49:04.348+0000] {processor.py:925} INFO - DAG(s) 'example_branch_operator' retrieved from /home/airflow/.local/lib/python3.12/site-packages/airflow/example_dags/example_branch_operator.py
[2024-08-30T02:49:04.374+0000] {logging_mixin.py:190} INFO - [2024-08-30T02:49:04.373+0000] {dag.py:3211} INFO - Sync 1 DAGs
[2024-08-30T02:49:04.394+0000] {logging_mixin.py:190} INFO - [2024-08-30T02:49:04.394+0000] {dag.py:4138} INFO - Setting next_dagrun for example_branch_operator to 2024-08-29 00:00:00+00:00, run_after=2024-08-30 00:00:00+00:00
[2024-08-30T02:49:04.414+0000] {processor.py:208} INFO - Processing /home/airflow/.local/lib/python3.12/site-packages/airflow/example_dags/example_branch_operator.py took 0.088 seconds
[2024-08-30T02:49:35.340+0000] {processor.py:186} INFO - Started process (PID=3181) to work on /home/airflow/.local/lib/python3.12/site-packages/airflow/example_dags/example_branch_operator.py
[2024-08-30T02:49:35.341+0000] {processor.py:914} INFO - Processing file /home/airflow/.local/lib/python3.12/site-packages/airflow/example_dags/example_branch_operator.py for tasks to queue
[2024-08-30T02:49:35.344+0000] {logging_mixin.py:190} INFO - [2024-08-30T02:49:35.344+0000] {dagbag.py:587} INFO - Filling up the DagBag from /home/airflow/.local/lib/python3.12/site-packages/airflow/example_dags/example_branch_operator.py
[2024-08-30T02:49:35.357+0000] {processor.py:925} INFO - DAG(s) 'example_branch_operator' retrieved from /home/airflow/.local/lib/python3.12/site-packages/airflow/example_dags/example_branch_operator.py
[2024-08-30T02:49:35.382+0000] {logging_mixin.py:190} INFO - [2024-08-30T02:49:35.382+0000] {dag.py:3211} INFO - Sync 1 DAGs
[2024-08-30T02:49:35.403+0000] {logging_mixin.py:190} INFO - [2024-08-30T02:49:35.403+0000] {dag.py:4138} INFO - Setting next_dagrun for example_branch_operator to 2024-08-29 00:00:00+00:00, run_after=2024-08-30 00:00:00+00:00
[2024-08-30T02:49:35.421+0000] {processor.py:208} INFO - Processing /home/airflow/.local/lib/python3.12/site-packages/airflow/example_dags/example_branch_operator.py took 0.085 seconds
[2024-08-30T02:50:05.872+0000] {processor.py:186} INFO - Started process (PID=3462) to work on /home/airflow/.local/lib/python3.12/site-packages/airflow/example_dags/example_branch_operator.py
[2024-08-30T02:50:05.873+0000] {processor.py:914} INFO - Processing file /home/airflow/.local/lib/python3.12/site-packages/airflow/example_dags/example_branch_operator.py for tasks to queue
[2024-08-30T02:50:05.876+0000] {logging_mixin.py:190} INFO - [2024-08-30T02:50:05.876+0000] {dagbag.py:587} INFO - Filling up the DagBag from /home/airflow/.local/lib/python3.12/site-packages/airflow/example_dags/example_branch_operator.py
[2024-08-30T02:50:05.902+0000] {processor.py:925} INFO - DAG(s) 'example_branch_operator' retrieved from /home/airflow/.local/lib/python3.12/site-packages/airflow/example_dags/example_branch_operator.py
[2024-08-30T02:50:05.938+0000] {logging_mixin.py:190} INFO - [2024-08-30T02:50:05.938+0000] {dag.py:3211} INFO - Sync 1 DAGs
[2024-08-30T02:50:05.963+0000] {logging_mixin.py:190} INFO - [2024-08-30T02:50:05.963+0000] {dag.py:4138} INFO - Setting next_dagrun for example_branch_operator to 2024-08-29 00:00:00+00:00, run_after=2024-08-30 00:00:00+00:00
[2024-08-30T02:50:05.985+0000] {processor.py:208} INFO - Processing /home/airflow/.local/lib/python3.12/site-packages/airflow/example_dags/example_branch_operator.py took 0.121 seconds
[2024-08-30T02:50:36.642+0000] {processor.py:186} INFO - Started process (PID=3753) to work on /home/airflow/.local/lib/python3.12/site-packages/airflow/example_dags/example_branch_operator.py
[2024-08-30T02:50:36.643+0000] {processor.py:914} INFO - Processing file /home/airflow/.local/lib/python3.12/site-packages/airflow/example_dags/example_branch_operator.py for tasks to queue
[2024-08-30T02:50:36.645+0000] {logging_mixin.py:190} INFO - [2024-08-30T02:50:36.645+0000] {dagbag.py:587} INFO - Filling up the DagBag from /home/airflow/.local/lib/python3.12/site-packages/airflow/example_dags/example_branch_operator.py
[2024-08-30T02:50:36.659+0000] {processor.py:925} INFO - DAG(s) 'example_branch_operator' retrieved from /home/airflow/.local/lib/python3.12/site-packages/airflow/example_dags/example_branch_operator.py
[2024-08-30T02:50:36.687+0000] {logging_mixin.py:190} INFO - [2024-08-30T02:50:36.687+0000] {dag.py:3211} INFO - Sync 1 DAGs
[2024-08-30T02:50:36.709+0000] {logging_mixin.py:190} INFO - [2024-08-30T02:50:36.709+0000] {dag.py:4138} INFO - Setting next_dagrun for example_branch_operator to 2024-08-29 00:00:00+00:00, run_after=2024-08-30 00:00:00+00:00
[2024-08-30T02:50:36.728+0000] {processor.py:208} INFO - Processing /home/airflow/.local/lib/python3.12/site-packages/airflow/example_dags/example_branch_operator.py took 0.090 seconds
[2024-08-30T02:51:07.286+0000] {processor.py:186} INFO - Started process (PID=4039) to work on /home/airflow/.local/lib/python3.12/site-packages/airflow/example_dags/example_branch_operator.py
[2024-08-30T02:51:07.287+0000] {processor.py:914} INFO - Processing file /home/airflow/.local/lib/python3.12/site-packages/airflow/example_dags/example_branch_operator.py for tasks to queue
[2024-08-30T02:51:07.290+0000] {logging_mixin.py:190} INFO - [2024-08-30T02:51:07.289+0000] {dagbag.py:587} INFO - Filling up the DagBag from /home/airflow/.local/lib/python3.12/site-packages/airflow/example_dags/example_branch_operator.py
[2024-08-30T02:51:07.305+0000] {processor.py:925} INFO - DAG(s) 'example_branch_operator' retrieved from /home/airflow/.local/lib/python3.12/site-packages/airflow/example_dags/example_branch_operator.py
[2024-08-30T02:51:07.332+0000] {logging_mixin.py:190} INFO - [2024-08-30T02:51:07.331+0000] {dag.py:3211} INFO - Sync 1 DAGs
[2024-08-30T02:51:07.355+0000] {logging_mixin.py:190} INFO - [2024-08-30T02:51:07.355+0000] {dag.py:4138} INFO - Setting next_dagrun for example_branch_operator to 2024-08-29 00:00:00+00:00, run_after=2024-08-30 00:00:00+00:00
[2024-08-30T02:51:07.374+0000] {processor.py:208} INFO - Processing /home/airflow/.local/lib/python3.12/site-packages/airflow/example_dags/example_branch_operator.py took 0.092 seconds
[2024-08-30T02:51:37.979+0000] {processor.py:186} INFO - Started process (PID=4325) to work on /home/airflow/.local/lib/python3.12/site-packages/airflow/example_dags/example_branch_operator.py
[2024-08-30T02:51:37.980+0000] {processor.py:914} INFO - Processing file /home/airflow/.local/lib/python3.12/site-packages/airflow/example_dags/example_branch_operator.py for tasks to queue
[2024-08-30T02:51:37.982+0000] {logging_mixin.py:190} INFO - [2024-08-30T02:51:37.982+0000] {dagbag.py:587} INFO - Filling up the DagBag from /home/airflow/.local/lib/python3.12/site-packages/airflow/example_dags/example_branch_operator.py
[2024-08-30T02:51:37.997+0000] {processor.py:925} INFO - DAG(s) 'example_branch_operator' retrieved from /home/airflow/.local/lib/python3.12/site-packages/airflow/example_dags/example_branch_operator.py
[2024-08-30T02:51:38.023+0000] {logging_mixin.py:190} INFO - [2024-08-30T02:51:38.022+0000] {dag.py:3211} INFO - Sync 1 DAGs
[2024-08-30T02:51:38.045+0000] {logging_mixin.py:190} INFO - [2024-08-30T02:51:38.044+0000] {dag.py:4138} INFO - Setting next_dagrun for example_branch_operator to 2024-08-29 00:00:00+00:00, run_after=2024-08-30 00:00:00+00:00
[2024-08-30T02:51:38.062+0000] {processor.py:208} INFO - Processing /home/airflow/.local/lib/python3.12/site-packages/airflow/example_dags/example_branch_operator.py took 0.088 seconds
[2024-08-30T02:52:08.745+0000] {processor.py:186} INFO - Started process (PID=4611) to work on /home/airflow/.local/lib/python3.12/site-packages/airflow/example_dags/example_branch_operator.py
[2024-08-30T02:52:08.746+0000] {processor.py:914} INFO - Processing file /home/airflow/.local/lib/python3.12/site-packages/airflow/example_dags/example_branch_operator.py for tasks to queue
[2024-08-30T02:52:08.748+0000] {logging_mixin.py:190} INFO - [2024-08-30T02:52:08.748+0000] {dagbag.py:587} INFO - Filling up the DagBag from /home/airflow/.local/lib/python3.12/site-packages/airflow/example_dags/example_branch_operator.py
[2024-08-30T02:52:08.763+0000] {processor.py:925} INFO - DAG(s) 'example_branch_operator' retrieved from /home/airflow/.local/lib/python3.12/site-packages/airflow/example_dags/example_branch_operator.py
[2024-08-30T02:52:08.789+0000] {logging_mixin.py:190} INFO - [2024-08-30T02:52:08.789+0000] {dag.py:3211} INFO - Sync 1 DAGs
[2024-08-30T02:52:08.810+0000] {logging_mixin.py:190} INFO - [2024-08-30T02:52:08.810+0000] {dag.py:4138} INFO - Setting next_dagrun for example_branch_operator to 2024-08-29 00:00:00+00:00, run_after=2024-08-30 00:00:00+00:00
[2024-08-30T02:52:08.833+0000] {processor.py:208} INFO - Processing /home/airflow/.local/lib/python3.12/site-packages/airflow/example_dags/example_branch_operator.py took 0.093 seconds
[2024-08-30T02:52:39.510+0000] {processor.py:186} INFO - Started process (PID=4897) to work on /home/airflow/.local/lib/python3.12/site-packages/airflow/example_dags/example_branch_operator.py
[2024-08-30T02:52:39.511+0000] {processor.py:914} INFO - Processing file /home/airflow/.local/lib/python3.12/site-packages/airflow/example_dags/example_branch_operator.py for tasks to queue
[2024-08-30T02:52:39.513+0000] {logging_mixin.py:190} INFO - [2024-08-30T02:52:39.513+0000] {dagbag.py:587} INFO - Filling up the DagBag from /home/airflow/.local/lib/python3.12/site-packages/airflow/example_dags/example_branch_operator.py
[2024-08-30T02:52:39.527+0000] {processor.py:925} INFO - DAG(s) 'example_branch_operator' retrieved from /home/airflow/.local/lib/python3.12/site-packages/airflow/example_dags/example_branch_operator.py
[2024-08-30T02:52:39.555+0000] {logging_mixin.py:190} INFO - [2024-08-30T02:52:39.555+0000] {dag.py:3211} INFO - Sync 1 DAGs
[2024-08-30T02:52:39.578+0000] {logging_mixin.py:190} INFO - [2024-08-30T02:52:39.577+0000] {dag.py:4138} INFO - Setting next_dagrun for example_branch_operator to 2024-08-29 00:00:00+00:00, run_after=2024-08-30 00:00:00+00:00
[2024-08-30T02:52:39.598+0000] {processor.py:208} INFO - Processing /home/airflow/.local/lib/python3.12/site-packages/airflow/example_dags/example_branch_operator.py took 0.092 seconds
[2024-08-30T02:53:10.227+0000] {processor.py:186} INFO - Started process (PID=5183) to work on /home/airflow/.local/lib/python3.12/site-packages/airflow/example_dags/example_branch_operator.py
[2024-08-30T02:53:10.228+0000] {processor.py:914} INFO - Processing file /home/airflow/.local/lib/python3.12/site-packages/airflow/example_dags/example_branch_operator.py for tasks to queue
[2024-08-30T02:53:10.230+0000] {logging_mixin.py:190} INFO - [2024-08-30T02:53:10.230+0000] {dagbag.py:587} INFO - Filling up the DagBag from /home/airflow/.local/lib/python3.12/site-packages/airflow/example_dags/example_branch_operator.py
[2024-08-30T02:53:10.245+0000] {processor.py:925} INFO - DAG(s) 'example_branch_operator' retrieved from /home/airflow/.local/lib/python3.12/site-packages/airflow/example_dags/example_branch_operator.py
[2024-08-30T02:53:10.274+0000] {logging_mixin.py:190} INFO - [2024-08-30T02:53:10.273+0000] {dag.py:3211} INFO - Sync 1 DAGs
[2024-08-30T02:53:10.296+0000] {logging_mixin.py:190} INFO - [2024-08-30T02:53:10.296+0000] {dag.py:4138} INFO - Setting next_dagrun for example_branch_operator to 2024-08-29 00:00:00+00:00, run_after=2024-08-30 00:00:00+00:00
[2024-08-30T02:53:10.315+0000] {processor.py:208} INFO - Processing /home/airflow/.local/lib/python3.12/site-packages/airflow/example_dags/example_branch_operator.py took 0.093 seconds
[2024-08-30T02:53:41.126+0000] {processor.py:186} INFO - Started process (PID=5469) to work on /home/airflow/.local/lib/python3.12/site-packages/airflow/example_dags/example_branch_operator.py
[2024-08-30T02:53:41.127+0000] {processor.py:914} INFO - Processing file /home/airflow/.local/lib/python3.12/site-packages/airflow/example_dags/example_branch_operator.py for tasks to queue
[2024-08-30T02:53:41.129+0000] {logging_mixin.py:190} INFO - [2024-08-30T02:53:41.129+0000] {dagbag.py:587} INFO - Filling up the DagBag from /home/airflow/.local/lib/python3.12/site-packages/airflow/example_dags/example_branch_operator.py
[2024-08-30T02:53:41.146+0000] {processor.py:925} INFO - DAG(s) 'example_branch_operator' retrieved from /home/airflow/.local/lib/python3.12/site-packages/airflow/example_dags/example_branch_operator.py
[2024-08-30T02:53:41.174+0000] {logging_mixin.py:190} INFO - [2024-08-30T02:53:41.174+0000] {dag.py:3211} INFO - Sync 1 DAGs
[2024-08-30T02:53:41.197+0000] {logging_mixin.py:190} INFO - [2024-08-30T02:53:41.197+0000] {dag.py:4138} INFO - Setting next_dagrun for example_branch_operator to 2024-08-29 00:00:00+00:00, run_after=2024-08-30 00:00:00+00:00
[2024-08-30T02:53:41.219+0000] {processor.py:208} INFO - Processing /home/airflow/.local/lib/python3.12/site-packages/airflow/example_dags/example_branch_operator.py took 0.099 seconds
[2024-08-30T02:54:12.262+0000] {processor.py:186} INFO - Started process (PID=5755) to work on /home/airflow/.local/lib/python3.12/site-packages/airflow/example_dags/example_branch_operator.py
[2024-08-30T02:54:12.263+0000] {processor.py:914} INFO - Processing file /home/airflow/.local/lib/python3.12/site-packages/airflow/example_dags/example_branch_operator.py for tasks to queue
[2024-08-30T02:54:12.265+0000] {logging_mixin.py:190} INFO - [2024-08-30T02:54:12.265+0000] {dagbag.py:587} INFO - Filling up the DagBag from /home/airflow/.local/lib/python3.12/site-packages/airflow/example_dags/example_branch_operator.py
[2024-08-30T02:54:12.285+0000] {processor.py:925} INFO - DAG(s) 'example_branch_operator' retrieved from /home/airflow/.local/lib/python3.12/site-packages/airflow/example_dags/example_branch_operator.py
[2024-08-30T02:54:12.317+0000] {logging_mixin.py:190} INFO - [2024-08-30T02:54:12.317+0000] {dag.py:3211} INFO - Sync 1 DAGs
[2024-08-30T02:54:12.341+0000] {logging_mixin.py:190} INFO - [2024-08-30T02:54:12.341+0000] {dag.py:4138} INFO - Setting next_dagrun for example_branch_operator to 2024-08-29 00:00:00+00:00, run_after=2024-08-30 00:00:00+00:00
[2024-08-30T02:54:12.362+0000] {processor.py:208} INFO - Processing /home/airflow/.local/lib/python3.12/site-packages/airflow/example_dags/example_branch_operator.py took 0.106 seconds
[2024-08-30T02:54:43.217+0000] {processor.py:186} INFO - Started process (PID=6041) to work on /home/airflow/.local/lib/python3.12/site-packages/airflow/example_dags/example_branch_operator.py
[2024-08-30T02:54:43.218+0000] {processor.py:914} INFO - Processing file /home/airflow/.local/lib/python3.12/site-packages/airflow/example_dags/example_branch_operator.py for tasks to queue
[2024-08-30T02:54:43.221+0000] {logging_mixin.py:190} INFO - [2024-08-30T02:54:43.221+0000] {dagbag.py:587} INFO - Filling up the DagBag from /home/airflow/.local/lib/python3.12/site-packages/airflow/example_dags/example_branch_operator.py
[2024-08-30T02:54:43.236+0000] {processor.py:925} INFO - DAG(s) 'example_branch_operator' retrieved from /home/airflow/.local/lib/python3.12/site-packages/airflow/example_dags/example_branch_operator.py
[2024-08-30T02:54:43.265+0000] {logging_mixin.py:190} INFO - [2024-08-30T02:54:43.264+0000] {dag.py:3211} INFO - Sync 1 DAGs
[2024-08-30T02:54:43.286+0000] {logging_mixin.py:190} INFO - [2024-08-30T02:54:43.286+0000] {dag.py:4138} INFO - Setting next_dagrun for example_branch_operator to 2024-08-29 00:00:00+00:00, run_after=2024-08-30 00:00:00+00:00
[2024-08-30T02:54:43.306+0000] {processor.py:208} INFO - Processing /home/airflow/.local/lib/python3.12/site-packages/airflow/example_dags/example_branch_operator.py took 0.094 seconds
[2024-08-30T02:55:14.235+0000] {processor.py:186} INFO - Started process (PID=6327) to work on /home/airflow/.local/lib/python3.12/site-packages/airflow/example_dags/example_branch_operator.py
[2024-08-30T02:55:14.236+0000] {processor.py:914} INFO - Processing file /home/airflow/.local/lib/python3.12/site-packages/airflow/example_dags/example_branch_operator.py for tasks to queue
[2024-08-30T02:55:14.239+0000] {logging_mixin.py:190} INFO - [2024-08-30T02:55:14.239+0000] {dagbag.py:587} INFO - Filling up the DagBag from /home/airflow/.local/lib/python3.12/site-packages/airflow/example_dags/example_branch_operator.py
[2024-08-30T02:55:14.256+0000] {processor.py:925} INFO - DAG(s) 'example_branch_operator' retrieved from /home/airflow/.local/lib/python3.12/site-packages/airflow/example_dags/example_branch_operator.py
[2024-08-30T02:55:14.286+0000] {logging_mixin.py:190} INFO - [2024-08-30T02:55:14.286+0000] {dag.py:3211} INFO - Sync 1 DAGs
[2024-08-30T02:55:14.310+0000] {logging_mixin.py:190} INFO - [2024-08-30T02:55:14.310+0000] {dag.py:4138} INFO - Setting next_dagrun for example_branch_operator to 2024-08-29 00:00:00+00:00, run_after=2024-08-30 00:00:00+00:00
[2024-08-30T02:55:14.331+0000] {processor.py:208} INFO - Processing /home/airflow/.local/lib/python3.12/site-packages/airflow/example_dags/example_branch_operator.py took 0.102 seconds
[2024-08-30T02:55:44.485+0000] {processor.py:186} INFO - Started process (PID=6613) to work on /home/airflow/.local/lib/python3.12/site-packages/airflow/example_dags/example_branch_operator.py
[2024-08-30T02:55:44.487+0000] {processor.py:914} INFO - Processing file /home/airflow/.local/lib/python3.12/site-packages/airflow/example_dags/example_branch_operator.py for tasks to queue
[2024-08-30T02:55:44.489+0000] {logging_mixin.py:190} INFO - [2024-08-30T02:55:44.489+0000] {dagbag.py:587} INFO - Filling up the DagBag from /home/airflow/.local/lib/python3.12/site-packages/airflow/example_dags/example_branch_operator.py
[2024-08-30T02:55:44.510+0000] {processor.py:925} INFO - DAG(s) 'example_branch_operator' retrieved from /home/airflow/.local/lib/python3.12/site-packages/airflow/example_dags/example_branch_operator.py
[2024-08-30T02:55:44.548+0000] {logging_mixin.py:190} INFO - [2024-08-30T02:55:44.547+0000] {dag.py:3211} INFO - Sync 1 DAGs
[2024-08-30T02:55:44.583+0000] {logging_mixin.py:190} INFO - [2024-08-30T02:55:44.583+0000] {dag.py:4138} INFO - Setting next_dagrun for example_branch_operator to 2024-08-29 00:00:00+00:00, run_after=2024-08-30 00:00:00+00:00
[2024-08-30T02:55:44.613+0000] {processor.py:208} INFO - Processing /home/airflow/.local/lib/python3.12/site-packages/airflow/example_dags/example_branch_operator.py took 0.135 seconds
[2024-08-30T02:56:14.713+0000] {processor.py:186} INFO - Started process (PID=6900) to work on /home/airflow/.local/lib/python3.12/site-packages/airflow/example_dags/example_branch_operator.py
[2024-08-30T02:56:14.714+0000] {processor.py:914} INFO - Processing file /home/airflow/.local/lib/python3.12/site-packages/airflow/example_dags/example_branch_operator.py for tasks to queue
[2024-08-30T02:56:14.717+0000] {logging_mixin.py:190} INFO - [2024-08-30T02:56:14.716+0000] {dagbag.py:587} INFO - Filling up the DagBag from /home/airflow/.local/lib/python3.12/site-packages/airflow/example_dags/example_branch_operator.py
[2024-08-30T02:56:14.734+0000] {processor.py:925} INFO - DAG(s) 'example_branch_operator' retrieved from /home/airflow/.local/lib/python3.12/site-packages/airflow/example_dags/example_branch_operator.py
[2024-08-30T02:56:14.766+0000] {logging_mixin.py:190} INFO - [2024-08-30T02:56:14.765+0000] {dag.py:3211} INFO - Sync 1 DAGs
[2024-08-30T02:56:14.791+0000] {logging_mixin.py:190} INFO - [2024-08-30T02:56:14.791+0000] {dag.py:4138} INFO - Setting next_dagrun for example_branch_operator to 2024-08-29 00:00:00+00:00, run_after=2024-08-30 00:00:00+00:00
[2024-08-30T02:56:14.813+0000] {processor.py:208} INFO - Processing /home/airflow/.local/lib/python3.12/site-packages/airflow/example_dags/example_branch_operator.py took 0.106 seconds
[2024-08-30T02:56:44.948+0000] {processor.py:186} INFO - Started process (PID=7186) to work on /home/airflow/.local/lib/python3.12/site-packages/airflow/example_dags/example_branch_operator.py
[2024-08-30T02:56:44.949+0000] {processor.py:914} INFO - Processing file /home/airflow/.local/lib/python3.12/site-packages/airflow/example_dags/example_branch_operator.py for tasks to queue
[2024-08-30T02:56:44.951+0000] {logging_mixin.py:190} INFO - [2024-08-30T02:56:44.951+0000] {dagbag.py:587} INFO - Filling up the DagBag from /home/airflow/.local/lib/python3.12/site-packages/airflow/example_dags/example_branch_operator.py
[2024-08-30T02:56:44.967+0000] {processor.py:925} INFO - DAG(s) 'example_branch_operator' retrieved from /home/airflow/.local/lib/python3.12/site-packages/airflow/example_dags/example_branch_operator.py
[2024-08-30T02:56:44.995+0000] {logging_mixin.py:190} INFO - [2024-08-30T02:56:44.995+0000] {dag.py:3211} INFO - Sync 1 DAGs
[2024-08-30T02:56:45.021+0000] {logging_mixin.py:190} INFO - [2024-08-30T02:56:45.021+0000] {dag.py:4138} INFO - Setting next_dagrun for example_branch_operator to 2024-08-29 00:00:00+00:00, run_after=2024-08-30 00:00:00+00:00
[2024-08-30T02:56:45.041+0000] {processor.py:208} INFO - Processing /home/airflow/.local/lib/python3.12/site-packages/airflow/example_dags/example_branch_operator.py took 0.098 seconds
[2024-08-30T02:57:15.239+0000] {processor.py:186} INFO - Started process (PID=7472) to work on /home/airflow/.local/lib/python3.12/site-packages/airflow/example_dags/example_branch_operator.py
[2024-08-30T02:57:15.240+0000] {processor.py:914} INFO - Processing file /home/airflow/.local/lib/python3.12/site-packages/airflow/example_dags/example_branch_operator.py for tasks to queue
[2024-08-30T02:57:15.242+0000] {logging_mixin.py:190} INFO - [2024-08-30T02:57:15.242+0000] {dagbag.py:587} INFO - Filling up the DagBag from /home/airflow/.local/lib/python3.12/site-packages/airflow/example_dags/example_branch_operator.py
[2024-08-30T02:57:15.256+0000] {processor.py:925} INFO - DAG(s) 'example_branch_operator' retrieved from /home/airflow/.local/lib/python3.12/site-packages/airflow/example_dags/example_branch_operator.py
[2024-08-30T02:57:15.282+0000] {logging_mixin.py:190} INFO - [2024-08-30T02:57:15.281+0000] {dag.py:3211} INFO - Sync 1 DAGs
[2024-08-30T02:57:15.304+0000] {logging_mixin.py:190} INFO - [2024-08-30T02:57:15.304+0000] {dag.py:4138} INFO - Setting next_dagrun for example_branch_operator to 2024-08-29 00:00:00+00:00, run_after=2024-08-30 00:00:00+00:00
[2024-08-30T02:57:15.323+0000] {processor.py:208} INFO - Processing /home/airflow/.local/lib/python3.12/site-packages/airflow/example_dags/example_branch_operator.py took 0.089 seconds
