[2024-08-30T02:44:27.164+0000] {processor.py:186} INFO - Started process (PID=262) to work on /home/airflow/.local/lib/python3.12/site-packages/airflow/example_dags/example_trigger_controller_dag.py
[2024-08-30T02:44:27.166+0000] {processor.py:914} INFO - Processing file /home/airflow/.local/lib/python3.12/site-packages/airflow/example_dags/example_trigger_controller_dag.py for tasks to queue
[2024-08-30T02:44:27.168+0000] {logging_mixin.py:190} INFO - [2024-08-30T02:44:27.167+0000] {dagbag.py:587} INFO - Filling up the DagBag from /home/airflow/.local/lib/python3.12/site-packages/airflow/example_dags/example_trigger_controller_dag.py
[2024-08-30T02:44:27.175+0000] {processor.py:925} INFO - DAG(s) 'example_trigger_controller_dag' retrieved from /home/airflow/.local/lib/python3.12/site-packages/airflow/example_dags/example_trigger_controller_dag.py
[2024-08-30T02:44:27.197+0000] {logging_mixin.py:190} INFO - [2024-08-30T02:44:27.197+0000] {dag.py:3211} INFO - Sync 1 DAGs
[2024-08-30T02:44:27.225+0000] {logging_mixin.py:190} INFO - [2024-08-30T02:44:27.224+0000] {dag.py:4138} INFO - Setting next_dagrun for example_trigger_controller_dag to 2021-01-01 00:00:00+00:00, run_after=2021-01-01 00:00:00+00:00
[2024-08-30T02:44:27.254+0000] {processor.py:208} INFO - Processing /home/airflow/.local/lib/python3.12/site-packages/airflow/example_dags/example_trigger_controller_dag.py took 0.096 seconds
[2024-08-30T02:44:57.313+0000] {processor.py:186} INFO - Started process (PID=552) to work on /home/airflow/.local/lib/python3.12/site-packages/airflow/example_dags/example_trigger_controller_dag.py
[2024-08-30T02:44:57.313+0000] {processor.py:914} INFO - Processing file /home/airflow/.local/lib/python3.12/site-packages/airflow/example_dags/example_trigger_controller_dag.py for tasks to queue
[2024-08-30T02:44:57.315+0000] {logging_mixin.py:190} INFO - [2024-08-30T02:44:57.315+0000] {dagbag.py:587} INFO - Filling up the DagBag from /home/airflow/.local/lib/python3.12/site-packages/airflow/example_dags/example_trigger_controller_dag.py
[2024-08-30T02:44:57.321+0000] {processor.py:925} INFO - DAG(s) 'example_trigger_controller_dag' retrieved from /home/airflow/.local/lib/python3.12/site-packages/airflow/example_dags/example_trigger_controller_dag.py
[2024-08-30T02:44:57.339+0000] {logging_mixin.py:190} INFO - [2024-08-30T02:44:57.339+0000] {dag.py:3211} INFO - Sync 1 DAGs
[2024-08-30T02:44:57.361+0000] {logging_mixin.py:190} INFO - [2024-08-30T02:44:57.360+0000] {dag.py:4138} INFO - Setting next_dagrun for example_trigger_controller_dag to 2021-01-01 00:00:00+00:00, run_after=2021-01-01 00:00:00+00:00
[2024-08-30T02:44:57.382+0000] {processor.py:208} INFO - Processing /home/airflow/.local/lib/python3.12/site-packages/airflow/example_dags/example_trigger_controller_dag.py took 0.073 seconds
[2024-08-30T02:45:27.744+0000] {processor.py:186} INFO - Started process (PID=838) to work on /home/airflow/.local/lib/python3.12/site-packages/airflow/example_dags/example_trigger_controller_dag.py
[2024-08-30T02:45:27.746+0000] {processor.py:914} INFO - Processing file /home/airflow/.local/lib/python3.12/site-packages/airflow/example_dags/example_trigger_controller_dag.py for tasks to queue
[2024-08-30T02:45:27.748+0000] {logging_mixin.py:190} INFO - [2024-08-30T02:45:27.748+0000] {dagbag.py:587} INFO - Filling up the DagBag from /home/airflow/.local/lib/python3.12/site-packages/airflow/example_dags/example_trigger_controller_dag.py
[2024-08-30T02:45:27.753+0000] {processor.py:925} INFO - DAG(s) 'example_trigger_controller_dag' retrieved from /home/airflow/.local/lib/python3.12/site-packages/airflow/example_dags/example_trigger_controller_dag.py
[2024-08-30T02:45:27.769+0000] {logging_mixin.py:190} INFO - [2024-08-30T02:45:27.769+0000] {dag.py:3211} INFO - Sync 1 DAGs
[2024-08-30T02:45:27.792+0000] {logging_mixin.py:190} INFO - [2024-08-30T02:45:27.792+0000] {dag.py:4138} INFO - Setting next_dagrun for example_trigger_controller_dag to 2021-01-01 00:00:00+00:00, run_after=2021-01-01 00:00:00+00:00
[2024-08-30T02:45:27.810+0000] {processor.py:208} INFO - Processing /home/airflow/.local/lib/python3.12/site-packages/airflow/example_dags/example_trigger_controller_dag.py took 0.070 seconds
[2024-08-30T02:45:57.853+0000] {processor.py:186} INFO - Started process (PID=1119) to work on /home/airflow/.local/lib/python3.12/site-packages/airflow/example_dags/example_trigger_controller_dag.py
[2024-08-30T02:45:57.854+0000] {processor.py:914} INFO - Processing file /home/airflow/.local/lib/python3.12/site-packages/airflow/example_dags/example_trigger_controller_dag.py for tasks to queue
[2024-08-30T02:45:57.857+0000] {logging_mixin.py:190} INFO - [2024-08-30T02:45:57.856+0000] {dagbag.py:587} INFO - Filling up the DagBag from /home/airflow/.local/lib/python3.12/site-packages/airflow/example_dags/example_trigger_controller_dag.py
[2024-08-30T02:45:57.862+0000] {processor.py:925} INFO - DAG(s) 'example_trigger_controller_dag' retrieved from /home/airflow/.local/lib/python3.12/site-packages/airflow/example_dags/example_trigger_controller_dag.py
[2024-08-30T02:45:57.879+0000] {logging_mixin.py:190} INFO - [2024-08-30T02:45:57.879+0000] {dag.py:3211} INFO - Sync 1 DAGs
[2024-08-30T02:45:57.900+0000] {logging_mixin.py:190} INFO - [2024-08-30T02:45:57.900+0000] {dag.py:4138} INFO - Setting next_dagrun for example_trigger_controller_dag to 2021-01-01 00:00:00+00:00, run_after=2021-01-01 00:00:00+00:00
[2024-08-30T02:45:57.920+0000] {processor.py:208} INFO - Processing /home/airflow/.local/lib/python3.12/site-packages/airflow/example_dags/example_trigger_controller_dag.py took 0.071 seconds
[2024-08-30T02:46:28.506+0000] {processor.py:186} INFO - Started process (PID=1410) to work on /home/airflow/.local/lib/python3.12/site-packages/airflow/example_dags/example_trigger_controller_dag.py
[2024-08-30T02:46:28.507+0000] {processor.py:914} INFO - Processing file /home/airflow/.local/lib/python3.12/site-packages/airflow/example_dags/example_trigger_controller_dag.py for tasks to queue
[2024-08-30T02:46:28.509+0000] {logging_mixin.py:190} INFO - [2024-08-30T02:46:28.509+0000] {dagbag.py:587} INFO - Filling up the DagBag from /home/airflow/.local/lib/python3.12/site-packages/airflow/example_dags/example_trigger_controller_dag.py
[2024-08-30T02:46:28.514+0000] {processor.py:925} INFO - DAG(s) 'example_trigger_controller_dag' retrieved from /home/airflow/.local/lib/python3.12/site-packages/airflow/example_dags/example_trigger_controller_dag.py
[2024-08-30T02:46:28.532+0000] {logging_mixin.py:190} INFO - [2024-08-30T02:46:28.531+0000] {dag.py:3211} INFO - Sync 1 DAGs
[2024-08-30T02:46:28.550+0000] {logging_mixin.py:190} INFO - [2024-08-30T02:46:28.550+0000] {dag.py:4138} INFO - Setting next_dagrun for example_trigger_controller_dag to 2021-01-01 00:00:00+00:00, run_after=2021-01-01 00:00:00+00:00
[2024-08-30T02:46:28.566+0000] {processor.py:208} INFO - Processing /home/airflow/.local/lib/python3.12/site-packages/airflow/example_dags/example_trigger_controller_dag.py took 0.065 seconds
[2024-08-30T02:46:59.109+0000] {processor.py:186} INFO - Started process (PID=1696) to work on /home/airflow/.local/lib/python3.12/site-packages/airflow/example_dags/example_trigger_controller_dag.py
[2024-08-30T02:46:59.110+0000] {processor.py:914} INFO - Processing file /home/airflow/.local/lib/python3.12/site-packages/airflow/example_dags/example_trigger_controller_dag.py for tasks to queue
[2024-08-30T02:46:59.111+0000] {logging_mixin.py:190} INFO - [2024-08-30T02:46:59.111+0000] {dagbag.py:587} INFO - Filling up the DagBag from /home/airflow/.local/lib/python3.12/site-packages/airflow/example_dags/example_trigger_controller_dag.py
[2024-08-30T02:46:59.117+0000] {processor.py:925} INFO - DAG(s) 'example_trigger_controller_dag' retrieved from /home/airflow/.local/lib/python3.12/site-packages/airflow/example_dags/example_trigger_controller_dag.py
[2024-08-30T02:46:59.134+0000] {logging_mixin.py:190} INFO - [2024-08-30T02:46:59.133+0000] {dag.py:3211} INFO - Sync 1 DAGs
[2024-08-30T02:46:59.155+0000] {logging_mixin.py:190} INFO - [2024-08-30T02:46:59.155+0000] {dag.py:4138} INFO - Setting next_dagrun for example_trigger_controller_dag to 2021-01-01 00:00:00+00:00, run_after=2021-01-01 00:00:00+00:00
[2024-08-30T02:46:59.173+0000] {processor.py:208} INFO - Processing /home/airflow/.local/lib/python3.12/site-packages/airflow/example_dags/example_trigger_controller_dag.py took 0.070 seconds
[2024-08-30T02:47:30.012+0000] {processor.py:186} INFO - Started process (PID=1982) to work on /home/airflow/.local/lib/python3.12/site-packages/airflow/example_dags/example_trigger_controller_dag.py
[2024-08-30T02:47:30.013+0000] {processor.py:914} INFO - Processing file /home/airflow/.local/lib/python3.12/site-packages/airflow/example_dags/example_trigger_controller_dag.py for tasks to queue
[2024-08-30T02:47:30.016+0000] {logging_mixin.py:190} INFO - [2024-08-30T02:47:30.015+0000] {dagbag.py:587} INFO - Filling up the DagBag from /home/airflow/.local/lib/python3.12/site-packages/airflow/example_dags/example_trigger_controller_dag.py
[2024-08-30T02:47:30.022+0000] {processor.py:925} INFO - DAG(s) 'example_trigger_controller_dag' retrieved from /home/airflow/.local/lib/python3.12/site-packages/airflow/example_dags/example_trigger_controller_dag.py
[2024-08-30T02:47:30.041+0000] {logging_mixin.py:190} INFO - [2024-08-30T02:47:30.041+0000] {dag.py:3211} INFO - Sync 1 DAGs
[2024-08-30T02:47:30.062+0000] {logging_mixin.py:190} INFO - [2024-08-30T02:47:30.062+0000] {dag.py:4138} INFO - Setting next_dagrun for example_trigger_controller_dag to 2021-01-01 00:00:00+00:00, run_after=2021-01-01 00:00:00+00:00
[2024-08-30T02:47:30.083+0000] {processor.py:208} INFO - Processing /home/airflow/.local/lib/python3.12/site-packages/airflow/example_dags/example_trigger_controller_dag.py took 0.076 seconds
[2024-08-30T02:48:00.872+0000] {processor.py:186} INFO - Started process (PID=2268) to work on /home/airflow/.local/lib/python3.12/site-packages/airflow/example_dags/example_trigger_controller_dag.py
[2024-08-30T02:48:00.873+0000] {processor.py:914} INFO - Processing file /home/airflow/.local/lib/python3.12/site-packages/airflow/example_dags/example_trigger_controller_dag.py for tasks to queue
[2024-08-30T02:48:00.875+0000] {logging_mixin.py:190} INFO - [2024-08-30T02:48:00.875+0000] {dagbag.py:587} INFO - Filling up the DagBag from /home/airflow/.local/lib/python3.12/site-packages/airflow/example_dags/example_trigger_controller_dag.py
[2024-08-30T02:48:00.881+0000] {processor.py:925} INFO - DAG(s) 'example_trigger_controller_dag' retrieved from /home/airflow/.local/lib/python3.12/site-packages/airflow/example_dags/example_trigger_controller_dag.py
[2024-08-30T02:48:00.900+0000] {logging_mixin.py:190} INFO - [2024-08-30T02:48:00.900+0000] {dag.py:3211} INFO - Sync 1 DAGs
[2024-08-30T02:48:00.922+0000] {logging_mixin.py:190} INFO - [2024-08-30T02:48:00.921+0000] {dag.py:4138} INFO - Setting next_dagrun for example_trigger_controller_dag to 2021-01-01 00:00:00+00:00, run_after=2021-01-01 00:00:00+00:00
[2024-08-30T02:48:00.941+0000] {processor.py:208} INFO - Processing /home/airflow/.local/lib/python3.12/site-packages/airflow/example_dags/example_trigger_controller_dag.py took 0.074 seconds
[2024-08-30T02:48:31.771+0000] {processor.py:186} INFO - Started process (PID=2554) to work on /home/airflow/.local/lib/python3.12/site-packages/airflow/example_dags/example_trigger_controller_dag.py
[2024-08-30T02:48:31.772+0000] {processor.py:914} INFO - Processing file /home/airflow/.local/lib/python3.12/site-packages/airflow/example_dags/example_trigger_controller_dag.py for tasks to queue
[2024-08-30T02:48:31.773+0000] {logging_mixin.py:190} INFO - [2024-08-30T02:48:31.773+0000] {dagbag.py:587} INFO - Filling up the DagBag from /home/airflow/.local/lib/python3.12/site-packages/airflow/example_dags/example_trigger_controller_dag.py
[2024-08-30T02:48:31.780+0000] {processor.py:925} INFO - DAG(s) 'example_trigger_controller_dag' retrieved from /home/airflow/.local/lib/python3.12/site-packages/airflow/example_dags/example_trigger_controller_dag.py
[2024-08-30T02:48:31.800+0000] {logging_mixin.py:190} INFO - [2024-08-30T02:48:31.799+0000] {dag.py:3211} INFO - Sync 1 DAGs
[2024-08-30T02:48:31.824+0000] {logging_mixin.py:190} INFO - [2024-08-30T02:48:31.823+0000] {dag.py:4138} INFO - Setting next_dagrun for example_trigger_controller_dag to 2021-01-01 00:00:00+00:00, run_after=2021-01-01 00:00:00+00:00
[2024-08-30T02:48:31.846+0000] {processor.py:208} INFO - Processing /home/airflow/.local/lib/python3.12/site-packages/airflow/example_dags/example_trigger_controller_dag.py took 0.081 seconds
[2024-08-30T02:49:02.681+0000] {processor.py:186} INFO - Started process (PID=2840) to work on /home/airflow/.local/lib/python3.12/site-packages/airflow/example_dags/example_trigger_controller_dag.py
[2024-08-30T02:49:02.682+0000] {processor.py:914} INFO - Processing file /home/airflow/.local/lib/python3.12/site-packages/airflow/example_dags/example_trigger_controller_dag.py for tasks to queue
[2024-08-30T02:49:02.684+0000] {logging_mixin.py:190} INFO - [2024-08-30T02:49:02.684+0000] {dagbag.py:587} INFO - Filling up the DagBag from /home/airflow/.local/lib/python3.12/site-packages/airflow/example_dags/example_trigger_controller_dag.py
[2024-08-30T02:49:02.690+0000] {processor.py:925} INFO - DAG(s) 'example_trigger_controller_dag' retrieved from /home/airflow/.local/lib/python3.12/site-packages/airflow/example_dags/example_trigger_controller_dag.py
[2024-08-30T02:49:02.708+0000] {logging_mixin.py:190} INFO - [2024-08-30T02:49:02.708+0000] {dag.py:3211} INFO - Sync 1 DAGs
[2024-08-30T02:49:02.730+0000] {logging_mixin.py:190} INFO - [2024-08-30T02:49:02.730+0000] {dag.py:4138} INFO - Setting next_dagrun for example_trigger_controller_dag to 2021-01-01 00:00:00+00:00, run_after=2021-01-01 00:00:00+00:00
[2024-08-30T02:49:02.748+0000] {processor.py:208} INFO - Processing /home/airflow/.local/lib/python3.12/site-packages/airflow/example_dags/example_trigger_controller_dag.py took 0.073 seconds
[2024-08-30T02:49:33.688+0000] {processor.py:186} INFO - Started process (PID=3128) to work on /home/airflow/.local/lib/python3.12/site-packages/airflow/example_dags/example_trigger_controller_dag.py
[2024-08-30T02:49:33.689+0000] {processor.py:914} INFO - Processing file /home/airflow/.local/lib/python3.12/site-packages/airflow/example_dags/example_trigger_controller_dag.py for tasks to queue
[2024-08-30T02:49:33.691+0000] {logging_mixin.py:190} INFO - [2024-08-30T02:49:33.691+0000] {dagbag.py:587} INFO - Filling up the DagBag from /home/airflow/.local/lib/python3.12/site-packages/airflow/example_dags/example_trigger_controller_dag.py
[2024-08-30T02:49:33.697+0000] {processor.py:925} INFO - DAG(s) 'example_trigger_controller_dag' retrieved from /home/airflow/.local/lib/python3.12/site-packages/airflow/example_dags/example_trigger_controller_dag.py
[2024-08-30T02:49:33.716+0000] {logging_mixin.py:190} INFO - [2024-08-30T02:49:33.715+0000] {dag.py:3211} INFO - Sync 1 DAGs
[2024-08-30T02:49:33.737+0000] {logging_mixin.py:190} INFO - [2024-08-30T02:49:33.737+0000] {dag.py:4138} INFO - Setting next_dagrun for example_trigger_controller_dag to 2021-01-01 00:00:00+00:00, run_after=2021-01-01 00:00:00+00:00
[2024-08-30T02:49:33.756+0000] {processor.py:208} INFO - Processing /home/airflow/.local/lib/python3.12/site-packages/airflow/example_dags/example_trigger_controller_dag.py took 0.074 seconds
[2024-08-30T02:50:04.251+0000] {processor.py:186} INFO - Started process (PID=3412) to work on /home/airflow/.local/lib/python3.12/site-packages/airflow/example_dags/example_trigger_controller_dag.py
[2024-08-30T02:50:04.252+0000] {processor.py:914} INFO - Processing file /home/airflow/.local/lib/python3.12/site-packages/airflow/example_dags/example_trigger_controller_dag.py for tasks to queue
[2024-08-30T02:50:04.254+0000] {logging_mixin.py:190} INFO - [2024-08-30T02:50:04.254+0000] {dagbag.py:587} INFO - Filling up the DagBag from /home/airflow/.local/lib/python3.12/site-packages/airflow/example_dags/example_trigger_controller_dag.py
[2024-08-30T02:50:04.260+0000] {processor.py:925} INFO - DAG(s) 'example_trigger_controller_dag' retrieved from /home/airflow/.local/lib/python3.12/site-packages/airflow/example_dags/example_trigger_controller_dag.py
[2024-08-30T02:50:04.277+0000] {logging_mixin.py:190} INFO - [2024-08-30T02:50:04.276+0000] {dag.py:3211} INFO - Sync 1 DAGs
[2024-08-30T02:50:04.297+0000] {logging_mixin.py:190} INFO - [2024-08-30T02:50:04.297+0000] {dag.py:4138} INFO - Setting next_dagrun for example_trigger_controller_dag to 2021-01-01 00:00:00+00:00, run_after=2021-01-01 00:00:00+00:00
[2024-08-30T02:50:04.316+0000] {processor.py:208} INFO - Processing /home/airflow/.local/lib/python3.12/site-packages/airflow/example_dags/example_trigger_controller_dag.py took 0.070 seconds
[2024-08-30T02:50:34.962+0000] {processor.py:186} INFO - Started process (PID=3698) to work on /home/airflow/.local/lib/python3.12/site-packages/airflow/example_dags/example_trigger_controller_dag.py
[2024-08-30T02:50:34.963+0000] {processor.py:914} INFO - Processing file /home/airflow/.local/lib/python3.12/site-packages/airflow/example_dags/example_trigger_controller_dag.py for tasks to queue
[2024-08-30T02:50:34.964+0000] {logging_mixin.py:190} INFO - [2024-08-30T02:50:34.964+0000] {dagbag.py:587} INFO - Filling up the DagBag from /home/airflow/.local/lib/python3.12/site-packages/airflow/example_dags/example_trigger_controller_dag.py
[2024-08-30T02:50:34.970+0000] {processor.py:925} INFO - DAG(s) 'example_trigger_controller_dag' retrieved from /home/airflow/.local/lib/python3.12/site-packages/airflow/example_dags/example_trigger_controller_dag.py
[2024-08-30T02:50:34.988+0000] {logging_mixin.py:190} INFO - [2024-08-30T02:50:34.988+0000] {dag.py:3211} INFO - Sync 1 DAGs
[2024-08-30T02:50:35.012+0000] {logging_mixin.py:190} INFO - [2024-08-30T02:50:35.012+0000] {dag.py:4138} INFO - Setting next_dagrun for example_trigger_controller_dag to 2021-01-01 00:00:00+00:00, run_after=2021-01-01 00:00:00+00:00
[2024-08-30T02:50:35.033+0000] {processor.py:208} INFO - Processing /home/airflow/.local/lib/python3.12/site-packages/airflow/example_dags/example_trigger_controller_dag.py took 0.076 seconds
[2024-08-30T02:51:05.619+0000] {processor.py:186} INFO - Started process (PID=3984) to work on /home/airflow/.local/lib/python3.12/site-packages/airflow/example_dags/example_trigger_controller_dag.py
[2024-08-30T02:51:05.620+0000] {processor.py:914} INFO - Processing file /home/airflow/.local/lib/python3.12/site-packages/airflow/example_dags/example_trigger_controller_dag.py for tasks to queue
[2024-08-30T02:51:05.622+0000] {logging_mixin.py:190} INFO - [2024-08-30T02:51:05.622+0000] {dagbag.py:587} INFO - Filling up the DagBag from /home/airflow/.local/lib/python3.12/site-packages/airflow/example_dags/example_trigger_controller_dag.py
[2024-08-30T02:51:05.628+0000] {processor.py:925} INFO - DAG(s) 'example_trigger_controller_dag' retrieved from /home/airflow/.local/lib/python3.12/site-packages/airflow/example_dags/example_trigger_controller_dag.py
[2024-08-30T02:51:05.645+0000] {logging_mixin.py:190} INFO - [2024-08-30T02:51:05.645+0000] {dag.py:3211} INFO - Sync 1 DAGs
[2024-08-30T02:51:05.668+0000] {logging_mixin.py:190} INFO - [2024-08-30T02:51:05.668+0000] {dag.py:4138} INFO - Setting next_dagrun for example_trigger_controller_dag to 2021-01-01 00:00:00+00:00, run_after=2021-01-01 00:00:00+00:00
[2024-08-30T02:51:05.687+0000] {processor.py:208} INFO - Processing /home/airflow/.local/lib/python3.12/site-packages/airflow/example_dags/example_trigger_controller_dag.py took 0.073 seconds
[2024-08-30T02:51:36.224+0000] {processor.py:186} INFO - Started process (PID=4270) to work on /home/airflow/.local/lib/python3.12/site-packages/airflow/example_dags/example_trigger_controller_dag.py
[2024-08-30T02:51:36.225+0000] {processor.py:914} INFO - Processing file /home/airflow/.local/lib/python3.12/site-packages/airflow/example_dags/example_trigger_controller_dag.py for tasks to queue
[2024-08-30T02:51:36.227+0000] {logging_mixin.py:190} INFO - [2024-08-30T02:51:36.227+0000] {dagbag.py:587} INFO - Filling up the DagBag from /home/airflow/.local/lib/python3.12/site-packages/airflow/example_dags/example_trigger_controller_dag.py
[2024-08-30T02:51:36.232+0000] {processor.py:925} INFO - DAG(s) 'example_trigger_controller_dag' retrieved from /home/airflow/.local/lib/python3.12/site-packages/airflow/example_dags/example_trigger_controller_dag.py
[2024-08-30T02:51:36.252+0000] {logging_mixin.py:190} INFO - [2024-08-30T02:51:36.251+0000] {dag.py:3211} INFO - Sync 1 DAGs
[2024-08-30T02:51:36.272+0000] {logging_mixin.py:190} INFO - [2024-08-30T02:51:36.272+0000] {dag.py:4138} INFO - Setting next_dagrun for example_trigger_controller_dag to 2021-01-01 00:00:00+00:00, run_after=2021-01-01 00:00:00+00:00
[2024-08-30T02:51:36.288+0000] {processor.py:208} INFO - Processing /home/airflow/.local/lib/python3.12/site-packages/airflow/example_dags/example_trigger_controller_dag.py took 0.069 seconds
[2024-08-30T02:52:07.048+0000] {processor.py:186} INFO - Started process (PID=4556) to work on /home/airflow/.local/lib/python3.12/site-packages/airflow/example_dags/example_trigger_controller_dag.py
[2024-08-30T02:52:07.049+0000] {processor.py:914} INFO - Processing file /home/airflow/.local/lib/python3.12/site-packages/airflow/example_dags/example_trigger_controller_dag.py for tasks to queue
[2024-08-30T02:52:07.051+0000] {logging_mixin.py:190} INFO - [2024-08-30T02:52:07.051+0000] {dagbag.py:587} INFO - Filling up the DagBag from /home/airflow/.local/lib/python3.12/site-packages/airflow/example_dags/example_trigger_controller_dag.py
[2024-08-30T02:52:07.057+0000] {processor.py:925} INFO - DAG(s) 'example_trigger_controller_dag' retrieved from /home/airflow/.local/lib/python3.12/site-packages/airflow/example_dags/example_trigger_controller_dag.py
[2024-08-30T02:52:07.076+0000] {logging_mixin.py:190} INFO - [2024-08-30T02:52:07.076+0000] {dag.py:3211} INFO - Sync 1 DAGs
[2024-08-30T02:52:07.097+0000] {logging_mixin.py:190} INFO - [2024-08-30T02:52:07.097+0000] {dag.py:4138} INFO - Setting next_dagrun for example_trigger_controller_dag to 2021-01-01 00:00:00+00:00, run_after=2021-01-01 00:00:00+00:00
[2024-08-30T02:52:07.122+0000] {processor.py:208} INFO - Processing /home/airflow/.local/lib/python3.12/site-packages/airflow/example_dags/example_trigger_controller_dag.py took 0.078 seconds
[2024-08-30T02:52:37.825+0000] {processor.py:186} INFO - Started process (PID=4842) to work on /home/airflow/.local/lib/python3.12/site-packages/airflow/example_dags/example_trigger_controller_dag.py
[2024-08-30T02:52:37.826+0000] {processor.py:914} INFO - Processing file /home/airflow/.local/lib/python3.12/site-packages/airflow/example_dags/example_trigger_controller_dag.py for tasks to queue
[2024-08-30T02:52:37.828+0000] {logging_mixin.py:190} INFO - [2024-08-30T02:52:37.828+0000] {dagbag.py:587} INFO - Filling up the DagBag from /home/airflow/.local/lib/python3.12/site-packages/airflow/example_dags/example_trigger_controller_dag.py
[2024-08-30T02:52:37.834+0000] {processor.py:925} INFO - DAG(s) 'example_trigger_controller_dag' retrieved from /home/airflow/.local/lib/python3.12/site-packages/airflow/example_dags/example_trigger_controller_dag.py
[2024-08-30T02:52:37.853+0000] {logging_mixin.py:190} INFO - [2024-08-30T02:52:37.853+0000] {dag.py:3211} INFO - Sync 1 DAGs
[2024-08-30T02:52:37.875+0000] {logging_mixin.py:190} INFO - [2024-08-30T02:52:37.874+0000] {dag.py:4138} INFO - Setting next_dagrun for example_trigger_controller_dag to 2021-01-01 00:00:00+00:00, run_after=2021-01-01 00:00:00+00:00
[2024-08-30T02:52:37.893+0000] {processor.py:208} INFO - Processing /home/airflow/.local/lib/python3.12/site-packages/airflow/example_dags/example_trigger_controller_dag.py took 0.073 seconds
[2024-08-30T02:53:08.561+0000] {processor.py:186} INFO - Started process (PID=5128) to work on /home/airflow/.local/lib/python3.12/site-packages/airflow/example_dags/example_trigger_controller_dag.py
[2024-08-30T02:53:08.562+0000] {processor.py:914} INFO - Processing file /home/airflow/.local/lib/python3.12/site-packages/airflow/example_dags/example_trigger_controller_dag.py for tasks to queue
[2024-08-30T02:53:08.564+0000] {logging_mixin.py:190} INFO - [2024-08-30T02:53:08.564+0000] {dagbag.py:587} INFO - Filling up the DagBag from /home/airflow/.local/lib/python3.12/site-packages/airflow/example_dags/example_trigger_controller_dag.py
[2024-08-30T02:53:08.572+0000] {processor.py:925} INFO - DAG(s) 'example_trigger_controller_dag' retrieved from /home/airflow/.local/lib/python3.12/site-packages/airflow/example_dags/example_trigger_controller_dag.py
[2024-08-30T02:53:08.592+0000] {logging_mixin.py:190} INFO - [2024-08-30T02:53:08.591+0000] {dag.py:3211} INFO - Sync 1 DAGs
[2024-08-30T02:53:08.614+0000] {logging_mixin.py:190} INFO - [2024-08-30T02:53:08.614+0000] {dag.py:4138} INFO - Setting next_dagrun for example_trigger_controller_dag to 2021-01-01 00:00:00+00:00, run_after=2021-01-01 00:00:00+00:00
[2024-08-30T02:53:08.636+0000] {processor.py:208} INFO - Processing /home/airflow/.local/lib/python3.12/site-packages/airflow/example_dags/example_trigger_controller_dag.py took 0.081 seconds
[2024-08-30T02:53:39.460+0000] {processor.py:186} INFO - Started process (PID=5416) to work on /home/airflow/.local/lib/python3.12/site-packages/airflow/example_dags/example_trigger_controller_dag.py
[2024-08-30T02:53:39.461+0000] {processor.py:914} INFO - Processing file /home/airflow/.local/lib/python3.12/site-packages/airflow/example_dags/example_trigger_controller_dag.py for tasks to queue
[2024-08-30T02:53:39.462+0000] {logging_mixin.py:190} INFO - [2024-08-30T02:53:39.462+0000] {dagbag.py:587} INFO - Filling up the DagBag from /home/airflow/.local/lib/python3.12/site-packages/airflow/example_dags/example_trigger_controller_dag.py
[2024-08-30T02:53:39.468+0000] {processor.py:925} INFO - DAG(s) 'example_trigger_controller_dag' retrieved from /home/airflow/.local/lib/python3.12/site-packages/airflow/example_dags/example_trigger_controller_dag.py
[2024-08-30T02:53:39.486+0000] {logging_mixin.py:190} INFO - [2024-08-30T02:53:39.486+0000] {dag.py:3211} INFO - Sync 1 DAGs
[2024-08-30T02:53:39.506+0000] {logging_mixin.py:190} INFO - [2024-08-30T02:53:39.506+0000] {dag.py:4138} INFO - Setting next_dagrun for example_trigger_controller_dag to 2021-01-01 00:00:00+00:00, run_after=2021-01-01 00:00:00+00:00
[2024-08-30T02:53:39.525+0000] {processor.py:208} INFO - Processing /home/airflow/.local/lib/python3.12/site-packages/airflow/example_dags/example_trigger_controller_dag.py took 0.070 seconds
[2024-08-30T02:54:10.305+0000] {processor.py:186} INFO - Started process (PID=5702) to work on /home/airflow/.local/lib/python3.12/site-packages/airflow/example_dags/example_trigger_controller_dag.py
[2024-08-30T02:54:10.306+0000] {processor.py:914} INFO - Processing file /home/airflow/.local/lib/python3.12/site-packages/airflow/example_dags/example_trigger_controller_dag.py for tasks to queue
[2024-08-30T02:54:10.308+0000] {logging_mixin.py:190} INFO - [2024-08-30T02:54:10.308+0000] {dagbag.py:587} INFO - Filling up the DagBag from /home/airflow/.local/lib/python3.12/site-packages/airflow/example_dags/example_trigger_controller_dag.py
[2024-08-30T02:54:10.313+0000] {processor.py:925} INFO - DAG(s) 'example_trigger_controller_dag' retrieved from /home/airflow/.local/lib/python3.12/site-packages/airflow/example_dags/example_trigger_controller_dag.py
[2024-08-30T02:54:10.332+0000] {logging_mixin.py:190} INFO - [2024-08-30T02:54:10.331+0000] {dag.py:3211} INFO - Sync 1 DAGs
[2024-08-30T02:54:10.355+0000] {logging_mixin.py:190} INFO - [2024-08-30T02:54:10.355+0000] {dag.py:4138} INFO - Setting next_dagrun for example_trigger_controller_dag to 2021-01-01 00:00:00+00:00, run_after=2021-01-01 00:00:00+00:00
[2024-08-30T02:54:10.376+0000] {processor.py:208} INFO - Processing /home/airflow/.local/lib/python3.12/site-packages/airflow/example_dags/example_trigger_controller_dag.py took 0.077 seconds
[2024-08-30T02:54:40.494+0000] {processor.py:186} INFO - Started process (PID=5986) to work on /home/airflow/.local/lib/python3.12/site-packages/airflow/example_dags/example_trigger_controller_dag.py
[2024-08-30T02:54:40.495+0000] {processor.py:914} INFO - Processing file /home/airflow/.local/lib/python3.12/site-packages/airflow/example_dags/example_trigger_controller_dag.py for tasks to queue
[2024-08-30T02:54:40.497+0000] {logging_mixin.py:190} INFO - [2024-08-30T02:54:40.497+0000] {dagbag.py:587} INFO - Filling up the DagBag from /home/airflow/.local/lib/python3.12/site-packages/airflow/example_dags/example_trigger_controller_dag.py
[2024-08-30T02:54:40.503+0000] {processor.py:925} INFO - DAG(s) 'example_trigger_controller_dag' retrieved from /home/airflow/.local/lib/python3.12/site-packages/airflow/example_dags/example_trigger_controller_dag.py
[2024-08-30T02:54:40.522+0000] {logging_mixin.py:190} INFO - [2024-08-30T02:54:40.521+0000] {dag.py:3211} INFO - Sync 1 DAGs
[2024-08-30T02:54:40.542+0000] {logging_mixin.py:190} INFO - [2024-08-30T02:54:40.541+0000] {dag.py:4138} INFO - Setting next_dagrun for example_trigger_controller_dag to 2021-01-01 00:00:00+00:00, run_after=2021-01-01 00:00:00+00:00
[2024-08-30T02:54:40.559+0000] {processor.py:208} INFO - Processing /home/airflow/.local/lib/python3.12/site-packages/airflow/example_dags/example_trigger_controller_dag.py took 0.071 seconds
[2024-08-30T02:55:11.531+0000] {processor.py:186} INFO - Started process (PID=6272) to work on /home/airflow/.local/lib/python3.12/site-packages/airflow/example_dags/example_trigger_controller_dag.py
[2024-08-30T02:55:11.532+0000] {processor.py:914} INFO - Processing file /home/airflow/.local/lib/python3.12/site-packages/airflow/example_dags/example_trigger_controller_dag.py for tasks to queue
[2024-08-30T02:55:11.534+0000] {logging_mixin.py:190} INFO - [2024-08-30T02:55:11.534+0000] {dagbag.py:587} INFO - Filling up the DagBag from /home/airflow/.local/lib/python3.12/site-packages/airflow/example_dags/example_trigger_controller_dag.py
[2024-08-30T02:55:11.540+0000] {processor.py:925} INFO - DAG(s) 'example_trigger_controller_dag' retrieved from /home/airflow/.local/lib/python3.12/site-packages/airflow/example_dags/example_trigger_controller_dag.py
[2024-08-30T02:55:11.559+0000] {logging_mixin.py:190} INFO - [2024-08-30T02:55:11.558+0000] {dag.py:3211} INFO - Sync 1 DAGs
[2024-08-30T02:55:11.581+0000] {logging_mixin.py:190} INFO - [2024-08-30T02:55:11.580+0000] {dag.py:4138} INFO - Setting next_dagrun for example_trigger_controller_dag to 2021-01-01 00:00:00+00:00, run_after=2021-01-01 00:00:00+00:00
[2024-08-30T02:55:11.600+0000] {processor.py:208} INFO - Processing /home/airflow/.local/lib/python3.12/site-packages/airflow/example_dags/example_trigger_controller_dag.py took 0.074 seconds
[2024-08-30T02:55:42.544+0000] {processor.py:186} INFO - Started process (PID=6558) to work on /home/airflow/.local/lib/python3.12/site-packages/airflow/example_dags/example_trigger_controller_dag.py
[2024-08-30T02:55:42.545+0000] {processor.py:914} INFO - Processing file /home/airflow/.local/lib/python3.12/site-packages/airflow/example_dags/example_trigger_controller_dag.py for tasks to queue
[2024-08-30T02:55:42.548+0000] {logging_mixin.py:190} INFO - [2024-08-30T02:55:42.548+0000] {dagbag.py:587} INFO - Filling up the DagBag from /home/airflow/.local/lib/python3.12/site-packages/airflow/example_dags/example_trigger_controller_dag.py
[2024-08-30T02:55:42.555+0000] {processor.py:925} INFO - DAG(s) 'example_trigger_controller_dag' retrieved from /home/airflow/.local/lib/python3.12/site-packages/airflow/example_dags/example_trigger_controller_dag.py
[2024-08-30T02:55:42.576+0000] {logging_mixin.py:190} INFO - [2024-08-30T02:55:42.575+0000] {dag.py:3211} INFO - Sync 1 DAGs
[2024-08-30T02:55:42.599+0000] {logging_mixin.py:190} INFO - [2024-08-30T02:55:42.599+0000] {dag.py:4138} INFO - Setting next_dagrun for example_trigger_controller_dag to 2021-01-01 00:00:00+00:00, run_after=2021-01-01 00:00:00+00:00
[2024-08-30T02:55:42.620+0000] {processor.py:208} INFO - Processing /home/airflow/.local/lib/python3.12/site-packages/airflow/example_dags/example_trigger_controller_dag.py took 0.081 seconds
[2024-08-30T02:56:12.729+0000] {processor.py:186} INFO - Started process (PID=6844) to work on /home/airflow/.local/lib/python3.12/site-packages/airflow/example_dags/example_trigger_controller_dag.py
[2024-08-30T02:56:12.730+0000] {processor.py:914} INFO - Processing file /home/airflow/.local/lib/python3.12/site-packages/airflow/example_dags/example_trigger_controller_dag.py for tasks to queue
[2024-08-30T02:56:12.732+0000] {logging_mixin.py:190} INFO - [2024-08-30T02:56:12.732+0000] {dagbag.py:587} INFO - Filling up the DagBag from /home/airflow/.local/lib/python3.12/site-packages/airflow/example_dags/example_trigger_controller_dag.py
[2024-08-30T02:56:12.737+0000] {processor.py:925} INFO - DAG(s) 'example_trigger_controller_dag' retrieved from /home/airflow/.local/lib/python3.12/site-packages/airflow/example_dags/example_trigger_controller_dag.py
[2024-08-30T02:56:12.757+0000] {logging_mixin.py:190} INFO - [2024-08-30T02:56:12.756+0000] {dag.py:3211} INFO - Sync 1 DAGs
[2024-08-30T02:56:12.777+0000] {logging_mixin.py:190} INFO - [2024-08-30T02:56:12.777+0000] {dag.py:4138} INFO - Setting next_dagrun for example_trigger_controller_dag to 2021-01-01 00:00:00+00:00, run_after=2021-01-01 00:00:00+00:00
[2024-08-30T02:56:12.795+0000] {processor.py:208} INFO - Processing /home/airflow/.local/lib/python3.12/site-packages/airflow/example_dags/example_trigger_controller_dag.py took 0.071 seconds
[2024-08-30T02:56:43.283+0000] {processor.py:186} INFO - Started process (PID=7130) to work on /home/airflow/.local/lib/python3.12/site-packages/airflow/example_dags/example_trigger_controller_dag.py
[2024-08-30T02:56:43.284+0000] {processor.py:914} INFO - Processing file /home/airflow/.local/lib/python3.12/site-packages/airflow/example_dags/example_trigger_controller_dag.py for tasks to queue
[2024-08-30T02:56:43.286+0000] {logging_mixin.py:190} INFO - [2024-08-30T02:56:43.286+0000] {dagbag.py:587} INFO - Filling up the DagBag from /home/airflow/.local/lib/python3.12/site-packages/airflow/example_dags/example_trigger_controller_dag.py
[2024-08-30T02:56:43.294+0000] {processor.py:925} INFO - DAG(s) 'example_trigger_controller_dag' retrieved from /home/airflow/.local/lib/python3.12/site-packages/airflow/example_dags/example_trigger_controller_dag.py
[2024-08-30T02:56:43.322+0000] {logging_mixin.py:190} INFO - [2024-08-30T02:56:43.322+0000] {dag.py:3211} INFO - Sync 1 DAGs
[2024-08-30T02:56:43.356+0000] {logging_mixin.py:190} INFO - [2024-08-30T02:56:43.356+0000] {dag.py:4138} INFO - Setting next_dagrun for example_trigger_controller_dag to 2021-01-01 00:00:00+00:00, run_after=2021-01-01 00:00:00+00:00
[2024-08-30T02:56:43.388+0000] {processor.py:208} INFO - Processing /home/airflow/.local/lib/python3.12/site-packages/airflow/example_dags/example_trigger_controller_dag.py took 0.110 seconds
[2024-08-30T02:57:13.583+0000] {processor.py:186} INFO - Started process (PID=7416) to work on /home/airflow/.local/lib/python3.12/site-packages/airflow/example_dags/example_trigger_controller_dag.py
[2024-08-30T02:57:13.584+0000] {processor.py:914} INFO - Processing file /home/airflow/.local/lib/python3.12/site-packages/airflow/example_dags/example_trigger_controller_dag.py for tasks to queue
[2024-08-30T02:57:13.586+0000] {logging_mixin.py:190} INFO - [2024-08-30T02:57:13.586+0000] {dagbag.py:587} INFO - Filling up the DagBag from /home/airflow/.local/lib/python3.12/site-packages/airflow/example_dags/example_trigger_controller_dag.py
[2024-08-30T02:57:13.591+0000] {processor.py:925} INFO - DAG(s) 'example_trigger_controller_dag' retrieved from /home/airflow/.local/lib/python3.12/site-packages/airflow/example_dags/example_trigger_controller_dag.py
[2024-08-30T02:57:13.609+0000] {logging_mixin.py:190} INFO - [2024-08-30T02:57:13.609+0000] {dag.py:3211} INFO - Sync 1 DAGs
[2024-08-30T02:57:13.628+0000] {logging_mixin.py:190} INFO - [2024-08-30T02:57:13.628+0000] {dag.py:4138} INFO - Setting next_dagrun for example_trigger_controller_dag to 2021-01-01 00:00:00+00:00, run_after=2021-01-01 00:00:00+00:00
[2024-08-30T02:57:13.648+0000] {processor.py:208} INFO - Processing /home/airflow/.local/lib/python3.12/site-packages/airflow/example_dags/example_trigger_controller_dag.py took 0.069 seconds
