[2024-08-30T02:44:28.255+0000] {processor.py:186} INFO - Started process (PID=338) to work on /home/airflow/.local/lib/python3.12/site-packages/airflow/example_dags/example_setup_teardown.py
[2024-08-30T02:44:28.256+0000] {processor.py:914} INFO - Processing file /home/airflow/.local/lib/python3.12/site-packages/airflow/example_dags/example_setup_teardown.py for tasks to queue
[2024-08-30T02:44:28.263+0000] {logging_mixin.py:190} INFO - [2024-08-30T02:44:28.262+0000] {dagbag.py:587} INFO - Filling up the DagBag from /home/airflow/.local/lib/python3.12/site-packages/airflow/example_dags/example_setup_teardown.py
[2024-08-30T02:44:28.273+0000] {processor.py:925} INFO - DAG(s) 'example_setup_teardown' retrieved from /home/airflow/.local/lib/python3.12/site-packages/airflow/example_dags/example_setup_teardown.py
[2024-08-30T02:44:28.300+0000] {logging_mixin.py:190} INFO - [2024-08-30T02:44:28.300+0000] {dag.py:3211} INFO - Sync 1 DAGs
[2024-08-30T02:44:28.338+0000] {logging_mixin.py:190} INFO - [2024-08-30T02:44:28.338+0000] {dag.py:4138} INFO - Setting next_dagrun for example_setup_teardown to 2024-08-29 00:00:00+00:00, run_after=2024-08-30 00:00:00+00:00
[2024-08-30T02:44:28.367+0000] {processor.py:208} INFO - Processing /home/airflow/.local/lib/python3.12/site-packages/airflow/example_dags/example_setup_teardown.py took 0.117 seconds
[2024-08-30T02:44:58.468+0000] {processor.py:186} INFO - Started process (PID=627) to work on /home/airflow/.local/lib/python3.12/site-packages/airflow/example_dags/example_setup_teardown.py
[2024-08-30T02:44:58.469+0000] {processor.py:914} INFO - Processing file /home/airflow/.local/lib/python3.12/site-packages/airflow/example_dags/example_setup_teardown.py for tasks to queue
[2024-08-30T02:44:58.472+0000] {logging_mixin.py:190} INFO - [2024-08-30T02:44:58.471+0000] {dagbag.py:587} INFO - Filling up the DagBag from /home/airflow/.local/lib/python3.12/site-packages/airflow/example_dags/example_setup_teardown.py
[2024-08-30T02:44:58.479+0000] {processor.py:925} INFO - DAG(s) 'example_setup_teardown' retrieved from /home/airflow/.local/lib/python3.12/site-packages/airflow/example_dags/example_setup_teardown.py
[2024-08-30T02:44:58.497+0000] {logging_mixin.py:190} INFO - [2024-08-30T02:44:58.496+0000] {dag.py:3211} INFO - Sync 1 DAGs
[2024-08-30T02:44:58.519+0000] {logging_mixin.py:190} INFO - [2024-08-30T02:44:58.519+0000] {dag.py:4138} INFO - Setting next_dagrun for example_setup_teardown to 2024-08-29 00:00:00+00:00, run_after=2024-08-30 00:00:00+00:00
[2024-08-30T02:44:58.538+0000] {processor.py:208} INFO - Processing /home/airflow/.local/lib/python3.12/site-packages/airflow/example_dags/example_setup_teardown.py took 0.075 seconds
[2024-08-30T02:45:29.068+0000] {processor.py:186} INFO - Started process (PID=913) to work on /home/airflow/.local/lib/python3.12/site-packages/airflow/example_dags/example_setup_teardown.py
[2024-08-30T02:45:29.069+0000] {processor.py:914} INFO - Processing file /home/airflow/.local/lib/python3.12/site-packages/airflow/example_dags/example_setup_teardown.py for tasks to queue
[2024-08-30T02:45:29.071+0000] {logging_mixin.py:190} INFO - [2024-08-30T02:45:29.071+0000] {dagbag.py:587} INFO - Filling up the DagBag from /home/airflow/.local/lib/python3.12/site-packages/airflow/example_dags/example_setup_teardown.py
[2024-08-30T02:45:29.078+0000] {processor.py:925} INFO - DAG(s) 'example_setup_teardown' retrieved from /home/airflow/.local/lib/python3.12/site-packages/airflow/example_dags/example_setup_teardown.py
[2024-08-30T02:45:29.096+0000] {logging_mixin.py:190} INFO - [2024-08-30T02:45:29.096+0000] {dag.py:3211} INFO - Sync 1 DAGs
[2024-08-30T02:45:29.118+0000] {logging_mixin.py:190} INFO - [2024-08-30T02:45:29.117+0000] {dag.py:4138} INFO - Setting next_dagrun for example_setup_teardown to 2024-08-29 00:00:00+00:00, run_after=2024-08-30 00:00:00+00:00
[2024-08-30T02:45:29.138+0000] {processor.py:208} INFO - Processing /home/airflow/.local/lib/python3.12/site-packages/airflow/example_dags/example_setup_teardown.py took 0.076 seconds
[2024-08-30T02:45:59.866+0000] {processor.py:186} INFO - Started process (PID=1199) to work on /home/airflow/.local/lib/python3.12/site-packages/airflow/example_dags/example_setup_teardown.py
[2024-08-30T02:45:59.867+0000] {processor.py:914} INFO - Processing file /home/airflow/.local/lib/python3.12/site-packages/airflow/example_dags/example_setup_teardown.py for tasks to queue
[2024-08-30T02:45:59.869+0000] {logging_mixin.py:190} INFO - [2024-08-30T02:45:59.869+0000] {dagbag.py:587} INFO - Filling up the DagBag from /home/airflow/.local/lib/python3.12/site-packages/airflow/example_dags/example_setup_teardown.py
[2024-08-30T02:45:59.875+0000] {processor.py:925} INFO - DAG(s) 'example_setup_teardown' retrieved from /home/airflow/.local/lib/python3.12/site-packages/airflow/example_dags/example_setup_teardown.py
[2024-08-30T02:45:59.894+0000] {logging_mixin.py:190} INFO - [2024-08-30T02:45:59.893+0000] {dag.py:3211} INFO - Sync 1 DAGs
[2024-08-30T02:45:59.912+0000] {logging_mixin.py:190} INFO - [2024-08-30T02:45:59.912+0000] {dag.py:4138} INFO - Setting next_dagrun for example_setup_teardown to 2024-08-29 00:00:00+00:00, run_after=2024-08-30 00:00:00+00:00
[2024-08-30T02:45:59.929+0000] {processor.py:208} INFO - Processing /home/airflow/.local/lib/python3.12/site-packages/airflow/example_dags/example_setup_teardown.py took 0.067 seconds
[2024-08-30T02:46:30.388+0000] {processor.py:186} INFO - Started process (PID=1485) to work on /home/airflow/.local/lib/python3.12/site-packages/airflow/example_dags/example_setup_teardown.py
[2024-08-30T02:46:30.389+0000] {processor.py:914} INFO - Processing file /home/airflow/.local/lib/python3.12/site-packages/airflow/example_dags/example_setup_teardown.py for tasks to queue
[2024-08-30T02:46:30.392+0000] {logging_mixin.py:190} INFO - [2024-08-30T02:46:30.391+0000] {dagbag.py:587} INFO - Filling up the DagBag from /home/airflow/.local/lib/python3.12/site-packages/airflow/example_dags/example_setup_teardown.py
[2024-08-30T02:46:30.398+0000] {processor.py:925} INFO - DAG(s) 'example_setup_teardown' retrieved from /home/airflow/.local/lib/python3.12/site-packages/airflow/example_dags/example_setup_teardown.py
[2024-08-30T02:46:30.416+0000] {logging_mixin.py:190} INFO - [2024-08-30T02:46:30.415+0000] {dag.py:3211} INFO - Sync 1 DAGs
[2024-08-30T02:46:30.437+0000] {logging_mixin.py:190} INFO - [2024-08-30T02:46:30.436+0000] {dag.py:4138} INFO - Setting next_dagrun for example_setup_teardown to 2024-08-29 00:00:00+00:00, run_after=2024-08-30 00:00:00+00:00
[2024-08-30T02:46:30.454+0000] {processor.py:208} INFO - Processing /home/airflow/.local/lib/python3.12/site-packages/airflow/example_dags/example_setup_teardown.py took 0.071 seconds
[2024-08-30T02:47:01.029+0000] {processor.py:186} INFO - Started process (PID=1771) to work on /home/airflow/.local/lib/python3.12/site-packages/airflow/example_dags/example_setup_teardown.py
[2024-08-30T02:47:01.030+0000] {processor.py:914} INFO - Processing file /home/airflow/.local/lib/python3.12/site-packages/airflow/example_dags/example_setup_teardown.py for tasks to queue
[2024-08-30T02:47:01.033+0000] {logging_mixin.py:190} INFO - [2024-08-30T02:47:01.032+0000] {dagbag.py:587} INFO - Filling up the DagBag from /home/airflow/.local/lib/python3.12/site-packages/airflow/example_dags/example_setup_teardown.py
[2024-08-30T02:47:01.041+0000] {processor.py:925} INFO - DAG(s) 'example_setup_teardown' retrieved from /home/airflow/.local/lib/python3.12/site-packages/airflow/example_dags/example_setup_teardown.py
[2024-08-30T02:47:01.060+0000] {logging_mixin.py:190} INFO - [2024-08-30T02:47:01.060+0000] {dag.py:3211} INFO - Sync 1 DAGs
[2024-08-30T02:47:01.081+0000] {logging_mixin.py:190} INFO - [2024-08-30T02:47:01.080+0000] {dag.py:4138} INFO - Setting next_dagrun for example_setup_teardown to 2024-08-29 00:00:00+00:00, run_after=2024-08-30 00:00:00+00:00
[2024-08-30T02:47:01.102+0000] {processor.py:208} INFO - Processing /home/airflow/.local/lib/python3.12/site-packages/airflow/example_dags/example_setup_teardown.py took 0.078 seconds
[2024-08-30T02:47:32.044+0000] {processor.py:186} INFO - Started process (PID=2057) to work on /home/airflow/.local/lib/python3.12/site-packages/airflow/example_dags/example_setup_teardown.py
[2024-08-30T02:47:32.045+0000] {processor.py:914} INFO - Processing file /home/airflow/.local/lib/python3.12/site-packages/airflow/example_dags/example_setup_teardown.py for tasks to queue
[2024-08-30T02:47:32.047+0000] {logging_mixin.py:190} INFO - [2024-08-30T02:47:32.046+0000] {dagbag.py:587} INFO - Filling up the DagBag from /home/airflow/.local/lib/python3.12/site-packages/airflow/example_dags/example_setup_teardown.py
[2024-08-30T02:47:32.054+0000] {processor.py:925} INFO - DAG(s) 'example_setup_teardown' retrieved from /home/airflow/.local/lib/python3.12/site-packages/airflow/example_dags/example_setup_teardown.py
[2024-08-30T02:47:32.071+0000] {logging_mixin.py:190} INFO - [2024-08-30T02:47:32.071+0000] {dag.py:3211} INFO - Sync 1 DAGs
[2024-08-30T02:47:32.093+0000] {logging_mixin.py:190} INFO - [2024-08-30T02:47:32.092+0000] {dag.py:4138} INFO - Setting next_dagrun for example_setup_teardown to 2024-08-29 00:00:00+00:00, run_after=2024-08-30 00:00:00+00:00
[2024-08-30T02:47:32.111+0000] {processor.py:208} INFO - Processing /home/airflow/.local/lib/python3.12/site-packages/airflow/example_dags/example_setup_teardown.py took 0.072 seconds
[2024-08-30T02:48:02.892+0000] {processor.py:186} INFO - Started process (PID=2343) to work on /home/airflow/.local/lib/python3.12/site-packages/airflow/example_dags/example_setup_teardown.py
[2024-08-30T02:48:02.893+0000] {processor.py:914} INFO - Processing file /home/airflow/.local/lib/python3.12/site-packages/airflow/example_dags/example_setup_teardown.py for tasks to queue
[2024-08-30T02:48:02.895+0000] {logging_mixin.py:190} INFO - [2024-08-30T02:48:02.895+0000] {dagbag.py:587} INFO - Filling up the DagBag from /home/airflow/.local/lib/python3.12/site-packages/airflow/example_dags/example_setup_teardown.py
[2024-08-30T02:48:02.902+0000] {processor.py:925} INFO - DAG(s) 'example_setup_teardown' retrieved from /home/airflow/.local/lib/python3.12/site-packages/airflow/example_dags/example_setup_teardown.py
[2024-08-30T02:48:02.919+0000] {logging_mixin.py:190} INFO - [2024-08-30T02:48:02.919+0000] {dag.py:3211} INFO - Sync 1 DAGs
[2024-08-30T02:48:02.938+0000] {logging_mixin.py:190} INFO - [2024-08-30T02:48:02.938+0000] {dag.py:4138} INFO - Setting next_dagrun for example_setup_teardown to 2024-08-29 00:00:00+00:00, run_after=2024-08-30 00:00:00+00:00
[2024-08-30T02:48:02.957+0000] {processor.py:208} INFO - Processing /home/airflow/.local/lib/python3.12/site-packages/airflow/example_dags/example_setup_teardown.py took 0.069 seconds
[2024-08-30T02:48:33.858+0000] {processor.py:186} INFO - Started process (PID=2629) to work on /home/airflow/.local/lib/python3.12/site-packages/airflow/example_dags/example_setup_teardown.py
[2024-08-30T02:48:33.859+0000] {processor.py:914} INFO - Processing file /home/airflow/.local/lib/python3.12/site-packages/airflow/example_dags/example_setup_teardown.py for tasks to queue
[2024-08-30T02:48:33.862+0000] {logging_mixin.py:190} INFO - [2024-08-30T02:48:33.861+0000] {dagbag.py:587} INFO - Filling up the DagBag from /home/airflow/.local/lib/python3.12/site-packages/airflow/example_dags/example_setup_teardown.py
[2024-08-30T02:48:33.869+0000] {processor.py:925} INFO - DAG(s) 'example_setup_teardown' retrieved from /home/airflow/.local/lib/python3.12/site-packages/airflow/example_dags/example_setup_teardown.py
[2024-08-30T02:48:33.889+0000] {logging_mixin.py:190} INFO - [2024-08-30T02:48:33.888+0000] {dag.py:3211} INFO - Sync 1 DAGs
[2024-08-30T02:48:33.909+0000] {logging_mixin.py:190} INFO - [2024-08-30T02:48:33.909+0000] {dag.py:4138} INFO - Setting next_dagrun for example_setup_teardown to 2024-08-29 00:00:00+00:00, run_after=2024-08-30 00:00:00+00:00
[2024-08-30T02:48:33.929+0000] {processor.py:208} INFO - Processing /home/airflow/.local/lib/python3.12/site-packages/airflow/example_dags/example_setup_teardown.py took 0.076 seconds
[2024-08-30T02:49:04.615+0000] {processor.py:186} INFO - Started process (PID=2915) to work on /home/airflow/.local/lib/python3.12/site-packages/airflow/example_dags/example_setup_teardown.py
[2024-08-30T02:49:04.616+0000] {processor.py:914} INFO - Processing file /home/airflow/.local/lib/python3.12/site-packages/airflow/example_dags/example_setup_teardown.py for tasks to queue
[2024-08-30T02:49:04.618+0000] {logging_mixin.py:190} INFO - [2024-08-30T02:49:04.618+0000] {dagbag.py:587} INFO - Filling up the DagBag from /home/airflow/.local/lib/python3.12/site-packages/airflow/example_dags/example_setup_teardown.py
[2024-08-30T02:49:04.625+0000] {processor.py:925} INFO - DAG(s) 'example_setup_teardown' retrieved from /home/airflow/.local/lib/python3.12/site-packages/airflow/example_dags/example_setup_teardown.py
[2024-08-30T02:49:04.644+0000] {logging_mixin.py:190} INFO - [2024-08-30T02:49:04.643+0000] {dag.py:3211} INFO - Sync 1 DAGs
[2024-08-30T02:49:04.665+0000] {logging_mixin.py:190} INFO - [2024-08-30T02:49:04.665+0000] {dag.py:4138} INFO - Setting next_dagrun for example_setup_teardown to 2024-08-29 00:00:00+00:00, run_after=2024-08-30 00:00:00+00:00
[2024-08-30T02:49:04.689+0000] {processor.py:208} INFO - Processing /home/airflow/.local/lib/python3.12/site-packages/airflow/example_dags/example_setup_teardown.py took 0.079 seconds
[2024-08-30T02:49:35.589+0000] {processor.py:186} INFO - Started process (PID=3201) to work on /home/airflow/.local/lib/python3.12/site-packages/airflow/example_dags/example_setup_teardown.py
[2024-08-30T02:49:35.589+0000] {processor.py:914} INFO - Processing file /home/airflow/.local/lib/python3.12/site-packages/airflow/example_dags/example_setup_teardown.py for tasks to queue
[2024-08-30T02:49:35.591+0000] {logging_mixin.py:190} INFO - [2024-08-30T02:49:35.591+0000] {dagbag.py:587} INFO - Filling up the DagBag from /home/airflow/.local/lib/python3.12/site-packages/airflow/example_dags/example_setup_teardown.py
[2024-08-30T02:49:35.600+0000] {processor.py:925} INFO - DAG(s) 'example_setup_teardown' retrieved from /home/airflow/.local/lib/python3.12/site-packages/airflow/example_dags/example_setup_teardown.py
[2024-08-30T02:49:35.618+0000] {logging_mixin.py:190} INFO - [2024-08-30T02:49:35.618+0000] {dag.py:3211} INFO - Sync 1 DAGs
[2024-08-30T02:49:35.638+0000] {logging_mixin.py:190} INFO - [2024-08-30T02:49:35.638+0000] {dag.py:4138} INFO - Setting next_dagrun for example_setup_teardown to 2024-08-29 00:00:00+00:00, run_after=2024-08-30 00:00:00+00:00
[2024-08-30T02:49:35.656+0000] {processor.py:208} INFO - Processing /home/airflow/.local/lib/python3.12/site-packages/airflow/example_dags/example_setup_teardown.py took 0.072 seconds
[2024-08-30T02:50:06.248+0000] {processor.py:186} INFO - Started process (PID=3487) to work on /home/airflow/.local/lib/python3.12/site-packages/airflow/example_dags/example_setup_teardown.py
[2024-08-30T02:50:06.249+0000] {processor.py:914} INFO - Processing file /home/airflow/.local/lib/python3.12/site-packages/airflow/example_dags/example_setup_teardown.py for tasks to queue
[2024-08-30T02:50:06.252+0000] {logging_mixin.py:190} INFO - [2024-08-30T02:50:06.251+0000] {dagbag.py:587} INFO - Filling up the DagBag from /home/airflow/.local/lib/python3.12/site-packages/airflow/example_dags/example_setup_teardown.py
[2024-08-30T02:50:06.261+0000] {processor.py:925} INFO - DAG(s) 'example_setup_teardown' retrieved from /home/airflow/.local/lib/python3.12/site-packages/airflow/example_dags/example_setup_teardown.py
[2024-08-30T02:50:06.283+0000] {logging_mixin.py:190} INFO - [2024-08-30T02:50:06.282+0000] {dag.py:3211} INFO - Sync 1 DAGs
[2024-08-30T02:50:06.308+0000] {logging_mixin.py:190} INFO - [2024-08-30T02:50:06.308+0000] {dag.py:4138} INFO - Setting next_dagrun for example_setup_teardown to 2024-08-29 00:00:00+00:00, run_after=2024-08-30 00:00:00+00:00
[2024-08-30T02:50:06.328+0000] {processor.py:208} INFO - Processing /home/airflow/.local/lib/python3.12/site-packages/airflow/example_dags/example_setup_teardown.py took 0.085 seconds
[2024-08-30T02:50:36.927+0000] {processor.py:186} INFO - Started process (PID=3773) to work on /home/airflow/.local/lib/python3.12/site-packages/airflow/example_dags/example_setup_teardown.py
[2024-08-30T02:50:36.929+0000] {processor.py:914} INFO - Processing file /home/airflow/.local/lib/python3.12/site-packages/airflow/example_dags/example_setup_teardown.py for tasks to queue
[2024-08-30T02:50:36.931+0000] {logging_mixin.py:190} INFO - [2024-08-30T02:50:36.930+0000] {dagbag.py:587} INFO - Filling up the DagBag from /home/airflow/.local/lib/python3.12/site-packages/airflow/example_dags/example_setup_teardown.py
[2024-08-30T02:50:36.939+0000] {processor.py:925} INFO - DAG(s) 'example_setup_teardown' retrieved from /home/airflow/.local/lib/python3.12/site-packages/airflow/example_dags/example_setup_teardown.py
[2024-08-30T02:50:36.960+0000] {logging_mixin.py:190} INFO - [2024-08-30T02:50:36.960+0000] {dag.py:3211} INFO - Sync 1 DAGs
[2024-08-30T02:50:36.982+0000] {logging_mixin.py:190} INFO - [2024-08-30T02:50:36.982+0000] {dag.py:4138} INFO - Setting next_dagrun for example_setup_teardown to 2024-08-29 00:00:00+00:00, run_after=2024-08-30 00:00:00+00:00
[2024-08-30T02:50:37.003+0000] {processor.py:208} INFO - Processing /home/airflow/.local/lib/python3.12/site-packages/airflow/example_dags/example_setup_teardown.py took 0.082 seconds
[2024-08-30T02:51:07.546+0000] {processor.py:186} INFO - Started process (PID=4059) to work on /home/airflow/.local/lib/python3.12/site-packages/airflow/example_dags/example_setup_teardown.py
[2024-08-30T02:51:07.547+0000] {processor.py:914} INFO - Processing file /home/airflow/.local/lib/python3.12/site-packages/airflow/example_dags/example_setup_teardown.py for tasks to queue
[2024-08-30T02:51:07.550+0000] {logging_mixin.py:190} INFO - [2024-08-30T02:51:07.549+0000] {dagbag.py:587} INFO - Filling up the DagBag from /home/airflow/.local/lib/python3.12/site-packages/airflow/example_dags/example_setup_teardown.py
[2024-08-30T02:51:07.558+0000] {processor.py:925} INFO - DAG(s) 'example_setup_teardown' retrieved from /home/airflow/.local/lib/python3.12/site-packages/airflow/example_dags/example_setup_teardown.py
[2024-08-30T02:51:07.578+0000] {logging_mixin.py:190} INFO - [2024-08-30T02:51:07.577+0000] {dag.py:3211} INFO - Sync 1 DAGs
[2024-08-30T02:51:07.598+0000] {logging_mixin.py:190} INFO - [2024-08-30T02:51:07.598+0000] {dag.py:4138} INFO - Setting next_dagrun for example_setup_teardown to 2024-08-29 00:00:00+00:00, run_after=2024-08-30 00:00:00+00:00
[2024-08-30T02:51:07.620+0000] {processor.py:208} INFO - Processing /home/airflow/.local/lib/python3.12/site-packages/airflow/example_dags/example_setup_teardown.py took 0.078 seconds
[2024-08-30T02:51:38.245+0000] {processor.py:186} INFO - Started process (PID=4345) to work on /home/airflow/.local/lib/python3.12/site-packages/airflow/example_dags/example_setup_teardown.py
[2024-08-30T02:51:38.246+0000] {processor.py:914} INFO - Processing file /home/airflow/.local/lib/python3.12/site-packages/airflow/example_dags/example_setup_teardown.py for tasks to queue
[2024-08-30T02:51:38.247+0000] {logging_mixin.py:190} INFO - [2024-08-30T02:51:38.247+0000] {dagbag.py:587} INFO - Filling up the DagBag from /home/airflow/.local/lib/python3.12/site-packages/airflow/example_dags/example_setup_teardown.py
[2024-08-30T02:51:38.255+0000] {processor.py:925} INFO - DAG(s) 'example_setup_teardown' retrieved from /home/airflow/.local/lib/python3.12/site-packages/airflow/example_dags/example_setup_teardown.py
[2024-08-30T02:51:38.272+0000] {logging_mixin.py:190} INFO - [2024-08-30T02:51:38.272+0000] {dag.py:3211} INFO - Sync 1 DAGs
[2024-08-30T02:51:38.292+0000] {logging_mixin.py:190} INFO - [2024-08-30T02:51:38.292+0000] {dag.py:4138} INFO - Setting next_dagrun for example_setup_teardown to 2024-08-29 00:00:00+00:00, run_after=2024-08-30 00:00:00+00:00
[2024-08-30T02:51:38.312+0000] {processor.py:208} INFO - Processing /home/airflow/.local/lib/python3.12/site-packages/airflow/example_dags/example_setup_teardown.py took 0.072 seconds
[2024-08-30T02:52:09.028+0000] {processor.py:186} INFO - Started process (PID=4631) to work on /home/airflow/.local/lib/python3.12/site-packages/airflow/example_dags/example_setup_teardown.py
[2024-08-30T02:52:09.029+0000] {processor.py:914} INFO - Processing file /home/airflow/.local/lib/python3.12/site-packages/airflow/example_dags/example_setup_teardown.py for tasks to queue
[2024-08-30T02:52:09.032+0000] {logging_mixin.py:190} INFO - [2024-08-30T02:52:09.032+0000] {dagbag.py:587} INFO - Filling up the DagBag from /home/airflow/.local/lib/python3.12/site-packages/airflow/example_dags/example_setup_teardown.py
[2024-08-30T02:52:09.041+0000] {processor.py:925} INFO - DAG(s) 'example_setup_teardown' retrieved from /home/airflow/.local/lib/python3.12/site-packages/airflow/example_dags/example_setup_teardown.py
[2024-08-30T02:52:09.062+0000] {logging_mixin.py:190} INFO - [2024-08-30T02:52:09.061+0000] {dag.py:3211} INFO - Sync 1 DAGs
[2024-08-30T02:52:09.086+0000] {logging_mixin.py:190} INFO - [2024-08-30T02:52:09.086+0000] {dag.py:4138} INFO - Setting next_dagrun for example_setup_teardown to 2024-08-29 00:00:00+00:00, run_after=2024-08-30 00:00:00+00:00
[2024-08-30T02:52:09.106+0000] {processor.py:208} INFO - Processing /home/airflow/.local/lib/python3.12/site-packages/airflow/example_dags/example_setup_teardown.py took 0.084 seconds
[2024-08-30T02:52:39.786+0000] {processor.py:186} INFO - Started process (PID=4917) to work on /home/airflow/.local/lib/python3.12/site-packages/airflow/example_dags/example_setup_teardown.py
[2024-08-30T02:52:39.787+0000] {processor.py:914} INFO - Processing file /home/airflow/.local/lib/python3.12/site-packages/airflow/example_dags/example_setup_teardown.py for tasks to queue
[2024-08-30T02:52:39.789+0000] {logging_mixin.py:190} INFO - [2024-08-30T02:52:39.789+0000] {dagbag.py:587} INFO - Filling up the DagBag from /home/airflow/.local/lib/python3.12/site-packages/airflow/example_dags/example_setup_teardown.py
[2024-08-30T02:52:39.796+0000] {processor.py:925} INFO - DAG(s) 'example_setup_teardown' retrieved from /home/airflow/.local/lib/python3.12/site-packages/airflow/example_dags/example_setup_teardown.py
[2024-08-30T02:52:39.815+0000] {logging_mixin.py:190} INFO - [2024-08-30T02:52:39.815+0000] {dag.py:3211} INFO - Sync 1 DAGs
[2024-08-30T02:52:39.839+0000] {logging_mixin.py:190} INFO - [2024-08-30T02:52:39.839+0000] {dag.py:4138} INFO - Setting next_dagrun for example_setup_teardown to 2024-08-29 00:00:00+00:00, run_after=2024-08-30 00:00:00+00:00
[2024-08-30T02:52:39.859+0000] {processor.py:208} INFO - Processing /home/airflow/.local/lib/python3.12/site-packages/airflow/example_dags/example_setup_teardown.py took 0.079 seconds
[2024-08-30T02:53:10.502+0000] {processor.py:186} INFO - Started process (PID=5203) to work on /home/airflow/.local/lib/python3.12/site-packages/airflow/example_dags/example_setup_teardown.py
[2024-08-30T02:53:10.503+0000] {processor.py:914} INFO - Processing file /home/airflow/.local/lib/python3.12/site-packages/airflow/example_dags/example_setup_teardown.py for tasks to queue
[2024-08-30T02:53:10.506+0000] {logging_mixin.py:190} INFO - [2024-08-30T02:53:10.505+0000] {dagbag.py:587} INFO - Filling up the DagBag from /home/airflow/.local/lib/python3.12/site-packages/airflow/example_dags/example_setup_teardown.py
[2024-08-30T02:53:10.513+0000] {processor.py:925} INFO - DAG(s) 'example_setup_teardown' retrieved from /home/airflow/.local/lib/python3.12/site-packages/airflow/example_dags/example_setup_teardown.py
[2024-08-30T02:53:10.532+0000] {logging_mixin.py:190} INFO - [2024-08-30T02:53:10.531+0000] {dag.py:3211} INFO - Sync 1 DAGs
[2024-08-30T02:53:10.552+0000] {logging_mixin.py:190} INFO - [2024-08-30T02:53:10.552+0000] {dag.py:4138} INFO - Setting next_dagrun for example_setup_teardown to 2024-08-29 00:00:00+00:00, run_after=2024-08-30 00:00:00+00:00
[2024-08-30T02:53:10.571+0000] {processor.py:208} INFO - Processing /home/airflow/.local/lib/python3.12/site-packages/airflow/example_dags/example_setup_teardown.py took 0.075 seconds
[2024-08-30T02:53:41.422+0000] {processor.py:186} INFO - Started process (PID=5489) to work on /home/airflow/.local/lib/python3.12/site-packages/airflow/example_dags/example_setup_teardown.py
[2024-08-30T02:53:41.423+0000] {processor.py:914} INFO - Processing file /home/airflow/.local/lib/python3.12/site-packages/airflow/example_dags/example_setup_teardown.py for tasks to queue
[2024-08-30T02:53:41.426+0000] {logging_mixin.py:190} INFO - [2024-08-30T02:53:41.426+0000] {dagbag.py:587} INFO - Filling up the DagBag from /home/airflow/.local/lib/python3.12/site-packages/airflow/example_dags/example_setup_teardown.py
[2024-08-30T02:53:41.435+0000] {processor.py:925} INFO - DAG(s) 'example_setup_teardown' retrieved from /home/airflow/.local/lib/python3.12/site-packages/airflow/example_dags/example_setup_teardown.py
[2024-08-30T02:53:41.455+0000] {logging_mixin.py:190} INFO - [2024-08-30T02:53:41.455+0000] {dag.py:3211} INFO - Sync 1 DAGs
[2024-08-30T02:53:41.478+0000] {logging_mixin.py:190} INFO - [2024-08-30T02:53:41.478+0000] {dag.py:4138} INFO - Setting next_dagrun for example_setup_teardown to 2024-08-29 00:00:00+00:00, run_after=2024-08-30 00:00:00+00:00
[2024-08-30T02:53:41.506+0000] {processor.py:208} INFO - Processing /home/airflow/.local/lib/python3.12/site-packages/airflow/example_dags/example_setup_teardown.py took 0.090 seconds
[2024-08-30T02:54:12.634+0000] {processor.py:186} INFO - Started process (PID=5777) to work on /home/airflow/.local/lib/python3.12/site-packages/airflow/example_dags/example_setup_teardown.py
[2024-08-30T02:54:12.635+0000] {processor.py:914} INFO - Processing file /home/airflow/.local/lib/python3.12/site-packages/airflow/example_dags/example_setup_teardown.py for tasks to queue
[2024-08-30T02:54:12.637+0000] {logging_mixin.py:190} INFO - [2024-08-30T02:54:12.637+0000] {dagbag.py:587} INFO - Filling up the DagBag from /home/airflow/.local/lib/python3.12/site-packages/airflow/example_dags/example_setup_teardown.py
[2024-08-30T02:54:12.645+0000] {processor.py:925} INFO - DAG(s) 'example_setup_teardown' retrieved from /home/airflow/.local/lib/python3.12/site-packages/airflow/example_dags/example_setup_teardown.py
[2024-08-30T02:54:12.666+0000] {logging_mixin.py:190} INFO - [2024-08-30T02:54:12.666+0000] {dag.py:3211} INFO - Sync 1 DAGs
[2024-08-30T02:54:12.689+0000] {logging_mixin.py:190} INFO - [2024-08-30T02:54:12.689+0000] {dag.py:4138} INFO - Setting next_dagrun for example_setup_teardown to 2024-08-29 00:00:00+00:00, run_after=2024-08-30 00:00:00+00:00
[2024-08-30T02:54:12.710+0000] {processor.py:208} INFO - Processing /home/airflow/.local/lib/python3.12/site-packages/airflow/example_dags/example_setup_teardown.py took 0.082 seconds
[2024-08-30T02:54:43.489+0000] {processor.py:186} INFO - Started process (PID=6061) to work on /home/airflow/.local/lib/python3.12/site-packages/airflow/example_dags/example_setup_teardown.py
[2024-08-30T02:54:43.490+0000] {processor.py:914} INFO - Processing file /home/airflow/.local/lib/python3.12/site-packages/airflow/example_dags/example_setup_teardown.py for tasks to queue
[2024-08-30T02:54:43.492+0000] {logging_mixin.py:190} INFO - [2024-08-30T02:54:43.492+0000] {dagbag.py:587} INFO - Filling up the DagBag from /home/airflow/.local/lib/python3.12/site-packages/airflow/example_dags/example_setup_teardown.py
[2024-08-30T02:54:43.499+0000] {processor.py:925} INFO - DAG(s) 'example_setup_teardown' retrieved from /home/airflow/.local/lib/python3.12/site-packages/airflow/example_dags/example_setup_teardown.py
[2024-08-30T02:54:43.523+0000] {logging_mixin.py:190} INFO - [2024-08-30T02:54:43.523+0000] {dag.py:3211} INFO - Sync 1 DAGs
[2024-08-30T02:54:43.546+0000] {logging_mixin.py:190} INFO - [2024-08-30T02:54:43.545+0000] {dag.py:4138} INFO - Setting next_dagrun for example_setup_teardown to 2024-08-29 00:00:00+00:00, run_after=2024-08-30 00:00:00+00:00
[2024-08-30T02:54:43.571+0000] {processor.py:208} INFO - Processing /home/airflow/.local/lib/python3.12/site-packages/airflow/example_dags/example_setup_teardown.py took 0.087 seconds
[2024-08-30T02:55:14.533+0000] {processor.py:186} INFO - Started process (PID=6353) to work on /home/airflow/.local/lib/python3.12/site-packages/airflow/example_dags/example_setup_teardown.py
[2024-08-30T02:55:14.534+0000] {processor.py:914} INFO - Processing file /home/airflow/.local/lib/python3.12/site-packages/airflow/example_dags/example_setup_teardown.py for tasks to queue
[2024-08-30T02:55:14.536+0000] {logging_mixin.py:190} INFO - [2024-08-30T02:55:14.536+0000] {dagbag.py:587} INFO - Filling up the DagBag from /home/airflow/.local/lib/python3.12/site-packages/airflow/example_dags/example_setup_teardown.py
[2024-08-30T02:55:14.546+0000] {processor.py:925} INFO - DAG(s) 'example_setup_teardown' retrieved from /home/airflow/.local/lib/python3.12/site-packages/airflow/example_dags/example_setup_teardown.py
[2024-08-30T02:55:14.569+0000] {logging_mixin.py:190} INFO - [2024-08-30T02:55:14.569+0000] {dag.py:3211} INFO - Sync 1 DAGs
[2024-08-30T02:55:14.595+0000] {logging_mixin.py:190} INFO - [2024-08-30T02:55:14.594+0000] {dag.py:4138} INFO - Setting next_dagrun for example_setup_teardown to 2024-08-29 00:00:00+00:00, run_after=2024-08-30 00:00:00+00:00
[2024-08-30T02:55:14.613+0000] {processor.py:208} INFO - Processing /home/airflow/.local/lib/python3.12/site-packages/airflow/example_dags/example_setup_teardown.py took 0.086 seconds
[2024-08-30T02:55:44.854+0000] {processor.py:186} INFO - Started process (PID=6639) to work on /home/airflow/.local/lib/python3.12/site-packages/airflow/example_dags/example_setup_teardown.py
[2024-08-30T02:55:44.855+0000] {processor.py:914} INFO - Processing file /home/airflow/.local/lib/python3.12/site-packages/airflow/example_dags/example_setup_teardown.py for tasks to queue
[2024-08-30T02:55:44.857+0000] {logging_mixin.py:190} INFO - [2024-08-30T02:55:44.857+0000] {dagbag.py:587} INFO - Filling up the DagBag from /home/airflow/.local/lib/python3.12/site-packages/airflow/example_dags/example_setup_teardown.py
[2024-08-30T02:55:44.865+0000] {processor.py:925} INFO - DAG(s) 'example_setup_teardown' retrieved from /home/airflow/.local/lib/python3.12/site-packages/airflow/example_dags/example_setup_teardown.py
[2024-08-30T02:55:44.887+0000] {logging_mixin.py:190} INFO - [2024-08-30T02:55:44.886+0000] {dag.py:3211} INFO - Sync 1 DAGs
[2024-08-30T02:55:44.911+0000] {logging_mixin.py:190} INFO - [2024-08-30T02:55:44.911+0000] {dag.py:4138} INFO - Setting next_dagrun for example_setup_teardown to 2024-08-29 00:00:00+00:00, run_after=2024-08-30 00:00:00+00:00
[2024-08-30T02:55:44.931+0000] {processor.py:208} INFO - Processing /home/airflow/.local/lib/python3.12/site-packages/airflow/example_dags/example_setup_teardown.py took 0.083 seconds
[2024-08-30T02:56:15.089+0000] {processor.py:186} INFO - Started process (PID=6925) to work on /home/airflow/.local/lib/python3.12/site-packages/airflow/example_dags/example_setup_teardown.py
[2024-08-30T02:56:15.090+0000] {processor.py:914} INFO - Processing file /home/airflow/.local/lib/python3.12/site-packages/airflow/example_dags/example_setup_teardown.py for tasks to queue
[2024-08-30T02:56:15.093+0000] {logging_mixin.py:190} INFO - [2024-08-30T02:56:15.092+0000] {dagbag.py:587} INFO - Filling up the DagBag from /home/airflow/.local/lib/python3.12/site-packages/airflow/example_dags/example_setup_teardown.py
[2024-08-30T02:56:15.102+0000] {processor.py:925} INFO - DAG(s) 'example_setup_teardown' retrieved from /home/airflow/.local/lib/python3.12/site-packages/airflow/example_dags/example_setup_teardown.py
[2024-08-30T02:56:15.125+0000] {logging_mixin.py:190} INFO - [2024-08-30T02:56:15.124+0000] {dag.py:3211} INFO - Sync 1 DAGs
[2024-08-30T02:56:15.153+0000] {logging_mixin.py:190} INFO - [2024-08-30T02:56:15.153+0000] {dag.py:4138} INFO - Setting next_dagrun for example_setup_teardown to 2024-08-29 00:00:00+00:00, run_after=2024-08-30 00:00:00+00:00
[2024-08-30T02:56:15.175+0000] {processor.py:208} INFO - Processing /home/airflow/.local/lib/python3.12/site-packages/airflow/example_dags/example_setup_teardown.py took 0.091 seconds
[2024-08-30T02:56:45.347+0000] {processor.py:186} INFO - Started process (PID=7211) to work on /home/airflow/.local/lib/python3.12/site-packages/airflow/example_dags/example_setup_teardown.py
[2024-08-30T02:56:45.348+0000] {processor.py:914} INFO - Processing file /home/airflow/.local/lib/python3.12/site-packages/airflow/example_dags/example_setup_teardown.py for tasks to queue
[2024-08-30T02:56:45.350+0000] {logging_mixin.py:190} INFO - [2024-08-30T02:56:45.350+0000] {dagbag.py:587} INFO - Filling up the DagBag from /home/airflow/.local/lib/python3.12/site-packages/airflow/example_dags/example_setup_teardown.py
[2024-08-30T02:56:45.358+0000] {processor.py:925} INFO - DAG(s) 'example_setup_teardown' retrieved from /home/airflow/.local/lib/python3.12/site-packages/airflow/example_dags/example_setup_teardown.py
[2024-08-30T02:56:45.378+0000] {logging_mixin.py:190} INFO - [2024-08-30T02:56:45.378+0000] {dag.py:3211} INFO - Sync 1 DAGs
[2024-08-30T02:56:45.400+0000] {logging_mixin.py:190} INFO - [2024-08-30T02:56:45.400+0000] {dag.py:4138} INFO - Setting next_dagrun for example_setup_teardown to 2024-08-29 00:00:00+00:00, run_after=2024-08-30 00:00:00+00:00
[2024-08-30T02:56:45.419+0000] {processor.py:208} INFO - Processing /home/airflow/.local/lib/python3.12/site-packages/airflow/example_dags/example_setup_teardown.py took 0.077 seconds
[2024-08-30T02:57:15.606+0000] {processor.py:186} INFO - Started process (PID=7497) to work on /home/airflow/.local/lib/python3.12/site-packages/airflow/example_dags/example_setup_teardown.py
[2024-08-30T02:57:15.607+0000] {processor.py:914} INFO - Processing file /home/airflow/.local/lib/python3.12/site-packages/airflow/example_dags/example_setup_teardown.py for tasks to queue
[2024-08-30T02:57:15.609+0000] {logging_mixin.py:190} INFO - [2024-08-30T02:57:15.609+0000] {dagbag.py:587} INFO - Filling up the DagBag from /home/airflow/.local/lib/python3.12/site-packages/airflow/example_dags/example_setup_teardown.py
[2024-08-30T02:57:15.616+0000] {processor.py:925} INFO - DAG(s) 'example_setup_teardown' retrieved from /home/airflow/.local/lib/python3.12/site-packages/airflow/example_dags/example_setup_teardown.py
[2024-08-30T02:57:15.634+0000] {logging_mixin.py:190} INFO - [2024-08-30T02:57:15.634+0000] {dag.py:3211} INFO - Sync 1 DAGs
[2024-08-30T02:57:15.656+0000] {logging_mixin.py:190} INFO - [2024-08-30T02:57:15.656+0000] {dag.py:4138} INFO - Setting next_dagrun for example_setup_teardown to 2024-08-29 00:00:00+00:00, run_after=2024-08-30 00:00:00+00:00
[2024-08-30T02:57:15.675+0000] {processor.py:208} INFO - Processing /home/airflow/.local/lib/python3.12/site-packages/airflow/example_dags/example_setup_teardown.py took 0.074 seconds
