[2024-08-30T02:44:25.901+0000] {processor.py:186} INFO - Started process (PID=182) to work on /home/airflow/.local/lib/python3.12/site-packages/airflow/example_dags/example_branch_python_dop_operator_3.py
[2024-08-30T02:44:25.902+0000] {processor.py:914} INFO - Processing file /home/airflow/.local/lib/python3.12/site-packages/airflow/example_dags/example_branch_python_dop_operator_3.py for tasks to queue
[2024-08-30T02:44:25.905+0000] {logging_mixin.py:190} INFO - [2024-08-30T02:44:25.905+0000] {dagbag.py:587} INFO - Filling up the DagBag from /home/airflow/.local/lib/python3.12/site-packages/airflow/example_dags/example_branch_python_dop_operator_3.py
[2024-08-30T02:44:25.917+0000] {processor.py:925} INFO - DAG(s) 'example_branch_dop_operator_v3' retrieved from /home/airflow/.local/lib/python3.12/site-packages/airflow/example_dags/example_branch_python_dop_operator_3.py
[2024-08-30T02:44:25.951+0000] {logging_mixin.py:190} INFO - [2024-08-30T02:44:25.950+0000] {dag.py:3211} INFO - Sync 1 DAGs
[2024-08-30T02:44:25.986+0000] {logging_mixin.py:190} INFO - [2024-08-30T02:44:25.986+0000] {dag.py:4138} INFO - Setting next_dagrun for example_branch_dop_operator_v3 to 2024-08-30 02:43:00+00:00, run_after=2024-08-30 02:44:00+00:00
[2024-08-30T02:44:26.009+0000] {processor.py:208} INFO - Processing /home/airflow/.local/lib/python3.12/site-packages/airflow/example_dags/example_branch_python_dop_operator_3.py took 0.115 seconds
[2024-08-30T02:44:56.291+0000] {processor.py:186} INFO - Started process (PID=487) to work on /home/airflow/.local/lib/python3.12/site-packages/airflow/example_dags/example_branch_python_dop_operator_3.py
[2024-08-30T02:44:56.292+0000] {processor.py:914} INFO - Processing file /home/airflow/.local/lib/python3.12/site-packages/airflow/example_dags/example_branch_python_dop_operator_3.py for tasks to queue
[2024-08-30T02:44:56.294+0000] {logging_mixin.py:190} INFO - [2024-08-30T02:44:56.294+0000] {dagbag.py:587} INFO - Filling up the DagBag from /home/airflow/.local/lib/python3.12/site-packages/airflow/example_dags/example_branch_python_dop_operator_3.py
[2024-08-30T02:44:56.302+0000] {processor.py:925} INFO - DAG(s) 'example_branch_dop_operator_v3' retrieved from /home/airflow/.local/lib/python3.12/site-packages/airflow/example_dags/example_branch_python_dop_operator_3.py
[2024-08-30T02:44:56.325+0000] {logging_mixin.py:190} INFO - [2024-08-30T02:44:56.324+0000] {dag.py:3211} INFO - Sync 1 DAGs
[2024-08-30T02:44:56.351+0000] {logging_mixin.py:190} INFO - [2024-08-30T02:44:56.350+0000] {dag.py:4138} INFO - Setting next_dagrun for example_branch_dop_operator_v3 to 2024-08-30 02:43:00+00:00, run_after=2024-08-30 02:44:00+00:00
[2024-08-30T02:44:56.373+0000] {processor.py:208} INFO - Processing /home/airflow/.local/lib/python3.12/site-packages/airflow/example_dags/example_branch_python_dop_operator_3.py took 0.087 seconds
[2024-08-30T02:45:26.750+0000] {processor.py:186} INFO - Started process (PID=773) to work on /home/airflow/.local/lib/python3.12/site-packages/airflow/example_dags/example_branch_python_dop_operator_3.py
[2024-08-30T02:45:26.751+0000] {processor.py:914} INFO - Processing file /home/airflow/.local/lib/python3.12/site-packages/airflow/example_dags/example_branch_python_dop_operator_3.py for tasks to queue
[2024-08-30T02:45:26.753+0000] {logging_mixin.py:190} INFO - [2024-08-30T02:45:26.753+0000] {dagbag.py:587} INFO - Filling up the DagBag from /home/airflow/.local/lib/python3.12/site-packages/airflow/example_dags/example_branch_python_dop_operator_3.py
[2024-08-30T02:45:26.765+0000] {processor.py:925} INFO - DAG(s) 'example_branch_dop_operator_v3' retrieved from /home/airflow/.local/lib/python3.12/site-packages/airflow/example_dags/example_branch_python_dop_operator_3.py
[2024-08-30T02:45:26.784+0000] {logging_mixin.py:190} INFO - [2024-08-30T02:45:26.784+0000] {dag.py:3211} INFO - Sync 1 DAGs
[2024-08-30T02:45:26.807+0000] {logging_mixin.py:190} INFO - [2024-08-30T02:45:26.807+0000] {dag.py:4138} INFO - Setting next_dagrun for example_branch_dop_operator_v3 to 2024-08-30 02:44:00+00:00, run_after=2024-08-30 02:45:00+00:00
[2024-08-30T02:45:26.825+0000] {processor.py:208} INFO - Processing /home/airflow/.local/lib/python3.12/site-packages/airflow/example_dags/example_branch_python_dop_operator_3.py took 0.081 seconds
[2024-08-30T02:45:56.875+0000] {processor.py:186} INFO - Started process (PID=1059) to work on /home/airflow/.local/lib/python3.12/site-packages/airflow/example_dags/example_branch_python_dop_operator_3.py
[2024-08-30T02:45:56.877+0000] {processor.py:914} INFO - Processing file /home/airflow/.local/lib/python3.12/site-packages/airflow/example_dags/example_branch_python_dop_operator_3.py for tasks to queue
[2024-08-30T02:45:56.879+0000] {logging_mixin.py:190} INFO - [2024-08-30T02:45:56.878+0000] {dagbag.py:587} INFO - Filling up the DagBag from /home/airflow/.local/lib/python3.12/site-packages/airflow/example_dags/example_branch_python_dop_operator_3.py
[2024-08-30T02:45:56.887+0000] {processor.py:925} INFO - DAG(s) 'example_branch_dop_operator_v3' retrieved from /home/airflow/.local/lib/python3.12/site-packages/airflow/example_dags/example_branch_python_dop_operator_3.py
[2024-08-30T02:45:56.906+0000] {logging_mixin.py:190} INFO - [2024-08-30T02:45:56.906+0000] {dag.py:3211} INFO - Sync 1 DAGs
[2024-08-30T02:45:56.929+0000] {logging_mixin.py:190} INFO - [2024-08-30T02:45:56.929+0000] {dag.py:4138} INFO - Setting next_dagrun for example_branch_dop_operator_v3 to 2024-08-30 02:44:00+00:00, run_after=2024-08-30 02:45:00+00:00
[2024-08-30T02:45:56.949+0000] {processor.py:208} INFO - Processing /home/airflow/.local/lib/python3.12/site-packages/airflow/example_dags/example_branch_python_dop_operator_3.py took 0.078 seconds
[2024-08-30T02:46:27.734+0000] {processor.py:186} INFO - Started process (PID=1345) to work on /home/airflow/.local/lib/python3.12/site-packages/airflow/example_dags/example_branch_python_dop_operator_3.py
[2024-08-30T02:46:27.735+0000] {processor.py:914} INFO - Processing file /home/airflow/.local/lib/python3.12/site-packages/airflow/example_dags/example_branch_python_dop_operator_3.py for tasks to queue
[2024-08-30T02:46:27.737+0000] {logging_mixin.py:190} INFO - [2024-08-30T02:46:27.737+0000] {dagbag.py:587} INFO - Filling up the DagBag from /home/airflow/.local/lib/python3.12/site-packages/airflow/example_dags/example_branch_python_dop_operator_3.py
[2024-08-30T02:46:27.745+0000] {processor.py:925} INFO - DAG(s) 'example_branch_dop_operator_v3' retrieved from /home/airflow/.local/lib/python3.12/site-packages/airflow/example_dags/example_branch_python_dop_operator_3.py
[2024-08-30T02:46:27.763+0000] {logging_mixin.py:190} INFO - [2024-08-30T02:46:27.763+0000] {dag.py:3211} INFO - Sync 1 DAGs
[2024-08-30T02:46:27.788+0000] {logging_mixin.py:190} INFO - [2024-08-30T02:46:27.788+0000] {dag.py:4138} INFO - Setting next_dagrun for example_branch_dop_operator_v3 to 2024-08-30 02:45:00+00:00, run_after=2024-08-30 02:46:00+00:00
[2024-08-30T02:46:27.807+0000] {processor.py:208} INFO - Processing /home/airflow/.local/lib/python3.12/site-packages/airflow/example_dags/example_branch_python_dop_operator_3.py took 0.078 seconds
[2024-08-30T02:46:58.201+0000] {processor.py:186} INFO - Started process (PID=1631) to work on /home/airflow/.local/lib/python3.12/site-packages/airflow/example_dags/example_branch_python_dop_operator_3.py
[2024-08-30T02:46:58.202+0000] {processor.py:914} INFO - Processing file /home/airflow/.local/lib/python3.12/site-packages/airflow/example_dags/example_branch_python_dop_operator_3.py for tasks to queue
[2024-08-30T02:46:58.204+0000] {logging_mixin.py:190} INFO - [2024-08-30T02:46:58.204+0000] {dagbag.py:587} INFO - Filling up the DagBag from /home/airflow/.local/lib/python3.12/site-packages/airflow/example_dags/example_branch_python_dop_operator_3.py
[2024-08-30T02:46:58.213+0000] {processor.py:925} INFO - DAG(s) 'example_branch_dop_operator_v3' retrieved from /home/airflow/.local/lib/python3.12/site-packages/airflow/example_dags/example_branch_python_dop_operator_3.py
[2024-08-30T02:46:58.234+0000] {logging_mixin.py:190} INFO - [2024-08-30T02:46:58.234+0000] {dag.py:3211} INFO - Sync 1 DAGs
[2024-08-30T02:46:58.260+0000] {logging_mixin.py:190} INFO - [2024-08-30T02:46:58.259+0000] {dag.py:4138} INFO - Setting next_dagrun for example_branch_dop_operator_v3 to 2024-08-30 02:45:00+00:00, run_after=2024-08-30 02:46:00+00:00
[2024-08-30T02:46:58.279+0000] {processor.py:208} INFO - Processing /home/airflow/.local/lib/python3.12/site-packages/airflow/example_dags/example_branch_python_dop_operator_3.py took 0.083 seconds
[2024-08-30T02:47:28.878+0000] {processor.py:186} INFO - Started process (PID=1917) to work on /home/airflow/.local/lib/python3.12/site-packages/airflow/example_dags/example_branch_python_dop_operator_3.py
[2024-08-30T02:47:28.879+0000] {processor.py:914} INFO - Processing file /home/airflow/.local/lib/python3.12/site-packages/airflow/example_dags/example_branch_python_dop_operator_3.py for tasks to queue
[2024-08-30T02:47:28.882+0000] {logging_mixin.py:190} INFO - [2024-08-30T02:47:28.882+0000] {dagbag.py:587} INFO - Filling up the DagBag from /home/airflow/.local/lib/python3.12/site-packages/airflow/example_dags/example_branch_python_dop_operator_3.py
[2024-08-30T02:47:28.892+0000] {processor.py:925} INFO - DAG(s) 'example_branch_dop_operator_v3' retrieved from /home/airflow/.local/lib/python3.12/site-packages/airflow/example_dags/example_branch_python_dop_operator_3.py
[2024-08-30T02:47:28.914+0000] {logging_mixin.py:190} INFO - [2024-08-30T02:47:28.914+0000] {dag.py:3211} INFO - Sync 1 DAGs
[2024-08-30T02:47:28.942+0000] {logging_mixin.py:190} INFO - [2024-08-30T02:47:28.941+0000] {dag.py:4138} INFO - Setting next_dagrun for example_branch_dop_operator_v3 to 2024-08-30 02:46:00+00:00, run_after=2024-08-30 02:47:00+00:00
[2024-08-30T02:47:28.962+0000] {processor.py:208} INFO - Processing /home/airflow/.local/lib/python3.12/site-packages/airflow/example_dags/example_branch_python_dop_operator_3.py took 0.090 seconds
[2024-08-30T02:47:59.937+0000] {processor.py:186} INFO - Started process (PID=2203) to work on /home/airflow/.local/lib/python3.12/site-packages/airflow/example_dags/example_branch_python_dop_operator_3.py
[2024-08-30T02:47:59.938+0000] {processor.py:914} INFO - Processing file /home/airflow/.local/lib/python3.12/site-packages/airflow/example_dags/example_branch_python_dop_operator_3.py for tasks to queue
[2024-08-30T02:47:59.941+0000] {logging_mixin.py:190} INFO - [2024-08-30T02:47:59.941+0000] {dagbag.py:587} INFO - Filling up the DagBag from /home/airflow/.local/lib/python3.12/site-packages/airflow/example_dags/example_branch_python_dop_operator_3.py
[2024-08-30T02:47:59.951+0000] {processor.py:925} INFO - DAG(s) 'example_branch_dop_operator_v3' retrieved from /home/airflow/.local/lib/python3.12/site-packages/airflow/example_dags/example_branch_python_dop_operator_3.py
[2024-08-30T02:47:59.970+0000] {logging_mixin.py:190} INFO - [2024-08-30T02:47:59.970+0000] {dag.py:3211} INFO - Sync 1 DAGs
[2024-08-30T02:47:59.994+0000] {logging_mixin.py:190} INFO - [2024-08-30T02:47:59.994+0000] {dag.py:4138} INFO - Setting next_dagrun for example_branch_dop_operator_v3 to 2024-08-30 02:46:00+00:00, run_after=2024-08-30 02:47:00+00:00
[2024-08-30T02:48:00.015+0000] {processor.py:208} INFO - Processing /home/airflow/.local/lib/python3.12/site-packages/airflow/example_dags/example_branch_python_dop_operator_3.py took 0.083 seconds
[2024-08-30T02:48:30.680+0000] {processor.py:186} INFO - Started process (PID=2489) to work on /home/airflow/.local/lib/python3.12/site-packages/airflow/example_dags/example_branch_python_dop_operator_3.py
[2024-08-30T02:48:30.681+0000] {processor.py:914} INFO - Processing file /home/airflow/.local/lib/python3.12/site-packages/airflow/example_dags/example_branch_python_dop_operator_3.py for tasks to queue
[2024-08-30T02:48:30.684+0000] {logging_mixin.py:190} INFO - [2024-08-30T02:48:30.684+0000] {dagbag.py:587} INFO - Filling up the DagBag from /home/airflow/.local/lib/python3.12/site-packages/airflow/example_dags/example_branch_python_dop_operator_3.py
[2024-08-30T02:48:30.693+0000] {processor.py:925} INFO - DAG(s) 'example_branch_dop_operator_v3' retrieved from /home/airflow/.local/lib/python3.12/site-packages/airflow/example_dags/example_branch_python_dop_operator_3.py
[2024-08-30T02:48:30.713+0000] {logging_mixin.py:190} INFO - [2024-08-30T02:48:30.712+0000] {dag.py:3211} INFO - Sync 1 DAGs
[2024-08-30T02:48:30.737+0000] {logging_mixin.py:190} INFO - [2024-08-30T02:48:30.737+0000] {dag.py:4138} INFO - Setting next_dagrun for example_branch_dop_operator_v3 to 2024-08-30 02:47:00+00:00, run_after=2024-08-30 02:48:00+00:00
[2024-08-30T02:48:30.760+0000] {processor.py:208} INFO - Processing /home/airflow/.local/lib/python3.12/site-packages/airflow/example_dags/example_branch_python_dop_operator_3.py took 0.084 seconds
[2024-08-30T02:49:01.799+0000] {processor.py:186} INFO - Started process (PID=2775) to work on /home/airflow/.local/lib/python3.12/site-packages/airflow/example_dags/example_branch_python_dop_operator_3.py
[2024-08-30T02:49:01.800+0000] {processor.py:914} INFO - Processing file /home/airflow/.local/lib/python3.12/site-packages/airflow/example_dags/example_branch_python_dop_operator_3.py for tasks to queue
[2024-08-30T02:49:01.802+0000] {logging_mixin.py:190} INFO - [2024-08-30T02:49:01.802+0000] {dagbag.py:587} INFO - Filling up the DagBag from /home/airflow/.local/lib/python3.12/site-packages/airflow/example_dags/example_branch_python_dop_operator_3.py
[2024-08-30T02:49:01.811+0000] {processor.py:925} INFO - DAG(s) 'example_branch_dop_operator_v3' retrieved from /home/airflow/.local/lib/python3.12/site-packages/airflow/example_dags/example_branch_python_dop_operator_3.py
[2024-08-30T02:49:01.832+0000] {logging_mixin.py:190} INFO - [2024-08-30T02:49:01.831+0000] {dag.py:3211} INFO - Sync 1 DAGs
[2024-08-30T02:49:01.858+0000] {logging_mixin.py:190} INFO - [2024-08-30T02:49:01.858+0000] {dag.py:4138} INFO - Setting next_dagrun for example_branch_dop_operator_v3 to 2024-08-30 02:48:00+00:00, run_after=2024-08-30 02:49:00+00:00
[2024-08-30T02:49:01.877+0000] {processor.py:208} INFO - Processing /home/airflow/.local/lib/python3.12/site-packages/airflow/example_dags/example_branch_python_dop_operator_3.py took 0.084 seconds
[2024-08-30T02:49:32.656+0000] {processor.py:186} INFO - Started process (PID=3061) to work on /home/airflow/.local/lib/python3.12/site-packages/airflow/example_dags/example_branch_python_dop_operator_3.py
[2024-08-30T02:49:32.657+0000] {processor.py:914} INFO - Processing file /home/airflow/.local/lib/python3.12/site-packages/airflow/example_dags/example_branch_python_dop_operator_3.py for tasks to queue
[2024-08-30T02:49:32.659+0000] {logging_mixin.py:190} INFO - [2024-08-30T02:49:32.659+0000] {dagbag.py:587} INFO - Filling up the DagBag from /home/airflow/.local/lib/python3.12/site-packages/airflow/example_dags/example_branch_python_dop_operator_3.py
[2024-08-30T02:49:32.669+0000] {processor.py:925} INFO - DAG(s) 'example_branch_dop_operator_v3' retrieved from /home/airflow/.local/lib/python3.12/site-packages/airflow/example_dags/example_branch_python_dop_operator_3.py
[2024-08-30T02:49:32.689+0000] {logging_mixin.py:190} INFO - [2024-08-30T02:49:32.689+0000] {dag.py:3211} INFO - Sync 1 DAGs
[2024-08-30T02:49:32.714+0000] {logging_mixin.py:190} INFO - [2024-08-30T02:49:32.713+0000] {dag.py:4138} INFO - Setting next_dagrun for example_branch_dop_operator_v3 to 2024-08-30 02:48:00+00:00, run_after=2024-08-30 02:49:00+00:00
[2024-08-30T02:49:32.735+0000] {processor.py:208} INFO - Processing /home/airflow/.local/lib/python3.12/site-packages/airflow/example_dags/example_branch_python_dop_operator_3.py took 0.084 seconds
[2024-08-30T02:50:03.347+0000] {processor.py:186} INFO - Started process (PID=3347) to work on /home/airflow/.local/lib/python3.12/site-packages/airflow/example_dags/example_branch_python_dop_operator_3.py
[2024-08-30T02:50:03.348+0000] {processor.py:914} INFO - Processing file /home/airflow/.local/lib/python3.12/site-packages/airflow/example_dags/example_branch_python_dop_operator_3.py for tasks to queue
[2024-08-30T02:50:03.351+0000] {logging_mixin.py:190} INFO - [2024-08-30T02:50:03.351+0000] {dagbag.py:587} INFO - Filling up the DagBag from /home/airflow/.local/lib/python3.12/site-packages/airflow/example_dags/example_branch_python_dop_operator_3.py
[2024-08-30T02:50:03.360+0000] {processor.py:925} INFO - DAG(s) 'example_branch_dop_operator_v3' retrieved from /home/airflow/.local/lib/python3.12/site-packages/airflow/example_dags/example_branch_python_dop_operator_3.py
[2024-08-30T02:50:03.381+0000] {logging_mixin.py:190} INFO - [2024-08-30T02:50:03.381+0000] {dag.py:3211} INFO - Sync 1 DAGs
[2024-08-30T02:50:03.406+0000] {logging_mixin.py:190} INFO - [2024-08-30T02:50:03.406+0000] {dag.py:4138} INFO - Setting next_dagrun for example_branch_dop_operator_v3 to 2024-08-30 02:49:00+00:00, run_after=2024-08-30 02:50:00+00:00
[2024-08-30T02:50:03.427+0000] {processor.py:208} INFO - Processing /home/airflow/.local/lib/python3.12/site-packages/airflow/example_dags/example_branch_python_dop_operator_3.py took 0.085 seconds
[2024-08-30T02:50:34.035+0000] {processor.py:186} INFO - Started process (PID=3633) to work on /home/airflow/.local/lib/python3.12/site-packages/airflow/example_dags/example_branch_python_dop_operator_3.py
[2024-08-30T02:50:34.037+0000] {processor.py:914} INFO - Processing file /home/airflow/.local/lib/python3.12/site-packages/airflow/example_dags/example_branch_python_dop_operator_3.py for tasks to queue
[2024-08-30T02:50:34.040+0000] {logging_mixin.py:190} INFO - [2024-08-30T02:50:34.039+0000] {dagbag.py:587} INFO - Filling up the DagBag from /home/airflow/.local/lib/python3.12/site-packages/airflow/example_dags/example_branch_python_dop_operator_3.py
[2024-08-30T02:50:34.048+0000] {processor.py:925} INFO - DAG(s) 'example_branch_dop_operator_v3' retrieved from /home/airflow/.local/lib/python3.12/site-packages/airflow/example_dags/example_branch_python_dop_operator_3.py
[2024-08-30T02:50:34.067+0000] {logging_mixin.py:190} INFO - [2024-08-30T02:50:34.067+0000] {dag.py:3211} INFO - Sync 1 DAGs
[2024-08-30T02:50:34.091+0000] {logging_mixin.py:190} INFO - [2024-08-30T02:50:34.091+0000] {dag.py:4138} INFO - Setting next_dagrun for example_branch_dop_operator_v3 to 2024-08-30 02:49:00+00:00, run_after=2024-08-30 02:50:00+00:00
[2024-08-30T02:50:34.115+0000] {processor.py:208} INFO - Processing /home/airflow/.local/lib/python3.12/site-packages/airflow/example_dags/example_branch_python_dop_operator_3.py took 0.085 seconds
[2024-08-30T02:51:04.692+0000] {processor.py:186} INFO - Started process (PID=3919) to work on /home/airflow/.local/lib/python3.12/site-packages/airflow/example_dags/example_branch_python_dop_operator_3.py
[2024-08-30T02:51:04.693+0000] {processor.py:914} INFO - Processing file /home/airflow/.local/lib/python3.12/site-packages/airflow/example_dags/example_branch_python_dop_operator_3.py for tasks to queue
[2024-08-30T02:51:04.696+0000] {logging_mixin.py:190} INFO - [2024-08-30T02:51:04.695+0000] {dagbag.py:587} INFO - Filling up the DagBag from /home/airflow/.local/lib/python3.12/site-packages/airflow/example_dags/example_branch_python_dop_operator_3.py
[2024-08-30T02:51:04.706+0000] {processor.py:925} INFO - DAG(s) 'example_branch_dop_operator_v3' retrieved from /home/airflow/.local/lib/python3.12/site-packages/airflow/example_dags/example_branch_python_dop_operator_3.py
[2024-08-30T02:51:04.727+0000] {logging_mixin.py:190} INFO - [2024-08-30T02:51:04.726+0000] {dag.py:3211} INFO - Sync 1 DAGs
[2024-08-30T02:51:04.753+0000] {logging_mixin.py:190} INFO - [2024-08-30T02:51:04.753+0000] {dag.py:4138} INFO - Setting next_dagrun for example_branch_dop_operator_v3 to 2024-08-30 02:50:00+00:00, run_after=2024-08-30 02:51:00+00:00
[2024-08-30T02:51:04.774+0000] {processor.py:208} INFO - Processing /home/airflow/.local/lib/python3.12/site-packages/airflow/example_dags/example_branch_python_dop_operator_3.py took 0.088 seconds
[2024-08-30T02:51:35.420+0000] {processor.py:186} INFO - Started process (PID=4205) to work on /home/airflow/.local/lib/python3.12/site-packages/airflow/example_dags/example_branch_python_dop_operator_3.py
[2024-08-30T02:51:35.421+0000] {processor.py:914} INFO - Processing file /home/airflow/.local/lib/python3.12/site-packages/airflow/example_dags/example_branch_python_dop_operator_3.py for tasks to queue
[2024-08-30T02:51:35.423+0000] {logging_mixin.py:190} INFO - [2024-08-30T02:51:35.423+0000] {dagbag.py:587} INFO - Filling up the DagBag from /home/airflow/.local/lib/python3.12/site-packages/airflow/example_dags/example_branch_python_dop_operator_3.py
[2024-08-30T02:51:35.432+0000] {processor.py:925} INFO - DAG(s) 'example_branch_dop_operator_v3' retrieved from /home/airflow/.local/lib/python3.12/site-packages/airflow/example_dags/example_branch_python_dop_operator_3.py
[2024-08-30T02:51:35.452+0000] {logging_mixin.py:190} INFO - [2024-08-30T02:51:35.452+0000] {dag.py:3211} INFO - Sync 1 DAGs
[2024-08-30T02:51:35.479+0000] {logging_mixin.py:190} INFO - [2024-08-30T02:51:35.479+0000] {dag.py:4138} INFO - Setting next_dagrun for example_branch_dop_operator_v3 to 2024-08-30 02:50:00+00:00, run_after=2024-08-30 02:51:00+00:00
[2024-08-30T02:51:35.500+0000] {processor.py:208} INFO - Processing /home/airflow/.local/lib/python3.12/site-packages/airflow/example_dags/example_branch_python_dop_operator_3.py took 0.085 seconds
[2024-08-30T02:52:05.920+0000] {processor.py:186} INFO - Started process (PID=4491) to work on /home/airflow/.local/lib/python3.12/site-packages/airflow/example_dags/example_branch_python_dop_operator_3.py
[2024-08-30T02:52:05.922+0000] {processor.py:914} INFO - Processing file /home/airflow/.local/lib/python3.12/site-packages/airflow/example_dags/example_branch_python_dop_operator_3.py for tasks to queue
[2024-08-30T02:52:05.924+0000] {logging_mixin.py:190} INFO - [2024-08-30T02:52:05.924+0000] {dagbag.py:587} INFO - Filling up the DagBag from /home/airflow/.local/lib/python3.12/site-packages/airflow/example_dags/example_branch_python_dop_operator_3.py
[2024-08-30T02:52:05.933+0000] {processor.py:925} INFO - DAG(s) 'example_branch_dop_operator_v3' retrieved from /home/airflow/.local/lib/python3.12/site-packages/airflow/example_dags/example_branch_python_dop_operator_3.py
[2024-08-30T02:52:05.956+0000] {logging_mixin.py:190} INFO - [2024-08-30T02:52:05.956+0000] {dag.py:3211} INFO - Sync 1 DAGs
[2024-08-30T02:52:05.986+0000] {logging_mixin.py:190} INFO - [2024-08-30T02:52:05.986+0000] {dag.py:4138} INFO - Setting next_dagrun for example_branch_dop_operator_v3 to 2024-08-30 02:51:00+00:00, run_after=2024-08-30 02:52:00+00:00
[2024-08-30T02:52:06.008+0000] {processor.py:208} INFO - Processing /home/airflow/.local/lib/python3.12/site-packages/airflow/example_dags/example_branch_python_dop_operator_3.py took 0.093 seconds
[2024-08-30T02:52:36.787+0000] {processor.py:186} INFO - Started process (PID=4777) to work on /home/airflow/.local/lib/python3.12/site-packages/airflow/example_dags/example_branch_python_dop_operator_3.py
[2024-08-30T02:52:36.788+0000] {processor.py:914} INFO - Processing file /home/airflow/.local/lib/python3.12/site-packages/airflow/example_dags/example_branch_python_dop_operator_3.py for tasks to queue
[2024-08-30T02:52:36.790+0000] {logging_mixin.py:190} INFO - [2024-08-30T02:52:36.790+0000] {dagbag.py:587} INFO - Filling up the DagBag from /home/airflow/.local/lib/python3.12/site-packages/airflow/example_dags/example_branch_python_dop_operator_3.py
[2024-08-30T02:52:36.799+0000] {processor.py:925} INFO - DAG(s) 'example_branch_dop_operator_v3' retrieved from /home/airflow/.local/lib/python3.12/site-packages/airflow/example_dags/example_branch_python_dop_operator_3.py
[2024-08-30T02:52:36.818+0000] {logging_mixin.py:190} INFO - [2024-08-30T02:52:36.818+0000] {dag.py:3211} INFO - Sync 1 DAGs
[2024-08-30T02:52:36.843+0000] {logging_mixin.py:190} INFO - [2024-08-30T02:52:36.843+0000] {dag.py:4138} INFO - Setting next_dagrun for example_branch_dop_operator_v3 to 2024-08-30 02:51:00+00:00, run_after=2024-08-30 02:52:00+00:00
[2024-08-30T02:52:36.863+0000] {processor.py:208} INFO - Processing /home/airflow/.local/lib/python3.12/site-packages/airflow/example_dags/example_branch_python_dop_operator_3.py took 0.081 seconds
[2024-08-30T02:53:07.689+0000] {processor.py:186} INFO - Started process (PID=5063) to work on /home/airflow/.local/lib/python3.12/site-packages/airflow/example_dags/example_branch_python_dop_operator_3.py
[2024-08-30T02:53:07.690+0000] {processor.py:914} INFO - Processing file /home/airflow/.local/lib/python3.12/site-packages/airflow/example_dags/example_branch_python_dop_operator_3.py for tasks to queue
[2024-08-30T02:53:07.692+0000] {logging_mixin.py:190} INFO - [2024-08-30T02:53:07.691+0000] {dagbag.py:587} INFO - Filling up the DagBag from /home/airflow/.local/lib/python3.12/site-packages/airflow/example_dags/example_branch_python_dop_operator_3.py
[2024-08-30T02:53:07.700+0000] {processor.py:925} INFO - DAG(s) 'example_branch_dop_operator_v3' retrieved from /home/airflow/.local/lib/python3.12/site-packages/airflow/example_dags/example_branch_python_dop_operator_3.py
[2024-08-30T02:53:07.717+0000] {logging_mixin.py:190} INFO - [2024-08-30T02:53:07.717+0000] {dag.py:3211} INFO - Sync 1 DAGs
[2024-08-30T02:53:07.740+0000] {logging_mixin.py:190} INFO - [2024-08-30T02:53:07.740+0000] {dag.py:4138} INFO - Setting next_dagrun for example_branch_dop_operator_v3 to 2024-08-30 02:52:00+00:00, run_after=2024-08-30 02:53:00+00:00
[2024-08-30T02:53:07.758+0000] {processor.py:208} INFO - Processing /home/airflow/.local/lib/python3.12/site-packages/airflow/example_dags/example_branch_python_dop_operator_3.py took 0.074 seconds
[2024-08-30T02:53:38.504+0000] {processor.py:186} INFO - Started process (PID=5349) to work on /home/airflow/.local/lib/python3.12/site-packages/airflow/example_dags/example_branch_python_dop_operator_3.py
[2024-08-30T02:53:38.506+0000] {processor.py:914} INFO - Processing file /home/airflow/.local/lib/python3.12/site-packages/airflow/example_dags/example_branch_python_dop_operator_3.py for tasks to queue
[2024-08-30T02:53:38.508+0000] {logging_mixin.py:190} INFO - [2024-08-30T02:53:38.508+0000] {dagbag.py:587} INFO - Filling up the DagBag from /home/airflow/.local/lib/python3.12/site-packages/airflow/example_dags/example_branch_python_dop_operator_3.py
[2024-08-30T02:53:38.515+0000] {processor.py:925} INFO - DAG(s) 'example_branch_dop_operator_v3' retrieved from /home/airflow/.local/lib/python3.12/site-packages/airflow/example_dags/example_branch_python_dop_operator_3.py
[2024-08-30T02:53:38.534+0000] {logging_mixin.py:190} INFO - [2024-08-30T02:53:38.533+0000] {dag.py:3211} INFO - Sync 1 DAGs
[2024-08-30T02:53:38.559+0000] {logging_mixin.py:190} INFO - [2024-08-30T02:53:38.559+0000] {dag.py:4138} INFO - Setting next_dagrun for example_branch_dop_operator_v3 to 2024-08-30 02:52:00+00:00, run_after=2024-08-30 02:53:00+00:00
[2024-08-30T02:53:38.578+0000] {processor.py:208} INFO - Processing /home/airflow/.local/lib/python3.12/site-packages/airflow/example_dags/example_branch_python_dop_operator_3.py took 0.078 seconds
[2024-08-30T02:54:09.308+0000] {processor.py:186} INFO - Started process (PID=5635) to work on /home/airflow/.local/lib/python3.12/site-packages/airflow/example_dags/example_branch_python_dop_operator_3.py
[2024-08-30T02:54:09.309+0000] {processor.py:914} INFO - Processing file /home/airflow/.local/lib/python3.12/site-packages/airflow/example_dags/example_branch_python_dop_operator_3.py for tasks to queue
[2024-08-30T02:54:09.311+0000] {logging_mixin.py:190} INFO - [2024-08-30T02:54:09.311+0000] {dagbag.py:587} INFO - Filling up the DagBag from /home/airflow/.local/lib/python3.12/site-packages/airflow/example_dags/example_branch_python_dop_operator_3.py
[2024-08-30T02:54:09.321+0000] {processor.py:925} INFO - DAG(s) 'example_branch_dop_operator_v3' retrieved from /home/airflow/.local/lib/python3.12/site-packages/airflow/example_dags/example_branch_python_dop_operator_3.py
[2024-08-30T02:54:09.342+0000] {logging_mixin.py:190} INFO - [2024-08-30T02:54:09.342+0000] {dag.py:3211} INFO - Sync 1 DAGs
[2024-08-30T02:54:09.368+0000] {logging_mixin.py:190} INFO - [2024-08-30T02:54:09.367+0000] {dag.py:4138} INFO - Setting next_dagrun for example_branch_dop_operator_v3 to 2024-08-30 02:53:00+00:00, run_after=2024-08-30 02:54:00+00:00
[2024-08-30T02:54:09.390+0000] {processor.py:208} INFO - Processing /home/airflow/.local/lib/python3.12/site-packages/airflow/example_dags/example_branch_python_dop_operator_3.py took 0.086 seconds
[2024-08-30T02:54:39.564+0000] {processor.py:186} INFO - Started process (PID=5921) to work on /home/airflow/.local/lib/python3.12/site-packages/airflow/example_dags/example_branch_python_dop_operator_3.py
[2024-08-30T02:54:39.565+0000] {processor.py:914} INFO - Processing file /home/airflow/.local/lib/python3.12/site-packages/airflow/example_dags/example_branch_python_dop_operator_3.py for tasks to queue
[2024-08-30T02:54:39.567+0000] {logging_mixin.py:190} INFO - [2024-08-30T02:54:39.567+0000] {dagbag.py:587} INFO - Filling up the DagBag from /home/airflow/.local/lib/python3.12/site-packages/airflow/example_dags/example_branch_python_dop_operator_3.py
[2024-08-30T02:54:39.576+0000] {processor.py:925} INFO - DAG(s) 'example_branch_dop_operator_v3' retrieved from /home/airflow/.local/lib/python3.12/site-packages/airflow/example_dags/example_branch_python_dop_operator_3.py
[2024-08-30T02:54:39.594+0000] {logging_mixin.py:190} INFO - [2024-08-30T02:54:39.594+0000] {dag.py:3211} INFO - Sync 1 DAGs
[2024-08-30T02:54:39.619+0000] {logging_mixin.py:190} INFO - [2024-08-30T02:54:39.618+0000] {dag.py:4138} INFO - Setting next_dagrun for example_branch_dop_operator_v3 to 2024-08-30 02:53:00+00:00, run_after=2024-08-30 02:54:00+00:00
[2024-08-30T02:54:39.638+0000] {processor.py:208} INFO - Processing /home/airflow/.local/lib/python3.12/site-packages/airflow/example_dags/example_branch_python_dop_operator_3.py took 0.078 seconds
[2024-08-30T02:55:10.642+0000] {processor.py:186} INFO - Started process (PID=6207) to work on /home/airflow/.local/lib/python3.12/site-packages/airflow/example_dags/example_branch_python_dop_operator_3.py
[2024-08-30T02:55:10.643+0000] {processor.py:914} INFO - Processing file /home/airflow/.local/lib/python3.12/site-packages/airflow/example_dags/example_branch_python_dop_operator_3.py for tasks to queue
[2024-08-30T02:55:10.645+0000] {logging_mixin.py:190} INFO - [2024-08-30T02:55:10.644+0000] {dagbag.py:587} INFO - Filling up the DagBag from /home/airflow/.local/lib/python3.12/site-packages/airflow/example_dags/example_branch_python_dop_operator_3.py
[2024-08-30T02:55:10.652+0000] {processor.py:925} INFO - DAG(s) 'example_branch_dop_operator_v3' retrieved from /home/airflow/.local/lib/python3.12/site-packages/airflow/example_dags/example_branch_python_dop_operator_3.py
[2024-08-30T02:55:10.670+0000] {logging_mixin.py:190} INFO - [2024-08-30T02:55:10.670+0000] {dag.py:3211} INFO - Sync 1 DAGs
[2024-08-30T02:55:10.693+0000] {logging_mixin.py:190} INFO - [2024-08-30T02:55:10.693+0000] {dag.py:4138} INFO - Setting next_dagrun for example_branch_dop_operator_v3 to 2024-08-30 02:54:00+00:00, run_after=2024-08-30 02:55:00+00:00
[2024-08-30T02:55:10.710+0000] {processor.py:208} INFO - Processing /home/airflow/.local/lib/python3.12/site-packages/airflow/example_dags/example_branch_python_dop_operator_3.py took 0.072 seconds
[2024-08-30T02:55:41.505+0000] {processor.py:186} INFO - Started process (PID=6493) to work on /home/airflow/.local/lib/python3.12/site-packages/airflow/example_dags/example_branch_python_dop_operator_3.py
[2024-08-30T02:55:41.506+0000] {processor.py:914} INFO - Processing file /home/airflow/.local/lib/python3.12/site-packages/airflow/example_dags/example_branch_python_dop_operator_3.py for tasks to queue
[2024-08-30T02:55:41.508+0000] {logging_mixin.py:190} INFO - [2024-08-30T02:55:41.508+0000] {dagbag.py:587} INFO - Filling up the DagBag from /home/airflow/.local/lib/python3.12/site-packages/airflow/example_dags/example_branch_python_dop_operator_3.py
[2024-08-30T02:55:41.518+0000] {processor.py:925} INFO - DAG(s) 'example_branch_dop_operator_v3' retrieved from /home/airflow/.local/lib/python3.12/site-packages/airflow/example_dags/example_branch_python_dop_operator_3.py
[2024-08-30T02:55:41.537+0000] {logging_mixin.py:190} INFO - [2024-08-30T02:55:41.537+0000] {dag.py:3211} INFO - Sync 1 DAGs
[2024-08-30T02:55:41.564+0000] {logging_mixin.py:190} INFO - [2024-08-30T02:55:41.564+0000] {dag.py:4138} INFO - Setting next_dagrun for example_branch_dop_operator_v3 to 2024-08-30 02:54:00+00:00, run_after=2024-08-30 02:55:00+00:00
[2024-08-30T02:55:41.586+0000] {processor.py:208} INFO - Processing /home/airflow/.local/lib/python3.12/site-packages/airflow/example_dags/example_branch_python_dop_operator_3.py took 0.085 seconds
[2024-08-30T02:56:11.767+0000] {processor.py:186} INFO - Started process (PID=6779) to work on /home/airflow/.local/lib/python3.12/site-packages/airflow/example_dags/example_branch_python_dop_operator_3.py
[2024-08-30T02:56:11.768+0000] {processor.py:914} INFO - Processing file /home/airflow/.local/lib/python3.12/site-packages/airflow/example_dags/example_branch_python_dop_operator_3.py for tasks to queue
[2024-08-30T02:56:11.771+0000] {logging_mixin.py:190} INFO - [2024-08-30T02:56:11.770+0000] {dagbag.py:587} INFO - Filling up the DagBag from /home/airflow/.local/lib/python3.12/site-packages/airflow/example_dags/example_branch_python_dop_operator_3.py
[2024-08-30T02:56:11.781+0000] {processor.py:925} INFO - DAG(s) 'example_branch_dop_operator_v3' retrieved from /home/airflow/.local/lib/python3.12/site-packages/airflow/example_dags/example_branch_python_dop_operator_3.py
[2024-08-30T02:56:11.802+0000] {logging_mixin.py:190} INFO - [2024-08-30T02:56:11.802+0000] {dag.py:3211} INFO - Sync 1 DAGs
[2024-08-30T02:56:11.831+0000] {logging_mixin.py:190} INFO - [2024-08-30T02:56:11.831+0000] {dag.py:4138} INFO - Setting next_dagrun for example_branch_dop_operator_v3 to 2024-08-30 02:55:00+00:00, run_after=2024-08-30 02:56:00+00:00
[2024-08-30T02:56:11.856+0000] {processor.py:208} INFO - Processing /home/airflow/.local/lib/python3.12/site-packages/airflow/example_dags/example_branch_python_dop_operator_3.py took 0.095 seconds
[2024-08-30T02:56:42.188+0000] {processor.py:186} INFO - Started process (PID=7065) to work on /home/airflow/.local/lib/python3.12/site-packages/airflow/example_dags/example_branch_python_dop_operator_3.py
[2024-08-30T02:56:42.189+0000] {processor.py:914} INFO - Processing file /home/airflow/.local/lib/python3.12/site-packages/airflow/example_dags/example_branch_python_dop_operator_3.py for tasks to queue
[2024-08-30T02:56:42.191+0000] {logging_mixin.py:190} INFO - [2024-08-30T02:56:42.190+0000] {dagbag.py:587} INFO - Filling up the DagBag from /home/airflow/.local/lib/python3.12/site-packages/airflow/example_dags/example_branch_python_dop_operator_3.py
[2024-08-30T02:56:42.199+0000] {processor.py:925} INFO - DAG(s) 'example_branch_dop_operator_v3' retrieved from /home/airflow/.local/lib/python3.12/site-packages/airflow/example_dags/example_branch_python_dop_operator_3.py
[2024-08-30T02:56:42.221+0000] {logging_mixin.py:190} INFO - [2024-08-30T02:56:42.220+0000] {dag.py:3211} INFO - Sync 1 DAGs
[2024-08-30T02:56:42.249+0000] {logging_mixin.py:190} INFO - [2024-08-30T02:56:42.249+0000] {dag.py:4138} INFO - Setting next_dagrun for example_branch_dop_operator_v3 to 2024-08-30 02:55:00+00:00, run_after=2024-08-30 02:56:00+00:00
[2024-08-30T02:56:42.273+0000] {processor.py:208} INFO - Processing /home/airflow/.local/lib/python3.12/site-packages/airflow/example_dags/example_branch_python_dop_operator_3.py took 0.091 seconds
[2024-08-30T02:57:12.558+0000] {processor.py:186} INFO - Started process (PID=7351) to work on /home/airflow/.local/lib/python3.12/site-packages/airflow/example_dags/example_branch_python_dop_operator_3.py
[2024-08-30T02:57:12.559+0000] {processor.py:914} INFO - Processing file /home/airflow/.local/lib/python3.12/site-packages/airflow/example_dags/example_branch_python_dop_operator_3.py for tasks to queue
[2024-08-30T02:57:12.561+0000] {logging_mixin.py:190} INFO - [2024-08-30T02:57:12.560+0000] {dagbag.py:587} INFO - Filling up the DagBag from /home/airflow/.local/lib/python3.12/site-packages/airflow/example_dags/example_branch_python_dop_operator_3.py
[2024-08-30T02:57:12.569+0000] {processor.py:925} INFO - DAG(s) 'example_branch_dop_operator_v3' retrieved from /home/airflow/.local/lib/python3.12/site-packages/airflow/example_dags/example_branch_python_dop_operator_3.py
[2024-08-30T02:57:12.589+0000] {logging_mixin.py:190} INFO - [2024-08-30T02:57:12.589+0000] {dag.py:3211} INFO - Sync 1 DAGs
[2024-08-30T02:57:12.614+0000] {logging_mixin.py:190} INFO - [2024-08-30T02:57:12.614+0000] {dag.py:4138} INFO - Setting next_dagrun for example_branch_dop_operator_v3 to 2024-08-30 02:56:00+00:00, run_after=2024-08-30 02:57:00+00:00
[2024-08-30T02:57:12.634+0000] {processor.py:208} INFO - Processing /home/airflow/.local/lib/python3.12/site-packages/airflow/example_dags/example_branch_python_dop_operator_3.py took 0.081 seconds
