[2024-08-30T02:44:28.774+0000] {processor.py:186} INFO - Started process (PID=377) to work on /home/airflow/.local/lib/python3.12/site-packages/airflow/example_dags/example_latest_only.py
[2024-08-30T02:44:28.775+0000] {processor.py:914} INFO - Processing file /home/airflow/.local/lib/python3.12/site-packages/airflow/example_dags/example_latest_only.py for tasks to queue
[2024-08-30T02:44:28.778+0000] {logging_mixin.py:190} INFO - [2024-08-30T02:44:28.777+0000] {dagbag.py:587} INFO - Filling up the DagBag from /home/airflow/.local/lib/python3.12/site-packages/airflow/example_dags/example_latest_only.py
[2024-08-30T02:44:28.784+0000] {processor.py:925} INFO - DAG(s) 'latest_only' retrieved from /home/airflow/.local/lib/python3.12/site-packages/airflow/example_dags/example_latest_only.py
[2024-08-30T02:44:28.804+0000] {logging_mixin.py:190} INFO - [2024-08-30T02:44:28.804+0000] {dag.py:3211} INFO - Sync 1 DAGs
[2024-08-30T02:44:28.827+0000] {logging_mixin.py:190} INFO - [2024-08-30T02:44:28.826+0000] {dag.py:4138} INFO - Setting next_dagrun for latest_only to 2024-08-29 20:00:00+00:00, run_after=2024-08-30 00:00:00+00:00
[2024-08-30T02:44:28.846+0000] {processor.py:208} INFO - Processing /home/airflow/.local/lib/python3.12/site-packages/airflow/example_dags/example_latest_only.py took 0.077 seconds
[2024-08-30T02:44:58.913+0000] {processor.py:186} INFO - Started process (PID=662) to work on /home/airflow/.local/lib/python3.12/site-packages/airflow/example_dags/example_latest_only.py
[2024-08-30T02:44:58.914+0000] {processor.py:914} INFO - Processing file /home/airflow/.local/lib/python3.12/site-packages/airflow/example_dags/example_latest_only.py for tasks to queue
[2024-08-30T02:44:58.916+0000] {logging_mixin.py:190} INFO - [2024-08-30T02:44:58.916+0000] {dagbag.py:587} INFO - Filling up the DagBag from /home/airflow/.local/lib/python3.12/site-packages/airflow/example_dags/example_latest_only.py
[2024-08-30T02:44:58.922+0000] {processor.py:925} INFO - DAG(s) 'latest_only' retrieved from /home/airflow/.local/lib/python3.12/site-packages/airflow/example_dags/example_latest_only.py
[2024-08-30T02:44:58.940+0000] {logging_mixin.py:190} INFO - [2024-08-30T02:44:58.940+0000] {dag.py:3211} INFO - Sync 1 DAGs
[2024-08-30T02:44:58.960+0000] {logging_mixin.py:190} INFO - [2024-08-30T02:44:58.960+0000] {dag.py:4138} INFO - Setting next_dagrun for latest_only to 2024-08-29 20:00:00+00:00, run_after=2024-08-30 00:00:00+00:00
[2024-08-30T02:44:58.980+0000] {processor.py:208} INFO - Processing /home/airflow/.local/lib/python3.12/site-packages/airflow/example_dags/example_latest_only.py took 0.071 seconds
[2024-08-30T02:45:29.487+0000] {processor.py:186} INFO - Started process (PID=950) to work on /home/airflow/.local/lib/python3.12/site-packages/airflow/example_dags/example_latest_only.py
[2024-08-30T02:45:29.488+0000] {processor.py:914} INFO - Processing file /home/airflow/.local/lib/python3.12/site-packages/airflow/example_dags/example_latest_only.py for tasks to queue
[2024-08-30T02:45:29.490+0000] {logging_mixin.py:190} INFO - [2024-08-30T02:45:29.490+0000] {dagbag.py:587} INFO - Filling up the DagBag from /home/airflow/.local/lib/python3.12/site-packages/airflow/example_dags/example_latest_only.py
[2024-08-30T02:45:29.496+0000] {processor.py:925} INFO - DAG(s) 'latest_only' retrieved from /home/airflow/.local/lib/python3.12/site-packages/airflow/example_dags/example_latest_only.py
[2024-08-30T02:45:29.516+0000] {logging_mixin.py:190} INFO - [2024-08-30T02:45:29.515+0000] {dag.py:3211} INFO - Sync 1 DAGs
[2024-08-30T02:45:29.538+0000] {logging_mixin.py:190} INFO - [2024-08-30T02:45:29.538+0000] {dag.py:4138} INFO - Setting next_dagrun for latest_only to 2024-08-29 20:00:00+00:00, run_after=2024-08-30 00:00:00+00:00
[2024-08-30T02:45:29.559+0000] {processor.py:208} INFO - Processing /home/airflow/.local/lib/python3.12/site-packages/airflow/example_dags/example_latest_only.py took 0.078 seconds
[2024-08-30T02:46:00.261+0000] {processor.py:186} INFO - Started process (PID=1236) to work on /home/airflow/.local/lib/python3.12/site-packages/airflow/example_dags/example_latest_only.py
[2024-08-30T02:46:00.262+0000] {processor.py:914} INFO - Processing file /home/airflow/.local/lib/python3.12/site-packages/airflow/example_dags/example_latest_only.py for tasks to queue
[2024-08-30T02:46:00.264+0000] {logging_mixin.py:190} INFO - [2024-08-30T02:46:00.264+0000] {dagbag.py:587} INFO - Filling up the DagBag from /home/airflow/.local/lib/python3.12/site-packages/airflow/example_dags/example_latest_only.py
[2024-08-30T02:46:00.269+0000] {processor.py:925} INFO - DAG(s) 'latest_only' retrieved from /home/airflow/.local/lib/python3.12/site-packages/airflow/example_dags/example_latest_only.py
[2024-08-30T02:46:00.287+0000] {logging_mixin.py:190} INFO - [2024-08-30T02:46:00.286+0000] {dag.py:3211} INFO - Sync 1 DAGs
[2024-08-30T02:46:00.308+0000] {logging_mixin.py:190} INFO - [2024-08-30T02:46:00.308+0000] {dag.py:4138} INFO - Setting next_dagrun for latest_only to 2024-08-29 20:00:00+00:00, run_after=2024-08-30 00:00:00+00:00
[2024-08-30T02:46:00.326+0000] {processor.py:208} INFO - Processing /home/airflow/.local/lib/python3.12/site-packages/airflow/example_dags/example_latest_only.py took 0.070 seconds
[2024-08-30T02:46:30.772+0000] {processor.py:186} INFO - Started process (PID=1520) to work on /home/airflow/.local/lib/python3.12/site-packages/airflow/example_dags/example_latest_only.py
[2024-08-30T02:46:30.774+0000] {processor.py:914} INFO - Processing file /home/airflow/.local/lib/python3.12/site-packages/airflow/example_dags/example_latest_only.py for tasks to queue
[2024-08-30T02:46:30.775+0000] {logging_mixin.py:190} INFO - [2024-08-30T02:46:30.775+0000] {dagbag.py:587} INFO - Filling up the DagBag from /home/airflow/.local/lib/python3.12/site-packages/airflow/example_dags/example_latest_only.py
[2024-08-30T02:46:30.781+0000] {processor.py:925} INFO - DAG(s) 'latest_only' retrieved from /home/airflow/.local/lib/python3.12/site-packages/airflow/example_dags/example_latest_only.py
[2024-08-30T02:46:30.798+0000] {logging_mixin.py:190} INFO - [2024-08-30T02:46:30.798+0000] {dag.py:3211} INFO - Sync 1 DAGs
[2024-08-30T02:46:30.817+0000] {logging_mixin.py:190} INFO - [2024-08-30T02:46:30.816+0000] {dag.py:4138} INFO - Setting next_dagrun for latest_only to 2024-08-29 20:00:00+00:00, run_after=2024-08-30 00:00:00+00:00
[2024-08-30T02:46:30.835+0000] {processor.py:208} INFO - Processing /home/airflow/.local/lib/python3.12/site-packages/airflow/example_dags/example_latest_only.py took 0.067 seconds
[2024-08-30T02:47:01.474+0000] {processor.py:186} INFO - Started process (PID=1806) to work on /home/airflow/.local/lib/python3.12/site-packages/airflow/example_dags/example_latest_only.py
[2024-08-30T02:47:01.475+0000] {processor.py:914} INFO - Processing file /home/airflow/.local/lib/python3.12/site-packages/airflow/example_dags/example_latest_only.py for tasks to queue
[2024-08-30T02:47:01.478+0000] {logging_mixin.py:190} INFO - [2024-08-30T02:47:01.477+0000] {dagbag.py:587} INFO - Filling up the DagBag from /home/airflow/.local/lib/python3.12/site-packages/airflow/example_dags/example_latest_only.py
[2024-08-30T02:47:01.484+0000] {processor.py:925} INFO - DAG(s) 'latest_only' retrieved from /home/airflow/.local/lib/python3.12/site-packages/airflow/example_dags/example_latest_only.py
[2024-08-30T02:47:01.502+0000] {logging_mixin.py:190} INFO - [2024-08-30T02:47:01.502+0000] {dag.py:3211} INFO - Sync 1 DAGs
[2024-08-30T02:47:01.523+0000] {logging_mixin.py:190} INFO - [2024-08-30T02:47:01.523+0000] {dag.py:4138} INFO - Setting next_dagrun for latest_only to 2024-08-29 20:00:00+00:00, run_after=2024-08-30 00:00:00+00:00
[2024-08-30T02:47:01.541+0000] {processor.py:208} INFO - Processing /home/airflow/.local/lib/python3.12/site-packages/airflow/example_dags/example_latest_only.py took 0.072 seconds
[2024-08-30T02:47:32.439+0000] {processor.py:186} INFO - Started process (PID=2093) to work on /home/airflow/.local/lib/python3.12/site-packages/airflow/example_dags/example_latest_only.py
[2024-08-30T02:47:32.440+0000] {processor.py:914} INFO - Processing file /home/airflow/.local/lib/python3.12/site-packages/airflow/example_dags/example_latest_only.py for tasks to queue
[2024-08-30T02:47:32.442+0000] {logging_mixin.py:190} INFO - [2024-08-30T02:47:32.442+0000] {dagbag.py:587} INFO - Filling up the DagBag from /home/airflow/.local/lib/python3.12/site-packages/airflow/example_dags/example_latest_only.py
[2024-08-30T02:47:32.449+0000] {processor.py:925} INFO - DAG(s) 'latest_only' retrieved from /home/airflow/.local/lib/python3.12/site-packages/airflow/example_dags/example_latest_only.py
[2024-08-30T02:47:32.468+0000] {logging_mixin.py:190} INFO - [2024-08-30T02:47:32.468+0000] {dag.py:3211} INFO - Sync 1 DAGs
[2024-08-30T02:47:32.489+0000] {logging_mixin.py:190} INFO - [2024-08-30T02:47:32.489+0000] {dag.py:4138} INFO - Setting next_dagrun for latest_only to 2024-08-29 20:00:00+00:00, run_after=2024-08-30 00:00:00+00:00
[2024-08-30T02:47:32.507+0000] {processor.py:208} INFO - Processing /home/airflow/.local/lib/python3.12/site-packages/airflow/example_dags/example_latest_only.py took 0.074 seconds
[2024-08-30T02:48:03.301+0000] {processor.py:186} INFO - Started process (PID=2378) to work on /home/airflow/.local/lib/python3.12/site-packages/airflow/example_dags/example_latest_only.py
[2024-08-30T02:48:03.302+0000] {processor.py:914} INFO - Processing file /home/airflow/.local/lib/python3.12/site-packages/airflow/example_dags/example_latest_only.py for tasks to queue
[2024-08-30T02:48:03.304+0000] {logging_mixin.py:190} INFO - [2024-08-30T02:48:03.304+0000] {dagbag.py:587} INFO - Filling up the DagBag from /home/airflow/.local/lib/python3.12/site-packages/airflow/example_dags/example_latest_only.py
[2024-08-30T02:48:03.310+0000] {processor.py:925} INFO - DAG(s) 'latest_only' retrieved from /home/airflow/.local/lib/python3.12/site-packages/airflow/example_dags/example_latest_only.py
[2024-08-30T02:48:03.326+0000] {logging_mixin.py:190} INFO - [2024-08-30T02:48:03.326+0000] {dag.py:3211} INFO - Sync 1 DAGs
[2024-08-30T02:48:03.346+0000] {logging_mixin.py:190} INFO - [2024-08-30T02:48:03.346+0000] {dag.py:4138} INFO - Setting next_dagrun for latest_only to 2024-08-29 20:00:00+00:00, run_after=2024-08-30 00:00:00+00:00
[2024-08-30T02:48:03.369+0000] {processor.py:208} INFO - Processing /home/airflow/.local/lib/python3.12/site-packages/airflow/example_dags/example_latest_only.py took 0.073 seconds
[2024-08-30T02:48:34.297+0000] {processor.py:186} INFO - Started process (PID=2664) to work on /home/airflow/.local/lib/python3.12/site-packages/airflow/example_dags/example_latest_only.py
[2024-08-30T02:48:34.298+0000] {processor.py:914} INFO - Processing file /home/airflow/.local/lib/python3.12/site-packages/airflow/example_dags/example_latest_only.py for tasks to queue
[2024-08-30T02:48:34.300+0000] {logging_mixin.py:190} INFO - [2024-08-30T02:48:34.300+0000] {dagbag.py:587} INFO - Filling up the DagBag from /home/airflow/.local/lib/python3.12/site-packages/airflow/example_dags/example_latest_only.py
[2024-08-30T02:48:34.307+0000] {processor.py:925} INFO - DAG(s) 'latest_only' retrieved from /home/airflow/.local/lib/python3.12/site-packages/airflow/example_dags/example_latest_only.py
[2024-08-30T02:48:34.325+0000] {logging_mixin.py:190} INFO - [2024-08-30T02:48:34.325+0000] {dag.py:3211} INFO - Sync 1 DAGs
[2024-08-30T02:48:34.348+0000] {logging_mixin.py:190} INFO - [2024-08-30T02:48:34.347+0000] {dag.py:4138} INFO - Setting next_dagrun for latest_only to 2024-08-29 20:00:00+00:00, run_after=2024-08-30 00:00:00+00:00
[2024-08-30T02:48:34.369+0000] {processor.py:208} INFO - Processing /home/airflow/.local/lib/python3.12/site-packages/airflow/example_dags/example_latest_only.py took 0.077 seconds
[2024-08-30T02:49:05.038+0000] {processor.py:186} INFO - Started process (PID=2950) to work on /home/airflow/.local/lib/python3.12/site-packages/airflow/example_dags/example_latest_only.py
[2024-08-30T02:49:05.039+0000] {processor.py:914} INFO - Processing file /home/airflow/.local/lib/python3.12/site-packages/airflow/example_dags/example_latest_only.py for tasks to queue
[2024-08-30T02:49:05.041+0000] {logging_mixin.py:190} INFO - [2024-08-30T02:49:05.041+0000] {dagbag.py:587} INFO - Filling up the DagBag from /home/airflow/.local/lib/python3.12/site-packages/airflow/example_dags/example_latest_only.py
[2024-08-30T02:49:05.047+0000] {processor.py:925} INFO - DAG(s) 'latest_only' retrieved from /home/airflow/.local/lib/python3.12/site-packages/airflow/example_dags/example_latest_only.py
[2024-08-30T02:49:05.066+0000] {logging_mixin.py:190} INFO - [2024-08-30T02:49:05.066+0000] {dag.py:3211} INFO - Sync 1 DAGs
[2024-08-30T02:49:05.088+0000] {logging_mixin.py:190} INFO - [2024-08-30T02:49:05.088+0000] {dag.py:4138} INFO - Setting next_dagrun for latest_only to 2024-08-29 20:00:00+00:00, run_after=2024-08-30 00:00:00+00:00
[2024-08-30T02:49:05.109+0000] {processor.py:208} INFO - Processing /home/airflow/.local/lib/python3.12/site-packages/airflow/example_dags/example_latest_only.py took 0.077 seconds
[2024-08-30T02:49:36.025+0000] {processor.py:186} INFO - Started process (PID=3238) to work on /home/airflow/.local/lib/python3.12/site-packages/airflow/example_dags/example_latest_only.py
[2024-08-30T02:49:36.026+0000] {processor.py:914} INFO - Processing file /home/airflow/.local/lib/python3.12/site-packages/airflow/example_dags/example_latest_only.py for tasks to queue
[2024-08-30T02:49:36.029+0000] {logging_mixin.py:190} INFO - [2024-08-30T02:49:36.028+0000] {dagbag.py:587} INFO - Filling up the DagBag from /home/airflow/.local/lib/python3.12/site-packages/airflow/example_dags/example_latest_only.py
[2024-08-30T02:49:36.034+0000] {processor.py:925} INFO - DAG(s) 'latest_only' retrieved from /home/airflow/.local/lib/python3.12/site-packages/airflow/example_dags/example_latest_only.py
[2024-08-30T02:49:36.053+0000] {logging_mixin.py:190} INFO - [2024-08-30T02:49:36.053+0000] {dag.py:3211} INFO - Sync 1 DAGs
[2024-08-30T02:49:36.075+0000] {logging_mixin.py:190} INFO - [2024-08-30T02:49:36.075+0000] {dag.py:4138} INFO - Setting next_dagrun for latest_only to 2024-08-29 20:00:00+00:00, run_after=2024-08-30 00:00:00+00:00
[2024-08-30T02:49:36.094+0000] {processor.py:208} INFO - Processing /home/airflow/.local/lib/python3.12/site-packages/airflow/example_dags/example_latest_only.py took 0.074 seconds
[2024-08-30T02:50:06.650+0000] {processor.py:186} INFO - Started process (PID=3522) to work on /home/airflow/.local/lib/python3.12/site-packages/airflow/example_dags/example_latest_only.py
[2024-08-30T02:50:06.652+0000] {processor.py:914} INFO - Processing file /home/airflow/.local/lib/python3.12/site-packages/airflow/example_dags/example_latest_only.py for tasks to queue
[2024-08-30T02:50:06.654+0000] {logging_mixin.py:190} INFO - [2024-08-30T02:50:06.653+0000] {dagbag.py:587} INFO - Filling up the DagBag from /home/airflow/.local/lib/python3.12/site-packages/airflow/example_dags/example_latest_only.py
[2024-08-30T02:50:06.659+0000] {processor.py:925} INFO - DAG(s) 'latest_only' retrieved from /home/airflow/.local/lib/python3.12/site-packages/airflow/example_dags/example_latest_only.py
[2024-08-30T02:50:06.680+0000] {logging_mixin.py:190} INFO - [2024-08-30T02:50:06.680+0000] {dag.py:3211} INFO - Sync 1 DAGs
[2024-08-30T02:50:06.704+0000] {logging_mixin.py:190} INFO - [2024-08-30T02:50:06.703+0000] {dag.py:4138} INFO - Setting next_dagrun for latest_only to 2024-08-29 20:00:00+00:00, run_after=2024-08-30 00:00:00+00:00
[2024-08-30T02:50:06.723+0000] {processor.py:208} INFO - Processing /home/airflow/.local/lib/python3.12/site-packages/airflow/example_dags/example_latest_only.py took 0.078 seconds
[2024-08-30T02:50:37.354+0000] {processor.py:186} INFO - Started process (PID=3810) to work on /home/airflow/.local/lib/python3.12/site-packages/airflow/example_dags/example_latest_only.py
[2024-08-30T02:50:37.355+0000] {processor.py:914} INFO - Processing file /home/airflow/.local/lib/python3.12/site-packages/airflow/example_dags/example_latest_only.py for tasks to queue
[2024-08-30T02:50:37.357+0000] {logging_mixin.py:190} INFO - [2024-08-30T02:50:37.356+0000] {dagbag.py:587} INFO - Filling up the DagBag from /home/airflow/.local/lib/python3.12/site-packages/airflow/example_dags/example_latest_only.py
[2024-08-30T02:50:37.363+0000] {processor.py:925} INFO - DAG(s) 'latest_only' retrieved from /home/airflow/.local/lib/python3.12/site-packages/airflow/example_dags/example_latest_only.py
[2024-08-30T02:50:37.381+0000] {logging_mixin.py:190} INFO - [2024-08-30T02:50:37.381+0000] {dag.py:3211} INFO - Sync 1 DAGs
[2024-08-30T02:50:37.405+0000] {logging_mixin.py:190} INFO - [2024-08-30T02:50:37.404+0000] {dag.py:4138} INFO - Setting next_dagrun for latest_only to 2024-08-29 20:00:00+00:00, run_after=2024-08-30 00:00:00+00:00
[2024-08-30T02:50:37.424+0000] {processor.py:208} INFO - Processing /home/airflow/.local/lib/python3.12/site-packages/airflow/example_dags/example_latest_only.py took 0.076 seconds
[2024-08-30T02:51:07.981+0000] {processor.py:186} INFO - Started process (PID=4096) to work on /home/airflow/.local/lib/python3.12/site-packages/airflow/example_dags/example_latest_only.py
[2024-08-30T02:51:07.982+0000] {processor.py:914} INFO - Processing file /home/airflow/.local/lib/python3.12/site-packages/airflow/example_dags/example_latest_only.py for tasks to queue
[2024-08-30T02:51:07.984+0000] {logging_mixin.py:190} INFO - [2024-08-30T02:51:07.983+0000] {dagbag.py:587} INFO - Filling up the DagBag from /home/airflow/.local/lib/python3.12/site-packages/airflow/example_dags/example_latest_only.py
[2024-08-30T02:51:07.989+0000] {processor.py:925} INFO - DAG(s) 'latest_only' retrieved from /home/airflow/.local/lib/python3.12/site-packages/airflow/example_dags/example_latest_only.py
[2024-08-30T02:51:08.007+0000] {logging_mixin.py:190} INFO - [2024-08-30T02:51:08.007+0000] {dag.py:3211} INFO - Sync 1 DAGs
[2024-08-30T02:51:08.028+0000] {logging_mixin.py:190} INFO - [2024-08-30T02:51:08.028+0000] {dag.py:4138} INFO - Setting next_dagrun for latest_only to 2024-08-29 20:00:00+00:00, run_after=2024-08-30 00:00:00+00:00
[2024-08-30T02:51:08.046+0000] {processor.py:208} INFO - Processing /home/airflow/.local/lib/python3.12/site-packages/airflow/example_dags/example_latest_only.py took 0.070 seconds
[2024-08-30T02:51:38.651+0000] {processor.py:186} INFO - Started process (PID=4380) to work on /home/airflow/.local/lib/python3.12/site-packages/airflow/example_dags/example_latest_only.py
[2024-08-30T02:51:38.652+0000] {processor.py:914} INFO - Processing file /home/airflow/.local/lib/python3.12/site-packages/airflow/example_dags/example_latest_only.py for tasks to queue
[2024-08-30T02:51:38.654+0000] {logging_mixin.py:190} INFO - [2024-08-30T02:51:38.654+0000] {dagbag.py:587} INFO - Filling up the DagBag from /home/airflow/.local/lib/python3.12/site-packages/airflow/example_dags/example_latest_only.py
[2024-08-30T02:51:38.661+0000] {processor.py:925} INFO - DAG(s) 'latest_only' retrieved from /home/airflow/.local/lib/python3.12/site-packages/airflow/example_dags/example_latest_only.py
[2024-08-30T02:51:38.682+0000] {logging_mixin.py:190} INFO - [2024-08-30T02:51:38.681+0000] {dag.py:3211} INFO - Sync 1 DAGs
[2024-08-30T02:51:38.705+0000] {logging_mixin.py:190} INFO - [2024-08-30T02:51:38.704+0000] {dag.py:4138} INFO - Setting next_dagrun for latest_only to 2024-08-29 20:00:00+00:00, run_after=2024-08-30 00:00:00+00:00
[2024-08-30T02:51:38.722+0000] {processor.py:208} INFO - Processing /home/airflow/.local/lib/python3.12/site-packages/airflow/example_dags/example_latest_only.py took 0.077 seconds
[2024-08-30T02:52:09.457+0000] {processor.py:186} INFO - Started process (PID=4668) to work on /home/airflow/.local/lib/python3.12/site-packages/airflow/example_dags/example_latest_only.py
[2024-08-30T02:52:09.458+0000] {processor.py:914} INFO - Processing file /home/airflow/.local/lib/python3.12/site-packages/airflow/example_dags/example_latest_only.py for tasks to queue
[2024-08-30T02:52:09.461+0000] {logging_mixin.py:190} INFO - [2024-08-30T02:52:09.460+0000] {dagbag.py:587} INFO - Filling up the DagBag from /home/airflow/.local/lib/python3.12/site-packages/airflow/example_dags/example_latest_only.py
[2024-08-30T02:52:09.467+0000] {processor.py:925} INFO - DAG(s) 'latest_only' retrieved from /home/airflow/.local/lib/python3.12/site-packages/airflow/example_dags/example_latest_only.py
[2024-08-30T02:52:09.485+0000] {logging_mixin.py:190} INFO - [2024-08-30T02:52:09.485+0000] {dag.py:3211} INFO - Sync 1 DAGs
[2024-08-30T02:52:09.508+0000] {logging_mixin.py:190} INFO - [2024-08-30T02:52:09.507+0000] {dag.py:4138} INFO - Setting next_dagrun for latest_only to 2024-08-29 20:00:00+00:00, run_after=2024-08-30 00:00:00+00:00
[2024-08-30T02:52:09.527+0000] {processor.py:208} INFO - Processing /home/airflow/.local/lib/python3.12/site-packages/airflow/example_dags/example_latest_only.py took 0.074 seconds
[2024-08-30T02:52:40.226+0000] {processor.py:186} INFO - Started process (PID=4954) to work on /home/airflow/.local/lib/python3.12/site-packages/airflow/example_dags/example_latest_only.py
[2024-08-30T02:52:40.226+0000] {processor.py:914} INFO - Processing file /home/airflow/.local/lib/python3.12/site-packages/airflow/example_dags/example_latest_only.py for tasks to queue
[2024-08-30T02:52:40.229+0000] {logging_mixin.py:190} INFO - [2024-08-30T02:52:40.228+0000] {dagbag.py:587} INFO - Filling up the DagBag from /home/airflow/.local/lib/python3.12/site-packages/airflow/example_dags/example_latest_only.py
[2024-08-30T02:52:40.236+0000] {processor.py:925} INFO - DAG(s) 'latest_only' retrieved from /home/airflow/.local/lib/python3.12/site-packages/airflow/example_dags/example_latest_only.py
[2024-08-30T02:52:40.256+0000] {logging_mixin.py:190} INFO - [2024-08-30T02:52:40.255+0000] {dag.py:3211} INFO - Sync 1 DAGs
[2024-08-30T02:52:40.279+0000] {logging_mixin.py:190} INFO - [2024-08-30T02:52:40.279+0000] {dag.py:4138} INFO - Setting next_dagrun for latest_only to 2024-08-29 20:00:00+00:00, run_after=2024-08-30 00:00:00+00:00
[2024-08-30T02:52:40.300+0000] {processor.py:208} INFO - Processing /home/airflow/.local/lib/python3.12/site-packages/airflow/example_dags/example_latest_only.py took 0.079 seconds
[2024-08-30T02:53:10.946+0000] {processor.py:186} INFO - Started process (PID=5240) to work on /home/airflow/.local/lib/python3.12/site-packages/airflow/example_dags/example_latest_only.py
[2024-08-30T02:53:10.947+0000] {processor.py:914} INFO - Processing file /home/airflow/.local/lib/python3.12/site-packages/airflow/example_dags/example_latest_only.py for tasks to queue
[2024-08-30T02:53:10.950+0000] {logging_mixin.py:190} INFO - [2024-08-30T02:53:10.949+0000] {dagbag.py:587} INFO - Filling up the DagBag from /home/airflow/.local/lib/python3.12/site-packages/airflow/example_dags/example_latest_only.py
[2024-08-30T02:53:10.955+0000] {processor.py:925} INFO - DAG(s) 'latest_only' retrieved from /home/airflow/.local/lib/python3.12/site-packages/airflow/example_dags/example_latest_only.py
[2024-08-30T02:53:10.974+0000] {logging_mixin.py:190} INFO - [2024-08-30T02:53:10.973+0000] {dag.py:3211} INFO - Sync 1 DAGs
[2024-08-30T02:53:10.996+0000] {logging_mixin.py:190} INFO - [2024-08-30T02:53:10.996+0000] {dag.py:4138} INFO - Setting next_dagrun for latest_only to 2024-08-29 20:00:00+00:00, run_after=2024-08-30 00:00:00+00:00
[2024-08-30T02:53:11.016+0000] {processor.py:208} INFO - Processing /home/airflow/.local/lib/python3.12/site-packages/airflow/example_dags/example_latest_only.py took 0.075 seconds
[2024-08-30T02:53:41.850+0000] {processor.py:186} INFO - Started process (PID=5524) to work on /home/airflow/.local/lib/python3.12/site-packages/airflow/example_dags/example_latest_only.py
[2024-08-30T02:53:41.851+0000] {processor.py:914} INFO - Processing file /home/airflow/.local/lib/python3.12/site-packages/airflow/example_dags/example_latest_only.py for tasks to queue
[2024-08-30T02:53:41.854+0000] {logging_mixin.py:190} INFO - [2024-08-30T02:53:41.853+0000] {dagbag.py:587} INFO - Filling up the DagBag from /home/airflow/.local/lib/python3.12/site-packages/airflow/example_dags/example_latest_only.py
[2024-08-30T02:53:41.861+0000] {processor.py:925} INFO - DAG(s) 'latest_only' retrieved from /home/airflow/.local/lib/python3.12/site-packages/airflow/example_dags/example_latest_only.py
[2024-08-30T02:53:41.880+0000] {logging_mixin.py:190} INFO - [2024-08-30T02:53:41.880+0000] {dag.py:3211} INFO - Sync 1 DAGs
[2024-08-30T02:53:41.903+0000] {logging_mixin.py:190} INFO - [2024-08-30T02:53:41.903+0000] {dag.py:4138} INFO - Setting next_dagrun for latest_only to 2024-08-29 20:00:00+00:00, run_after=2024-08-30 00:00:00+00:00
[2024-08-30T02:53:41.924+0000] {processor.py:208} INFO - Processing /home/airflow/.local/lib/python3.12/site-packages/airflow/example_dags/example_latest_only.py took 0.079 seconds
[2024-08-30T02:54:13.030+0000] {processor.py:186} INFO - Started process (PID=5810) to work on /home/airflow/.local/lib/python3.12/site-packages/airflow/example_dags/example_latest_only.py
[2024-08-30T02:54:13.031+0000] {processor.py:914} INFO - Processing file /home/airflow/.local/lib/python3.12/site-packages/airflow/example_dags/example_latest_only.py for tasks to queue
[2024-08-30T02:54:13.034+0000] {logging_mixin.py:190} INFO - [2024-08-30T02:54:13.034+0000] {dagbag.py:587} INFO - Filling up the DagBag from /home/airflow/.local/lib/python3.12/site-packages/airflow/example_dags/example_latest_only.py
[2024-08-30T02:54:13.041+0000] {processor.py:925} INFO - DAG(s) 'latest_only' retrieved from /home/airflow/.local/lib/python3.12/site-packages/airflow/example_dags/example_latest_only.py
[2024-08-30T02:54:13.063+0000] {logging_mixin.py:190} INFO - [2024-08-30T02:54:13.062+0000] {dag.py:3211} INFO - Sync 1 DAGs
[2024-08-30T02:54:13.087+0000] {logging_mixin.py:190} INFO - [2024-08-30T02:54:13.087+0000] {dag.py:4138} INFO - Setting next_dagrun for latest_only to 2024-08-29 20:00:00+00:00, run_after=2024-08-30 00:00:00+00:00
[2024-08-30T02:54:13.110+0000] {processor.py:208} INFO - Processing /home/airflow/.local/lib/python3.12/site-packages/airflow/example_dags/example_latest_only.py took 0.085 seconds
[2024-08-30T02:54:43.974+0000] {processor.py:186} INFO - Started process (PID=6096) to work on /home/airflow/.local/lib/python3.12/site-packages/airflow/example_dags/example_latest_only.py
[2024-08-30T02:54:43.975+0000] {processor.py:914} INFO - Processing file /home/airflow/.local/lib/python3.12/site-packages/airflow/example_dags/example_latest_only.py for tasks to queue
[2024-08-30T02:54:43.977+0000] {logging_mixin.py:190} INFO - [2024-08-30T02:54:43.977+0000] {dagbag.py:587} INFO - Filling up the DagBag from /home/airflow/.local/lib/python3.12/site-packages/airflow/example_dags/example_latest_only.py
[2024-08-30T02:54:43.984+0000] {processor.py:925} INFO - DAG(s) 'latest_only' retrieved from /home/airflow/.local/lib/python3.12/site-packages/airflow/example_dags/example_latest_only.py
[2024-08-30T02:54:44.005+0000] {logging_mixin.py:190} INFO - [2024-08-30T02:54:44.005+0000] {dag.py:3211} INFO - Sync 1 DAGs
[2024-08-30T02:54:44.035+0000] {logging_mixin.py:190} INFO - [2024-08-30T02:54:44.035+0000] {dag.py:4138} INFO - Setting next_dagrun for latest_only to 2024-08-29 20:00:00+00:00, run_after=2024-08-30 00:00:00+00:00
[2024-08-30T02:54:44.057+0000] {processor.py:208} INFO - Processing /home/airflow/.local/lib/python3.12/site-packages/airflow/example_dags/example_latest_only.py took 0.088 seconds
[2024-08-30T02:55:14.998+0000] {processor.py:186} INFO - Started process (PID=6388) to work on /home/airflow/.local/lib/python3.12/site-packages/airflow/example_dags/example_latest_only.py
[2024-08-30T02:55:14.999+0000] {processor.py:914} INFO - Processing file /home/airflow/.local/lib/python3.12/site-packages/airflow/example_dags/example_latest_only.py for tasks to queue
[2024-08-30T02:55:15.001+0000] {logging_mixin.py:190} INFO - [2024-08-30T02:55:15.001+0000] {dagbag.py:587} INFO - Filling up the DagBag from /home/airflow/.local/lib/python3.12/site-packages/airflow/example_dags/example_latest_only.py
[2024-08-30T02:55:15.007+0000] {processor.py:925} INFO - DAG(s) 'latest_only' retrieved from /home/airflow/.local/lib/python3.12/site-packages/airflow/example_dags/example_latest_only.py
[2024-08-30T02:55:15.026+0000] {logging_mixin.py:190} INFO - [2024-08-30T02:55:15.025+0000] {dag.py:3211} INFO - Sync 1 DAGs
[2024-08-30T02:55:15.045+0000] {logging_mixin.py:190} INFO - [2024-08-30T02:55:15.045+0000] {dag.py:4138} INFO - Setting next_dagrun for latest_only to 2024-08-29 20:00:00+00:00, run_after=2024-08-30 00:00:00+00:00
[2024-08-30T02:55:15.063+0000] {processor.py:208} INFO - Processing /home/airflow/.local/lib/python3.12/site-packages/airflow/example_dags/example_latest_only.py took 0.069 seconds
[2024-08-30T02:55:45.333+0000] {processor.py:186} INFO - Started process (PID=6674) to work on /home/airflow/.local/lib/python3.12/site-packages/airflow/example_dags/example_latest_only.py
[2024-08-30T02:55:45.334+0000] {processor.py:914} INFO - Processing file /home/airflow/.local/lib/python3.12/site-packages/airflow/example_dags/example_latest_only.py for tasks to queue
[2024-08-30T02:55:45.337+0000] {logging_mixin.py:190} INFO - [2024-08-30T02:55:45.337+0000] {dagbag.py:587} INFO - Filling up the DagBag from /home/airflow/.local/lib/python3.12/site-packages/airflow/example_dags/example_latest_only.py
[2024-08-30T02:55:45.345+0000] {processor.py:925} INFO - DAG(s) 'latest_only' retrieved from /home/airflow/.local/lib/python3.12/site-packages/airflow/example_dags/example_latest_only.py
[2024-08-30T02:55:45.366+0000] {logging_mixin.py:190} INFO - [2024-08-30T02:55:45.366+0000] {dag.py:3211} INFO - Sync 1 DAGs
[2024-08-30T02:55:45.392+0000] {logging_mixin.py:190} INFO - [2024-08-30T02:55:45.392+0000] {dag.py:4138} INFO - Setting next_dagrun for latest_only to 2024-08-29 20:00:00+00:00, run_after=2024-08-30 00:00:00+00:00
[2024-08-30T02:55:45.412+0000] {processor.py:208} INFO - Processing /home/airflow/.local/lib/python3.12/site-packages/airflow/example_dags/example_latest_only.py took 0.085 seconds
[2024-08-30T02:56:15.550+0000] {processor.py:186} INFO - Started process (PID=6960) to work on /home/airflow/.local/lib/python3.12/site-packages/airflow/example_dags/example_latest_only.py
[2024-08-30T02:56:15.551+0000] {processor.py:914} INFO - Processing file /home/airflow/.local/lib/python3.12/site-packages/airflow/example_dags/example_latest_only.py for tasks to queue
[2024-08-30T02:56:15.554+0000] {logging_mixin.py:190} INFO - [2024-08-30T02:56:15.553+0000] {dagbag.py:587} INFO - Filling up the DagBag from /home/airflow/.local/lib/python3.12/site-packages/airflow/example_dags/example_latest_only.py
[2024-08-30T02:56:15.560+0000] {processor.py:925} INFO - DAG(s) 'latest_only' retrieved from /home/airflow/.local/lib/python3.12/site-packages/airflow/example_dags/example_latest_only.py
[2024-08-30T02:56:15.580+0000] {logging_mixin.py:190} INFO - [2024-08-30T02:56:15.580+0000] {dag.py:3211} INFO - Sync 1 DAGs
[2024-08-30T02:56:15.605+0000] {logging_mixin.py:190} INFO - [2024-08-30T02:56:15.605+0000] {dag.py:4138} INFO - Setting next_dagrun for latest_only to 2024-08-29 20:00:00+00:00, run_after=2024-08-30 00:00:00+00:00
[2024-08-30T02:56:15.628+0000] {processor.py:208} INFO - Processing /home/airflow/.local/lib/python3.12/site-packages/airflow/example_dags/example_latest_only.py took 0.084 seconds
[2024-08-30T02:56:45.917+0000] {processor.py:186} INFO - Started process (PID=7248) to work on /home/airflow/.local/lib/python3.12/site-packages/airflow/example_dags/example_latest_only.py
[2024-08-30T02:56:45.918+0000] {processor.py:914} INFO - Processing file /home/airflow/.local/lib/python3.12/site-packages/airflow/example_dags/example_latest_only.py for tasks to queue
[2024-08-30T02:56:45.920+0000] {logging_mixin.py:190} INFO - [2024-08-30T02:56:45.920+0000] {dagbag.py:587} INFO - Filling up the DagBag from /home/airflow/.local/lib/python3.12/site-packages/airflow/example_dags/example_latest_only.py
[2024-08-30T02:56:45.926+0000] {processor.py:925} INFO - DAG(s) 'latest_only' retrieved from /home/airflow/.local/lib/python3.12/site-packages/airflow/example_dags/example_latest_only.py
[2024-08-30T02:56:45.945+0000] {logging_mixin.py:190} INFO - [2024-08-30T02:56:45.944+0000] {dag.py:3211} INFO - Sync 1 DAGs
[2024-08-30T02:56:45.966+0000] {logging_mixin.py:190} INFO - [2024-08-30T02:56:45.966+0000] {dag.py:4138} INFO - Setting next_dagrun for latest_only to 2024-08-29 20:00:00+00:00, run_after=2024-08-30 00:00:00+00:00
[2024-08-30T02:56:45.989+0000] {processor.py:208} INFO - Processing /home/airflow/.local/lib/python3.12/site-packages/airflow/example_dags/example_latest_only.py took 0.077 seconds
[2024-08-30T02:57:16.223+0000] {processor.py:186} INFO - Started process (PID=7534) to work on /home/airflow/.local/lib/python3.12/site-packages/airflow/example_dags/example_latest_only.py
[2024-08-30T02:57:16.224+0000] {processor.py:914} INFO - Processing file /home/airflow/.local/lib/python3.12/site-packages/airflow/example_dags/example_latest_only.py for tasks to queue
[2024-08-30T02:57:16.226+0000] {logging_mixin.py:190} INFO - [2024-08-30T02:57:16.226+0000] {dagbag.py:587} INFO - Filling up the DagBag from /home/airflow/.local/lib/python3.12/site-packages/airflow/example_dags/example_latest_only.py
[2024-08-30T02:57:16.232+0000] {processor.py:925} INFO - DAG(s) 'latest_only' retrieved from /home/airflow/.local/lib/python3.12/site-packages/airflow/example_dags/example_latest_only.py
[2024-08-30T02:57:16.250+0000] {logging_mixin.py:190} INFO - [2024-08-30T02:57:16.250+0000] {dag.py:3211} INFO - Sync 1 DAGs
[2024-08-30T02:57:16.273+0000] {logging_mixin.py:190} INFO - [2024-08-30T02:57:16.273+0000] {dag.py:4138} INFO - Setting next_dagrun for latest_only to 2024-08-29 20:00:00+00:00, run_after=2024-08-30 00:00:00+00:00
[2024-08-30T02:57:16.291+0000] {processor.py:208} INFO - Processing /home/airflow/.local/lib/python3.12/site-packages/airflow/example_dags/example_latest_only.py took 0.073 seconds
