[2024-08-30T02:44:27.530+0000] {processor.py:186} INFO - Started process (PID=289) to work on /home/airflow/.local/lib/python3.12/site-packages/airflow/example_dags/example_datasets.py
[2024-08-30T02:44:27.531+0000] {processor.py:914} INFO - Processing file /home/airflow/.local/lib/python3.12/site-packages/airflow/example_dags/example_datasets.py for tasks to queue
[2024-08-30T02:44:27.532+0000] {logging_mixin.py:190} INFO - [2024-08-30T02:44:27.532+0000] {dagbag.py:587} INFO - Filling up the DagBag from /home/airflow/.local/lib/python3.12/site-packages/airflow/example_dags/example_datasets.py
[2024-08-30T02:44:27.654+0000] {processor.py:925} INFO - DAG(s) 'dataset_consumes_1_and_2', 'consume_1_or_2_with_dataset_expressions', 'dataset_consumes_unknown_never_scheduled', 'dataset_produces_1', 'dataset_produces_2', 'dataset_consumes_1', 'consume_1_or_both_2_and_3_with_dataset_expressions', 'consume_1_and_2_with_dataset_expressions', 'dataset_consumes_1_never_scheduled', 'conditional_dataset_and_time_based_timetable' retrieved from /home/airflow/.local/lib/python3.12/site-packages/airflow/example_dags/example_datasets.py
[2024-08-30T02:44:27.700+0000] {logging_mixin.py:190} INFO - [2024-08-30T02:44:27.700+0000] {dag.py:3211} INFO - Sync 10 DAGs
[2024-08-30T02:44:27.725+0000] {logging_mixin.py:190} INFO - [2024-08-30T02:44:27.725+0000] {dag.py:4138} INFO - Setting next_dagrun for conditional_dataset_and_time_based_timetable to 2024-08-28 01:00:00+00:00, run_after=2024-08-28 01:00:00+00:00
[2024-08-30T02:44:27.729+0000] {logging_mixin.py:190} INFO - [2024-08-30T02:44:27.729+0000] {dag.py:4138} INFO - Setting next_dagrun for consume_1_and_2_with_dataset_expressions to None, run_after=None
[2024-08-30T02:44:27.731+0000] {logging_mixin.py:190} INFO - [2024-08-30T02:44:27.731+0000] {dag.py:4138} INFO - Setting next_dagrun for consume_1_or_2_with_dataset_expressions to None, run_after=None
[2024-08-30T02:44:27.732+0000] {logging_mixin.py:190} INFO - [2024-08-30T02:44:27.732+0000] {dag.py:4138} INFO - Setting next_dagrun for consume_1_or_both_2_and_3_with_dataset_expressions to None, run_after=None
[2024-08-30T02:44:27.734+0000] {logging_mixin.py:190} INFO - [2024-08-30T02:44:27.734+0000] {dag.py:4138} INFO - Setting next_dagrun for dataset_consumes_1 to None, run_after=None
[2024-08-30T02:44:27.735+0000] {logging_mixin.py:190} INFO - [2024-08-30T02:44:27.735+0000] {dag.py:4138} INFO - Setting next_dagrun for dataset_consumes_1_and_2 to None, run_after=None
[2024-08-30T02:44:27.737+0000] {logging_mixin.py:190} INFO - [2024-08-30T02:44:27.736+0000] {dag.py:4138} INFO - Setting next_dagrun for dataset_consumes_1_never_scheduled to None, run_after=None
[2024-08-30T02:44:27.738+0000] {logging_mixin.py:190} INFO - [2024-08-30T02:44:27.738+0000] {dag.py:4138} INFO - Setting next_dagrun for dataset_consumes_unknown_never_scheduled to None, run_after=None
[2024-08-30T02:44:27.740+0000] {logging_mixin.py:190} INFO - [2024-08-30T02:44:27.740+0000] {dag.py:4138} INFO - Setting next_dagrun for dataset_produces_1 to 2024-08-29 00:00:00+00:00, run_after=2024-08-30 00:00:00+00:00
[2024-08-30T02:44:27.742+0000] {logging_mixin.py:190} INFO - [2024-08-30T02:44:27.741+0000] {dag.py:4138} INFO - Setting next_dagrun for dataset_produces_2 to None, run_after=None
[2024-08-30T02:44:27.780+0000] {processor.py:208} INFO - Processing /home/airflow/.local/lib/python3.12/site-packages/airflow/example_dags/example_datasets.py took 0.255 seconds
[2024-08-30T02:44:57.857+0000] {processor.py:186} INFO - Started process (PID=584) to work on /home/airflow/.local/lib/python3.12/site-packages/airflow/example_dags/example_datasets.py
[2024-08-30T02:44:57.858+0000] {processor.py:914} INFO - Processing file /home/airflow/.local/lib/python3.12/site-packages/airflow/example_dags/example_datasets.py for tasks to queue
[2024-08-30T02:44:57.860+0000] {logging_mixin.py:190} INFO - [2024-08-30T02:44:57.860+0000] {dagbag.py:587} INFO - Filling up the DagBag from /home/airflow/.local/lib/python3.12/site-packages/airflow/example_dags/example_datasets.py
[2024-08-30T02:44:57.973+0000] {processor.py:925} INFO - DAG(s) 'consume_1_and_2_with_dataset_expressions', 'dataset_consumes_unknown_never_scheduled', 'conditional_dataset_and_time_based_timetable', 'consume_1_or_2_with_dataset_expressions', 'dataset_produces_1', 'dataset_produces_2', 'dataset_consumes_1_never_scheduled', 'dataset_consumes_1_and_2', 'dataset_consumes_1', 'consume_1_or_both_2_and_3_with_dataset_expressions' retrieved from /home/airflow/.local/lib/python3.12/site-packages/airflow/example_dags/example_datasets.py
[2024-08-30T02:44:58.012+0000] {logging_mixin.py:190} INFO - [2024-08-30T02:44:58.012+0000] {dag.py:3211} INFO - Sync 10 DAGs
[2024-08-30T02:44:58.038+0000] {logging_mixin.py:190} INFO - [2024-08-30T02:44:58.038+0000] {dag.py:4138} INFO - Setting next_dagrun for conditional_dataset_and_time_based_timetable to 2024-08-28 01:00:00+00:00, run_after=2024-08-28 01:00:00+00:00
[2024-08-30T02:44:58.042+0000] {logging_mixin.py:190} INFO - [2024-08-30T02:44:58.042+0000] {dag.py:4138} INFO - Setting next_dagrun for consume_1_and_2_with_dataset_expressions to None, run_after=None
[2024-08-30T02:44:58.043+0000] {logging_mixin.py:190} INFO - [2024-08-30T02:44:58.043+0000] {dag.py:4138} INFO - Setting next_dagrun for consume_1_or_2_with_dataset_expressions to None, run_after=None
[2024-08-30T02:44:58.045+0000] {logging_mixin.py:190} INFO - [2024-08-30T02:44:58.045+0000] {dag.py:4138} INFO - Setting next_dagrun for consume_1_or_both_2_and_3_with_dataset_expressions to None, run_after=None
[2024-08-30T02:44:58.046+0000] {logging_mixin.py:190} INFO - [2024-08-30T02:44:58.046+0000] {dag.py:4138} INFO - Setting next_dagrun for dataset_consumes_1 to None, run_after=None
[2024-08-30T02:44:58.047+0000] {logging_mixin.py:190} INFO - [2024-08-30T02:44:58.047+0000] {dag.py:4138} INFO - Setting next_dagrun for dataset_consumes_1_and_2 to None, run_after=None
[2024-08-30T02:44:58.049+0000] {logging_mixin.py:190} INFO - [2024-08-30T02:44:58.048+0000] {dag.py:4138} INFO - Setting next_dagrun for dataset_consumes_1_never_scheduled to None, run_after=None
[2024-08-30T02:44:58.050+0000] {logging_mixin.py:190} INFO - [2024-08-30T02:44:58.050+0000] {dag.py:4138} INFO - Setting next_dagrun for dataset_consumes_unknown_never_scheduled to None, run_after=None
[2024-08-30T02:44:58.053+0000] {logging_mixin.py:190} INFO - [2024-08-30T02:44:58.053+0000] {dag.py:4138} INFO - Setting next_dagrun for dataset_produces_1 to 2024-08-29 00:00:00+00:00, run_after=2024-08-30 00:00:00+00:00
[2024-08-30T02:44:58.055+0000] {logging_mixin.py:190} INFO - [2024-08-30T02:44:58.055+0000] {dag.py:4138} INFO - Setting next_dagrun for dataset_produces_2 to None, run_after=None
[2024-08-30T02:44:58.090+0000] {processor.py:208} INFO - Processing /home/airflow/.local/lib/python3.12/site-packages/airflow/example_dags/example_datasets.py took 0.237 seconds
[2024-08-30T02:45:28.370+0000] {processor.py:186} INFO - Started process (PID=865) to work on /home/airflow/.local/lib/python3.12/site-packages/airflow/example_dags/example_datasets.py
[2024-08-30T02:45:28.372+0000] {processor.py:914} INFO - Processing file /home/airflow/.local/lib/python3.12/site-packages/airflow/example_dags/example_datasets.py for tasks to queue
[2024-08-30T02:45:28.374+0000] {logging_mixin.py:190} INFO - [2024-08-30T02:45:28.374+0000] {dagbag.py:587} INFO - Filling up the DagBag from /home/airflow/.local/lib/python3.12/site-packages/airflow/example_dags/example_datasets.py
[2024-08-30T02:45:28.495+0000] {processor.py:925} INFO - DAG(s) 'dataset_produces_2', 'conditional_dataset_and_time_based_timetable', 'consume_1_and_2_with_dataset_expressions', 'dataset_consumes_1', 'consume_1_or_2_with_dataset_expressions', 'dataset_consumes_unknown_never_scheduled', 'consume_1_or_both_2_and_3_with_dataset_expressions', 'dataset_consumes_1_never_scheduled', 'dataset_consumes_1_and_2', 'dataset_produces_1' retrieved from /home/airflow/.local/lib/python3.12/site-packages/airflow/example_dags/example_datasets.py
[2024-08-30T02:45:28.541+0000] {logging_mixin.py:190} INFO - [2024-08-30T02:45:28.540+0000] {dag.py:3211} INFO - Sync 10 DAGs
[2024-08-30T02:45:28.569+0000] {logging_mixin.py:190} INFO - [2024-08-30T02:45:28.569+0000] {dag.py:4138} INFO - Setting next_dagrun for conditional_dataset_and_time_based_timetable to 2024-08-28 01:00:00+00:00, run_after=2024-08-28 01:00:00+00:00
[2024-08-30T02:45:28.573+0000] {logging_mixin.py:190} INFO - [2024-08-30T02:45:28.573+0000] {dag.py:4138} INFO - Setting next_dagrun for consume_1_and_2_with_dataset_expressions to None, run_after=None
[2024-08-30T02:45:28.577+0000] {logging_mixin.py:190} INFO - [2024-08-30T02:45:28.577+0000] {dag.py:4138} INFO - Setting next_dagrun for consume_1_or_2_with_dataset_expressions to None, run_after=None
[2024-08-30T02:45:28.579+0000] {logging_mixin.py:190} INFO - [2024-08-30T02:45:28.579+0000] {dag.py:4138} INFO - Setting next_dagrun for consume_1_or_both_2_and_3_with_dataset_expressions to None, run_after=None
[2024-08-30T02:45:28.581+0000] {logging_mixin.py:190} INFO - [2024-08-30T02:45:28.581+0000] {dag.py:4138} INFO - Setting next_dagrun for dataset_consumes_1 to None, run_after=None
[2024-08-30T02:45:28.584+0000] {logging_mixin.py:190} INFO - [2024-08-30T02:45:28.583+0000] {dag.py:4138} INFO - Setting next_dagrun for dataset_consumes_1_and_2 to None, run_after=None
[2024-08-30T02:45:28.586+0000] {logging_mixin.py:190} INFO - [2024-08-30T02:45:28.586+0000] {dag.py:4138} INFO - Setting next_dagrun for dataset_consumes_1_never_scheduled to None, run_after=None
[2024-08-30T02:45:28.588+0000] {logging_mixin.py:190} INFO - [2024-08-30T02:45:28.587+0000] {dag.py:4138} INFO - Setting next_dagrun for dataset_consumes_unknown_never_scheduled to None, run_after=None
[2024-08-30T02:45:28.591+0000] {logging_mixin.py:190} INFO - [2024-08-30T02:45:28.591+0000] {dag.py:4138} INFO - Setting next_dagrun for dataset_produces_1 to 2024-08-29 00:00:00+00:00, run_after=2024-08-30 00:00:00+00:00
[2024-08-30T02:45:28.593+0000] {logging_mixin.py:190} INFO - [2024-08-30T02:45:28.593+0000] {dag.py:4138} INFO - Setting next_dagrun for dataset_produces_2 to None, run_after=None
[2024-08-30T02:45:28.629+0000] {processor.py:208} INFO - Processing /home/airflow/.local/lib/python3.12/site-packages/airflow/example_dags/example_datasets.py took 0.264 seconds
[2024-08-30T02:45:59.194+0000] {processor.py:186} INFO - Started process (PID=1149) to work on /home/airflow/.local/lib/python3.12/site-packages/airflow/example_dags/example_datasets.py
[2024-08-30T02:45:59.194+0000] {processor.py:914} INFO - Processing file /home/airflow/.local/lib/python3.12/site-packages/airflow/example_dags/example_datasets.py for tasks to queue
[2024-08-30T02:45:59.196+0000] {logging_mixin.py:190} INFO - [2024-08-30T02:45:59.196+0000] {dagbag.py:587} INFO - Filling up the DagBag from /home/airflow/.local/lib/python3.12/site-packages/airflow/example_dags/example_datasets.py
[2024-08-30T02:45:59.314+0000] {processor.py:925} INFO - DAG(s) 'dataset_consumes_1_and_2', 'consume_1_or_both_2_and_3_with_dataset_expressions', 'dataset_consumes_1', 'conditional_dataset_and_time_based_timetable', 'dataset_consumes_1_never_scheduled', 'dataset_produces_1', 'dataset_produces_2', 'dataset_consumes_unknown_never_scheduled', 'consume_1_or_2_with_dataset_expressions', 'consume_1_and_2_with_dataset_expressions' retrieved from /home/airflow/.local/lib/python3.12/site-packages/airflow/example_dags/example_datasets.py
[2024-08-30T02:45:59.353+0000] {logging_mixin.py:190} INFO - [2024-08-30T02:45:59.353+0000] {dag.py:3211} INFO - Sync 10 DAGs
[2024-08-30T02:45:59.377+0000] {logging_mixin.py:190} INFO - [2024-08-30T02:45:59.377+0000] {dag.py:4138} INFO - Setting next_dagrun for conditional_dataset_and_time_based_timetable to 2024-08-28 01:00:00+00:00, run_after=2024-08-28 01:00:00+00:00
[2024-08-30T02:45:59.382+0000] {logging_mixin.py:190} INFO - [2024-08-30T02:45:59.382+0000] {dag.py:4138} INFO - Setting next_dagrun for consume_1_and_2_with_dataset_expressions to None, run_after=None
[2024-08-30T02:45:59.383+0000] {logging_mixin.py:190} INFO - [2024-08-30T02:45:59.383+0000] {dag.py:4138} INFO - Setting next_dagrun for consume_1_or_2_with_dataset_expressions to None, run_after=None
[2024-08-30T02:45:59.385+0000] {logging_mixin.py:190} INFO - [2024-08-30T02:45:59.385+0000] {dag.py:4138} INFO - Setting next_dagrun for consume_1_or_both_2_and_3_with_dataset_expressions to None, run_after=None
[2024-08-30T02:45:59.387+0000] {logging_mixin.py:190} INFO - [2024-08-30T02:45:59.387+0000] {dag.py:4138} INFO - Setting next_dagrun for dataset_consumes_1 to None, run_after=None
[2024-08-30T02:45:59.388+0000] {logging_mixin.py:190} INFO - [2024-08-30T02:45:59.388+0000] {dag.py:4138} INFO - Setting next_dagrun for dataset_consumes_1_and_2 to None, run_after=None
[2024-08-30T02:45:59.389+0000] {logging_mixin.py:190} INFO - [2024-08-30T02:45:59.389+0000] {dag.py:4138} INFO - Setting next_dagrun for dataset_consumes_1_never_scheduled to None, run_after=None
[2024-08-30T02:45:59.390+0000] {logging_mixin.py:190} INFO - [2024-08-30T02:45:59.390+0000] {dag.py:4138} INFO - Setting next_dagrun for dataset_consumes_unknown_never_scheduled to None, run_after=None
[2024-08-30T02:45:59.393+0000] {logging_mixin.py:190} INFO - [2024-08-30T02:45:59.392+0000] {dag.py:4138} INFO - Setting next_dagrun for dataset_produces_1 to 2024-08-29 00:00:00+00:00, run_after=2024-08-30 00:00:00+00:00
[2024-08-30T02:45:59.394+0000] {logging_mixin.py:190} INFO - [2024-08-30T02:45:59.394+0000] {dag.py:4138} INFO - Setting next_dagrun for dataset_produces_2 to None, run_after=None
[2024-08-30T02:45:59.430+0000] {processor.py:208} INFO - Processing /home/airflow/.local/lib/python3.12/site-packages/airflow/example_dags/example_datasets.py took 0.241 seconds
[2024-08-30T02:46:29.719+0000] {processor.py:186} INFO - Started process (PID=1435) to work on /home/airflow/.local/lib/python3.12/site-packages/airflow/example_dags/example_datasets.py
[2024-08-30T02:46:29.720+0000] {processor.py:914} INFO - Processing file /home/airflow/.local/lib/python3.12/site-packages/airflow/example_dags/example_datasets.py for tasks to queue
[2024-08-30T02:46:29.721+0000] {logging_mixin.py:190} INFO - [2024-08-30T02:46:29.721+0000] {dagbag.py:587} INFO - Filling up the DagBag from /home/airflow/.local/lib/python3.12/site-packages/airflow/example_dags/example_datasets.py
[2024-08-30T02:46:29.840+0000] {processor.py:925} INFO - DAG(s) 'conditional_dataset_and_time_based_timetable', 'dataset_consumes_1_and_2', 'dataset_consumes_unknown_never_scheduled', 'consume_1_or_2_with_dataset_expressions', 'dataset_consumes_1_never_scheduled', 'dataset_consumes_1', 'dataset_produces_2', 'consume_1_and_2_with_dataset_expressions', 'dataset_produces_1', 'consume_1_or_both_2_and_3_with_dataset_expressions' retrieved from /home/airflow/.local/lib/python3.12/site-packages/airflow/example_dags/example_datasets.py
[2024-08-30T02:46:29.881+0000] {logging_mixin.py:190} INFO - [2024-08-30T02:46:29.881+0000] {dag.py:3211} INFO - Sync 10 DAGs
[2024-08-30T02:46:29.906+0000] {logging_mixin.py:190} INFO - [2024-08-30T02:46:29.906+0000] {dag.py:4138} INFO - Setting next_dagrun for conditional_dataset_and_time_based_timetable to 2024-08-28 01:00:00+00:00, run_after=2024-08-28 01:00:00+00:00
[2024-08-30T02:46:29.911+0000] {logging_mixin.py:190} INFO - [2024-08-30T02:46:29.910+0000] {dag.py:4138} INFO - Setting next_dagrun for consume_1_and_2_with_dataset_expressions to None, run_after=None
[2024-08-30T02:46:29.913+0000] {logging_mixin.py:190} INFO - [2024-08-30T02:46:29.913+0000] {dag.py:4138} INFO - Setting next_dagrun for consume_1_or_2_with_dataset_expressions to None, run_after=None
[2024-08-30T02:46:29.915+0000] {logging_mixin.py:190} INFO - [2024-08-30T02:46:29.914+0000] {dag.py:4138} INFO - Setting next_dagrun for consume_1_or_both_2_and_3_with_dataset_expressions to None, run_after=None
[2024-08-30T02:46:29.916+0000] {logging_mixin.py:190} INFO - [2024-08-30T02:46:29.916+0000] {dag.py:4138} INFO - Setting next_dagrun for dataset_consumes_1 to None, run_after=None
[2024-08-30T02:46:29.917+0000] {logging_mixin.py:190} INFO - [2024-08-30T02:46:29.917+0000] {dag.py:4138} INFO - Setting next_dagrun for dataset_consumes_1_and_2 to None, run_after=None
[2024-08-30T02:46:29.919+0000] {logging_mixin.py:190} INFO - [2024-08-30T02:46:29.918+0000] {dag.py:4138} INFO - Setting next_dagrun for dataset_consumes_1_never_scheduled to None, run_after=None
[2024-08-30T02:46:29.920+0000] {logging_mixin.py:190} INFO - [2024-08-30T02:46:29.920+0000] {dag.py:4138} INFO - Setting next_dagrun for dataset_consumes_unknown_never_scheduled to None, run_after=None
[2024-08-30T02:46:29.922+0000] {logging_mixin.py:190} INFO - [2024-08-30T02:46:29.922+0000] {dag.py:4138} INFO - Setting next_dagrun for dataset_produces_1 to 2024-08-29 00:00:00+00:00, run_after=2024-08-30 00:00:00+00:00
[2024-08-30T02:46:29.923+0000] {logging_mixin.py:190} INFO - [2024-08-30T02:46:29.923+0000] {dag.py:4138} INFO - Setting next_dagrun for dataset_produces_2 to None, run_after=None
[2024-08-30T02:46:29.956+0000] {processor.py:208} INFO - Processing /home/airflow/.local/lib/python3.12/site-packages/airflow/example_dags/example_datasets.py took 0.242 seconds
[2024-08-30T02:47:00.328+0000] {processor.py:186} INFO - Started process (PID=1721) to work on /home/airflow/.local/lib/python3.12/site-packages/airflow/example_dags/example_datasets.py
[2024-08-30T02:47:00.329+0000] {processor.py:914} INFO - Processing file /home/airflow/.local/lib/python3.12/site-packages/airflow/example_dags/example_datasets.py for tasks to queue
[2024-08-30T02:47:00.332+0000] {logging_mixin.py:190} INFO - [2024-08-30T02:47:00.331+0000] {dagbag.py:587} INFO - Filling up the DagBag from /home/airflow/.local/lib/python3.12/site-packages/airflow/example_dags/example_datasets.py
[2024-08-30T02:47:00.443+0000] {processor.py:925} INFO - DAG(s) 'dataset_consumes_1_and_2', 'dataset_produces_2', 'consume_1_or_both_2_and_3_with_dataset_expressions', 'dataset_consumes_unknown_never_scheduled', 'dataset_produces_1', 'dataset_consumes_1', 'consume_1_and_2_with_dataset_expressions', 'conditional_dataset_and_time_based_timetable', 'consume_1_or_2_with_dataset_expressions', 'dataset_consumes_1_never_scheduled' retrieved from /home/airflow/.local/lib/python3.12/site-packages/airflow/example_dags/example_datasets.py
[2024-08-30T02:47:00.485+0000] {logging_mixin.py:190} INFO - [2024-08-30T02:47:00.484+0000] {dag.py:3211} INFO - Sync 10 DAGs
[2024-08-30T02:47:00.509+0000] {logging_mixin.py:190} INFO - [2024-08-30T02:47:00.509+0000] {dag.py:4138} INFO - Setting next_dagrun for conditional_dataset_and_time_based_timetable to 2024-08-28 01:00:00+00:00, run_after=2024-08-28 01:00:00+00:00
[2024-08-30T02:47:00.512+0000] {logging_mixin.py:190} INFO - [2024-08-30T02:47:00.512+0000] {dag.py:4138} INFO - Setting next_dagrun for consume_1_and_2_with_dataset_expressions to None, run_after=None
[2024-08-30T02:47:00.514+0000] {logging_mixin.py:190} INFO - [2024-08-30T02:47:00.514+0000] {dag.py:4138} INFO - Setting next_dagrun for consume_1_or_2_with_dataset_expressions to None, run_after=None
[2024-08-30T02:47:00.516+0000] {logging_mixin.py:190} INFO - [2024-08-30T02:47:00.516+0000] {dag.py:4138} INFO - Setting next_dagrun for consume_1_or_both_2_and_3_with_dataset_expressions to None, run_after=None
[2024-08-30T02:47:00.517+0000] {logging_mixin.py:190} INFO - [2024-08-30T02:47:00.517+0000] {dag.py:4138} INFO - Setting next_dagrun for dataset_consumes_1 to None, run_after=None
[2024-08-30T02:47:00.519+0000] {logging_mixin.py:190} INFO - [2024-08-30T02:47:00.519+0000] {dag.py:4138} INFO - Setting next_dagrun for dataset_consumes_1_and_2 to None, run_after=None
[2024-08-30T02:47:00.520+0000] {logging_mixin.py:190} INFO - [2024-08-30T02:47:00.520+0000] {dag.py:4138} INFO - Setting next_dagrun for dataset_consumes_1_never_scheduled to None, run_after=None
[2024-08-30T02:47:00.521+0000] {logging_mixin.py:190} INFO - [2024-08-30T02:47:00.521+0000] {dag.py:4138} INFO - Setting next_dagrun for dataset_consumes_unknown_never_scheduled to None, run_after=None
[2024-08-30T02:47:00.523+0000] {logging_mixin.py:190} INFO - [2024-08-30T02:47:00.523+0000] {dag.py:4138} INFO - Setting next_dagrun for dataset_produces_1 to 2024-08-29 00:00:00+00:00, run_after=2024-08-30 00:00:00+00:00
[2024-08-30T02:47:00.524+0000] {logging_mixin.py:190} INFO - [2024-08-30T02:47:00.524+0000] {dag.py:4138} INFO - Setting next_dagrun for dataset_produces_2 to None, run_after=None
[2024-08-30T02:47:00.562+0000] {processor.py:208} INFO - Processing /home/airflow/.local/lib/python3.12/site-packages/airflow/example_dags/example_datasets.py took 0.238 seconds
[2024-08-30T02:47:31.362+0000] {processor.py:186} INFO - Started process (PID=2007) to work on /home/airflow/.local/lib/python3.12/site-packages/airflow/example_dags/example_datasets.py
[2024-08-30T02:47:31.363+0000] {processor.py:914} INFO - Processing file /home/airflow/.local/lib/python3.12/site-packages/airflow/example_dags/example_datasets.py for tasks to queue
[2024-08-30T02:47:31.365+0000] {logging_mixin.py:190} INFO - [2024-08-30T02:47:31.365+0000] {dagbag.py:587} INFO - Filling up the DagBag from /home/airflow/.local/lib/python3.12/site-packages/airflow/example_dags/example_datasets.py
[2024-08-30T02:47:31.483+0000] {processor.py:925} INFO - DAG(s) 'dataset_consumes_1_never_scheduled', 'dataset_consumes_1', 'consume_1_or_both_2_and_3_with_dataset_expressions', 'dataset_consumes_1_and_2', 'dataset_produces_2', 'dataset_consumes_unknown_never_scheduled', 'consume_1_and_2_with_dataset_expressions', 'conditional_dataset_and_time_based_timetable', 'consume_1_or_2_with_dataset_expressions', 'dataset_produces_1' retrieved from /home/airflow/.local/lib/python3.12/site-packages/airflow/example_dags/example_datasets.py
[2024-08-30T02:47:31.522+0000] {logging_mixin.py:190} INFO - [2024-08-30T02:47:31.521+0000] {dag.py:3211} INFO - Sync 10 DAGs
[2024-08-30T02:47:31.545+0000] {logging_mixin.py:190} INFO - [2024-08-30T02:47:31.544+0000] {dag.py:4138} INFO - Setting next_dagrun for conditional_dataset_and_time_based_timetable to 2024-08-28 01:00:00+00:00, run_after=2024-08-28 01:00:00+00:00
[2024-08-30T02:47:31.549+0000] {logging_mixin.py:190} INFO - [2024-08-30T02:47:31.548+0000] {dag.py:4138} INFO - Setting next_dagrun for consume_1_and_2_with_dataset_expressions to None, run_after=None
[2024-08-30T02:47:31.551+0000] {logging_mixin.py:190} INFO - [2024-08-30T02:47:31.551+0000] {dag.py:4138} INFO - Setting next_dagrun for consume_1_or_2_with_dataset_expressions to None, run_after=None
[2024-08-30T02:47:31.552+0000] {logging_mixin.py:190} INFO - [2024-08-30T02:47:31.552+0000] {dag.py:4138} INFO - Setting next_dagrun for consume_1_or_both_2_and_3_with_dataset_expressions to None, run_after=None
[2024-08-30T02:47:31.553+0000] {logging_mixin.py:190} INFO - [2024-08-30T02:47:31.553+0000] {dag.py:4138} INFO - Setting next_dagrun for dataset_consumes_1 to None, run_after=None
[2024-08-30T02:47:31.555+0000] {logging_mixin.py:190} INFO - [2024-08-30T02:47:31.555+0000] {dag.py:4138} INFO - Setting next_dagrun for dataset_consumes_1_and_2 to None, run_after=None
[2024-08-30T02:47:31.556+0000] {logging_mixin.py:190} INFO - [2024-08-30T02:47:31.556+0000] {dag.py:4138} INFO - Setting next_dagrun for dataset_consumes_1_never_scheduled to None, run_after=None
[2024-08-30T02:47:31.558+0000] {logging_mixin.py:190} INFO - [2024-08-30T02:47:31.558+0000] {dag.py:4138} INFO - Setting next_dagrun for dataset_consumes_unknown_never_scheduled to None, run_after=None
[2024-08-30T02:47:31.560+0000] {logging_mixin.py:190} INFO - [2024-08-30T02:47:31.560+0000] {dag.py:4138} INFO - Setting next_dagrun for dataset_produces_1 to 2024-08-29 00:00:00+00:00, run_after=2024-08-30 00:00:00+00:00
[2024-08-30T02:47:31.561+0000] {logging_mixin.py:190} INFO - [2024-08-30T02:47:31.561+0000] {dag.py:4138} INFO - Setting next_dagrun for dataset_produces_2 to None, run_after=None
[2024-08-30T02:47:31.592+0000] {processor.py:208} INFO - Processing /home/airflow/.local/lib/python3.12/site-packages/airflow/example_dags/example_datasets.py took 0.236 seconds
[2024-08-30T02:48:02.206+0000] {processor.py:186} INFO - Started process (PID=2293) to work on /home/airflow/.local/lib/python3.12/site-packages/airflow/example_dags/example_datasets.py
[2024-08-30T02:48:02.207+0000] {processor.py:914} INFO - Processing file /home/airflow/.local/lib/python3.12/site-packages/airflow/example_dags/example_datasets.py for tasks to queue
[2024-08-30T02:48:02.208+0000] {logging_mixin.py:190} INFO - [2024-08-30T02:48:02.208+0000] {dagbag.py:587} INFO - Filling up the DagBag from /home/airflow/.local/lib/python3.12/site-packages/airflow/example_dags/example_datasets.py
[2024-08-30T02:48:02.318+0000] {processor.py:925} INFO - DAG(s) 'dataset_produces_1', 'consume_1_and_2_with_dataset_expressions', 'dataset_produces_2', 'conditional_dataset_and_time_based_timetable', 'dataset_consumes_unknown_never_scheduled', 'consume_1_or_both_2_and_3_with_dataset_expressions', 'consume_1_or_2_with_dataset_expressions', 'dataset_consumes_1_never_scheduled', 'dataset_consumes_1', 'dataset_consumes_1_and_2' retrieved from /home/airflow/.local/lib/python3.12/site-packages/airflow/example_dags/example_datasets.py
[2024-08-30T02:48:02.362+0000] {logging_mixin.py:190} INFO - [2024-08-30T02:48:02.362+0000] {dag.py:3211} INFO - Sync 10 DAGs
[2024-08-30T02:48:02.385+0000] {logging_mixin.py:190} INFO - [2024-08-30T02:48:02.385+0000] {dag.py:4138} INFO - Setting next_dagrun for conditional_dataset_and_time_based_timetable to 2024-08-28 01:00:00+00:00, run_after=2024-08-28 01:00:00+00:00
[2024-08-30T02:48:02.389+0000] {logging_mixin.py:190} INFO - [2024-08-30T02:48:02.389+0000] {dag.py:4138} INFO - Setting next_dagrun for consume_1_and_2_with_dataset_expressions to None, run_after=None
[2024-08-30T02:48:02.391+0000] {logging_mixin.py:190} INFO - [2024-08-30T02:48:02.390+0000] {dag.py:4138} INFO - Setting next_dagrun for consume_1_or_2_with_dataset_expressions to None, run_after=None
[2024-08-30T02:48:02.392+0000] {logging_mixin.py:190} INFO - [2024-08-30T02:48:02.392+0000] {dag.py:4138} INFO - Setting next_dagrun for consume_1_or_both_2_and_3_with_dataset_expressions to None, run_after=None
[2024-08-30T02:48:02.393+0000] {logging_mixin.py:190} INFO - [2024-08-30T02:48:02.393+0000] {dag.py:4138} INFO - Setting next_dagrun for dataset_consumes_1 to None, run_after=None
[2024-08-30T02:48:02.395+0000] {logging_mixin.py:190} INFO - [2024-08-30T02:48:02.395+0000] {dag.py:4138} INFO - Setting next_dagrun for dataset_consumes_1_and_2 to None, run_after=None
[2024-08-30T02:48:02.396+0000] {logging_mixin.py:190} INFO - [2024-08-30T02:48:02.396+0000] {dag.py:4138} INFO - Setting next_dagrun for dataset_consumes_1_never_scheduled to None, run_after=None
[2024-08-30T02:48:02.397+0000] {logging_mixin.py:190} INFO - [2024-08-30T02:48:02.397+0000] {dag.py:4138} INFO - Setting next_dagrun for dataset_consumes_unknown_never_scheduled to None, run_after=None
[2024-08-30T02:48:02.399+0000] {logging_mixin.py:190} INFO - [2024-08-30T02:48:02.399+0000] {dag.py:4138} INFO - Setting next_dagrun for dataset_produces_1 to 2024-08-29 00:00:00+00:00, run_after=2024-08-30 00:00:00+00:00
[2024-08-30T02:48:02.401+0000] {logging_mixin.py:190} INFO - [2024-08-30T02:48:02.400+0000] {dag.py:4138} INFO - Setting next_dagrun for dataset_produces_2 to None, run_after=None
[2024-08-30T02:48:02.432+0000] {processor.py:208} INFO - Processing /home/airflow/.local/lib/python3.12/site-packages/airflow/example_dags/example_datasets.py took 0.232 seconds
[2024-08-30T02:48:33.010+0000] {processor.py:186} INFO - Started process (PID=2579) to work on /home/airflow/.local/lib/python3.12/site-packages/airflow/example_dags/example_datasets.py
[2024-08-30T02:48:33.010+0000] {processor.py:914} INFO - Processing file /home/airflow/.local/lib/python3.12/site-packages/airflow/example_dags/example_datasets.py for tasks to queue
[2024-08-30T02:48:33.012+0000] {logging_mixin.py:190} INFO - [2024-08-30T02:48:33.012+0000] {dagbag.py:587} INFO - Filling up the DagBag from /home/airflow/.local/lib/python3.12/site-packages/airflow/example_dags/example_datasets.py
[2024-08-30T02:48:33.125+0000] {processor.py:925} INFO - DAG(s) 'dataset_produces_1', 'dataset_consumes_1', 'consume_1_or_2_with_dataset_expressions', 'dataset_consumes_1_and_2', 'consume_1_or_both_2_and_3_with_dataset_expressions', 'conditional_dataset_and_time_based_timetable', 'dataset_consumes_unknown_never_scheduled', 'dataset_consumes_1_never_scheduled', 'consume_1_and_2_with_dataset_expressions', 'dataset_produces_2' retrieved from /home/airflow/.local/lib/python3.12/site-packages/airflow/example_dags/example_datasets.py
[2024-08-30T02:48:33.167+0000] {logging_mixin.py:190} INFO - [2024-08-30T02:48:33.167+0000] {dag.py:3211} INFO - Sync 10 DAGs
[2024-08-30T02:48:33.192+0000] {logging_mixin.py:190} INFO - [2024-08-30T02:48:33.192+0000] {dag.py:4138} INFO - Setting next_dagrun for conditional_dataset_and_time_based_timetable to 2024-08-28 01:00:00+00:00, run_after=2024-08-28 01:00:00+00:00
[2024-08-30T02:48:33.196+0000] {logging_mixin.py:190} INFO - [2024-08-30T02:48:33.196+0000] {dag.py:4138} INFO - Setting next_dagrun for consume_1_and_2_with_dataset_expressions to None, run_after=None
[2024-08-30T02:48:33.198+0000] {logging_mixin.py:190} INFO - [2024-08-30T02:48:33.198+0000] {dag.py:4138} INFO - Setting next_dagrun for consume_1_or_2_with_dataset_expressions to None, run_after=None
[2024-08-30T02:48:33.200+0000] {logging_mixin.py:190} INFO - [2024-08-30T02:48:33.199+0000] {dag.py:4138} INFO - Setting next_dagrun for consume_1_or_both_2_and_3_with_dataset_expressions to None, run_after=None
[2024-08-30T02:48:33.201+0000] {logging_mixin.py:190} INFO - [2024-08-30T02:48:33.201+0000] {dag.py:4138} INFO - Setting next_dagrun for dataset_consumes_1 to None, run_after=None
[2024-08-30T02:48:33.202+0000] {logging_mixin.py:190} INFO - [2024-08-30T02:48:33.202+0000] {dag.py:4138} INFO - Setting next_dagrun for dataset_consumes_1_and_2 to None, run_after=None
[2024-08-30T02:48:33.204+0000] {logging_mixin.py:190} INFO - [2024-08-30T02:48:33.204+0000] {dag.py:4138} INFO - Setting next_dagrun for dataset_consumes_1_never_scheduled to None, run_after=None
[2024-08-30T02:48:33.206+0000] {logging_mixin.py:190} INFO - [2024-08-30T02:48:33.206+0000] {dag.py:4138} INFO - Setting next_dagrun for dataset_consumes_unknown_never_scheduled to None, run_after=None
[2024-08-30T02:48:33.208+0000] {logging_mixin.py:190} INFO - [2024-08-30T02:48:33.208+0000] {dag.py:4138} INFO - Setting next_dagrun for dataset_produces_1 to 2024-08-29 00:00:00+00:00, run_after=2024-08-30 00:00:00+00:00
[2024-08-30T02:48:33.209+0000] {logging_mixin.py:190} INFO - [2024-08-30T02:48:33.209+0000] {dag.py:4138} INFO - Setting next_dagrun for dataset_produces_2 to None, run_after=None
[2024-08-30T02:48:33.240+0000] {processor.py:208} INFO - Processing /home/airflow/.local/lib/python3.12/site-packages/airflow/example_dags/example_datasets.py took 0.235 seconds
[2024-08-30T02:49:03.907+0000] {processor.py:186} INFO - Started process (PID=2865) to work on /home/airflow/.local/lib/python3.12/site-packages/airflow/example_dags/example_datasets.py
[2024-08-30T02:49:03.908+0000] {processor.py:914} INFO - Processing file /home/airflow/.local/lib/python3.12/site-packages/airflow/example_dags/example_datasets.py for tasks to queue
[2024-08-30T02:49:03.910+0000] {logging_mixin.py:190} INFO - [2024-08-30T02:49:03.909+0000] {dagbag.py:587} INFO - Filling up the DagBag from /home/airflow/.local/lib/python3.12/site-packages/airflow/example_dags/example_datasets.py
[2024-08-30T02:49:04.030+0000] {processor.py:925} INFO - DAG(s) 'consume_1_and_2_with_dataset_expressions', 'dataset_produces_2', 'consume_1_or_2_with_dataset_expressions', 'conditional_dataset_and_time_based_timetable', 'dataset_consumes_unknown_never_scheduled', 'dataset_consumes_1_never_scheduled', 'dataset_consumes_1', 'dataset_produces_1', 'dataset_consumes_1_and_2', 'consume_1_or_both_2_and_3_with_dataset_expressions' retrieved from /home/airflow/.local/lib/python3.12/site-packages/airflow/example_dags/example_datasets.py
[2024-08-30T02:49:04.074+0000] {logging_mixin.py:190} INFO - [2024-08-30T02:49:04.074+0000] {dag.py:3211} INFO - Sync 10 DAGs
[2024-08-30T02:49:04.103+0000] {logging_mixin.py:190} INFO - [2024-08-30T02:49:04.103+0000] {dag.py:4138} INFO - Setting next_dagrun for conditional_dataset_and_time_based_timetable to 2024-08-28 01:00:00+00:00, run_after=2024-08-28 01:00:00+00:00
[2024-08-30T02:49:04.107+0000] {logging_mixin.py:190} INFO - [2024-08-30T02:49:04.107+0000] {dag.py:4138} INFO - Setting next_dagrun for consume_1_and_2_with_dataset_expressions to None, run_after=None
[2024-08-30T02:49:04.109+0000] {logging_mixin.py:190} INFO - [2024-08-30T02:49:04.109+0000] {dag.py:4138} INFO - Setting next_dagrun for consume_1_or_2_with_dataset_expressions to None, run_after=None
[2024-08-30T02:49:04.110+0000] {logging_mixin.py:190} INFO - [2024-08-30T02:49:04.110+0000] {dag.py:4138} INFO - Setting next_dagrun for consume_1_or_both_2_and_3_with_dataset_expressions to None, run_after=None
[2024-08-30T02:49:04.112+0000] {logging_mixin.py:190} INFO - [2024-08-30T02:49:04.111+0000] {dag.py:4138} INFO - Setting next_dagrun for dataset_consumes_1 to None, run_after=None
[2024-08-30T02:49:04.113+0000] {logging_mixin.py:190} INFO - [2024-08-30T02:49:04.113+0000] {dag.py:4138} INFO - Setting next_dagrun for dataset_consumes_1_and_2 to None, run_after=None
[2024-08-30T02:49:04.114+0000] {logging_mixin.py:190} INFO - [2024-08-30T02:49:04.114+0000] {dag.py:4138} INFO - Setting next_dagrun for dataset_consumes_1_never_scheduled to None, run_after=None
[2024-08-30T02:49:04.116+0000] {logging_mixin.py:190} INFO - [2024-08-30T02:49:04.115+0000] {dag.py:4138} INFO - Setting next_dagrun for dataset_consumes_unknown_never_scheduled to None, run_after=None
[2024-08-30T02:49:04.118+0000] {logging_mixin.py:190} INFO - [2024-08-30T02:49:04.118+0000] {dag.py:4138} INFO - Setting next_dagrun for dataset_produces_1 to 2024-08-29 00:00:00+00:00, run_after=2024-08-30 00:00:00+00:00
[2024-08-30T02:49:04.120+0000] {logging_mixin.py:190} INFO - [2024-08-30T02:49:04.119+0000] {dag.py:4138} INFO - Setting next_dagrun for dataset_produces_2 to None, run_after=None
[2024-08-30T02:49:04.154+0000] {processor.py:208} INFO - Processing /home/airflow/.local/lib/python3.12/site-packages/airflow/example_dags/example_datasets.py took 0.252 seconds
[2024-08-30T02:49:34.916+0000] {processor.py:186} INFO - Started process (PID=3151) to work on /home/airflow/.local/lib/python3.12/site-packages/airflow/example_dags/example_datasets.py
[2024-08-30T02:49:34.917+0000] {processor.py:914} INFO - Processing file /home/airflow/.local/lib/python3.12/site-packages/airflow/example_dags/example_datasets.py for tasks to queue
[2024-08-30T02:49:34.919+0000] {logging_mixin.py:190} INFO - [2024-08-30T02:49:34.919+0000] {dagbag.py:587} INFO - Filling up the DagBag from /home/airflow/.local/lib/python3.12/site-packages/airflow/example_dags/example_datasets.py
[2024-08-30T02:49:35.037+0000] {processor.py:925} INFO - DAG(s) 'dataset_consumes_1_and_2', 'conditional_dataset_and_time_based_timetable', 'dataset_consumes_unknown_never_scheduled', 'consume_1_or_2_with_dataset_expressions', 'dataset_produces_2', 'consume_1_or_both_2_and_3_with_dataset_expressions', 'dataset_consumes_1_never_scheduled', 'dataset_consumes_1', 'dataset_produces_1', 'consume_1_and_2_with_dataset_expressions' retrieved from /home/airflow/.local/lib/python3.12/site-packages/airflow/example_dags/example_datasets.py
[2024-08-30T02:49:35.077+0000] {logging_mixin.py:190} INFO - [2024-08-30T02:49:35.076+0000] {dag.py:3211} INFO - Sync 10 DAGs
[2024-08-30T02:49:35.103+0000] {logging_mixin.py:190} INFO - [2024-08-30T02:49:35.102+0000] {dag.py:4138} INFO - Setting next_dagrun for conditional_dataset_and_time_based_timetable to 2024-08-28 01:00:00+00:00, run_after=2024-08-28 01:00:00+00:00
[2024-08-30T02:49:35.106+0000] {logging_mixin.py:190} INFO - [2024-08-30T02:49:35.106+0000] {dag.py:4138} INFO - Setting next_dagrun for consume_1_and_2_with_dataset_expressions to None, run_after=None
[2024-08-30T02:49:35.108+0000] {logging_mixin.py:190} INFO - [2024-08-30T02:49:35.107+0000] {dag.py:4138} INFO - Setting next_dagrun for consume_1_or_2_with_dataset_expressions to None, run_after=None
[2024-08-30T02:49:35.109+0000] {logging_mixin.py:190} INFO - [2024-08-30T02:49:35.109+0000] {dag.py:4138} INFO - Setting next_dagrun for consume_1_or_both_2_and_3_with_dataset_expressions to None, run_after=None
[2024-08-30T02:49:35.111+0000] {logging_mixin.py:190} INFO - [2024-08-30T02:49:35.110+0000] {dag.py:4138} INFO - Setting next_dagrun for dataset_consumes_1 to None, run_after=None
[2024-08-30T02:49:35.112+0000] {logging_mixin.py:190} INFO - [2024-08-30T02:49:35.112+0000] {dag.py:4138} INFO - Setting next_dagrun for dataset_consumes_1_and_2 to None, run_after=None
[2024-08-30T02:49:35.114+0000] {logging_mixin.py:190} INFO - [2024-08-30T02:49:35.113+0000] {dag.py:4138} INFO - Setting next_dagrun for dataset_consumes_1_never_scheduled to None, run_after=None
[2024-08-30T02:49:35.115+0000] {logging_mixin.py:190} INFO - [2024-08-30T02:49:35.115+0000] {dag.py:4138} INFO - Setting next_dagrun for dataset_consumes_unknown_never_scheduled to None, run_after=None
[2024-08-30T02:49:35.118+0000] {logging_mixin.py:190} INFO - [2024-08-30T02:49:35.117+0000] {dag.py:4138} INFO - Setting next_dagrun for dataset_produces_1 to 2024-08-29 00:00:00+00:00, run_after=2024-08-30 00:00:00+00:00
[2024-08-30T02:49:35.119+0000] {logging_mixin.py:190} INFO - [2024-08-30T02:49:35.119+0000] {dag.py:4138} INFO - Setting next_dagrun for dataset_produces_2 to None, run_after=None
[2024-08-30T02:49:35.152+0000] {processor.py:208} INFO - Processing /home/airflow/.local/lib/python3.12/site-packages/airflow/example_dags/example_datasets.py took 0.242 seconds
[2024-08-30T02:50:05.475+0000] {processor.py:186} INFO - Started process (PID=3437) to work on /home/airflow/.local/lib/python3.12/site-packages/airflow/example_dags/example_datasets.py
[2024-08-30T02:50:05.476+0000] {processor.py:914} INFO - Processing file /home/airflow/.local/lib/python3.12/site-packages/airflow/example_dags/example_datasets.py for tasks to queue
[2024-08-30T02:50:05.478+0000] {logging_mixin.py:190} INFO - [2024-08-30T02:50:05.478+0000] {dagbag.py:587} INFO - Filling up the DagBag from /home/airflow/.local/lib/python3.12/site-packages/airflow/example_dags/example_datasets.py
[2024-08-30T02:50:05.602+0000] {processor.py:925} INFO - DAG(s) 'consume_1_or_both_2_and_3_with_dataset_expressions', 'conditional_dataset_and_time_based_timetable', 'consume_1_and_2_with_dataset_expressions', 'dataset_produces_2', 'dataset_consumes_1', 'dataset_consumes_1_never_scheduled', 'dataset_produces_1', 'dataset_consumes_1_and_2', 'consume_1_or_2_with_dataset_expressions', 'dataset_consumes_unknown_never_scheduled' retrieved from /home/airflow/.local/lib/python3.12/site-packages/airflow/example_dags/example_datasets.py
[2024-08-30T02:50:05.645+0000] {logging_mixin.py:190} INFO - [2024-08-30T02:50:05.645+0000] {dag.py:3211} INFO - Sync 10 DAGs
[2024-08-30T02:50:05.672+0000] {logging_mixin.py:190} INFO - [2024-08-30T02:50:05.672+0000] {dag.py:4138} INFO - Setting next_dagrun for conditional_dataset_and_time_based_timetable to 2024-08-28 01:00:00+00:00, run_after=2024-08-28 01:00:00+00:00
[2024-08-30T02:50:05.676+0000] {logging_mixin.py:190} INFO - [2024-08-30T02:50:05.676+0000] {dag.py:4138} INFO - Setting next_dagrun for consume_1_and_2_with_dataset_expressions to None, run_after=None
[2024-08-30T02:50:05.677+0000] {logging_mixin.py:190} INFO - [2024-08-30T02:50:05.677+0000] {dag.py:4138} INFO - Setting next_dagrun for consume_1_or_2_with_dataset_expressions to None, run_after=None
[2024-08-30T02:50:05.679+0000] {logging_mixin.py:190} INFO - [2024-08-30T02:50:05.679+0000] {dag.py:4138} INFO - Setting next_dagrun for consume_1_or_both_2_and_3_with_dataset_expressions to None, run_after=None
[2024-08-30T02:50:05.680+0000] {logging_mixin.py:190} INFO - [2024-08-30T02:50:05.680+0000] {dag.py:4138} INFO - Setting next_dagrun for dataset_consumes_1 to None, run_after=None
[2024-08-30T02:50:05.681+0000] {logging_mixin.py:190} INFO - [2024-08-30T02:50:05.681+0000] {dag.py:4138} INFO - Setting next_dagrun for dataset_consumes_1_and_2 to None, run_after=None
[2024-08-30T02:50:05.683+0000] {logging_mixin.py:190} INFO - [2024-08-30T02:50:05.682+0000] {dag.py:4138} INFO - Setting next_dagrun for dataset_consumes_1_never_scheduled to None, run_after=None
[2024-08-30T02:50:05.684+0000] {logging_mixin.py:190} INFO - [2024-08-30T02:50:05.684+0000] {dag.py:4138} INFO - Setting next_dagrun for dataset_consumes_unknown_never_scheduled to None, run_after=None
[2024-08-30T02:50:05.686+0000] {logging_mixin.py:190} INFO - [2024-08-30T02:50:05.686+0000] {dag.py:4138} INFO - Setting next_dagrun for dataset_produces_1 to 2024-08-29 00:00:00+00:00, run_after=2024-08-30 00:00:00+00:00
[2024-08-30T02:50:05.687+0000] {logging_mixin.py:190} INFO - [2024-08-30T02:50:05.687+0000] {dag.py:4138} INFO - Setting next_dagrun for dataset_produces_2 to None, run_after=None
[2024-08-30T02:50:05.720+0000] {processor.py:208} INFO - Processing /home/airflow/.local/lib/python3.12/site-packages/airflow/example_dags/example_datasets.py took 0.250 seconds
[2024-08-30T02:50:36.213+0000] {processor.py:186} INFO - Started process (PID=3723) to work on /home/airflow/.local/lib/python3.12/site-packages/airflow/example_dags/example_datasets.py
[2024-08-30T02:50:36.214+0000] {processor.py:914} INFO - Processing file /home/airflow/.local/lib/python3.12/site-packages/airflow/example_dags/example_datasets.py for tasks to queue
[2024-08-30T02:50:36.216+0000] {logging_mixin.py:190} INFO - [2024-08-30T02:50:36.216+0000] {dagbag.py:587} INFO - Filling up the DagBag from /home/airflow/.local/lib/python3.12/site-packages/airflow/example_dags/example_datasets.py
[2024-08-30T02:50:36.340+0000] {processor.py:925} INFO - DAG(s) 'dataset_produces_1', 'conditional_dataset_and_time_based_timetable', 'dataset_consumes_1_never_scheduled', 'consume_1_or_both_2_and_3_with_dataset_expressions', 'consume_1_or_2_with_dataset_expressions', 'dataset_consumes_1_and_2', 'dataset_produces_2', 'consume_1_and_2_with_dataset_expressions', 'dataset_consumes_1', 'dataset_consumes_unknown_never_scheduled' retrieved from /home/airflow/.local/lib/python3.12/site-packages/airflow/example_dags/example_datasets.py
[2024-08-30T02:50:36.382+0000] {logging_mixin.py:190} INFO - [2024-08-30T02:50:36.382+0000] {dag.py:3211} INFO - Sync 10 DAGs
[2024-08-30T02:50:36.411+0000] {logging_mixin.py:190} INFO - [2024-08-30T02:50:36.411+0000] {dag.py:4138} INFO - Setting next_dagrun for conditional_dataset_and_time_based_timetable to 2024-08-28 01:00:00+00:00, run_after=2024-08-28 01:00:00+00:00
[2024-08-30T02:50:36.415+0000] {logging_mixin.py:190} INFO - [2024-08-30T02:50:36.415+0000] {dag.py:4138} INFO - Setting next_dagrun for consume_1_and_2_with_dataset_expressions to None, run_after=None
[2024-08-30T02:50:36.417+0000] {logging_mixin.py:190} INFO - [2024-08-30T02:50:36.417+0000] {dag.py:4138} INFO - Setting next_dagrun for consume_1_or_2_with_dataset_expressions to None, run_after=None
[2024-08-30T02:50:36.419+0000] {logging_mixin.py:190} INFO - [2024-08-30T02:50:36.419+0000] {dag.py:4138} INFO - Setting next_dagrun for consume_1_or_both_2_and_3_with_dataset_expressions to None, run_after=None
[2024-08-30T02:50:36.421+0000] {logging_mixin.py:190} INFO - [2024-08-30T02:50:36.420+0000] {dag.py:4138} INFO - Setting next_dagrun for dataset_consumes_1 to None, run_after=None
[2024-08-30T02:50:36.422+0000] {logging_mixin.py:190} INFO - [2024-08-30T02:50:36.422+0000] {dag.py:4138} INFO - Setting next_dagrun for dataset_consumes_1_and_2 to None, run_after=None
[2024-08-30T02:50:36.423+0000] {logging_mixin.py:190} INFO - [2024-08-30T02:50:36.423+0000] {dag.py:4138} INFO - Setting next_dagrun for dataset_consumes_1_never_scheduled to None, run_after=None
[2024-08-30T02:50:36.424+0000] {logging_mixin.py:190} INFO - [2024-08-30T02:50:36.424+0000] {dag.py:4138} INFO - Setting next_dagrun for dataset_consumes_unknown_never_scheduled to None, run_after=None
[2024-08-30T02:50:36.426+0000] {logging_mixin.py:190} INFO - [2024-08-30T02:50:36.426+0000] {dag.py:4138} INFO - Setting next_dagrun for dataset_produces_1 to 2024-08-29 00:00:00+00:00, run_after=2024-08-30 00:00:00+00:00
[2024-08-30T02:50:36.428+0000] {logging_mixin.py:190} INFO - [2024-08-30T02:50:36.428+0000] {dag.py:4138} INFO - Setting next_dagrun for dataset_produces_2 to None, run_after=None
[2024-08-30T02:50:36.464+0000] {processor.py:208} INFO - Processing /home/airflow/.local/lib/python3.12/site-packages/airflow/example_dags/example_datasets.py took 0.255 seconds
[2024-08-30T02:51:06.844+0000] {processor.py:186} INFO - Started process (PID=4009) to work on /home/airflow/.local/lib/python3.12/site-packages/airflow/example_dags/example_datasets.py
[2024-08-30T02:51:06.845+0000] {processor.py:914} INFO - Processing file /home/airflow/.local/lib/python3.12/site-packages/airflow/example_dags/example_datasets.py for tasks to queue
[2024-08-30T02:51:06.847+0000] {logging_mixin.py:190} INFO - [2024-08-30T02:51:06.847+0000] {dagbag.py:587} INFO - Filling up the DagBag from /home/airflow/.local/lib/python3.12/site-packages/airflow/example_dags/example_datasets.py
[2024-08-30T02:51:06.971+0000] {processor.py:925} INFO - DAG(s) 'dataset_consumes_1', 'conditional_dataset_and_time_based_timetable', 'consume_1_or_both_2_and_3_with_dataset_expressions', 'dataset_consumes_1_never_scheduled', 'consume_1_and_2_with_dataset_expressions', 'dataset_produces_2', 'consume_1_or_2_with_dataset_expressions', 'dataset_consumes_1_and_2', 'dataset_consumes_unknown_never_scheduled', 'dataset_produces_1' retrieved from /home/airflow/.local/lib/python3.12/site-packages/airflow/example_dags/example_datasets.py
[2024-08-30T02:51:07.012+0000] {logging_mixin.py:190} INFO - [2024-08-30T02:51:07.012+0000] {dag.py:3211} INFO - Sync 10 DAGs
[2024-08-30T02:51:07.038+0000] {logging_mixin.py:190} INFO - [2024-08-30T02:51:07.038+0000] {dag.py:4138} INFO - Setting next_dagrun for conditional_dataset_and_time_based_timetable to 2024-08-28 01:00:00+00:00, run_after=2024-08-28 01:00:00+00:00
[2024-08-30T02:51:07.042+0000] {logging_mixin.py:190} INFO - [2024-08-30T02:51:07.042+0000] {dag.py:4138} INFO - Setting next_dagrun for consume_1_and_2_with_dataset_expressions to None, run_after=None
[2024-08-30T02:51:07.045+0000] {logging_mixin.py:190} INFO - [2024-08-30T02:51:07.045+0000] {dag.py:4138} INFO - Setting next_dagrun for consume_1_or_2_with_dataset_expressions to None, run_after=None
[2024-08-30T02:51:07.047+0000] {logging_mixin.py:190} INFO - [2024-08-30T02:51:07.047+0000] {dag.py:4138} INFO - Setting next_dagrun for consume_1_or_both_2_and_3_with_dataset_expressions to None, run_after=None
[2024-08-30T02:51:07.048+0000] {logging_mixin.py:190} INFO - [2024-08-30T02:51:07.048+0000] {dag.py:4138} INFO - Setting next_dagrun for dataset_consumes_1 to None, run_after=None
[2024-08-30T02:51:07.050+0000] {logging_mixin.py:190} INFO - [2024-08-30T02:51:07.050+0000] {dag.py:4138} INFO - Setting next_dagrun for dataset_consumes_1_and_2 to None, run_after=None
[2024-08-30T02:51:07.052+0000] {logging_mixin.py:190} INFO - [2024-08-30T02:51:07.052+0000] {dag.py:4138} INFO - Setting next_dagrun for dataset_consumes_1_never_scheduled to None, run_after=None
[2024-08-30T02:51:07.054+0000] {logging_mixin.py:190} INFO - [2024-08-30T02:51:07.053+0000] {dag.py:4138} INFO - Setting next_dagrun for dataset_consumes_unknown_never_scheduled to None, run_after=None
[2024-08-30T02:51:07.056+0000] {logging_mixin.py:190} INFO - [2024-08-30T02:51:07.056+0000] {dag.py:4138} INFO - Setting next_dagrun for dataset_produces_1 to 2024-08-29 00:00:00+00:00, run_after=2024-08-30 00:00:00+00:00
[2024-08-30T02:51:07.057+0000] {logging_mixin.py:190} INFO - [2024-08-30T02:51:07.057+0000] {dag.py:4138} INFO - Setting next_dagrun for dataset_produces_2 to None, run_after=None
[2024-08-30T02:51:07.092+0000] {processor.py:208} INFO - Processing /home/airflow/.local/lib/python3.12/site-packages/airflow/example_dags/example_datasets.py took 0.253 seconds
[2024-08-30T02:51:37.541+0000] {processor.py:186} INFO - Started process (PID=4295) to work on /home/airflow/.local/lib/python3.12/site-packages/airflow/example_dags/example_datasets.py
[2024-08-30T02:51:37.542+0000] {processor.py:914} INFO - Processing file /home/airflow/.local/lib/python3.12/site-packages/airflow/example_dags/example_datasets.py for tasks to queue
[2024-08-30T02:51:37.544+0000] {logging_mixin.py:190} INFO - [2024-08-30T02:51:37.543+0000] {dagbag.py:587} INFO - Filling up the DagBag from /home/airflow/.local/lib/python3.12/site-packages/airflow/example_dags/example_datasets.py
[2024-08-30T02:51:37.672+0000] {processor.py:925} INFO - DAG(s) 'dataset_consumes_1_and_2', 'conditional_dataset_and_time_based_timetable', 'dataset_consumes_1', 'dataset_produces_2', 'dataset_consumes_unknown_never_scheduled', 'consume_1_or_both_2_and_3_with_dataset_expressions', 'consume_1_or_2_with_dataset_expressions', 'dataset_consumes_1_never_scheduled', 'consume_1_and_2_with_dataset_expressions', 'dataset_produces_1' retrieved from /home/airflow/.local/lib/python3.12/site-packages/airflow/example_dags/example_datasets.py
[2024-08-30T02:51:37.717+0000] {logging_mixin.py:190} INFO - [2024-08-30T02:51:37.717+0000] {dag.py:3211} INFO - Sync 10 DAGs
[2024-08-30T02:51:37.743+0000] {logging_mixin.py:190} INFO - [2024-08-30T02:51:37.743+0000] {dag.py:4138} INFO - Setting next_dagrun for conditional_dataset_and_time_based_timetable to 2024-08-28 01:00:00+00:00, run_after=2024-08-28 01:00:00+00:00
[2024-08-30T02:51:37.748+0000] {logging_mixin.py:190} INFO - [2024-08-30T02:51:37.748+0000] {dag.py:4138} INFO - Setting next_dagrun for consume_1_and_2_with_dataset_expressions to None, run_after=None
[2024-08-30T02:51:37.750+0000] {logging_mixin.py:190} INFO - [2024-08-30T02:51:37.749+0000] {dag.py:4138} INFO - Setting next_dagrun for consume_1_or_2_with_dataset_expressions to None, run_after=None
[2024-08-30T02:51:37.752+0000] {logging_mixin.py:190} INFO - [2024-08-30T02:51:37.752+0000] {dag.py:4138} INFO - Setting next_dagrun for consume_1_or_both_2_and_3_with_dataset_expressions to None, run_after=None
[2024-08-30T02:51:37.754+0000] {logging_mixin.py:190} INFO - [2024-08-30T02:51:37.753+0000] {dag.py:4138} INFO - Setting next_dagrun for dataset_consumes_1 to None, run_after=None
[2024-08-30T02:51:37.755+0000] {logging_mixin.py:190} INFO - [2024-08-30T02:51:37.755+0000] {dag.py:4138} INFO - Setting next_dagrun for dataset_consumes_1_and_2 to None, run_after=None
[2024-08-30T02:51:37.757+0000] {logging_mixin.py:190} INFO - [2024-08-30T02:51:37.756+0000] {dag.py:4138} INFO - Setting next_dagrun for dataset_consumes_1_never_scheduled to None, run_after=None
[2024-08-30T02:51:37.758+0000] {logging_mixin.py:190} INFO - [2024-08-30T02:51:37.758+0000] {dag.py:4138} INFO - Setting next_dagrun for dataset_consumes_unknown_never_scheduled to None, run_after=None
[2024-08-30T02:51:37.760+0000] {logging_mixin.py:190} INFO - [2024-08-30T02:51:37.760+0000] {dag.py:4138} INFO - Setting next_dagrun for dataset_produces_1 to 2024-08-29 00:00:00+00:00, run_after=2024-08-30 00:00:00+00:00
[2024-08-30T02:51:37.762+0000] {logging_mixin.py:190} INFO - [2024-08-30T02:51:37.761+0000] {dag.py:4138} INFO - Setting next_dagrun for dataset_produces_2 to None, run_after=None
[2024-08-30T02:51:37.799+0000] {processor.py:208} INFO - Processing /home/airflow/.local/lib/python3.12/site-packages/airflow/example_dags/example_datasets.py took 0.262 seconds
[2024-08-30T02:52:08.288+0000] {processor.py:186} INFO - Started process (PID=4581) to work on /home/airflow/.local/lib/python3.12/site-packages/airflow/example_dags/example_datasets.py
[2024-08-30T02:52:08.288+0000] {processor.py:914} INFO - Processing file /home/airflow/.local/lib/python3.12/site-packages/airflow/example_dags/example_datasets.py for tasks to queue
[2024-08-30T02:52:08.290+0000] {logging_mixin.py:190} INFO - [2024-08-30T02:52:08.290+0000] {dagbag.py:587} INFO - Filling up the DagBag from /home/airflow/.local/lib/python3.12/site-packages/airflow/example_dags/example_datasets.py
[2024-08-30T02:52:08.413+0000] {processor.py:925} INFO - DAG(s) 'conditional_dataset_and_time_based_timetable', 'dataset_consumes_1', 'dataset_consumes_1_and_2', 'consume_1_or_both_2_and_3_with_dataset_expressions', 'consume_1_and_2_with_dataset_expressions', 'dataset_produces_2', 'dataset_consumes_1_never_scheduled', 'dataset_consumes_unknown_never_scheduled', 'consume_1_or_2_with_dataset_expressions', 'dataset_produces_1' retrieved from /home/airflow/.local/lib/python3.12/site-packages/airflow/example_dags/example_datasets.py
[2024-08-30T02:52:08.459+0000] {logging_mixin.py:190} INFO - [2024-08-30T02:52:08.459+0000] {dag.py:3211} INFO - Sync 10 DAGs
[2024-08-30T02:52:08.487+0000] {logging_mixin.py:190} INFO - [2024-08-30T02:52:08.487+0000] {dag.py:4138} INFO - Setting next_dagrun for conditional_dataset_and_time_based_timetable to 2024-08-28 01:00:00+00:00, run_after=2024-08-28 01:00:00+00:00
[2024-08-30T02:52:08.492+0000] {logging_mixin.py:190} INFO - [2024-08-30T02:52:08.492+0000] {dag.py:4138} INFO - Setting next_dagrun for consume_1_and_2_with_dataset_expressions to None, run_after=None
[2024-08-30T02:52:08.494+0000] {logging_mixin.py:190} INFO - [2024-08-30T02:52:08.494+0000] {dag.py:4138} INFO - Setting next_dagrun for consume_1_or_2_with_dataset_expressions to None, run_after=None
[2024-08-30T02:52:08.495+0000] {logging_mixin.py:190} INFO - [2024-08-30T02:52:08.495+0000] {dag.py:4138} INFO - Setting next_dagrun for consume_1_or_both_2_and_3_with_dataset_expressions to None, run_after=None
[2024-08-30T02:52:08.497+0000] {logging_mixin.py:190} INFO - [2024-08-30T02:52:08.497+0000] {dag.py:4138} INFO - Setting next_dagrun for dataset_consumes_1 to None, run_after=None
[2024-08-30T02:52:08.498+0000] {logging_mixin.py:190} INFO - [2024-08-30T02:52:08.498+0000] {dag.py:4138} INFO - Setting next_dagrun for dataset_consumes_1_and_2 to None, run_after=None
[2024-08-30T02:52:08.499+0000] {logging_mixin.py:190} INFO - [2024-08-30T02:52:08.499+0000] {dag.py:4138} INFO - Setting next_dagrun for dataset_consumes_1_never_scheduled to None, run_after=None
[2024-08-30T02:52:08.501+0000] {logging_mixin.py:190} INFO - [2024-08-30T02:52:08.501+0000] {dag.py:4138} INFO - Setting next_dagrun for dataset_consumes_unknown_never_scheduled to None, run_after=None
[2024-08-30T02:52:08.504+0000] {logging_mixin.py:190} INFO - [2024-08-30T02:52:08.504+0000] {dag.py:4138} INFO - Setting next_dagrun for dataset_produces_1 to 2024-08-29 00:00:00+00:00, run_after=2024-08-30 00:00:00+00:00
[2024-08-30T02:52:08.505+0000] {logging_mixin.py:190} INFO - [2024-08-30T02:52:08.505+0000] {dag.py:4138} INFO - Setting next_dagrun for dataset_produces_2 to None, run_after=None
[2024-08-30T02:52:08.543+0000] {processor.py:208} INFO - Processing /home/airflow/.local/lib/python3.12/site-packages/airflow/example_dags/example_datasets.py took 0.262 seconds
[2024-08-30T02:52:39.077+0000] {processor.py:186} INFO - Started process (PID=4867) to work on /home/airflow/.local/lib/python3.12/site-packages/airflow/example_dags/example_datasets.py
[2024-08-30T02:52:39.078+0000] {processor.py:914} INFO - Processing file /home/airflow/.local/lib/python3.12/site-packages/airflow/example_dags/example_datasets.py for tasks to queue
[2024-08-30T02:52:39.080+0000] {logging_mixin.py:190} INFO - [2024-08-30T02:52:39.080+0000] {dagbag.py:587} INFO - Filling up the DagBag from /home/airflow/.local/lib/python3.12/site-packages/airflow/example_dags/example_datasets.py
[2024-08-30T02:52:39.202+0000] {processor.py:925} INFO - DAG(s) 'dataset_consumes_1', 'dataset_consumes_unknown_never_scheduled', 'conditional_dataset_and_time_based_timetable', 'dataset_consumes_1_and_2', 'dataset_produces_1', 'dataset_consumes_1_never_scheduled', 'consume_1_or_2_with_dataset_expressions', 'consume_1_or_both_2_and_3_with_dataset_expressions', 'consume_1_and_2_with_dataset_expressions', 'dataset_produces_2' retrieved from /home/airflow/.local/lib/python3.12/site-packages/airflow/example_dags/example_datasets.py
[2024-08-30T02:52:39.244+0000] {logging_mixin.py:190} INFO - [2024-08-30T02:52:39.244+0000] {dag.py:3211} INFO - Sync 10 DAGs
[2024-08-30T02:52:39.268+0000] {logging_mixin.py:190} INFO - [2024-08-30T02:52:39.268+0000] {dag.py:4138} INFO - Setting next_dagrun for conditional_dataset_and_time_based_timetable to 2024-08-28 01:00:00+00:00, run_after=2024-08-28 01:00:00+00:00
[2024-08-30T02:52:39.272+0000] {logging_mixin.py:190} INFO - [2024-08-30T02:52:39.272+0000] {dag.py:4138} INFO - Setting next_dagrun for consume_1_and_2_with_dataset_expressions to None, run_after=None
[2024-08-30T02:52:39.274+0000] {logging_mixin.py:190} INFO - [2024-08-30T02:52:39.273+0000] {dag.py:4138} INFO - Setting next_dagrun for consume_1_or_2_with_dataset_expressions to None, run_after=None
[2024-08-30T02:52:39.275+0000] {logging_mixin.py:190} INFO - [2024-08-30T02:52:39.275+0000] {dag.py:4138} INFO - Setting next_dagrun for consume_1_or_both_2_and_3_with_dataset_expressions to None, run_after=None
[2024-08-30T02:52:39.276+0000] {logging_mixin.py:190} INFO - [2024-08-30T02:52:39.276+0000] {dag.py:4138} INFO - Setting next_dagrun for dataset_consumes_1 to None, run_after=None
[2024-08-30T02:52:39.278+0000] {logging_mixin.py:190} INFO - [2024-08-30T02:52:39.278+0000] {dag.py:4138} INFO - Setting next_dagrun for dataset_consumes_1_and_2 to None, run_after=None
[2024-08-30T02:52:39.279+0000] {logging_mixin.py:190} INFO - [2024-08-30T02:52:39.279+0000] {dag.py:4138} INFO - Setting next_dagrun for dataset_consumes_1_never_scheduled to None, run_after=None
[2024-08-30T02:52:39.280+0000] {logging_mixin.py:190} INFO - [2024-08-30T02:52:39.280+0000] {dag.py:4138} INFO - Setting next_dagrun for dataset_consumes_unknown_never_scheduled to None, run_after=None
[2024-08-30T02:52:39.283+0000] {logging_mixin.py:190} INFO - [2024-08-30T02:52:39.282+0000] {dag.py:4138} INFO - Setting next_dagrun for dataset_produces_1 to 2024-08-29 00:00:00+00:00, run_after=2024-08-30 00:00:00+00:00
[2024-08-30T02:52:39.284+0000] {logging_mixin.py:190} INFO - [2024-08-30T02:52:39.284+0000] {dag.py:4138} INFO - Setting next_dagrun for dataset_produces_2 to None, run_after=None
[2024-08-30T02:52:39.316+0000] {processor.py:208} INFO - Processing /home/airflow/.local/lib/python3.12/site-packages/airflow/example_dags/example_datasets.py took 0.244 seconds
[2024-08-30T02:53:09.801+0000] {processor.py:186} INFO - Started process (PID=5153) to work on /home/airflow/.local/lib/python3.12/site-packages/airflow/example_dags/example_datasets.py
[2024-08-30T02:53:09.802+0000] {processor.py:914} INFO - Processing file /home/airflow/.local/lib/python3.12/site-packages/airflow/example_dags/example_datasets.py for tasks to queue
[2024-08-30T02:53:09.804+0000] {logging_mixin.py:190} INFO - [2024-08-30T02:53:09.803+0000] {dagbag.py:587} INFO - Filling up the DagBag from /home/airflow/.local/lib/python3.12/site-packages/airflow/example_dags/example_datasets.py
[2024-08-30T02:53:09.921+0000] {processor.py:925} INFO - DAG(s) 'dataset_consumes_unknown_never_scheduled', 'consume_1_and_2_with_dataset_expressions', 'consume_1_or_2_with_dataset_expressions', 'dataset_consumes_1_never_scheduled', 'dataset_produces_2', 'dataset_produces_1', 'dataset_consumes_1_and_2', 'dataset_consumes_1', 'consume_1_or_both_2_and_3_with_dataset_expressions', 'conditional_dataset_and_time_based_timetable' retrieved from /home/airflow/.local/lib/python3.12/site-packages/airflow/example_dags/example_datasets.py
[2024-08-30T02:53:09.960+0000] {logging_mixin.py:190} INFO - [2024-08-30T02:53:09.960+0000] {dag.py:3211} INFO - Sync 10 DAGs
[2024-08-30T02:53:09.982+0000] {logging_mixin.py:190} INFO - [2024-08-30T02:53:09.982+0000] {dag.py:4138} INFO - Setting next_dagrun for conditional_dataset_and_time_based_timetable to 2024-08-28 01:00:00+00:00, run_after=2024-08-28 01:00:00+00:00
[2024-08-30T02:53:09.986+0000] {logging_mixin.py:190} INFO - [2024-08-30T02:53:09.986+0000] {dag.py:4138} INFO - Setting next_dagrun for consume_1_and_2_with_dataset_expressions to None, run_after=None
[2024-08-30T02:53:09.988+0000] {logging_mixin.py:190} INFO - [2024-08-30T02:53:09.988+0000] {dag.py:4138} INFO - Setting next_dagrun for consume_1_or_2_with_dataset_expressions to None, run_after=None
[2024-08-30T02:53:09.989+0000] {logging_mixin.py:190} INFO - [2024-08-30T02:53:09.989+0000] {dag.py:4138} INFO - Setting next_dagrun for consume_1_or_both_2_and_3_with_dataset_expressions to None, run_after=None
[2024-08-30T02:53:09.990+0000] {logging_mixin.py:190} INFO - [2024-08-30T02:53:09.990+0000] {dag.py:4138} INFO - Setting next_dagrun for dataset_consumes_1 to None, run_after=None
[2024-08-30T02:53:09.991+0000] {logging_mixin.py:190} INFO - [2024-08-30T02:53:09.991+0000] {dag.py:4138} INFO - Setting next_dagrun for dataset_consumes_1_and_2 to None, run_after=None
[2024-08-30T02:53:09.993+0000] {logging_mixin.py:190} INFO - [2024-08-30T02:53:09.993+0000] {dag.py:4138} INFO - Setting next_dagrun for dataset_consumes_1_never_scheduled to None, run_after=None
[2024-08-30T02:53:09.994+0000] {logging_mixin.py:190} INFO - [2024-08-30T02:53:09.994+0000] {dag.py:4138} INFO - Setting next_dagrun for dataset_consumes_unknown_never_scheduled to None, run_after=None
[2024-08-30T02:53:09.996+0000] {logging_mixin.py:190} INFO - [2024-08-30T02:53:09.996+0000] {dag.py:4138} INFO - Setting next_dagrun for dataset_produces_1 to 2024-08-29 00:00:00+00:00, run_after=2024-08-30 00:00:00+00:00
[2024-08-30T02:53:09.997+0000] {logging_mixin.py:190} INFO - [2024-08-30T02:53:09.997+0000] {dag.py:4138} INFO - Setting next_dagrun for dataset_produces_2 to None, run_after=None
[2024-08-30T02:53:10.032+0000] {processor.py:208} INFO - Processing /home/airflow/.local/lib/python3.12/site-packages/airflow/example_dags/example_datasets.py took 0.236 seconds
[2024-08-30T02:53:40.693+0000] {processor.py:186} INFO - Started process (PID=5439) to work on /home/airflow/.local/lib/python3.12/site-packages/airflow/example_dags/example_datasets.py
[2024-08-30T02:53:40.694+0000] {processor.py:914} INFO - Processing file /home/airflow/.local/lib/python3.12/site-packages/airflow/example_dags/example_datasets.py for tasks to queue
[2024-08-30T02:53:40.697+0000] {logging_mixin.py:190} INFO - [2024-08-30T02:53:40.696+0000] {dagbag.py:587} INFO - Filling up the DagBag from /home/airflow/.local/lib/python3.12/site-packages/airflow/example_dags/example_datasets.py
[2024-08-30T02:53:40.809+0000] {processor.py:925} INFO - DAG(s) 'dataset_produces_1', 'consume_1_and_2_with_dataset_expressions', 'conditional_dataset_and_time_based_timetable', 'consume_1_or_both_2_and_3_with_dataset_expressions', 'dataset_consumes_unknown_never_scheduled', 'dataset_consumes_1_never_scheduled', 'dataset_consumes_1_and_2', 'dataset_produces_2', 'dataset_consumes_1', 'consume_1_or_2_with_dataset_expressions' retrieved from /home/airflow/.local/lib/python3.12/site-packages/airflow/example_dags/example_datasets.py
[2024-08-30T02:53:40.854+0000] {logging_mixin.py:190} INFO - [2024-08-30T02:53:40.854+0000] {dag.py:3211} INFO - Sync 10 DAGs
[2024-08-30T02:53:40.879+0000] {logging_mixin.py:190} INFO - [2024-08-30T02:53:40.878+0000] {dag.py:4138} INFO - Setting next_dagrun for conditional_dataset_and_time_based_timetable to 2024-08-28 01:00:00+00:00, run_after=2024-08-28 01:00:00+00:00
[2024-08-30T02:53:40.883+0000] {logging_mixin.py:190} INFO - [2024-08-30T02:53:40.882+0000] {dag.py:4138} INFO - Setting next_dagrun for consume_1_and_2_with_dataset_expressions to None, run_after=None
[2024-08-30T02:53:40.885+0000] {logging_mixin.py:190} INFO - [2024-08-30T02:53:40.885+0000] {dag.py:4138} INFO - Setting next_dagrun for consume_1_or_2_with_dataset_expressions to None, run_after=None
[2024-08-30T02:53:40.886+0000] {logging_mixin.py:190} INFO - [2024-08-30T02:53:40.886+0000] {dag.py:4138} INFO - Setting next_dagrun for consume_1_or_both_2_and_3_with_dataset_expressions to None, run_after=None
[2024-08-30T02:53:40.887+0000] {logging_mixin.py:190} INFO - [2024-08-30T02:53:40.887+0000] {dag.py:4138} INFO - Setting next_dagrun for dataset_consumes_1 to None, run_after=None
[2024-08-30T02:53:40.889+0000] {logging_mixin.py:190} INFO - [2024-08-30T02:53:40.889+0000] {dag.py:4138} INFO - Setting next_dagrun for dataset_consumes_1_and_2 to None, run_after=None
[2024-08-30T02:53:40.890+0000] {logging_mixin.py:190} INFO - [2024-08-30T02:53:40.890+0000] {dag.py:4138} INFO - Setting next_dagrun for dataset_consumes_1_never_scheduled to None, run_after=None
[2024-08-30T02:53:40.891+0000] {logging_mixin.py:190} INFO - [2024-08-30T02:53:40.891+0000] {dag.py:4138} INFO - Setting next_dagrun for dataset_consumes_unknown_never_scheduled to None, run_after=None
[2024-08-30T02:53:40.893+0000] {logging_mixin.py:190} INFO - [2024-08-30T02:53:40.893+0000] {dag.py:4138} INFO - Setting next_dagrun for dataset_produces_1 to 2024-08-29 00:00:00+00:00, run_after=2024-08-30 00:00:00+00:00
[2024-08-30T02:53:40.895+0000] {logging_mixin.py:190} INFO - [2024-08-30T02:53:40.895+0000] {dag.py:4138} INFO - Setting next_dagrun for dataset_produces_2 to None, run_after=None
[2024-08-30T02:53:40.930+0000] {processor.py:208} INFO - Processing /home/airflow/.local/lib/python3.12/site-packages/airflow/example_dags/example_datasets.py took 0.241 seconds
[2024-08-30T02:54:11.565+0000] {processor.py:186} INFO - Started process (PID=5725) to work on /home/airflow/.local/lib/python3.12/site-packages/airflow/example_dags/example_datasets.py
[2024-08-30T02:54:11.566+0000] {processor.py:914} INFO - Processing file /home/airflow/.local/lib/python3.12/site-packages/airflow/example_dags/example_datasets.py for tasks to queue
[2024-08-30T02:54:11.569+0000] {logging_mixin.py:190} INFO - [2024-08-30T02:54:11.568+0000] {dagbag.py:587} INFO - Filling up the DagBag from /home/airflow/.local/lib/python3.12/site-packages/airflow/example_dags/example_datasets.py
[2024-08-30T02:54:11.721+0000] {processor.py:925} INFO - DAG(s) 'dataset_consumes_1', 'conditional_dataset_and_time_based_timetable', 'dataset_produces_2', 'consume_1_or_both_2_and_3_with_dataset_expressions', 'dataset_produces_1', 'consume_1_or_2_with_dataset_expressions', 'dataset_consumes_unknown_never_scheduled', 'consume_1_and_2_with_dataset_expressions', 'dataset_consumes_1_never_scheduled', 'dataset_consumes_1_and_2' retrieved from /home/airflow/.local/lib/python3.12/site-packages/airflow/example_dags/example_datasets.py
[2024-08-30T02:54:11.768+0000] {logging_mixin.py:190} INFO - [2024-08-30T02:54:11.768+0000] {dag.py:3211} INFO - Sync 10 DAGs
[2024-08-30T02:54:11.795+0000] {logging_mixin.py:190} INFO - [2024-08-30T02:54:11.795+0000] {dag.py:4138} INFO - Setting next_dagrun for conditional_dataset_and_time_based_timetable to 2024-08-28 01:00:00+00:00, run_after=2024-08-28 01:00:00+00:00
[2024-08-30T02:54:11.800+0000] {logging_mixin.py:190} INFO - [2024-08-30T02:54:11.800+0000] {dag.py:4138} INFO - Setting next_dagrun for consume_1_and_2_with_dataset_expressions to None, run_after=None
[2024-08-30T02:54:11.802+0000] {logging_mixin.py:190} INFO - [2024-08-30T02:54:11.802+0000] {dag.py:4138} INFO - Setting next_dagrun for consume_1_or_2_with_dataset_expressions to None, run_after=None
[2024-08-30T02:54:11.803+0000] {logging_mixin.py:190} INFO - [2024-08-30T02:54:11.803+0000] {dag.py:4138} INFO - Setting next_dagrun for consume_1_or_both_2_and_3_with_dataset_expressions to None, run_after=None
[2024-08-30T02:54:11.804+0000] {logging_mixin.py:190} INFO - [2024-08-30T02:54:11.804+0000] {dag.py:4138} INFO - Setting next_dagrun for dataset_consumes_1 to None, run_after=None
[2024-08-30T02:54:11.806+0000] {logging_mixin.py:190} INFO - [2024-08-30T02:54:11.806+0000] {dag.py:4138} INFO - Setting next_dagrun for dataset_consumes_1_and_2 to None, run_after=None
[2024-08-30T02:54:11.807+0000] {logging_mixin.py:190} INFO - [2024-08-30T02:54:11.807+0000] {dag.py:4138} INFO - Setting next_dagrun for dataset_consumes_1_never_scheduled to None, run_after=None
[2024-08-30T02:54:11.808+0000] {logging_mixin.py:190} INFO - [2024-08-30T02:54:11.808+0000] {dag.py:4138} INFO - Setting next_dagrun for dataset_consumes_unknown_never_scheduled to None, run_after=None
[2024-08-30T02:54:11.810+0000] {logging_mixin.py:190} INFO - [2024-08-30T02:54:11.810+0000] {dag.py:4138} INFO - Setting next_dagrun for dataset_produces_1 to 2024-08-29 00:00:00+00:00, run_after=2024-08-30 00:00:00+00:00
[2024-08-30T02:54:11.812+0000] {logging_mixin.py:190} INFO - [2024-08-30T02:54:11.811+0000] {dag.py:4138} INFO - Setting next_dagrun for dataset_produces_2 to None, run_after=None
[2024-08-30T02:54:11.849+0000] {processor.py:208} INFO - Processing /home/airflow/.local/lib/python3.12/site-packages/airflow/example_dags/example_datasets.py took 0.290 seconds
[2024-08-30T02:54:42.837+0000] {processor.py:186} INFO - Started process (PID=6013) to work on /home/airflow/.local/lib/python3.12/site-packages/airflow/example_dags/example_datasets.py
[2024-08-30T02:54:42.838+0000] {processor.py:914} INFO - Processing file /home/airflow/.local/lib/python3.12/site-packages/airflow/example_dags/example_datasets.py for tasks to queue
[2024-08-30T02:54:42.839+0000] {logging_mixin.py:190} INFO - [2024-08-30T02:54:42.839+0000] {dagbag.py:587} INFO - Filling up the DagBag from /home/airflow/.local/lib/python3.12/site-packages/airflow/example_dags/example_datasets.py
[2024-08-30T02:54:42.943+0000] {processor.py:925} INFO - DAG(s) 'consume_1_and_2_with_dataset_expressions', 'dataset_consumes_1_and_2', 'dataset_produces_1', 'conditional_dataset_and_time_based_timetable', 'consume_1_or_both_2_and_3_with_dataset_expressions', 'dataset_consumes_1', 'dataset_consumes_1_never_scheduled', 'consume_1_or_2_with_dataset_expressions', 'dataset_consumes_unknown_never_scheduled', 'dataset_produces_2' retrieved from /home/airflow/.local/lib/python3.12/site-packages/airflow/example_dags/example_datasets.py
[2024-08-30T02:54:42.981+0000] {logging_mixin.py:190} INFO - [2024-08-30T02:54:42.981+0000] {dag.py:3211} INFO - Sync 10 DAGs
[2024-08-30T02:54:43.005+0000] {logging_mixin.py:190} INFO - [2024-08-30T02:54:43.005+0000] {dag.py:4138} INFO - Setting next_dagrun for conditional_dataset_and_time_based_timetable to 2024-08-28 01:00:00+00:00, run_after=2024-08-28 01:00:00+00:00
[2024-08-30T02:54:43.008+0000] {logging_mixin.py:190} INFO - [2024-08-30T02:54:43.008+0000] {dag.py:4138} INFO - Setting next_dagrun for consume_1_and_2_with_dataset_expressions to None, run_after=None
[2024-08-30T02:54:43.010+0000] {logging_mixin.py:190} INFO - [2024-08-30T02:54:43.010+0000] {dag.py:4138} INFO - Setting next_dagrun for consume_1_or_2_with_dataset_expressions to None, run_after=None
[2024-08-30T02:54:43.011+0000] {logging_mixin.py:190} INFO - [2024-08-30T02:54:43.011+0000] {dag.py:4138} INFO - Setting next_dagrun for consume_1_or_both_2_and_3_with_dataset_expressions to None, run_after=None
[2024-08-30T02:54:43.013+0000] {logging_mixin.py:190} INFO - [2024-08-30T02:54:43.013+0000] {dag.py:4138} INFO - Setting next_dagrun for dataset_consumes_1 to None, run_after=None
[2024-08-30T02:54:43.014+0000] {logging_mixin.py:190} INFO - [2024-08-30T02:54:43.014+0000] {dag.py:4138} INFO - Setting next_dagrun for dataset_consumes_1_and_2 to None, run_after=None
[2024-08-30T02:54:43.016+0000] {logging_mixin.py:190} INFO - [2024-08-30T02:54:43.016+0000] {dag.py:4138} INFO - Setting next_dagrun for dataset_consumes_1_never_scheduled to None, run_after=None
[2024-08-30T02:54:43.018+0000] {logging_mixin.py:190} INFO - [2024-08-30T02:54:43.017+0000] {dag.py:4138} INFO - Setting next_dagrun for dataset_consumes_unknown_never_scheduled to None, run_after=None
[2024-08-30T02:54:43.020+0000] {logging_mixin.py:190} INFO - [2024-08-30T02:54:43.020+0000] {dag.py:4138} INFO - Setting next_dagrun for dataset_produces_1 to 2024-08-29 00:00:00+00:00, run_after=2024-08-30 00:00:00+00:00
[2024-08-30T02:54:43.022+0000] {logging_mixin.py:190} INFO - [2024-08-30T02:54:43.021+0000] {dag.py:4138} INFO - Setting next_dagrun for dataset_produces_2 to None, run_after=None
[2024-08-30T02:54:43.058+0000] {processor.py:208} INFO - Processing /home/airflow/.local/lib/python3.12/site-packages/airflow/example_dags/example_datasets.py took 0.225 seconds
[2024-08-30T02:55:13.819+0000] {processor.py:186} INFO - Started process (PID=6299) to work on /home/airflow/.local/lib/python3.12/site-packages/airflow/example_dags/example_datasets.py
[2024-08-30T02:55:13.820+0000] {processor.py:914} INFO - Processing file /home/airflow/.local/lib/python3.12/site-packages/airflow/example_dags/example_datasets.py for tasks to queue
[2024-08-30T02:55:13.823+0000] {logging_mixin.py:190} INFO - [2024-08-30T02:55:13.822+0000] {dagbag.py:587} INFO - Filling up the DagBag from /home/airflow/.local/lib/python3.12/site-packages/airflow/example_dags/example_datasets.py
[2024-08-30T02:55:13.949+0000] {processor.py:925} INFO - DAG(s) 'dataset_produces_2', 'consume_1_or_both_2_and_3_with_dataset_expressions', 'dataset_consumes_unknown_never_scheduled', 'consume_1_or_2_with_dataset_expressions', 'dataset_produces_1', 'consume_1_and_2_with_dataset_expressions', 'dataset_consumes_1_and_2', 'dataset_consumes_1_never_scheduled', 'conditional_dataset_and_time_based_timetable', 'dataset_consumes_1' retrieved from /home/airflow/.local/lib/python3.12/site-packages/airflow/example_dags/example_datasets.py
[2024-08-30T02:55:13.987+0000] {logging_mixin.py:190} INFO - [2024-08-30T02:55:13.987+0000] {dag.py:3211} INFO - Sync 10 DAGs
[2024-08-30T02:55:14.011+0000] {logging_mixin.py:190} INFO - [2024-08-30T02:55:14.010+0000] {dag.py:4138} INFO - Setting next_dagrun for conditional_dataset_and_time_based_timetable to 2024-08-28 01:00:00+00:00, run_after=2024-08-28 01:00:00+00:00
[2024-08-30T02:55:14.016+0000] {logging_mixin.py:190} INFO - [2024-08-30T02:55:14.016+0000] {dag.py:4138} INFO - Setting next_dagrun for consume_1_and_2_with_dataset_expressions to None, run_after=None
[2024-08-30T02:55:14.019+0000] {logging_mixin.py:190} INFO - [2024-08-30T02:55:14.018+0000] {dag.py:4138} INFO - Setting next_dagrun for consume_1_or_2_with_dataset_expressions to None, run_after=None
[2024-08-30T02:55:14.020+0000] {logging_mixin.py:190} INFO - [2024-08-30T02:55:14.020+0000] {dag.py:4138} INFO - Setting next_dagrun for consume_1_or_both_2_and_3_with_dataset_expressions to None, run_after=None
[2024-08-30T02:55:14.021+0000] {logging_mixin.py:190} INFO - [2024-08-30T02:55:14.021+0000] {dag.py:4138} INFO - Setting next_dagrun for dataset_consumes_1 to None, run_after=None
[2024-08-30T02:55:14.023+0000] {logging_mixin.py:190} INFO - [2024-08-30T02:55:14.022+0000] {dag.py:4138} INFO - Setting next_dagrun for dataset_consumes_1_and_2 to None, run_after=None
[2024-08-30T02:55:14.024+0000] {logging_mixin.py:190} INFO - [2024-08-30T02:55:14.023+0000] {dag.py:4138} INFO - Setting next_dagrun for dataset_consumes_1_never_scheduled to None, run_after=None
[2024-08-30T02:55:14.025+0000] {logging_mixin.py:190} INFO - [2024-08-30T02:55:14.025+0000] {dag.py:4138} INFO - Setting next_dagrun for dataset_consumes_unknown_never_scheduled to None, run_after=None
[2024-08-30T02:55:14.027+0000] {logging_mixin.py:190} INFO - [2024-08-30T02:55:14.027+0000] {dag.py:4138} INFO - Setting next_dagrun for dataset_produces_1 to 2024-08-29 00:00:00+00:00, run_after=2024-08-30 00:00:00+00:00
[2024-08-30T02:55:14.029+0000] {logging_mixin.py:190} INFO - [2024-08-30T02:55:14.029+0000] {dag.py:4138} INFO - Setting next_dagrun for dataset_produces_2 to None, run_after=None
[2024-08-30T02:55:14.061+0000] {processor.py:208} INFO - Processing /home/airflow/.local/lib/python3.12/site-packages/airflow/example_dags/example_datasets.py took 0.247 seconds
[2024-08-30T02:55:44.142+0000] {processor.py:186} INFO - Started process (PID=6590) to work on /home/airflow/.local/lib/python3.12/site-packages/airflow/example_dags/example_datasets.py
[2024-08-30T02:55:44.143+0000] {processor.py:914} INFO - Processing file /home/airflow/.local/lib/python3.12/site-packages/airflow/example_dags/example_datasets.py for tasks to queue
[2024-08-30T02:55:44.145+0000] {logging_mixin.py:190} INFO - [2024-08-30T02:55:44.145+0000] {dagbag.py:587} INFO - Filling up the DagBag from /home/airflow/.local/lib/python3.12/site-packages/airflow/example_dags/example_datasets.py
[2024-08-30T02:55:44.266+0000] {processor.py:925} INFO - DAG(s) 'dataset_produces_2', 'dataset_produces_1', 'dataset_consumes_1', 'dataset_consumes_1_and_2', 'consume_1_or_both_2_and_3_with_dataset_expressions', 'dataset_consumes_1_never_scheduled', 'consume_1_and_2_with_dataset_expressions', 'dataset_consumes_unknown_never_scheduled', 'consume_1_or_2_with_dataset_expressions', 'conditional_dataset_and_time_based_timetable' retrieved from /home/airflow/.local/lib/python3.12/site-packages/airflow/example_dags/example_datasets.py
[2024-08-30T02:55:44.305+0000] {logging_mixin.py:190} INFO - [2024-08-30T02:55:44.305+0000] {dag.py:3211} INFO - Sync 10 DAGs
[2024-08-30T02:55:44.331+0000] {logging_mixin.py:190} INFO - [2024-08-30T02:55:44.331+0000] {dag.py:4138} INFO - Setting next_dagrun for conditional_dataset_and_time_based_timetable to 2024-08-28 01:00:00+00:00, run_after=2024-08-28 01:00:00+00:00
[2024-08-30T02:55:44.336+0000] {logging_mixin.py:190} INFO - [2024-08-30T02:55:44.336+0000] {dag.py:4138} INFO - Setting next_dagrun for consume_1_and_2_with_dataset_expressions to None, run_after=None
[2024-08-30T02:55:44.338+0000] {logging_mixin.py:190} INFO - [2024-08-30T02:55:44.338+0000] {dag.py:4138} INFO - Setting next_dagrun for consume_1_or_2_with_dataset_expressions to None, run_after=None
[2024-08-30T02:55:44.340+0000] {logging_mixin.py:190} INFO - [2024-08-30T02:55:44.340+0000] {dag.py:4138} INFO - Setting next_dagrun for consume_1_or_both_2_and_3_with_dataset_expressions to None, run_after=None
[2024-08-30T02:55:44.342+0000] {logging_mixin.py:190} INFO - [2024-08-30T02:55:44.341+0000] {dag.py:4138} INFO - Setting next_dagrun for dataset_consumes_1 to None, run_after=None
[2024-08-30T02:55:44.344+0000] {logging_mixin.py:190} INFO - [2024-08-30T02:55:44.343+0000] {dag.py:4138} INFO - Setting next_dagrun for dataset_consumes_1_and_2 to None, run_after=None
[2024-08-30T02:55:44.345+0000] {logging_mixin.py:190} INFO - [2024-08-30T02:55:44.345+0000] {dag.py:4138} INFO - Setting next_dagrun for dataset_consumes_1_never_scheduled to None, run_after=None
[2024-08-30T02:55:44.347+0000] {logging_mixin.py:190} INFO - [2024-08-30T02:55:44.347+0000] {dag.py:4138} INFO - Setting next_dagrun for dataset_consumes_unknown_never_scheduled to None, run_after=None
[2024-08-30T02:55:44.351+0000] {logging_mixin.py:190} INFO - [2024-08-30T02:55:44.350+0000] {dag.py:4138} INFO - Setting next_dagrun for dataset_produces_1 to 2024-08-29 00:00:00+00:00, run_after=2024-08-30 00:00:00+00:00
[2024-08-30T02:55:44.353+0000] {logging_mixin.py:190} INFO - [2024-08-30T02:55:44.353+0000] {dag.py:4138} INFO - Setting next_dagrun for dataset_produces_2 to None, run_after=None
[2024-08-30T02:55:44.392+0000] {processor.py:208} INFO - Processing /home/airflow/.local/lib/python3.12/site-packages/airflow/example_dags/example_datasets.py took 0.256 seconds
[2024-08-30T02:56:14.439+0000] {processor.py:186} INFO - Started process (PID=6881) to work on /home/airflow/.local/lib/python3.12/site-packages/airflow/example_dags/example_datasets.py
[2024-08-30T02:56:14.440+0000] {processor.py:914} INFO - Processing file /home/airflow/.local/lib/python3.12/site-packages/airflow/example_dags/example_datasets.py for tasks to queue
[2024-08-30T02:56:14.442+0000] {logging_mixin.py:190} INFO - [2024-08-30T02:56:14.442+0000] {dagbag.py:587} INFO - Filling up the DagBag from /home/airflow/.local/lib/python3.12/site-packages/airflow/example_dags/example_datasets.py
[2024-08-30T02:56:14.589+0000] {processor.py:925} INFO - DAG(s) 'dataset_produces_1', 'consume_1_and_2_with_dataset_expressions', 'consume_1_or_both_2_and_3_with_dataset_expressions', 'consume_1_or_2_with_dataset_expressions', 'dataset_consumes_1_never_scheduled', 'dataset_produces_2', 'dataset_consumes_1', 'conditional_dataset_and_time_based_timetable', 'dataset_consumes_1_and_2', 'dataset_consumes_unknown_never_scheduled' retrieved from /home/airflow/.local/lib/python3.12/site-packages/airflow/example_dags/example_datasets.py
[2024-08-30T02:56:14.645+0000] {logging_mixin.py:190} INFO - [2024-08-30T02:56:14.644+0000] {dag.py:3211} INFO - Sync 10 DAGs
[2024-08-30T02:56:14.678+0000] {logging_mixin.py:190} INFO - [2024-08-30T02:56:14.678+0000] {dag.py:4138} INFO - Setting next_dagrun for conditional_dataset_and_time_based_timetable to 2024-08-28 01:00:00+00:00, run_after=2024-08-28 01:00:00+00:00
[2024-08-30T02:56:14.683+0000] {logging_mixin.py:190} INFO - [2024-08-30T02:56:14.683+0000] {dag.py:4138} INFO - Setting next_dagrun for consume_1_and_2_with_dataset_expressions to None, run_after=None
[2024-08-30T02:56:14.685+0000] {logging_mixin.py:190} INFO - [2024-08-30T02:56:14.685+0000] {dag.py:4138} INFO - Setting next_dagrun for consume_1_or_2_with_dataset_expressions to None, run_after=None
[2024-08-30T02:56:14.687+0000] {logging_mixin.py:190} INFO - [2024-08-30T02:56:14.687+0000] {dag.py:4138} INFO - Setting next_dagrun for consume_1_or_both_2_and_3_with_dataset_expressions to None, run_after=None
[2024-08-30T02:56:14.688+0000] {logging_mixin.py:190} INFO - [2024-08-30T02:56:14.688+0000] {dag.py:4138} INFO - Setting next_dagrun for dataset_consumes_1 to None, run_after=None
[2024-08-30T02:56:14.690+0000] {logging_mixin.py:190} INFO - [2024-08-30T02:56:14.689+0000] {dag.py:4138} INFO - Setting next_dagrun for dataset_consumes_1_and_2 to None, run_after=None
[2024-08-30T02:56:14.691+0000] {logging_mixin.py:190} INFO - [2024-08-30T02:56:14.691+0000] {dag.py:4138} INFO - Setting next_dagrun for dataset_consumes_1_never_scheduled to None, run_after=None
[2024-08-30T02:56:14.693+0000] {logging_mixin.py:190} INFO - [2024-08-30T02:56:14.692+0000] {dag.py:4138} INFO - Setting next_dagrun for dataset_consumes_unknown_never_scheduled to None, run_after=None
[2024-08-30T02:56:14.695+0000] {logging_mixin.py:190} INFO - [2024-08-30T02:56:14.695+0000] {dag.py:4138} INFO - Setting next_dagrun for dataset_produces_1 to 2024-08-29 00:00:00+00:00, run_after=2024-08-30 00:00:00+00:00
[2024-08-30T02:56:14.697+0000] {logging_mixin.py:190} INFO - [2024-08-30T02:56:14.696+0000] {dag.py:4138} INFO - Setting next_dagrun for dataset_produces_2 to None, run_after=None
[2024-08-30T02:56:14.735+0000] {processor.py:208} INFO - Processing /home/airflow/.local/lib/python3.12/site-packages/airflow/example_dags/example_datasets.py took 0.302 seconds
[2024-08-30T02:56:44.834+0000] {processor.py:186} INFO - Started process (PID=7178) to work on /home/airflow/.local/lib/python3.12/site-packages/airflow/example_dags/example_datasets.py
[2024-08-30T02:56:44.836+0000] {processor.py:914} INFO - Processing file /home/airflow/.local/lib/python3.12/site-packages/airflow/example_dags/example_datasets.py for tasks to queue
[2024-08-30T02:56:44.838+0000] {logging_mixin.py:190} INFO - [2024-08-30T02:56:44.837+0000] {dagbag.py:587} INFO - Filling up the DagBag from /home/airflow/.local/lib/python3.12/site-packages/airflow/example_dags/example_datasets.py
[2024-08-30T02:56:44.957+0000] {processor.py:925} INFO - DAG(s) 'dataset_produces_1', 'consume_1_and_2_with_dataset_expressions', 'dataset_produces_2', 'consume_1_or_2_with_dataset_expressions', 'conditional_dataset_and_time_based_timetable', 'dataset_consumes_unknown_never_scheduled', 'dataset_consumes_1_never_scheduled', 'consume_1_or_both_2_and_3_with_dataset_expressions', 'dataset_consumes_1_and_2', 'dataset_consumes_1' retrieved from /home/airflow/.local/lib/python3.12/site-packages/airflow/example_dags/example_datasets.py
[2024-08-30T02:56:44.999+0000] {logging_mixin.py:190} INFO - [2024-08-30T02:56:44.999+0000] {dag.py:3211} INFO - Sync 10 DAGs
[2024-08-30T02:56:45.025+0000] {logging_mixin.py:190} INFO - [2024-08-30T02:56:45.025+0000] {dag.py:4138} INFO - Setting next_dagrun for conditional_dataset_and_time_based_timetable to 2024-08-28 01:00:00+00:00, run_after=2024-08-28 01:00:00+00:00
[2024-08-30T02:56:45.029+0000] {logging_mixin.py:190} INFO - [2024-08-30T02:56:45.029+0000] {dag.py:4138} INFO - Setting next_dagrun for consume_1_and_2_with_dataset_expressions to None, run_after=None
[2024-08-30T02:56:45.031+0000] {logging_mixin.py:190} INFO - [2024-08-30T02:56:45.031+0000] {dag.py:4138} INFO - Setting next_dagrun for consume_1_or_2_with_dataset_expressions to None, run_after=None
[2024-08-30T02:56:45.033+0000] {logging_mixin.py:190} INFO - [2024-08-30T02:56:45.033+0000] {dag.py:4138} INFO - Setting next_dagrun for consume_1_or_both_2_and_3_with_dataset_expressions to None, run_after=None
[2024-08-30T02:56:45.034+0000] {logging_mixin.py:190} INFO - [2024-08-30T02:56:45.034+0000] {dag.py:4138} INFO - Setting next_dagrun for dataset_consumes_1 to None, run_after=None
[2024-08-30T02:56:45.036+0000] {logging_mixin.py:190} INFO - [2024-08-30T02:56:45.035+0000] {dag.py:4138} INFO - Setting next_dagrun for dataset_consumes_1_and_2 to None, run_after=None
[2024-08-30T02:56:45.037+0000] {logging_mixin.py:190} INFO - [2024-08-30T02:56:45.037+0000] {dag.py:4138} INFO - Setting next_dagrun for dataset_consumes_1_never_scheduled to None, run_after=None
[2024-08-30T02:56:45.038+0000] {logging_mixin.py:190} INFO - [2024-08-30T02:56:45.038+0000] {dag.py:4138} INFO - Setting next_dagrun for dataset_consumes_unknown_never_scheduled to None, run_after=None
[2024-08-30T02:56:45.041+0000] {logging_mixin.py:190} INFO - [2024-08-30T02:56:45.041+0000] {dag.py:4138} INFO - Setting next_dagrun for dataset_produces_1 to 2024-08-29 00:00:00+00:00, run_after=2024-08-30 00:00:00+00:00
[2024-08-30T02:56:45.042+0000] {logging_mixin.py:190} INFO - [2024-08-30T02:56:45.042+0000] {dag.py:4138} INFO - Setting next_dagrun for dataset_produces_2 to None, run_after=None
[2024-08-30T02:56:45.081+0000] {processor.py:208} INFO - Processing /home/airflow/.local/lib/python3.12/site-packages/airflow/example_dags/example_datasets.py took 0.252 seconds
[2024-08-30T02:57:15.130+0000] {processor.py:186} INFO - Started process (PID=7464) to work on /home/airflow/.local/lib/python3.12/site-packages/airflow/example_dags/example_datasets.py
[2024-08-30T02:57:15.131+0000] {processor.py:914} INFO - Processing file /home/airflow/.local/lib/python3.12/site-packages/airflow/example_dags/example_datasets.py for tasks to queue
[2024-08-30T02:57:15.133+0000] {logging_mixin.py:190} INFO - [2024-08-30T02:57:15.133+0000] {dagbag.py:587} INFO - Filling up the DagBag from /home/airflow/.local/lib/python3.12/site-packages/airflow/example_dags/example_datasets.py
[2024-08-30T02:57:15.242+0000] {processor.py:925} INFO - DAG(s) 'consume_1_and_2_with_dataset_expressions', 'dataset_produces_1', 'dataset_consumes_1', 'dataset_produces_2', 'dataset_consumes_1_and_2', 'consume_1_or_both_2_and_3_with_dataset_expressions', 'dataset_consumes_1_never_scheduled', 'consume_1_or_2_with_dataset_expressions', 'dataset_consumes_unknown_never_scheduled', 'conditional_dataset_and_time_based_timetable' retrieved from /home/airflow/.local/lib/python3.12/site-packages/airflow/example_dags/example_datasets.py
[2024-08-30T02:57:15.282+0000] {logging_mixin.py:190} INFO - [2024-08-30T02:57:15.282+0000] {dag.py:3211} INFO - Sync 10 DAGs
[2024-08-30T02:57:15.304+0000] {logging_mixin.py:190} INFO - [2024-08-30T02:57:15.304+0000] {dag.py:4138} INFO - Setting next_dagrun for conditional_dataset_and_time_based_timetable to 2024-08-28 01:00:00+00:00, run_after=2024-08-28 01:00:00+00:00
[2024-08-30T02:57:15.308+0000] {logging_mixin.py:190} INFO - [2024-08-30T02:57:15.308+0000] {dag.py:4138} INFO - Setting next_dagrun for consume_1_and_2_with_dataset_expressions to None, run_after=None
[2024-08-30T02:57:15.309+0000] {logging_mixin.py:190} INFO - [2024-08-30T02:57:15.309+0000] {dag.py:4138} INFO - Setting next_dagrun for consume_1_or_2_with_dataset_expressions to None, run_after=None
[2024-08-30T02:57:15.310+0000] {logging_mixin.py:190} INFO - [2024-08-30T02:57:15.310+0000] {dag.py:4138} INFO - Setting next_dagrun for consume_1_or_both_2_and_3_with_dataset_expressions to None, run_after=None
[2024-08-30T02:57:15.312+0000] {logging_mixin.py:190} INFO - [2024-08-30T02:57:15.311+0000] {dag.py:4138} INFO - Setting next_dagrun for dataset_consumes_1 to None, run_after=None
[2024-08-30T02:57:15.313+0000] {logging_mixin.py:190} INFO - [2024-08-30T02:57:15.313+0000] {dag.py:4138} INFO - Setting next_dagrun for dataset_consumes_1_and_2 to None, run_after=None
[2024-08-30T02:57:15.314+0000] {logging_mixin.py:190} INFO - [2024-08-30T02:57:15.314+0000] {dag.py:4138} INFO - Setting next_dagrun for dataset_consumes_1_never_scheduled to None, run_after=None
[2024-08-30T02:57:15.316+0000] {logging_mixin.py:190} INFO - [2024-08-30T02:57:15.315+0000] {dag.py:4138} INFO - Setting next_dagrun for dataset_consumes_unknown_never_scheduled to None, run_after=None
[2024-08-30T02:57:15.318+0000] {logging_mixin.py:190} INFO - [2024-08-30T02:57:15.318+0000] {dag.py:4138} INFO - Setting next_dagrun for dataset_produces_1 to 2024-08-29 00:00:00+00:00, run_after=2024-08-30 00:00:00+00:00
[2024-08-30T02:57:15.319+0000] {logging_mixin.py:190} INFO - [2024-08-30T02:57:15.319+0000] {dag.py:4138} INFO - Setting next_dagrun for dataset_produces_2 to None, run_after=None
[2024-08-30T02:57:15.351+0000] {processor.py:208} INFO - Processing /home/airflow/.local/lib/python3.12/site-packages/airflow/example_dags/example_datasets.py took 0.226 seconds
