[2024-08-30T02:44:29.462+0000] {processor.py:186} INFO - Started process (PID=421) to work on /home/airflow/.local/lib/python3.12/site-packages/airflow/example_dags/example_task_group_decorator.py
[2024-08-30T02:44:29.463+0000] {processor.py:914} INFO - Processing file /home/airflow/.local/lib/python3.12/site-packages/airflow/example_dags/example_task_group_decorator.py for tasks to queue
[2024-08-30T02:44:29.465+0000] {logging_mixin.py:190} INFO - [2024-08-30T02:44:29.465+0000] {dagbag.py:587} INFO - Filling up the DagBag from /home/airflow/.local/lib/python3.12/site-packages/airflow/example_dags/example_task_group_decorator.py
[2024-08-30T02:44:29.479+0000] {processor.py:925} INFO - DAG(s) 'example_task_group_decorator' retrieved from /home/airflow/.local/lib/python3.12/site-packages/airflow/example_dags/example_task_group_decorator.py
[2024-08-30T02:44:29.503+0000] {logging_mixin.py:190} INFO - [2024-08-30T02:44:29.503+0000] {dag.py:3211} INFO - Sync 1 DAGs
[2024-08-30T02:44:29.524+0000] {logging_mixin.py:190} INFO - [2024-08-30T02:44:29.524+0000] {dag.py:4138} INFO - Setting next_dagrun for example_task_group_decorator to 2024-08-29 00:00:00+00:00, run_after=2024-08-30 00:00:00+00:00
[2024-08-30T02:44:29.547+0000] {processor.py:208} INFO - Processing /home/airflow/.local/lib/python3.12/site-packages/airflow/example_dags/example_task_group_decorator.py took 0.090 seconds
[2024-08-30T02:44:59.830+0000] {processor.py:186} INFO - Started process (PID=707) to work on /home/airflow/.local/lib/python3.12/site-packages/airflow/example_dags/example_task_group_decorator.py
[2024-08-30T02:44:59.832+0000] {processor.py:914} INFO - Processing file /home/airflow/.local/lib/python3.12/site-packages/airflow/example_dags/example_task_group_decorator.py for tasks to queue
[2024-08-30T02:44:59.835+0000] {logging_mixin.py:190} INFO - [2024-08-30T02:44:59.834+0000] {dagbag.py:587} INFO - Filling up the DagBag from /home/airflow/.local/lib/python3.12/site-packages/airflow/example_dags/example_task_group_decorator.py
[2024-08-30T02:44:59.851+0000] {processor.py:925} INFO - DAG(s) 'example_task_group_decorator' retrieved from /home/airflow/.local/lib/python3.12/site-packages/airflow/example_dags/example_task_group_decorator.py
[2024-08-30T02:44:59.879+0000] {logging_mixin.py:190} INFO - [2024-08-30T02:44:59.878+0000] {dag.py:3211} INFO - Sync 1 DAGs
[2024-08-30T02:44:59.905+0000] {logging_mixin.py:190} INFO - [2024-08-30T02:44:59.905+0000] {dag.py:4138} INFO - Setting next_dagrun for example_task_group_decorator to 2024-08-29 00:00:00+00:00, run_after=2024-08-30 00:00:00+00:00
[2024-08-30T02:44:59.927+0000] {processor.py:208} INFO - Processing /home/airflow/.local/lib/python3.12/site-packages/airflow/example_dags/example_task_group_decorator.py took 0.104 seconds
[2024-08-30T02:45:30.235+0000] {processor.py:186} INFO - Started process (PID=994) to work on /home/airflow/.local/lib/python3.12/site-packages/airflow/example_dags/example_task_group_decorator.py
[2024-08-30T02:45:30.236+0000] {processor.py:914} INFO - Processing file /home/airflow/.local/lib/python3.12/site-packages/airflow/example_dags/example_task_group_decorator.py for tasks to queue
[2024-08-30T02:45:30.238+0000] {logging_mixin.py:190} INFO - [2024-08-30T02:45:30.238+0000] {dagbag.py:587} INFO - Filling up the DagBag from /home/airflow/.local/lib/python3.12/site-packages/airflow/example_dags/example_task_group_decorator.py
[2024-08-30T02:45:30.251+0000] {processor.py:925} INFO - DAG(s) 'example_task_group_decorator' retrieved from /home/airflow/.local/lib/python3.12/site-packages/airflow/example_dags/example_task_group_decorator.py
[2024-08-30T02:45:30.272+0000] {logging_mixin.py:190} INFO - [2024-08-30T02:45:30.272+0000] {dag.py:3211} INFO - Sync 1 DAGs
[2024-08-30T02:45:30.292+0000] {logging_mixin.py:190} INFO - [2024-08-30T02:45:30.292+0000] {dag.py:4138} INFO - Setting next_dagrun for example_task_group_decorator to 2024-08-29 00:00:00+00:00, run_after=2024-08-30 00:00:00+00:00
[2024-08-30T02:45:30.308+0000] {processor.py:208} INFO - Processing /home/airflow/.local/lib/python3.12/site-packages/airflow/example_dags/example_task_group_decorator.py took 0.078 seconds
[2024-08-30T02:46:00.990+0000] {processor.py:186} INFO - Started process (PID=1281) to work on /home/airflow/.local/lib/python3.12/site-packages/airflow/example_dags/example_task_group_decorator.py
[2024-08-30T02:46:00.991+0000] {processor.py:914} INFO - Processing file /home/airflow/.local/lib/python3.12/site-packages/airflow/example_dags/example_task_group_decorator.py for tasks to queue
[2024-08-30T02:46:00.993+0000] {logging_mixin.py:190} INFO - [2024-08-30T02:46:00.993+0000] {dagbag.py:587} INFO - Filling up the DagBag from /home/airflow/.local/lib/python3.12/site-packages/airflow/example_dags/example_task_group_decorator.py
[2024-08-30T02:46:01.006+0000] {processor.py:925} INFO - DAG(s) 'example_task_group_decorator' retrieved from /home/airflow/.local/lib/python3.12/site-packages/airflow/example_dags/example_task_group_decorator.py
[2024-08-30T02:46:01.028+0000] {logging_mixin.py:190} INFO - [2024-08-30T02:46:01.028+0000] {dag.py:3211} INFO - Sync 1 DAGs
[2024-08-30T02:46:01.049+0000] {logging_mixin.py:190} INFO - [2024-08-30T02:46:01.049+0000] {dag.py:4138} INFO - Setting next_dagrun for example_task_group_decorator to 2024-08-29 00:00:00+00:00, run_after=2024-08-30 00:00:00+00:00
[2024-08-30T02:46:01.068+0000] {processor.py:208} INFO - Processing /home/airflow/.local/lib/python3.12/site-packages/airflow/example_dags/example_task_group_decorator.py took 0.083 seconds
[2024-08-30T02:46:31.497+0000] {processor.py:186} INFO - Started process (PID=1567) to work on /home/airflow/.local/lib/python3.12/site-packages/airflow/example_dags/example_task_group_decorator.py
[2024-08-30T02:46:31.498+0000] {processor.py:914} INFO - Processing file /home/airflow/.local/lib/python3.12/site-packages/airflow/example_dags/example_task_group_decorator.py for tasks to queue
[2024-08-30T02:46:31.500+0000] {logging_mixin.py:190} INFO - [2024-08-30T02:46:31.500+0000] {dagbag.py:587} INFO - Filling up the DagBag from /home/airflow/.local/lib/python3.12/site-packages/airflow/example_dags/example_task_group_decorator.py
[2024-08-30T02:46:31.512+0000] {processor.py:925} INFO - DAG(s) 'example_task_group_decorator' retrieved from /home/airflow/.local/lib/python3.12/site-packages/airflow/example_dags/example_task_group_decorator.py
[2024-08-30T02:46:31.533+0000] {logging_mixin.py:190} INFO - [2024-08-30T02:46:31.533+0000] {dag.py:3211} INFO - Sync 1 DAGs
[2024-08-30T02:46:31.553+0000] {logging_mixin.py:190} INFO - [2024-08-30T02:46:31.553+0000] {dag.py:4138} INFO - Setting next_dagrun for example_task_group_decorator to 2024-08-29 00:00:00+00:00, run_after=2024-08-30 00:00:00+00:00
[2024-08-30T02:46:31.570+0000] {processor.py:208} INFO - Processing /home/airflow/.local/lib/python3.12/site-packages/airflow/example_dags/example_task_group_decorator.py took 0.078 seconds
[2024-08-30T02:47:02.172+0000] {processor.py:186} INFO - Started process (PID=1851) to work on /home/airflow/.local/lib/python3.12/site-packages/airflow/example_dags/example_task_group_decorator.py
[2024-08-30T02:47:02.173+0000] {processor.py:914} INFO - Processing file /home/airflow/.local/lib/python3.12/site-packages/airflow/example_dags/example_task_group_decorator.py for tasks to queue
[2024-08-30T02:47:02.175+0000] {logging_mixin.py:190} INFO - [2024-08-30T02:47:02.175+0000] {dagbag.py:587} INFO - Filling up the DagBag from /home/airflow/.local/lib/python3.12/site-packages/airflow/example_dags/example_task_group_decorator.py
[2024-08-30T02:47:02.189+0000] {processor.py:925} INFO - DAG(s) 'example_task_group_decorator' retrieved from /home/airflow/.local/lib/python3.12/site-packages/airflow/example_dags/example_task_group_decorator.py
[2024-08-30T02:47:02.213+0000] {logging_mixin.py:190} INFO - [2024-08-30T02:47:02.213+0000] {dag.py:3211} INFO - Sync 1 DAGs
[2024-08-30T02:47:02.237+0000] {logging_mixin.py:190} INFO - [2024-08-30T02:47:02.237+0000] {dag.py:4138} INFO - Setting next_dagrun for example_task_group_decorator to 2024-08-29 00:00:00+00:00, run_after=2024-08-30 00:00:00+00:00
[2024-08-30T02:47:02.258+0000] {processor.py:208} INFO - Processing /home/airflow/.local/lib/python3.12/site-packages/airflow/example_dags/example_task_group_decorator.py took 0.091 seconds
[2024-08-30T02:47:33.210+0000] {processor.py:186} INFO - Started process (PID=2139) to work on /home/airflow/.local/lib/python3.12/site-packages/airflow/example_dags/example_task_group_decorator.py
[2024-08-30T02:47:33.211+0000] {processor.py:914} INFO - Processing file /home/airflow/.local/lib/python3.12/site-packages/airflow/example_dags/example_task_group_decorator.py for tasks to queue
[2024-08-30T02:47:33.212+0000] {logging_mixin.py:190} INFO - [2024-08-30T02:47:33.212+0000] {dagbag.py:587} INFO - Filling up the DagBag from /home/airflow/.local/lib/python3.12/site-packages/airflow/example_dags/example_task_group_decorator.py
[2024-08-30T02:47:33.225+0000] {processor.py:925} INFO - DAG(s) 'example_task_group_decorator' retrieved from /home/airflow/.local/lib/python3.12/site-packages/airflow/example_dags/example_task_group_decorator.py
[2024-08-30T02:47:33.247+0000] {logging_mixin.py:190} INFO - [2024-08-30T02:47:33.247+0000] {dag.py:3211} INFO - Sync 1 DAGs
[2024-08-30T02:47:33.267+0000] {logging_mixin.py:190} INFO - [2024-08-30T02:47:33.267+0000] {dag.py:4138} INFO - Setting next_dagrun for example_task_group_decorator to 2024-08-29 00:00:00+00:00, run_after=2024-08-30 00:00:00+00:00
[2024-08-30T02:47:33.287+0000] {processor.py:208} INFO - Processing /home/airflow/.local/lib/python3.12/site-packages/airflow/example_dags/example_task_group_decorator.py took 0.082 seconds
[2024-08-30T02:48:04.002+0000] {processor.py:186} INFO - Started process (PID=2423) to work on /home/airflow/.local/lib/python3.12/site-packages/airflow/example_dags/example_task_group_decorator.py
[2024-08-30T02:48:04.003+0000] {processor.py:914} INFO - Processing file /home/airflow/.local/lib/python3.12/site-packages/airflow/example_dags/example_task_group_decorator.py for tasks to queue
[2024-08-30T02:48:04.005+0000] {logging_mixin.py:190} INFO - [2024-08-30T02:48:04.005+0000] {dagbag.py:587} INFO - Filling up the DagBag from /home/airflow/.local/lib/python3.12/site-packages/airflow/example_dags/example_task_group_decorator.py
[2024-08-30T02:48:04.017+0000] {processor.py:925} INFO - DAG(s) 'example_task_group_decorator' retrieved from /home/airflow/.local/lib/python3.12/site-packages/airflow/example_dags/example_task_group_decorator.py
[2024-08-30T02:48:04.039+0000] {logging_mixin.py:190} INFO - [2024-08-30T02:48:04.039+0000] {dag.py:3211} INFO - Sync 1 DAGs
[2024-08-30T02:48:04.058+0000] {logging_mixin.py:190} INFO - [2024-08-30T02:48:04.058+0000] {dag.py:4138} INFO - Setting next_dagrun for example_task_group_decorator to 2024-08-29 00:00:00+00:00, run_after=2024-08-30 00:00:00+00:00
[2024-08-30T02:48:04.077+0000] {processor.py:208} INFO - Processing /home/airflow/.local/lib/python3.12/site-packages/airflow/example_dags/example_task_group_decorator.py took 0.079 seconds
[2024-08-30T02:48:35.057+0000] {processor.py:186} INFO - Started process (PID=2709) to work on /home/airflow/.local/lib/python3.12/site-packages/airflow/example_dags/example_task_group_decorator.py
[2024-08-30T02:48:35.058+0000] {processor.py:914} INFO - Processing file /home/airflow/.local/lib/python3.12/site-packages/airflow/example_dags/example_task_group_decorator.py for tasks to queue
[2024-08-30T02:48:35.060+0000] {logging_mixin.py:190} INFO - [2024-08-30T02:48:35.060+0000] {dagbag.py:587} INFO - Filling up the DagBag from /home/airflow/.local/lib/python3.12/site-packages/airflow/example_dags/example_task_group_decorator.py
[2024-08-30T02:48:35.073+0000] {processor.py:925} INFO - DAG(s) 'example_task_group_decorator' retrieved from /home/airflow/.local/lib/python3.12/site-packages/airflow/example_dags/example_task_group_decorator.py
[2024-08-30T02:48:35.099+0000] {logging_mixin.py:190} INFO - [2024-08-30T02:48:35.098+0000] {dag.py:3211} INFO - Sync 1 DAGs
[2024-08-30T02:48:35.122+0000] {logging_mixin.py:190} INFO - [2024-08-30T02:48:35.122+0000] {dag.py:4138} INFO - Setting next_dagrun for example_task_group_decorator to 2024-08-29 00:00:00+00:00, run_after=2024-08-30 00:00:00+00:00
[2024-08-30T02:48:35.143+0000] {processor.py:208} INFO - Processing /home/airflow/.local/lib/python3.12/site-packages/airflow/example_dags/example_task_group_decorator.py took 0.091 seconds
[2024-08-30T02:49:05.833+0000] {processor.py:186} INFO - Started process (PID=2997) to work on /home/airflow/.local/lib/python3.12/site-packages/airflow/example_dags/example_task_group_decorator.py
[2024-08-30T02:49:05.834+0000] {processor.py:914} INFO - Processing file /home/airflow/.local/lib/python3.12/site-packages/airflow/example_dags/example_task_group_decorator.py for tasks to queue
[2024-08-30T02:49:05.838+0000] {logging_mixin.py:190} INFO - [2024-08-30T02:49:05.838+0000] {dagbag.py:587} INFO - Filling up the DagBag from /home/airflow/.local/lib/python3.12/site-packages/airflow/example_dags/example_task_group_decorator.py
[2024-08-30T02:49:05.857+0000] {processor.py:925} INFO - DAG(s) 'example_task_group_decorator' retrieved from /home/airflow/.local/lib/python3.12/site-packages/airflow/example_dags/example_task_group_decorator.py
[2024-08-30T02:49:05.888+0000] {logging_mixin.py:190} INFO - [2024-08-30T02:49:05.887+0000] {dag.py:3211} INFO - Sync 1 DAGs
[2024-08-30T02:49:05.914+0000] {logging_mixin.py:190} INFO - [2024-08-30T02:49:05.914+0000] {dag.py:4138} INFO - Setting next_dagrun for example_task_group_decorator to 2024-08-29 00:00:00+00:00, run_after=2024-08-30 00:00:00+00:00
[2024-08-30T02:49:05.938+0000] {processor.py:208} INFO - Processing /home/airflow/.local/lib/python3.12/site-packages/airflow/example_dags/example_task_group_decorator.py took 0.112 seconds
[2024-08-30T02:49:36.651+0000] {processor.py:186} INFO - Started process (PID=3283) to work on /home/airflow/.local/lib/python3.12/site-packages/airflow/example_dags/example_task_group_decorator.py
[2024-08-30T02:49:36.652+0000] {processor.py:914} INFO - Processing file /home/airflow/.local/lib/python3.12/site-packages/airflow/example_dags/example_task_group_decorator.py for tasks to queue
[2024-08-30T02:49:36.654+0000] {logging_mixin.py:190} INFO - [2024-08-30T02:49:36.654+0000] {dagbag.py:587} INFO - Filling up the DagBag from /home/airflow/.local/lib/python3.12/site-packages/airflow/example_dags/example_task_group_decorator.py
[2024-08-30T02:49:36.665+0000] {processor.py:925} INFO - DAG(s) 'example_task_group_decorator' retrieved from /home/airflow/.local/lib/python3.12/site-packages/airflow/example_dags/example_task_group_decorator.py
[2024-08-30T02:49:36.686+0000] {logging_mixin.py:190} INFO - [2024-08-30T02:49:36.686+0000] {dag.py:3211} INFO - Sync 1 DAGs
[2024-08-30T02:49:36.705+0000] {logging_mixin.py:190} INFO - [2024-08-30T02:49:36.705+0000] {dag.py:4138} INFO - Setting next_dagrun for example_task_group_decorator to 2024-08-29 00:00:00+00:00, run_after=2024-08-30 00:00:00+00:00
[2024-08-30T02:49:36.723+0000] {processor.py:208} INFO - Processing /home/airflow/.local/lib/python3.12/site-packages/airflow/example_dags/example_task_group_decorator.py took 0.076 seconds
[2024-08-30T02:50:07.351+0000] {processor.py:186} INFO - Started process (PID=3569) to work on /home/airflow/.local/lib/python3.12/site-packages/airflow/example_dags/example_task_group_decorator.py
[2024-08-30T02:50:07.352+0000] {processor.py:914} INFO - Processing file /home/airflow/.local/lib/python3.12/site-packages/airflow/example_dags/example_task_group_decorator.py for tasks to queue
[2024-08-30T02:50:07.354+0000] {logging_mixin.py:190} INFO - [2024-08-30T02:50:07.353+0000] {dagbag.py:587} INFO - Filling up the DagBag from /home/airflow/.local/lib/python3.12/site-packages/airflow/example_dags/example_task_group_decorator.py
[2024-08-30T02:50:07.368+0000] {processor.py:925} INFO - DAG(s) 'example_task_group_decorator' retrieved from /home/airflow/.local/lib/python3.12/site-packages/airflow/example_dags/example_task_group_decorator.py
[2024-08-30T02:50:07.393+0000] {logging_mixin.py:190} INFO - [2024-08-30T02:50:07.393+0000] {dag.py:3211} INFO - Sync 1 DAGs
[2024-08-30T02:50:07.417+0000] {logging_mixin.py:190} INFO - [2024-08-30T02:50:07.416+0000] {dag.py:4138} INFO - Setting next_dagrun for example_task_group_decorator to 2024-08-29 00:00:00+00:00, run_after=2024-08-30 00:00:00+00:00
[2024-08-30T02:50:07.437+0000] {processor.py:208} INFO - Processing /home/airflow/.local/lib/python3.12/site-packages/airflow/example_dags/example_task_group_decorator.py took 0.092 seconds
[2024-08-30T02:50:38.032+0000] {processor.py:186} INFO - Started process (PID=3854) to work on /home/airflow/.local/lib/python3.12/site-packages/airflow/example_dags/example_task_group_decorator.py
[2024-08-30T02:50:38.033+0000] {processor.py:914} INFO - Processing file /home/airflow/.local/lib/python3.12/site-packages/airflow/example_dags/example_task_group_decorator.py for tasks to queue
[2024-08-30T02:50:38.036+0000] {logging_mixin.py:190} INFO - [2024-08-30T02:50:38.036+0000] {dagbag.py:587} INFO - Filling up the DagBag from /home/airflow/.local/lib/python3.12/site-packages/airflow/example_dags/example_task_group_decorator.py
[2024-08-30T02:50:38.050+0000] {processor.py:925} INFO - DAG(s) 'example_task_group_decorator' retrieved from /home/airflow/.local/lib/python3.12/site-packages/airflow/example_dags/example_task_group_decorator.py
[2024-08-30T02:50:38.075+0000] {logging_mixin.py:190} INFO - [2024-08-30T02:50:38.075+0000] {dag.py:3211} INFO - Sync 1 DAGs
[2024-08-30T02:50:38.097+0000] {logging_mixin.py:190} INFO - [2024-08-30T02:50:38.097+0000] {dag.py:4138} INFO - Setting next_dagrun for example_task_group_decorator to 2024-08-29 00:00:00+00:00, run_after=2024-08-30 00:00:00+00:00
[2024-08-30T02:50:38.116+0000] {processor.py:208} INFO - Processing /home/airflow/.local/lib/python3.12/site-packages/airflow/example_dags/example_task_group_decorator.py took 0.089 seconds
[2024-08-30T02:51:08.717+0000] {processor.py:186} INFO - Started process (PID=4139) to work on /home/airflow/.local/lib/python3.12/site-packages/airflow/example_dags/example_task_group_decorator.py
[2024-08-30T02:51:08.718+0000] {processor.py:914} INFO - Processing file /home/airflow/.local/lib/python3.12/site-packages/airflow/example_dags/example_task_group_decorator.py for tasks to queue
[2024-08-30T02:51:08.720+0000] {logging_mixin.py:190} INFO - [2024-08-30T02:51:08.720+0000] {dagbag.py:587} INFO - Filling up the DagBag from /home/airflow/.local/lib/python3.12/site-packages/airflow/example_dags/example_task_group_decorator.py
[2024-08-30T02:51:08.733+0000] {processor.py:925} INFO - DAG(s) 'example_task_group_decorator' retrieved from /home/airflow/.local/lib/python3.12/site-packages/airflow/example_dags/example_task_group_decorator.py
[2024-08-30T02:51:08.756+0000] {logging_mixin.py:190} INFO - [2024-08-30T02:51:08.756+0000] {dag.py:3211} INFO - Sync 1 DAGs
[2024-08-30T02:51:08.777+0000] {logging_mixin.py:190} INFO - [2024-08-30T02:51:08.777+0000] {dag.py:4138} INFO - Setting next_dagrun for example_task_group_decorator to 2024-08-29 00:00:00+00:00, run_after=2024-08-30 00:00:00+00:00
[2024-08-30T02:51:08.797+0000] {processor.py:208} INFO - Processing /home/airflow/.local/lib/python3.12/site-packages/airflow/example_dags/example_task_group_decorator.py took 0.085 seconds
[2024-08-30T02:51:39.218+0000] {processor.py:186} INFO - Started process (PID=4425) to work on /home/airflow/.local/lib/python3.12/site-packages/airflow/example_dags/example_task_group_decorator.py
[2024-08-30T02:51:39.219+0000] {processor.py:914} INFO - Processing file /home/airflow/.local/lib/python3.12/site-packages/airflow/example_dags/example_task_group_decorator.py for tasks to queue
[2024-08-30T02:51:39.221+0000] {logging_mixin.py:190} INFO - [2024-08-30T02:51:39.221+0000] {dagbag.py:587} INFO - Filling up the DagBag from /home/airflow/.local/lib/python3.12/site-packages/airflow/example_dags/example_task_group_decorator.py
[2024-08-30T02:51:39.235+0000] {processor.py:925} INFO - DAG(s) 'example_task_group_decorator' retrieved from /home/airflow/.local/lib/python3.12/site-packages/airflow/example_dags/example_task_group_decorator.py
[2024-08-30T02:51:39.259+0000] {logging_mixin.py:190} INFO - [2024-08-30T02:51:39.258+0000] {dag.py:3211} INFO - Sync 1 DAGs
[2024-08-30T02:51:39.281+0000] {logging_mixin.py:190} INFO - [2024-08-30T02:51:39.280+0000] {dag.py:4138} INFO - Setting next_dagrun for example_task_group_decorator to 2024-08-29 00:00:00+00:00, run_after=2024-08-30 00:00:00+00:00
[2024-08-30T02:51:39.304+0000] {processor.py:208} INFO - Processing /home/airflow/.local/lib/python3.12/site-packages/airflow/example_dags/example_task_group_decorator.py took 0.091 seconds
[2024-08-30T02:52:10.067+0000] {processor.py:186} INFO - Started process (PID=4711) to work on /home/airflow/.local/lib/python3.12/site-packages/airflow/example_dags/example_task_group_decorator.py
[2024-08-30T02:52:10.068+0000] {processor.py:914} INFO - Processing file /home/airflow/.local/lib/python3.12/site-packages/airflow/example_dags/example_task_group_decorator.py for tasks to queue
[2024-08-30T02:52:10.071+0000] {logging_mixin.py:190} INFO - [2024-08-30T02:52:10.070+0000] {dagbag.py:587} INFO - Filling up the DagBag from /home/airflow/.local/lib/python3.12/site-packages/airflow/example_dags/example_task_group_decorator.py
[2024-08-30T02:52:10.083+0000] {processor.py:925} INFO - DAG(s) 'example_task_group_decorator' retrieved from /home/airflow/.local/lib/python3.12/site-packages/airflow/example_dags/example_task_group_decorator.py
[2024-08-30T02:52:10.108+0000] {logging_mixin.py:190} INFO - [2024-08-30T02:52:10.107+0000] {dag.py:3211} INFO - Sync 1 DAGs
[2024-08-30T02:52:10.130+0000] {logging_mixin.py:190} INFO - [2024-08-30T02:52:10.130+0000] {dag.py:4138} INFO - Setting next_dagrun for example_task_group_decorator to 2024-08-29 00:00:00+00:00, run_after=2024-08-30 00:00:00+00:00
[2024-08-30T02:52:10.148+0000] {processor.py:208} INFO - Processing /home/airflow/.local/lib/python3.12/site-packages/airflow/example_dags/example_task_group_decorator.py took 0.085 seconds
[2024-08-30T02:52:40.994+0000] {processor.py:186} INFO - Started process (PID=4999) to work on /home/airflow/.local/lib/python3.12/site-packages/airflow/example_dags/example_task_group_decorator.py
[2024-08-30T02:52:40.995+0000] {processor.py:914} INFO - Processing file /home/airflow/.local/lib/python3.12/site-packages/airflow/example_dags/example_task_group_decorator.py for tasks to queue
[2024-08-30T02:52:40.997+0000] {logging_mixin.py:190} INFO - [2024-08-30T02:52:40.996+0000] {dagbag.py:587} INFO - Filling up the DagBag from /home/airflow/.local/lib/python3.12/site-packages/airflow/example_dags/example_task_group_decorator.py
[2024-08-30T02:52:41.009+0000] {processor.py:925} INFO - DAG(s) 'example_task_group_decorator' retrieved from /home/airflow/.local/lib/python3.12/site-packages/airflow/example_dags/example_task_group_decorator.py
[2024-08-30T02:52:41.032+0000] {logging_mixin.py:190} INFO - [2024-08-30T02:52:41.032+0000] {dag.py:3211} INFO - Sync 1 DAGs
[2024-08-30T02:52:41.053+0000] {logging_mixin.py:190} INFO - [2024-08-30T02:52:41.053+0000] {dag.py:4138} INFO - Setting next_dagrun for example_task_group_decorator to 2024-08-29 00:00:00+00:00, run_after=2024-08-30 00:00:00+00:00
[2024-08-30T02:52:41.071+0000] {processor.py:208} INFO - Processing /home/airflow/.local/lib/python3.12/site-packages/airflow/example_dags/example_task_group_decorator.py took 0.082 seconds
[2024-08-30T02:53:11.799+0000] {processor.py:186} INFO - Started process (PID=5285) to work on /home/airflow/.local/lib/python3.12/site-packages/airflow/example_dags/example_task_group_decorator.py
[2024-08-30T02:53:11.800+0000] {processor.py:914} INFO - Processing file /home/airflow/.local/lib/python3.12/site-packages/airflow/example_dags/example_task_group_decorator.py for tasks to queue
[2024-08-30T02:53:11.803+0000] {logging_mixin.py:190} INFO - [2024-08-30T02:53:11.802+0000] {dagbag.py:587} INFO - Filling up the DagBag from /home/airflow/.local/lib/python3.12/site-packages/airflow/example_dags/example_task_group_decorator.py
[2024-08-30T02:53:11.816+0000] {processor.py:925} INFO - DAG(s) 'example_task_group_decorator' retrieved from /home/airflow/.local/lib/python3.12/site-packages/airflow/example_dags/example_task_group_decorator.py
[2024-08-30T02:53:11.840+0000] {logging_mixin.py:190} INFO - [2024-08-30T02:53:11.840+0000] {dag.py:3211} INFO - Sync 1 DAGs
[2024-08-30T02:53:11.864+0000] {logging_mixin.py:190} INFO - [2024-08-30T02:53:11.864+0000] {dag.py:4138} INFO - Setting next_dagrun for example_task_group_decorator to 2024-08-29 00:00:00+00:00, run_after=2024-08-30 00:00:00+00:00
[2024-08-30T02:53:11.884+0000] {processor.py:208} INFO - Processing /home/airflow/.local/lib/python3.12/site-packages/airflow/example_dags/example_task_group_decorator.py took 0.091 seconds
[2024-08-30T02:53:42.567+0000] {processor.py:186} INFO - Started process (PID=5571) to work on /home/airflow/.local/lib/python3.12/site-packages/airflow/example_dags/example_task_group_decorator.py
[2024-08-30T02:53:42.568+0000] {processor.py:914} INFO - Processing file /home/airflow/.local/lib/python3.12/site-packages/airflow/example_dags/example_task_group_decorator.py for tasks to queue
[2024-08-30T02:53:42.570+0000] {logging_mixin.py:190} INFO - [2024-08-30T02:53:42.570+0000] {dagbag.py:587} INFO - Filling up the DagBag from /home/airflow/.local/lib/python3.12/site-packages/airflow/example_dags/example_task_group_decorator.py
[2024-08-30T02:53:42.585+0000] {processor.py:925} INFO - DAG(s) 'example_task_group_decorator' retrieved from /home/airflow/.local/lib/python3.12/site-packages/airflow/example_dags/example_task_group_decorator.py
[2024-08-30T02:53:42.611+0000] {logging_mixin.py:190} INFO - [2024-08-30T02:53:42.611+0000] {dag.py:3211} INFO - Sync 1 DAGs
[2024-08-30T02:53:42.635+0000] {logging_mixin.py:190} INFO - [2024-08-30T02:53:42.635+0000] {dag.py:4138} INFO - Setting next_dagrun for example_task_group_decorator to 2024-08-29 00:00:00+00:00, run_after=2024-08-30 00:00:00+00:00
[2024-08-30T02:53:42.657+0000] {processor.py:208} INFO - Processing /home/airflow/.local/lib/python3.12/site-packages/airflow/example_dags/example_task_group_decorator.py took 0.096 seconds
[2024-08-30T02:54:13.828+0000] {processor.py:186} INFO - Started process (PID=5855) to work on /home/airflow/.local/lib/python3.12/site-packages/airflow/example_dags/example_task_group_decorator.py
[2024-08-30T02:54:13.829+0000] {processor.py:914} INFO - Processing file /home/airflow/.local/lib/python3.12/site-packages/airflow/example_dags/example_task_group_decorator.py for tasks to queue
[2024-08-30T02:54:13.831+0000] {logging_mixin.py:190} INFO - [2024-08-30T02:54:13.831+0000] {dagbag.py:587} INFO - Filling up the DagBag from /home/airflow/.local/lib/python3.12/site-packages/airflow/example_dags/example_task_group_decorator.py
[2024-08-30T02:54:13.848+0000] {processor.py:925} INFO - DAG(s) 'example_task_group_decorator' retrieved from /home/airflow/.local/lib/python3.12/site-packages/airflow/example_dags/example_task_group_decorator.py
[2024-08-30T02:54:13.875+0000] {logging_mixin.py:190} INFO - [2024-08-30T02:54:13.874+0000] {dag.py:3211} INFO - Sync 1 DAGs
[2024-08-30T02:54:13.900+0000] {logging_mixin.py:190} INFO - [2024-08-30T02:54:13.900+0000] {dag.py:4138} INFO - Setting next_dagrun for example_task_group_decorator to 2024-08-29 00:00:00+00:00, run_after=2024-08-30 00:00:00+00:00
[2024-08-30T02:54:13.922+0000] {processor.py:208} INFO - Processing /home/airflow/.local/lib/python3.12/site-packages/airflow/example_dags/example_task_group_decorator.py took 0.100 seconds
[2024-08-30T02:54:44.831+0000] {processor.py:186} INFO - Started process (PID=6149) to work on /home/airflow/.local/lib/python3.12/site-packages/airflow/example_dags/example_task_group_decorator.py
[2024-08-30T02:54:44.832+0000] {processor.py:914} INFO - Processing file /home/airflow/.local/lib/python3.12/site-packages/airflow/example_dags/example_task_group_decorator.py for tasks to queue
[2024-08-30T02:54:44.834+0000] {logging_mixin.py:190} INFO - [2024-08-30T02:54:44.834+0000] {dagbag.py:587} INFO - Filling up the DagBag from /home/airflow/.local/lib/python3.12/site-packages/airflow/example_dags/example_task_group_decorator.py
[2024-08-30T02:54:44.850+0000] {processor.py:925} INFO - DAG(s) 'example_task_group_decorator' retrieved from /home/airflow/.local/lib/python3.12/site-packages/airflow/example_dags/example_task_group_decorator.py
[2024-08-30T02:54:44.878+0000] {logging_mixin.py:190} INFO - [2024-08-30T02:54:44.877+0000] {dag.py:3211} INFO - Sync 1 DAGs
[2024-08-30T02:54:44.903+0000] {logging_mixin.py:190} INFO - [2024-08-30T02:54:44.903+0000] {dag.py:4138} INFO - Setting next_dagrun for example_task_group_decorator to 2024-08-29 00:00:00+00:00, run_after=2024-08-30 00:00:00+00:00
[2024-08-30T02:54:44.926+0000] {processor.py:208} INFO - Processing /home/airflow/.local/lib/python3.12/site-packages/airflow/example_dags/example_task_group_decorator.py took 0.100 seconds
[2024-08-30T02:55:15.676+0000] {processor.py:186} INFO - Started process (PID=6433) to work on /home/airflow/.local/lib/python3.12/site-packages/airflow/example_dags/example_task_group_decorator.py
[2024-08-30T02:55:15.677+0000] {processor.py:914} INFO - Processing file /home/airflow/.local/lib/python3.12/site-packages/airflow/example_dags/example_task_group_decorator.py for tasks to queue
[2024-08-30T02:55:15.679+0000] {logging_mixin.py:190} INFO - [2024-08-30T02:55:15.679+0000] {dagbag.py:587} INFO - Filling up the DagBag from /home/airflow/.local/lib/python3.12/site-packages/airflow/example_dags/example_task_group_decorator.py
[2024-08-30T02:55:15.694+0000] {processor.py:925} INFO - DAG(s) 'example_task_group_decorator' retrieved from /home/airflow/.local/lib/python3.12/site-packages/airflow/example_dags/example_task_group_decorator.py
[2024-08-30T02:55:15.720+0000] {logging_mixin.py:190} INFO - [2024-08-30T02:55:15.720+0000] {dag.py:3211} INFO - Sync 1 DAGs
[2024-08-30T02:55:15.743+0000] {logging_mixin.py:190} INFO - [2024-08-30T02:55:15.743+0000] {dag.py:4138} INFO - Setting next_dagrun for example_task_group_decorator to 2024-08-29 00:00:00+00:00, run_after=2024-08-30 00:00:00+00:00
[2024-08-30T02:55:15.762+0000] {processor.py:208} INFO - Processing /home/airflow/.local/lib/python3.12/site-packages/airflow/example_dags/example_task_group_decorator.py took 0.092 seconds
[2024-08-30T02:55:46.025+0000] {processor.py:186} INFO - Started process (PID=6721) to work on /home/airflow/.local/lib/python3.12/site-packages/airflow/example_dags/example_task_group_decorator.py
[2024-08-30T02:55:46.027+0000] {processor.py:914} INFO - Processing file /home/airflow/.local/lib/python3.12/site-packages/airflow/example_dags/example_task_group_decorator.py for tasks to queue
[2024-08-30T02:55:46.029+0000] {logging_mixin.py:190} INFO - [2024-08-30T02:55:46.029+0000] {dagbag.py:587} INFO - Filling up the DagBag from /home/airflow/.local/lib/python3.12/site-packages/airflow/example_dags/example_task_group_decorator.py
[2024-08-30T02:55:46.043+0000] {processor.py:925} INFO - DAG(s) 'example_task_group_decorator' retrieved from /home/airflow/.local/lib/python3.12/site-packages/airflow/example_dags/example_task_group_decorator.py
[2024-08-30T02:55:46.071+0000] {logging_mixin.py:190} INFO - [2024-08-30T02:55:46.071+0000] {dag.py:3211} INFO - Sync 1 DAGs
[2024-08-30T02:55:46.104+0000] {logging_mixin.py:190} INFO - [2024-08-30T02:55:46.103+0000] {dag.py:4138} INFO - Setting next_dagrun for example_task_group_decorator to 2024-08-29 00:00:00+00:00, run_after=2024-08-30 00:00:00+00:00
[2024-08-30T02:55:46.143+0000] {processor.py:208} INFO - Processing /home/airflow/.local/lib/python3.12/site-packages/airflow/example_dags/example_task_group_decorator.py took 0.123 seconds
[2024-08-30T02:56:16.349+0000] {processor.py:186} INFO - Started process (PID=7007) to work on /home/airflow/.local/lib/python3.12/site-packages/airflow/example_dags/example_task_group_decorator.py
[2024-08-30T02:56:16.350+0000] {processor.py:914} INFO - Processing file /home/airflow/.local/lib/python3.12/site-packages/airflow/example_dags/example_task_group_decorator.py for tasks to queue
[2024-08-30T02:56:16.352+0000] {logging_mixin.py:190} INFO - [2024-08-30T02:56:16.352+0000] {dagbag.py:587} INFO - Filling up the DagBag from /home/airflow/.local/lib/python3.12/site-packages/airflow/example_dags/example_task_group_decorator.py
[2024-08-30T02:56:16.366+0000] {processor.py:925} INFO - DAG(s) 'example_task_group_decorator' retrieved from /home/airflow/.local/lib/python3.12/site-packages/airflow/example_dags/example_task_group_decorator.py
[2024-08-30T02:56:16.391+0000] {logging_mixin.py:190} INFO - [2024-08-30T02:56:16.391+0000] {dag.py:3211} INFO - Sync 1 DAGs
[2024-08-30T02:56:16.414+0000] {logging_mixin.py:190} INFO - [2024-08-30T02:56:16.413+0000] {dag.py:4138} INFO - Setting next_dagrun for example_task_group_decorator to 2024-08-29 00:00:00+00:00, run_after=2024-08-30 00:00:00+00:00
[2024-08-30T02:56:16.435+0000] {processor.py:208} INFO - Processing /home/airflow/.local/lib/python3.12/site-packages/airflow/example_dags/example_task_group_decorator.py took 0.091 seconds
[2024-08-30T02:56:46.829+0000] {processor.py:186} INFO - Started process (PID=7293) to work on /home/airflow/.local/lib/python3.12/site-packages/airflow/example_dags/example_task_group_decorator.py
[2024-08-30T02:56:46.830+0000] {processor.py:914} INFO - Processing file /home/airflow/.local/lib/python3.12/site-packages/airflow/example_dags/example_task_group_decorator.py for tasks to queue
[2024-08-30T02:56:46.833+0000] {logging_mixin.py:190} INFO - [2024-08-30T02:56:46.833+0000] {dagbag.py:587} INFO - Filling up the DagBag from /home/airflow/.local/lib/python3.12/site-packages/airflow/example_dags/example_task_group_decorator.py
[2024-08-30T02:56:46.849+0000] {processor.py:925} INFO - DAG(s) 'example_task_group_decorator' retrieved from /home/airflow/.local/lib/python3.12/site-packages/airflow/example_dags/example_task_group_decorator.py
[2024-08-30T02:56:46.875+0000] {logging_mixin.py:190} INFO - [2024-08-30T02:56:46.875+0000] {dag.py:3211} INFO - Sync 1 DAGs
[2024-08-30T02:56:46.898+0000] {logging_mixin.py:190} INFO - [2024-08-30T02:56:46.898+0000] {dag.py:4138} INFO - Setting next_dagrun for example_task_group_decorator to 2024-08-29 00:00:00+00:00, run_after=2024-08-30 00:00:00+00:00
[2024-08-30T02:56:46.920+0000] {processor.py:208} INFO - Processing /home/airflow/.local/lib/python3.12/site-packages/airflow/example_dags/example_task_group_decorator.py took 0.097 seconds
[2024-08-30T02:57:16.973+0000] {processor.py:186} INFO - Started process (PID=7577) to work on /home/airflow/.local/lib/python3.12/site-packages/airflow/example_dags/example_task_group_decorator.py
[2024-08-30T02:57:16.974+0000] {processor.py:914} INFO - Processing file /home/airflow/.local/lib/python3.12/site-packages/airflow/example_dags/example_task_group_decorator.py for tasks to queue
[2024-08-30T02:57:16.977+0000] {logging_mixin.py:190} INFO - [2024-08-30T02:57:16.976+0000] {dagbag.py:587} INFO - Filling up the DagBag from /home/airflow/.local/lib/python3.12/site-packages/airflow/example_dags/example_task_group_decorator.py
[2024-08-30T02:57:16.990+0000] {processor.py:925} INFO - DAG(s) 'example_task_group_decorator' retrieved from /home/airflow/.local/lib/python3.12/site-packages/airflow/example_dags/example_task_group_decorator.py
[2024-08-30T02:57:17.014+0000] {logging_mixin.py:190} INFO - [2024-08-30T02:57:17.014+0000] {dag.py:3211} INFO - Sync 1 DAGs
[2024-08-30T02:57:17.038+0000] {logging_mixin.py:190} INFO - [2024-08-30T02:57:17.038+0000] {dag.py:4138} INFO - Setting next_dagrun for example_task_group_decorator to 2024-08-29 00:00:00+00:00, run_after=2024-08-30 00:00:00+00:00
[2024-08-30T02:57:17.059+0000] {processor.py:208} INFO - Processing /home/airflow/.local/lib/python3.12/site-packages/airflow/example_dags/example_task_group_decorator.py took 0.091 seconds
