[2024-08-30T02:44:29.624+0000] {processor.py:186} INFO - Started process (PID=436) to work on /home/airflow/.local/lib/python3.12/site-packages/airflow/example_dags/tutorial_dag.py
[2024-08-30T02:44:29.625+0000] {processor.py:914} INFO - Processing file /home/airflow/.local/lib/python3.12/site-packages/airflow/example_dags/tutorial_dag.py for tasks to queue
[2024-08-30T02:44:29.628+0000] {logging_mixin.py:190} INFO - [2024-08-30T02:44:29.628+0000] {dagbag.py:587} INFO - Filling up the DagBag from /home/airflow/.local/lib/python3.12/site-packages/airflow/example_dags/tutorial_dag.py
[2024-08-30T02:44:29.635+0000] {processor.py:925} INFO - DAG(s) 'tutorial_dag' retrieved from /home/airflow/.local/lib/python3.12/site-packages/airflow/example_dags/tutorial_dag.py
[2024-08-30T02:44:29.655+0000] {logging_mixin.py:190} INFO - [2024-08-30T02:44:29.655+0000] {dag.py:3211} INFO - Sync 1 DAGs
[2024-08-30T02:44:29.668+0000] {logging_mixin.py:190} INFO - [2024-08-30T02:44:29.668+0000] {dag.py:4138} INFO - Setting next_dagrun for tutorial_dag to None, run_after=None
[2024-08-30T02:44:29.690+0000] {processor.py:208} INFO - Processing /home/airflow/.local/lib/python3.12/site-packages/airflow/example_dags/tutorial_dag.py took 0.070 seconds
[2024-08-30T02:45:00.003+0000] {processor.py:186} INFO - Started process (PID=722) to work on /home/airflow/.local/lib/python3.12/site-packages/airflow/example_dags/tutorial_dag.py
[2024-08-30T02:45:00.005+0000] {processor.py:914} INFO - Processing file /home/airflow/.local/lib/python3.12/site-packages/airflow/example_dags/tutorial_dag.py for tasks to queue
[2024-08-30T02:45:00.008+0000] {logging_mixin.py:190} INFO - [2024-08-30T02:45:00.007+0000] {dagbag.py:587} INFO - Filling up the DagBag from /home/airflow/.local/lib/python3.12/site-packages/airflow/example_dags/tutorial_dag.py
[2024-08-30T02:45:00.016+0000] {processor.py:925} INFO - DAG(s) 'tutorial_dag' retrieved from /home/airflow/.local/lib/python3.12/site-packages/airflow/example_dags/tutorial_dag.py
[2024-08-30T02:45:00.038+0000] {logging_mixin.py:190} INFO - [2024-08-30T02:45:00.038+0000] {dag.py:3211} INFO - Sync 1 DAGs
[2024-08-30T02:45:00.052+0000] {logging_mixin.py:190} INFO - [2024-08-30T02:45:00.052+0000] {dag.py:4138} INFO - Setting next_dagrun for tutorial_dag to None, run_after=None
[2024-08-30T02:45:00.074+0000] {processor.py:208} INFO - Processing /home/airflow/.local/lib/python3.12/site-packages/airflow/example_dags/tutorial_dag.py took 0.077 seconds
[2024-08-30T02:45:30.358+0000] {processor.py:186} INFO - Started process (PID=1008) to work on /home/airflow/.local/lib/python3.12/site-packages/airflow/example_dags/tutorial_dag.py
[2024-08-30T02:45:30.359+0000] {processor.py:914} INFO - Processing file /home/airflow/.local/lib/python3.12/site-packages/airflow/example_dags/tutorial_dag.py for tasks to queue
[2024-08-30T02:45:30.361+0000] {logging_mixin.py:190} INFO - [2024-08-30T02:45:30.361+0000] {dagbag.py:587} INFO - Filling up the DagBag from /home/airflow/.local/lib/python3.12/site-packages/airflow/example_dags/tutorial_dag.py
[2024-08-30T02:45:30.367+0000] {processor.py:925} INFO - DAG(s) 'tutorial_dag' retrieved from /home/airflow/.local/lib/python3.12/site-packages/airflow/example_dags/tutorial_dag.py
[2024-08-30T02:45:30.384+0000] {logging_mixin.py:190} INFO - [2024-08-30T02:45:30.383+0000] {dag.py:3211} INFO - Sync 1 DAGs
[2024-08-30T02:45:30.396+0000] {logging_mixin.py:190} INFO - [2024-08-30T02:45:30.396+0000] {dag.py:4138} INFO - Setting next_dagrun for tutorial_dag to None, run_after=None
[2024-08-30T02:45:30.418+0000] {processor.py:208} INFO - Processing /home/airflow/.local/lib/python3.12/site-packages/airflow/example_dags/tutorial_dag.py took 0.064 seconds
[2024-08-30T02:46:01.238+0000] {processor.py:186} INFO - Started process (PID=1296) to work on /home/airflow/.local/lib/python3.12/site-packages/airflow/example_dags/tutorial_dag.py
[2024-08-30T02:46:01.239+0000] {processor.py:914} INFO - Processing file /home/airflow/.local/lib/python3.12/site-packages/airflow/example_dags/tutorial_dag.py for tasks to queue
[2024-08-30T02:46:01.241+0000] {logging_mixin.py:190} INFO - [2024-08-30T02:46:01.240+0000] {dagbag.py:587} INFO - Filling up the DagBag from /home/airflow/.local/lib/python3.12/site-packages/airflow/example_dags/tutorial_dag.py
[2024-08-30T02:46:01.247+0000] {processor.py:925} INFO - DAG(s) 'tutorial_dag' retrieved from /home/airflow/.local/lib/python3.12/site-packages/airflow/example_dags/tutorial_dag.py
[2024-08-30T02:46:01.263+0000] {logging_mixin.py:190} INFO - [2024-08-30T02:46:01.263+0000] {dag.py:3211} INFO - Sync 1 DAGs
[2024-08-30T02:46:01.276+0000] {logging_mixin.py:190} INFO - [2024-08-30T02:46:01.276+0000] {dag.py:4138} INFO - Setting next_dagrun for tutorial_dag to None, run_after=None
[2024-08-30T02:46:01.295+0000] {processor.py:208} INFO - Processing /home/airflow/.local/lib/python3.12/site-packages/airflow/example_dags/tutorial_dag.py took 0.062 seconds
[2024-08-30T02:46:31.711+0000] {processor.py:186} INFO - Started process (PID=1580) to work on /home/airflow/.local/lib/python3.12/site-packages/airflow/example_dags/tutorial_dag.py
[2024-08-30T02:46:31.712+0000] {processor.py:914} INFO - Processing file /home/airflow/.local/lib/python3.12/site-packages/airflow/example_dags/tutorial_dag.py for tasks to queue
[2024-08-30T02:46:31.714+0000] {logging_mixin.py:190} INFO - [2024-08-30T02:46:31.714+0000] {dagbag.py:587} INFO - Filling up the DagBag from /home/airflow/.local/lib/python3.12/site-packages/airflow/example_dags/tutorial_dag.py
[2024-08-30T02:46:31.720+0000] {processor.py:925} INFO - DAG(s) 'tutorial_dag' retrieved from /home/airflow/.local/lib/python3.12/site-packages/airflow/example_dags/tutorial_dag.py
[2024-08-30T02:46:31.735+0000] {logging_mixin.py:190} INFO - [2024-08-30T02:46:31.735+0000] {dag.py:3211} INFO - Sync 1 DAGs
[2024-08-30T02:46:31.747+0000] {logging_mixin.py:190} INFO - [2024-08-30T02:46:31.747+0000] {dag.py:4138} INFO - Setting next_dagrun for tutorial_dag to None, run_after=None
[2024-08-30T02:46:31.764+0000] {processor.py:208} INFO - Processing /home/airflow/.local/lib/python3.12/site-packages/airflow/example_dags/tutorial_dag.py took 0.057 seconds
[2024-08-30T02:47:02.328+0000] {processor.py:186} INFO - Started process (PID=1866) to work on /home/airflow/.local/lib/python3.12/site-packages/airflow/example_dags/tutorial_dag.py
[2024-08-30T02:47:02.330+0000] {processor.py:914} INFO - Processing file /home/airflow/.local/lib/python3.12/site-packages/airflow/example_dags/tutorial_dag.py for tasks to queue
[2024-08-30T02:47:02.333+0000] {logging_mixin.py:190} INFO - [2024-08-30T02:47:02.332+0000] {dagbag.py:587} INFO - Filling up the DagBag from /home/airflow/.local/lib/python3.12/site-packages/airflow/example_dags/tutorial_dag.py
[2024-08-30T02:47:02.342+0000] {processor.py:925} INFO - DAG(s) 'tutorial_dag' retrieved from /home/airflow/.local/lib/python3.12/site-packages/airflow/example_dags/tutorial_dag.py
[2024-08-30T02:47:02.380+0000] {logging_mixin.py:190} INFO - [2024-08-30T02:47:02.379+0000] {dag.py:3211} INFO - Sync 1 DAGs
[2024-08-30T02:47:02.405+0000] {logging_mixin.py:190} INFO - [2024-08-30T02:47:02.405+0000] {dag.py:4138} INFO - Setting next_dagrun for tutorial_dag to None, run_after=None
[2024-08-30T02:47:02.430+0000] {processor.py:208} INFO - Processing /home/airflow/.local/lib/python3.12/site-packages/airflow/example_dags/tutorial_dag.py took 0.109 seconds
[2024-08-30T02:47:33.454+0000] {processor.py:186} INFO - Started process (PID=2152) to work on /home/airflow/.local/lib/python3.12/site-packages/airflow/example_dags/tutorial_dag.py
[2024-08-30T02:47:33.455+0000] {processor.py:914} INFO - Processing file /home/airflow/.local/lib/python3.12/site-packages/airflow/example_dags/tutorial_dag.py for tasks to queue
[2024-08-30T02:47:33.458+0000] {logging_mixin.py:190} INFO - [2024-08-30T02:47:33.457+0000] {dagbag.py:587} INFO - Filling up the DagBag from /home/airflow/.local/lib/python3.12/site-packages/airflow/example_dags/tutorial_dag.py
[2024-08-30T02:47:33.463+0000] {processor.py:925} INFO - DAG(s) 'tutorial_dag' retrieved from /home/airflow/.local/lib/python3.12/site-packages/airflow/example_dags/tutorial_dag.py
[2024-08-30T02:47:33.484+0000] {logging_mixin.py:190} INFO - [2024-08-30T02:47:33.483+0000] {dag.py:3211} INFO - Sync 1 DAGs
[2024-08-30T02:47:33.497+0000] {logging_mixin.py:190} INFO - [2024-08-30T02:47:33.497+0000] {dag.py:4138} INFO - Setting next_dagrun for tutorial_dag to None, run_after=None
[2024-08-30T02:47:33.521+0000] {processor.py:208} INFO - Processing /home/airflow/.local/lib/python3.12/site-packages/airflow/example_dags/tutorial_dag.py took 0.073 seconds
[2024-08-30T02:48:04.132+0000] {processor.py:186} INFO - Started process (PID=2438) to work on /home/airflow/.local/lib/python3.12/site-packages/airflow/example_dags/tutorial_dag.py
[2024-08-30T02:48:04.133+0000] {processor.py:914} INFO - Processing file /home/airflow/.local/lib/python3.12/site-packages/airflow/example_dags/tutorial_dag.py for tasks to queue
[2024-08-30T02:48:04.135+0000] {logging_mixin.py:190} INFO - [2024-08-30T02:48:04.135+0000] {dagbag.py:587} INFO - Filling up the DagBag from /home/airflow/.local/lib/python3.12/site-packages/airflow/example_dags/tutorial_dag.py
[2024-08-30T02:48:04.141+0000] {processor.py:925} INFO - DAG(s) 'tutorial_dag' retrieved from /home/airflow/.local/lib/python3.12/site-packages/airflow/example_dags/tutorial_dag.py
[2024-08-30T02:48:04.159+0000] {logging_mixin.py:190} INFO - [2024-08-30T02:48:04.158+0000] {dag.py:3211} INFO - Sync 1 DAGs
[2024-08-30T02:48:04.172+0000] {logging_mixin.py:190} INFO - [2024-08-30T02:48:04.172+0000] {dag.py:4138} INFO - Setting next_dagrun for tutorial_dag to None, run_after=None
[2024-08-30T02:48:04.191+0000] {processor.py:208} INFO - Processing /home/airflow/.local/lib/python3.12/site-packages/airflow/example_dags/tutorial_dag.py took 0.063 seconds
[2024-08-30T02:48:35.224+0000] {processor.py:186} INFO - Started process (PID=2724) to work on /home/airflow/.local/lib/python3.12/site-packages/airflow/example_dags/tutorial_dag.py
[2024-08-30T02:48:35.225+0000] {processor.py:914} INFO - Processing file /home/airflow/.local/lib/python3.12/site-packages/airflow/example_dags/tutorial_dag.py for tasks to queue
[2024-08-30T02:48:35.227+0000] {logging_mixin.py:190} INFO - [2024-08-30T02:48:35.227+0000] {dagbag.py:587} INFO - Filling up the DagBag from /home/airflow/.local/lib/python3.12/site-packages/airflow/example_dags/tutorial_dag.py
[2024-08-30T02:48:35.234+0000] {processor.py:925} INFO - DAG(s) 'tutorial_dag' retrieved from /home/airflow/.local/lib/python3.12/site-packages/airflow/example_dags/tutorial_dag.py
[2024-08-30T02:48:35.253+0000] {logging_mixin.py:190} INFO - [2024-08-30T02:48:35.253+0000] {dag.py:3211} INFO - Sync 1 DAGs
[2024-08-30T02:48:35.266+0000] {logging_mixin.py:190} INFO - [2024-08-30T02:48:35.266+0000] {dag.py:4138} INFO - Setting next_dagrun for tutorial_dag to None, run_after=None
[2024-08-30T02:48:35.286+0000] {processor.py:208} INFO - Processing /home/airflow/.local/lib/python3.12/site-packages/airflow/example_dags/tutorial_dag.py took 0.067 seconds
[2024-08-30T02:49:06.104+0000] {processor.py:186} INFO - Started process (PID=3010) to work on /home/airflow/.local/lib/python3.12/site-packages/airflow/example_dags/tutorial_dag.py
[2024-08-30T02:49:06.105+0000] {processor.py:914} INFO - Processing file /home/airflow/.local/lib/python3.12/site-packages/airflow/example_dags/tutorial_dag.py for tasks to queue
[2024-08-30T02:49:06.107+0000] {logging_mixin.py:190} INFO - [2024-08-30T02:49:06.107+0000] {dagbag.py:587} INFO - Filling up the DagBag from /home/airflow/.local/lib/python3.12/site-packages/airflow/example_dags/tutorial_dag.py
[2024-08-30T02:49:06.114+0000] {processor.py:925} INFO - DAG(s) 'tutorial_dag' retrieved from /home/airflow/.local/lib/python3.12/site-packages/airflow/example_dags/tutorial_dag.py
[2024-08-30T02:49:06.137+0000] {logging_mixin.py:190} INFO - [2024-08-30T02:49:06.137+0000] {dag.py:3211} INFO - Sync 1 DAGs
[2024-08-30T02:49:06.153+0000] {logging_mixin.py:190} INFO - [2024-08-30T02:49:06.153+0000] {dag.py:4138} INFO - Setting next_dagrun for tutorial_dag to None, run_after=None
[2024-08-30T02:49:06.175+0000] {processor.py:208} INFO - Processing /home/airflow/.local/lib/python3.12/site-packages/airflow/example_dags/tutorial_dag.py took 0.078 seconds
[2024-08-30T02:49:36.871+0000] {processor.py:186} INFO - Started process (PID=3296) to work on /home/airflow/.local/lib/python3.12/site-packages/airflow/example_dags/tutorial_dag.py
[2024-08-30T02:49:36.872+0000] {processor.py:914} INFO - Processing file /home/airflow/.local/lib/python3.12/site-packages/airflow/example_dags/tutorial_dag.py for tasks to queue
[2024-08-30T02:49:36.874+0000] {logging_mixin.py:190} INFO - [2024-08-30T02:49:36.874+0000] {dagbag.py:587} INFO - Filling up the DagBag from /home/airflow/.local/lib/python3.12/site-packages/airflow/example_dags/tutorial_dag.py
[2024-08-30T02:49:36.881+0000] {processor.py:925} INFO - DAG(s) 'tutorial_dag' retrieved from /home/airflow/.local/lib/python3.12/site-packages/airflow/example_dags/tutorial_dag.py
[2024-08-30T02:49:36.902+0000] {logging_mixin.py:190} INFO - [2024-08-30T02:49:36.902+0000] {dag.py:3211} INFO - Sync 1 DAGs
[2024-08-30T02:49:36.917+0000] {logging_mixin.py:190} INFO - [2024-08-30T02:49:36.917+0000] {dag.py:4138} INFO - Setting next_dagrun for tutorial_dag to None, run_after=None
[2024-08-30T02:49:36.937+0000] {processor.py:208} INFO - Processing /home/airflow/.local/lib/python3.12/site-packages/airflow/example_dags/tutorial_dag.py took 0.071 seconds
[2024-08-30T02:50:07.481+0000] {processor.py:186} INFO - Started process (PID=3582) to work on /home/airflow/.local/lib/python3.12/site-packages/airflow/example_dags/tutorial_dag.py
[2024-08-30T02:50:07.482+0000] {processor.py:914} INFO - Processing file /home/airflow/.local/lib/python3.12/site-packages/airflow/example_dags/tutorial_dag.py for tasks to queue
[2024-08-30T02:50:07.484+0000] {logging_mixin.py:190} INFO - [2024-08-30T02:50:07.484+0000] {dagbag.py:587} INFO - Filling up the DagBag from /home/airflow/.local/lib/python3.12/site-packages/airflow/example_dags/tutorial_dag.py
[2024-08-30T02:50:07.490+0000] {processor.py:925} INFO - DAG(s) 'tutorial_dag' retrieved from /home/airflow/.local/lib/python3.12/site-packages/airflow/example_dags/tutorial_dag.py
[2024-08-30T02:50:07.509+0000] {logging_mixin.py:190} INFO - [2024-08-30T02:50:07.508+0000] {dag.py:3211} INFO - Sync 1 DAGs
[2024-08-30T02:50:07.522+0000] {logging_mixin.py:190} INFO - [2024-08-30T02:50:07.522+0000] {dag.py:4138} INFO - Setting next_dagrun for tutorial_dag to None, run_after=None
[2024-08-30T02:50:07.541+0000] {processor.py:208} INFO - Processing /home/airflow/.local/lib/python3.12/site-packages/airflow/example_dags/tutorial_dag.py took 0.065 seconds
[2024-08-30T02:50:38.169+0000] {processor.py:186} INFO - Started process (PID=3868) to work on /home/airflow/.local/lib/python3.12/site-packages/airflow/example_dags/tutorial_dag.py
[2024-08-30T02:50:38.170+0000] {processor.py:914} INFO - Processing file /home/airflow/.local/lib/python3.12/site-packages/airflow/example_dags/tutorial_dag.py for tasks to queue
[2024-08-30T02:50:38.172+0000] {logging_mixin.py:190} INFO - [2024-08-30T02:50:38.172+0000] {dagbag.py:587} INFO - Filling up the DagBag from /home/airflow/.local/lib/python3.12/site-packages/airflow/example_dags/tutorial_dag.py
[2024-08-30T02:50:38.178+0000] {processor.py:925} INFO - DAG(s) 'tutorial_dag' retrieved from /home/airflow/.local/lib/python3.12/site-packages/airflow/example_dags/tutorial_dag.py
[2024-08-30T02:50:38.197+0000] {logging_mixin.py:190} INFO - [2024-08-30T02:50:38.197+0000] {dag.py:3211} INFO - Sync 1 DAGs
[2024-08-30T02:50:38.211+0000] {logging_mixin.py:190} INFO - [2024-08-30T02:50:38.211+0000] {dag.py:4138} INFO - Setting next_dagrun for tutorial_dag to None, run_after=None
[2024-08-30T02:50:38.231+0000] {processor.py:208} INFO - Processing /home/airflow/.local/lib/python3.12/site-packages/airflow/example_dags/tutorial_dag.py took 0.068 seconds
[2024-08-30T02:51:08.909+0000] {processor.py:186} INFO - Started process (PID=4154) to work on /home/airflow/.local/lib/python3.12/site-packages/airflow/example_dags/tutorial_dag.py
[2024-08-30T02:51:08.910+0000] {processor.py:914} INFO - Processing file /home/airflow/.local/lib/python3.12/site-packages/airflow/example_dags/tutorial_dag.py for tasks to queue
[2024-08-30T02:51:08.912+0000] {logging_mixin.py:190} INFO - [2024-08-30T02:51:08.912+0000] {dagbag.py:587} INFO - Filling up the DagBag from /home/airflow/.local/lib/python3.12/site-packages/airflow/example_dags/tutorial_dag.py
[2024-08-30T02:51:08.919+0000] {processor.py:925} INFO - DAG(s) 'tutorial_dag' retrieved from /home/airflow/.local/lib/python3.12/site-packages/airflow/example_dags/tutorial_dag.py
[2024-08-30T02:51:08.938+0000] {logging_mixin.py:190} INFO - [2024-08-30T02:51:08.938+0000] {dag.py:3211} INFO - Sync 1 DAGs
[2024-08-30T02:51:08.952+0000] {logging_mixin.py:190} INFO - [2024-08-30T02:51:08.952+0000] {dag.py:4138} INFO - Setting next_dagrun for tutorial_dag to None, run_after=None
[2024-08-30T02:51:08.972+0000] {processor.py:208} INFO - Processing /home/airflow/.local/lib/python3.12/site-packages/airflow/example_dags/tutorial_dag.py took 0.067 seconds
[2024-08-30T02:51:39.427+0000] {processor.py:186} INFO - Started process (PID=4440) to work on /home/airflow/.local/lib/python3.12/site-packages/airflow/example_dags/tutorial_dag.py
[2024-08-30T02:51:39.428+0000] {processor.py:914} INFO - Processing file /home/airflow/.local/lib/python3.12/site-packages/airflow/example_dags/tutorial_dag.py for tasks to queue
[2024-08-30T02:51:39.430+0000] {logging_mixin.py:190} INFO - [2024-08-30T02:51:39.430+0000] {dagbag.py:587} INFO - Filling up the DagBag from /home/airflow/.local/lib/python3.12/site-packages/airflow/example_dags/tutorial_dag.py
[2024-08-30T02:51:39.437+0000] {processor.py:925} INFO - DAG(s) 'tutorial_dag' retrieved from /home/airflow/.local/lib/python3.12/site-packages/airflow/example_dags/tutorial_dag.py
[2024-08-30T02:51:39.456+0000] {logging_mixin.py:190} INFO - [2024-08-30T02:51:39.455+0000] {dag.py:3211} INFO - Sync 1 DAGs
[2024-08-30T02:51:39.469+0000] {logging_mixin.py:190} INFO - [2024-08-30T02:51:39.469+0000] {dag.py:4138} INFO - Setting next_dagrun for tutorial_dag to None, run_after=None
[2024-08-30T02:51:39.488+0000] {processor.py:208} INFO - Processing /home/airflow/.local/lib/python3.12/site-packages/airflow/example_dags/tutorial_dag.py took 0.066 seconds
[2024-08-30T02:52:10.224+0000] {processor.py:186} INFO - Started process (PID=4726) to work on /home/airflow/.local/lib/python3.12/site-packages/airflow/example_dags/tutorial_dag.py
[2024-08-30T02:52:10.225+0000] {processor.py:914} INFO - Processing file /home/airflow/.local/lib/python3.12/site-packages/airflow/example_dags/tutorial_dag.py for tasks to queue
[2024-08-30T02:52:10.227+0000] {logging_mixin.py:190} INFO - [2024-08-30T02:52:10.227+0000] {dagbag.py:587} INFO - Filling up the DagBag from /home/airflow/.local/lib/python3.12/site-packages/airflow/example_dags/tutorial_dag.py
[2024-08-30T02:52:10.234+0000] {processor.py:925} INFO - DAG(s) 'tutorial_dag' retrieved from /home/airflow/.local/lib/python3.12/site-packages/airflow/example_dags/tutorial_dag.py
[2024-08-30T02:52:10.252+0000] {logging_mixin.py:190} INFO - [2024-08-30T02:52:10.252+0000] {dag.py:3211} INFO - Sync 1 DAGs
[2024-08-30T02:52:10.265+0000] {logging_mixin.py:190} INFO - [2024-08-30T02:52:10.265+0000] {dag.py:4138} INFO - Setting next_dagrun for tutorial_dag to None, run_after=None
[2024-08-30T02:52:10.290+0000] {processor.py:208} INFO - Processing /home/airflow/.local/lib/python3.12/site-packages/airflow/example_dags/tutorial_dag.py took 0.071 seconds
[2024-08-30T02:52:41.225+0000] {processor.py:186} INFO - Started process (PID=5012) to work on /home/airflow/.local/lib/python3.12/site-packages/airflow/example_dags/tutorial_dag.py
[2024-08-30T02:52:41.226+0000] {processor.py:914} INFO - Processing file /home/airflow/.local/lib/python3.12/site-packages/airflow/example_dags/tutorial_dag.py for tasks to queue
[2024-08-30T02:52:41.228+0000] {logging_mixin.py:190} INFO - [2024-08-30T02:52:41.228+0000] {dagbag.py:587} INFO - Filling up the DagBag from /home/airflow/.local/lib/python3.12/site-packages/airflow/example_dags/tutorial_dag.py
[2024-08-30T02:52:41.235+0000] {processor.py:925} INFO - DAG(s) 'tutorial_dag' retrieved from /home/airflow/.local/lib/python3.12/site-packages/airflow/example_dags/tutorial_dag.py
[2024-08-30T02:52:41.253+0000] {logging_mixin.py:190} INFO - [2024-08-30T02:52:41.252+0000] {dag.py:3211} INFO - Sync 1 DAGs
[2024-08-30T02:52:41.267+0000] {logging_mixin.py:190} INFO - [2024-08-30T02:52:41.266+0000] {dag.py:4138} INFO - Setting next_dagrun for tutorial_dag to None, run_after=None
[2024-08-30T02:52:41.286+0000] {processor.py:208} INFO - Processing /home/airflow/.local/lib/python3.12/site-packages/airflow/example_dags/tutorial_dag.py took 0.066 seconds
[2024-08-30T02:53:12.042+0000] {processor.py:186} INFO - Started process (PID=5298) to work on /home/airflow/.local/lib/python3.12/site-packages/airflow/example_dags/tutorial_dag.py
[2024-08-30T02:53:12.043+0000] {processor.py:914} INFO - Processing file /home/airflow/.local/lib/python3.12/site-packages/airflow/example_dags/tutorial_dag.py for tasks to queue
[2024-08-30T02:53:12.044+0000] {logging_mixin.py:190} INFO - [2024-08-30T02:53:12.044+0000] {dagbag.py:587} INFO - Filling up the DagBag from /home/airflow/.local/lib/python3.12/site-packages/airflow/example_dags/tutorial_dag.py
[2024-08-30T02:53:12.051+0000] {processor.py:925} INFO - DAG(s) 'tutorial_dag' retrieved from /home/airflow/.local/lib/python3.12/site-packages/airflow/example_dags/tutorial_dag.py
[2024-08-30T02:53:12.068+0000] {logging_mixin.py:190} INFO - [2024-08-30T02:53:12.068+0000] {dag.py:3211} INFO - Sync 1 DAGs
[2024-08-30T02:53:12.081+0000] {logging_mixin.py:190} INFO - [2024-08-30T02:53:12.081+0000] {dag.py:4138} INFO - Setting next_dagrun for tutorial_dag to None, run_after=None
[2024-08-30T02:53:12.103+0000] {processor.py:208} INFO - Processing /home/airflow/.local/lib/python3.12/site-packages/airflow/example_dags/tutorial_dag.py took 0.066 seconds
[2024-08-30T02:53:42.847+0000] {processor.py:186} INFO - Started process (PID=5586) to work on /home/airflow/.local/lib/python3.12/site-packages/airflow/example_dags/tutorial_dag.py
[2024-08-30T02:53:42.848+0000] {processor.py:914} INFO - Processing file /home/airflow/.local/lib/python3.12/site-packages/airflow/example_dags/tutorial_dag.py for tasks to queue
[2024-08-30T02:53:42.851+0000] {logging_mixin.py:190} INFO - [2024-08-30T02:53:42.851+0000] {dagbag.py:587} INFO - Filling up the DagBag from /home/airflow/.local/lib/python3.12/site-packages/airflow/example_dags/tutorial_dag.py
[2024-08-30T02:53:42.858+0000] {processor.py:925} INFO - DAG(s) 'tutorial_dag' retrieved from /home/airflow/.local/lib/python3.12/site-packages/airflow/example_dags/tutorial_dag.py
[2024-08-30T02:53:42.879+0000] {logging_mixin.py:190} INFO - [2024-08-30T02:53:42.878+0000] {dag.py:3211} INFO - Sync 1 DAGs
[2024-08-30T02:53:42.893+0000] {logging_mixin.py:190} INFO - [2024-08-30T02:53:42.893+0000] {dag.py:4138} INFO - Setting next_dagrun for tutorial_dag to None, run_after=None
[2024-08-30T02:53:42.914+0000] {processor.py:208} INFO - Processing /home/airflow/.local/lib/python3.12/site-packages/airflow/example_dags/tutorial_dag.py took 0.072 seconds
[2024-08-30T02:54:13.982+0000] {processor.py:186} INFO - Started process (PID=5870) to work on /home/airflow/.local/lib/python3.12/site-packages/airflow/example_dags/tutorial_dag.py
[2024-08-30T02:54:13.983+0000] {processor.py:914} INFO - Processing file /home/airflow/.local/lib/python3.12/site-packages/airflow/example_dags/tutorial_dag.py for tasks to queue
[2024-08-30T02:54:13.985+0000] {logging_mixin.py:190} INFO - [2024-08-30T02:54:13.985+0000] {dagbag.py:587} INFO - Filling up the DagBag from /home/airflow/.local/lib/python3.12/site-packages/airflow/example_dags/tutorial_dag.py
[2024-08-30T02:54:13.992+0000] {processor.py:925} INFO - DAG(s) 'tutorial_dag' retrieved from /home/airflow/.local/lib/python3.12/site-packages/airflow/example_dags/tutorial_dag.py
[2024-08-30T02:54:14.013+0000] {logging_mixin.py:190} INFO - [2024-08-30T02:54:14.013+0000] {dag.py:3211} INFO - Sync 1 DAGs
[2024-08-30T02:54:14.028+0000] {logging_mixin.py:190} INFO - [2024-08-30T02:54:14.027+0000] {dag.py:4138} INFO - Setting next_dagrun for tutorial_dag to None, run_after=None
[2024-08-30T02:54:14.051+0000] {processor.py:208} INFO - Processing /home/airflow/.local/lib/python3.12/site-packages/airflow/example_dags/tutorial_dag.py took 0.075 seconds
[2024-08-30T02:54:45.121+0000] {processor.py:186} INFO - Started process (PID=6164) to work on /home/airflow/.local/lib/python3.12/site-packages/airflow/example_dags/tutorial_dag.py
[2024-08-30T02:54:45.122+0000] {processor.py:914} INFO - Processing file /home/airflow/.local/lib/python3.12/site-packages/airflow/example_dags/tutorial_dag.py for tasks to queue
[2024-08-30T02:54:45.125+0000] {logging_mixin.py:190} INFO - [2024-08-30T02:54:45.124+0000] {dagbag.py:587} INFO - Filling up the DagBag from /home/airflow/.local/lib/python3.12/site-packages/airflow/example_dags/tutorial_dag.py
[2024-08-30T02:54:45.131+0000] {processor.py:925} INFO - DAG(s) 'tutorial_dag' retrieved from /home/airflow/.local/lib/python3.12/site-packages/airflow/example_dags/tutorial_dag.py
[2024-08-30T02:54:45.153+0000] {logging_mixin.py:190} INFO - [2024-08-30T02:54:45.152+0000] {dag.py:3211} INFO - Sync 1 DAGs
[2024-08-30T02:54:45.167+0000] {logging_mixin.py:190} INFO - [2024-08-30T02:54:45.167+0000] {dag.py:4138} INFO - Setting next_dagrun for tutorial_dag to None, run_after=None
[2024-08-30T02:54:45.188+0000] {processor.py:208} INFO - Processing /home/airflow/.local/lib/python3.12/site-packages/airflow/example_dags/tutorial_dag.py took 0.072 seconds
[2024-08-30T02:55:15.841+0000] {processor.py:186} INFO - Started process (PID=6448) to work on /home/airflow/.local/lib/python3.12/site-packages/airflow/example_dags/tutorial_dag.py
[2024-08-30T02:55:15.842+0000] {processor.py:914} INFO - Processing file /home/airflow/.local/lib/python3.12/site-packages/airflow/example_dags/tutorial_dag.py for tasks to queue
[2024-08-30T02:55:15.844+0000] {logging_mixin.py:190} INFO - [2024-08-30T02:55:15.844+0000] {dagbag.py:587} INFO - Filling up the DagBag from /home/airflow/.local/lib/python3.12/site-packages/airflow/example_dags/tutorial_dag.py
[2024-08-30T02:55:15.851+0000] {processor.py:925} INFO - DAG(s) 'tutorial_dag' retrieved from /home/airflow/.local/lib/python3.12/site-packages/airflow/example_dags/tutorial_dag.py
[2024-08-30T02:55:15.871+0000] {logging_mixin.py:190} INFO - [2024-08-30T02:55:15.871+0000] {dag.py:3211} INFO - Sync 1 DAGs
[2024-08-30T02:55:15.885+0000] {logging_mixin.py:190} INFO - [2024-08-30T02:55:15.885+0000] {dag.py:4138} INFO - Setting next_dagrun for tutorial_dag to None, run_after=None
[2024-08-30T02:55:15.904+0000] {processor.py:208} INFO - Processing /home/airflow/.local/lib/python3.12/site-packages/airflow/example_dags/tutorial_dag.py took 0.069 seconds
[2024-08-30T02:55:46.218+0000] {processor.py:186} INFO - Started process (PID=6734) to work on /home/airflow/.local/lib/python3.12/site-packages/airflow/example_dags/tutorial_dag.py
[2024-08-30T02:55:46.219+0000] {processor.py:914} INFO - Processing file /home/airflow/.local/lib/python3.12/site-packages/airflow/example_dags/tutorial_dag.py for tasks to queue
[2024-08-30T02:55:46.222+0000] {logging_mixin.py:190} INFO - [2024-08-30T02:55:46.221+0000] {dagbag.py:587} INFO - Filling up the DagBag from /home/airflow/.local/lib/python3.12/site-packages/airflow/example_dags/tutorial_dag.py
[2024-08-30T02:55:46.228+0000] {processor.py:925} INFO - DAG(s) 'tutorial_dag' retrieved from /home/airflow/.local/lib/python3.12/site-packages/airflow/example_dags/tutorial_dag.py
[2024-08-30T02:55:46.248+0000] {logging_mixin.py:190} INFO - [2024-08-30T02:55:46.248+0000] {dag.py:3211} INFO - Sync 1 DAGs
[2024-08-30T02:55:46.263+0000] {logging_mixin.py:190} INFO - [2024-08-30T02:55:46.263+0000] {dag.py:4138} INFO - Setting next_dagrun for tutorial_dag to None, run_after=None
[2024-08-30T02:55:46.285+0000] {processor.py:208} INFO - Processing /home/airflow/.local/lib/python3.12/site-packages/airflow/example_dags/tutorial_dag.py took 0.074 seconds
[2024-08-30T02:56:16.615+0000] {processor.py:186} INFO - Started process (PID=7022) to work on /home/airflow/.local/lib/python3.12/site-packages/airflow/example_dags/tutorial_dag.py
[2024-08-30T02:56:16.616+0000] {processor.py:914} INFO - Processing file /home/airflow/.local/lib/python3.12/site-packages/airflow/example_dags/tutorial_dag.py for tasks to queue
[2024-08-30T02:56:16.619+0000] {logging_mixin.py:190} INFO - [2024-08-30T02:56:16.619+0000] {dagbag.py:587} INFO - Filling up the DagBag from /home/airflow/.local/lib/python3.12/site-packages/airflow/example_dags/tutorial_dag.py
[2024-08-30T02:56:16.625+0000] {processor.py:925} INFO - DAG(s) 'tutorial_dag' retrieved from /home/airflow/.local/lib/python3.12/site-packages/airflow/example_dags/tutorial_dag.py
[2024-08-30T02:56:16.643+0000] {logging_mixin.py:190} INFO - [2024-08-30T02:56:16.643+0000] {dag.py:3211} INFO - Sync 1 DAGs
[2024-08-30T02:56:16.656+0000] {logging_mixin.py:190} INFO - [2024-08-30T02:56:16.655+0000] {dag.py:4138} INFO - Setting next_dagrun for tutorial_dag to None, run_after=None
[2024-08-30T02:56:16.673+0000] {processor.py:208} INFO - Processing /home/airflow/.local/lib/python3.12/site-packages/airflow/example_dags/tutorial_dag.py took 0.063 seconds
[2024-08-30T02:56:46.981+0000] {processor.py:186} INFO - Started process (PID=7306) to work on /home/airflow/.local/lib/python3.12/site-packages/airflow/example_dags/tutorial_dag.py
[2024-08-30T02:56:46.982+0000] {processor.py:914} INFO - Processing file /home/airflow/.local/lib/python3.12/site-packages/airflow/example_dags/tutorial_dag.py for tasks to queue
[2024-08-30T02:56:46.985+0000] {logging_mixin.py:190} INFO - [2024-08-30T02:56:46.985+0000] {dagbag.py:587} INFO - Filling up the DagBag from /home/airflow/.local/lib/python3.12/site-packages/airflow/example_dags/tutorial_dag.py
[2024-08-30T02:56:46.993+0000] {processor.py:925} INFO - DAG(s) 'tutorial_dag' retrieved from /home/airflow/.local/lib/python3.12/site-packages/airflow/example_dags/tutorial_dag.py
[2024-08-30T02:56:47.017+0000] {logging_mixin.py:190} INFO - [2024-08-30T02:56:47.017+0000] {dag.py:3211} INFO - Sync 1 DAGs
[2024-08-30T02:56:47.032+0000] {logging_mixin.py:190} INFO - [2024-08-30T02:56:47.032+0000] {dag.py:4138} INFO - Setting next_dagrun for tutorial_dag to None, run_after=None
[2024-08-30T02:56:47.058+0000] {processor.py:208} INFO - Processing /home/airflow/.local/lib/python3.12/site-packages/airflow/example_dags/tutorial_dag.py took 0.083 seconds
[2024-08-30T02:57:17.116+0000] {processor.py:186} INFO - Started process (PID=7587) to work on /home/airflow/.local/lib/python3.12/site-packages/airflow/example_dags/tutorial_dag.py
[2024-08-30T02:57:17.118+0000] {processor.py:914} INFO - Processing file /home/airflow/.local/lib/python3.12/site-packages/airflow/example_dags/tutorial_dag.py for tasks to queue
[2024-08-30T02:57:17.120+0000] {logging_mixin.py:190} INFO - [2024-08-30T02:57:17.120+0000] {dagbag.py:587} INFO - Filling up the DagBag from /home/airflow/.local/lib/python3.12/site-packages/airflow/example_dags/tutorial_dag.py
[2024-08-30T02:57:17.127+0000] {processor.py:925} INFO - DAG(s) 'tutorial_dag' retrieved from /home/airflow/.local/lib/python3.12/site-packages/airflow/example_dags/tutorial_dag.py
[2024-08-30T02:57:17.146+0000] {logging_mixin.py:190} INFO - [2024-08-30T02:57:17.146+0000] {dag.py:3211} INFO - Sync 1 DAGs
[2024-08-30T02:57:17.163+0000] {logging_mixin.py:190} INFO - [2024-08-30T02:57:17.163+0000] {dag.py:4138} INFO - Setting next_dagrun for tutorial_dag to None, run_after=None
[2024-08-30T02:57:17.185+0000] {processor.py:208} INFO - Processing /home/airflow/.local/lib/python3.12/site-packages/airflow/example_dags/tutorial_dag.py took 0.074 seconds
