[2024-08-30T02:44:29.911+0000] {processor.py:186} INFO - Started process (PID=448) to work on /home/airflow/.local/lib/python3.12/site-packages/airflow/example_dags/tutorial.py
[2024-08-30T02:44:29.912+0000] {processor.py:914} INFO - Processing file /home/airflow/.local/lib/python3.12/site-packages/airflow/example_dags/tutorial.py for tasks to queue
[2024-08-30T02:44:29.914+0000] {logging_mixin.py:190} INFO - [2024-08-30T02:44:29.914+0000] {dagbag.py:587} INFO - Filling up the DagBag from /home/airflow/.local/lib/python3.12/site-packages/airflow/example_dags/tutorial.py
[2024-08-30T02:44:29.922+0000] {processor.py:925} INFO - DAG(s) 'tutorial' retrieved from /home/airflow/.local/lib/python3.12/site-packages/airflow/example_dags/tutorial.py
[2024-08-30T02:44:29.940+0000] {logging_mixin.py:190} INFO - [2024-08-30T02:44:29.940+0000] {dag.py:3211} INFO - Sync 1 DAGs
[2024-08-30T02:44:29.963+0000] {logging_mixin.py:190} INFO - [2024-08-30T02:44:29.963+0000] {dag.py:4138} INFO - Setting next_dagrun for tutorial to 2024-08-29 00:00:00+00:00, run_after=2024-08-30 00:00:00+00:00
[2024-08-30T02:44:29.985+0000] {processor.py:208} INFO - Processing /home/airflow/.local/lib/python3.12/site-packages/airflow/example_dags/tutorial.py took 0.079 seconds
[2024-08-30T02:45:00.311+0000] {processor.py:186} INFO - Started process (PID=739) to work on /home/airflow/.local/lib/python3.12/site-packages/airflow/example_dags/tutorial.py
[2024-08-30T02:45:00.312+0000] {processor.py:914} INFO - Processing file /home/airflow/.local/lib/python3.12/site-packages/airflow/example_dags/tutorial.py for tasks to queue
[2024-08-30T02:45:00.316+0000] {logging_mixin.py:190} INFO - [2024-08-30T02:45:00.316+0000] {dagbag.py:587} INFO - Filling up the DagBag from /home/airflow/.local/lib/python3.12/site-packages/airflow/example_dags/tutorial.py
[2024-08-30T02:45:00.328+0000] {processor.py:925} INFO - DAG(s) 'tutorial' retrieved from /home/airflow/.local/lib/python3.12/site-packages/airflow/example_dags/tutorial.py
[2024-08-30T02:45:00.356+0000] {logging_mixin.py:190} INFO - [2024-08-30T02:45:00.355+0000] {dag.py:3211} INFO - Sync 1 DAGs
[2024-08-30T02:45:00.393+0000] {logging_mixin.py:190} INFO - [2024-08-30T02:45:00.393+0000] {dag.py:4138} INFO - Setting next_dagrun for tutorial to 2024-08-29 00:00:00+00:00, run_after=2024-08-30 00:00:00+00:00
[2024-08-30T02:45:00.428+0000] {processor.py:208} INFO - Processing /home/airflow/.local/lib/python3.12/site-packages/airflow/example_dags/tutorial.py took 0.126 seconds
[2024-08-30T02:45:30.565+0000] {processor.py:186} INFO - Started process (PID=1028) to work on /home/airflow/.local/lib/python3.12/site-packages/airflow/example_dags/tutorial.py
[2024-08-30T02:45:30.566+0000] {processor.py:914} INFO - Processing file /home/airflow/.local/lib/python3.12/site-packages/airflow/example_dags/tutorial.py for tasks to queue
[2024-08-30T02:45:30.568+0000] {logging_mixin.py:190} INFO - [2024-08-30T02:45:30.567+0000] {dagbag.py:587} INFO - Filling up the DagBag from /home/airflow/.local/lib/python3.12/site-packages/airflow/example_dags/tutorial.py
[2024-08-30T02:45:30.574+0000] {processor.py:925} INFO - DAG(s) 'tutorial' retrieved from /home/airflow/.local/lib/python3.12/site-packages/airflow/example_dags/tutorial.py
[2024-08-30T02:45:30.591+0000] {logging_mixin.py:190} INFO - [2024-08-30T02:45:30.591+0000] {dag.py:3211} INFO - Sync 1 DAGs
[2024-08-30T02:45:30.611+0000] {logging_mixin.py:190} INFO - [2024-08-30T02:45:30.611+0000] {dag.py:4138} INFO - Setting next_dagrun for tutorial to 2024-08-29 00:00:00+00:00, run_after=2024-08-30 00:00:00+00:00
[2024-08-30T02:45:30.631+0000] {processor.py:208} INFO - Processing /home/airflow/.local/lib/python3.12/site-packages/airflow/example_dags/tutorial.py took 0.071 seconds
[2024-08-30T02:46:01.451+0000] {processor.py:186} INFO - Started process (PID=1316) to work on /home/airflow/.local/lib/python3.12/site-packages/airflow/example_dags/tutorial.py
[2024-08-30T02:46:01.452+0000] {processor.py:914} INFO - Processing file /home/airflow/.local/lib/python3.12/site-packages/airflow/example_dags/tutorial.py for tasks to queue
[2024-08-30T02:46:01.454+0000] {logging_mixin.py:190} INFO - [2024-08-30T02:46:01.454+0000] {dagbag.py:587} INFO - Filling up the DagBag from /home/airflow/.local/lib/python3.12/site-packages/airflow/example_dags/tutorial.py
[2024-08-30T02:46:01.460+0000] {processor.py:925} INFO - DAG(s) 'tutorial' retrieved from /home/airflow/.local/lib/python3.12/site-packages/airflow/example_dags/tutorial.py
[2024-08-30T02:46:01.477+0000] {logging_mixin.py:190} INFO - [2024-08-30T02:46:01.477+0000] {dag.py:3211} INFO - Sync 1 DAGs
[2024-08-30T02:46:01.497+0000] {logging_mixin.py:190} INFO - [2024-08-30T02:46:01.497+0000] {dag.py:4138} INFO - Setting next_dagrun for tutorial to 2024-08-29 00:00:00+00:00, run_after=2024-08-30 00:00:00+00:00
[2024-08-30T02:46:01.516+0000] {processor.py:208} INFO - Processing /home/airflow/.local/lib/python3.12/site-packages/airflow/example_dags/tutorial.py took 0.071 seconds
[2024-08-30T02:46:31.837+0000] {processor.py:186} INFO - Started process (PID=1590) to work on /home/airflow/.local/lib/python3.12/site-packages/airflow/example_dags/tutorial.py
[2024-08-30T02:46:31.838+0000] {processor.py:914} INFO - Processing file /home/airflow/.local/lib/python3.12/site-packages/airflow/example_dags/tutorial.py for tasks to queue
[2024-08-30T02:46:31.841+0000] {logging_mixin.py:190} INFO - [2024-08-30T02:46:31.840+0000] {dagbag.py:587} INFO - Filling up the DagBag from /home/airflow/.local/lib/python3.12/site-packages/airflow/example_dags/tutorial.py
[2024-08-30T02:46:31.848+0000] {processor.py:925} INFO - DAG(s) 'tutorial' retrieved from /home/airflow/.local/lib/python3.12/site-packages/airflow/example_dags/tutorial.py
[2024-08-30T02:46:31.868+0000] {logging_mixin.py:190} INFO - [2024-08-30T02:46:31.868+0000] {dag.py:3211} INFO - Sync 1 DAGs
[2024-08-30T02:46:31.891+0000] {logging_mixin.py:190} INFO - [2024-08-30T02:46:31.891+0000] {dag.py:4138} INFO - Setting next_dagrun for tutorial to 2024-08-29 00:00:00+00:00, run_after=2024-08-30 00:00:00+00:00
[2024-08-30T02:46:31.909+0000] {processor.py:208} INFO - Processing /home/airflow/.local/lib/python3.12/site-packages/airflow/example_dags/tutorial.py took 0.078 seconds
[2024-08-30T02:47:02.493+0000] {processor.py:186} INFO - Started process (PID=1876) to work on /home/airflow/.local/lib/python3.12/site-packages/airflow/example_dags/tutorial.py
[2024-08-30T02:47:02.493+0000] {processor.py:914} INFO - Processing file /home/airflow/.local/lib/python3.12/site-packages/airflow/example_dags/tutorial.py for tasks to queue
[2024-08-30T02:47:02.495+0000] {logging_mixin.py:190} INFO - [2024-08-30T02:47:02.495+0000] {dagbag.py:587} INFO - Filling up the DagBag from /home/airflow/.local/lib/python3.12/site-packages/airflow/example_dags/tutorial.py
[2024-08-30T02:47:02.502+0000] {processor.py:925} INFO - DAG(s) 'tutorial' retrieved from /home/airflow/.local/lib/python3.12/site-packages/airflow/example_dags/tutorial.py
[2024-08-30T02:47:02.520+0000] {logging_mixin.py:190} INFO - [2024-08-30T02:47:02.520+0000] {dag.py:3211} INFO - Sync 1 DAGs
[2024-08-30T02:47:02.539+0000] {logging_mixin.py:190} INFO - [2024-08-30T02:47:02.539+0000] {dag.py:4138} INFO - Setting next_dagrun for tutorial to 2024-08-29 00:00:00+00:00, run_after=2024-08-30 00:00:00+00:00
[2024-08-30T02:47:02.555+0000] {processor.py:208} INFO - Processing /home/airflow/.local/lib/python3.12/site-packages/airflow/example_dags/tutorial.py took 0.068 seconds
[2024-08-30T02:47:33.559+0000] {processor.py:186} INFO - Started process (PID=2162) to work on /home/airflow/.local/lib/python3.12/site-packages/airflow/example_dags/tutorial.py
[2024-08-30T02:47:33.560+0000] {processor.py:914} INFO - Processing file /home/airflow/.local/lib/python3.12/site-packages/airflow/example_dags/tutorial.py for tasks to queue
[2024-08-30T02:47:33.563+0000] {logging_mixin.py:190} INFO - [2024-08-30T02:47:33.562+0000] {dagbag.py:587} INFO - Filling up the DagBag from /home/airflow/.local/lib/python3.12/site-packages/airflow/example_dags/tutorial.py
[2024-08-30T02:47:33.571+0000] {processor.py:925} INFO - DAG(s) 'tutorial' retrieved from /home/airflow/.local/lib/python3.12/site-packages/airflow/example_dags/tutorial.py
[2024-08-30T02:47:33.591+0000] {logging_mixin.py:190} INFO - [2024-08-30T02:47:33.591+0000] {dag.py:3211} INFO - Sync 1 DAGs
[2024-08-30T02:47:33.616+0000] {logging_mixin.py:190} INFO - [2024-08-30T02:47:33.616+0000] {dag.py:4138} INFO - Setting next_dagrun for tutorial to 2024-08-29 00:00:00+00:00, run_after=2024-08-30 00:00:00+00:00
[2024-08-30T02:47:33.639+0000] {processor.py:208} INFO - Processing /home/airflow/.local/lib/python3.12/site-packages/airflow/example_dags/tutorial.py took 0.085 seconds
[2024-08-30T02:48:04.332+0000] {processor.py:186} INFO - Started process (PID=2450) to work on /home/airflow/.local/lib/python3.12/site-packages/airflow/example_dags/tutorial.py
[2024-08-30T02:48:04.333+0000] {processor.py:914} INFO - Processing file /home/airflow/.local/lib/python3.12/site-packages/airflow/example_dags/tutorial.py for tasks to queue
[2024-08-30T02:48:04.335+0000] {logging_mixin.py:190} INFO - [2024-08-30T02:48:04.334+0000] {dagbag.py:587} INFO - Filling up the DagBag from /home/airflow/.local/lib/python3.12/site-packages/airflow/example_dags/tutorial.py
[2024-08-30T02:48:04.340+0000] {processor.py:925} INFO - DAG(s) 'tutorial' retrieved from /home/airflow/.local/lib/python3.12/site-packages/airflow/example_dags/tutorial.py
[2024-08-30T02:48:04.358+0000] {logging_mixin.py:190} INFO - [2024-08-30T02:48:04.358+0000] {dag.py:3211} INFO - Sync 1 DAGs
[2024-08-30T02:48:04.379+0000] {logging_mixin.py:190} INFO - [2024-08-30T02:48:04.379+0000] {dag.py:4138} INFO - Setting next_dagrun for tutorial to 2024-08-29 00:00:00+00:00, run_after=2024-08-30 00:00:00+00:00
[2024-08-30T02:48:04.398+0000] {processor.py:208} INFO - Processing /home/airflow/.local/lib/python3.12/site-packages/airflow/example_dags/tutorial.py took 0.071 seconds
[2024-08-30T02:48:35.439+0000] {processor.py:186} INFO - Started process (PID=2736) to work on /home/airflow/.local/lib/python3.12/site-packages/airflow/example_dags/tutorial.py
[2024-08-30T02:48:35.440+0000] {processor.py:914} INFO - Processing file /home/airflow/.local/lib/python3.12/site-packages/airflow/example_dags/tutorial.py for tasks to queue
[2024-08-30T02:48:35.442+0000] {logging_mixin.py:190} INFO - [2024-08-30T02:48:35.442+0000] {dagbag.py:587} INFO - Filling up the DagBag from /home/airflow/.local/lib/python3.12/site-packages/airflow/example_dags/tutorial.py
[2024-08-30T02:48:35.448+0000] {processor.py:925} INFO - DAG(s) 'tutorial' retrieved from /home/airflow/.local/lib/python3.12/site-packages/airflow/example_dags/tutorial.py
[2024-08-30T02:48:35.467+0000] {logging_mixin.py:190} INFO - [2024-08-30T02:48:35.467+0000] {dag.py:3211} INFO - Sync 1 DAGs
[2024-08-30T02:48:35.490+0000] {logging_mixin.py:190} INFO - [2024-08-30T02:48:35.490+0000] {dag.py:4138} INFO - Setting next_dagrun for tutorial to 2024-08-29 00:00:00+00:00, run_after=2024-08-30 00:00:00+00:00
[2024-08-30T02:48:35.513+0000] {processor.py:208} INFO - Processing /home/airflow/.local/lib/python3.12/site-packages/airflow/example_dags/tutorial.py took 0.079 seconds
[2024-08-30T02:49:06.214+0000] {processor.py:186} INFO - Started process (PID=3020) to work on /home/airflow/.local/lib/python3.12/site-packages/airflow/example_dags/tutorial.py
[2024-08-30T02:49:06.215+0000] {processor.py:914} INFO - Processing file /home/airflow/.local/lib/python3.12/site-packages/airflow/example_dags/tutorial.py for tasks to queue
[2024-08-30T02:49:06.218+0000] {logging_mixin.py:190} INFO - [2024-08-30T02:49:06.218+0000] {dagbag.py:587} INFO - Filling up the DagBag from /home/airflow/.local/lib/python3.12/site-packages/airflow/example_dags/tutorial.py
[2024-08-30T02:49:06.225+0000] {processor.py:925} INFO - DAG(s) 'tutorial' retrieved from /home/airflow/.local/lib/python3.12/site-packages/airflow/example_dags/tutorial.py
[2024-08-30T02:49:06.246+0000] {logging_mixin.py:190} INFO - [2024-08-30T02:49:06.246+0000] {dag.py:3211} INFO - Sync 1 DAGs
[2024-08-30T02:49:06.270+0000] {logging_mixin.py:190} INFO - [2024-08-30T02:49:06.270+0000] {dag.py:4138} INFO - Setting next_dagrun for tutorial to 2024-08-29 00:00:00+00:00, run_after=2024-08-30 00:00:00+00:00
[2024-08-30T02:49:06.292+0000] {processor.py:208} INFO - Processing /home/airflow/.local/lib/python3.12/site-packages/airflow/example_dags/tutorial.py took 0.083 seconds
[2024-08-30T02:49:36.972+0000] {processor.py:186} INFO - Started process (PID=3306) to work on /home/airflow/.local/lib/python3.12/site-packages/airflow/example_dags/tutorial.py
[2024-08-30T02:49:36.973+0000] {processor.py:914} INFO - Processing file /home/airflow/.local/lib/python3.12/site-packages/airflow/example_dags/tutorial.py for tasks to queue
[2024-08-30T02:49:36.975+0000] {logging_mixin.py:190} INFO - [2024-08-30T02:49:36.974+0000] {dagbag.py:587} INFO - Filling up the DagBag from /home/airflow/.local/lib/python3.12/site-packages/airflow/example_dags/tutorial.py
[2024-08-30T02:49:36.981+0000] {processor.py:925} INFO - DAG(s) 'tutorial' retrieved from /home/airflow/.local/lib/python3.12/site-packages/airflow/example_dags/tutorial.py
[2024-08-30T02:49:36.999+0000] {logging_mixin.py:190} INFO - [2024-08-30T02:49:36.999+0000] {dag.py:3211} INFO - Sync 1 DAGs
[2024-08-30T02:49:37.019+0000] {logging_mixin.py:190} INFO - [2024-08-30T02:49:37.019+0000] {dag.py:4138} INFO - Setting next_dagrun for tutorial to 2024-08-29 00:00:00+00:00, run_after=2024-08-30 00:00:00+00:00
[2024-08-30T02:49:37.037+0000] {processor.py:208} INFO - Processing /home/airflow/.local/lib/python3.12/site-packages/airflow/example_dags/tutorial.py took 0.070 seconds
[2024-08-30T02:50:07.627+0000] {processor.py:186} INFO - Started process (PID=3592) to work on /home/airflow/.local/lib/python3.12/site-packages/airflow/example_dags/tutorial.py
[2024-08-30T02:50:07.628+0000] {processor.py:914} INFO - Processing file /home/airflow/.local/lib/python3.12/site-packages/airflow/example_dags/tutorial.py for tasks to queue
[2024-08-30T02:50:07.630+0000] {logging_mixin.py:190} INFO - [2024-08-30T02:50:07.630+0000] {dagbag.py:587} INFO - Filling up the DagBag from /home/airflow/.local/lib/python3.12/site-packages/airflow/example_dags/tutorial.py
[2024-08-30T02:50:07.638+0000] {processor.py:925} INFO - DAG(s) 'tutorial' retrieved from /home/airflow/.local/lib/python3.12/site-packages/airflow/example_dags/tutorial.py
[2024-08-30T02:50:07.657+0000] {logging_mixin.py:190} INFO - [2024-08-30T02:50:07.657+0000] {dag.py:3211} INFO - Sync 1 DAGs
[2024-08-30T02:50:07.680+0000] {logging_mixin.py:190} INFO - [2024-08-30T02:50:07.680+0000] {dag.py:4138} INFO - Setting next_dagrun for tutorial to 2024-08-29 00:00:00+00:00, run_after=2024-08-30 00:00:00+00:00
[2024-08-30T02:50:07.701+0000] {processor.py:208} INFO - Processing /home/airflow/.local/lib/python3.12/site-packages/airflow/example_dags/tutorial.py took 0.079 seconds
[2024-08-30T02:50:38.297+0000] {processor.py:186} INFO - Started process (PID=3878) to work on /home/airflow/.local/lib/python3.12/site-packages/airflow/example_dags/tutorial.py
[2024-08-30T02:50:38.298+0000] {processor.py:914} INFO - Processing file /home/airflow/.local/lib/python3.12/site-packages/airflow/example_dags/tutorial.py for tasks to queue
[2024-08-30T02:50:38.300+0000] {logging_mixin.py:190} INFO - [2024-08-30T02:50:38.300+0000] {dagbag.py:587} INFO - Filling up the DagBag from /home/airflow/.local/lib/python3.12/site-packages/airflow/example_dags/tutorial.py
[2024-08-30T02:50:38.307+0000] {processor.py:925} INFO - DAG(s) 'tutorial' retrieved from /home/airflow/.local/lib/python3.12/site-packages/airflow/example_dags/tutorial.py
[2024-08-30T02:50:38.326+0000] {logging_mixin.py:190} INFO - [2024-08-30T02:50:38.326+0000] {dag.py:3211} INFO - Sync 1 DAGs
[2024-08-30T02:50:38.346+0000] {logging_mixin.py:190} INFO - [2024-08-30T02:50:38.345+0000] {dag.py:4138} INFO - Setting next_dagrun for tutorial to 2024-08-29 00:00:00+00:00, run_after=2024-08-30 00:00:00+00:00
[2024-08-30T02:50:38.364+0000] {processor.py:208} INFO - Processing /home/airflow/.local/lib/python3.12/site-packages/airflow/example_dags/tutorial.py took 0.072 seconds
[2024-08-30T02:51:09.011+0000] {processor.py:186} INFO - Started process (PID=4164) to work on /home/airflow/.local/lib/python3.12/site-packages/airflow/example_dags/tutorial.py
[2024-08-30T02:51:09.012+0000] {processor.py:914} INFO - Processing file /home/airflow/.local/lib/python3.12/site-packages/airflow/example_dags/tutorial.py for tasks to queue
[2024-08-30T02:51:09.014+0000] {logging_mixin.py:190} INFO - [2024-08-30T02:51:09.014+0000] {dagbag.py:587} INFO - Filling up the DagBag from /home/airflow/.local/lib/python3.12/site-packages/airflow/example_dags/tutorial.py
[2024-08-30T02:51:09.021+0000] {processor.py:925} INFO - DAG(s) 'tutorial' retrieved from /home/airflow/.local/lib/python3.12/site-packages/airflow/example_dags/tutorial.py
[2024-08-30T02:51:09.040+0000] {logging_mixin.py:190} INFO - [2024-08-30T02:51:09.040+0000] {dag.py:3211} INFO - Sync 1 DAGs
[2024-08-30T02:51:09.063+0000] {logging_mixin.py:190} INFO - [2024-08-30T02:51:09.063+0000] {dag.py:4138} INFO - Setting next_dagrun for tutorial to 2024-08-29 00:00:00+00:00, run_after=2024-08-30 00:00:00+00:00
[2024-08-30T02:51:09.082+0000] {processor.py:208} INFO - Processing /home/airflow/.local/lib/python3.12/site-packages/airflow/example_dags/tutorial.py took 0.077 seconds
[2024-08-30T02:51:39.524+0000] {processor.py:186} INFO - Started process (PID=4450) to work on /home/airflow/.local/lib/python3.12/site-packages/airflow/example_dags/tutorial.py
[2024-08-30T02:51:39.525+0000] {processor.py:914} INFO - Processing file /home/airflow/.local/lib/python3.12/site-packages/airflow/example_dags/tutorial.py for tasks to queue
[2024-08-30T02:51:39.527+0000] {logging_mixin.py:190} INFO - [2024-08-30T02:51:39.526+0000] {dagbag.py:587} INFO - Filling up the DagBag from /home/airflow/.local/lib/python3.12/site-packages/airflow/example_dags/tutorial.py
[2024-08-30T02:51:39.533+0000] {processor.py:925} INFO - DAG(s) 'tutorial' retrieved from /home/airflow/.local/lib/python3.12/site-packages/airflow/example_dags/tutorial.py
[2024-08-30T02:51:39.551+0000] {logging_mixin.py:190} INFO - [2024-08-30T02:51:39.551+0000] {dag.py:3211} INFO - Sync 1 DAGs
[2024-08-30T02:51:39.572+0000] {logging_mixin.py:190} INFO - [2024-08-30T02:51:39.572+0000] {dag.py:4138} INFO - Setting next_dagrun for tutorial to 2024-08-29 00:00:00+00:00, run_after=2024-08-30 00:00:00+00:00
[2024-08-30T02:51:39.591+0000] {processor.py:208} INFO - Processing /home/airflow/.local/lib/python3.12/site-packages/airflow/example_dags/tutorial.py took 0.071 seconds
[2024-08-30T02:52:10.435+0000] {processor.py:186} INFO - Started process (PID=4738) to work on /home/airflow/.local/lib/python3.12/site-packages/airflow/example_dags/tutorial.py
[2024-08-30T02:52:10.436+0000] {processor.py:914} INFO - Processing file /home/airflow/.local/lib/python3.12/site-packages/airflow/example_dags/tutorial.py for tasks to queue
[2024-08-30T02:52:10.438+0000] {logging_mixin.py:190} INFO - [2024-08-30T02:52:10.438+0000] {dagbag.py:587} INFO - Filling up the DagBag from /home/airflow/.local/lib/python3.12/site-packages/airflow/example_dags/tutorial.py
[2024-08-30T02:52:10.444+0000] {processor.py:925} INFO - DAG(s) 'tutorial' retrieved from /home/airflow/.local/lib/python3.12/site-packages/airflow/example_dags/tutorial.py
[2024-08-30T02:52:10.462+0000] {logging_mixin.py:190} INFO - [2024-08-30T02:52:10.462+0000] {dag.py:3211} INFO - Sync 1 DAGs
[2024-08-30T02:52:10.483+0000] {logging_mixin.py:190} INFO - [2024-08-30T02:52:10.483+0000] {dag.py:4138} INFO - Setting next_dagrun for tutorial to 2024-08-29 00:00:00+00:00, run_after=2024-08-30 00:00:00+00:00
[2024-08-30T02:52:10.504+0000] {processor.py:208} INFO - Processing /home/airflow/.local/lib/python3.12/site-packages/airflow/example_dags/tutorial.py took 0.076 seconds
[2024-08-30T02:52:41.323+0000] {processor.py:186} INFO - Started process (PID=5022) to work on /home/airflow/.local/lib/python3.12/site-packages/airflow/example_dags/tutorial.py
[2024-08-30T02:52:41.324+0000] {processor.py:914} INFO - Processing file /home/airflow/.local/lib/python3.12/site-packages/airflow/example_dags/tutorial.py for tasks to queue
[2024-08-30T02:52:41.326+0000] {logging_mixin.py:190} INFO - [2024-08-30T02:52:41.326+0000] {dagbag.py:587} INFO - Filling up the DagBag from /home/airflow/.local/lib/python3.12/site-packages/airflow/example_dags/tutorial.py
[2024-08-30T02:52:41.334+0000] {processor.py:925} INFO - DAG(s) 'tutorial' retrieved from /home/airflow/.local/lib/python3.12/site-packages/airflow/example_dags/tutorial.py
[2024-08-30T02:52:41.352+0000] {logging_mixin.py:190} INFO - [2024-08-30T02:52:41.352+0000] {dag.py:3211} INFO - Sync 1 DAGs
[2024-08-30T02:52:41.373+0000] {logging_mixin.py:190} INFO - [2024-08-30T02:52:41.373+0000] {dag.py:4138} INFO - Setting next_dagrun for tutorial to 2024-08-29 00:00:00+00:00, run_after=2024-08-30 00:00:00+00:00
[2024-08-30T02:52:41.419+0000] {processor.py:208} INFO - Processing /home/airflow/.local/lib/python3.12/site-packages/airflow/example_dags/tutorial.py took 0.101 seconds
[2024-08-30T02:53:12.139+0000] {processor.py:186} INFO - Started process (PID=5308) to work on /home/airflow/.local/lib/python3.12/site-packages/airflow/example_dags/tutorial.py
[2024-08-30T02:53:12.140+0000] {processor.py:914} INFO - Processing file /home/airflow/.local/lib/python3.12/site-packages/airflow/example_dags/tutorial.py for tasks to queue
[2024-08-30T02:53:12.142+0000] {logging_mixin.py:190} INFO - [2024-08-30T02:53:12.141+0000] {dagbag.py:587} INFO - Filling up the DagBag from /home/airflow/.local/lib/python3.12/site-packages/airflow/example_dags/tutorial.py
[2024-08-30T02:53:12.148+0000] {processor.py:925} INFO - DAG(s) 'tutorial' retrieved from /home/airflow/.local/lib/python3.12/site-packages/airflow/example_dags/tutorial.py
[2024-08-30T02:53:12.166+0000] {logging_mixin.py:190} INFO - [2024-08-30T02:53:12.166+0000] {dag.py:3211} INFO - Sync 1 DAGs
[2024-08-30T02:53:12.187+0000] {logging_mixin.py:190} INFO - [2024-08-30T02:53:12.187+0000] {dag.py:4138} INFO - Setting next_dagrun for tutorial to 2024-08-29 00:00:00+00:00, run_after=2024-08-30 00:00:00+00:00
[2024-08-30T02:53:12.207+0000] {processor.py:208} INFO - Processing /home/airflow/.local/lib/python3.12/site-packages/airflow/example_dags/tutorial.py took 0.074 seconds
[2024-08-30T02:53:42.956+0000] {processor.py:186} INFO - Started process (PID=5596) to work on /home/airflow/.local/lib/python3.12/site-packages/airflow/example_dags/tutorial.py
[2024-08-30T02:53:42.957+0000] {processor.py:914} INFO - Processing file /home/airflow/.local/lib/python3.12/site-packages/airflow/example_dags/tutorial.py for tasks to queue
[2024-08-30T02:53:42.959+0000] {logging_mixin.py:190} INFO - [2024-08-30T02:53:42.959+0000] {dagbag.py:587} INFO - Filling up the DagBag from /home/airflow/.local/lib/python3.12/site-packages/airflow/example_dags/tutorial.py
[2024-08-30T02:53:42.966+0000] {processor.py:925} INFO - DAG(s) 'tutorial' retrieved from /home/airflow/.local/lib/python3.12/site-packages/airflow/example_dags/tutorial.py
[2024-08-30T02:53:42.987+0000] {logging_mixin.py:190} INFO - [2024-08-30T02:53:42.986+0000] {dag.py:3211} INFO - Sync 1 DAGs
[2024-08-30T02:53:43.012+0000] {logging_mixin.py:190} INFO - [2024-08-30T02:53:43.011+0000] {dag.py:4138} INFO - Setting next_dagrun for tutorial to 2024-08-29 00:00:00+00:00, run_after=2024-08-30 00:00:00+00:00
[2024-08-30T02:53:43.034+0000] {processor.py:208} INFO - Processing /home/airflow/.local/lib/python3.12/site-packages/airflow/example_dags/tutorial.py took 0.084 seconds
[2024-08-30T02:54:14.126+0000] {processor.py:186} INFO - Started process (PID=5880) to work on /home/airflow/.local/lib/python3.12/site-packages/airflow/example_dags/tutorial.py
[2024-08-30T02:54:14.128+0000] {processor.py:914} INFO - Processing file /home/airflow/.local/lib/python3.12/site-packages/airflow/example_dags/tutorial.py for tasks to queue
[2024-08-30T02:54:14.130+0000] {logging_mixin.py:190} INFO - [2024-08-30T02:54:14.130+0000] {dagbag.py:587} INFO - Filling up the DagBag from /home/airflow/.local/lib/python3.12/site-packages/airflow/example_dags/tutorial.py
[2024-08-30T02:54:14.138+0000] {processor.py:925} INFO - DAG(s) 'tutorial' retrieved from /home/airflow/.local/lib/python3.12/site-packages/airflow/example_dags/tutorial.py
[2024-08-30T02:54:14.160+0000] {logging_mixin.py:190} INFO - [2024-08-30T02:54:14.160+0000] {dag.py:3211} INFO - Sync 1 DAGs
[2024-08-30T02:54:14.184+0000] {logging_mixin.py:190} INFO - [2024-08-30T02:54:14.184+0000] {dag.py:4138} INFO - Setting next_dagrun for tutorial to 2024-08-29 00:00:00+00:00, run_after=2024-08-30 00:00:00+00:00
[2024-08-30T02:54:14.208+0000] {processor.py:208} INFO - Processing /home/airflow/.local/lib/python3.12/site-packages/airflow/example_dags/tutorial.py took 0.088 seconds
[2024-08-30T02:54:45.233+0000] {processor.py:186} INFO - Started process (PID=6174) to work on /home/airflow/.local/lib/python3.12/site-packages/airflow/example_dags/tutorial.py
[2024-08-30T02:54:45.234+0000] {processor.py:914} INFO - Processing file /home/airflow/.local/lib/python3.12/site-packages/airflow/example_dags/tutorial.py for tasks to queue
[2024-08-30T02:54:45.237+0000] {logging_mixin.py:190} INFO - [2024-08-30T02:54:45.236+0000] {dagbag.py:587} INFO - Filling up the DagBag from /home/airflow/.local/lib/python3.12/site-packages/airflow/example_dags/tutorial.py
[2024-08-30T02:54:45.244+0000] {processor.py:925} INFO - DAG(s) 'tutorial' retrieved from /home/airflow/.local/lib/python3.12/site-packages/airflow/example_dags/tutorial.py
[2024-08-30T02:54:45.264+0000] {logging_mixin.py:190} INFO - [2024-08-30T02:54:45.264+0000] {dag.py:3211} INFO - Sync 1 DAGs
[2024-08-30T02:54:45.287+0000] {logging_mixin.py:190} INFO - [2024-08-30T02:54:45.287+0000] {dag.py:4138} INFO - Setting next_dagrun for tutorial to 2024-08-29 00:00:00+00:00, run_after=2024-08-30 00:00:00+00:00
[2024-08-30T02:54:45.307+0000] {processor.py:208} INFO - Processing /home/airflow/.local/lib/python3.12/site-packages/airflow/example_dags/tutorial.py took 0.080 seconds
[2024-08-30T02:55:16.060+0000] {processor.py:186} INFO - Started process (PID=6460) to work on /home/airflow/.local/lib/python3.12/site-packages/airflow/example_dags/tutorial.py
[2024-08-30T02:55:16.062+0000] {processor.py:914} INFO - Processing file /home/airflow/.local/lib/python3.12/site-packages/airflow/example_dags/tutorial.py for tasks to queue
[2024-08-30T02:55:16.064+0000] {logging_mixin.py:190} INFO - [2024-08-30T02:55:16.064+0000] {dagbag.py:587} INFO - Filling up the DagBag from /home/airflow/.local/lib/python3.12/site-packages/airflow/example_dags/tutorial.py
[2024-08-30T02:55:16.073+0000] {processor.py:925} INFO - DAG(s) 'tutorial' retrieved from /home/airflow/.local/lib/python3.12/site-packages/airflow/example_dags/tutorial.py
[2024-08-30T02:55:16.099+0000] {logging_mixin.py:190} INFO - [2024-08-30T02:55:16.098+0000] {dag.py:3211} INFO - Sync 1 DAGs
[2024-08-30T02:55:16.139+0000] {logging_mixin.py:190} INFO - [2024-08-30T02:55:16.138+0000] {dag.py:4138} INFO - Setting next_dagrun for tutorial to 2024-08-29 00:00:00+00:00, run_after=2024-08-30 00:00:00+00:00
[2024-08-30T02:55:16.169+0000] {processor.py:208} INFO - Processing /home/airflow/.local/lib/python3.12/site-packages/airflow/example_dags/tutorial.py took 0.116 seconds
[2024-08-30T02:55:46.345+0000] {processor.py:186} INFO - Started process (PID=6744) to work on /home/airflow/.local/lib/python3.12/site-packages/airflow/example_dags/tutorial.py
[2024-08-30T02:55:46.346+0000] {processor.py:914} INFO - Processing file /home/airflow/.local/lib/python3.12/site-packages/airflow/example_dags/tutorial.py for tasks to queue
[2024-08-30T02:55:46.349+0000] {logging_mixin.py:190} INFO - [2024-08-30T02:55:46.348+0000] {dagbag.py:587} INFO - Filling up the DagBag from /home/airflow/.local/lib/python3.12/site-packages/airflow/example_dags/tutorial.py
[2024-08-30T02:55:46.356+0000] {processor.py:925} INFO - DAG(s) 'tutorial' retrieved from /home/airflow/.local/lib/python3.12/site-packages/airflow/example_dags/tutorial.py
[2024-08-30T02:55:46.375+0000] {logging_mixin.py:190} INFO - [2024-08-30T02:55:46.375+0000] {dag.py:3211} INFO - Sync 1 DAGs
[2024-08-30T02:55:46.396+0000] {logging_mixin.py:190} INFO - [2024-08-30T02:55:46.396+0000] {dag.py:4138} INFO - Setting next_dagrun for tutorial to 2024-08-29 00:00:00+00:00, run_after=2024-08-30 00:00:00+00:00
[2024-08-30T02:55:46.416+0000] {processor.py:208} INFO - Processing /home/airflow/.local/lib/python3.12/site-packages/airflow/example_dags/tutorial.py took 0.076 seconds
[2024-08-30T02:56:16.720+0000] {processor.py:186} INFO - Started process (PID=7030) to work on /home/airflow/.local/lib/python3.12/site-packages/airflow/example_dags/tutorial.py
[2024-08-30T02:56:16.721+0000] {processor.py:914} INFO - Processing file /home/airflow/.local/lib/python3.12/site-packages/airflow/example_dags/tutorial.py for tasks to queue
[2024-08-30T02:56:16.723+0000] {logging_mixin.py:190} INFO - [2024-08-30T02:56:16.723+0000] {dagbag.py:587} INFO - Filling up the DagBag from /home/airflow/.local/lib/python3.12/site-packages/airflow/example_dags/tutorial.py
[2024-08-30T02:56:16.731+0000] {processor.py:925} INFO - DAG(s) 'tutorial' retrieved from /home/airflow/.local/lib/python3.12/site-packages/airflow/example_dags/tutorial.py
[2024-08-30T02:56:16.749+0000] {logging_mixin.py:190} INFO - [2024-08-30T02:56:16.749+0000] {dag.py:3211} INFO - Sync 1 DAGs
[2024-08-30T02:56:16.771+0000] {logging_mixin.py:190} INFO - [2024-08-30T02:56:16.771+0000] {dag.py:4138} INFO - Setting next_dagrun for tutorial to 2024-08-29 00:00:00+00:00, run_after=2024-08-30 00:00:00+00:00
[2024-08-30T02:56:16.792+0000] {processor.py:208} INFO - Processing /home/airflow/.local/lib/python3.12/site-packages/airflow/example_dags/tutorial.py took 0.079 seconds
[2024-08-30T02:56:47.134+0000] {processor.py:186} INFO - Started process (PID=7316) to work on /home/airflow/.local/lib/python3.12/site-packages/airflow/example_dags/tutorial.py
[2024-08-30T02:56:47.135+0000] {processor.py:914} INFO - Processing file /home/airflow/.local/lib/python3.12/site-packages/airflow/example_dags/tutorial.py for tasks to queue
[2024-08-30T02:56:47.137+0000] {logging_mixin.py:190} INFO - [2024-08-30T02:56:47.137+0000] {dagbag.py:587} INFO - Filling up the DagBag from /home/airflow/.local/lib/python3.12/site-packages/airflow/example_dags/tutorial.py
[2024-08-30T02:56:47.144+0000] {processor.py:925} INFO - DAG(s) 'tutorial' retrieved from /home/airflow/.local/lib/python3.12/site-packages/airflow/example_dags/tutorial.py
[2024-08-30T02:56:47.164+0000] {logging_mixin.py:190} INFO - [2024-08-30T02:56:47.164+0000] {dag.py:3211} INFO - Sync 1 DAGs
[2024-08-30T02:56:47.193+0000] {logging_mixin.py:190} INFO - [2024-08-30T02:56:47.193+0000] {dag.py:4138} INFO - Setting next_dagrun for tutorial to 2024-08-29 00:00:00+00:00, run_after=2024-08-30 00:00:00+00:00
[2024-08-30T02:56:47.222+0000] {processor.py:208} INFO - Processing /home/airflow/.local/lib/python3.12/site-packages/airflow/example_dags/tutorial.py took 0.094 seconds
[2024-08-30T02:57:17.466+0000] {processor.py:186} INFO - Started process (PID=7604) to work on /home/airflow/.local/lib/python3.12/site-packages/airflow/example_dags/tutorial.py
[2024-08-30T02:57:17.467+0000] {processor.py:914} INFO - Processing file /home/airflow/.local/lib/python3.12/site-packages/airflow/example_dags/tutorial.py for tasks to queue
[2024-08-30T02:57:17.469+0000] {logging_mixin.py:190} INFO - [2024-08-30T02:57:17.469+0000] {dagbag.py:587} INFO - Filling up the DagBag from /home/airflow/.local/lib/python3.12/site-packages/airflow/example_dags/tutorial.py
[2024-08-30T02:57:17.476+0000] {processor.py:925} INFO - DAG(s) 'tutorial' retrieved from /home/airflow/.local/lib/python3.12/site-packages/airflow/example_dags/tutorial.py
[2024-08-30T02:57:17.495+0000] {logging_mixin.py:190} INFO - [2024-08-30T02:57:17.495+0000] {dag.py:3211} INFO - Sync 1 DAGs
[2024-08-30T02:57:17.519+0000] {logging_mixin.py:190} INFO - [2024-08-30T02:57:17.519+0000] {dag.py:4138} INFO - Setting next_dagrun for tutorial to 2024-08-29 00:00:00+00:00, run_after=2024-08-30 00:00:00+00:00
[2024-08-30T02:57:17.539+0000] {processor.py:208} INFO - Processing /home/airflow/.local/lib/python3.12/site-packages/airflow/example_dags/tutorial.py took 0.077 seconds
