[2024-08-29T01:49:53.542+0000] {local_task_job_runner.py:123} INFO - ::group::Pre task execution logs
[2024-08-29T01:49:53.585+0000] {taskinstance.py:2603} INFO - Dependencies all met for dep_context=non-requeueable deps ti=<TaskInstance: example_bash_operator.also_run_this scheduled__2024-08-28T00:00:00+00:00 [queued]>
[2024-08-29T01:49:53.606+0000] {taskinstance.py:2603} INFO - Dependencies all met for dep_context=requeueable deps ti=<TaskInstance: example_bash_operator.also_run_this scheduled__2024-08-28T00:00:00+00:00 [queued]>
[2024-08-29T01:49:53.611+0000] {taskinstance.py:2856} INFO - Starting attempt 1 of 1
[2024-08-29T01:49:53.672+0000] {taskinstance.py:2879} INFO - Executing <Task(BashOperator): also_run_this> on 2024-08-28 00:00:00+00:00
[2024-08-29T01:49:53.692+0000] {standard_task_runner.py:104} INFO - Running: ['***', 'tasks', 'run', 'example_bash_operator', 'also_run_this', 'scheduled__2024-08-28T00:00:00+00:00', '--job-id', '4', '--raw', '--subdir', '/home/***/.local/lib/python3.12/site-packages/***/example_dags/example_bash_operator.py', '--cfg-path', '/tmp/tmpsm3u1ph0']
[2024-08-29T01:49:53.695+0000] {standard_task_runner.py:105} INFO - Job 4: Subtask also_run_this
[2024-08-29T01:49:53.696+0000] {logging_mixin.py:190} WARNING - /home/***/.local/lib/python3.12/site-packages/***/task/task_runner/standard_task_runner.py:70 DeprecationWarning: This process (pid=2354) is multi-threaded, use of fork() may lead to deadlocks in the child.
[2024-08-29T01:49:53.698+0000] {standard_task_runner.py:72} INFO - Started process 2395 to run task
[2024-08-29T01:49:53.843+0000] {task_command.py:467} INFO - Running <TaskInstance: example_bash_operator.also_run_this scheduled__2024-08-28T00:00:00+00:00 [running]> on host 3c7bc7321ad5
[2024-08-29T01:49:54.091+0000] {taskinstance.py:3122} INFO - Exporting env vars: AIRFLOW_CTX_DAG_OWNER='***' AIRFLOW_CTX_DAG_ID='example_bash_operator' AIRFLOW_CTX_TASK_ID='also_run_this' AIRFLOW_CTX_EXECUTION_DATE='2024-08-28T00:00:00+00:00' AIRFLOW_CTX_TRY_NUMBER='1' AIRFLOW_CTX_DAG_RUN_ID='scheduled__2024-08-28T00:00:00+00:00'
[2024-08-29T01:49:54.093+0000] {logging_mixin.py:190} INFO - Task instance is in running state
[2024-08-29T01:49:54.094+0000] {logging_mixin.py:190} INFO -  Previous state of the Task instance: queued
[2024-08-29T01:49:54.095+0000] {logging_mixin.py:190} INFO - Current task name:also_run_this state:running start_date:2024-08-29 01:49:53.586902+00:00
[2024-08-29T01:49:54.096+0000] {logging_mixin.py:190} INFO - Dag name:example_bash_operator and current dag run status:running
[2024-08-29T01:49:54.099+0000] {taskinstance.py:731} INFO - ::endgroup::
[2024-08-29T01:49:54.101+0000] {subprocess.py:63} INFO - Tmp dir root location: /tmp
[2024-08-29T01:49:54.104+0000] {subprocess.py:75} INFO - Running command: ['/usr/bin/bash', '-c', 'echo "ti_key=example_bash_operator__also_run_this__20240828"']
[2024-08-29T01:49:54.147+0000] {subprocess.py:86} INFO - Output:
[2024-08-29T01:49:54.153+0000] {subprocess.py:93} INFO - ti_key=example_bash_operator__also_run_this__20240828
[2024-08-29T01:49:54.154+0000] {subprocess.py:97} INFO - Command exited with return code 0
[2024-08-29T01:49:54.222+0000] {taskinstance.py:340} INFO - ::group::Post task execution logs
[2024-08-29T01:49:54.223+0000] {taskinstance.py:352} INFO - Marking task as SUCCESS. dag_id=example_bash_operator, task_id=also_run_this, run_id=scheduled__2024-08-28T00:00:00+00:00, execution_date=20240828T000000, start_date=20240829T014953, end_date=20240829T014954
[2024-08-29T01:49:54.245+0000] {logging_mixin.py:190} INFO - Task instance in success state
[2024-08-29T01:49:54.246+0000] {logging_mixin.py:190} INFO -  Previous state of the Task instance: running
[2024-08-29T01:49:54.247+0000] {logging_mixin.py:190} INFO - Dag name:example_bash_operator queued_at:2024-08-29 01:49:51.599956+00:00
[2024-08-29T01:49:54.248+0000] {logging_mixin.py:190} INFO - Task hostname:3c7bc7321ad5 operator:BashOperator
[2024-08-29T01:49:54.312+0000] {local_task_job_runner.py:261} INFO - Task exited with return code 0
[2024-08-29T01:49:54.325+0000] {local_task_job_runner.py:240} INFO - ::endgroup::
