[2024-08-30T09:30:06.026+0000] {processor.py:186} INFO - Started process (PID=5252) to work on /opt/airflow/dags/taskflow_api_dag.py
[2024-08-30T09:30:06.027+0000] {processor.py:914} INFO - Processing file /opt/airflow/dags/taskflow_api_dag.py for tasks to queue
[2024-08-30T09:30:06.028+0000] {logging_mixin.py:190} INFO - [2024-08-30T09:30:06.028+0000] {dagbag.py:587} INFO - Filling up the DagBag from /opt/airflow/dags/taskflow_api_dag.py
[2024-08-30T09:30:06.054+0000] {processor.py:925} INFO - DAG(s) 'dag_with_taskflow_api_v01' retrieved from /opt/airflow/dags/taskflow_api_dag.py
[2024-08-30T09:30:06.178+0000] {logging_mixin.py:190} INFO - [2024-08-30T09:30:06.177+0000] {override.py:1858} INFO - Created Permission View: can edit on DAG:dag_with_taskflow_api_v01
[2024-08-30T09:30:06.191+0000] {logging_mixin.py:190} INFO - [2024-08-30T09:30:06.191+0000] {override.py:1858} INFO - Created Permission View: can read on DAG:dag_with_taskflow_api_v01
[2024-08-30T09:30:06.200+0000] {logging_mixin.py:190} INFO - [2024-08-30T09:30:06.200+0000] {override.py:1858} INFO - Created Permission View: can delete on DAG:dag_with_taskflow_api_v01
[2024-08-30T09:30:06.201+0000] {logging_mixin.py:190} INFO - [2024-08-30T09:30:06.201+0000] {dag.py:3211} INFO - Sync 1 DAGs
[2024-08-30T09:30:06.215+0000] {logging_mixin.py:190} INFO - [2024-08-30T09:30:06.215+0000] {dag.py:3234} INFO - Creating ORM DAG for dag_with_taskflow_api_v01
[2024-08-30T09:30:06.228+0000] {logging_mixin.py:190} INFO - [2024-08-30T09:30:06.228+0000] {dag.py:4138} INFO - Setting next_dagrun for dag_with_taskflow_api_v01 to 2024-08-31 00:00:00+00:00, run_after=2024-09-01 00:00:00+00:00
[2024-08-30T09:30:06.249+0000] {processor.py:208} INFO - Processing /opt/airflow/dags/taskflow_api_dag.py took 0.228 seconds
[2024-08-30T09:30:36.432+0000] {processor.py:186} INFO - Started process (PID=5273) to work on /opt/airflow/dags/taskflow_api_dag.py
[2024-08-30T09:30:36.433+0000] {processor.py:914} INFO - Processing file /opt/airflow/dags/taskflow_api_dag.py for tasks to queue
[2024-08-30T09:30:36.435+0000] {logging_mixin.py:190} INFO - [2024-08-30T09:30:36.434+0000] {dagbag.py:587} INFO - Filling up the DagBag from /opt/airflow/dags/taskflow_api_dag.py
[2024-08-30T09:30:36.453+0000] {processor.py:925} INFO - DAG(s) 'dag_with_taskflow_api_v01' retrieved from /opt/airflow/dags/taskflow_api_dag.py
[2024-08-30T09:30:36.481+0000] {logging_mixin.py:190} INFO - [2024-08-30T09:30:36.480+0000] {dag.py:3211} INFO - Sync 1 DAGs
[2024-08-30T09:30:36.505+0000] {logging_mixin.py:190} INFO - [2024-08-30T09:30:36.504+0000] {dag.py:4138} INFO - Setting next_dagrun for dag_with_taskflow_api_v01 to 2024-08-31 00:00:00+00:00, run_after=2024-09-01 00:00:00+00:00
[2024-08-30T09:30:36.525+0000] {processor.py:208} INFO - Processing /opt/airflow/dags/taskflow_api_dag.py took 0.099 seconds
[2024-08-30T09:30:39.591+0000] {processor.py:186} INFO - Started process (PID=5283) to work on /opt/airflow/dags/taskflow_api_dag.py
[2024-08-30T09:30:39.593+0000] {processor.py:914} INFO - Processing file /opt/airflow/dags/taskflow_api_dag.py for tasks to queue
[2024-08-30T09:30:39.595+0000] {logging_mixin.py:190} INFO - [2024-08-30T09:30:39.595+0000] {dagbag.py:587} INFO - Filling up the DagBag from /opt/airflow/dags/taskflow_api_dag.py
[2024-08-30T09:30:39.624+0000] {processor.py:925} INFO - DAG(s) 'dag_with_taskflow_api_v01' retrieved from /opt/airflow/dags/taskflow_api_dag.py
[2024-08-30T09:30:39.651+0000] {logging_mixin.py:190} INFO - [2024-08-30T09:30:39.651+0000] {dag.py:3211} INFO - Sync 1 DAGs
[2024-08-30T09:30:39.675+0000] {logging_mixin.py:190} INFO - [2024-08-30T09:30:39.674+0000] {dag.py:4138} INFO - Setting next_dagrun for dag_with_taskflow_api_v01 to 2024-08-31 00:00:00+00:00, run_after=2024-09-01 00:00:00+00:00
[2024-08-30T09:30:39.698+0000] {processor.py:208} INFO - Processing /opt/airflow/dags/taskflow_api_dag.py took 0.112 seconds
[2024-08-30T09:31:10.006+0000] {processor.py:186} INFO - Started process (PID=5304) to work on /opt/airflow/dags/taskflow_api_dag.py
[2024-08-30T09:31:10.007+0000] {processor.py:914} INFO - Processing file /opt/airflow/dags/taskflow_api_dag.py for tasks to queue
[2024-08-30T09:31:10.008+0000] {logging_mixin.py:190} INFO - [2024-08-30T09:31:10.008+0000] {dagbag.py:587} INFO - Filling up the DagBag from /opt/airflow/dags/taskflow_api_dag.py
[2024-08-30T09:31:10.027+0000] {processor.py:925} INFO - DAG(s) 'dag_with_taskflow_api_v01' retrieved from /opt/airflow/dags/taskflow_api_dag.py
[2024-08-30T09:31:10.055+0000] {logging_mixin.py:190} INFO - [2024-08-30T09:31:10.055+0000] {dag.py:3211} INFO - Sync 1 DAGs
[2024-08-30T09:31:10.079+0000] {logging_mixin.py:190} INFO - [2024-08-30T09:31:10.079+0000] {dag.py:4138} INFO - Setting next_dagrun for dag_with_taskflow_api_v01 to 2024-08-31 00:00:00+00:00, run_after=2024-09-01 00:00:00+00:00
[2024-08-30T09:31:10.105+0000] {processor.py:208} INFO - Processing /opt/airflow/dags/taskflow_api_dag.py took 0.106 seconds
[2024-08-30T09:31:40.497+0000] {processor.py:186} INFO - Started process (PID=5325) to work on /opt/airflow/dags/taskflow_api_dag.py
[2024-08-30T09:31:40.498+0000] {processor.py:914} INFO - Processing file /opt/airflow/dags/taskflow_api_dag.py for tasks to queue
[2024-08-30T09:31:40.499+0000] {logging_mixin.py:190} INFO - [2024-08-30T09:31:40.499+0000] {dagbag.py:587} INFO - Filling up the DagBag from /opt/airflow/dags/taskflow_api_dag.py
[2024-08-30T09:31:40.517+0000] {processor.py:925} INFO - DAG(s) 'dag_with_taskflow_api_v01' retrieved from /opt/airflow/dags/taskflow_api_dag.py
[2024-08-30T09:31:40.541+0000] {logging_mixin.py:190} INFO - [2024-08-30T09:31:40.541+0000] {dag.py:3211} INFO - Sync 1 DAGs
[2024-08-30T09:31:40.563+0000] {logging_mixin.py:190} INFO - [2024-08-30T09:31:40.563+0000] {dag.py:4138} INFO - Setting next_dagrun for dag_with_taskflow_api_v01 to 2024-08-31 00:00:00+00:00, run_after=2024-09-01 00:00:00+00:00
[2024-08-30T09:31:40.594+0000] {processor.py:208} INFO - Processing /opt/airflow/dags/taskflow_api_dag.py took 0.102 seconds
[2024-08-30T09:32:10.904+0000] {processor.py:186} INFO - Started process (PID=5346) to work on /opt/airflow/dags/taskflow_api_dag.py
[2024-08-30T09:32:10.905+0000] {processor.py:914} INFO - Processing file /opt/airflow/dags/taskflow_api_dag.py for tasks to queue
[2024-08-30T09:32:10.906+0000] {logging_mixin.py:190} INFO - [2024-08-30T09:32:10.906+0000] {dagbag.py:587} INFO - Filling up the DagBag from /opt/airflow/dags/taskflow_api_dag.py
[2024-08-30T09:32:10.922+0000] {processor.py:925} INFO - DAG(s) 'dag_with_taskflow_api_v01' retrieved from /opt/airflow/dags/taskflow_api_dag.py
[2024-08-30T09:32:10.947+0000] {logging_mixin.py:190} INFO - [2024-08-30T09:32:10.947+0000] {dag.py:3211} INFO - Sync 1 DAGs
[2024-08-30T09:32:10.969+0000] {logging_mixin.py:190} INFO - [2024-08-30T09:32:10.969+0000] {dag.py:4138} INFO - Setting next_dagrun for dag_with_taskflow_api_v01 to 2024-08-31 00:00:00+00:00, run_after=2024-09-01 00:00:00+00:00
[2024-08-30T09:32:10.999+0000] {processor.py:208} INFO - Processing /opt/airflow/dags/taskflow_api_dag.py took 0.100 seconds
[2024-08-30T09:32:41.367+0000] {processor.py:186} INFO - Started process (PID=5367) to work on /opt/airflow/dags/taskflow_api_dag.py
[2024-08-30T09:32:41.368+0000] {processor.py:914} INFO - Processing file /opt/airflow/dags/taskflow_api_dag.py for tasks to queue
[2024-08-30T09:32:41.370+0000] {logging_mixin.py:190} INFO - [2024-08-30T09:32:41.369+0000] {dagbag.py:587} INFO - Filling up the DagBag from /opt/airflow/dags/taskflow_api_dag.py
[2024-08-30T09:32:41.392+0000] {processor.py:925} INFO - DAG(s) 'dag_with_taskflow_api_v01' retrieved from /opt/airflow/dags/taskflow_api_dag.py
[2024-08-30T09:32:41.424+0000] {logging_mixin.py:190} INFO - [2024-08-30T09:32:41.423+0000] {dag.py:3211} INFO - Sync 1 DAGs
[2024-08-30T09:32:41.450+0000] {logging_mixin.py:190} INFO - [2024-08-30T09:32:41.450+0000] {dag.py:4138} INFO - Setting next_dagrun for dag_with_taskflow_api_v01 to 2024-08-31 00:00:00+00:00, run_after=2024-09-01 00:00:00+00:00
[2024-08-30T09:32:41.485+0000] {processor.py:208} INFO - Processing /opt/airflow/dags/taskflow_api_dag.py took 0.126 seconds
[2024-08-30T09:33:11.808+0000] {processor.py:186} INFO - Started process (PID=5388) to work on /opt/airflow/dags/taskflow_api_dag.py
[2024-08-30T09:33:11.810+0000] {processor.py:914} INFO - Processing file /opt/airflow/dags/taskflow_api_dag.py for tasks to queue
[2024-08-30T09:33:11.812+0000] {logging_mixin.py:190} INFO - [2024-08-30T09:33:11.811+0000] {dagbag.py:587} INFO - Filling up the DagBag from /opt/airflow/dags/taskflow_api_dag.py
[2024-08-30T09:33:11.829+0000] {processor.py:925} INFO - DAG(s) 'dag_with_taskflow_api_v01' retrieved from /opt/airflow/dags/taskflow_api_dag.py
[2024-08-30T09:33:11.857+0000] {logging_mixin.py:190} INFO - [2024-08-30T09:33:11.856+0000] {dag.py:3211} INFO - Sync 1 DAGs
[2024-08-30T09:33:11.882+0000] {logging_mixin.py:190} INFO - [2024-08-30T09:33:11.882+0000] {dag.py:4138} INFO - Setting next_dagrun for dag_with_taskflow_api_v01 to 2024-08-31 00:00:00+00:00, run_after=2024-09-01 00:00:00+00:00
[2024-08-30T09:33:11.914+0000] {processor.py:208} INFO - Processing /opt/airflow/dags/taskflow_api_dag.py took 0.111 seconds
[2024-08-30T09:33:42.274+0000] {processor.py:186} INFO - Started process (PID=5409) to work on /opt/airflow/dags/taskflow_api_dag.py
[2024-08-30T09:33:42.275+0000] {processor.py:914} INFO - Processing file /opt/airflow/dags/taskflow_api_dag.py for tasks to queue
[2024-08-30T09:33:42.276+0000] {logging_mixin.py:190} INFO - [2024-08-30T09:33:42.276+0000] {dagbag.py:587} INFO - Filling up the DagBag from /opt/airflow/dags/taskflow_api_dag.py
[2024-08-30T09:33:42.295+0000] {processor.py:925} INFO - DAG(s) 'dag_with_taskflow_api_v01' retrieved from /opt/airflow/dags/taskflow_api_dag.py
[2024-08-30T09:33:42.321+0000] {logging_mixin.py:190} INFO - [2024-08-30T09:33:42.321+0000] {dag.py:3211} INFO - Sync 1 DAGs
[2024-08-30T09:33:42.344+0000] {logging_mixin.py:190} INFO - [2024-08-30T09:33:42.344+0000] {dag.py:4138} INFO - Setting next_dagrun for dag_with_taskflow_api_v01 to 2024-08-31 00:00:00+00:00, run_after=2024-09-01 00:00:00+00:00
[2024-08-30T09:33:42.363+0000] {processor.py:208} INFO - Processing /opt/airflow/dags/taskflow_api_dag.py took 0.095 seconds
[2024-08-30T09:34:12.701+0000] {processor.py:186} INFO - Started process (PID=5430) to work on /opt/airflow/dags/taskflow_api_dag.py
[2024-08-30T09:34:12.702+0000] {processor.py:914} INFO - Processing file /opt/airflow/dags/taskflow_api_dag.py for tasks to queue
[2024-08-30T09:34:12.703+0000] {logging_mixin.py:190} INFO - [2024-08-30T09:34:12.703+0000] {dagbag.py:587} INFO - Filling up the DagBag from /opt/airflow/dags/taskflow_api_dag.py
[2024-08-30T09:34:12.720+0000] {processor.py:925} INFO - DAG(s) 'dag_with_taskflow_api_v01' retrieved from /opt/airflow/dags/taskflow_api_dag.py
[2024-08-30T09:34:12.746+0000] {logging_mixin.py:190} INFO - [2024-08-30T09:34:12.746+0000] {dag.py:3211} INFO - Sync 1 DAGs
[2024-08-30T09:34:12.771+0000] {logging_mixin.py:190} INFO - [2024-08-30T09:34:12.770+0000] {dag.py:4138} INFO - Setting next_dagrun for dag_with_taskflow_api_v01 to 2024-08-31 00:00:00+00:00, run_after=2024-09-01 00:00:00+00:00
[2024-08-30T09:34:12.794+0000] {processor.py:208} INFO - Processing /opt/airflow/dags/taskflow_api_dag.py took 0.098 seconds
[2024-08-30T09:34:43.176+0000] {processor.py:186} INFO - Started process (PID=5451) to work on /opt/airflow/dags/taskflow_api_dag.py
[2024-08-30T09:34:43.177+0000] {processor.py:914} INFO - Processing file /opt/airflow/dags/taskflow_api_dag.py for tasks to queue
[2024-08-30T09:34:43.179+0000] {logging_mixin.py:190} INFO - [2024-08-30T09:34:43.178+0000] {dagbag.py:587} INFO - Filling up the DagBag from /opt/airflow/dags/taskflow_api_dag.py
[2024-08-30T09:34:43.197+0000] {processor.py:925} INFO - DAG(s) 'dag_with_taskflow_api_v01' retrieved from /opt/airflow/dags/taskflow_api_dag.py
[2024-08-30T09:34:43.222+0000] {logging_mixin.py:190} INFO - [2024-08-30T09:34:43.222+0000] {dag.py:3211} INFO - Sync 1 DAGs
[2024-08-30T09:34:43.247+0000] {logging_mixin.py:190} INFO - [2024-08-30T09:34:43.246+0000] {dag.py:4138} INFO - Setting next_dagrun for dag_with_taskflow_api_v01 to 2024-08-31 00:00:00+00:00, run_after=2024-09-01 00:00:00+00:00
[2024-08-30T09:34:43.268+0000] {processor.py:208} INFO - Processing /opt/airflow/dags/taskflow_api_dag.py took 0.097 seconds
[2024-08-30T09:35:13.617+0000] {processor.py:186} INFO - Started process (PID=5472) to work on /opt/airflow/dags/taskflow_api_dag.py
[2024-08-30T09:35:13.618+0000] {processor.py:914} INFO - Processing file /opt/airflow/dags/taskflow_api_dag.py for tasks to queue
[2024-08-30T09:35:13.620+0000] {logging_mixin.py:190} INFO - [2024-08-30T09:35:13.619+0000] {dagbag.py:587} INFO - Filling up the DagBag from /opt/airflow/dags/taskflow_api_dag.py
[2024-08-30T09:35:13.637+0000] {processor.py:925} INFO - DAG(s) 'dag_with_taskflow_api_v01' retrieved from /opt/airflow/dags/taskflow_api_dag.py
[2024-08-30T09:35:13.664+0000] {logging_mixin.py:190} INFO - [2024-08-30T09:35:13.664+0000] {dag.py:3211} INFO - Sync 1 DAGs
[2024-08-30T09:35:13.688+0000] {logging_mixin.py:190} INFO - [2024-08-30T09:35:13.687+0000] {dag.py:4138} INFO - Setting next_dagrun for dag_with_taskflow_api_v01 to 2024-08-31 00:00:00+00:00, run_after=2024-09-01 00:00:00+00:00
[2024-08-30T09:35:13.717+0000] {processor.py:208} INFO - Processing /opt/airflow/dags/taskflow_api_dag.py took 0.106 seconds
[2024-08-30T09:35:44.106+0000] {processor.py:186} INFO - Started process (PID=5493) to work on /opt/airflow/dags/taskflow_api_dag.py
[2024-08-30T09:35:44.107+0000] {processor.py:914} INFO - Processing file /opt/airflow/dags/taskflow_api_dag.py for tasks to queue
[2024-08-30T09:35:44.108+0000] {logging_mixin.py:190} INFO - [2024-08-30T09:35:44.108+0000] {dagbag.py:587} INFO - Filling up the DagBag from /opt/airflow/dags/taskflow_api_dag.py
[2024-08-30T09:35:44.124+0000] {processor.py:925} INFO - DAG(s) 'dag_with_taskflow_api_v01' retrieved from /opt/airflow/dags/taskflow_api_dag.py
[2024-08-30T09:35:44.149+0000] {logging_mixin.py:190} INFO - [2024-08-30T09:35:44.149+0000] {dag.py:3211} INFO - Sync 1 DAGs
[2024-08-30T09:35:44.172+0000] {logging_mixin.py:190} INFO - [2024-08-30T09:35:44.172+0000] {dag.py:4138} INFO - Setting next_dagrun for dag_with_taskflow_api_v01 to 2024-08-31 00:00:00+00:00, run_after=2024-09-01 00:00:00+00:00
[2024-08-30T09:35:44.191+0000] {processor.py:208} INFO - Processing /opt/airflow/dags/taskflow_api_dag.py took 0.091 seconds
[2024-08-30T09:36:14.496+0000] {processor.py:186} INFO - Started process (PID=5515) to work on /opt/airflow/dags/taskflow_api_dag.py
[2024-08-30T09:36:14.497+0000] {processor.py:914} INFO - Processing file /opt/airflow/dags/taskflow_api_dag.py for tasks to queue
[2024-08-30T09:36:14.498+0000] {logging_mixin.py:190} INFO - [2024-08-30T09:36:14.498+0000] {dagbag.py:587} INFO - Filling up the DagBag from /opt/airflow/dags/taskflow_api_dag.py
[2024-08-30T09:36:14.515+0000] {processor.py:925} INFO - DAG(s) 'dag_with_taskflow_api_v01' retrieved from /opt/airflow/dags/taskflow_api_dag.py
[2024-08-30T09:36:14.541+0000] {logging_mixin.py:190} INFO - [2024-08-30T09:36:14.541+0000] {dag.py:3211} INFO - Sync 1 DAGs
[2024-08-30T09:36:14.563+0000] {logging_mixin.py:190} INFO - [2024-08-30T09:36:14.563+0000] {dag.py:4138} INFO - Setting next_dagrun for dag_with_taskflow_api_v01 to 2024-08-31 00:00:00+00:00, run_after=2024-09-01 00:00:00+00:00
[2024-08-30T09:36:14.583+0000] {processor.py:208} INFO - Processing /opt/airflow/dags/taskflow_api_dag.py took 0.092 seconds
[2024-08-30T09:36:44.955+0000] {processor.py:186} INFO - Started process (PID=5536) to work on /opt/airflow/dags/taskflow_api_dag.py
[2024-08-30T09:36:44.956+0000] {processor.py:914} INFO - Processing file /opt/airflow/dags/taskflow_api_dag.py for tasks to queue
[2024-08-30T09:36:44.957+0000] {logging_mixin.py:190} INFO - [2024-08-30T09:36:44.957+0000] {dagbag.py:587} INFO - Filling up the DagBag from /opt/airflow/dags/taskflow_api_dag.py
[2024-08-30T09:36:44.974+0000] {processor.py:925} INFO - DAG(s) 'dag_with_taskflow_api_v01' retrieved from /opt/airflow/dags/taskflow_api_dag.py
[2024-08-30T09:36:45.000+0000] {logging_mixin.py:190} INFO - [2024-08-30T09:36:44.999+0000] {dag.py:3211} INFO - Sync 1 DAGs
[2024-08-30T09:36:45.023+0000] {logging_mixin.py:190} INFO - [2024-08-30T09:36:45.023+0000] {dag.py:4138} INFO - Setting next_dagrun for dag_with_taskflow_api_v01 to 2024-08-31 00:00:00+00:00, run_after=2024-09-01 00:00:00+00:00
[2024-08-30T09:36:45.045+0000] {processor.py:208} INFO - Processing /opt/airflow/dags/taskflow_api_dag.py took 0.095 seconds
[2024-08-30T09:37:13.344+0000] {processor.py:186} INFO - Started process (PID=5552) to work on /opt/airflow/dags/taskflow_api_dag.py
[2024-08-30T09:37:13.345+0000] {processor.py:914} INFO - Processing file /opt/airflow/dags/taskflow_api_dag.py for tasks to queue
[2024-08-30T09:37:13.346+0000] {logging_mixin.py:190} INFO - [2024-08-30T09:37:13.346+0000] {dagbag.py:587} INFO - Filling up the DagBag from /opt/airflow/dags/taskflow_api_dag.py
[2024-08-30T09:37:13.374+0000] {processor.py:925} INFO - DAG(s) 'dag_with_taskflow_api_v02' retrieved from /opt/airflow/dags/taskflow_api_dag.py
[2024-08-30T09:37:13.498+0000] {logging_mixin.py:190} INFO - [2024-08-30T09:37:13.497+0000] {override.py:1858} INFO - Created Permission View: can edit on DAG:dag_with_taskflow_api_v02
[2024-08-30T09:37:13.510+0000] {logging_mixin.py:190} INFO - [2024-08-30T09:37:13.510+0000] {override.py:1858} INFO - Created Permission View: can read on DAG:dag_with_taskflow_api_v02
[2024-08-30T09:37:13.518+0000] {logging_mixin.py:190} INFO - [2024-08-30T09:37:13.518+0000] {override.py:1858} INFO - Created Permission View: can delete on DAG:dag_with_taskflow_api_v02
[2024-08-30T09:37:13.519+0000] {logging_mixin.py:190} INFO - [2024-08-30T09:37:13.519+0000] {dag.py:3211} INFO - Sync 1 DAGs
[2024-08-30T09:37:13.533+0000] {logging_mixin.py:190} INFO - [2024-08-30T09:37:13.533+0000] {dag.py:3234} INFO - Creating ORM DAG for dag_with_taskflow_api_v02
[2024-08-30T09:37:13.546+0000] {logging_mixin.py:190} INFO - [2024-08-30T09:37:13.546+0000] {dag.py:4138} INFO - Setting next_dagrun for dag_with_taskflow_api_v02 to 2021-10-26 00:00:00+00:00, run_after=2021-10-27 00:00:00+00:00
[2024-08-30T09:37:13.565+0000] {processor.py:208} INFO - Processing /opt/airflow/dags/taskflow_api_dag.py took 0.226 seconds
[2024-08-30T09:37:43.761+0000] {processor.py:186} INFO - Started process (PID=5978) to work on /opt/airflow/dags/taskflow_api_dag.py
[2024-08-30T09:37:43.762+0000] {processor.py:914} INFO - Processing file /opt/airflow/dags/taskflow_api_dag.py for tasks to queue
[2024-08-30T09:37:43.763+0000] {logging_mixin.py:190} INFO - [2024-08-30T09:37:43.763+0000] {dagbag.py:587} INFO - Filling up the DagBag from /opt/airflow/dags/taskflow_api_dag.py
[2024-08-30T09:37:43.781+0000] {processor.py:925} INFO - DAG(s) 'dag_with_taskflow_api_v02' retrieved from /opt/airflow/dags/taskflow_api_dag.py
[2024-08-30T09:37:43.808+0000] {logging_mixin.py:190} INFO - [2024-08-30T09:37:43.808+0000] {dag.py:3211} INFO - Sync 1 DAGs
[2024-08-30T09:37:43.836+0000] {logging_mixin.py:190} INFO - [2024-08-30T09:37:43.836+0000] {dag.py:4138} INFO - Setting next_dagrun for dag_with_taskflow_api_v02 to 2021-12-09 00:00:00+00:00, run_after=2021-12-10 00:00:00+00:00
[2024-08-30T09:37:43.857+0000] {processor.py:208} INFO - Processing /opt/airflow/dags/taskflow_api_dag.py took 0.102 seconds
[2024-08-30T09:38:14.185+0000] {processor.py:186} INFO - Started process (PID=6503) to work on /opt/airflow/dags/taskflow_api_dag.py
[2024-08-30T09:38:14.186+0000] {processor.py:914} INFO - Processing file /opt/airflow/dags/taskflow_api_dag.py for tasks to queue
[2024-08-30T09:38:14.187+0000] {logging_mixin.py:190} INFO - [2024-08-30T09:38:14.187+0000] {dagbag.py:587} INFO - Filling up the DagBag from /opt/airflow/dags/taskflow_api_dag.py
[2024-08-30T09:38:14.207+0000] {processor.py:925} INFO - DAG(s) 'dag_with_taskflow_api_v02' retrieved from /opt/airflow/dags/taskflow_api_dag.py
[2024-08-30T09:38:14.239+0000] {logging_mixin.py:190} INFO - [2024-08-30T09:38:14.239+0000] {dag.py:3211} INFO - Sync 1 DAGs
[2024-08-30T09:38:14.264+0000] {logging_mixin.py:190} INFO - [2024-08-30T09:38:14.263+0000] {dag.py:4138} INFO - Setting next_dagrun for dag_with_taskflow_api_v02 to 2022-02-03 00:00:00+00:00, run_after=2022-02-04 00:00:00+00:00
[2024-08-30T09:38:14.295+0000] {processor.py:208} INFO - Processing /opt/airflow/dags/taskflow_api_dag.py took 0.115 seconds
[2024-08-30T09:38:31.564+0000] {processor.py:186} INFO - Started process (PID=6524) to work on /opt/airflow/dags/taskflow_api_dag.py
[2024-08-30T09:38:31.569+0000] {processor.py:914} INFO - Processing file /opt/airflow/dags/taskflow_api_dag.py for tasks to queue
[2024-08-30T09:38:31.571+0000] {logging_mixin.py:190} INFO - [2024-08-30T09:38:31.570+0000] {dagbag.py:587} INFO - Filling up the DagBag from /opt/airflow/dags/taskflow_api_dag.py
[2024-08-30T09:38:31.601+0000] {processor.py:925} INFO - DAG(s) 'dag_with_taskflow_api_v02' retrieved from /opt/airflow/dags/taskflow_api_dag.py
[2024-08-30T09:38:31.714+0000] {logging_mixin.py:190} INFO - [2024-08-30T09:38:31.713+0000] {dag.py:3211} INFO - Sync 1 DAGs
[2024-08-30T09:38:31.734+0000] {logging_mixin.py:190} INFO - [2024-08-30T09:38:31.733+0000] {dag.py:4138} INFO - Setting next_dagrun for dag_with_taskflow_api_v02 to 2024-08-30 00:00:00+00:00, run_after=2024-08-31 00:00:00+00:00
[2024-08-30T09:38:31.754+0000] {processor.py:208} INFO - Processing /opt/airflow/dags/taskflow_api_dag.py took 0.196 seconds
[2024-08-30T09:38:42.706+0000] {processor.py:186} INFO - Started process (PID=6529) to work on /opt/airflow/dags/taskflow_api_dag.py
[2024-08-30T09:38:42.707+0000] {processor.py:914} INFO - Processing file /opt/airflow/dags/taskflow_api_dag.py for tasks to queue
[2024-08-30T09:38:42.709+0000] {logging_mixin.py:190} INFO - [2024-08-30T09:38:42.709+0000] {dagbag.py:587} INFO - Filling up the DagBag from /opt/airflow/dags/taskflow_api_dag.py
[2024-08-30T09:38:42.736+0000] {processor.py:925} INFO - DAG(s) 'dag_with_taskflow_api_v02' retrieved from /opt/airflow/dags/taskflow_api_dag.py
[2024-08-30T09:38:42.751+0000] {logging_mixin.py:190} INFO - [2024-08-30T09:38:42.750+0000] {dag.py:3211} INFO - Sync 1 DAGs
[2024-08-30T09:38:42.776+0000] {logging_mixin.py:190} INFO - [2024-08-30T09:38:42.776+0000] {dag.py:4138} INFO - Setting next_dagrun for dag_with_taskflow_api_v02 to 2024-08-30 00:00:00+00:00, run_after=2024-08-31 00:00:00+00:00
[2024-08-30T09:38:42.801+0000] {processor.py:208} INFO - Processing /opt/airflow/dags/taskflow_api_dag.py took 0.100 seconds
[2024-08-30T09:39:13.106+0000] {processor.py:186} INFO - Started process (PID=6550) to work on /opt/airflow/dags/taskflow_api_dag.py
[2024-08-30T09:39:13.107+0000] {processor.py:914} INFO - Processing file /opt/airflow/dags/taskflow_api_dag.py for tasks to queue
[2024-08-30T09:39:13.108+0000] {logging_mixin.py:190} INFO - [2024-08-30T09:39:13.108+0000] {dagbag.py:587} INFO - Filling up the DagBag from /opt/airflow/dags/taskflow_api_dag.py
[2024-08-30T09:39:13.125+0000] {processor.py:925} INFO - DAG(s) 'dag_with_taskflow_api_v02' retrieved from /opt/airflow/dags/taskflow_api_dag.py
[2024-08-30T09:39:13.154+0000] {logging_mixin.py:190} INFO - [2024-08-30T09:39:13.153+0000] {dag.py:3211} INFO - Sync 1 DAGs
[2024-08-30T09:39:13.177+0000] {logging_mixin.py:190} INFO - [2024-08-30T09:39:13.176+0000] {dag.py:4138} INFO - Setting next_dagrun for dag_with_taskflow_api_v02 to 2024-08-30 00:00:00+00:00, run_after=2024-08-31 00:00:00+00:00
[2024-08-30T09:39:13.195+0000] {processor.py:208} INFO - Processing /opt/airflow/dags/taskflow_api_dag.py took 0.096 seconds
[2024-08-30T09:39:18.286+0000] {processor.py:186} INFO - Started process (PID=6566) to work on /opt/airflow/dags/taskflow_api_dag.py
[2024-08-30T09:39:18.287+0000] {processor.py:914} INFO - Processing file /opt/airflow/dags/taskflow_api_dag.py for tasks to queue
[2024-08-30T09:39:18.288+0000] {logging_mixin.py:190} INFO - [2024-08-30T09:39:18.288+0000] {dagbag.py:587} INFO - Filling up the DagBag from /opt/airflow/dags/taskflow_api_dag.py
[2024-08-30T09:39:18.316+0000] {processor.py:925} INFO - DAG(s) 'dag_with_taskflow_api_v02' retrieved from /opt/airflow/dags/taskflow_api_dag.py
[2024-08-30T09:39:18.425+0000] {logging_mixin.py:190} INFO - [2024-08-30T09:39:18.425+0000] {dag.py:3211} INFO - Sync 1 DAGs
[2024-08-30T09:39:18.448+0000] {logging_mixin.py:190} INFO - [2024-08-30T09:39:18.447+0000] {dag.py:4138} INFO - Setting next_dagrun for dag_with_taskflow_api_v02 to 2024-08-30 00:00:00+00:00, run_after=2024-08-31 00:00:00+00:00
[2024-08-30T09:39:18.471+0000] {processor.py:208} INFO - Processing /opt/airflow/dags/taskflow_api_dag.py took 0.191 seconds
[2024-08-30T09:39:36.594+0000] {processor.py:186} INFO - Started process (PID=6576) to work on /opt/airflow/dags/taskflow_api_dag.py
[2024-08-30T09:39:36.595+0000] {processor.py:914} INFO - Processing file /opt/airflow/dags/taskflow_api_dag.py for tasks to queue
[2024-08-30T09:39:36.597+0000] {logging_mixin.py:190} INFO - [2024-08-30T09:39:36.596+0000] {dagbag.py:587} INFO - Filling up the DagBag from /opt/airflow/dags/taskflow_api_dag.py
[2024-08-30T09:39:36.624+0000] {processor.py:925} INFO - DAG(s) 'dag_with_taskflow_api_v01' retrieved from /opt/airflow/dags/taskflow_api_dag.py
[2024-08-30T09:39:36.726+0000] {logging_mixin.py:190} INFO - [2024-08-30T09:39:36.726+0000] {dag.py:3211} INFO - Sync 1 DAGs
[2024-08-30T09:39:36.748+0000] {logging_mixin.py:190} INFO - [2024-08-30T09:39:36.748+0000] {dag.py:4138} INFO - Setting next_dagrun for dag_with_taskflow_api_v01 to 2024-08-30 00:00:00+00:00, run_after=2024-08-31 00:00:00+00:00
[2024-08-30T09:39:36.774+0000] {processor.py:208} INFO - Processing /opt/airflow/dags/taskflow_api_dag.py took 0.186 seconds
[2024-08-30T09:40:07.052+0000] {processor.py:186} INFO - Started process (PID=6606) to work on /opt/airflow/dags/taskflow_api_dag.py
[2024-08-30T09:40:07.053+0000] {processor.py:914} INFO - Processing file /opt/airflow/dags/taskflow_api_dag.py for tasks to queue
[2024-08-30T09:40:07.054+0000] {logging_mixin.py:190} INFO - [2024-08-30T09:40:07.054+0000] {dagbag.py:587} INFO - Filling up the DagBag from /opt/airflow/dags/taskflow_api_dag.py
[2024-08-30T09:40:07.070+0000] {processor.py:925} INFO - DAG(s) 'dag_with_taskflow_api_v01' retrieved from /opt/airflow/dags/taskflow_api_dag.py
[2024-08-30T09:40:07.093+0000] {logging_mixin.py:190} INFO - [2024-08-30T09:40:07.093+0000] {dag.py:3211} INFO - Sync 1 DAGs
[2024-08-30T09:40:07.115+0000] {logging_mixin.py:190} INFO - [2024-08-30T09:40:07.114+0000] {dag.py:4138} INFO - Setting next_dagrun for dag_with_taskflow_api_v01 to 2024-08-30 00:00:00+00:00, run_after=2024-08-31 00:00:00+00:00
[2024-08-30T09:40:07.139+0000] {processor.py:208} INFO - Processing /opt/airflow/dags/taskflow_api_dag.py took 0.092 seconds
[2024-08-30T09:40:31.432+0000] {processor.py:186} INFO - Started process (PID=6627) to work on /opt/airflow/dags/taskflow_api_dag.py
[2024-08-30T09:40:31.433+0000] {processor.py:914} INFO - Processing file /opt/airflow/dags/taskflow_api_dag.py for tasks to queue
[2024-08-30T09:40:31.435+0000] {logging_mixin.py:190} INFO - [2024-08-30T09:40:31.434+0000] {dagbag.py:587} INFO - Filling up the DagBag from /opt/airflow/dags/taskflow_api_dag.py
[2024-08-30T09:40:31.462+0000] {processor.py:925} INFO - DAG(s) 'dag_with_taskflow_api_v01' retrieved from /opt/airflow/dags/taskflow_api_dag.py
[2024-08-30T09:40:31.566+0000] {logging_mixin.py:190} INFO - [2024-08-30T09:40:31.565+0000] {dag.py:3211} INFO - Sync 1 DAGs
[2024-08-30T09:40:31.589+0000] {logging_mixin.py:190} INFO - [2024-08-30T09:40:31.588+0000] {dag.py:4138} INFO - Setting next_dagrun for dag_with_taskflow_api_v01 to 2024-08-31 00:00:00+00:00, run_after=2024-09-01 00:00:00+00:00
[2024-08-30T09:40:31.617+0000] {processor.py:208} INFO - Processing /opt/airflow/dags/taskflow_api_dag.py took 0.190 seconds
[2024-08-30T09:41:01.743+0000] {processor.py:186} INFO - Started process (PID=6648) to work on /opt/airflow/dags/taskflow_api_dag.py
[2024-08-30T09:41:01.744+0000] {processor.py:914} INFO - Processing file /opt/airflow/dags/taskflow_api_dag.py for tasks to queue
[2024-08-30T09:41:01.745+0000] {logging_mixin.py:190} INFO - [2024-08-30T09:41:01.745+0000] {dagbag.py:587} INFO - Filling up the DagBag from /opt/airflow/dags/taskflow_api_dag.py
[2024-08-30T09:41:01.787+0000] {processor.py:925} INFO - DAG(s) 'dag_with_taskflow_api_v01' retrieved from /opt/airflow/dags/taskflow_api_dag.py
[2024-08-30T09:41:01.893+0000] {logging_mixin.py:190} INFO - [2024-08-30T09:41:01.892+0000] {dag.py:3211} INFO - Sync 1 DAGs
[2024-08-30T09:41:01.913+0000] {logging_mixin.py:190} INFO - [2024-08-30T09:41:01.912+0000] {dag.py:4138} INFO - Setting next_dagrun for dag_with_taskflow_api_v01 to 2024-08-30 00:00:00+00:00, run_after=2024-08-31 00:00:00+00:00
[2024-08-30T09:41:01.936+0000] {processor.py:208} INFO - Processing /opt/airflow/dags/taskflow_api_dag.py took 0.200 seconds
[2024-08-30T09:41:26.281+0000] {processor.py:186} INFO - Started process (PID=6678) to work on /opt/airflow/dags/taskflow_api_dag.py
[2024-08-30T09:41:26.282+0000] {processor.py:914} INFO - Processing file /opt/airflow/dags/taskflow_api_dag.py for tasks to queue
[2024-08-30T09:41:26.284+0000] {logging_mixin.py:190} INFO - [2024-08-30T09:41:26.283+0000] {dagbag.py:587} INFO - Filling up the DagBag from /opt/airflow/dags/taskflow_api_dag.py
[2024-08-30T09:41:26.309+0000] {processor.py:925} INFO - DAG(s) 'dag_with_taskflow_api_v01' retrieved from /opt/airflow/dags/taskflow_api_dag.py
[2024-08-30T09:41:26.321+0000] {logging_mixin.py:190} INFO - [2024-08-30T09:41:26.320+0000] {dag.py:3211} INFO - Sync 1 DAGs
[2024-08-30T09:41:26.343+0000] {logging_mixin.py:190} INFO - [2024-08-30T09:41:26.343+0000] {dag.py:4138} INFO - Setting next_dagrun for dag_with_taskflow_api_v01 to 2024-08-31 00:00:00+00:00, run_after=2024-09-01 00:00:00+00:00
[2024-08-30T09:41:26.365+0000] {processor.py:208} INFO - Processing /opt/airflow/dags/taskflow_api_dag.py took 0.090 seconds
[2024-08-30T09:41:56.690+0000] {processor.py:186} INFO - Started process (PID=6726) to work on /opt/airflow/dags/taskflow_api_dag.py
[2024-08-30T09:41:56.692+0000] {processor.py:914} INFO - Processing file /opt/airflow/dags/taskflow_api_dag.py for tasks to queue
[2024-08-30T09:41:56.693+0000] {logging_mixin.py:190} INFO - [2024-08-30T09:41:56.693+0000] {dagbag.py:587} INFO - Filling up the DagBag from /opt/airflow/dags/taskflow_api_dag.py
[2024-08-30T09:41:56.713+0000] {processor.py:925} INFO - DAG(s) 'dag_with_taskflow_api_v01' retrieved from /opt/airflow/dags/taskflow_api_dag.py
[2024-08-30T09:41:56.828+0000] {logging_mixin.py:190} INFO - [2024-08-30T09:41:56.828+0000] {dag.py:3211} INFO - Sync 1 DAGs
[2024-08-30T09:41:56.848+0000] {logging_mixin.py:190} INFO - [2024-08-30T09:41:56.848+0000] {dag.py:4138} INFO - Setting next_dagrun for dag_with_taskflow_api_v01 to 2024-08-31 00:00:00+00:00, run_after=2024-09-01 00:00:00+00:00
[2024-08-30T09:41:56.871+0000] {processor.py:208} INFO - Processing /opt/airflow/dags/taskflow_api_dag.py took 0.187 seconds
[2024-08-30T09:42:01.951+0000] {processor.py:186} INFO - Started process (PID=6731) to work on /opt/airflow/dags/taskflow_api_dag.py
[2024-08-30T09:42:01.952+0000] {processor.py:914} INFO - Processing file /opt/airflow/dags/taskflow_api_dag.py for tasks to queue
[2024-08-30T09:42:01.954+0000] {logging_mixin.py:190} INFO - [2024-08-30T09:42:01.954+0000] {dagbag.py:587} INFO - Filling up the DagBag from /opt/airflow/dags/taskflow_api_dag.py
[2024-08-30T09:42:01.980+0000] {processor.py:925} INFO - DAG(s) 'dag_with_taskflow_api_v01' retrieved from /opt/airflow/dags/taskflow_api_dag.py
[2024-08-30T09:42:01.994+0000] {logging_mixin.py:190} INFO - [2024-08-30T09:42:01.993+0000] {dag.py:3211} INFO - Sync 1 DAGs
[2024-08-30T09:42:02.018+0000] {logging_mixin.py:190} INFO - [2024-08-30T09:42:02.018+0000] {dag.py:4138} INFO - Setting next_dagrun for dag_with_taskflow_api_v01 to 2024-08-31 00:00:00+00:00, run_after=2024-09-01 00:00:00+00:00
[2024-08-30T09:42:02.040+0000] {processor.py:208} INFO - Processing /opt/airflow/dags/taskflow_api_dag.py took 0.094 seconds
[2024-08-30T09:42:32.332+0000] {processor.py:186} INFO - Started process (PID=6752) to work on /opt/airflow/dags/taskflow_api_dag.py
[2024-08-30T09:42:32.333+0000] {processor.py:914} INFO - Processing file /opt/airflow/dags/taskflow_api_dag.py for tasks to queue
[2024-08-30T09:42:32.334+0000] {logging_mixin.py:190} INFO - [2024-08-30T09:42:32.334+0000] {dagbag.py:587} INFO - Filling up the DagBag from /opt/airflow/dags/taskflow_api_dag.py
[2024-08-30T09:42:32.351+0000] {processor.py:925} INFO - DAG(s) 'dag_with_taskflow_api_v01' retrieved from /opt/airflow/dags/taskflow_api_dag.py
[2024-08-30T09:42:32.376+0000] {logging_mixin.py:190} INFO - [2024-08-30T09:42:32.375+0000] {dag.py:3211} INFO - Sync 1 DAGs
[2024-08-30T09:42:32.396+0000] {logging_mixin.py:190} INFO - [2024-08-30T09:42:32.396+0000] {dag.py:4138} INFO - Setting next_dagrun for dag_with_taskflow_api_v01 to 2024-08-31 00:00:00+00:00, run_after=2024-09-01 00:00:00+00:00
[2024-08-30T09:42:32.418+0000] {processor.py:208} INFO - Processing /opt/airflow/dags/taskflow_api_dag.py took 0.092 seconds
[2024-08-30T09:43:02.806+0000] {processor.py:186} INFO - Started process (PID=6773) to work on /opt/airflow/dags/taskflow_api_dag.py
[2024-08-30T09:43:02.807+0000] {processor.py:914} INFO - Processing file /opt/airflow/dags/taskflow_api_dag.py for tasks to queue
[2024-08-30T09:43:02.808+0000] {logging_mixin.py:190} INFO - [2024-08-30T09:43:02.807+0000] {dagbag.py:587} INFO - Filling up the DagBag from /opt/airflow/dags/taskflow_api_dag.py
[2024-08-30T09:43:02.826+0000] {processor.py:925} INFO - DAG(s) 'dag_with_taskflow_api_v01' retrieved from /opt/airflow/dags/taskflow_api_dag.py
[2024-08-30T09:43:02.929+0000] {logging_mixin.py:190} INFO - [2024-08-30T09:43:02.929+0000] {dag.py:3211} INFO - Sync 1 DAGs
[2024-08-30T09:43:02.944+0000] {logging_mixin.py:190} INFO - [2024-08-30T09:43:02.944+0000] {dag.py:3234} INFO - Creating ORM DAG for dag_with_taskflow_api_v01
[2024-08-30T09:43:02.954+0000] {logging_mixin.py:190} INFO - [2024-08-30T09:43:02.954+0000] {dag.py:4138} INFO - Setting next_dagrun for dag_with_taskflow_api_v01 to 2024-08-31 00:00:00+00:00, run_after=2024-09-01 00:00:00+00:00
[2024-08-30T09:43:02.972+0000] {processor.py:208} INFO - Processing /opt/airflow/dags/taskflow_api_dag.py took 0.172 seconds
[2024-08-30T09:43:25.032+0000] {processor.py:186} INFO - Started process (PID=6794) to work on /opt/airflow/dags/taskflow_api_dag.py
[2024-08-30T09:43:25.033+0000] {processor.py:914} INFO - Processing file /opt/airflow/dags/taskflow_api_dag.py for tasks to queue
[2024-08-30T09:43:25.035+0000] {logging_mixin.py:190} INFO - [2024-08-30T09:43:25.034+0000] {dagbag.py:587} INFO - Filling up the DagBag from /opt/airflow/dags/taskflow_api_dag.py
[2024-08-30T09:43:25.060+0000] {processor.py:925} INFO - DAG(s) 'dag_with_taskflow_api_v01' retrieved from /opt/airflow/dags/taskflow_api_dag.py
[2024-08-30T09:43:25.073+0000] {logging_mixin.py:190} INFO - [2024-08-30T09:43:25.073+0000] {dag.py:3211} INFO - Sync 1 DAGs
[2024-08-30T09:43:25.099+0000] {logging_mixin.py:190} INFO - [2024-08-30T09:43:25.099+0000] {dag.py:4138} INFO - Setting next_dagrun for dag_with_taskflow_api_v01 to 2024-08-30 00:00:00+00:00, run_after=2024-08-31 00:00:00+00:00
[2024-08-30T09:43:25.122+0000] {processor.py:208} INFO - Processing /opt/airflow/dags/taskflow_api_dag.py took 0.096 seconds
[2024-08-30T09:43:55.529+0000] {processor.py:186} INFO - Started process (PID=6815) to work on /opt/airflow/dags/taskflow_api_dag.py
[2024-08-30T09:43:55.530+0000] {processor.py:914} INFO - Processing file /opt/airflow/dags/taskflow_api_dag.py for tasks to queue
[2024-08-30T09:43:55.531+0000] {logging_mixin.py:190} INFO - [2024-08-30T09:43:55.531+0000] {dagbag.py:587} INFO - Filling up the DagBag from /opt/airflow/dags/taskflow_api_dag.py
[2024-08-30T09:43:55.550+0000] {processor.py:925} INFO - DAG(s) 'dag_with_taskflow_api_v01' retrieved from /opt/airflow/dags/taskflow_api_dag.py
[2024-08-30T09:43:55.654+0000] {logging_mixin.py:190} INFO - [2024-08-30T09:43:55.654+0000] {dag.py:3211} INFO - Sync 1 DAGs
[2024-08-30T09:43:55.676+0000] {logging_mixin.py:190} INFO - [2024-08-30T09:43:55.676+0000] {dag.py:4138} INFO - Setting next_dagrun for dag_with_taskflow_api_v01 to 2024-08-30 00:00:00+00:00, run_after=2024-08-31 00:00:00+00:00
[2024-08-30T09:43:55.698+0000] {processor.py:208} INFO - Processing /opt/airflow/dags/taskflow_api_dag.py took 0.174 seconds
[2024-08-30T09:43:56.560+0000] {processor.py:186} INFO - Started process (PID=6820) to work on /opt/airflow/dags/taskflow_api_dag.py
[2024-08-30T09:43:56.561+0000] {processor.py:914} INFO - Processing file /opt/airflow/dags/taskflow_api_dag.py for tasks to queue
[2024-08-30T09:43:56.563+0000] {logging_mixin.py:190} INFO - [2024-08-30T09:43:56.563+0000] {dagbag.py:587} INFO - Filling up the DagBag from /opt/airflow/dags/taskflow_api_dag.py
[2024-08-30T09:43:56.590+0000] {processor.py:925} INFO - DAG(s) 'dag_with_taskflow_api_v01' retrieved from /opt/airflow/dags/taskflow_api_dag.py
[2024-08-30T09:43:56.601+0000] {logging_mixin.py:190} INFO - [2024-08-30T09:43:56.601+0000] {dag.py:3211} INFO - Sync 1 DAGs
[2024-08-30T09:43:56.627+0000] {logging_mixin.py:190} INFO - [2024-08-30T09:43:56.627+0000] {dag.py:4138} INFO - Setting next_dagrun for dag_with_taskflow_api_v01 to 2024-08-30 00:00:00+00:00, run_after=2024-08-31 00:00:00+00:00
[2024-08-30T09:43:56.653+0000] {processor.py:208} INFO - Processing /opt/airflow/dags/taskflow_api_dag.py took 0.098 seconds
[2024-08-30T09:44:26.942+0000] {processor.py:186} INFO - Started process (PID=6842) to work on /opt/airflow/dags/taskflow_api_dag.py
[2024-08-30T09:44:26.943+0000] {processor.py:914} INFO - Processing file /opt/airflow/dags/taskflow_api_dag.py for tasks to queue
[2024-08-30T09:44:26.944+0000] {logging_mixin.py:190} INFO - [2024-08-30T09:44:26.944+0000] {dagbag.py:587} INFO - Filling up the DagBag from /opt/airflow/dags/taskflow_api_dag.py
[2024-08-30T09:44:26.963+0000] {processor.py:925} INFO - DAG(s) 'dag_with_taskflow_api_v01' retrieved from /opt/airflow/dags/taskflow_api_dag.py
[2024-08-30T09:44:26.989+0000] {logging_mixin.py:190} INFO - [2024-08-30T09:44:26.989+0000] {dag.py:3211} INFO - Sync 1 DAGs
[2024-08-30T09:44:27.014+0000] {logging_mixin.py:190} INFO - [2024-08-30T09:44:27.014+0000] {dag.py:4138} INFO - Setting next_dagrun for dag_with_taskflow_api_v01 to 2024-08-30 00:00:00+00:00, run_after=2024-08-31 00:00:00+00:00
[2024-08-30T09:44:27.034+0000] {processor.py:208} INFO - Processing /opt/airflow/dags/taskflow_api_dag.py took 0.098 seconds
[2024-08-30T09:44:57.431+0000] {processor.py:186} INFO - Started process (PID=6863) to work on /opt/airflow/dags/taskflow_api_dag.py
[2024-08-30T09:44:57.432+0000] {processor.py:914} INFO - Processing file /opt/airflow/dags/taskflow_api_dag.py for tasks to queue
[2024-08-30T09:44:57.433+0000] {logging_mixin.py:190} INFO - [2024-08-30T09:44:57.432+0000] {dagbag.py:587} INFO - Filling up the DagBag from /opt/airflow/dags/taskflow_api_dag.py
[2024-08-30T09:44:57.451+0000] {processor.py:925} INFO - DAG(s) 'dag_with_taskflow_api_v01' retrieved from /opt/airflow/dags/taskflow_api_dag.py
[2024-08-30T09:44:57.476+0000] {logging_mixin.py:190} INFO - [2024-08-30T09:44:57.476+0000] {dag.py:3211} INFO - Sync 1 DAGs
[2024-08-30T09:44:57.497+0000] {logging_mixin.py:190} INFO - [2024-08-30T09:44:57.497+0000] {dag.py:4138} INFO - Setting next_dagrun for dag_with_taskflow_api_v01 to 2024-08-30 00:00:00+00:00, run_after=2024-08-31 00:00:00+00:00
[2024-08-30T09:44:57.519+0000] {processor.py:208} INFO - Processing /opt/airflow/dags/taskflow_api_dag.py took 0.093 seconds
[2024-08-30T09:44:58.583+0000] {processor.py:186} INFO - Started process (PID=6868) to work on /opt/airflow/dags/taskflow_api_dag.py
[2024-08-30T09:44:58.584+0000] {processor.py:914} INFO - Processing file /opt/airflow/dags/taskflow_api_dag.py for tasks to queue
[2024-08-30T09:44:58.586+0000] {logging_mixin.py:190} INFO - [2024-08-30T09:44:58.585+0000] {dagbag.py:587} INFO - Filling up the DagBag from /opt/airflow/dags/taskflow_api_dag.py
[2024-08-30T09:44:58.603+0000] {processor.py:927} WARNING - No viable dags retrieved from /opt/airflow/dags/taskflow_api_dag.py
[2024-08-30T09:44:58.617+0000] {processor.py:208} INFO - Processing /opt/airflow/dags/taskflow_api_dag.py took 0.041 seconds
[2024-08-30T09:45:07.717+0000] {processor.py:186} INFO - Started process (PID=6873) to work on /opt/airflow/dags/taskflow_api_dag.py
[2024-08-30T09:45:07.718+0000] {processor.py:914} INFO - Processing file /opt/airflow/dags/taskflow_api_dag.py for tasks to queue
[2024-08-30T09:45:07.720+0000] {logging_mixin.py:190} INFO - [2024-08-30T09:45:07.720+0000] {dagbag.py:587} INFO - Filling up the DagBag from /opt/airflow/dags/taskflow_api_dag.py
[2024-08-30T09:45:07.745+0000] {processor.py:925} INFO - DAG(s) 'dag_with_taskflow_api_v01' retrieved from /opt/airflow/dags/taskflow_api_dag.py
[2024-08-30T09:45:07.771+0000] {logging_mixin.py:190} INFO - [2024-08-30T09:45:07.771+0000] {dag.py:3211} INFO - Sync 1 DAGs
[2024-08-30T09:45:07.793+0000] {logging_mixin.py:190} INFO - [2024-08-30T09:45:07.792+0000] {dag.py:4138} INFO - Setting next_dagrun for dag_with_taskflow_api_v01 to 2024-08-30 00:00:00+00:00, run_after=2024-08-31 00:00:00+00:00
[2024-08-30T09:45:07.816+0000] {processor.py:208} INFO - Processing /opt/airflow/dags/taskflow_api_dag.py took 0.105 seconds
[2024-08-30T09:45:38.207+0000] {processor.py:186} INFO - Started process (PID=6913) to work on /opt/airflow/dags/taskflow_api_dag.py
[2024-08-30T09:45:38.208+0000] {processor.py:914} INFO - Processing file /opt/airflow/dags/taskflow_api_dag.py for tasks to queue
[2024-08-30T09:45:38.209+0000] {logging_mixin.py:190} INFO - [2024-08-30T09:45:38.209+0000] {dagbag.py:587} INFO - Filling up the DagBag from /opt/airflow/dags/taskflow_api_dag.py
[2024-08-30T09:45:38.228+0000] {processor.py:925} INFO - DAG(s) 'dag_with_taskflow_api_v01' retrieved from /opt/airflow/dags/taskflow_api_dag.py
[2024-08-30T09:45:38.323+0000] {logging_mixin.py:190} INFO - [2024-08-30T09:45:38.323+0000] {dag.py:3211} INFO - Sync 1 DAGs
[2024-08-30T09:45:38.345+0000] {logging_mixin.py:190} INFO - [2024-08-30T09:45:38.345+0000] {dag.py:4138} INFO - Setting next_dagrun for dag_with_taskflow_api_v01 to 2024-08-30 00:00:00+00:00, run_after=2024-08-31 00:00:00+00:00
[2024-08-30T09:45:38.366+0000] {processor.py:208} INFO - Processing /opt/airflow/dags/taskflow_api_dag.py took 0.166 seconds
[2024-08-30T09:46:08.795+0000] {processor.py:186} INFO - Started process (PID=6948) to work on /opt/airflow/dags/taskflow_api_dag.py
[2024-08-30T09:46:08.796+0000] {processor.py:914} INFO - Processing file /opt/airflow/dags/taskflow_api_dag.py for tasks to queue
[2024-08-30T09:46:08.797+0000] {logging_mixin.py:190} INFO - [2024-08-30T09:46:08.797+0000] {dagbag.py:587} INFO - Filling up the DagBag from /opt/airflow/dags/taskflow_api_dag.py
[2024-08-30T09:46:08.815+0000] {processor.py:925} INFO - DAG(s) 'dag_with_taskflow_api_v01' retrieved from /opt/airflow/dags/taskflow_api_dag.py
[2024-08-30T09:46:08.840+0000] {logging_mixin.py:190} INFO - [2024-08-30T09:46:08.840+0000] {dag.py:3211} INFO - Sync 1 DAGs
[2024-08-30T09:46:08.861+0000] {logging_mixin.py:190} INFO - [2024-08-30T09:46:08.861+0000] {dag.py:4138} INFO - Setting next_dagrun for dag_with_taskflow_api_v01 to 2024-08-30 00:00:00+00:00, run_after=2024-08-31 00:00:00+00:00
[2024-08-30T09:46:08.880+0000] {processor.py:208} INFO - Processing /opt/airflow/dags/taskflow_api_dag.py took 0.090 seconds
[2024-08-30T09:46:39.207+0000] {processor.py:186} INFO - Started process (PID=6974) to work on /opt/airflow/dags/taskflow_api_dag.py
[2024-08-30T09:46:39.207+0000] {processor.py:914} INFO - Processing file /opt/airflow/dags/taskflow_api_dag.py for tasks to queue
[2024-08-30T09:46:39.209+0000] {logging_mixin.py:190} INFO - [2024-08-30T09:46:39.208+0000] {dagbag.py:587} INFO - Filling up the DagBag from /opt/airflow/dags/taskflow_api_dag.py
[2024-08-30T09:46:39.225+0000] {processor.py:925} INFO - DAG(s) 'dag_with_taskflow_api_v01' retrieved from /opt/airflow/dags/taskflow_api_dag.py
[2024-08-30T09:46:39.249+0000] {logging_mixin.py:190} INFO - [2024-08-30T09:46:39.248+0000] {dag.py:3211} INFO - Sync 1 DAGs
[2024-08-30T09:46:39.271+0000] {logging_mixin.py:190} INFO - [2024-08-30T09:46:39.271+0000] {dag.py:4138} INFO - Setting next_dagrun for dag_with_taskflow_api_v01 to 2024-08-30 00:00:00+00:00, run_after=2024-08-31 00:00:00+00:00
[2024-08-30T09:46:39.294+0000] {processor.py:208} INFO - Processing /opt/airflow/dags/taskflow_api_dag.py took 0.093 seconds
[2024-08-30T09:47:09.722+0000] {processor.py:186} INFO - Started process (PID=7000) to work on /opt/airflow/dags/taskflow_api_dag.py
[2024-08-30T09:47:09.723+0000] {processor.py:914} INFO - Processing file /opt/airflow/dags/taskflow_api_dag.py for tasks to queue
[2024-08-30T09:47:09.725+0000] {logging_mixin.py:190} INFO - [2024-08-30T09:47:09.725+0000] {dagbag.py:587} INFO - Filling up the DagBag from /opt/airflow/dags/taskflow_api_dag.py
[2024-08-30T09:47:09.742+0000] {processor.py:925} INFO - DAG(s) 'dag_with_taskflow_api_v01' retrieved from /opt/airflow/dags/taskflow_api_dag.py
[2024-08-30T09:47:09.766+0000] {logging_mixin.py:190} INFO - [2024-08-30T09:47:09.766+0000] {dag.py:3211} INFO - Sync 1 DAGs
[2024-08-30T09:47:09.787+0000] {logging_mixin.py:190} INFO - [2024-08-30T09:47:09.787+0000] {dag.py:4138} INFO - Setting next_dagrun for dag_with_taskflow_api_v01 to 2024-08-30 00:00:00+00:00, run_after=2024-08-31 00:00:00+00:00
[2024-08-30T09:47:09.806+0000] {processor.py:208} INFO - Processing /opt/airflow/dags/taskflow_api_dag.py took 0.088 seconds
[2024-08-30T09:47:40.235+0000] {processor.py:186} INFO - Started process (PID=7026) to work on /opt/airflow/dags/taskflow_api_dag.py
[2024-08-30T09:47:40.236+0000] {processor.py:914} INFO - Processing file /opt/airflow/dags/taskflow_api_dag.py for tasks to queue
[2024-08-30T09:47:40.238+0000] {logging_mixin.py:190} INFO - [2024-08-30T09:47:40.237+0000] {dagbag.py:587} INFO - Filling up the DagBag from /opt/airflow/dags/taskflow_api_dag.py
[2024-08-30T09:47:40.254+0000] {processor.py:925} INFO - DAG(s) 'dag_with_taskflow_api_v01' retrieved from /opt/airflow/dags/taskflow_api_dag.py
[2024-08-30T09:47:40.282+0000] {logging_mixin.py:190} INFO - [2024-08-30T09:47:40.282+0000] {dag.py:3211} INFO - Sync 1 DAGs
[2024-08-30T09:47:40.304+0000] {logging_mixin.py:190} INFO - [2024-08-30T09:47:40.304+0000] {dag.py:4138} INFO - Setting next_dagrun for dag_with_taskflow_api_v01 to 2024-08-30 00:00:00+00:00, run_after=2024-08-31 00:00:00+00:00
[2024-08-30T09:47:40.323+0000] {processor.py:208} INFO - Processing /opt/airflow/dags/taskflow_api_dag.py took 0.093 seconds
[2024-08-30T09:48:10.755+0000] {processor.py:186} INFO - Started process (PID=7053) to work on /opt/airflow/dags/taskflow_api_dag.py
[2024-08-30T09:48:10.756+0000] {processor.py:914} INFO - Processing file /opt/airflow/dags/taskflow_api_dag.py for tasks to queue
[2024-08-30T09:48:10.757+0000] {logging_mixin.py:190} INFO - [2024-08-30T09:48:10.757+0000] {dagbag.py:587} INFO - Filling up the DagBag from /opt/airflow/dags/taskflow_api_dag.py
[2024-08-30T09:48:10.773+0000] {processor.py:925} INFO - DAG(s) 'dag_with_taskflow_api_v01' retrieved from /opt/airflow/dags/taskflow_api_dag.py
[2024-08-30T09:48:10.800+0000] {logging_mixin.py:190} INFO - [2024-08-30T09:48:10.799+0000] {dag.py:3211} INFO - Sync 1 DAGs
[2024-08-30T09:48:10.822+0000] {logging_mixin.py:190} INFO - [2024-08-30T09:48:10.822+0000] {dag.py:4138} INFO - Setting next_dagrun for dag_with_taskflow_api_v01 to 2024-08-30 00:00:00+00:00, run_after=2024-08-31 00:00:00+00:00
[2024-08-30T09:48:10.853+0000] {processor.py:208} INFO - Processing /opt/airflow/dags/taskflow_api_dag.py took 0.103 seconds
[2024-08-30T09:48:41.289+0000] {processor.py:186} INFO - Started process (PID=7079) to work on /opt/airflow/dags/taskflow_api_dag.py
[2024-08-30T09:48:41.290+0000] {processor.py:914} INFO - Processing file /opt/airflow/dags/taskflow_api_dag.py for tasks to queue
[2024-08-30T09:48:41.291+0000] {logging_mixin.py:190} INFO - [2024-08-30T09:48:41.291+0000] {dagbag.py:587} INFO - Filling up the DagBag from /opt/airflow/dags/taskflow_api_dag.py
[2024-08-30T09:48:41.310+0000] {processor.py:925} INFO - DAG(s) 'dag_with_taskflow_api_v01' retrieved from /opt/airflow/dags/taskflow_api_dag.py
[2024-08-30T09:48:41.413+0000] {logging_mixin.py:190} INFO - [2024-08-30T09:48:41.412+0000] {dag.py:3211} INFO - Sync 1 DAGs
[2024-08-30T09:48:41.427+0000] {logging_mixin.py:190} INFO - [2024-08-30T09:48:41.427+0000] {dag.py:3234} INFO - Creating ORM DAG for dag_with_taskflow_api_v01
[2024-08-30T09:48:41.438+0000] {logging_mixin.py:190} INFO - [2024-08-30T09:48:41.437+0000] {dag.py:4138} INFO - Setting next_dagrun for dag_with_taskflow_api_v01 to 2024-08-30 00:00:00+00:00, run_after=2024-08-31 00:00:00+00:00
[2024-08-30T09:48:41.457+0000] {processor.py:208} INFO - Processing /opt/airflow/dags/taskflow_api_dag.py took 0.173 seconds
[2024-08-30T09:49:11.896+0000] {processor.py:186} INFO - Started process (PID=7105) to work on /opt/airflow/dags/taskflow_api_dag.py
[2024-08-30T09:49:11.897+0000] {processor.py:914} INFO - Processing file /opt/airflow/dags/taskflow_api_dag.py for tasks to queue
[2024-08-30T09:49:11.898+0000] {logging_mixin.py:190} INFO - [2024-08-30T09:49:11.898+0000] {dagbag.py:587} INFO - Filling up the DagBag from /opt/airflow/dags/taskflow_api_dag.py
[2024-08-30T09:49:11.916+0000] {processor.py:925} INFO - DAG(s) 'dag_with_taskflow_api_v01' retrieved from /opt/airflow/dags/taskflow_api_dag.py
[2024-08-30T09:49:11.944+0000] {logging_mixin.py:190} INFO - [2024-08-30T09:49:11.943+0000] {dag.py:3211} INFO - Sync 1 DAGs
[2024-08-30T09:49:11.970+0000] {logging_mixin.py:190} INFO - [2024-08-30T09:49:11.969+0000] {dag.py:4138} INFO - Setting next_dagrun for dag_with_taskflow_api_v01 to 2024-08-30 00:00:00+00:00, run_after=2024-08-31 00:00:00+00:00
[2024-08-30T09:49:12.004+0000] {processor.py:208} INFO - Processing /opt/airflow/dags/taskflow_api_dag.py took 0.112 seconds
[2024-08-30T09:49:42.445+0000] {processor.py:186} INFO - Started process (PID=7131) to work on /opt/airflow/dags/taskflow_api_dag.py
[2024-08-30T09:49:42.446+0000] {processor.py:914} INFO - Processing file /opt/airflow/dags/taskflow_api_dag.py for tasks to queue
[2024-08-30T09:49:42.448+0000] {logging_mixin.py:190} INFO - [2024-08-30T09:49:42.447+0000] {dagbag.py:587} INFO - Filling up the DagBag from /opt/airflow/dags/taskflow_api_dag.py
[2024-08-30T09:49:42.464+0000] {processor.py:925} INFO - DAG(s) 'dag_with_taskflow_api_v01' retrieved from /opt/airflow/dags/taskflow_api_dag.py
[2024-08-30T09:49:42.487+0000] {logging_mixin.py:190} INFO - [2024-08-30T09:49:42.487+0000] {dag.py:3211} INFO - Sync 1 DAGs
[2024-08-30T09:49:42.508+0000] {logging_mixin.py:190} INFO - [2024-08-30T09:49:42.508+0000] {dag.py:4138} INFO - Setting next_dagrun for dag_with_taskflow_api_v01 to 2024-08-30 00:00:00+00:00, run_after=2024-08-31 00:00:00+00:00
[2024-08-30T09:49:42.527+0000] {processor.py:208} INFO - Processing /opt/airflow/dags/taskflow_api_dag.py took 0.087 seconds
[2024-08-30T09:50:13.009+0000] {processor.py:186} INFO - Started process (PID=7157) to work on /opt/airflow/dags/taskflow_api_dag.py
[2024-08-30T09:50:13.010+0000] {processor.py:914} INFO - Processing file /opt/airflow/dags/taskflow_api_dag.py for tasks to queue
[2024-08-30T09:50:13.012+0000] {logging_mixin.py:190} INFO - [2024-08-30T09:50:13.011+0000] {dagbag.py:587} INFO - Filling up the DagBag from /opt/airflow/dags/taskflow_api_dag.py
[2024-08-30T09:50:13.028+0000] {processor.py:925} INFO - DAG(s) 'dag_with_taskflow_api_v01' retrieved from /opt/airflow/dags/taskflow_api_dag.py
[2024-08-30T09:50:13.054+0000] {logging_mixin.py:190} INFO - [2024-08-30T09:50:13.054+0000] {dag.py:3211} INFO - Sync 1 DAGs
[2024-08-30T09:50:13.078+0000] {logging_mixin.py:190} INFO - [2024-08-30T09:50:13.077+0000] {dag.py:4138} INFO - Setting next_dagrun for dag_with_taskflow_api_v01 to 2024-08-30 00:00:00+00:00, run_after=2024-08-31 00:00:00+00:00
[2024-08-30T09:50:13.100+0000] {processor.py:208} INFO - Processing /opt/airflow/dags/taskflow_api_dag.py took 0.095 seconds
[2024-08-30T09:50:43.538+0000] {processor.py:186} INFO - Started process (PID=7183) to work on /opt/airflow/dags/taskflow_api_dag.py
[2024-08-30T09:50:43.539+0000] {processor.py:914} INFO - Processing file /opt/airflow/dags/taskflow_api_dag.py for tasks to queue
[2024-08-30T09:50:43.541+0000] {logging_mixin.py:190} INFO - [2024-08-30T09:50:43.540+0000] {dagbag.py:587} INFO - Filling up the DagBag from /opt/airflow/dags/taskflow_api_dag.py
[2024-08-30T09:50:43.557+0000] {processor.py:925} INFO - DAG(s) 'dag_with_taskflow_api_v01' retrieved from /opt/airflow/dags/taskflow_api_dag.py
[2024-08-30T09:50:43.583+0000] {logging_mixin.py:190} INFO - [2024-08-30T09:50:43.583+0000] {dag.py:3211} INFO - Sync 1 DAGs
[2024-08-30T09:50:43.606+0000] {logging_mixin.py:190} INFO - [2024-08-30T09:50:43.605+0000] {dag.py:4138} INFO - Setting next_dagrun for dag_with_taskflow_api_v01 to 2024-08-30 00:00:00+00:00, run_after=2024-08-31 00:00:00+00:00
[2024-08-30T09:50:43.627+0000] {processor.py:208} INFO - Processing /opt/airflow/dags/taskflow_api_dag.py took 0.094 seconds
[2024-08-30T09:51:14.068+0000] {processor.py:186} INFO - Started process (PID=7209) to work on /opt/airflow/dags/taskflow_api_dag.py
[2024-08-30T09:51:14.069+0000] {processor.py:914} INFO - Processing file /opt/airflow/dags/taskflow_api_dag.py for tasks to queue
[2024-08-30T09:51:14.070+0000] {logging_mixin.py:190} INFO - [2024-08-30T09:51:14.070+0000] {dagbag.py:587} INFO - Filling up the DagBag from /opt/airflow/dags/taskflow_api_dag.py
[2024-08-30T09:51:14.086+0000] {processor.py:925} INFO - DAG(s) 'dag_with_taskflow_api_v01' retrieved from /opt/airflow/dags/taskflow_api_dag.py
[2024-08-30T09:51:14.112+0000] {logging_mixin.py:190} INFO - [2024-08-30T09:51:14.112+0000] {dag.py:3211} INFO - Sync 1 DAGs
[2024-08-30T09:51:14.135+0000] {logging_mixin.py:190} INFO - [2024-08-30T09:51:14.135+0000] {dag.py:4138} INFO - Setting next_dagrun for dag_with_taskflow_api_v01 to 2024-08-30 00:00:00+00:00, run_after=2024-08-31 00:00:00+00:00
[2024-08-30T09:51:14.165+0000] {processor.py:208} INFO - Processing /opt/airflow/dags/taskflow_api_dag.py took 0.102 seconds
[2024-08-30T09:51:44.622+0000] {processor.py:186} INFO - Started process (PID=7235) to work on /opt/airflow/dags/taskflow_api_dag.py
[2024-08-30T09:51:44.623+0000] {processor.py:914} INFO - Processing file /opt/airflow/dags/taskflow_api_dag.py for tasks to queue
[2024-08-30T09:51:44.624+0000] {logging_mixin.py:190} INFO - [2024-08-30T09:51:44.624+0000] {dagbag.py:587} INFO - Filling up the DagBag from /opt/airflow/dags/taskflow_api_dag.py
[2024-08-30T09:51:44.641+0000] {processor.py:925} INFO - DAG(s) 'dag_with_taskflow_api_v01' retrieved from /opt/airflow/dags/taskflow_api_dag.py
[2024-08-30T09:51:44.665+0000] {logging_mixin.py:190} INFO - [2024-08-30T09:51:44.665+0000] {dag.py:3211} INFO - Sync 1 DAGs
[2024-08-30T09:51:44.687+0000] {logging_mixin.py:190} INFO - [2024-08-30T09:51:44.687+0000] {dag.py:4138} INFO - Setting next_dagrun for dag_with_taskflow_api_v01 to 2024-08-30 00:00:00+00:00, run_after=2024-08-31 00:00:00+00:00
[2024-08-30T09:51:44.707+0000] {processor.py:208} INFO - Processing /opt/airflow/dags/taskflow_api_dag.py took 0.090 seconds
[2024-08-30T09:52:15.145+0000] {processor.py:186} INFO - Started process (PID=7261) to work on /opt/airflow/dags/taskflow_api_dag.py
[2024-08-30T09:52:15.146+0000] {processor.py:914} INFO - Processing file /opt/airflow/dags/taskflow_api_dag.py for tasks to queue
[2024-08-30T09:52:15.148+0000] {logging_mixin.py:190} INFO - [2024-08-30T09:52:15.147+0000] {dagbag.py:587} INFO - Filling up the DagBag from /opt/airflow/dags/taskflow_api_dag.py
[2024-08-30T09:52:15.164+0000] {processor.py:925} INFO - DAG(s) 'dag_with_taskflow_api_v01' retrieved from /opt/airflow/dags/taskflow_api_dag.py
[2024-08-30T09:52:15.191+0000] {logging_mixin.py:190} INFO - [2024-08-30T09:52:15.191+0000] {dag.py:3211} INFO - Sync 1 DAGs
[2024-08-30T09:52:15.215+0000] {logging_mixin.py:190} INFO - [2024-08-30T09:52:15.215+0000] {dag.py:4138} INFO - Setting next_dagrun for dag_with_taskflow_api_v01 to 2024-08-30 00:00:00+00:00, run_after=2024-08-31 00:00:00+00:00
[2024-08-30T09:52:15.243+0000] {processor.py:208} INFO - Processing /opt/airflow/dags/taskflow_api_dag.py took 0.103 seconds
[2024-08-30T09:52:45.755+0000] {processor.py:186} INFO - Started process (PID=7288) to work on /opt/airflow/dags/taskflow_api_dag.py
[2024-08-30T09:52:45.758+0000] {processor.py:914} INFO - Processing file /opt/airflow/dags/taskflow_api_dag.py for tasks to queue
[2024-08-30T09:52:45.762+0000] {logging_mixin.py:190} INFO - [2024-08-30T09:52:45.761+0000] {dagbag.py:587} INFO - Filling up the DagBag from /opt/airflow/dags/taskflow_api_dag.py
[2024-08-30T09:52:45.864+0000] {processor.py:925} INFO - DAG(s) 'dag_with_taskflow_api_v01' retrieved from /opt/airflow/dags/taskflow_api_dag.py
[2024-08-30T09:52:45.990+0000] {logging_mixin.py:190} INFO - [2024-08-30T09:52:45.989+0000] {dag.py:3211} INFO - Sync 1 DAGs
[2024-08-30T09:52:46.058+0000] {logging_mixin.py:190} INFO - [2024-08-30T09:52:46.057+0000] {dag.py:4138} INFO - Setting next_dagrun for dag_with_taskflow_api_v01 to 2024-08-30 00:00:00+00:00, run_after=2024-08-31 00:00:00+00:00
[2024-08-30T09:52:46.099+0000] {processor.py:208} INFO - Processing /opt/airflow/dags/taskflow_api_dag.py took 0.368 seconds
[2024-08-30T11:27:03.496+0000] {processor.py:186} INFO - Started process (PID=7307) to work on /opt/airflow/dags/taskflow_api_dag.py
[2024-08-30T11:27:03.500+0000] {processor.py:914} INFO - Processing file /opt/airflow/dags/taskflow_api_dag.py for tasks to queue
[2024-08-30T11:27:03.513+0000] {logging_mixin.py:190} INFO - [2024-08-30T11:27:03.504+0000] {dagbag.py:587} INFO - Filling up the DagBag from /opt/airflow/dags/taskflow_api_dag.py
[2024-08-30T11:27:03.621+0000] {processor.py:925} INFO - DAG(s) 'dag_with_taskflow_api_v01' retrieved from /opt/airflow/dags/taskflow_api_dag.py
[2024-08-30T11:27:03.822+0000] {logging_mixin.py:190} INFO - [2024-08-30T11:27:03.821+0000] {dag.py:3211} INFO - Sync 1 DAGs
[2024-08-30T11:27:03.957+0000] {logging_mixin.py:190} INFO - [2024-08-30T11:27:03.956+0000] {dag.py:4138} INFO - Setting next_dagrun for dag_with_taskflow_api_v01 to 2024-08-30 00:00:00+00:00, run_after=2024-08-31 00:00:00+00:00
[2024-08-30T11:27:04.055+0000] {processor.py:208} INFO - Processing /opt/airflow/dags/taskflow_api_dag.py took 0.581 seconds
