[2024-09-03T13:18:41.918+0000] {processor.py:186} INFO - Started process (PID=4865) to work on /opt/airflow/dags/minio_s3_dag.py
[2024-09-03T13:18:41.919+0000] {processor.py:914} INFO - Processing file /opt/airflow/dags/minio_s3_dag.py for tasks to queue
[2024-09-03T13:18:41.923+0000] {logging_mixin.py:190} INFO - [2024-09-03T13:18:41.922+0000] {dagbag.py:587} INFO - Filling up the DagBag from /opt/airflow/dags/minio_s3_dag.py
[2024-09-03T13:18:41.940+0000] {logging_mixin.py:190} INFO - [2024-09-03T13:18:41.938+0000] {dagbag.py:386} ERROR - Failed to import: /opt/airflow/dags/minio_s3_dag.py
Traceback (most recent call last):
  File "/home/airflow/.local/lib/python3.12/site-packages/airflow/models/dagbag.py", line 382, in parse
    loader.exec_module(new_module)
  File "<frozen importlib._bootstrap_external>", line 991, in exec_module
  File "<frozen importlib._bootstrap_external>", line 1129, in get_code
  File "<frozen importlib._bootstrap_external>", line 1059, in source_to_code
  File "<frozen importlib._bootstrap>", line 488, in _call_with_frames_removed
  File "/opt/airflow/dags/minio_s3_dag.py", line 14
    schedule_interval='@daily'
                      
SyntaxError: invalid syntax. Perhaps you forgot a comma?
[2024-09-03T13:18:41.942+0000] {processor.py:927} WARNING - No viable dags retrieved from /opt/airflow/dags/minio_s3_dag.py
[2024-09-03T13:18:41.974+0000] {processor.py:208} INFO - Processing /opt/airflow/dags/minio_s3_dag.py took 0.064 seconds
[2024-09-03T13:19:12.125+0000] {processor.py:186} INFO - Started process (PID=4911) to work on /opt/airflow/dags/minio_s3_dag.py
[2024-09-03T13:19:12.127+0000] {processor.py:914} INFO - Processing file /opt/airflow/dags/minio_s3_dag.py for tasks to queue
[2024-09-03T13:19:12.130+0000] {logging_mixin.py:190} INFO - [2024-09-03T13:19:12.129+0000] {dagbag.py:587} INFO - Filling up the DagBag from /opt/airflow/dags/minio_s3_dag.py
[2024-09-03T13:19:12.147+0000] {logging_mixin.py:190} INFO - [2024-09-03T13:19:12.145+0000] {dagbag.py:386} ERROR - Failed to import: /opt/airflow/dags/minio_s3_dag.py
Traceback (most recent call last):
  File "/home/airflow/.local/lib/python3.12/site-packages/airflow/models/dagbag.py", line 382, in parse
    loader.exec_module(new_module)
  File "<frozen importlib._bootstrap_external>", line 991, in exec_module
  File "<frozen importlib._bootstrap_external>", line 1129, in get_code
  File "<frozen importlib._bootstrap_external>", line 1059, in source_to_code
  File "<frozen importlib._bootstrap>", line 488, in _call_with_frames_removed
  File "/opt/airflow/dags/minio_s3_dag.py", line 14
    schedule_interval='@daily'
                      
SyntaxError: invalid syntax. Perhaps you forgot a comma?
[2024-09-03T13:19:12.148+0000] {processor.py:927} WARNING - No viable dags retrieved from /opt/airflow/dags/minio_s3_dag.py
[2024-09-03T13:19:12.186+0000] {processor.py:208} INFO - Processing /opt/airflow/dags/minio_s3_dag.py took 0.070 seconds
[2024-09-03T13:19:42.269+0000] {processor.py:186} INFO - Started process (PID=4957) to work on /opt/airflow/dags/minio_s3_dag.py
[2024-09-03T13:19:42.272+0000] {processor.py:914} INFO - Processing file /opt/airflow/dags/minio_s3_dag.py for tasks to queue
[2024-09-03T13:19:42.275+0000] {logging_mixin.py:190} INFO - [2024-09-03T13:19:42.275+0000] {dagbag.py:587} INFO - Filling up the DagBag from /opt/airflow/dags/minio_s3_dag.py
[2024-09-03T13:19:42.296+0000] {logging_mixin.py:190} INFO - [2024-09-03T13:19:42.294+0000] {dagbag.py:386} ERROR - Failed to import: /opt/airflow/dags/minio_s3_dag.py
Traceback (most recent call last):
  File "/home/airflow/.local/lib/python3.12/site-packages/airflow/models/dagbag.py", line 382, in parse
    loader.exec_module(new_module)
  File "<frozen importlib._bootstrap_external>", line 991, in exec_module
  File "<frozen importlib._bootstrap_external>", line 1129, in get_code
  File "<frozen importlib._bootstrap_external>", line 1059, in source_to_code
  File "<frozen importlib._bootstrap>", line 488, in _call_with_frames_removed
  File "/opt/airflow/dags/minio_s3_dag.py", line 14
    schedule_interval='@daily'
                      
SyntaxError: invalid syntax. Perhaps you forgot a comma?
[2024-09-03T13:19:42.297+0000] {processor.py:927} WARNING - No viable dags retrieved from /opt/airflow/dags/minio_s3_dag.py
[2024-09-03T13:19:42.328+0000] {processor.py:208} INFO - Processing /opt/airflow/dags/minio_s3_dag.py took 0.068 seconds
[2024-09-03T13:20:12.477+0000] {processor.py:186} INFO - Started process (PID=5003) to work on /opt/airflow/dags/minio_s3_dag.py
[2024-09-03T13:20:12.479+0000] {processor.py:914} INFO - Processing file /opt/airflow/dags/minio_s3_dag.py for tasks to queue
[2024-09-03T13:20:12.483+0000] {logging_mixin.py:190} INFO - [2024-09-03T13:20:12.481+0000] {dagbag.py:587} INFO - Filling up the DagBag from /opt/airflow/dags/minio_s3_dag.py
[2024-09-03T13:20:12.503+0000] {logging_mixin.py:190} INFO - [2024-09-03T13:20:12.501+0000] {dagbag.py:386} ERROR - Failed to import: /opt/airflow/dags/minio_s3_dag.py
Traceback (most recent call last):
  File "/home/airflow/.local/lib/python3.12/site-packages/airflow/models/dagbag.py", line 382, in parse
    loader.exec_module(new_module)
  File "<frozen importlib._bootstrap_external>", line 991, in exec_module
  File "<frozen importlib._bootstrap_external>", line 1129, in get_code
  File "<frozen importlib._bootstrap_external>", line 1059, in source_to_code
  File "<frozen importlib._bootstrap>", line 488, in _call_with_frames_removed
  File "/opt/airflow/dags/minio_s3_dag.py", line 14
    schedule_interval='@daily'
                      
SyntaxError: invalid syntax. Perhaps you forgot a comma?
[2024-09-03T13:20:12.504+0000] {processor.py:927} WARNING - No viable dags retrieved from /opt/airflow/dags/minio_s3_dag.py
[2024-09-03T13:20:12.544+0000] {processor.py:208} INFO - Processing /opt/airflow/dags/minio_s3_dag.py took 0.075 seconds
[2024-09-03T13:20:42.955+0000] {processor.py:186} INFO - Started process (PID=5049) to work on /opt/airflow/dags/minio_s3_dag.py
[2024-09-03T13:20:42.957+0000] {processor.py:914} INFO - Processing file /opt/airflow/dags/minio_s3_dag.py for tasks to queue
[2024-09-03T13:20:42.962+0000] {logging_mixin.py:190} INFO - [2024-09-03T13:20:42.961+0000] {dagbag.py:587} INFO - Filling up the DagBag from /opt/airflow/dags/minio_s3_dag.py
[2024-09-03T13:20:42.980+0000] {logging_mixin.py:190} INFO - [2024-09-03T13:20:42.978+0000] {dagbag.py:386} ERROR - Failed to import: /opt/airflow/dags/minio_s3_dag.py
Traceback (most recent call last):
  File "/home/airflow/.local/lib/python3.12/site-packages/airflow/models/dagbag.py", line 382, in parse
    loader.exec_module(new_module)
  File "<frozen importlib._bootstrap_external>", line 991, in exec_module
  File "<frozen importlib._bootstrap_external>", line 1129, in get_code
  File "<frozen importlib._bootstrap_external>", line 1059, in source_to_code
  File "<frozen importlib._bootstrap>", line 488, in _call_with_frames_removed
  File "/opt/airflow/dags/minio_s3_dag.py", line 14
    schedule_interval='@daily'
                      
SyntaxError: invalid syntax. Perhaps you forgot a comma?
[2024-09-03T13:20:42.980+0000] {processor.py:927} WARNING - No viable dags retrieved from /opt/airflow/dags/minio_s3_dag.py
[2024-09-03T13:20:43.021+0000] {processor.py:208} INFO - Processing /opt/airflow/dags/minio_s3_dag.py took 0.075 seconds
[2024-09-03T13:21:13.296+0000] {processor.py:186} INFO - Started process (PID=5095) to work on /opt/airflow/dags/minio_s3_dag.py
[2024-09-03T13:21:13.297+0000] {processor.py:914} INFO - Processing file /opt/airflow/dags/minio_s3_dag.py for tasks to queue
[2024-09-03T13:21:13.301+0000] {logging_mixin.py:190} INFO - [2024-09-03T13:21:13.300+0000] {dagbag.py:587} INFO - Filling up the DagBag from /opt/airflow/dags/minio_s3_dag.py
[2024-09-03T13:21:13.317+0000] {logging_mixin.py:190} INFO - [2024-09-03T13:21:13.316+0000] {dagbag.py:386} ERROR - Failed to import: /opt/airflow/dags/minio_s3_dag.py
Traceback (most recent call last):
  File "/home/airflow/.local/lib/python3.12/site-packages/airflow/models/dagbag.py", line 382, in parse
    loader.exec_module(new_module)
  File "<frozen importlib._bootstrap_external>", line 991, in exec_module
  File "<frozen importlib._bootstrap_external>", line 1129, in get_code
  File "<frozen importlib._bootstrap_external>", line 1059, in source_to_code
  File "<frozen importlib._bootstrap>", line 488, in _call_with_frames_removed
  File "/opt/airflow/dags/minio_s3_dag.py", line 14
    schedule_interval='@daily'
                      
SyntaxError: invalid syntax. Perhaps you forgot a comma?
[2024-09-03T13:21:13.319+0000] {processor.py:927} WARNING - No viable dags retrieved from /opt/airflow/dags/minio_s3_dag.py
[2024-09-03T13:21:13.347+0000] {processor.py:208} INFO - Processing /opt/airflow/dags/minio_s3_dag.py took 0.060 seconds
[2024-09-03T19:47:25.117+0000] {processor.py:186} INFO - Started process (PID=5141) to work on /opt/airflow/dags/minio_s3_dag.py
[2024-09-03T19:47:25.120+0000] {processor.py:914} INFO - Processing file /opt/airflow/dags/minio_s3_dag.py for tasks to queue
[2024-09-03T19:47:25.122+0000] {logging_mixin.py:190} INFO - [2024-09-03T19:47:25.122+0000] {dagbag.py:587} INFO - Filling up the DagBag from /opt/airflow/dags/minio_s3_dag.py
[2024-09-03T19:47:25.136+0000] {logging_mixin.py:190} INFO - [2024-09-03T19:47:25.135+0000] {dagbag.py:386} ERROR - Failed to import: /opt/airflow/dags/minio_s3_dag.py
Traceback (most recent call last):
  File "/home/airflow/.local/lib/python3.12/site-packages/airflow/models/dagbag.py", line 382, in parse
    loader.exec_module(new_module)
  File "<frozen importlib._bootstrap_external>", line 991, in exec_module
  File "<frozen importlib._bootstrap_external>", line 1129, in get_code
  File "<frozen importlib._bootstrap_external>", line 1059, in source_to_code
  File "<frozen importlib._bootstrap>", line 488, in _call_with_frames_removed
  File "/opt/airflow/dags/minio_s3_dag.py", line 14
    schedule_interval='@daily'
                      
SyntaxError: invalid syntax. Perhaps you forgot a comma?
[2024-09-03T19:47:25.137+0000] {processor.py:927} WARNING - No viable dags retrieved from /opt/airflow/dags/minio_s3_dag.py
[2024-09-03T19:47:25.160+0000] {processor.py:208} INFO - Processing /opt/airflow/dags/minio_s3_dag.py took 0.049 seconds
