[2024-08-30T07:28:33.372+0000] {local_task_job_runner.py:123} INFO - ::group::Pre task execution logs
[2024-08-30T07:28:33.390+0000] {taskinstance.py:2603} INFO - Dependencies all met for dep_context=non-requeueable deps ti=<TaskInstance: my_first_dag_v3.third_task manual__2024-08-30T07:28:31.765416+00:00 [queued]>
[2024-08-30T07:28:33.399+0000] {taskinstance.py:2603} INFO - Dependencies all met for dep_context=requeueable deps ti=<TaskInstance: my_first_dag_v3.third_task manual__2024-08-30T07:28:31.765416+00:00 [queued]>
[2024-08-30T07:28:33.400+0000] {taskinstance.py:2856} INFO - Starting attempt 1 of 6
[2024-08-30T07:28:33.416+0000] {taskinstance.py:2879} INFO - Executing <Task(BashOperator): third_task> on 2024-08-30 07:28:31.765416+00:00
[2024-08-30T07:28:33.425+0000] {logging_mixin.py:190} WARNING - /home/***/.local/lib/python3.12/site-packages/***/task/task_runner/standard_task_runner.py:70 DeprecationWarning: This process (pid=2183) is multi-threaded, use of fork() may lead to deadlocks in the child.
[2024-08-30T07:28:33.424+0000] {standard_task_runner.py:104} INFO - Running: ['***', 'tasks', 'run', 'my_first_dag_v3', 'third_task', 'manual__2024-08-30T07:28:31.765416+00:00', '--job-id', '8', '--raw', '--subdir', 'DAGS_FOLDER/my_first_dag.py', '--cfg-path', '/tmp/tmpj_5exest']
[2024-08-30T07:28:33.426+0000] {standard_task_runner.py:72} INFO - Started process 2184 to run task
[2024-08-30T07:28:33.426+0000] {standard_task_runner.py:105} INFO - Job 8: Subtask third_task
[2024-08-30T07:28:33.477+0000] {task_command.py:467} INFO - Running <TaskInstance: my_first_dag_v3.third_task manual__2024-08-30T07:28:31.765416+00:00 [running]> on host efc48c282cbe
[2024-08-30T07:28:33.555+0000] {taskinstance.py:3122} INFO - Exporting env vars: AIRFLOW_CTX_DAG_OWNER='ubeyd' AIRFLOW_CTX_DAG_ID='my_first_dag_v3' AIRFLOW_CTX_TASK_ID='third_task' AIRFLOW_CTX_EXECUTION_DATE='2024-08-30T07:28:31.765416+00:00' AIRFLOW_CTX_TRY_NUMBER='1' AIRFLOW_CTX_DAG_RUN_ID='manual__2024-08-30T07:28:31.765416+00:00'
[2024-08-30T07:28:33.556+0000] {taskinstance.py:731} INFO - ::endgroup::
[2024-08-30T07:28:33.570+0000] {subprocess.py:63} INFO - Tmp dir root location: /tmp
[2024-08-30T07:28:33.571+0000] {subprocess.py:75} INFO - Running command: ['/usr/bin/bash', '-c', 'echo hey, I am task3 and will be running after task1 at the same time as task2']
[2024-08-30T07:28:33.582+0000] {subprocess.py:86} INFO - Output:
[2024-08-30T07:28:33.583+0000] {subprocess.py:93} INFO - hey, I am task3 and will be running after task1 at the same time as task2
[2024-08-30T07:28:33.584+0000] {subprocess.py:97} INFO - Command exited with return code 0
[2024-08-30T07:28:33.611+0000] {taskinstance.py:340} INFO - ::group::Post task execution logs
[2024-08-30T07:28:33.612+0000] {taskinstance.py:352} INFO - Marking task as SUCCESS. dag_id=my_first_dag_v3, task_id=third_task, run_id=manual__2024-08-30T07:28:31.765416+00:00, execution_date=20240830T072831, start_date=20240830T072833, end_date=20240830T072833
[2024-08-30T07:28:33.641+0000] {local_task_job_runner.py:261} INFO - Task exited with return code 0
[2024-08-30T07:28:33.661+0000] {taskinstance.py:3891} INFO - 0 downstream tasks scheduled from follow-on schedule check
[2024-08-30T07:28:33.664+0000] {local_task_job_runner.py:240} INFO - ::endgroup::
