[2024-09-13T03:55:47.740+0000] {local_task_job_runner.py:123} INFO - ::group::Pre task execution logs
[2024-09-13T03:55:47.796+0000] {taskinstance.py:2603} INFO - Dependencies all met for dep_context=non-requeueable deps ti=<TaskInstance: dag_with_postgres_operator_v3.delete_data_from_table scheduled__2024-09-12T00:00:00+00:00 [queued]>
[2024-09-13T03:55:47.860+0000] {taskinstance.py:2603} INFO - Dependencies all met for dep_context=requeueable deps ti=<TaskInstance: dag_with_postgres_operator_v3.delete_data_from_table scheduled__2024-09-12T00:00:00+00:00 [queued]>
[2024-09-13T03:55:47.861+0000] {taskinstance.py:2856} INFO - Starting attempt 1 of 6
[2024-09-13T03:55:47.910+0000] {taskinstance.py:2879} INFO - Executing <Task(PostgresOperator): delete_data_from_table> on 2024-09-12 00:00:00+00:00
[2024-09-13T03:55:47.941+0000] {standard_task_runner.py:104} INFO - Running: ['***', 'tasks', 'run', 'dag_with_postgres_operator_v3', 'delete_data_from_table', 'scheduled__2024-09-12T00:00:00+00:00', '--job-id', '562', '--raw', '--subdir', 'DAGS_FOLDER/postgres_operator_dag.py', '--cfg-path', '/tmp/tmpj3m5syqn']
[2024-09-13T03:55:47.947+0000] {logging_mixin.py:190} WARNING - /home/***/.local/lib/python3.12/site-packages/***/task/task_runner/standard_task_runner.py:70 DeprecationWarning: This process (pid=506) is multi-threaded, use of fork() may lead to deadlocks in the child.
[2024-09-13T03:55:47.969+0000] {standard_task_runner.py:72} INFO - Started process 517 to run task
[2024-09-13T03:55:47.968+0000] {standard_task_runner.py:105} INFO - Job 562: Subtask delete_data_from_table
[2024-09-13T03:55:48.113+0000] {task_command.py:467} INFO - Running <TaskInstance: dag_with_postgres_operator_v3.delete_data_from_table scheduled__2024-09-12T00:00:00+00:00 [running]> on host 01a3c7586b71
[2024-09-13T03:55:48.317+0000] {taskinstance.py:3122} INFO - Exporting env vars: AIRFLOW_CTX_DAG_OWNER='ubeyd' AIRFLOW_CTX_DAG_ID='dag_with_postgres_operator_v3' AIRFLOW_CTX_TASK_ID='delete_data_from_table' AIRFLOW_CTX_EXECUTION_DATE='2024-09-12T00:00:00+00:00' AIRFLOW_CTX_TRY_NUMBER='1' AIRFLOW_CTX_DAG_RUN_ID='scheduled__2024-09-12T00:00:00+00:00'
[2024-09-13T03:55:48.329+0000] {taskinstance.py:731} INFO - ::endgroup::
[2024-09-13T03:55:48.368+0000] {sql.py:282} INFO - Executing: 
            delete from dag_runs where dt = '2024-09-12' and dag_id = 'dag_with_postgres_operator_v3'
        
[2024-09-13T03:55:48.390+0000] {base.py:84} INFO - Retrieving connection 'postgres_localhost'
[2024-09-13T03:55:48.405+0000] {base.py:84} INFO - Retrieving connection 'postgres_localhost'
[2024-09-13T03:55:48.425+0000] {sql.py:509} INFO - Running statement: 
            delete from dag_runs where dt = '2024-09-12' and dag_id = 'dag_with_postgres_operator_v3'
        , parameters: None
[2024-09-13T03:55:48.430+0000] {sql.py:518} INFO - Rows affected: 0
[2024-09-13T03:55:48.446+0000] {taskinstance.py:340} INFO - ::group::Post task execution logs
[2024-09-13T03:55:48.447+0000] {taskinstance.py:352} INFO - Marking task as SUCCESS. dag_id=dag_with_postgres_operator_v3, task_id=delete_data_from_table, run_id=scheduled__2024-09-12T00:00:00+00:00, execution_date=20240912T000000, start_date=20240913T035547, end_date=20240913T035548
[2024-09-13T03:55:48.486+0000] {local_task_job_runner.py:261} INFO - Task exited with return code 0
[2024-09-13T03:55:48.504+0000] {logging_mixin.py:190} WARNING - /home/***/.local/lib/python3.12/site-packages/***/models/baseoperator.py:1378 AirflowProviderDeprecationWarning: Call to deprecated class PostgresOperator. (Please use `***.providers.common.sql.operators.sql.SQLExecuteQueryOperator`.Also, you can provide `hook_params={'schema': <database>}`.)
[2024-09-13T03:55:48.528+0000] {taskinstance.py:3891} INFO - 1 downstream tasks scheduled from follow-on schedule check
[2024-09-13T03:55:48.532+0000] {local_task_job_runner.py:240} INFO - ::endgroup::
