[2024-09-03T06:23:37.780+0000] {local_task_job_runner.py:123} INFO - ::group::Pre task execution logs
[2024-09-03T06:23:37.797+0000] {taskinstance.py:2603} INFO - Dependencies all met for dep_context=non-requeueable deps ti=<TaskInstance: dag_with_postgres_operator_v1.create_postgres_table manual__2024-09-03T06:20:05.985390+00:00 [queued]>
[2024-09-03T06:23:37.805+0000] {taskinstance.py:2603} INFO - Dependencies all met for dep_context=requeueable deps ti=<TaskInstance: dag_with_postgres_operator_v1.create_postgres_table manual__2024-09-03T06:20:05.985390+00:00 [queued]>
[2024-09-03T06:23:37.806+0000] {taskinstance.py:2856} INFO - Starting attempt 2 of 7
[2024-09-03T06:23:37.821+0000] {taskinstance.py:2879} INFO - Executing <Task(PostgresOperator): create_postgres_table> on 2024-09-03 06:20:05.985390+00:00
[2024-09-03T06:23:37.830+0000] {standard_task_runner.py:104} INFO - Running: ['***', 'tasks', 'run', 'dag_with_postgres_operator_v1', 'create_postgres_table', 'manual__2024-09-03T06:20:05.985390+00:00', '--job-id', '453', '--raw', '--subdir', 'DAGS_FOLDER/postgres_operator_dag.py', '--cfg-path', '/tmp/tmpbvfdt4od']
[2024-09-03T06:23:37.831+0000] {logging_mixin.py:190} WARNING - /home/***/.local/lib/python3.12/site-packages/***/task/task_runner/standard_task_runner.py:70 DeprecationWarning: This process (pid=22278) is multi-threaded, use of fork() may lead to deadlocks in the child.
[2024-09-03T06:23:37.832+0000] {standard_task_runner.py:105} INFO - Job 453: Subtask create_postgres_table
[2024-09-03T06:23:37.832+0000] {standard_task_runner.py:72} INFO - Started process 22279 to run task
[2024-09-03T06:23:37.875+0000] {task_command.py:467} INFO - Running <TaskInstance: dag_with_postgres_operator_v1.create_postgres_table manual__2024-09-03T06:20:05.985390+00:00 [running]> on host efc48c282cbe
[2024-09-03T06:23:37.952+0000] {taskinstance.py:3122} INFO - Exporting env vars: AIRFLOW_CTX_DAG_OWNER='ubeyd' AIRFLOW_CTX_DAG_ID='dag_with_postgres_operator_v1' AIRFLOW_CTX_TASK_ID='create_postgres_table' AIRFLOW_CTX_EXECUTION_DATE='2024-09-03T06:20:05.985390+00:00' AIRFLOW_CTX_TRY_NUMBER='2' AIRFLOW_CTX_DAG_RUN_ID='manual__2024-09-03T06:20:05.985390+00:00'
[2024-09-03T06:23:37.953+0000] {taskinstance.py:731} INFO - ::endgroup::
[2024-09-03T06:23:37.966+0000] {sql.py:282} INFO - Executing: 
            create table if not exists dag_runs (
                dt date,
                dag_id character varying,
                primary key (dt, dag_id)
            )
        
[2024-09-03T06:23:37.974+0000] {base.py:84} INFO - Retrieving connection 'postgres_localhost'
[2024-09-03T06:23:37.982+0000] {base.py:84} INFO - Retrieving connection 'postgres_localhost'
[2024-09-03T06:23:37.992+0000] {sql.py:509} INFO - Running statement: 
            create table if not exists dag_runs (
                dt date,
                dag_id character varying,
                primary key (dt, dag_id)
            )
        , parameters: None
[2024-09-03T06:23:38.004+0000] {taskinstance.py:340} INFO - ::group::Post task execution logs
[2024-09-03T06:23:38.004+0000] {taskinstance.py:352} INFO - Marking task as SUCCESS. dag_id=dag_with_postgres_operator_v1, task_id=create_postgres_table, run_id=manual__2024-09-03T06:20:05.985390+00:00, execution_date=20240903T062005, start_date=20240903T062337, end_date=20240903T062338
[2024-09-03T06:23:38.047+0000] {local_task_job_runner.py:261} INFO - Task exited with return code 0
[2024-09-03T06:23:38.062+0000] {taskinstance.py:3891} INFO - 0 downstream tasks scheduled from follow-on schedule check
[2024-09-03T06:23:38.066+0000] {local_task_job_runner.py:240} INFO - ::endgroup::
