[2024-08-30T02:44:26.466+0000] {local_task_job_runner.py:123} INFO - ::group::Pre task execution logs
[2024-08-30T02:44:26.482+0000] {taskinstance.py:2603} INFO - Dependencies all met for dep_context=non-requeueable deps ti=<TaskInstance: example_bash_operator.runme_2 scheduled__2024-08-29T00:00:00+00:00 [queued]>
[2024-08-30T02:44:26.489+0000] {taskinstance.py:2603} INFO - Dependencies all met for dep_context=requeueable deps ti=<TaskInstance: example_bash_operator.runme_2 scheduled__2024-08-29T00:00:00+00:00 [queued]>
[2024-08-30T02:44:26.490+0000] {taskinstance.py:2856} INFO - Starting attempt 1 of 1
[2024-08-30T02:44:26.507+0000] {taskinstance.py:2879} INFO - Executing <Task(BashOperator): runme_2> on 2024-08-29 00:00:00+00:00
[2024-08-30T02:44:26.520+0000] {logging_mixin.py:190} WARNING - /home/***/.local/lib/python3.12/site-packages/***/task/task_runner/standard_task_runner.py:70 DeprecationWarning: This process (pid=177) is multi-threaded, use of fork() may lead to deadlocks in the child.
[2024-08-30T02:44:26.520+0000] {standard_task_runner.py:104} INFO - Running: ['***', 'tasks', 'run', 'example_bash_operator', 'runme_2', 'scheduled__2024-08-29T00:00:00+00:00', '--job-id', '17', '--raw', '--subdir', '/home/***/.local/lib/python3.12/site-packages/***/example_dags/example_bash_operator.py', '--cfg-path', '/tmp/tmpnxdhumpd']
[2024-08-30T02:44:26.522+0000] {standard_task_runner.py:72} INFO - Started process 216 to run task
[2024-08-30T02:44:26.522+0000] {standard_task_runner.py:105} INFO - Job 17: Subtask runme_2
[2024-08-30T02:44:26.582+0000] {task_command.py:467} INFO - Running <TaskInstance: example_bash_operator.runme_2 scheduled__2024-08-29T00:00:00+00:00 [running]> on host 3c7bc7321ad5
[2024-08-30T02:44:26.701+0000] {taskinstance.py:3122} INFO - Exporting env vars: AIRFLOW_CTX_DAG_OWNER='***' AIRFLOW_CTX_DAG_ID='example_bash_operator' AIRFLOW_CTX_TASK_ID='runme_2' AIRFLOW_CTX_EXECUTION_DATE='2024-08-29T00:00:00+00:00' AIRFLOW_CTX_TRY_NUMBER='1' AIRFLOW_CTX_DAG_RUN_ID='scheduled__2024-08-29T00:00:00+00:00'
[2024-08-30T02:44:26.703+0000] {logging_mixin.py:190} INFO - Task instance is in running state
[2024-08-30T02:44:26.703+0000] {logging_mixin.py:190} INFO -  Previous state of the Task instance: queued
[2024-08-30T02:44:26.704+0000] {logging_mixin.py:190} INFO - Current task name:runme_2 state:running start_date:2024-08-30 02:44:26.483159+00:00
[2024-08-30T02:44:26.704+0000] {logging_mixin.py:190} INFO - Dag name:example_bash_operator and current dag run status:running
[2024-08-30T02:44:26.705+0000] {taskinstance.py:731} INFO - ::endgroup::
[2024-08-30T02:44:26.706+0000] {subprocess.py:63} INFO - Tmp dir root location: /tmp
[2024-08-30T02:44:26.707+0000] {subprocess.py:75} INFO - Running command: ['/usr/bin/bash', '-c', 'echo "example_bash_operator__runme_2__20240829" && sleep 1']
[2024-08-30T02:44:26.723+0000] {subprocess.py:86} INFO - Output:
[2024-08-30T02:44:26.725+0000] {subprocess.py:93} INFO - example_bash_operator__runme_2__20240829
[2024-08-30T02:44:27.729+0000] {subprocess.py:97} INFO - Command exited with return code 0
[2024-08-30T02:44:27.752+0000] {taskinstance.py:340} INFO - ::group::Post task execution logs
[2024-08-30T02:44:27.753+0000] {taskinstance.py:352} INFO - Marking task as SUCCESS. dag_id=example_bash_operator, task_id=runme_2, run_id=scheduled__2024-08-29T00:00:00+00:00, execution_date=20240829T000000, start_date=20240830T024426, end_date=20240830T024427
[2024-08-30T02:44:27.764+0000] {logging_mixin.py:190} INFO - Task instance in success state
[2024-08-30T02:44:27.765+0000] {logging_mixin.py:190} INFO -  Previous state of the Task instance: running
[2024-08-30T02:44:27.766+0000] {logging_mixin.py:190} INFO - Dag name:example_bash_operator queued_at:2024-08-30 02:44:25.734742+00:00
[2024-08-30T02:44:27.766+0000] {logging_mixin.py:190} INFO - Task hostname:3c7bc7321ad5 operator:BashOperator
[2024-08-30T02:44:27.789+0000] {local_task_job_runner.py:261} INFO - Task exited with return code 0
[2024-08-30T02:44:27.811+0000] {taskinstance.py:3891} INFO - 1 downstream tasks scheduled from follow-on schedule check
[2024-08-30T02:44:27.814+0000] {local_task_job_runner.py:240} INFO - ::endgroup::
