[2024-09-02T07:51:59.872+0000] {local_task_job_runner.py:123} INFO - ::group::Pre task execution logs
[2024-09-02T07:51:59.893+0000] {taskinstance.py:2603} INFO - Dependencies all met for dep_context=non-requeueable deps ti=<TaskInstance: dag_with_cron_expression_v2.task1 manual__2024-09-02T07:51:58.804712+00:00 [queued]>
[2024-09-02T07:51:59.901+0000] {taskinstance.py:2603} INFO - Dependencies all met for dep_context=requeueable deps ti=<TaskInstance: dag_with_cron_expression_v2.task1 manual__2024-09-02T07:51:58.804712+00:00 [queued]>
[2024-09-02T07:51:59.902+0000] {taskinstance.py:2856} INFO - Starting attempt 1 of 6
[2024-09-02T07:51:59.916+0000] {taskinstance.py:2879} INFO - Executing <Task(BashOperator): task1> on 2024-09-02 07:51:58.804712+00:00
[2024-09-02T07:51:59.925+0000] {logging_mixin.py:190} WARNING - /home/***/.local/lib/python3.12/site-packages/***/task/task_runner/standard_task_runner.py:70 DeprecationWarning: This process (pid=4573) is multi-threaded, use of fork() may lead to deadlocks in the child.
[2024-09-02T07:51:59.925+0000] {standard_task_runner.py:104} INFO - Running: ['***', 'tasks', 'run', 'dag_with_cron_expression_v2', 'task1', 'manual__2024-09-02T07:51:58.804712+00:00', '--job-id', '443', '--raw', '--subdir', 'DAGS_FOLDER/cron_expression_dag.py', '--cfg-path', '/tmp/tmpacrvf5b5']
[2024-09-02T07:51:59.926+0000] {standard_task_runner.py:72} INFO - Started process 4574 to run task
[2024-09-02T07:51:59.927+0000] {standard_task_runner.py:105} INFO - Job 443: Subtask task1
[2024-09-02T07:51:59.972+0000] {task_command.py:467} INFO - Running <TaskInstance: dag_with_cron_expression_v2.task1 manual__2024-09-02T07:51:58.804712+00:00 [running]> on host efc48c282cbe
[2024-09-02T07:52:00.048+0000] {taskinstance.py:3122} INFO - Exporting env vars: AIRFLOW_CTX_DAG_OWNER='ubeyd' AIRFLOW_CTX_DAG_ID='dag_with_cron_expression_v2' AIRFLOW_CTX_TASK_ID='task1' AIRFLOW_CTX_EXECUTION_DATE='2024-09-02T07:51:58.804712+00:00' AIRFLOW_CTX_TRY_NUMBER='1' AIRFLOW_CTX_DAG_RUN_ID='manual__2024-09-02T07:51:58.804712+00:00'
[2024-09-02T07:52:00.049+0000] {taskinstance.py:731} INFO - ::endgroup::
[2024-09-02T07:52:00.063+0000] {subprocess.py:63} INFO - Tmp dir root location: /tmp
[2024-09-02T07:52:00.064+0000] {subprocess.py:75} INFO - Running command: ['/usr/bin/bash', '-c', 'echo dag with cron expression!']
[2024-09-02T07:52:00.075+0000] {subprocess.py:86} INFO - Output:
[2024-09-02T07:52:00.077+0000] {subprocess.py:93} INFO - dag with cron expression!
[2024-09-02T07:52:00.077+0000] {subprocess.py:97} INFO - Command exited with return code 0
[2024-09-02T07:52:00.102+0000] {taskinstance.py:340} INFO - ::group::Post task execution logs
[2024-09-02T07:52:00.103+0000] {taskinstance.py:352} INFO - Marking task as SUCCESS. dag_id=dag_with_cron_expression_v2, task_id=task1, run_id=manual__2024-09-02T07:51:58.804712+00:00, execution_date=20240902T075158, start_date=20240902T075159, end_date=20240902T075200
[2024-09-02T07:52:00.142+0000] {local_task_job_runner.py:261} INFO - Task exited with return code 0
[2024-09-02T07:52:00.159+0000] {taskinstance.py:3891} INFO - 0 downstream tasks scheduled from follow-on schedule check
[2024-09-02T07:52:00.163+0000] {local_task_job_runner.py:240} INFO - ::endgroup::
