[2024-08-29T01:49:53.557+0000] {local_task_job_runner.py:123} INFO - ::group::Pre task execution logs
[2024-08-29T01:49:53.625+0000] {taskinstance.py:2603} INFO - Dependencies all met for dep_context=non-requeueable deps ti=<TaskInstance: example_bash_operator.runme_1 scheduled__2024-08-28T00:00:00+00:00 [queued]>
[2024-08-29T01:49:53.649+0000] {taskinstance.py:2603} INFO - Dependencies all met for dep_context=requeueable deps ti=<TaskInstance: example_bash_operator.runme_1 scheduled__2024-08-28T00:00:00+00:00 [queued]>
[2024-08-29T01:49:53.651+0000] {taskinstance.py:2856} INFO - Starting attempt 1 of 1
[2024-08-29T01:49:53.708+0000] {taskinstance.py:2879} INFO - Executing <Task(BashOperator): runme_1> on 2024-08-28 00:00:00+00:00
[2024-08-29T01:49:53.732+0000] {standard_task_runner.py:104} INFO - Running: ['***', 'tasks', 'run', 'example_bash_operator', 'runme_1', 'scheduled__2024-08-28T00:00:00+00:00', '--job-id', '5', '--raw', '--subdir', '/home/***/.local/lib/python3.12/site-packages/***/example_dags/example_bash_operator.py', '--cfg-path', '/tmp/tmp_gqzrvme']
[2024-08-29T01:49:53.735+0000] {standard_task_runner.py:105} INFO - Job 5: Subtask runme_1
[2024-08-29T01:49:53.734+0000] {logging_mixin.py:190} WARNING - /home/***/.local/lib/python3.12/site-packages/***/task/task_runner/standard_task_runner.py:70 DeprecationWarning: This process (pid=2352) is multi-threaded, use of fork() may lead to deadlocks in the child.
[2024-08-29T01:49:53.738+0000] {standard_task_runner.py:72} INFO - Started process 2403 to run task
[2024-08-29T01:49:53.875+0000] {task_command.py:467} INFO - Running <TaskInstance: example_bash_operator.runme_1 scheduled__2024-08-28T00:00:00+00:00 [running]> on host 3c7bc7321ad5
[2024-08-29T01:49:54.088+0000] {taskinstance.py:3122} INFO - Exporting env vars: AIRFLOW_CTX_DAG_OWNER='***' AIRFLOW_CTX_DAG_ID='example_bash_operator' AIRFLOW_CTX_TASK_ID='runme_1' AIRFLOW_CTX_EXECUTION_DATE='2024-08-28T00:00:00+00:00' AIRFLOW_CTX_TRY_NUMBER='1' AIRFLOW_CTX_DAG_RUN_ID='scheduled__2024-08-28T00:00:00+00:00'
[2024-08-29T01:49:54.091+0000] {logging_mixin.py:190} INFO - Task instance is in running state
[2024-08-29T01:49:54.093+0000] {logging_mixin.py:190} INFO -  Previous state of the Task instance: queued
[2024-08-29T01:49:54.094+0000] {logging_mixin.py:190} INFO - Current task name:runme_1 state:running start_date:2024-08-29 01:49:53.627017+00:00
[2024-08-29T01:49:54.095+0000] {logging_mixin.py:190} INFO - Dag name:example_bash_operator and current dag run status:running
[2024-08-29T01:49:54.096+0000] {taskinstance.py:731} INFO - ::endgroup::
[2024-08-29T01:49:54.099+0000] {subprocess.py:63} INFO - Tmp dir root location: /tmp
[2024-08-29T01:49:54.103+0000] {subprocess.py:75} INFO - Running command: ['/usr/bin/bash', '-c', 'echo "example_bash_operator__runme_1__20240828" && sleep 1']
[2024-08-29T01:49:54.137+0000] {subprocess.py:86} INFO - Output:
[2024-08-29T01:49:54.142+0000] {subprocess.py:93} INFO - example_bash_operator__runme_1__20240828
[2024-08-29T01:49:55.152+0000] {subprocess.py:97} INFO - Command exited with return code 0
[2024-08-29T01:49:55.179+0000] {taskinstance.py:340} INFO - ::group::Post task execution logs
[2024-08-29T01:49:55.180+0000] {taskinstance.py:352} INFO - Marking task as SUCCESS. dag_id=example_bash_operator, task_id=runme_1, run_id=scheduled__2024-08-28T00:00:00+00:00, execution_date=20240828T000000, start_date=20240829T014953, end_date=20240829T014955
[2024-08-29T01:49:55.191+0000] {logging_mixin.py:190} INFO - Task instance in success state
[2024-08-29T01:49:55.191+0000] {logging_mixin.py:190} INFO -  Previous state of the Task instance: running
[2024-08-29T01:49:55.192+0000] {logging_mixin.py:190} INFO - Dag name:example_bash_operator queued_at:2024-08-29 01:49:51.599956+00:00
[2024-08-29T01:49:55.192+0000] {logging_mixin.py:190} INFO - Task hostname:3c7bc7321ad5 operator:BashOperator
[2024-08-29T01:49:55.205+0000] {local_task_job_runner.py:261} INFO - Task exited with return code 0
[2024-08-29T01:49:55.228+0000] {taskinstance.py:3891} INFO - 0 downstream tasks scheduled from follow-on schedule check
[2024-08-29T01:49:55.233+0000] {local_task_job_runner.py:240} INFO - ::endgroup::
