[2024-09-03T06:23:32.704+0000] {local_task_job_runner.py:123} INFO - ::group::Pre task execution logs
[2024-09-03T06:23:32.724+0000] {taskinstance.py:2603} INFO - Dependencies all met for dep_context=non-requeueable deps ti=<TaskInstance: dag_with_postgres_operator_v1.create_postgres_table scheduled__2024-09-02T00:00:00+00:00 [queued]>
[2024-09-03T06:23:32.732+0000] {taskinstance.py:2603} INFO - Dependencies all met for dep_context=requeueable deps ti=<TaskInstance: dag_with_postgres_operator_v1.create_postgres_table scheduled__2024-09-02T00:00:00+00:00 [queued]>
[2024-09-03T06:23:32.733+0000] {taskinstance.py:2856} INFO - Starting attempt 2 of 7
[2024-09-03T06:23:32.748+0000] {taskinstance.py:2879} INFO - Executing <Task(PostgresOperator): create_postgres_table> on 2024-09-02 00:00:00+00:00
[2024-09-03T06:23:32.758+0000] {logging_mixin.py:190} WARNING - /home/***/.local/lib/python3.12/site-packages/***/task/task_runner/standard_task_runner.py:70 DeprecationWarning: This process (pid=22275) is multi-threaded, use of fork() may lead to deadlocks in the child.
[2024-09-03T06:23:32.757+0000] {standard_task_runner.py:104} INFO - Running: ['***', 'tasks', 'run', 'dag_with_postgres_operator_v1', 'create_postgres_table', 'scheduled__2024-09-02T00:00:00+00:00', '--job-id', '452', '--raw', '--subdir', 'DAGS_FOLDER/postgres_operator_dag.py', '--cfg-path', '/tmp/tmpxcuhmigy']
[2024-09-03T06:23:32.759+0000] {standard_task_runner.py:72} INFO - Started process 22276 to run task
[2024-09-03T06:23:32.759+0000] {standard_task_runner.py:105} INFO - Job 452: Subtask create_postgres_table
[2024-09-03T06:23:32.808+0000] {task_command.py:467} INFO - Running <TaskInstance: dag_with_postgres_operator_v1.create_postgres_table scheduled__2024-09-02T00:00:00+00:00 [running]> on host efc48c282cbe
[2024-09-03T06:23:32.890+0000] {taskinstance.py:3122} INFO - Exporting env vars: AIRFLOW_CTX_DAG_OWNER='ubeyd' AIRFLOW_CTX_DAG_ID='dag_with_postgres_operator_v1' AIRFLOW_CTX_TASK_ID='create_postgres_table' AIRFLOW_CTX_EXECUTION_DATE='2024-09-02T00:00:00+00:00' AIRFLOW_CTX_TRY_NUMBER='2' AIRFLOW_CTX_DAG_RUN_ID='scheduled__2024-09-02T00:00:00+00:00'
[2024-09-03T06:23:32.891+0000] {taskinstance.py:731} INFO - ::endgroup::
[2024-09-03T06:23:32.904+0000] {sql.py:282} INFO - Executing: 
            create table if not exists dag_runs (
                dt date,
                dag_id character varying,
                primary key (dt, dag_id)
            )
        
[2024-09-03T06:23:32.914+0000] {base.py:84} INFO - Retrieving connection 'postgres_localhost'
[2024-09-03T06:23:32.922+0000] {base.py:84} INFO - Retrieving connection 'postgres_localhost'
[2024-09-03T06:23:32.931+0000] {sql.py:509} INFO - Running statement: 
            create table if not exists dag_runs (
                dt date,
                dag_id character varying,
                primary key (dt, dag_id)
            )
        , parameters: None
[2024-09-03T06:23:32.943+0000] {taskinstance.py:340} INFO - ::group::Post task execution logs
[2024-09-03T06:23:32.944+0000] {taskinstance.py:352} INFO - Marking task as SUCCESS. dag_id=dag_with_postgres_operator_v1, task_id=create_postgres_table, run_id=scheduled__2024-09-02T00:00:00+00:00, execution_date=20240902T000000, start_date=20240903T062332, end_date=20240903T062332
[2024-09-03T06:23:32.974+0000] {local_task_job_runner.py:261} INFO - Task exited with return code 0
[2024-09-03T06:23:32.990+0000] {taskinstance.py:3891} INFO - 0 downstream tasks scheduled from follow-on schedule check
[2024-09-03T06:23:32.994+0000] {local_task_job_runner.py:240} INFO - ::endgroup::
