[2024-09-14T14:32:19.894+0000] {local_task_job_runner.py:123} INFO - ::group::Pre task execution logs
[2024-09-14T14:32:19.911+0000] {taskinstance.py:2603} INFO - Dependencies all met for dep_context=non-requeueable deps ti=<TaskInstance: dag_with_postgres_hooks_v3.postgres_to_s3 manual__2024-09-14T14:32:18.093006+00:00 [queued]>
[2024-09-14T14:32:19.919+0000] {taskinstance.py:2603} INFO - Dependencies all met for dep_context=requeueable deps ti=<TaskInstance: dag_with_postgres_hooks_v3.postgres_to_s3 manual__2024-09-14T14:32:18.093006+00:00 [queued]>
[2024-09-14T14:32:19.920+0000] {taskinstance.py:2856} INFO - Starting attempt 1 of 6
[2024-09-14T14:32:19.934+0000] {taskinstance.py:2879} INFO - Executing <Task(PythonOperator): postgres_to_s3> on 2024-09-14 14:32:18.093006+00:00
[2024-09-14T14:32:19.942+0000] {logging_mixin.py:190} WARNING - /home/***/.local/lib/python3.12/site-packages/***/task/task_runner/standard_task_runner.py:70 DeprecationWarning: This process (pid=67911) is multi-threaded, use of fork() may lead to deadlocks in the child.
[2024-09-14T14:32:19.943+0000] {standard_task_runner.py:104} INFO - Running: ['***', 'tasks', 'run', 'dag_with_postgres_hooks_v3', 'postgres_to_s3', 'manual__2024-09-14T14:32:18.093006+00:00', '--job-id', '742', '--raw', '--subdir', 'DAGS_FOLDER/postgres_hooks_dag.py', '--cfg-path', '/tmp/tmp6scgu8_b']
[2024-09-14T14:32:19.943+0000] {standard_task_runner.py:72} INFO - Started process 67912 to run task
[2024-09-14T14:32:19.944+0000] {standard_task_runner.py:105} INFO - Job 742: Subtask postgres_to_s3
[2024-09-14T14:32:19.989+0000] {task_command.py:467} INFO - Running <TaskInstance: dag_with_postgres_hooks_v3.postgres_to_s3 manual__2024-09-14T14:32:18.093006+00:00 [running]> on host 01a3c7586b71
[2024-09-14T14:32:20.057+0000] {taskinstance.py:3122} INFO - Exporting env vars: AIRFLOW_CTX_DAG_OWNER='ubeyd' AIRFLOW_CTX_DAG_ID='dag_with_postgres_hooks_v3' AIRFLOW_CTX_TASK_ID='postgres_to_s3' AIRFLOW_CTX_EXECUTION_DATE='2024-09-14T14:32:18.093006+00:00' AIRFLOW_CTX_TRY_NUMBER='1' AIRFLOW_CTX_DAG_RUN_ID='manual__2024-09-14T14:32:18.093006+00:00'
[2024-09-14T14:32:20.058+0000] {taskinstance.py:731} INFO - ::endgroup::
[2024-09-14T14:32:20.070+0000] {logging_mixin.py:190} WARNING - /home/***/.local/lib/python3.12/site-packages/***/utils/operator_helpers.py:175 AirflowContextDeprecationWarning: Accessing 'next_ds_nodash' from the template is deprecated and will be removed in a future version. Please use '{{ data_interval_end | ds_nodash }}' instead.
[2024-09-14T14:32:20.079+0000] {base.py:84} INFO - Retrieving connection 'postgres_localhost'
[2024-09-14T14:32:20.093+0000] {postgres_hooks_dag.py:31} INFO - Saved orders data in text file get_orders_20240914.txt
[2024-09-14T14:32:20.101+0000] {base.py:84} INFO - Retrieving connection 'minio_conn'
[2024-09-14T14:32:20.102+0000] {connection_wrapper.py:388} INFO - AWS Connection (conn_id='minio_conn', conn_type='aws') credentials retrieved from login and password.
[2024-09-14T14:32:20.103+0000] {logging_mixin.py:190} WARNING - <string>:9 AirflowProviderDeprecationWarning: extra['host'] is deprecated and will be removed in a future release. Please set extra['endpoint_url'] instead
[2024-09-14T14:32:20.559+0000] {python.py:240} INFO - Done. Returned value was: None
[2024-09-14T14:32:20.568+0000] {taskinstance.py:340} INFO - ::group::Post task execution logs
[2024-09-14T14:32:20.569+0000] {taskinstance.py:352} INFO - Marking task as SUCCESS. dag_id=dag_with_postgres_hooks_v3, task_id=postgres_to_s3, run_id=manual__2024-09-14T14:32:18.093006+00:00, execution_date=20240914T143218, start_date=20240914T143219, end_date=20240914T143220
[2024-09-14T14:32:20.600+0000] {local_task_job_runner.py:261} INFO - Task exited with return code 0
[2024-09-14T14:32:20.617+0000] {taskinstance.py:3891} INFO - 0 downstream tasks scheduled from follow-on schedule check
[2024-09-14T14:32:20.620+0000] {local_task_job_runner.py:240} INFO - ::endgroup::
