[2024-09-02T07:08:32.782+0000] {local_task_job_runner.py:123} INFO - ::group::Pre task execution logs
[2024-09-02T07:08:32.801+0000] {taskinstance.py:2603} INFO - Dependencies all met for dep_context=non-requeueable deps ti=<TaskInstance: my_first_dag_v5.first_task manual__2024-09-02T07:08:32.420646+00:00 [queued]>
[2024-09-02T07:08:32.808+0000] {taskinstance.py:2603} INFO - Dependencies all met for dep_context=requeueable deps ti=<TaskInstance: my_first_dag_v5.first_task manual__2024-09-02T07:08:32.420646+00:00 [queued]>
[2024-09-02T07:08:32.809+0000] {taskinstance.py:2856} INFO - Starting attempt 1 of 6
[2024-09-02T07:08:32.826+0000] {taskinstance.py:2879} INFO - Executing <Task(BashOperator): first_task> on 2024-09-02 07:08:32.420646+00:00
[2024-09-02T07:08:32.834+0000] {logging_mixin.py:190} WARNING - /home/***/.local/lib/python3.12/site-packages/***/task/task_runner/standard_task_runner.py:70 DeprecationWarning: This process (pid=2215) is multi-threaded, use of fork() may lead to deadlocks in the child.
[2024-09-02T07:08:32.834+0000] {standard_task_runner.py:72} INFO - Started process 2220 to run task
[2024-09-02T07:08:32.834+0000] {standard_task_runner.py:104} INFO - Running: ['***', 'tasks', 'run', 'my_first_dag_v5', 'first_task', 'manual__2024-09-02T07:08:32.420646+00:00', '--job-id', '384', '--raw', '--subdir', 'DAGS_FOLDER/my_first_dag.py', '--cfg-path', '/tmp/tmpnery0ock']
[2024-09-02T07:08:32.835+0000] {standard_task_runner.py:105} INFO - Job 384: Subtask first_task
[2024-09-02T07:08:32.876+0000] {task_command.py:467} INFO - Running <TaskInstance: my_first_dag_v5.first_task manual__2024-09-02T07:08:32.420646+00:00 [running]> on host efc48c282cbe
[2024-09-02T07:08:32.966+0000] {taskinstance.py:3122} INFO - Exporting env vars: AIRFLOW_CTX_DAG_OWNER='ubeyd' AIRFLOW_CTX_DAG_ID='my_first_dag_v5' AIRFLOW_CTX_TASK_ID='first_task' AIRFLOW_CTX_EXECUTION_DATE='2024-09-02T07:08:32.420646+00:00' AIRFLOW_CTX_TRY_NUMBER='1' AIRFLOW_CTX_DAG_RUN_ID='manual__2024-09-02T07:08:32.420646+00:00'
[2024-09-02T07:08:32.966+0000] {taskinstance.py:731} INFO - ::endgroup::
[2024-09-02T07:08:32.980+0000] {subprocess.py:63} INFO - Tmp dir root location: /tmp
[2024-09-02T07:08:32.981+0000] {subprocess.py:75} INFO - Running command: ['/usr/bin/bash', '-c', 'echo hello world, this is the first task']
[2024-09-02T07:08:32.990+0000] {subprocess.py:86} INFO - Output:
[2024-09-02T07:08:32.992+0000] {subprocess.py:93} INFO - hello world, this is the first task
[2024-09-02T07:08:32.992+0000] {subprocess.py:97} INFO - Command exited with return code 0
[2024-09-02T07:08:33.017+0000] {taskinstance.py:340} INFO - ::group::Post task execution logs
[2024-09-02T07:08:33.018+0000] {taskinstance.py:352} INFO - Marking task as SUCCESS. dag_id=my_first_dag_v5, task_id=first_task, run_id=manual__2024-09-02T07:08:32.420646+00:00, execution_date=20240902T070832, start_date=20240902T070832, end_date=20240902T070833
[2024-09-02T07:08:33.049+0000] {local_task_job_runner.py:261} INFO - Task exited with return code 0
[2024-09-02T07:08:33.069+0000] {taskinstance.py:3891} INFO - 2 downstream tasks scheduled from follow-on schedule check
[2024-09-02T07:08:33.075+0000] {local_task_job_runner.py:240} INFO - ::endgroup::
