[2024-09-03T08:01:01.974+0000] {local_task_job_runner.py:123} INFO - ::group::Pre task execution logs
[2024-09-03T08:01:01.994+0000] {taskinstance.py:2603} INFO - Dependencies all met for dep_context=non-requeueable deps ti=<TaskInstance: dag_with_postgres_operator_v3.create_postgres_table scheduled__2024-09-01T00:00:00+00:00 [queued]>
[2024-09-03T08:01:02.003+0000] {taskinstance.py:2603} INFO - Dependencies all met for dep_context=requeueable deps ti=<TaskInstance: dag_with_postgres_operator_v3.create_postgres_table scheduled__2024-09-01T00:00:00+00:00 [queued]>
[2024-09-03T08:01:02.004+0000] {taskinstance.py:2856} INFO - Starting attempt 1 of 6
[2024-09-03T08:01:02.020+0000] {taskinstance.py:2879} INFO - Executing <Task(PostgresOperator): create_postgres_table> on 2024-09-01 00:00:00+00:00
[2024-09-03T08:01:02.030+0000] {standard_task_runner.py:104} INFO - Running: ['***', 'tasks', 'run', 'dag_with_postgres_operator_v3', 'create_postgres_table', 'scheduled__2024-09-01T00:00:00+00:00', '--job-id', '462', '--raw', '--subdir', 'DAGS_FOLDER/postgres_operator_dag.py', '--cfg-path', '/tmp/tmp0nh1nb62']
[2024-09-03T08:01:02.032+0000] {standard_task_runner.py:105} INFO - Job 462: Subtask create_postgres_table
[2024-09-03T08:01:02.034+0000] {logging_mixin.py:190} WARNING - /home/***/.local/lib/python3.12/site-packages/***/task/task_runner/standard_task_runner.py:70 DeprecationWarning: This process (pid=28880) is multi-threaded, use of fork() may lead to deadlocks in the child.
[2024-09-03T08:01:02.035+0000] {standard_task_runner.py:72} INFO - Started process 28882 to run task
[2024-09-03T08:01:02.078+0000] {task_command.py:467} INFO - Running <TaskInstance: dag_with_postgres_operator_v3.create_postgres_table scheduled__2024-09-01T00:00:00+00:00 [running]> on host efc48c282cbe
[2024-09-03T08:01:02.168+0000] {taskinstance.py:3122} INFO - Exporting env vars: AIRFLOW_CTX_DAG_OWNER='ubeyd' AIRFLOW_CTX_DAG_ID='dag_with_postgres_operator_v3' AIRFLOW_CTX_TASK_ID='create_postgres_table' AIRFLOW_CTX_EXECUTION_DATE='2024-09-01T00:00:00+00:00' AIRFLOW_CTX_TRY_NUMBER='1' AIRFLOW_CTX_DAG_RUN_ID='scheduled__2024-09-01T00:00:00+00:00'
[2024-09-03T08:01:02.169+0000] {taskinstance.py:731} INFO - ::endgroup::
[2024-09-03T08:01:02.190+0000] {sql.py:282} INFO - Executing: 
            create table if not exists dag_runs (
                dt date,
                dag_id character varying,
                primary key (dt, dag_id)
            )
        
[2024-09-03T08:01:02.201+0000] {base.py:84} INFO - Retrieving connection 'postgres_localhost'
[2024-09-03T08:01:02.215+0000] {base.py:84} INFO - Retrieving connection 'postgres_localhost'
[2024-09-03T08:01:02.233+0000] {sql.py:509} INFO - Running statement: 
            create table if not exists dag_runs (
                dt date,
                dag_id character varying,
                primary key (dt, dag_id)
            )
        , parameters: None
[2024-09-03T08:01:02.245+0000] {taskinstance.py:340} INFO - ::group::Post task execution logs
[2024-09-03T08:01:02.246+0000] {taskinstance.py:352} INFO - Marking task as SUCCESS. dag_id=dag_with_postgres_operator_v3, task_id=create_postgres_table, run_id=scheduled__2024-09-01T00:00:00+00:00, execution_date=20240901T000000, start_date=20240903T080101, end_date=20240903T080102
[2024-09-03T08:01:02.292+0000] {local_task_job_runner.py:261} INFO - Task exited with return code 0
[2024-09-03T08:01:02.304+0000] {logging_mixin.py:190} WARNING - /home/***/.local/lib/python3.12/site-packages/***/models/baseoperator.py:1378 AirflowProviderDeprecationWarning: Call to deprecated class PostgresOperator. (Please use `***.providers.common.sql.operators.sql.SQLExecuteQueryOperator`.Also, you can provide `hook_params={'schema': <database>}`.)
[2024-09-03T08:01:02.322+0000] {taskinstance.py:3891} INFO - 1 downstream tasks scheduled from follow-on schedule check
[2024-09-03T08:01:02.328+0000] {local_task_job_runner.py:240} INFO - ::endgroup::
