[2024-09-13T03:55:35.821+0000] {local_task_job_runner.py:123} INFO - ::group::Pre task execution logs
[2024-09-13T03:55:35.845+0000] {taskinstance.py:2603} INFO - Dependencies all met for dep_context=non-requeueable deps ti=<TaskInstance: dag_with_postgres_operator_v3.create_postgres_table scheduled__2024-09-04T00:00:00+00:00 [queued]>
[2024-09-13T03:55:35.855+0000] {taskinstance.py:2603} INFO - Dependencies all met for dep_context=requeueable deps ti=<TaskInstance: dag_with_postgres_operator_v3.create_postgres_table scheduled__2024-09-04T00:00:00+00:00 [queued]>
[2024-09-13T03:55:35.856+0000] {taskinstance.py:2856} INFO - Starting attempt 1 of 6
[2024-09-13T03:55:35.876+0000] {taskinstance.py:2879} INFO - Executing <Task(PostgresOperator): create_postgres_table> on 2024-09-04 00:00:00+00:00
[2024-09-13T03:55:35.888+0000] {standard_task_runner.py:104} INFO - Running: ['***', 'tasks', 'run', 'dag_with_postgres_operator_v3', 'create_postgres_table', 'scheduled__2024-09-04T00:00:00+00:00', '--job-id', '517', '--raw', '--subdir', 'DAGS_FOLDER/postgres_operator_dag.py', '--cfg-path', '/tmp/tmpet8le441']
[2024-09-13T03:55:35.891+0000] {standard_task_runner.py:105} INFO - Job 517: Subtask create_postgres_table
[2024-09-13T03:55:35.888+0000] {logging_mixin.py:190} WARNING - /home/***/.local/lib/python3.12/site-packages/***/task/task_runner/standard_task_runner.py:70 DeprecationWarning: This process (pid=204) is multi-threaded, use of fork() may lead to deadlocks in the child.
[2024-09-13T03:55:35.902+0000] {standard_task_runner.py:72} INFO - Started process 211 to run task
[2024-09-13T03:55:35.994+0000] {task_command.py:467} INFO - Running <TaskInstance: dag_with_postgres_operator_v3.create_postgres_table scheduled__2024-09-04T00:00:00+00:00 [running]> on host 01a3c7586b71
[2024-09-13T03:55:36.143+0000] {taskinstance.py:3122} INFO - Exporting env vars: AIRFLOW_CTX_DAG_OWNER='ubeyd' AIRFLOW_CTX_DAG_ID='dag_with_postgres_operator_v3' AIRFLOW_CTX_TASK_ID='create_postgres_table' AIRFLOW_CTX_EXECUTION_DATE='2024-09-04T00:00:00+00:00' AIRFLOW_CTX_TRY_NUMBER='1' AIRFLOW_CTX_DAG_RUN_ID='scheduled__2024-09-04T00:00:00+00:00'
[2024-09-13T03:55:36.148+0000] {taskinstance.py:731} INFO - ::endgroup::
[2024-09-13T03:55:36.188+0000] {sql.py:282} INFO - Executing: 
            create table if not exists dag_runs (
                dt date,
                dag_id character varying,
                primary key (dt, dag_id)
            )
        
[2024-09-13T03:55:36.214+0000] {base.py:84} INFO - Retrieving connection 'postgres_localhost'
[2024-09-13T03:55:36.233+0000] {base.py:84} INFO - Retrieving connection 'postgres_localhost'
[2024-09-13T03:55:36.329+0000] {sql.py:509} INFO - Running statement: 
            create table if not exists dag_runs (
                dt date,
                dag_id character varying,
                primary key (dt, dag_id)
            )
        , parameters: None
[2024-09-13T03:55:36.368+0000] {taskinstance.py:340} INFO - ::group::Post task execution logs
[2024-09-13T03:55:36.368+0000] {taskinstance.py:352} INFO - Marking task as SUCCESS. dag_id=dag_with_postgres_operator_v3, task_id=create_postgres_table, run_id=scheduled__2024-09-04T00:00:00+00:00, execution_date=20240904T000000, start_date=20240913T035535, end_date=20240913T035536
[2024-09-13T03:55:36.446+0000] {local_task_job_runner.py:261} INFO - Task exited with return code 0
[2024-09-13T03:55:36.479+0000] {logging_mixin.py:190} WARNING - /home/***/.local/lib/python3.12/site-packages/***/models/baseoperator.py:1378 AirflowProviderDeprecationWarning: Call to deprecated class PostgresOperator. (Please use `***.providers.common.sql.operators.sql.SQLExecuteQueryOperator`.Also, you can provide `hook_params={'schema': <database>}`.)
[2024-09-13T03:55:36.529+0000] {taskinstance.py:3891} INFO - 1 downstream tasks scheduled from follow-on schedule check
[2024-09-13T03:55:36.534+0000] {local_task_job_runner.py:240} INFO - ::endgroup::
